  0.356732965       0.00000000       0.00000000    
  1.4000     51.7  1.34517E+02  3.259E+04  1.0553E+02  2.8323E+04  3.8711E+00  5.1117E+00  1.8101E+00  9.6726E+03  2.0397E-08
  1.3000     52.7  1.19947E+02  3.259E+04  1.0553E+02  2.8323E+04  3.8711E+00  5.1117E+00  1.8246E+00  9.2961E+03  2.0048E-08
  1.2000     53.7  1.06228E+02  3.259E+04  1.0553E+02  2.8323E+04  3.8711E+00  5.1117E+00  1.8293E+00  8.9324E+03  1.9714E-08
  1.1000     54.7  9.34390E+01  3.259E+04  1.0553E+02  2.8323E+04  3.8711E+00  5.1117E+00  1.8240E+00  8.5796E+03  1.9394E-08
  1.0000     55.7  8.16094E+01  3.259E+04  1.0553E+02  2.8323E+04  3.8711E+00  5.1117E+00  1.8085E+00  8.2360E+03  1.9085E-08
  0.9000     56.7  7.07593E+01  3.259E+04  1.0553E+02  2.8323E+04  3.8711E+00  5.1117E+00  1.7826E+00  7.8997E+03  1.8783E-08
  0.8000     57.7  5.95488E+01  3.259E+04  1.0553E+02  2.8323E+04  3.8711E+00  5.1117E+00  1.7452E+00  7.5650E+03  1.8530E-08
  0.7000     58.7  4.72963E+01  3.259E+04  1.0553E+02  2.8323E+04  3.8711E+00  5.1117E+00  1.6930E+00  7.2167E+03  1.8348E-08
  0.6000     59.7  3.55312E+01  3.259E+04  1.0553E+02  2.8323E+04  3.8711E+00  5.1117E+00  1.6189E+00  6.8335E+03  1.8165E-08
  0.5000     60.7  2.53232E+01  3.259E+04  1.0553E+02  2.8323E+04  3.8711E+00  5.1117E+00  1.5126E+00  6.3908E+03  1.7895E-08
  0.4000     61.7  1.66860E+01  3.259E+04  1.0553E+02  2.8323E+04  3.8711E+00  5.1117E+00  1.3560E+00  5.8522E+03  1.7462E-08
  0.3000     62.7  1.06870E+01  3.259E+04  1.0553E+02  2.8323E+04  3.8711E+00  5.1117E+00  1.1285E+00  5.1833E+03  1.6622E-08
  0.2000     63.6  6.72239E+00  3.259E+04  1.0553E+02  2.8323E+04  3.8711E+00  5.1117E+00  8.1635E-01  4.3773E+03  1.5272E-08
  0.1000     64.6  4.26104E+00  3.259E+04  1.0553E+02  2.8323E+04  3.8711E+00  5.1117E+00  4.2700E-01  3.4719E+03  1.3410E-08
  0.0000     65.6  2.73744E+00  3.259E+04  1.0553E+02  2.8323E+04  3.8711E+00  5.1117E+00  0.0000E+00  2.5563E+03  1.1247E-08
 -0.1000     66.6  1.80513E+00  3.259E+04  1.0553E+02  2.8323E+04  3.8711E+00  5.1117E+00  4.0199E-01  1.7376E+03  9.0903E-09
 -0.2000     67.6  1.22951E+00  3.259E+04  1.0553E+02  2.8323E+04  3.8711E+00  5.1117E+00  7.2033E-01  1.0910E+03  7.2139E-09
 -0.3000     68.6  8.71155E-01  3.259E+04  1.0553E+02  2.8323E+04  3.8711E+00  5.1117E+00  9.2376E-01  6.3415E+02  5.7441E-09
 -0.4000     69.6  6.52007E-01  3.259E+04  1.0553E+02  2.8323E+04  3.8711E+00  5.1117E+00  1.0154E+00  3.3718E+02  4.6538E-09
 -0.5000     70.6  5.06145E-01  3.259E+04  1.0553E+02  2.8323E+04  3.8711E+00  5.1117E+00  1.0142E+00  1.5620E+02  3.8716E-09
 -0.6000     71.6  4.04608E-01  3.259E+04  1.0553E+02  2.8323E+04  3.8711E+00  5.1117E+00  9.3648E-01  5.5328E+01  3.3210E-09
 -0.7000     72.6  3.31560E-01  3.259E+04  1.0553E+02  2.8323E+04  3.8711E+00  5.1117E+00  7.9820E-01  6.5703E+00  2.9370E-09
 -0.8000     73.6  2.81526E-01  3.259E+04  1.0553E+02  2.8323E+04  3.8711E+00  5.1117E+00  6.1882E-01  1.2930E+01  2.6458E-09
 -0.9000     74.6  2.44951E-01  3.259E+04  1.0553E+02  2.8323E+04  3.8711E+00  5.1117E+00  4.1870E-01  2.0078E+01  2.4003E-09
 -1.0000     75.6  2.16357E-01  3.259E+04  1.0553E+02  2.8323E+04  3.8711E+00  5.1117E+00  2.1075E-01  2.3457E+01  2.1758E-09
 -1.1000     76.5  1.92716E-01  3.259E+04  1.0553E+02  2.8323E+04  3.8711E+00  5.1117E+00  3.7689E-03  2.7133E+01  1.9686E-09
 -1.2000     77.5  1.72751E-01  3.259E+04  1.0553E+02  2.8323E+04  3.8711E+00  5.1117E+00  1.9604E-01  3.2871E+01  1.7637E-09
 -1.3000     78.5  1.55215E-01  3.259E+04  1.0553E+02  2.8323E+04  3.8711E+00  5.1117E+00  3.8736E-01  4.0162E+01  1.5631E-09
 -1.4000     79.5  1.39631E-01  3.259E+04  1.0553E+02  2.8323E+04  3.8711E+00  5.1117E+00  5.7048E-01  4.8105E+01  1.3734E-09
 -1.5000     80.5  1.25865E-01  3.259E+04  1.0553E+02  2.8323E+04  3.8711E+00  5.1117E+00  7.4307E-01  5.6621E+01  1.1970E-09
 -1.6000     81.5  1.13506E-01  3.259E+04  1.0553E+02  2.8323E+04  3.8711E+00  5.1117E+00  9.0295E-01  6.5557E+01  1.0303E-09
 -1.7000     82.5  1.02139E-01  3.259E+04  1.0553E+02  2.8323E+04  3.8711E+00  5.1117E+00  1.0537E+00  7.3744E+01  8.7468E-10
 -1.8000     83.5  9.15885E-02  3.259E+04  1.0553E+02  2.8323E+04  3.8711E+00  5.1117E+00  1.2034E+00  7.9711E+01  7.3551E-10
 -1.9000     84.5  8.20653E-02  3.259E+04  1.0553E+02  2.8323E+04  3.8711E+00  5.1117E+00  1.3571E+00  8.3076E+01  6.1748E-10
 -2.0000     85.5  7.34710E-02  3.259E+04  1.0553E+02  2.8323E+04  3.8711E+00  5.1117E+00  1.5154E+00  8.4326E+01  5.1768E-10
 -2.1000     86.5  6.57161E-02  3.259E+04  1.0553E+02  2.8323E+04  3.8711E+00  5.1117E+00  1.6790E+00  8.3862E+01  4.3362E-10
 -2.2000     87.5  5.87226E-02  3.259E+04  1.0553E+02  2.8323E+04  3.8711E+00  5.1117E+00  1.8488E+00  8.2029E+01  3.6310E-10
 -2.3000     88.5  5.23008E-02  3.259E+04  1.0553E+02  2.8323E+04  3.8711E+00  5.1117E+00  2.0284E+00  7.8912E+01  3.0394E-10
 -2.4000     89.5  4.64940E-02  3.259E+04  1.0553E+02  2.8323E+04  3.8711E+00  5.1117E+00  2.2222E+00  7.4590E+01  2.5619E-10
 -2.5000     90.4  4.12462E-02  3.259E+04  1.0553E+02  2.8323E+04  3.8711E+00  5.1117E+00  2.4328E+00  6.9322E+01  2.1820E-10
 -2.6000     91.4  3.66202E-02  3.259E+04  1.0553E+02  2.8323E+04  3.8711E+00  5.1117E+00  2.6595E+00  6.3527E+01  1.8914E-10
 -2.7000     92.4  3.23830E-02  3.259E+04  1.0553E+02  2.8323E+04  3.8711E+00  5.1117E+00  2.9040E+00  5.7441E+01  1.6547E-10
 -2.8000     93.4  2.85426E-02  3.259E+04  1.0553E+02  2.8323E+04  3.8711E+00  5.1117E+00  3.1724E+00  5.1032E+01  1.4745E-10
 -2.9000     94.4  2.50209E-02  3.259E+04  1.0553E+02  2.8323E+04  3.8711E+00  5.1117E+00  3.4725E+00  4.4299E+01  1.3413E-10
 -3.0000     95.4  2.18217E-02  3.259E+04  1.0553E+02  2.8323E+04  3.8711E+00  5.1117E+00  3.8138E+00  3.7242E+01  1.2559E-10
 -3.1000     96.4  1.89063E-02  3.259E+04  1.0553E+02  2.8323E+04  3.8711E+00  5.1117E+00  4.2071E+00  2.9917E+01  1.2123E-10
 -3.2000     97.4  1.62409E-02  3.259E+04  1.0553E+02  2.8323E+04  3.8711E+00  5.1117E+00  4.6666E+00  2.2350E+01  1.2057E-10
 -3.3000     98.4  1.37916E-02  3.259E+04  1.0553E+02  2.8323E+04  3.8711E+00  5.1117E+00  5.2126E+00  1.4542E+01  1.2328E-10
 -3.4000     99.4  1.15251E-02  3.259E+04  1.0553E+02  2.8323E+04  3.8711E+00  5.1117E+00  5.8742E+00  6.4586E+00  1.2916E-10
 -3.5000    100.4  9.36496E-03  3.259E+04  1.0553E+02  2.8323E+04  3.8711E+00  5.1117E+00  6.6974E+00  2.0052E+00  1.3858E-10
 -3.6000    101.4  7.34419E-03  3.259E+04  1.0553E+02  2.8323E+04  3.8711E+00  5.1117E+00  7.7549E+00  1.1001E+01  1.5119E-10
 -3.7000    102.4  5.44604E-03  3.259E+04  1.0553E+02  2.8323E+04  3.8711E+00  5.1117E+00  9.1675E+00  2.0700E+01  1.6728E-10
 -3.8000    103.4  3.65284E-03  3.259E+04  1.0553E+02  2.8323E+04  3.8711E+00  5.1117E+00  1.1156E+01  3.1346E+01  1.8738E-10
 -3.9000    104.3  1.82890E-03  3.259E+04  1.0553E+02  2.8323E+04  3.8711E+00  5.1117E+00  1.4202E+01  4.3492E+01  2.1328E-10
 -4.0000    105.3  0.00000E+00  3.259E+04  1.0553E+02  2.8323E+04  3.8711E+00  5.1117E+00  1.9585E+01  5.8219E+01  2.4752E-10
