  0.217186093       0.00000000       0.00000000    
  1.4000    627.6  3.10737E+03  3.163E+04  3.4326E+03  5.6078E+05  3.2938E+01  7.4216E+00  1.6039E+01  3.2310E+04  8.8748E-08
  1.3000    570.9  2.37558E+03  3.163E+04  3.1454E+03  5.1222E+05  3.1117E+01  7.4216E+00  1.4188E+01  2.8870E+04  8.0887E-08
  1.2000    517.5  1.79627E+03  3.163E+04  2.8728E+03  4.6622E+05  2.9348E+01  7.4216E+00  1.2534E+01  2.5802E+04  7.3700E-08
  1.1000    467.2  1.34294E+03  3.163E+04  2.6147E+03  4.2273E+05  2.7633E+01  7.4216E+00  1.1064E+01  2.3076E+04  6.7144E-08
  1.0000    419.8  9.92302E+02  3.163E+04  2.3705E+03  3.8168E+05  2.5970E+01  7.4216E+00  9.7648E+00  2.0662E+04  6.1176E-08
  0.9000    375.5  7.24255E+02  3.163E+04  2.1401E+03  3.4303E+05  2.4360E+01  7.4216E+00  8.6218E+00  1.8532E+04  5.5750E-08
  0.8000    334.0  5.10724E+02  3.163E+04  1.9232E+03  3.0671E+05  2.2803E+01  7.4216E+00  7.6110E+00  1.6637E+04  5.0928E-08
  0.7000    295.4  3.38450E+02  3.163E+04  1.7193E+03  2.7267E+05  2.1299E+01  7.4216E+00  6.6897E+00  1.4894E+04  4.6669E-08
  0.6000    259.4  2.11008E+02  3.163E+04  1.5283E+03  2.4086E+05  1.9847E+01  7.4216E+00  5.8109E+00  1.3216E+04  4.2674E-08
  0.5000    226.1  1.24056E+02  3.163E+04  1.3497E+03  2.1120E+05  1.8448E+01  7.4216E+00  4.9349E+00  1.1535E+04  3.8672E-08
  0.4000    195.4  6.69973E+01  3.163E+04  1.1833E+03  1.8366E+05  1.7102E+01  7.4216E+00  4.0151E+00  9.7739E+03  3.4487E-08
  0.3000    167.2  3.48573E+01  3.163E+04  1.0287E+03  1.5817E+05  1.5809E+01  7.4216E+00  3.0210E+00  7.8963E+03  2.9670E-08
  0.2000    141.5  1.76229E+01  3.163E+04  8.8566E+02  1.3467E+05  1.4569E+01  7.4216E+00  1.9679E+00  5.9564E+03  2.4257E-08
  0.1000    118.1  8.85766E+00  3.163E+04  7.5386E+02  1.1311E+05  1.3381E+01  7.4216E+00  9.2350E-01  4.0972E+03  1.8558E-08
  0.0000     97.0  4.43530E+00  3.163E+04  6.3297E+02  9.3429E+04  1.2246E+01  7.4216E+00  0.0000E+00  2.5138E+03  1.3205E-08
 -0.1000     78.0  2.22916E+00  3.163E+04  5.2267E+02  7.5575E+04  1.1164E+01  7.4216E+00  6.9768E-01  1.3519E+03  8.7831E-09
 -0.2000     61.2  1.12736E+00  3.163E+04  4.2266E+02  5.9488E+04  1.0135E+01  7.4216E+00  1.1304E+00  6.2959E+02  5.5560E-09
 -0.3000     46.5  5.76590E-01  3.163E+04  3.3261E+02  4.5112E+04  9.1586E+00  7.4216E+00  1.3384E+00  2.4966E+02  3.4080E-09
 -0.4000     33.8  3.01134E-01  3.163E+04  2.5222E+02  3.2390E+04  8.2350E+00  7.4216E+00  1.4046E+00  7.7938E+01  2.0328E-09
 -0.5000     22.9  1.55040E-01  3.163E+04  1.8118E+02  2.1265E+04  7.3642E+00  7.4216E+00  1.4044E+00  1.0000E+01  1.1539E-09
 -0.6000     13.9  7.49254E-02  3.163E+04  1.1915E+02  1.1680E+04  6.5461E+00  7.4216E+00  1.3845E+00  1.3141E+01  5.8364E-10
 -0.7000      6.6  3.01480E-02  3.163E+04  6.5847E+01  3.5798E+03  5.7809E+00  7.4216E+00  1.3695E+00  2.0359E+01  2.0913E-10
 -0.8000      1.0  5.29289E-03  3.163E+04  2.0939E+01  3.0938E+03  5.0685E+00  7.4216E+00  1.3690E+00  2.3449E+01  3.4461E-11
 -0.9000      2.9  7.94291E-03  3.163E+04  1.5883E+01  8.3972E+03  4.4089E+00  7.4216E+00  1.3833E+00  2.5840E+01  1.8144E-10
 -1.0000      5.4  1.36828E-02  3.163E+04  4.4933E+01  1.2387E+04  3.8020E+00  7.4216E+00  1.4084E+00  2.7941E+01  2.5432E-10
 -1.1000      6.4  1.43919E-02  3.163E+04  6.6525E+01  1.5120E+04  3.2480E+00  7.4216E+00  1.4398E+00  2.9676E+01  2.7237E-10
 -1.2000      6.0  1.16801E-02  3.163E+04  8.0972E+01  1.6654E+04  2.7468E+00  7.4216E+00  1.4740E+00  3.1223E+01  2.5087E-10
 -1.3000      4.3  6.73366E-03  3.163E+04  8.8589E+01  1.7044E+04  2.2983E+00  7.4216E+00  1.5090E+00  3.3111E+01  2.0471E-10
 -1.4000      1.3  4.95434E-04  3.163E+04  8.9690E+01  1.6348E+04  1.9027E+00  7.4216E+00  1.5441E+00  3.5859E+01  1.4650E-10
 -1.5000      2.8  6.32679E-03  3.163E+04  8.4588E+01  1.4622E+04  1.5599E+00  7.4216E+00  1.5790E+00  3.9814E+01  8.5635E-11
 -1.6000      7.9  1.32363E-02  3.163E+04  7.3597E+01  1.1923E+04  1.2698E+00  7.4216E+00  1.6146E+00  4.5174E+01  2.8663E-11
 -1.7000     14.1  1.98284E-02  3.163E+04  5.7031E+01  8.3088E+03  1.0326E+00  7.4216E+00  1.6510E+00  5.1832E+01  1.9995E-11
 -1.8000     21.2  2.57760E-02  3.163E+04  3.5203E+01  3.8349E+03  8.4814E-01  7.4216E+00  1.6868E+00  5.9236E+01  5.8801E-11
 -1.9000     29.2  3.09246E-02  3.163E+04  8.4288E+00  1.4415E+03  7.1649E-01  7.4216E+00  1.7192E+00  6.6736E+01  8.8662E-11
 -2.0000     37.9  3.51913E-02  3.163E+04  2.2979E+01  7.4637E+03  6.3763E-01  7.4216E+00  1.7453E+00  7.3839E+01  1.1061E-10
 -2.1000     47.4  3.85489E-02  3.163E+04  5.8707E+01  1.4175E+04  6.1159E-01  7.4216E+00  1.7618E+00  8.0146E+01  1.2588E-10
 -2.2000     57.4  4.10141E-02  3.163E+04  9.8440E+01  2.1518E+04  6.3834E-01  7.4216E+00  1.7645E+00  8.5341E+01  1.3587E-10
 -2.3000     68.1  4.25360E-02  3.163E+04  1.4187E+02  2.9437E+04  7.1788E-01  7.4216E+00  1.7466E+00  8.9011E+01  1.4188E-10
 -2.4000     79.2  4.32394E-02  3.163E+04  1.8867E+02  3.7874E+04  8.5023E-01  7.4216E+00  1.6992E+00  9.0812E+01  1.4643E-10
 -2.5000     90.7  4.32048E-02  3.163E+04  2.3854E+02  4.6774E+04  1.0354E+00  7.4216E+00  1.6138E+00  9.0652E+01  1.5067E-10
 -2.6000    102.6  4.27168E-02  3.163E+04  2.9116E+02  5.6078E+04  1.2733E+00  7.4216E+00  1.4861E+00  8.8831E+01  1.5581E-10
 -2.7000    114.7  4.16118E-02  3.163E+04  3.4621E+02  6.5731E+04  1.5640E+00  7.4216E+00  1.3095E+00  8.5544E+01  1.6006E-10
 -2.8000    127.0  4.00459E-02  3.163E+04  4.0339E+02  7.5675E+04  1.9075E+00  7.4216E+00  1.0708E+00  8.0700E+01  1.6520E-10
 -2.9000    139.4  3.80041E-02  3.163E+04  4.6237E+02  8.5854E+04  2.3039E+00  7.4216E+00  7.5284E-01  7.4246E+01  1.7152E-10
 -3.0000    151.8  3.56358E-02  3.163E+04  5.2285E+02  9.6212E+04  2.7530E+00  7.4216E+00  3.3405E-01  6.6143E+01  1.8051E-10
 -3.1000    164.2  3.30000E-02  3.163E+04  5.8452E+02  1.0669E+05  3.2549E+00  7.4216E+00  2.0963E-01  5.6485E+01  1.9250E-10
 -3.2000    176.5  3.01470E-02  3.163E+04  6.4705E+02  1.1723E+05  3.8096E+00  7.4216E+00  9.0979E-01  4.5345E+01  2.0781E-10
 -3.3000    188.5  2.71097E-02  3.163E+04  7.1013E+02  1.2778E+05  4.4172E+00  7.4216E+00  1.8095E+00  3.2754E+01  2.2682E-10
 -3.4000    200.3  2.39123E-02  3.163E+04  7.7345E+02  1.3829E+05  5.0775E+00  7.4216E+00  2.9698E+00  1.8678E+01  2.5009E-10
 -3.5000    211.8  2.06005E-02  3.163E+04  8.3670E+02  1.4868E+05  5.7906E+00  7.4216E+00  4.4755E+00  3.0529E+00  2.7889E-10
 -3.6000    222.8  1.71011E-02  3.163E+04  8.9956E+02  1.5891E+05  6.5565E+00  7.4216E+00  6.4629E+00  1.4366E+01  3.1312E-10
 -3.7000    233.4  1.33845E-02  3.163E+04  9.6172E+02  1.6893E+05  7.3752E+00  7.4216E+00  9.1645E+00  3.4106E+01  3.5481E-10
 -3.8000    243.4  9.39633E-03  3.163E+04  1.0229E+03  1.7867E+05  8.2467E+00  7.4216E+00  1.2993E+01  5.6993E+01  4.0688E-10
 -3.9000    252.7  5.02302E-03  3.163E+04  1.0827E+03  1.8807E+05  9.1710E+00  7.4216E+00  1.8757E+01  8.4443E+01  4.7499E-10
 -4.0000    261.3  0.00000E+00  3.163E+04  1.1408E+03  1.9709E+05  1.0148E+01  7.4216E+00  2.8360E+01  1.1927E+02  5.6725E-10
