  0.748540401       0.00000000       0.00000000    
  1.2000     92.4  1.61581E+02  1.065E+07  2.3254E+02  9.2476E+04  9.2591E+00  1.1137E+01  2.0552E+01  5.6762E+03  1.3774E-07
  1.1000     70.5  7.68343E+01  1.065E+07  2.3376E+02  9.2346E+04  9.3632E+00  1.1313E+01  2.0041E+01  4.5376E+03  1.3620E-07
  1.0000     52.1  3.52457E+01  1.065E+07  2.3498E+02  9.2216E+04  9.4674E+00  1.1490E+01  1.9347E+01  3.4626E+03  1.3345E-07
  0.9000     37.0  1.55079E+01  1.065E+07  2.3620E+02  9.2086E+04  9.5715E+00  1.1666E+01  1.8433E+01  2.5054E+03  1.2948E-07
  0.8000     24.9  6.46362E+00  1.065E+07  2.3741E+02  9.1956E+04  9.6756E+00  1.1843E+01  1.7260E+01  1.7224E+03  1.2437E-07
  0.7000     15.5  2.49694E+00  1.065E+07  2.3863E+02  9.1827E+04  9.7797E+00  1.2020E+01  1.5797E+01  1.1551E+03  1.1823E-07
  0.6000      8.8  8.61221E-01  1.065E+07  2.3985E+02  9.1697E+04  9.8838E+00  1.2196E+01  1.4036E+01  8.1059E+02  1.1125E-07
  0.5000      4.5  2.42657E-01  1.065E+07  2.4106E+02  9.1567E+04  9.9879E+00  1.2373E+01  1.2006E+01  6.5122E+02  1.0372E-07
  0.4000      2.3  4.84467E-02  1.065E+07  2.4228E+02  9.1437E+04  1.0092E+01  1.2549E+01  9.7656E+00  6.0909E+02  9.5835E-08
  0.3000      2.0  1.25046E-02  1.065E+07  2.4350E+02  9.1307E+04  1.0196E+01  1.2726E+01  7.3943E+00  6.1914E+02  8.7879E-08
  0.2000      3.6  2.82021E-02  1.065E+07  2.4472E+02  9.1177E+04  1.0300E+01  1.2902E+01  4.9547E+00  6.4298E+02  8.0193E-08
  0.1000      6.6  5.93109E-02  1.065E+07  2.4593E+02  9.1047E+04  1.0404E+01  1.3079E+01  2.4846E+00  6.6756E+02  7.2832E-08
  0.0000     10.9  9.21001E-02  1.065E+07  2.4715E+02  9.0917E+04  1.0508E+01  1.3255E+01  0.0000E+00  6.9270E+02  6.6075E-08
 -0.1000     16.4  1.24330E-01  1.065E+07  2.4837E+02  9.0788E+04  1.0613E+01  1.3432E+01  2.4969E+00  7.2083E+02  5.9815E-08
 -0.2000     22.7  1.54065E-01  1.065E+07  2.4959E+02  9.0658E+04  1.0717E+01  1.3609E+01  5.0094E+00  7.5287E+02  5.4071E-08
 -0.3000     29.7  1.77739E-01  1.065E+07  2.5080E+02  9.0528E+04  1.0821E+01  1.3785E+01  7.5441E+00  7.9034E+02  4.8940E-08
 -0.4000     37.2  1.97015E-01  1.065E+07  2.5202E+02  9.0398E+04  1.0925E+01  1.3962E+01  1.0109E+01  8.3451E+02  4.4262E-08
 -0.5000     44.9  2.08635E-01  1.065E+07  2.5324E+02  9.0268E+04  1.1029E+01  1.4138E+01  1.2714E+01  8.8655E+02  4.0136E-08
 -0.6000     52.6  2.14297E-01  1.065E+07  2.5446E+02  9.0138E+04  1.1133E+01  1.4315E+01  1.5367E+01  9.4801E+02  3.6449E-08
 -0.7000     60.2  2.13896E-01  1.065E+07  2.5567E+02  9.0008E+04  1.1237E+01  1.4491E+01  1.8078E+01  1.0194E+03  3.3183E-08
 -0.8000     67.3  2.05073E-01  1.065E+07  2.5689E+02  8.9878E+04  1.1341E+01  1.4668E+01  2.0856E+01  1.1024E+03  3.0383E-08
 -0.9000     73.9  1.90556E-01  1.065E+07  2.5811E+02  8.9749E+04  1.1446E+01  1.4844E+01  2.3714E+01  1.1987E+03  2.7944E-08
 -1.0000     79.6  1.68563E-01  1.065E+07  2.5933E+02  8.9619E+04  1.1550E+01  1.5021E+01  2.6660E+01  1.3100E+03  2.5913E-08
 -1.1000     84.3  1.42210E-01  1.065E+07  2.6054E+02  8.9489E+04  1.1654E+01  1.5198E+01  2.9705E+01  1.4377E+03  2.4225E-08
 -1.2000     87.7  1.13692E-01  1.065E+07  2.6176E+02  8.9359E+04  1.1758E+01  1.5374E+01  3.2850E+01  1.5805E+03  2.2859E-08
 -1.3000     89.7  8.65409E-02  1.065E+07  2.6298E+02  8.9229E+04  1.1862E+01  1.5551E+01  3.6077E+01  1.7345E+03  2.1834E-08
 -1.4000     90.0  6.48034E-02  1.065E+07  2.6420E+02  8.9099E+04  1.1966E+01  1.5727E+01  3.9342E+01  1.8920E+03  2.1073E-08
 -1.5000     88.6  5.18644E-02  1.065E+07  2.6541E+02  8.8969E+04  1.2070E+01  1.5904E+01  4.2574E+01  2.0414E+03  2.0567E-08
 -1.6000     86.3  4.70197E-02  1.065E+07  2.6663E+02  8.8839E+04  1.2174E+01  1.6080E+01  4.5700E+01  2.1715E+03  2.0236E-08
 -1.7000     84.0  4.74366E-02  1.065E+07  2.6785E+02  8.8710E+04  1.2278E+01  1.6257E+01  4.8672E+01  2.2748E+03  2.0028E-08
 -1.8000     82.7  5.00489E-02  1.065E+07  2.6907E+02  8.8580E+04  1.2383E+01  1.6433E+01  5.1484E+01  2.3471E+03  1.9915E-08
 -1.9000     83.3  5.04318E-02  1.065E+07  2.7028E+02  8.8450E+04  1.2487E+01  1.6610E+01  5.4168E+01  2.3872E+03  1.9819E-08
 -2.0000     86.8  4.68151E-02  1.065E+07  2.7150E+02  8.8320E+04  1.2591E+01  1.6787E+01  5.6787E+01  2.3936E+03  1.9710E-08
 -2.1000     94.2  4.11846E-02  1.065E+07  2.7272E+02  8.8190E+04  1.2695E+01  1.6963E+01  5.9452E+01  2.3705E+03  1.9533E-08
 -2.2000    106.4  3.38480E-02  1.065E+07  2.7393E+02  8.8060E+04  1.2799E+01  1.7140E+01  6.2288E+01  2.3247E+03  1.9267E-08
 -2.3000    124.3  2.67180E-02  1.065E+07  2.7515E+02  8.7930E+04  1.2903E+01  1.7316E+01  6.5424E+01  2.2617E+03  1.8908E-08
 -2.4000    149.0  2.12016E-02  1.065E+07  2.7637E+02  8.7800E+04  1.3007E+01  1.7493E+01  6.9018E+01  2.1920E+03  1.8446E-08
 -2.5000    181.4  1.75927E-02  1.065E+07  2.7759E+02  8.7671E+04  1.3111E+01  1.7669E+01  7.3216E+01  2.1205E+03  1.7888E-08
 -2.6000    222.4  1.60762E-02  1.065E+07  2.7880E+02  8.7541E+04  1.3215E+01  1.7846E+01  7.8115E+01  2.0412E+03  1.7166E-08
 -2.7000    273.0  1.65064E-02  1.065E+07  2.8002E+02  8.7411E+04  1.3320E+01  1.8022E+01  8.3775E+01  1.9424E+03  1.6195E-08
 -2.8000    334.2  1.89779E-02  1.065E+07  2.8124E+02  8.7281E+04  1.3424E+01  1.8199E+01  9.0223E+01  1.8143E+03  1.4923E-08
 -2.9000    406.9  2.47046E-02  1.065E+07  2.8246E+02  8.7151E+04  1.3528E+01  1.8376E+01  9.7301E+01  1.6481E+03  1.3318E-08
 -3.0000    492.0  3.59315E-02  1.065E+07  2.8367E+02  8.7021E+04  1.3632E+01  1.8552E+01  1.0431E+02  1.4303E+03  1.1392E-08
 -3.1000    590.6  5.54827E-02  1.065E+07  2.8489E+02  8.6891E+04  1.3736E+01  1.8729E+01  1.1005E+02  1.1552E+03  9.2090E-09
 -3.2000    703.6  8.09806E-02  1.065E+07  2.8611E+02  8.6761E+04  1.3840E+01  1.8905E+01  1.1407E+02  8.5719E+02  7.0104E-09
 -3.3000    831.9  9.59647E-02  1.065E+07  2.8733E+02  8.6632E+04  1.3944E+01  1.9082E+01  1.1901E+02  6.2198E+02  5.2081E-09
 -3.4000    976.6  8.09869E-02  1.065E+07  2.8854E+02  8.6502E+04  1.4048E+01  1.9258E+01  1.3330E+02  5.4759E+02  4.1413E-09
 -3.5000   1138.5  1.09643E-01  1.065E+07  2.8976E+02  8.6372E+04  1.4152E+01  1.9435E+01  1.5993E+02  5.8519E+02  3.5742E-09
 -3.6000   1318.6  4.46646E-01  1.065E+07  2.9098E+02  8.6242E+04  1.4257E+01  1.9611E+01  1.7945E+02  5.4728E+02  2.9038E-09
 -3.7000   1517.9  1.96902E+00  1.065E+07  2.9220E+02  8.6112E+04  1.4361E+01  1.9788E+01  1.7337E+02  3.6729E+02  1.9746E-09
 -3.8000   1737.4  7.76458E+00  1.065E+07  2.9341E+02  8.5982E+04  1.4465E+01  1.9965E+01  1.5032E+02  1.5987E+02  1.1492E-09
 -3.9000   1977.9  2.71703E+01  1.065E+07  2.9463E+02  8.5852E+04  1.4569E+01  2.0141E+01  1.3093E+02  3.9685E+01  7.1028E-10
 -4.0000   2240.5  7.90367E+01  1.065E+07  2.9585E+02  8.5722E+04  1.4673E+01  2.0318E+01  1.2265E+02  0.0000E+00  5.4680E-10
