  0.530398846       0.00000000       0.00000000    
  1.2000    152.7  5.32296E+02  4.558E+05  1.6039E+02  7.7066E+04  5.3615E+00  6.8985E+00  1.0309E+01  2.4556E+04  5.8527E-08
  1.1000    126.9  2.40872E+02  4.558E+05  1.6415E+02  7.8029E+04  5.4746E+00  7.0434E+00  1.0438E+01  2.3749E+04  5.9262E-08
  1.0000    104.6  1.05860E+02  4.558E+05  1.6791E+02  7.8991E+04  5.5878E+00  7.1883E+00  1.0549E+01  2.2801E+04  5.9287E-08
  0.9000     85.5  4.55418E+01  4.558E+05  1.7167E+02  7.9953E+04  5.7010E+00  7.3333E+00  1.0624E+01  2.1727E+04  5.8571E-08
  0.8000     69.6  1.91943E+01  4.558E+05  1.7544E+02  8.0916E+04  5.8142E+00  7.4782E+00  1.0627E+01  2.0595E+04  5.7250E-08
  0.7000     56.5  7.80248E+00  4.558E+05  1.7920E+02  8.1878E+04  5.9274E+00  7.6231E+00  1.0490E+01  1.9560E+04  5.5738E-08
  0.6000     46.0  2.87648E+00  4.558E+05  1.8296E+02  8.2840E+04  6.0406E+00  7.7680E+00  1.0113E+01  1.8860E+04  5.4733E-08
  0.5000     38.0  6.93966E-01  4.558E+05  1.8672E+02  8.3803E+04  6.1537E+00  7.9129E+00  9.3853E+00  1.8723E+04  5.5069E-08
  0.4000     32.3  2.76409E-01  4.558E+05  1.9049E+02  8.4765E+04  6.2669E+00  8.0578E+00  8.2448E+00  1.9229E+04  5.7121E-08
  0.3000     28.6  7.22130E-01  4.558E+05  1.9425E+02  8.5727E+04  6.3801E+00  8.2027E+00  6.6983E+00  2.0268E+04  6.0729E-08
  0.2000     26.7  9.47546E-01  4.558E+05  1.9801E+02  8.6690E+04  6.4933E+00  8.3477E+00  4.7860E+00  2.1662E+04  6.5485E-08
  0.1000     26.5  1.08686E+00  4.558E+05  2.0177E+02  8.7652E+04  6.6065E+00  8.4926E+00  2.5448E+00  2.3263E+04  7.0822E-08
  0.0000     27.7  1.19255E+00  4.558E+05  2.0553E+02  8.8614E+04  6.7196E+00  8.6375E+00  0.0000E+00  2.4978E+04  7.6558E-08
 -0.1000     30.1  1.29661E+00  4.558E+05  2.0930E+02  8.9577E+04  6.8328E+00  8.7824E+00  2.8267E+00  2.6751E+04  8.2320E-08
 -0.2000     33.6  1.41021E+00  4.558E+05  2.1306E+02  9.0539E+04  6.9460E+00  8.9273E+00  5.9028E+00  2.8537E+04  8.7919E-08
 -0.3000     37.8  1.52218E+00  4.558E+05  2.1682E+02  9.1501E+04  7.0592E+00  9.0722E+00  9.1801E+00  3.0299E+04  9.3423E-08
 -0.4000     42.7  1.64449E+00  4.558E+05  2.2058E+02  9.2464E+04  7.1724E+00  9.2171E+00  1.2592E+01  3.2001E+04  9.8517E-08
 -0.5000     47.9  1.75431E+00  4.558E+05  2.2435E+02  9.3426E+04  7.2855E+00  9.3621E+00  1.6059E+01  3.3614E+04  1.0342E-07
 -0.6000     53.4  1.85650E+00  4.558E+05  2.2811E+02  9.4388E+04  7.3987E+00  9.5070E+00  1.9493E+01  3.5113E+04  1.0796E-07
 -0.7000     58.8  1.94362E+00  4.558E+05  2.3187E+02  9.5350E+04  7.5119E+00  9.6519E+00  2.2812E+01  3.6481E+04  1.1220E-07
 -0.8000     64.0  1.99619E+00  4.558E+05  2.3563E+02  9.6313E+04  7.6251E+00  9.7968E+00  2.5947E+01  3.7714E+04  1.1646E-07
 -0.9000     68.8  2.01974E+00  4.558E+05  2.3939E+02  9.7275E+04  7.7383E+00  9.9417E+00  2.8844E+01  3.8813E+04  1.2065E-07
 -1.0000     72.9  1.98026E+00  4.558E+05  2.4316E+02  9.8237E+04  7.8515E+00  1.0087E+01  3.1463E+01  3.9783E+04  1.2520E-07
 -1.1000     76.2  1.86188E+00  4.558E+05  2.4692E+02  9.9200E+04  7.9646E+00  1.0232E+01  3.3774E+01  4.0623E+04  1.3012E-07
 -1.2000     78.4  1.63724E+00  4.558E+05  2.5068E+02  1.0016E+05  8.0778E+00  1.0376E+01  3.5753E+01  4.1331E+04  1.3562E-07
 -1.3000     79.5  1.27342E+00  4.558E+05  2.5444E+02  1.0112E+05  8.1910E+00  1.0521E+01  3.7400E+01  4.1906E+04  1.4228E-07
 -1.4000     79.0  8.34804E-01  4.558E+05  2.5821E+02  1.0209E+05  8.3042E+00  1.0666E+01  3.8750E+01  4.2357E+04  1.5030E-07
 -1.5000     77.1  4.33404E-01  4.558E+05  2.6197E+02  1.0305E+05  8.4174E+00  1.0811E+01  3.9887E+01  4.2709E+04  1.6060E-07
 -1.6000     74.5  2.15079E-01  4.558E+05  2.6573E+02  1.0401E+05  8.5306E+00  1.0956E+01  4.0939E+01  4.3007E+04  1.7378E-07
 -1.7000     72.3  1.49755E-01  4.558E+05  2.6949E+02  1.0497E+05  8.6437E+00  1.1101E+01  4.2061E+01  4.3322E+04  1.9098E-07
 -1.8000     71.4  1.10739E-01  4.558E+05  2.7325E+02  1.0594E+05  8.7569E+00  1.1246E+01  4.3320E+01  4.3638E+04  2.1381E-07
 -1.9000     72.9  3.77124E-02  4.558E+05  2.7702E+02  1.0690E+05  8.8701E+00  1.1391E+01  4.4797E+01  4.3533E+04  2.4185E-07
 -2.0000     77.8  1.77871E-03  4.558E+05  2.8078E+02  1.0786E+05  8.9833E+00  1.1536E+01  4.7357E+01  4.0192E+04  2.5624E-07
 -2.1000     87.0  2.01099E-03  4.558E+05  2.8454E+02  1.0882E+05  9.0965E+00  1.1681E+01  5.1063E+01  3.4488E+04  2.1924E-07
 -2.2000    101.6  1.78703E-03  4.558E+05  2.8830E+02  1.0979E+05  9.2096E+00  1.1826E+01  5.5108E+01  2.9605E+04  1.8797E-07
 -2.3000    122.6  1.21514E-03  4.558E+05  2.9207E+02  1.1075E+05  9.3228E+00  1.1970E+01  5.9281E+01  2.5323E+04  1.6085E-07
 -2.4000    151.0  4.29180E-04  4.558E+05  2.9583E+02  1.1171E+05  9.4360E+00  1.2115E+01  6.3352E+01  2.1529E+04  1.3704E-07
 -2.5000    187.8  4.55596E-04  4.558E+05  2.9959E+02  1.1267E+05  9.5492E+00  1.2260E+01  6.7128E+01  1.8171E+04  1.1614E-07
 -2.6000    234.0  1.42129E-03  4.558E+05  3.0335E+02  1.1363E+05  9.6624E+00  1.2405E+01  7.0493E+01  1.5230E+04  9.7924E-08
 -2.7000    290.5  2.57996E-03  4.558E+05  3.0712E+02  1.1460E+05  9.7756E+00  1.2550E+01  7.3426E+01  1.2684E+04  8.2231E-08
 -2.8000    358.5  4.04949E-03  4.558E+05  3.1088E+02  1.1556E+05  9.8887E+00  1.2695E+01  7.6035E+01  1.0511E+04  6.8871E-08
 -2.9000    438.9  5.85796E-03  4.558E+05  3.1464E+02  1.1652E+05  1.0002E+01  1.2840E+01  7.8621E+01  8.6891E+03  5.7652E-08
 -3.0000    532.8  8.15749E-03  4.558E+05  3.1840E+02  1.1748E+05  1.0115E+01  1.2985E+01  8.1665E+01  7.1875E+03  4.8349E-08
 -3.1000    641.0  1.14946E-02  4.558E+05  3.2216E+02  1.1845E+05  1.0228E+01  1.3130E+01  8.5597E+01  5.9603E+03  4.0649E-08
 -3.2000    764.7  1.69301E-02  4.558E+05  3.2593E+02  1.1941E+05  1.0341E+01  1.3275E+01  9.0397E+01  4.9405E+03  3.4155E-08
 -3.3000    904.8  2.58256E-02  4.558E+05  3.2969E+02  1.2037E+05  1.0455E+01  1.3420E+01  9.5354E+01  4.0567E+03  2.8480E-08
 -3.4000   1062.4  3.89772E-02  4.558E+05  3.3345E+02  1.2133E+05  1.0568E+01  1.3565E+01  9.9436E+01  3.2608E+03  2.3375E-08
 -3.5000   1238.4  5.53327E-02  4.558E+05  3.3721E+02  1.2230E+05  1.0681E+01  1.3709E+01  1.0198E+02  2.5361E+03  1.8749E-08
 -3.6000   1433.9  7.10079E-02  4.558E+05  3.4098E+02  1.2326E+05  1.0794E+01  1.3854E+01  1.0297E+02  1.8829E+03  1.4578E-08
 -3.7000   1649.8  8.07890E-02  4.558E+05  3.4474E+02  1.2422E+05  1.0907E+01  1.3999E+01  1.0294E+02  1.3053E+03  1.0842E-08
 -3.8000   1887.2  8.11878E-02  4.558E+05  3.4850E+02  1.2518E+05  1.1021E+01  1.4144E+01  1.0273E+02  8.0388E+02  7.4922E-09
 -3.9000   2147.1  7.87066E-02  4.558E+05  3.5226E+02  1.2614E+05  1.1134E+01  1.4289E+01  1.0155E+02  3.6425E+02  4.4060E-09
 -4.0000   2430.4  2.21397E-01  4.558E+05  3.5602E+02  1.2711E+05  1.1247E+01  1.4434E+01  8.7975E+01  0.0000E+00  1.5383E-09
