   1.21677589       0.00000000       0.00000000    
  1.2000     28.9  1.37524E+01  1.106E+07  2.3301E+02  9.3491E+04  9.5689E+00  9.7459E+00  1.3192E+00  9.9066E+03  2.6833E-08
  1.1000     30.5  1.14999E+01  1.106E+07  2.3301E+02  9.3491E+04  9.5689E+00  9.7459E+00  1.3104E+00  9.1102E+03  2.5597E-08
  1.0000     32.0  9.46895E+00  1.106E+07  2.3301E+02  9.3491E+04  9.5689E+00  9.7459E+00  1.2728E+00  8.2558E+03  2.4149E-08
  0.9000     33.6  7.67598E+00  1.106E+07  2.3301E+02  9.3491E+04  9.5689E+00  9.7459E+00  1.2034E+00  7.3460E+03  2.2478E-08
  0.8000     35.1  6.12021E+00  1.106E+07  2.3301E+02  9.3491E+04  9.5689E+00  9.7459E+00  1.0997E+00  6.3886E+03  2.0588E-08
  0.7000     36.6  4.79485E+00  1.106E+07  2.3301E+02  9.3491E+04  9.5689E+00  9.7459E+00  9.6125E-01  5.3989E+03  1.8497E-08
  0.6000     38.2  3.70302E+00  1.106E+07  2.3301E+02  9.3491E+04  9.5689E+00  9.7459E+00  7.9133E-01  4.4032E+03  1.6252E-08
  0.5000     39.7  2.79288E+00  1.106E+07  2.3301E+02  9.3491E+04  9.5689E+00  9.7459E+00  5.9951E-01  3.4400E+03  1.3956E-08
  0.4000     41.3  2.08290E+00  1.106E+07  2.3301E+02  9.3491E+04  9.5689E+00  9.7459E+00  4.0290E-01  2.5571E+03  1.1718E-08
  0.3000     42.8  1.54516E+00  1.106E+07  2.3301E+02  9.3491E+04  9.5689E+00  9.7459E+00  2.2372E-01  1.8015E+03  9.6787E-09
  0.2000     44.3  1.13549E+00  1.106E+07  2.3301E+02  9.3491E+04  9.5689E+00  9.7459E+00  8.7370E-02  1.2076E+03  7.9731E-09
  0.1000     45.9  8.55936E-01  1.106E+07  2.3301E+02  9.3491E+04  9.5689E+00  9.7459E+00  1.0591E-02  7.8072E+02  6.6317E-09
  0.0000     47.4  6.52271E-01  1.106E+07  2.3301E+02  9.3491E+04  9.5689E+00  9.7459E+00  0.0000E+00  5.0156E+02  5.6610E-09
 -0.1000     49.0  5.20465E-01  1.106E+07  2.3301E+02  9.3491E+04  9.5689E+00  9.7459E+00  5.1229E-02  3.3573E+02  4.9716E-09
 -0.2000     50.5  4.33570E-01  1.106E+07  2.3301E+02  9.3491E+04  9.5689E+00  9.7459E+00  1.4825E-01  2.4146E+02  4.4659E-09
 -0.3000     52.1  3.70131E-01  1.106E+07  2.3301E+02  9.3491E+04  9.5689E+00  9.7459E+00  2.7709E-01  1.8858E+02  4.0842E-09
 -0.4000     53.6  3.25500E-01  1.106E+07  2.3301E+02  9.3491E+04  9.5689E+00  9.7459E+00  4.2609E-01  1.5722E+02  3.7545E-09
 -0.5000     55.1  2.89908E-01  1.106E+07  2.3301E+02  9.3491E+04  9.5689E+00  9.7459E+00  5.8521E-01  1.3455E+02  3.4608E-09
 -0.6000     56.7  2.61165E-01  1.106E+07  2.3301E+02  9.3491E+04  9.5689E+00  9.7459E+00  7.4765E-01  1.1411E+02  3.1726E-09
 -0.7000     58.2  2.36511E-01  1.106E+07  2.3301E+02  9.3491E+04  9.5689E+00  9.7459E+00  9.1065E-01  9.4133E+01  2.8876E-09
 -0.8000     59.8  2.14709E-01  1.106E+07  2.3301E+02  9.3491E+04  9.5689E+00  9.7459E+00  1.0728E+00  7.4422E+01  2.6178E-09
 -0.9000     61.3  1.94980E-01  1.106E+07  2.3301E+02  9.3491E+04  9.5689E+00  9.7459E+00  1.2348E+00  5.5703E+01  2.3541E-09
 -1.0000     62.8  1.77061E-01  1.106E+07  2.3301E+02  9.3491E+04  9.5689E+00  9.7459E+00  1.3987E+00  3.9215E+01  2.1121E-09
 -1.1000     64.4  1.60445E-01  1.106E+07  2.3301E+02  9.3491E+04  9.5689E+00  9.7459E+00  1.5672E+00  2.5840E+01  1.8881E-09
 -1.2000     65.9  1.44868E-01  1.106E+07  2.3301E+02  9.3491E+04  9.5689E+00  9.7459E+00  1.7477E+00  1.7379E+01  1.6891E-09
 -1.3000     67.5  1.30439E-01  1.106E+07  2.3301E+02  9.3491E+04  9.5689E+00  9.7459E+00  1.9461E+00  1.4354E+01  1.5234E-09
 -1.4000     69.0  1.16792E-01  1.106E+07  2.3301E+02  9.3491E+04  9.5689E+00  9.7459E+00  2.1701E+00  1.6959E+01  1.3851E-09
 -1.5000     70.5  1.04041E-01  1.106E+07  2.3301E+02  9.3491E+04  9.5689E+00  9.7459E+00  2.4294E+00  2.5400E+01  1.2794E-09
 -1.6000     72.1  9.20221E-02  1.106E+07  2.3301E+02  9.3491E+04  9.5689E+00  9.7459E+00  2.7344E+00  3.9375E+01  1.2016E-09
 -1.7000     73.6  8.07709E-02  1.106E+07  2.3301E+02  9.3491E+04  9.5689E+00  9.7459E+00  3.0988E+00  5.8672E+01  1.1504E-09
 -1.8000     75.2  7.03630E-02  1.106E+07  2.3301E+02  9.3491E+04  9.5689E+00  9.7459E+00  3.5365E+00  8.2623E+01  1.1250E-09
 -1.9000     76.7  6.09456E-02  1.106E+07  2.3301E+02  9.3491E+04  9.5689E+00  9.7459E+00  4.0626E+00  1.1030E+02  1.1189E-09
 -2.0000     78.2  5.26046E-02  1.106E+07  2.3301E+02  9.3491E+04  9.5689E+00  9.7459E+00  4.6933E+00  1.4066E+02  1.1297E-09
 -2.1000     79.8  4.56571E-02  1.106E+07  2.3301E+02  9.3491E+04  9.5689E+00  9.7459E+00  5.4437E+00  1.7231E+02  1.1508E-09
 -2.2000     81.3  4.04322E-02  1.106E+07  2.3301E+02  9.3491E+04  9.5689E+00  9.7459E+00  6.3254E+00  2.0348E+02  1.1758E-09
 -2.3000     82.9  3.68167E-02  1.106E+07  2.3301E+02  9.3491E+04  9.5689E+00  9.7459E+00  7.3452E+00  2.3230E+02  1.1991E-09
 -2.4000     84.4  3.53354E-02  1.106E+07  2.3301E+02  9.3491E+04  9.5689E+00  9.7459E+00  8.5001E+00  2.5666E+02  1.2127E-09
 -2.5000     86.0  3.55920E-02  1.106E+07  2.3301E+02  9.3491E+04  9.5689E+00  9.7459E+00  9.7743E+00  2.7456E+02  1.2108E-09
 -2.6000     87.5  3.76948E-02  1.106E+07  2.3301E+02  9.3491E+04  9.5689E+00  9.7459E+00  1.1138E+01  2.8437E+02  1.1878E-09
 -2.7000     89.0  4.14091E-02  1.106E+07  2.3301E+02  9.3491E+04  9.5689E+00  9.7459E+00  1.2540E+01  2.8492E+02  1.1405E-09
 -2.8000     90.6  4.59029E-02  1.106E+07  2.3301E+02  9.3491E+04  9.5689E+00  9.7459E+00  1.3920E+01  2.7618E+02  1.0694E-09
 -2.9000     92.1  5.12249E-02  1.106E+07  2.3301E+02  9.3491E+04  9.5689E+00  9.7459E+00  1.5210E+01  2.5912E+02  9.7760E-10
 -3.0000     93.7  5.66468E-02  1.106E+07  2.3301E+02  9.3491E+04  9.5689E+00  9.7459E+00  1.6340E+01  2.3549E+02  8.7105E-10
 -3.1000     95.2  6.22528E-02  1.106E+07  2.3301E+02  9.3491E+04  9.5689E+00  9.7459E+00  1.7247E+01  2.0755E+02  7.5651E-10
 -3.2000     96.7  6.80605E-02  1.106E+07  2.3301E+02  9.3491E+04  9.5689E+00  9.7459E+00  1.7868E+01  1.7747E+02  6.4053E-10
 -3.3000     98.3  7.38699E-02  1.106E+07  2.3301E+02  9.3491E+04  9.5689E+00  9.7459E+00  1.8149E+01  1.4718E+02  5.2882E-10
 -3.4000     99.8  8.03155E-02  1.106E+07  2.3301E+02  9.3491E+04  9.5689E+00  9.7459E+00  1.8042E+01  1.1811E+02  4.2503E-10
 -3.5000    101.4  8.72298E-02  1.106E+07  2.3301E+02  9.3491E+04  9.5689E+00  9.7459E+00  1.7508E+01  9.1206E+01  3.3170E-10
 -3.6000    102.9  9.54778E-02  1.106E+07  2.3301E+02  9.3491E+04  9.5689E+00  9.7459E+00  1.6527E+01  6.7024E+01  2.4972E-10
 -3.7000    104.4  1.05486E-01  1.106E+07  2.3301E+02  9.3491E+04  9.5689E+00  9.7459E+00  1.5115E+01  4.5843E+01  1.7944E-10
 -3.8000    106.0  1.17071E-01  1.106E+07  2.3301E+02  9.3491E+04  9.5689E+00  9.7459E+00  1.3334E+01  2.7700E+01  1.2055E-10
 -3.9000    107.5  1.31278E-01  1.106E+07  2.3301E+02  9.3491E+04  9.5689E+00  9.7459E+00  1.1289E+01  1.2487E+01  7.2135E-11
 -4.0000    109.1  1.47741E-01  1.106E+07  2.3301E+02  9.3491E+04  9.5689E+00  9.7459E+00  9.1194E+00  0.0000E+00  3.3219E-11
