   1.02349091       0.00000000       0.00000000    
  1.2000     62.2  2.20563E+01  3.095E+06  1.7933E+02  4.7728E+04  7.7309E+00  7.7434E+00  1.6668E+00  2.2380E+04  6.5717E-08
  1.1000     65.0  1.84935E+01  3.095E+06  1.7933E+02  4.7728E+04  7.7309E+00  7.7434E+00  1.6696E+00  2.0265E+04  6.1550E-08
  1.0000     67.7  1.53227E+01  3.095E+06  1.7933E+02  4.7728E+04  7.7309E+00  7.7434E+00  1.6184E+00  1.8095E+04  5.7064E-08
  0.9000     70.5  1.25433E+01  3.095E+06  1.7933E+02  4.7728E+04  7.7309E+00  7.7434E+00  1.5111E+00  1.5890E+04  5.2284E-08
  0.8000     73.2  1.01358E+01  3.095E+06  1.7933E+02  4.7728E+04  7.7309E+00  7.7434E+00  1.3484E+00  1.3679E+04  4.7268E-08
  0.7000     76.0  8.07963E+00  3.095E+06  1.7933E+02  4.7728E+04  7.7309E+00  7.7434E+00  1.1356E+00  1.1505E+04  4.2103E-08
  0.6000     78.7  6.37903E+00  3.095E+06  1.7933E+02  4.7728E+04  7.7309E+00  7.7434E+00  8.8414E-01  9.4220E+03  3.6909E-08
  0.5000     81.4  4.94362E+00  3.095E+06  1.7933E+02  4.7728E+04  7.7309E+00  7.7434E+00  6.1530E-01  7.4953E+03  3.1893E-08
  0.4000     84.2  3.81347E+00  3.095E+06  1.7933E+02  4.7728E+04  7.7309E+00  7.7434E+00  3.5807E-01  5.7902E+03  2.7207E-08
  0.3000     86.9  2.94510E+00  3.095E+06  1.7933E+02  4.7728E+04  7.7309E+00  7.7434E+00  1.4229E-01  4.3551E+03  2.3022E-08
  0.2000     89.7  2.26178E+00  3.095E+06  1.7933E+02  4.7728E+04  7.7309E+00  7.7434E+00  2.0027E-04  3.2162E+03  1.9491E-08
  0.1000     92.4  1.77962E+00  3.095E+06  1.7933E+02  4.7728E+04  7.7309E+00  7.7434E+00  5.1110E-02  2.3609E+03  1.6590E-08
  0.0000     95.2  1.40119E+00  3.095E+06  1.7933E+02  4.7728E+04  7.7309E+00  7.7434E+00  0.0000E+00  1.7546E+03  1.4333E-08
 -0.1000     97.9  1.13836E+00  3.095E+06  1.7933E+02  4.7728E+04  7.7309E+00  7.7434E+00  1.5460E-01  1.3510E+03  1.2584E-08
 -0.2000    100.7  9.52600E-01  3.095E+06  1.7933E+02  4.7728E+04  7.7309E+00  7.7434E+00  3.9584E-01  1.0897E+03  1.1210E-08
 -0.3000    103.4  8.02625E-01  3.095E+06  1.7933E+02  4.7728E+04  7.7309E+00  7.7434E+00  7.1628E-01  9.3050E+02  1.0153E-08
 -0.4000    106.1  6.94276E-01  3.095E+06  1.7933E+02  4.7728E+04  7.7309E+00  7.7434E+00  1.1099E+00  8.4316E+02  9.2953E-09
 -0.5000    108.9  6.01345E-01  3.095E+06  1.7933E+02  4.7728E+04  7.7309E+00  7.7434E+00  1.5734E+00  8.0514E+02  8.6210E-09
 -0.6000    111.6  5.26660E-01  3.095E+06  1.7933E+02  4.7728E+04  7.7309E+00  7.7434E+00  2.1121E+00  8.0451E+02  8.0720E-09
 -0.7000    114.4  4.64459E-01  3.095E+06  1.7933E+02  4.7728E+04  7.7309E+00  7.7434E+00  2.7309E+00  8.3043E+02  7.6223E-09
 -0.8000    117.1  4.06667E-01  3.095E+06  1.7933E+02  4.7728E+04  7.7309E+00  7.7434E+00  3.4450E+00  8.7838E+02  7.2833E-09
 -0.9000    119.9  3.58202E-01  3.095E+06  1.7933E+02  4.7728E+04  7.7309E+00  7.7434E+00  4.2730E+00  9.4475E+02  7.0169E-09
 -1.0000    122.6  3.12907E-01  3.095E+06  1.7933E+02  4.7728E+04  7.7309E+00  7.7434E+00  5.2379E+00  1.0260E+03  6.8352E-09
 -1.1000    125.4  2.74561E-01  3.095E+06  1.7933E+02  4.7728E+04  7.7309E+00  7.7434E+00  6.3677E+00  1.1189E+03  6.7099E-09
 -1.2000    128.1  2.44152E-01  3.095E+06  1.7933E+02  4.7728E+04  7.7309E+00  7.7434E+00  7.6839E+00  1.2167E+03  6.6186E-09
 -1.3000    130.8  2.17402E-01  3.095E+06  1.7933E+02  4.7728E+04  7.7309E+00  7.7434E+00  9.2142E+00  1.3137E+03  6.5588E-09
 -1.4000    133.6  2.00942E-01  3.095E+06  1.7933E+02  4.7728E+04  7.7309E+00  7.7434E+00  1.0978E+01  1.4027E+03  6.4895E-09
 -1.5000    136.3  1.90268E-01  3.095E+06  1.7933E+02  4.7728E+04  7.7309E+00  7.7434E+00  1.2983E+01  1.4750E+03  6.3963E-09
 -1.6000    139.1  1.89804E-01  3.095E+06  1.7933E+02  4.7728E+04  7.7309E+00  7.7434E+00  1.5221E+01  1.5221E+03  6.2449E-09
 -1.7000    141.8  1.99824E-01  3.095E+06  1.7933E+02  4.7728E+04  7.7309E+00  7.7434E+00  1.7641E+01  1.5338E+03  6.0063E-09
 -1.8000    144.6  2.14101E-01  3.095E+06  1.7933E+02  4.7728E+04  7.7309E+00  7.7434E+00  2.0181E+01  1.5058E+03  5.6759E-09
 -1.9000    147.3  2.36378E-01  3.095E+06  1.7933E+02  4.7728E+04  7.7309E+00  7.7434E+00  2.2756E+01  1.4381E+03  5.2487E-09
 -2.0000    150.1  2.59735E-01  3.095E+06  1.7933E+02  4.7728E+04  7.7309E+00  7.7434E+00  2.5270E+01  1.3351E+03  4.7462E-09
 -2.1000    152.8  2.85286E-01  3.095E+06  1.7933E+02  4.7728E+04  7.7309E+00  7.7434E+00  2.7646E+01  1.2067E+03  4.1954E-09
 -2.2000    155.6  3.11827E-01  3.095E+06  1.7933E+02  4.7728E+04  7.7309E+00  7.7434E+00  2.9808E+01  1.0638E+03  3.6293E-09
 -2.3000    158.3  3.35772E-01  3.095E+06  1.7933E+02  4.7728E+04  7.7309E+00  7.7434E+00  3.1715E+01  9.1742E+02  3.0812E-09
 -2.4000    161.0  3.60551E-01  3.095E+06  1.7933E+02  4.7728E+04  7.7309E+00  7.7434E+00  3.3339E+01  7.7632E+02  2.5721E-09
 -2.5000    163.8  3.84112E-01  3.095E+06  1.7933E+02  4.7728E+04  7.7309E+00  7.7434E+00  3.4650E+01  6.4622E+02  2.1170E-09
 -2.6000    166.5  4.08952E-01  3.095E+06  1.7933E+02  4.7728E+04  7.7309E+00  7.7434E+00  3.5615E+01  5.3019E+02  1.7207E-09
 -2.7000    169.3  4.36457E-01  3.095E+06  1.7933E+02  4.7728E+04  7.7309E+00  7.7434E+00  3.6185E+01  4.2932E+02  1.3833E-09
 -2.8000    172.0  4.66186E-01  3.095E+06  1.7933E+02  4.7728E+04  7.7309E+00  7.7434E+00  3.6303E+01  3.4327E+02  1.1012E-09
 -2.9000    174.8  5.01968E-01  3.095E+06  1.7933E+02  4.7728E+04  7.7309E+00  7.7434E+00  3.5914E+01  2.7091E+02  8.6818E-10
 -3.0000    177.5  5.43935E-01  3.095E+06  1.7933E+02  4.7728E+04  7.7309E+00  7.7434E+00  3.4978E+01  2.1081E+02  6.7820E-10
 -3.1000    180.3  5.95499E-01  3.095E+06  1.7933E+02  4.7728E+04  7.7309E+00  7.7434E+00  3.3498E+01  1.6145E+02  5.2485E-10
 -3.2000    183.0  6.59206E-01  3.095E+06  1.7933E+02  4.7728E+04  7.7309E+00  7.7434E+00  3.1545E+01  1.2143E+02  4.0264E-10
 -3.3000    185.7  7.35414E-01  3.095E+06  1.7933E+02  4.7728E+04  7.7309E+00  7.7434E+00  2.9253E+01  8.9428E+01  3.0660E-10
 -3.4000    188.5  8.28685E-01  3.095E+06  1.7933E+02  4.7728E+04  7.7309E+00  7.7434E+00  2.6805E+01  6.4216E+01  2.3212E-10
 -3.5000    191.2  9.37769E-01  3.095E+06  1.7933E+02  4.7728E+04  7.7309E+00  7.7434E+00  2.4393E+01  4.4679E+01  1.7534E-10
 -3.6000    194.0  1.06820E+00  3.095E+06  1.7933E+02  4.7728E+04  7.7309E+00  7.7434E+00  2.2173E+01  2.9782E+01  1.3262E-10
 -3.7000    196.7  1.22256E+00  3.095E+06  1.7933E+02  4.7728E+04  7.7309E+00  7.7434E+00  2.0249E+01  1.8620E+01  1.0102E-10
 -3.8000    199.5  1.39831E+00  3.095E+06  1.7933E+02  4.7728E+04  7.7309E+00  7.7434E+00  1.8661E+01  1.0375E+01  7.7980E-11
 -3.9000    202.2  1.60364E+00  3.095E+06  1.7933E+02  4.7728E+04  7.7309E+00  7.7434E+00  1.7398E+01  4.3533E+00  6.1314E-11
 -4.0000    205.0  1.83505E+00  3.095E+06  1.7933E+02  4.7728E+04  7.7309E+00  7.7434E+00  1.6424E+01  0.0000E+00  4.9392E-11
