  0.2258687      0.0000000E+00  0.0000000E+00
  1.2000    466.5  7.57843E+03  0.000E+00  7.9529E+01  1.2002E+04  1.2744E+00  1.2222E+00  1.8693E+00  1.8863E+04  3.5261E-08
  1.1000    397.0  5.61603E+03  0.000E+00  7.9950E+01  1.2057E+04  1.2744E+00  1.2222E+00  1.9438E+00  1.8756E+04  3.6991E-08
  1.0000    334.6  3.40028E+03  0.000E+00  8.0372E+01  1.2112E+04  1.2744E+00  1.2222E+00  2.0578E+00  1.8584E+04  3.8576E-08
  0.9000    279.0  1.81066E+03  0.000E+00  8.0793E+01  1.2167E+04  1.2744E+00  1.2222E+00  2.2075E+00  1.8330E+04  3.9940E-08
  0.8000    229.8  8.82423E+02  0.000E+00  8.1215E+01  1.2222E+04  1.2744E+00  1.2222E+00  2.3761E+00  1.7989E+04  4.1018E-08
  0.7000    186.8  4.02389E+02  0.000E+00  8.1636E+01  1.2277E+04  1.2744E+00  1.2222E+00  2.5380E+00  1.7569E+04  4.1766E-08
  0.6000    149.5  1.74111E+02  0.000E+00  8.2058E+01  1.2332E+04  1.2744E+00  1.2222E+00  2.6684E+00  1.7084E+04  4.2155E-08
  0.5000    117.5  7.15675E+01  0.000E+00  8.2479E+01  1.2386E+04  1.2744E+00  1.2222E+00  2.7436E+00  1.6547E+04  4.2209E-08
  0.4000     90.5  2.80422E+01  0.000E+00  8.2901E+01  1.2441E+04  1.2744E+00  1.2222E+00  2.7284E+00  1.5986E+04  4.1949E-08
  0.3000     68.2  1.02752E+01  0.000E+00  8.3323E+01  1.2496E+04  1.2744E+00  1.2222E+00  2.5608E+00  1.5464E+04  4.1542E-08
  0.2000     50.2  3.20544E+00  0.000E+00  8.3744E+01  1.2551E+04  1.2744E+00  1.2222E+00  2.1390E+00  1.5091E+04  4.1352E-08
  0.1000     36.2  4.94034E-01  0.000E+00  8.4166E+01  1.2606E+04  1.2744E+00  1.2222E+00  1.3298E+00  1.5012E+04  4.1800E-08
  0.0000     25.6  5.52813E-01  0.000E+00  8.4587E+01  1.2661E+04  1.2744E+00  1.2222E+00  0.0000E+00  1.5348E+04  4.3438E-08
 -0.1000     18.4  9.51611E-01  0.000E+00  8.5009E+01  1.2716E+04  1.2744E+00  1.2222E+00  1.9193E+00  1.6121E+04  4.6375E-08
 -0.2000     13.9  1.11278E+00  0.000E+00  8.5430E+01  1.2771E+04  1.2744E+00  1.2222E+00  4.4044E+00  1.7236E+04  5.0415E-08
 -0.3000     12.0  1.18417E+00  0.000E+00  8.5852E+01  1.2826E+04  1.2744E+00  1.2222E+00  7.3971E+00  1.8572E+04  5.5302E-08
 -0.4000     12.1  1.23241E+00  0.000E+00  8.6274E+01  1.2880E+04  1.2744E+00  1.2222E+00  1.0847E+01  2.0033E+04  6.0585E-08
 -0.5000     14.1  1.26797E+00  0.000E+00  8.6695E+01  1.2935E+04  1.2744E+00  1.2222E+00  1.4714E+01  2.1559E+04  6.6170E-08
 -0.6000     17.5  1.30782E+00  0.000E+00  8.7117E+01  1.2990E+04  1.2744E+00  1.2222E+00  1.8959E+01  2.3110E+04  7.1791E-08
 -0.7000     21.9  1.35407E+00  0.000E+00  8.7538E+01  1.3045E+04  1.2744E+00  1.2222E+00  2.3530E+01  2.4655E+04  7.7332E-08
 -0.8000     27.0  1.39003E+00  0.000E+00  8.7960E+01  1.3100E+04  1.2744E+00  1.2222E+00  2.8353E+01  2.6167E+04  8.2879E-08
 -0.9000     32.5  1.42627E+00  0.000E+00  8.8382E+01  1.3155E+04  1.2744E+00  1.2222E+00  3.3331E+01  2.7621E+04  8.8214E-08
 -1.0000     37.9  1.43761E+00  0.000E+00  8.8803E+01  1.3210E+04  1.2744E+00  1.2222E+00  3.8346E+01  2.8993E+04  9.3521E-08
 -1.1000     43.0  1.42616E+00  0.000E+00  8.9225E+01  1.3265E+04  1.2744E+00  1.2222E+00  4.3273E+01  3.0261E+04  9.8689E-08
 -1.2000     47.3  1.38153E+00  0.000E+00  8.9646E+01  1.3320E+04  1.2744E+00  1.2222E+00  4.7988E+01  3.1410E+04  1.0377E-07
 -1.3000     50.5  1.27467E+00  0.000E+00  9.0068E+01  1.3374E+04  1.2744E+00  1.2222E+00  5.2383E+01  3.2427E+04  1.0908E-07
 -1.4000     52.2  1.11566E+00  0.000E+00  9.0490E+01  1.3429E+04  1.2744E+00  1.2222E+00  5.6379E+01  3.3308E+04  1.1457E-07
 -1.5000     52.4  8.95431E-01  0.000E+00  9.0911E+01  1.3484E+04  1.2744E+00  1.2222E+00  5.9961E+01  3.4060E+04  1.2066E-07
 -1.6000     51.8  6.57284E-01  0.000E+00  9.1333E+01  1.3539E+04  1.2744E+00  1.2222E+00  6.3177E+01  3.4701E+04  1.2742E-07
 -1.7000     51.6  4.45498E-01  0.000E+00  9.1754E+01  1.3594E+04  1.2744E+00  1.2222E+00  6.6147E+01  3.5265E+04  1.3509E-07
 -1.8000     52.8  2.88356E-01  0.000E+00  9.2176E+01  1.3649E+04  1.2744E+00  1.2222E+00  6.9049E+01  3.5794E+04  1.4419E-07
 -1.9000     56.5  1.96338E-01  0.000E+00  9.2597E+01  1.3704E+04  1.2744E+00  1.2222E+00  7.2071E+01  3.6339E+04  1.5501E-07
 -2.0000     63.7  1.48305E-01  0.000E+00  9.3019E+01  1.3759E+04  1.2744E+00  1.2222E+00  7.5340E+01  3.6933E+04  1.6823E-07
 -2.1000     75.6  1.12256E-01  0.000E+00  9.3440E+01  1.3814E+04  1.2744E+00  1.2222E+00  7.8834E+01  3.7527E+04  1.8401E-07
 -2.2000     93.3  6.86848E-02  0.000E+00  9.3862E+01  1.3868E+04  1.2744E+00  1.2222E+00  8.2520E+01  3.7935E+04  2.0195E-07
 -2.3000    117.7  2.56545E-02  0.000E+00  9.4284E+01  1.3923E+04  1.2744E+00  1.2222E+00  8.6729E+01  3.7646E+04  2.1972E-07
 -2.4000    150.1  3.90479E-03  0.000E+00  9.4705E+01  1.3978E+04  1.2744E+00  1.2222E+00  9.1918E+01  3.5231E+04  2.2331E-07
 -2.5000    191.4  2.31380E-04  0.000E+00  9.5127E+01  1.4033E+04  1.2744E+00  1.2222E+00  9.7534E+01  3.0585E+04  1.9897E-07
 -2.6000    242.8  1.75752E-03  0.000E+00  9.5548E+01  1.4088E+04  1.2744E+00  1.2222E+00  1.0253E+02  2.5552E+04  1.6701E-07
 -2.7000    305.3  3.17262E-03  0.000E+00  9.5970E+01  1.4143E+04  1.2744E+00  1.2222E+00  1.0655E+02  2.1069E+04  1.3857E-07
 -2.8000    380.0  4.67283E-03  0.000E+00  9.6392E+01  1.4198E+04  1.2744E+00  1.2222E+00  1.0964E+02  1.7177E+04  1.1390E-07
 -2.9000    468.0  6.45674E-03  0.000E+00  9.6813E+01  1.4253E+04  1.2744E+00  1.2222E+00  1.1206E+02  1.3877E+04  9.2951E-08
 -3.0000    570.4  8.63729E-03  0.000E+00  9.7235E+01  1.4308E+04  1.2744E+00  1.2222E+00  1.1435E+02  1.1139E+04  7.5507E-08
 -3.1000    688.3  1.17199E-02  0.000E+00  9.7656E+01  1.4362E+04  1.2744E+00  1.2222E+00  1.1715E+02  8.9101E+03  6.1179E-08
 -3.2000    822.6  1.69844E-02  0.000E+00  9.8078E+01  1.4417E+04  1.2744E+00  1.2222E+00  1.2064E+02  7.0983E+03  4.9405E-08
 -3.3000    974.6  2.64267E-02  0.000E+00  9.8499E+01  1.4472E+04  1.2744E+00  1.2222E+00  1.2412E+02  5.5967E+03  3.9572E-08
 -3.4000   1145.3  4.16401E-02  0.000E+00  9.8921E+01  1.4527E+04  1.2744E+00  1.2222E+00  1.2636E+02  4.3210E+03  3.1220E-08
 -3.5000   1335.7  6.17746E-02  0.000E+00  9.9343E+01  1.4582E+04  1.2744E+00  1.2222E+00  1.2664E+02  3.2295E+03  2.4102E-08
 -3.6000   1547.0  8.17327E-02  0.000E+00  9.9764E+01  1.4637E+04  1.2744E+00  1.2222E+00  1.2509E+02  2.3053E+03  1.8082E-08
 -3.7000   1780.2  9.48548E-02  0.000E+00  1.0019E+02  1.4692E+04  1.2744E+00  1.2222E+00  1.2240E+02  1.5369E+03  1.3034E-08
 -3.8000   2036.4  9.81137E-02  0.000E+00  1.0061E+02  1.4747E+04  1.2744E+00  1.2222E+00  1.1931E+02  9.0931E+02  8.8137E-09
 -3.9000   2316.7  1.11271E-01  0.000E+00  1.0103E+02  1.4802E+04  1.2744E+00  1.2222E+00  1.1392E+02  3.8911E+02  5.2055E-09
 -4.0000   2622.1  4.00763E-01  0.000E+00  1.0145E+02  1.4856E+04  1.2744E+00  1.2222E+00  1.0036E+02  0.0000E+00  2.1657E-09
