  6.4218342E-02  0.0000000E+00  0.0000000E+00
  1.2000    213.9  3.20860E+03  0.000E+00  1.4807E+02  1.8468E+05  3.1285E+01  3.5588E+01  2.2388E+00  3.8528E+03  1.1787E-08
  1.1000    182.2  1.98773E+03  0.000E+00  1.3752E+02  1.5939E+05  2.7051E+01  3.1011E+01  2.1189E+00  3.7111E+03  1.1741E-08
  1.0000    153.7  1.13248E+03  0.000E+00  1.2741E+02  1.3646E+05  2.3219E+01  2.6848E+01  1.9688E+00  3.5213E+03  1.1537E-08
  0.9000    128.3  6.05285E+02  0.000E+00  1.1776E+02  1.1576E+05  1.9768E+01  2.3080E+01  1.7933E+00  3.2825E+03  1.1155E-08
  0.8000    105.7  3.07193E+02  0.000E+00  1.0856E+02  9.7184E+04  1.6680E+01  1.9688E+01  1.6000E+00  2.9988E+03  1.0583E-08
  0.7000     86.0  1.49195E+02  0.000E+00  9.9809E+01  8.0631E+04  1.3934E+01  1.6652E+01  1.3943E+00  2.6751E+03  9.8161E-09
  0.6000     68.8  6.98275E+01  0.000E+00  9.1509E+01  6.5985E+04  1.1512E+01  1.3953E+01  1.1789E+00  2.3158E+03  8.8536E-09
  0.5000     54.1  3.14635E+01  0.000E+00  8.3659E+01  5.3139E+04  9.3927E+00  1.1571E+01  9.5461E-01  1.9249E+03  7.7096E-09
  0.4000     41.6  1.37773E+01  0.000E+00  7.6260E+01  4.1982E+04  7.5580E+00  9.4868E+00  7.2393E-01  1.5121E+03  6.4043E-09
  0.3000     31.2  5.88420E+00  0.000E+00  6.9311E+01  3.2405E+04  5.9879E+00  7.6812E+00  4.9567E-01  1.0991E+03  5.0070E-09
  0.2000     22.8  2.43462E+00  0.000E+00  6.2813E+01  2.4298E+04  4.6628E+00  6.1347E+00  2.8551E-01  7.1925E+02  3.6357E-09
  0.1000     16.1  9.91314E-01  0.000E+00  5.6766E+01  1.7551E+04  3.5632E+00  4.8277E+00  1.1442E-01  4.1195E+02  2.4286E-09
  0.0000     11.1  3.89780E-01  0.000E+00  5.1169E+01  1.2055E+04  2.6696E+00  3.7409E+00  0.0000E+00  2.0416E+02  1.5175E-09
 -0.1000      7.5  1.55739E-01  0.000E+00  4.6023E+01  7.7005E+03  1.9624E+00  2.8547E+00  5.6874E-02  9.1141E+01  9.2894E-10
 -0.2000      5.2  6.84719E-02  0.000E+00  4.1327E+01  4.3773E+03  1.4221E+00  2.1498E+00  7.3181E-02  4.1781E+01  6.0157E-10
 -0.3000      4.1  3.64704E-02  0.000E+00  3.7083E+01  1.9759E+03  1.0291E+00  1.6067E+00  6.8871E-02  2.3438E+01  4.4383E-10
 -0.4000      3.9  2.66151E-02  0.000E+00  3.3288E+01  3.8688E+02  7.6399E-01  1.2060E+00  5.5851E-02  1.6984E+01  3.8293E-10
 -0.5000      4.5  2.51651E-02  0.000E+00  2.9945E+01  4.9953E+02  6.0713E-01  9.2821E-01  3.8292E-02  1.4484E+01  3.7787E-10
 -0.6000      5.8  2.74944E-02  0.000E+00  2.7052E+01  7.9291E+02  5.3899E-01  7.5391E-01  1.6296E-02  1.3414E+01  4.0170E-10
 -0.7000      7.6  3.11809E-02  0.000E+00  2.4609E+01  6.0288E+02  5.4005E-01  6.6367E-01  1.1017E-02  1.2898E+01  4.3678E-10
 -0.8000      9.6  3.47958E-02  0.000E+00  2.2617E+01  3.9062E+01  5.9077E-01  6.3806E-01  4.4670E-02  1.2703E+01  4.7304E-10
 -0.9000     11.9  3.76883E-02  0.000E+00  2.1076E+01  7.8891E+02  6.7162E-01  6.5761E-01  8.5953E-02  1.2941E+01  5.0163E-10
 -1.0000     14.1  3.93264E-02  0.000E+00  1.9986E+01  1.7714E+03  7.6305E-01  7.0291E-01  1.3620E-01  1.3906E+01  5.2130E-10
 -1.1000     16.2  3.95565E-02  0.000E+00  1.9346E+01  2.7988E+03  8.4551E-01  7.5452E-01  1.9658E-01  1.5809E+01  5.2958E-10
 -1.2000     17.9  3.83382E-02  0.000E+00  1.9156E+01  3.7614E+03  8.9950E-01  7.9298E-01  2.6828E-01  1.8855E+01  5.2706E-10
 -1.3000     19.2  3.57728E-02  0.000E+00  1.9418E+01  4.5497E+03  9.0546E-01  7.9887E-01  3.5165E-01  2.2994E+01  5.1648E-10
 -1.4000     19.8  3.20752E-02  0.000E+00  2.0130E+01  5.0540E+03  8.4383E-01  7.5276E-01  4.4598E-01  2.7967E+01  4.9697E-10
 -1.5000     19.7  2.76585E-02  0.000E+00  2.1292E+01  5.1984E+03  7.0259E-01  6.4186E-01  5.4919E-01  3.3326E+01  4.7133E-10
 -1.6000     18.9  2.31398E-02  0.000E+00  2.2905E+01  5.0417E+03  4.9964E-01  4.8015E-01  6.5802E-01  3.8506E+01  4.4241E-10
 -1.7000     17.8  1.89691E-02  0.000E+00  2.4969E+01  4.6766E+03  2.6037E-01  2.8825E-01  7.6964E-01  4.3121E+01  4.1359E-10
 -1.8000     16.5  1.54243E-02  0.000E+00  2.7483E+01  4.1954E+03  1.0155E-02  8.6838E-02  8.8110E-01  4.6816E+01  3.8727E-10
 -1.9000     15.3  1.25464E-02  0.000E+00  3.0448E+01  3.6909E+03  2.2562E-01  1.0350E-01  9.9030E-01  4.9409E+01  3.6383E-10
 -2.0000     14.2  1.03984E-02  0.000E+00  3.3864E+01  3.2555E+03  4.2155E-01  2.6208E-01  1.0959E+00  5.0857E+01  3.4456E-10
 -2.1000     13.7  8.94934E-03  0.000E+00  3.7730E+01  2.9818E+03  5.5223E-01  3.6832E-01  1.1966E+00  5.1056E+01  3.2907E-10
 -2.2000     13.8  8.16107E-03  0.000E+00  4.2047E+01  2.9623E+03  5.9230E-01  4.0152E-01  1.2902E+00  4.9830E+01  3.1653E-10
 -2.3000     14.8  7.97337E-03  0.000E+00  4.6815E+01  3.2896E+03  5.1636E-01  3.4106E-01  1.3707E+00  4.6696E+01  3.0486E-10
 -2.4000     16.9  8.23715E-03  0.000E+00  5.2033E+01  4.0563E+03  2.9903E-01  1.6635E-01  1.4360E+00  4.1771E+01  2.8876E-10
 -2.5000     20.3  8.93033E-03  0.000E+00  5.7701E+01  5.3548E+03  8.5106E-02  1.4330E-01  1.4978E+00  3.6400E+01  2.7155E-10
 -2.6000     25.2  9.99555E-03  0.000E+00  6.3821E+01  7.2778E+03  6.6141E-01  6.0851E-01  1.5663E+00  3.1396E+01  2.6083E-10
 -2.7000     31.9  1.13010E-02  0.000E+00  7.0391E+01  9.9178E+03  1.4553E+00  1.2499E+00  1.6457E+00  2.6747E+01  2.5498E-10
 -2.8000     40.5  1.27184E-02  0.000E+00  7.7411E+01  1.3367E+04  2.4921E+00  2.0882E+00  1.7463E+00  2.2689E+01  2.5349E-10
 -2.9000     51.2  1.40790E-02  0.000E+00  8.4883E+01  1.7719E+04  3.7973E+00  3.1439E+00  1.8876E+00  1.9688E+01  2.5682E-10
 -3.0000     64.3  1.51896E-02  0.000E+00  9.2804E+01  2.3065E+04  5.3962E+00  4.4377E+00  2.1034E+00  1.8403E+01  2.6621E-10
 -3.1000     80.0  1.58202E-02  0.000E+00  1.0118E+02  2.9499E+04  7.3143E+00  5.9903E+00  2.4484E+00  1.9681E+01  2.8357E-10
 -3.2000     98.5  1.57209E-02  0.000E+00  1.1000E+02  3.7112E+04  9.5768E+00  7.8223E+00  3.0084E+00  2.4521E+01  3.1129E-10
 -3.3000    120.0  1.47002E-02  0.000E+00  1.1927E+02  4.5997E+04  1.2209E+01  9.9543E+00  3.9139E+00  3.4007E+01  3.5177E-10
 -3.4000    144.7  1.29229E-02  0.000E+00  1.2900E+02  5.6248E+04  1.5237E+01  1.2407E+01  5.3498E+00  4.9017E+01  4.0632E-10
 -3.5000    172.8  1.15832E-02  0.000E+00  1.3917E+02  6.7956E+04  1.8685E+01  1.5201E+01  7.5236E+00  6.9221E+01  4.7173E-10
 -3.6000    204.6  1.39303E-02  0.000E+00  1.4980E+02  8.1213E+04  2.2580E+01  1.8357E+01  1.0473E+01  9.0680E+01  5.3277E-10
 -3.7000    240.2  2.57534E-02  0.000E+00  1.6087E+02  9.6113E+04  2.6946E+01  2.1895E+01  1.3565E+01  1.0300E+02  5.5477E-10
 -3.8000    279.8  5.40152E-02  0.000E+00  1.7240E+02  1.1275E+05  3.1809E+01  2.5837E+01  1.5067E+01  9.2300E+01  4.9681E-10
 -3.9000    323.8  1.20114E-01  0.000E+00  1.8438E+02  1.3121E+05  3.7194E+01  3.0202E+01  1.2745E+01  5.2544E+01  3.4588E-10
 -4.0000    372.2  3.03796E-01  0.000E+00  1.9681E+02  1.5159E+05  4.3127E+01  3.5012E+01  6.8425E+00  0.0000E+00  1.6600E-10
