  0.1729105      0.0000000E+00  0.0000000E+00
  1.2000  27365.5  1.11155E+05  0.000E+00  3.4205E+05  6.5342E+07  8.1568E-01  8.0894E-01  4.3720E+01  1.0211E+05  5.2716E-07
  1.1000  18996.6  1.12832E+05  0.000E+00  2.2577E+05  4.3128E+07  8.1567E-01  8.0893E-01  4.2914E+01  9.7256E+04  5.4051E-07
  1.0000  12560.1  1.10042E+05  0.000E+00  1.4008E+05  2.6763E+07  8.1567E-01  8.0893E-01  4.5988E+01  9.0292E+04  5.3903E-07
  0.9000   7797.9  9.58691E+04  0.000E+00  8.0343E+04  1.5358E+07  8.1567E-01  8.0893E-01  5.0657E+01  8.1734E+04  5.2156E-07
  0.8000   4451.9  3.56811E+04  0.000E+00  4.1892E+04  8.0219E+06  8.1567E-01  8.0893E-01  5.5903E+01  7.2216E+04  4.8985E-07
  0.7000   2263.9  5.81469E+03  0.000E+00  2.0075E+04  3.8632E+06  8.1567E-01  8.0893E-01  6.0434E+01  6.2764E+04  4.4990E-07
  0.6000    975.8  8.76742E+02  0.000E+00  1.0239E+04  1.9914E+06  8.1567E-01  8.0893E-01  6.2022E+01  5.5097E+04  4.1195E-07
  0.5000    329.4  1.29284E+02  0.000E+00  7.7291E+03  1.5157E+06  8.1567E-01  8.0893E-01  5.8868E+01  5.0754E+04  3.8586E-07
  0.4000     66.6  8.82706E-01  0.000E+00  7.8925E+03  1.5452E+06  8.1567E-01  8.0893E-01  5.1284E+01  4.9649E+04  3.7312E-07
  0.3000     34.1  2.15143E+01  0.000E+00  6.9846E+03  1.3638E+06  8.1567E-01  8.0893E-01  4.0678E+01  5.0591E+04  3.6877E-07
  0.2000     48.2  1.78994E+01  0.000E+00  4.9012E+03  9.5409E+05  8.1567E-01  8.0893E-01  2.8140E+01  5.2468E+04  3.6942E-07
  0.1000     14.4  1.01351E+01  0.000E+00  2.4482E+03  4.7326E+05  8.1567E-01  8.0893E-01  1.4472E+01  5.4464E+04  3.7178E-07
  0.0000     28.6  5.12899E+00  0.000E+00  4.3121E+02  7.8519E+04  8.1567E-01  8.0893E-01  0.0000E+00  5.6236E+04  3.7426E-07
 -0.1000     49.9  3.76101E+00  0.000E+00  5.4265E+02  1.1172E+05  8.1567E-01  8.0893E-01  1.5522E+01  5.7998E+04  3.7522E-07
 -0.2000     51.1  3.82147E+00  0.000E+00  6.6114E+02  1.3442E+05  8.1567E-01  8.0893E-01  3.2304E+01  6.0140E+04  3.7555E-07
 -0.3000     41.5  4.02891E+00  0.000E+00  3.1071E+02  6.5345E+04  8.1567E-01  8.0893E-01  5.0025E+01  6.2786E+04  3.7693E-07
 -0.4000     30.7  4.05892E+00  0.000E+00  1.2215E+02  1.9709E+04  8.1567E-01  8.0893E-01  6.7847E+01  6.5723E+04  3.7874E-07
 -0.5000     26.2  3.91435E+00  0.000E+00  3.3149E+02  6.0759E+04  8.1567E-01  8.0893E-01  8.4945E+01  6.8647E+04  3.8154E-07
 -0.6000     28.2  3.72849E+00  0.000E+00  3.3329E+02  6.1004E+04  8.1567E-01  8.0893E-01  1.0088E+02  7.1379E+04  3.8422E-07
 -0.7000     35.1  3.55929E+00  0.000E+00  2.2401E+02  3.9435E+04  8.1567E-01  8.0893E-01  1.1548E+02  7.3849E+04  3.8643E-07
 -0.8000     45.2  3.39242E+00  0.000E+00  1.0011E+02  1.5047E+04  8.1567E-01  8.0893E-01  1.2869E+02  7.6036E+04  3.8865E-07
 -0.9000     56.8  3.26231E+00  0.000E+00  3.7728E+01  2.8168E+03  8.1567E-01  8.0893E-01  1.4048E+02  7.7944E+04  3.9036E-07
 -1.0000     68.2  2.96415E+00  0.000E+00  3.1539E+01  1.6574E+03  8.1567E-01  8.0893E-01  1.5085E+02  7.9578E+04  3.9521E-07
 -1.1000     77.3  2.34647E+00  0.000E+00  5.5882E+01  6.4660E+03  8.1567E-01  8.0893E-01  1.5980E+02  8.0946E+04  4.0635E-07
 -1.2000     82.5  1.38220E+00  0.000E+00  8.5094E+01  1.2140E+04  8.1567E-01  8.0893E-01  1.6758E+02  8.2070E+04  4.2884E-07
 -1.3000     83.4  5.67100E-01  0.000E+00  1.0175E+02  1.5031E+04  8.1567E-01  8.0893E-01  1.7513E+02  8.3077E+04  4.6972E-07
 -1.4000     86.7  3.13587E-01  0.000E+00  1.2134E+02  1.7313E+04  8.1567E-01  8.0893E-01  1.8424E+02  8.4263E+04  5.2726E-07
 -1.5000    100.5  1.61347E-01  0.000E+00  1.6763E+02  2.2614E+04  8.1567E-01  8.0893E-01  1.9644E+02  8.5283E+04  5.9100E-07
 -1.6000    133.0  5.25379E-02  0.000E+00  2.6435E+02  3.4562E+04  8.1567E-01  8.0893E-01  2.1429E+02  8.4058E+04  6.2248E-07
 -1.7000    188.2  2.32632E-02  0.000E+00  4.2872E+02  5.5928E+04  8.1567E-01  8.0893E-01  2.3710E+02  7.9160E+04  5.8674E-07
 -1.8000    252.5  2.61562E-02  0.000E+00  6.5183E+02  8.6046E+04  8.1567E-01  8.0893E-01  2.5919E+02  7.3441E+04  5.2315E-07
 -1.9000    308.0  4.22144E-02  0.000E+00  9.1828E+02  1.2339E+05  8.1567E-01  8.0893E-01  2.7805E+02  6.9941E+04  4.7467E-07
 -2.0000    337.0  4.73426E-02  0.000E+00  1.2126E+03  1.6645E+05  8.1567E-01  8.0893E-01  2.9518E+02  6.8067E+04  4.5090E-07
 -2.1000    331.4  2.64243E-02  0.000E+00  1.5170E+03  2.1252E+05  8.1567E-01  8.0893E-01  3.1279E+02  6.5864E+04  4.4643E-07
 -2.2000    322.8  9.98378E-06  0.000E+00  1.8033E+03  2.5426E+05  8.1567E-01  8.0893E-01  3.3497E+02  5.9789E+04  4.3080E-07
 -2.3000    352.3  2.41460E-03  0.000E+00  2.0411E+03  2.8314E+05  8.1567E-01  8.0893E-01  3.6402E+02  4.9795E+04  3.6154E-07
 -2.4000    461.3  4.62276E-03  0.000E+00  2.1999E+03  2.9064E+05  8.1567E-01  8.0893E-01  3.9686E+02  3.9846E+04  2.8601E-07
 -2.5000    683.8  1.26006E-02  0.000E+00  2.2905E+03  2.7584E+05  8.1567E-01  8.0893E-01  4.3271E+02  3.1404E+04  2.2382E-07
 -2.6000   1024.5  4.18605E-02  0.000E+00  2.4893E+03  2.6823E+05  8.1567E-01  8.0893E-01  4.7316E+02  2.4266E+04  1.7223E-07
 -2.7000   1480.8  1.34467E-01  0.000E+00  3.0137E+03  3.0487E+05  8.1567E-01  8.0893E-01  5.1380E+02  1.8473E+04  1.3009E-07
 -2.8000   2050.0  2.05742E-01  0.000E+00  4.0813E+03  4.2286E+05  8.1567E-01  8.0893E-01  5.7088E+02  1.4515E+04  9.9805E-08
 -2.9000   2703.4  5.14003E-01  0.000E+00  5.7729E+03  6.3848E+05  8.1567E-01  8.0893E-01  6.4940E+02  1.2282E+04  8.0225E-08
 -3.0000   3307.4  2.10096E+00  0.000E+00  7.6219E+03  8.8481E+05  8.1567E-01  8.0893E-01  7.0542E+02  1.0761E+04  6.9095E-08
 -3.1000   3702.5  4.21091E+00  0.000E+00  9.0249E+03  1.0741E+06  8.1567E-01  8.0893E-01  7.2632E+02  9.2173E+03  6.0932E-08
 -3.2000   3729.0  3.78576E+00  0.000E+00  9.3785E+03  1.1188E+06  8.1567E-01  8.0893E-01  7.3541E+02  7.5288E+03  5.1688E-08
 -3.3000   3367.0  1.66221E+00  0.000E+00  8.5117E+03  9.9192E+05  8.1567E-01  8.0893E-01  7.4822E+02  6.0037E+03  4.1574E-08
 -3.4000   3155.2  8.88947E-01  0.000E+00  7.9825E+03  9.1063E+05  8.1567E-01  8.0893E-01  7.7248E+02  4.7951E+03  3.3820E-08
 -3.5000   3772.0  3.22120E+00  0.000E+00  9.7814E+03  1.1529E+06  8.1567E-01  8.0893E-01  7.8708E+02  3.6421E+03  2.6834E-08
 -3.6000   5895.9  9.49523E+01  0.000E+00  1.5899E+04  1.9966E+06  8.1567E-01  8.0893E-01  7.7873E+02  2.5786E+03  2.0154E-08
 -3.7000  10205.2  3.79337E+02  0.000E+00  2.8325E+04  3.7198E+06  8.1567E-01  8.0893E-01  7.6230E+02  1.7473E+03  1.5092E-08
 -3.8000  17378.3  4.00815E+02  0.000E+00  4.9051E+04  6.6005E+06  8.1567E-01  8.0893E-01  7.4444E+02  1.0820E+03  1.1159E-08
 -3.9000  28093.6  4.03235E+02  0.000E+00  8.0066E+04  1.0917E+07  8.1567E-01  8.0893E-01  7.2279E+02  4.9558E+02  7.7520E-09
 -4.0000  43029.6  4.17628E+02  0.000E+00  1.2336E+05  1.6946E+07  8.1567E-01  8.0893E-01  6.9562E+02  0.0000E+00  4.5742E-09
