  0.2204339      0.0000000E+00  0.0000000E+00
  1.2000     39.6  5.76786E+01  0.000E+00  7.6396E+01  1.1644E+04  2.3200E+00  2.1556E+00  1.2824E+00  8.8725E+03  1.9960E-08
  1.1000     40.8  4.81813E+01  0.000E+00  7.6396E+01  1.1644E+04  2.3200E+00  2.1556E+00  1.3237E+00  8.5382E+03  1.9828E-08
  1.0000     42.0  3.96422E+01  0.000E+00  7.6396E+01  1.1644E+04  2.3200E+00  2.1556E+00  1.3523E+00  8.1827E+03  1.9643E-08
  0.9000     43.2  3.21159E+01  0.000E+00  7.6396E+01  1.1644E+04  2.3200E+00  2.1556E+00  1.3654E+00  7.8007E+03  1.9386E-08
  0.8000     44.4  2.55981E+01  0.000E+00  7.6396E+01  1.1644E+04  2.3200E+00  2.1556E+00  1.3592E+00  7.3858E+03  1.9038E-08
  0.7000     45.5  2.00645E+01  0.000E+00  7.6396E+01  1.1644E+04  2.3200E+00  2.1556E+00  1.3291E+00  6.9308E+03  1.8573E-08
  0.6000     46.7  1.54945E+01  0.000E+00  7.6396E+01  1.1644E+04  2.3200E+00  2.1556E+00  1.2699E+00  6.4288E+03  1.7957E-08
  0.5000     47.9  1.17143E+01  0.000E+00  7.6396E+01  1.1644E+04  2.3200E+00  2.1556E+00  1.1746E+00  5.8719E+03  1.7168E-08
  0.4000     49.1  8.73585E+00  0.000E+00  7.6396E+01  1.1644E+04  2.3200E+00  2.1556E+00  1.0361E+00  5.2547E+03  1.6157E-08
  0.3000     50.3  6.43568E+00  0.000E+00  7.6396E+01  1.1644E+04  2.3200E+00  2.1556E+00  8.4838E-01  4.5788E+03  1.4905E-08
  0.2000     51.4  4.64279E+00  0.000E+00  7.6396E+01  1.1644E+04  2.3200E+00  2.1556E+00  6.0823E-01  3.8530E+03  1.3424E-08
  0.1000     52.6  3.33633E+00  0.000E+00  7.6396E+01  1.1644E+04  2.3200E+00  2.1556E+00  3.1963E-01  3.1002E+03  1.1731E-08
  0.0000     53.8  2.33022E+00  0.000E+00  7.6396E+01  1.1644E+04  2.3200E+00  2.1556E+00  0.0000E+00  2.3598E+03  9.9469E-09
 -0.1000     55.0  1.62029E+00  0.000E+00  7.6396E+01  1.1644E+04  2.3200E+00  2.1556E+00  3.1727E-01  1.6837E+03  8.1852E-09
 -0.2000     56.2  1.12893E+00  0.000E+00  7.6396E+01  1.1644E+04  2.3200E+00  2.1556E+00  5.8941E-01  1.1232E+03  6.6092E-09
 -0.3000     57.3  7.74632E-01  0.000E+00  7.6396E+01  1.1644E+04  2.3200E+00  2.1556E+00  7.6938E-01  7.1316E+02  5.3679E-09
 -0.4000     58.5  5.52253E-01  0.000E+00  7.6396E+01  1.1644E+04  2.3200E+00  2.1556E+00  8.3047E-01  4.5425E+02  4.4811E-09
 -0.5000     59.7  4.03636E-01  0.000E+00  7.6396E+01  1.1644E+04  2.3200E+00  2.1556E+00  7.7206E-01  3.1833E+02  3.9248E-09
 -0.6000     60.9  3.13512E-01  0.000E+00  7.6396E+01  1.1644E+04  2.3200E+00  2.1556E+00  6.1110E-01  2.6710E+02  3.6002E-09
 -0.7000     62.1  2.57063E-01  0.000E+00  7.6396E+01  1.1644E+04  2.3200E+00  2.1556E+00  3.7756E-01  2.6207E+02  3.4102E-09
 -0.8000     63.2  2.18530E-01  0.000E+00  7.6396E+01  1.1644E+04  2.3200E+00  2.1556E+00  9.6901E-02  2.7723E+02  3.2955E-09
 -0.9000     64.4  1.91597E-01  0.000E+00  7.6396E+01  1.1644E+04  2.3200E+00  2.1556E+00  2.1152E-01  2.9716E+02  3.1974E-09
 -1.0000     65.6  1.71026E-01  0.000E+00  7.6396E+01  1.1644E+04  2.3200E+00  2.1556E+00  5.3259E-01  3.1322E+02  3.1012E-09
 -1.1000     66.8  1.54173E-01  0.000E+00  7.6396E+01  1.1644E+04  2.3200E+00  2.1556E+00  8.5594E-01  3.2163E+02  2.9850E-09
 -1.2000     68.0  1.39450E-01  0.000E+00  7.6396E+01  1.1644E+04  2.3200E+00  2.1556E+00  1.1770E+00  3.2229E+02  2.8473E-09
 -1.3000     69.1  1.26704E-01  0.000E+00  7.6396E+01  1.1644E+04  2.3200E+00  2.1556E+00  1.4903E+00  3.1529E+02  2.6960E-09
 -1.4000     70.3  1.14988E-01  0.000E+00  7.6396E+01  1.1644E+04  2.3200E+00  2.1556E+00  1.7917E+00  3.0150E+02  2.5242E-09
 -1.5000     71.5  1.04529E-01  0.000E+00  7.6396E+01  1.1644E+04  2.3200E+00  2.1556E+00  2.0785E+00  2.8228E+02  2.3427E-09
 -1.6000     72.7  9.49081E-02  0.000E+00  7.6396E+01  1.1644E+04  2.3200E+00  2.1556E+00  2.3472E+00  2.5866E+02  2.1499E-09
 -1.7000     73.9  8.60596E-02  0.000E+00  7.6396E+01  1.1644E+04  2.3200E+00  2.1556E+00  2.5982E+00  2.3244E+02  1.9521E-09
 -1.8000     75.0  7.81010E-02  0.000E+00  7.6396E+01  1.1644E+04  2.3200E+00  2.1556E+00  2.8281E+00  2.0447E+02  1.7558E-09
 -1.9000     76.2  7.07833E-02  0.000E+00  7.6396E+01  1.1644E+04  2.3200E+00  2.1556E+00  3.0342E+00  1.7550E+02  1.5595E-09
 -2.0000     77.4  6.41881E-02  0.000E+00  7.6396E+01  1.1644E+04  2.3200E+00  2.1556E+00  3.2134E+00  1.4627E+02  1.3686E-09
 -2.1000     78.6  5.81944E-02  0.000E+00  7.6396E+01  1.1644E+04  2.3200E+00  2.1556E+00  3.3606E+00  1.1712E+02  1.1825E-09
 -2.2000     79.8  5.27528E-02  0.000E+00  7.6396E+01  1.1644E+04  2.3200E+00  2.1556E+00  3.4718E+00  8.8603E+01  1.0033E-09
 -2.3000     81.0  4.66062E-02  0.000E+00  7.6396E+01  1.1644E+04  2.3200E+00  2.1556E+00  3.6085E+00  6.6801E+01  8.3304E-10
 -2.4000     82.1  3.89934E-02  0.000E+00  7.6396E+01  1.1644E+04  2.3200E+00  2.1556E+00  3.8890E+00  5.9444E+01  7.1514E-10
 -2.5000     83.3  3.08777E-02  0.000E+00  7.6396E+01  1.1644E+04  2.3200E+00  2.1556E+00  4.3882E+00  6.6348E+01  6.6096E-10
 -2.6000     84.5  2.29989E-02  0.000E+00  7.6396E+01  1.1644E+04  2.3200E+00  2.1556E+00  5.1537E+00  8.3915E+01  6.5245E-10
 -2.7000     85.7  1.66097E-02  0.000E+00  7.6396E+01  1.1644E+04  2.3200E+00  2.1556E+00  6.2367E+00  1.0872E+02  6.7405E-10
 -2.8000     86.9  1.34382E-02  0.000E+00  7.6396E+01  1.1644E+04  2.3200E+00  2.1556E+00  7.6601E+00  1.3610E+02  7.0777E-10
 -2.9000     88.0  1.49760E-02  0.000E+00  7.6396E+01  1.1644E+04  2.3200E+00  2.1556E+00  9.3575E+00  1.5942E+02  7.3106E-10
 -3.0000     89.2  2.14837E-02  0.000E+00  7.6396E+01  1.1644E+04  2.3200E+00  2.1556E+00  1.1124E+01  1.7141E+02  7.2149E-10
 -3.1000     90.4  3.17213E-02  0.000E+00  7.6396E+01  1.1644E+04  2.3200E+00  2.1556E+00  1.2652E+01  1.6790E+02  6.6811E-10
 -3.2000     91.6  4.40713E-02  0.000E+00  7.6396E+01  1.1644E+04  2.3200E+00  2.1556E+00  1.3661E+01  1.5040E+02  5.7825E-10
 -3.3000     92.8  5.77889E-02  0.000E+00  7.6396E+01  1.1644E+04  2.3200E+00  2.1556E+00  1.4005E+01  1.2460E+02  4.7099E-10
 -3.4000     93.9  7.31411E-02  0.000E+00  7.6396E+01  1.1644E+04  2.3200E+00  2.1556E+00  1.3692E+01  9.6609E+01  3.6496E-10
 -3.5000     95.1  9.09547E-02  0.000E+00  7.6396E+01  1.1644E+04  2.3200E+00  2.1556E+00  1.2836E+01  7.0565E+01  2.7166E-10
 -3.6000     96.3  1.12263E-01  0.000E+00  7.6396E+01  1.1644E+04  2.3200E+00  2.1556E+00  1.1615E+01  4.8457E+01  1.9554E-10
 -3.7000     97.5  1.38131E-01  0.000E+00  7.6396E+01  1.1644E+04  2.3200E+00  2.1556E+00  1.0228E+01  3.0792E+01  1.3660E-10
 -3.8000     98.7  1.69626E-01  0.000E+00  7.6396E+01  1.1644E+04  2.3200E+00  2.1556E+00  8.8527E+00  1.7270E+01  9.2663E-11
 -3.9000     99.8  2.07824E-01  0.000E+00  7.6396E+01  1.1644E+04  2.3200E+00  2.1556E+00  7.6162E+00  7.2491E+00  6.0860E-11
 -4.0000    101.0  2.53818E-01  0.000E+00  7.6396E+01  1.1644E+04  2.3200E+00  2.1556E+00  6.5830E+00  0.0000E+00  3.8344E-11
