  9.5706135E-02  0.0000000E+00  0.0000000E+00
  1.2000     18.0  2.08479E+02  0.000E+00  1.0169E+03  1.6124E+05  2.9636E+01  3.3100E+01  4.1212E-01  1.1011E+03  2.1228E-09
  1.1000     16.9  1.45051E+02  0.000E+00  8.7905E+02  1.3942E+05  2.5724E+01  2.8924E+01  4.0318E-01  1.0862E+03  2.2315E-09
  1.0000     15.9  9.40293E+01  0.000E+00  7.5389E+02  1.1960E+05  2.2170E+01  2.5117E+01  3.9143E-01  1.0652E+03  2.3317E-09
  0.9000     14.9  5.79609E+01  0.000E+00  6.4086E+02  1.0169E+05  1.8958E+01  2.1662E+01  3.7706E-01  1.0373E+03  2.4187E-09
  0.8000     13.9  3.43906E+01  0.000E+00  5.3935E+02  8.5597E+04  1.6071E+01  1.8544E+01  3.6012E-01  1.0015E+03  2.4870E-09
  0.7000     13.0  1.98149E+01  0.000E+00  4.4879E+02  7.1234E+04  1.3493E+01  1.5744E+01  3.4024E-01  9.5628E+02  2.5295E-09
  0.6000     12.2  1.11847E+01  0.000E+00  3.6859E+02  5.8506E+04  1.1206E+01  1.3246E+01  3.1620E-01  8.9936E+02  2.5355E-09
  0.5000     11.5  6.18933E+00  0.000E+00  2.9815E+02  4.7319E+04  9.1937E+00  1.1033E+01  2.8596E-01  8.2731E+02  2.4929E-09
  0.4000     10.8  3.39763E+00  0.000E+00  2.3690E+02  3.7583E+04  7.4396E+00  9.0882E+00  2.4693E-01  7.3642E+02  2.3832E-09
  0.3000     10.1  1.86303E+00  0.000E+00  1.8423E+02  2.9205E+04  5.9267E+00  7.3950E+00  1.9688E-01  6.2466E+02  2.1922E-09
  0.2000      9.6  1.01601E+00  0.000E+00  1.3958E+02  2.2092E+04  4.6383E+00  5.9365E+00  1.3530E-01  4.9406E+02  1.9184E-09
  0.1000      9.1  5.62077E-01  0.000E+00  1.0234E+02  1.6153E+04  3.5576E+00  4.6957E+00  6.6140E-02  3.5503E+02  1.5788E-09
  0.0000      8.6  3.08516E-01  0.000E+00  7.1923E+01  1.1294E+04  2.6678E+00  3.6559E+00  0.0000E+00  2.2675E+02  1.2295E-09
 -0.1000      8.2  1.74522E-01  0.000E+00  4.7752E+01  7.4251E+03  1.9522E+00  2.8002E+00  4.9470E-02  1.2875E+02  9.2928E-10
 -0.2000      7.9  1.05641E-01  0.000E+00  2.9234E+01  4.4524E+03  1.3940E+00  2.1118E+00  7.4764E-02  6.8016E+01  7.1361E-10
 -0.3000      7.6  6.92701E-02  0.000E+00  1.5781E+01  2.2841E+03  9.7644E-01  1.5738E+00  7.7854E-02  3.7352E+01  5.7867E-10
 -0.4000      7.4  5.10969E-02  0.000E+00  6.8049E+00  8.2797E+02  6.8278E-01  1.1694E+00  6.6265E-02  2.4398E+01  4.9431E-10
 -0.5000      7.3  4.04882E-02  0.000E+00  1.7185E+00  8.1562E+00  4.9619E-01  8.8170E-01  4.7195E-02  1.9516E+01  4.3838E-10
 -0.6000      7.2  3.38964E-02  0.000E+00  6.6650E-02  3.1656E+02  3.9995E-01  6.9400E-01  2.4529E-02  1.7930E+01  3.9613E-10
 -0.7000      7.2  2.92597E-02  0.000E+00  8.6157E-01  1.8947E+02  3.7727E-01  5.8939E-01  1.9073E-04  1.7484E+01  3.6130E-10
 -0.8000      7.3  2.56710E-02  0.000E+00  3.9155E+00  2.8091E+02  4.1141E-01  5.5104E-01  2.5368E-02  1.7504E+01  3.3290E-10
 -0.9000      7.4  2.27976E-02  0.000E+00  8.5073E+00  1.0023E+03  4.8557E-01  5.6210E-01  5.2567E-02  1.7926E+01  3.0887E-10
 -1.0000      7.6  2.04036E-02  0.000E+00  1.4049E+01  1.8825E+03  5.8300E-01  6.0577E-01  8.2092E-02  1.8785E+01  2.9027E-10
 -1.1000      7.8  1.83589E-02  0.000E+00  1.9952E+01  2.8293E+03  6.8693E-01  6.6519E-01  1.1484E-01  2.0145E+01  2.7600E-10
 -1.2000      8.1  1.65589E-02  0.000E+00  2.5629E+01  3.7505E+03  7.8059E-01  7.2353E-01  1.5210E-01  2.2105E+01  2.6611E-10
 -1.3000      8.5  1.49932E-02  0.000E+00  3.0492E+01  4.5538E+03  8.4721E-01  7.6395E-01  1.9499E-01  2.4648E+01  2.6111E-10
 -1.4000      8.9  1.35881E-02  0.000E+00  3.3954E+01  5.1469E+03  8.7003E-01  7.6959E-01  2.4477E-01  2.7738E+01  2.5981E-10
 -1.5000      9.4  1.23636E-02  0.000E+00  3.5600E+01  5.4640E+03  8.3768E-01  7.2878E-01  3.0258E-01  3.1281E+01  2.6243E-10
 -1.6000      9.9  1.12977E-02  0.000E+00  3.5716E+01  5.5448E+03  7.6041E-01  6.5004E-01  3.6934E-01  3.5123E+01  2.6778E-10
 -1.7000     10.5  1.03841E-02  0.000E+00  3.4760E+01  5.4549E+03  6.5382E-01  5.4716E-01  4.4589E-01  3.9135E+01  2.7532E-10
 -1.8000     11.2  9.67288E-03  0.000E+00  3.3192E+01  5.2605E+03  5.3361E-01  4.3382E-01  5.3223E-01  4.3070E+01  2.8456E-10
 -1.9000     11.9  9.12273E-03  0.000E+00  3.1471E+01  5.0273E+03  4.1537E-01  3.2373E-01  6.2747E-01  4.6664E+01  2.9399E-10
 -2.0000     12.7  8.76069E-03  0.000E+00  3.0057E+01  4.8213E+03  3.1476E-01  2.3061E-01  7.2974E-01  4.9594E+01  3.0289E-10
 -2.1000     13.6  8.53771E-03  0.000E+00  2.9408E+01  4.7083E+03  2.4742E-01  1.6817E-01  8.3508E-01  5.1456E+01  3.0941E-10
 -2.2000     14.5  8.40658E-03  0.000E+00  2.9983E+01  4.7544E+03  2.2898E-01  1.5009E-01  9.3811E-01  5.1838E+01  3.1183E-10
 -2.3000     15.4  7.95129E-03  0.000E+00  3.2243E+01  5.0253E+03  2.7509E-01  1.9011E-01  1.0428E+00  5.1379E+01  3.0597E-10
 -2.4000     16.5  7.29105E-03  0.000E+00  3.6645E+01  5.5870E+03  4.0140E-01  3.0193E-01  1.1634E+00  5.1467E+01  2.9912E-10
 -2.5000     17.6  6.69718E-03  0.000E+00  4.3650E+01  6.5054E+03  6.2351E-01  4.9925E-01  1.3069E+00  5.2459E+01  2.9719E-10
 -2.6000     18.8  6.19096E-03  0.000E+00  5.3717E+01  7.8464E+03  9.5712E-01  7.9582E-01  1.4729E+00  5.3998E+01  2.9879E-10
 -2.7000     20.0  5.79280E-03  0.000E+00  6.7304E+01  9.6758E+03  1.4178E+00  1.2053E+00  1.6591E+00  5.5750E+01  3.0265E-10
 -2.8000     21.3  5.50953E-03  0.000E+00  8.4871E+01  1.2060E+04  2.0213E+00  1.7415E+00  1.8614E+00  5.7418E+01  3.0768E-10
 -2.9000     22.6  5.33947E-03  0.000E+00  1.0688E+02  1.5064E+04  2.7831E+00  2.4180E+00  2.0737E+00  5.8702E+01  3.1280E-10
 -3.0000     24.0  5.25662E-03  0.000E+00  1.3378E+02  1.8754E+04  3.7189E+00  3.2485E+00  2.2871E+00  5.9304E+01  3.1685E-10
 -3.1000     25.5  5.21100E-03  0.000E+00  1.6604E+02  2.3197E+04  4.8445E+00  4.2468E+00  2.4904E+00  5.8924E+01  3.1858E-10
 -3.2000     27.0  5.10985E-03  0.000E+00  2.0412E+02  2.8457E+04  6.1753E+00  5.4267E+00  2.6722E+00  5.7294E+01  3.1667E-10
 -3.3000     28.6  4.86735E-03  0.000E+00  2.4848E+02  3.4602E+04  7.7271E+00  6.8017E+00  2.8183E+00  5.4134E+01  3.0956E-10
 -3.4000     30.3  4.38655E-03  0.000E+00  2.9957E+02  4.1696E+04  9.5154E+00  8.3856E+00  2.9127E+00  4.9162E+01  2.9538E-10
 -3.5000     32.0  3.64015E-03  0.000E+00  3.5785E+02  4.9806E+04  1.1556E+01  1.0192E+01  2.9413E+00  4.2215E+01  2.7235E-10
 -3.6000     33.8  2.70980E-03  0.000E+00  4.2379E+02  5.8998E+04  1.3864E+01  1.2235E+01  2.8964E+00  3.3411E+01  2.3931E-10
 -3.7000     35.6  1.76508E-03  0.000E+00  4.9784E+02  6.9337E+04  1.6456E+01  1.4528E+01  2.7937E+00  2.3556E+01  1.9789E-10
 -3.8000     37.5  9.94106E-04  0.000E+00  5.8047E+02  8.0889E+04  1.9347E+01  1.7085E+01  2.6974E+00  1.4429E+01  1.5450E-10
 -3.9000     39.5  5.14328E-04  0.000E+00  6.7212E+02  9.3721E+04  2.2553E+01  1.9919E+01  2.6797E+00  7.4121E+00  1.1480E-10
 -4.0000     41.5  2.86567E-04  0.000E+00  7.7327E+02  1.0790E+05  2.6090E+01  2.3044E+01  2.5346E+00  0.0000E+00  6.3778E-11
