  0.8566356      0.0000000E+00  0.0000000E+00
  1.2000    474.8  3.95221E+03  0.000E+00  2.0735E+03  3.1029E+05  1.2072E+00  1.1741E+00  4.5103E+00  3.8921E+04  8.3787E-08
  1.1000    398.8  2.20770E+03  0.000E+00  1.8089E+03  2.7048E+05  1.2072E+00  1.1741E+00  4.8436E+00  3.8082E+04  8.4589E-08
  1.0000    331.2  1.18166E+03  0.000E+00  1.5669E+03  2.3412E+05  1.2072E+00  1.1741E+00  5.1455E+00  3.7160E+04  8.4890E-08
  0.9000    271.8  6.10247E+02  0.000E+00  1.3467E+03  2.0108E+05  1.2072E+00  1.1741E+00  5.3839E+00  3.6198E+04  8.4760E-08
  0.8000    219.9  3.04909E+02  0.000E+00  1.1471E+03  1.7119E+05  1.2072E+00  1.1741E+00  5.5341E+00  3.5238E+04  8.4302E-08
  0.7000    175.2  1.47272E+02  0.000E+00  9.6735E+02  1.4431E+05  1.2072E+00  1.1741E+00  5.5737E+00  3.4321E+04  8.3642E-08
  0.6000    137.2  6.84605E+01  0.000E+00  8.0640E+02  1.2030E+05  1.2072E+00  1.1741E+00  5.4769E+00  3.3493E+04  8.2928E-08
  0.5000    105.3  2.99170E+01  0.000E+00  6.6330E+02  9.8986E+04  1.2072E+00  1.1741E+00  5.2096E+00  3.2808E+04  8.2426E-08
  0.4000     79.2  1.17750E+01  0.000E+00  5.3710E+02  8.0234E+04  1.2072E+00  1.1741E+00  4.7300E+00  3.2331E+04  8.2322E-08
  0.3000     58.4  3.48772E+00  0.000E+00  4.2682E+02  6.3889E+04  1.2072E+00  1.1741E+00  3.9947E+00  3.2127E+04  8.2883E-08
  0.2000     42.4  1.73515E-01  0.000E+00  3.3152E+02  4.9801E+04  1.2072E+00  1.1741E+00  2.9660E+00  3.2246E+04  8.4406E-08
  0.1000     30.8  1.69365E+00  0.000E+00  2.5023E+02  3.7820E+04  1.2072E+00  1.1741E+00  1.6298E+00  3.2701E+04  8.6903E-08
  0.0000     23.0  2.27237E+00  0.000E+00  1.8199E+02  2.7796E+04  1.2072E+00  1.1741E+00  0.0000E+00  3.3467E+04  9.0547E-08
 -0.1000     18.7  2.45838E+00  0.000E+00  1.2585E+02  1.9578E+04  1.2072E+00  1.1741E+00  1.8739E+00  3.4481E+04  9.5044E-08
 -0.2000     17.3  2.48933E+00  0.000E+00  8.0829E+01  1.3016E+04  1.2072E+00  1.1741E+00  3.9037E+00  3.5648E+04  1.0014E-07
 -0.3000     18.4  2.44433E+00  0.000E+00  4.5981E+01  7.9588E+03  1.2072E+00  1.1741E+00  5.9958E+00  3.6879E+04  1.0575E-07
 -0.4000     21.6  2.37245E+00  0.000E+00  2.0343E+01  4.2572E+03  1.2072E+00  1.1741E+00  8.0597E+00  3.8098E+04  1.1142E-07
 -0.5000     26.3  2.26108E+00  0.000E+00  2.9524E+00  1.7606E+03  1.2072E+00  1.1741E+00  1.0017E+01  3.9247E+04  1.1724E-07
 -0.6000     32.2  2.12162E+00  0.000E+00  7.1497E+00  3.1841E+02  1.2072E+00  1.1741E+00  1.1812E+01  4.0287E+04  1.2292E-07
 -0.7000     38.6  1.95055E+00  0.000E+00  1.0924E+01  2.1959E+02  1.2072E+00  1.1741E+00  1.3409E+01  4.1199E+04  1.2843E-07
 -0.8000     45.3  1.72186E+00  0.000E+00  9.3315E+00  3.7500E+00  1.2072E+00  1.1741E+00  1.4794E+01  4.1975E+04  1.3407E-07
 -0.9000     51.7  1.45946E+00  0.000E+00  3.3323E+00  8.1562E+02  1.2072E+00  1.1741E+00  1.5967E+01  4.2616E+04  1.3963E-07
 -1.0000     57.3  1.14509E+00  0.000E+00  6.1130E+00  2.0881E+03  1.2072E+00  1.1741E+00  1.6943E+01  4.3133E+04  1.4556E-07
 -1.1000     61.7  8.19899E-01  0.000E+00  1.8044E+01  3.6635E+03  1.2072E+00  1.1741E+00  1.7747E+01  4.3540E+04  1.5184E-07
 -1.2000     64.5  5.23867E-01  0.000E+00  3.1500E+01  5.3914E+03  1.2072E+00  1.1741E+00  1.8412E+01  4.3855E+04  1.5870E-07
 -1.3000     65.1  2.94290E-01  0.000E+00  4.5520E+01  7.1214E+03  1.2072E+00  1.1741E+00  1.8974E+01  4.4099E+04  1.6681E-07
 -1.4000     63.1  1.75520E-01  0.000E+00  5.9145E+01  8.7032E+03  1.2072E+00  1.1741E+00  1.9478E+01  4.4298E+04  1.7631E-07
 -1.5000     58.3  1.43137E-01  0.000E+00  7.1904E+01  1.0061E+04  1.2072E+00  1.1741E+00  1.9970E+01  4.4488E+04  1.8821E-07
 -1.6000     51.7  1.38018E-01  0.000E+00  8.5293E+01  1.1419E+04  1.2072E+00  1.1741E+00  2.0487E+01  4.4692E+04  2.0303E-07
 -1.7000     44.5  9.87356E-02  0.000E+00  1.0130E+02  1.3073E+04  1.2072E+00  1.1741E+00  2.1033E+01  4.4860E+04  2.2145E-07
 -1.8000     37.9  4.03955E-02  0.000E+00  1.2191E+02  1.5323E+04  1.2072E+00  1.1741E+00  2.1683E+01  4.4802E+04  2.4415E-07
 -1.9000     33.1  8.60250E-03  0.000E+00  1.4910E+02  1.8465E+04  1.2072E+00  1.1741E+00  2.3019E+01  4.3643E+04  2.6693E-07
 -2.0000     31.4  6.16739E-03  0.000E+00  1.8487E+02  2.2798E+04  1.2072E+00  1.1741E+00  2.5868E+01  4.1139E+04  2.6142E-07
 -2.1000     34.0  6.91714E-03  0.000E+00  2.3120E+02  2.8619E+04  1.2072E+00  1.1741E+00  3.0107E+01  3.8441E+04  2.4363E-07
 -2.2000     42.0  6.86757E-03  0.000E+00  2.9008E+02  3.6227E+04  1.2072E+00  1.1741E+00  3.5256E+01  3.5970E+04  2.2820E-07
 -2.3000     56.8  6.08866E-03  0.000E+00  3.6350E+02  4.5919E+04  1.2072E+00  1.1741E+00  4.1205E+01  3.3357E+04  2.1245E-07
 -2.4000     79.6  4.69846E-03  0.000E+00  4.5343E+02  5.7992E+04  1.2072E+00  1.1741E+00  4.7743E+01  3.0393E+04  1.9479E-07
 -2.5000    111.6  2.86398E-03  0.000E+00  5.6187E+02  7.2746E+04  1.2072E+00  1.1741E+00  5.4551E+01  2.6997E+04  1.7449E-07
 -2.6000    154.0  1.20242E-03  0.000E+00  6.9080E+02  9.0477E+04  1.2072E+00  1.1741E+00  6.1059E+01  2.3358E+04  1.5170E-07
 -2.7000    208.0  4.23115E-04  0.000E+00  8.4221E+02  1.1148E+05  1.2072E+00  1.1741E+00  6.6689E+01  1.9778E+04  1.2921E-07
 -2.8000    274.9  1.92490E-03  0.000E+00  1.0181E+03  1.3606E+05  1.2072E+00  1.1741E+00  7.1187E+01  1.6441E+04  1.0822E-07
 -2.9000    355.8  3.47461E-03  0.000E+00  1.2204E+03  1.6451E+05  1.2072E+00  1.1741E+00  7.4576E+01  1.3459E+04  8.9451E-08
 -3.0000    452.1  5.31611E-03  0.000E+00  1.4512E+03  1.9713E+05  1.2072E+00  1.1741E+00  7.7164E+01  1.0885E+04  7.3226E-08
 -3.1000    564.9  7.58957E-03  0.000E+00  1.7124E+03  2.3422E+05  1.2072E+00  1.1741E+00  7.9590E+01  8.7334E+03  5.9581E-08
 -3.2000    695.5  1.09124E-02  0.000E+00  2.0059E+03  2.7607E+05  1.2072E+00  1.1741E+00  8.2570E+01  6.9741E+03  4.8308E-08
 -3.3000    845.1  1.69016E-02  0.000E+00  2.3339E+03  3.2298E+05  1.2072E+00  1.1741E+00  8.6145E+01  5.5343E+03  3.8962E-08
 -3.4000   1014.9  2.79458E-02  0.000E+00  2.6983E+03  3.7526E+05  1.2072E+00  1.1741E+00  8.9263E+01  4.3227E+03  3.1044E-08
 -3.5000   1206.1  4.54362E-02  0.000E+00  3.1011E+03  4.3319E+05  1.2072E+00  1.1741E+00  9.0600E+01  3.2772E+03  2.4230E-08
 -3.6000   1420.0  6.68651E-02  0.000E+00  3.5441E+03  4.9708E+05  1.2072E+00  1.1741E+00  8.9712E+01  2.3767E+03  1.8385E-08
 -3.7000   1657.7  8.50176E-02  0.000E+00  4.0296E+03  5.6722E+05  1.2072E+00  1.1741E+00  8.7056E+01  1.6154E+03  1.3431E-08
 -3.8000   1920.6  9.33045E-02  0.000E+00  4.5594E+03  6.4391E+05  1.2072E+00  1.1741E+00  8.3476E+01  9.8614E+02  9.2682E-09
 -3.9000   2209.9  9.91805E-02  0.000E+00  5.1354E+03  7.2745E+05  1.2072E+00  1.1741E+00  7.8603E+01  4.6843E+02  5.7348E-09
 -4.0000   2526.6  1.50311E-01  0.000E+00  5.7598E+03  8.1814E+05  1.2072E+00  1.1741E+00  6.3219E+01  0.0000E+00  2.5200E-09
