  0.1292101      0.0000000E+00  0.0000000E+00
  1.2000     74.9  4.85212E+01  0.000E+00  1.3024E+02  2.0035E+04  4.1973E+00  3.9536E+00  2.6948E+00  1.2603E+04  3.5749E-08
  1.1000     68.8  3.78996E+01  0.000E+00  1.3038E+02  2.0049E+04  4.1856E+00  3.9388E+00  2.3735E+00  1.0790E+04  3.1087E-08
  1.0000     63.1  2.92115E+01  0.000E+00  1.3052E+02  2.0064E+04  4.1739E+00  3.9240E+00  2.0745E+00  9.2320E+03  2.7045E-08
  0.9000     57.7  2.22030E+01  0.000E+00  1.3066E+02  2.0078E+04  4.1622E+00  3.9092E+00  1.7957E+00  7.8860E+03  2.3517E-08
  0.8000     52.7  1.66216E+01  0.000E+00  1.3081E+02  2.0092E+04  4.1505E+00  3.8944E+00  1.5347E+00  6.7162E+03  2.0420E-08
  0.7000     48.0  1.22494E+01  0.000E+00  1.3095E+02  2.0107E+04  4.1388E+00  3.8796E+00  1.2897E+00  5.6937E+03  1.7682E-08
  0.6000     43.7  8.90804E+00  0.000E+00  1.3109E+02  2.0121E+04  4.1271E+00  3.8648E+00  1.0592E+00  4.7968E+03  1.5244E-08
  0.5000     39.8  6.34722E+00  0.000E+00  1.3123E+02  2.0136E+04  4.1153E+00  3.8500E+00  8.4209E-01  4.0078E+03  1.3074E-08
  0.4000     36.2  4.47164E+00  0.000E+00  1.3137E+02  2.0150E+04  4.1036E+00  3.8352E+00  6.3806E-01  3.3136E+03  1.1127E-08
  0.3000     33.0  3.12008E+00  0.000E+00  1.3152E+02  2.0165E+04  4.0919E+00  3.8204E+00  4.4845E-01  2.7076E+03  9.3892E-09
  0.2000     30.2  2.13776E+00  0.000E+00  1.3166E+02  2.0179E+04  4.0802E+00  3.8056E+00  2.7584E-01  2.1848E+03  7.8606E-09
  0.1000     27.7  1.46543E+00  0.000E+00  1.3180E+02  2.0194E+04  4.0685E+00  3.7908E+00  1.2419E-01  1.7427E+03  6.5261E-09
  0.0000     25.5  9.80301E-01  0.000E+00  1.3194E+02  2.0208E+04  4.0568E+00  3.7760E+00  0.0000E+00  1.3807E+03  5.4084E-09
 -0.1000     23.7  6.55989E-01  0.000E+00  1.3209E+02  2.0223E+04  4.0451E+00  3.7612E+00  8.8690E-02  1.0975E+03  4.4977E-09
 -0.2000     22.3  4.40174E-01  0.000E+00  1.3223E+02  2.0237E+04  4.0334E+00  3.7464E+00  1.3466E-01  8.8980E+02  3.7967E-09
 -0.3000     21.2  2.87971E-01  0.000E+00  1.3237E+02  2.0251E+04  4.0217E+00  3.7316E+00  1.2854E-01  7.5279E+02  3.3101E-09
 -0.4000     20.5  1.91054E-01  0.000E+00  1.3251E+02  2.0266E+04  4.0099E+00  3.7168E+00  6.3320E-02  6.7792E+02  3.0106E-09
 -0.5000     20.2  1.23950E-01  0.000E+00  1.3265E+02  2.0280E+04  3.9982E+00  3.7020E+00  6.5659E-02  6.5420E+02  2.8834E-09
 -0.6000     20.2  8.13060E-02  0.000E+00  1.3280E+02  2.0295E+04  3.9865E+00  3.6872E+00  2.6160E-01  6.7041E+02  2.8936E-09
 -0.7000     20.6  5.41859E-02  0.000E+00  1.3294E+02  2.0309E+04  3.9748E+00  3.6723E+00  5.2318E-01  7.1434E+02  3.0079E-09
 -0.8000     21.3  3.65701E-02  0.000E+00  1.3308E+02  2.0324E+04  3.9631E+00  3.6575E+00  8.4911E-01  7.7655E+02  3.2068E-09
 -0.9000     22.4  2.61836E-02  0.000E+00  1.3322E+02  2.0338E+04  3.9514E+00  3.6427E+00  1.2369E+00  8.4945E+02  3.4584E-09
 -1.0000     23.8  2.08249E-02  0.000E+00  1.3337E+02  2.0353E+04  3.9397E+00  3.6279E+00  1.6819E+00  9.2679E+02  3.7514E-09
 -1.1000     25.6  1.88961E-02  0.000E+00  1.3351E+02  2.0367E+04  3.9280E+00  3.6131E+00  2.1785E+00  1.0040E+03  4.0637E-09
 -1.2000     27.8  1.92621E-02  0.000E+00  1.3365E+02  2.0382E+04  3.9163E+00  3.5983E+00  2.7201E+00  1.0776E+03  4.3821E-09
 -1.3000     30.3  2.19800E-02  0.000E+00  1.3379E+02  2.0396E+04  3.9046E+00  3.5835E+00  3.2970E+00  1.1445E+03  4.7045E-09
 -1.4000     33.2  2.56356E-02  0.000E+00  1.3394E+02  2.0410E+04  3.8929E+00  3.5687E+00  3.8976E+00  1.2019E+03  5.0097E-09
 -1.5000     36.4  3.01582E-02  0.000E+00  1.3408E+02  2.0425E+04  3.8811E+00  3.5539E+00  4.5092E+00  1.2475E+03  5.2973E-09
 -1.6000     40.0  3.43567E-02  0.000E+00  1.3422E+02  2.0439E+04  3.8694E+00  3.5391E+00  5.1178E+00  1.2792E+03  5.5507E-09
 -1.7000     44.0  3.75224E-02  0.000E+00  1.3436E+02  2.0454E+04  3.8577E+00  3.5243E+00  5.7121E+00  1.2957E+03  5.7621E-09
 -1.8000     48.3  3.91191E-02  0.000E+00  1.3450E+02  2.0468E+04  3.8460E+00  3.5095E+00  6.2808E+00  1.2957E+03  5.9313E-09
 -1.9000     52.9  3.86202E-02  0.000E+00  1.3465E+02  2.0483E+04  3.8343E+00  3.4947E+00  6.8164E+00  1.2788E+03  6.0423E-09
 -2.0000     58.0  3.58816E-02  0.000E+00  1.3479E+02  2.0497E+04  3.8226E+00  3.4799E+00  7.3197E+00  1.2455E+03  6.1000E-09
 -2.1000     63.4  3.12978E-02  0.000E+00  1.3493E+02  2.0512E+04  3.8109E+00  3.4651E+00  7.7973E+00  1.1973E+03  6.0987E-09
 -2.2000     69.1  2.55167E-02  0.000E+00  1.3507E+02  2.0526E+04  3.7992E+00  3.4503E+00  8.2676E+00  1.1375E+03  6.0443E-09
 -2.3000     75.2  1.91219E-02  0.000E+00  1.3522E+02  2.0541E+04  3.7875E+00  3.4355E+00  8.7770E+00  1.0724E+03  5.9638E-09
 -2.4000     81.7  1.55231E-02  0.000E+00  1.3536E+02  2.0555E+04  3.7757E+00  3.4207E+00  9.3633E+00  1.0092E+03  5.7888E-09
 -2.5000     88.5  1.48936E-02  0.000E+00  1.3550E+02  2.0570E+04  3.7640E+00  3.4059E+00  1.0004E+01  9.5005E+02  5.5157E-09
 -2.6000     95.7  1.39528E-02  0.000E+00  1.3564E+02  2.0584E+04  3.7523E+00  3.3911E+00  1.0675E+01  8.9428E+02  5.2653E-09
 -2.7000    103.2  1.27417E-02  0.000E+00  1.3578E+02  2.0598E+04  3.7406E+00  3.3763E+00  1.1391E+01  8.4272E+02  5.0400E-09
 -2.8000    111.1  1.13037E-02  0.000E+00  1.3593E+02  2.0613E+04  3.7289E+00  3.3615E+00  1.2174E+01  7.9636E+02  4.8435E-09
 -2.9000    119.4  9.71549E-03  0.000E+00  1.3607E+02  2.0627E+04  3.7172E+00  3.3467E+00  1.3055E+01  7.5624E+02  4.6800E-09
 -3.0000    128.0  8.06607E-03  0.000E+00  1.3621E+02  2.0642E+04  3.7055E+00  3.3319E+00  1.4071E+01  7.2328E+02  4.5537E-09
 -3.1000    137.0  6.45868E-03  0.000E+00  1.3635E+02  2.0656E+04  3.6938E+00  3.3171E+00  1.5266E+01  6.9784E+02  4.4668E-09
 -3.2000    146.3  4.98871E-03  0.000E+00  1.3650E+02  2.0671E+04  3.6821E+00  3.3023E+00  1.6678E+01  6.7920E+02  4.4172E-09
 -3.3000    156.0  3.74627E-03  0.000E+00  1.3664E+02  2.0685E+04  3.6704E+00  3.2875E+00  1.8326E+01  6.6481E+02  4.3930E-09
 -3.4000    166.0  2.78724E-03  0.000E+00  1.3678E+02  2.0700E+04  3.6587E+00  3.2727E+00  2.0185E+01  6.4961E+02  4.3685E-09
 -3.5000    176.4  2.11752E-03  0.000E+00  1.3692E+02  2.0714E+04  3.6469E+00  3.2579E+00  2.2157E+01  6.2556E+02  4.2988E-09
 -3.6000    187.2  1.68448E-03  0.000E+00  1.3706E+02  2.0729E+04  3.6352E+00  3.2431E+00  2.4040E+01  5.8175E+02  4.1162E-09
 -3.7000    198.3  1.40610E-03  0.000E+00  1.3721E+02  2.0743E+04  3.6235E+00  3.2283E+00  2.5470E+01  5.0459E+02  3.7261E-09
 -3.8000    209.8  1.23662E-03  0.000E+00  1.3735E+02  2.0757E+04  3.6118E+00  3.2135E+00  2.5661E+01  3.7630E+02  2.9891E-09
 -3.9000    221.7  1.14727E-03  0.000E+00  1.3749E+02  2.0772E+04  3.6001E+00  3.1987E+00  2.3177E+01  1.9344E+02  1.7972E-09
 -4.0000    233.9  1.11711E-03  0.000E+00  1.3763E+02  2.0786E+04  3.5884E+00  3.1839E+00  1.5716E+01  0.0000E+00  4.2119E-10
