  0.3058366      0.0000000E+00  0.0000000E+00
  1.2000     77.0  1.68271E+02  0.000E+00  1.3279E+02  2.1634E+04  3.5898E+00  3.6403E+00  2.5512E+00  2.1834E+04  4.0518E-08
  1.1000     79.6  1.52894E+02  0.000E+00  1.3279E+02  2.1634E+04  3.5898E+00  3.6403E+00  2.3606E+00  2.1630E+04  4.1542E-08
  1.0000     82.3  1.33672E+02  0.000E+00  1.3279E+02  2.1634E+04  3.5898E+00  3.6403E+00  2.1633E+00  2.1410E+04  4.2603E-08
  0.9000     85.0  1.12949E+02  0.000E+00  1.3279E+02  2.1634E+04  3.5898E+00  3.6403E+00  1.9594E+00  2.1172E+04  4.3695E-08
  0.8000     87.7  9.24486E+01  0.000E+00  1.3279E+02  2.1634E+04  3.5898E+00  3.6403E+00  1.7498E+00  2.0909E+04  4.4810E-08
  0.7000     90.4  7.33644E+01  0.000E+00  1.3279E+02  2.1634E+04  3.5898E+00  3.6403E+00  1.5364E+00  2.0612E+04  4.5927E-08
  0.6000     93.0  5.65771E+01  0.000E+00  1.3279E+02  2.1634E+04  3.5898E+00  3.6403E+00  1.3217E+00  2.0270E+04  4.7007E-08
  0.5000     95.7  4.21757E+01  0.000E+00  1.3279E+02  2.1634E+04  3.5898E+00  3.6403E+00  1.1091E+00  1.9868E+04  4.8033E-08
  0.4000     98.4  3.05493E+01  0.000E+00  1.3279E+02  2.1634E+04  3.5898E+00  3.6403E+00  9.0167E-01  1.9387E+04  4.8907E-08
  0.3000    101.1  2.14941E+01  0.000E+00  1.3279E+02  2.1634E+04  3.5898E+00  3.6403E+00  7.0160E-01  1.8810E+04  4.9553E-08
  0.2000    103.7  1.45340E+01  0.000E+00  1.3279E+02  2.1634E+04  3.5898E+00  3.6403E+00  5.0469E-01  1.8122E+04  4.9934E-08
  0.1000    106.4  9.52512E+00  0.000E+00  1.3279E+02  2.1634E+04  3.5898E+00  3.6403E+00  2.9101E-01  1.7332E+04  4.9940E-08
  0.0000    109.1  5.83430E+00  0.000E+00  1.3279E+02  2.1634E+04  3.5898E+00  3.6403E+00  0.0000E+00  1.6497E+04  4.9763E-08
 -0.1000    111.8  3.30204E+00  0.000E+00  1.3279E+02  2.1634E+04  3.5898E+00  3.6403E+00  5.0243E-01  1.5763E+04  4.9654E-08
 -0.2000    114.5  1.61439E+00  0.000E+00  1.3279E+02  2.1634E+04  3.5898E+00  3.6403E+00  1.4249E+00  1.5366E+04  5.0277E-08
 -0.3000    117.1  5.45426E-01  0.000E+00  1.3279E+02  2.1634E+04  3.5898E+00  3.6403E+00  2.9637E+00  1.5512E+04  5.2437E-08
 -0.4000    119.8  4.33655E-02  0.000E+00  1.3279E+02  2.1634E+04  3.5898E+00  3.6403E+00  5.0968E+00  1.6166E+04  5.6092E-08
 -0.5000    122.5  9.66473E-02  0.000E+00  1.3279E+02  2.1634E+04  3.5898E+00  3.6403E+00  7.5630E+00  1.7068E+04  6.0799E-08
 -0.6000    125.2  5.31878E-02  0.000E+00  1.3279E+02  2.1634E+04  3.5898E+00  3.6403E+00  1.0078E+01  1.7966E+04  6.5737E-08
 -0.7000    127.9  4.53382E-02  0.000E+00  1.3279E+02  2.1634E+04  3.5898E+00  3.6403E+00  1.2472E+01  1.8721E+04  7.0453E-08
 -0.8000    130.5  1.43920E-01  0.000E+00  1.3279E+02  2.1634E+04  3.5898E+00  3.6403E+00  1.4677E+01  1.9292E+04  7.4913E-08
 -0.9000    133.2  1.99560E-01  0.000E+00  1.3279E+02  2.1634E+04  3.5898E+00  3.6403E+00  1.6694E+01  1.9680E+04  7.8851E-08
 -1.0000    135.9  2.12487E-01  0.000E+00  1.3279E+02  2.1634E+04  3.5898E+00  3.6403E+00  1.8560E+01  1.9911E+04  8.2492E-08
 -1.1000    138.6  1.89270E-01  0.000E+00  1.3279E+02  2.1634E+04  3.5898E+00  3.6403E+00  2.0334E+01  2.0021E+04  8.5737E-08
 -1.2000    141.2  1.46852E-01  0.000E+00  1.3279E+02  2.1634E+04  3.5898E+00  3.6403E+00  2.2081E+01  2.0054E+04  8.8687E-08
 -1.3000    143.9  9.98845E-02  0.000E+00  1.3279E+02  2.1634E+04  3.5898E+00  3.6403E+00  2.3881E+01  2.0060E+04  9.1728E-08
 -1.4000    146.6  5.67027E-02  0.000E+00  1.3279E+02  2.1634E+04  3.5898E+00  3.6403E+00  2.5808E+01  2.0087E+04  9.4806E-08
 -1.5000    149.3  2.13584E-02  0.000E+00  1.3279E+02  2.1634E+04  3.5898E+00  3.6403E+00  2.7901E+01  2.0157E+04  9.8254E-08
 -1.6000    152.0  2.42060E-03  0.000E+00  1.3279E+02  2.1634E+04  3.5898E+00  3.6403E+00  3.0160E+01  2.0264E+04  1.0191E-07
 -1.7000    154.6  1.48433E-02  0.000E+00  1.3279E+02  2.1634E+04  3.5898E+00  3.6403E+00  3.2516E+01  2.0354E+04  1.0554E-07
 -1.8000    157.3  1.79492E-02  0.000E+00  1.3279E+02  2.1634E+04  3.5898E+00  3.6403E+00  3.4855E+01  2.0335E+04  1.0888E-07
 -1.9000    160.0  1.51583E-02  0.000E+00  1.3279E+02  2.1634E+04  3.5898E+00  3.6403E+00  3.7064E+01  2.0112E+04  1.1119E-07
 -2.0000    162.7  9.70577E-03  0.000E+00  1.3279E+02  2.1634E+04  3.5898E+00  3.6403E+00  3.9061E+01  1.9593E+04  1.1206E-07
 -2.1000    165.4  3.55143E-03  0.000E+00  1.3279E+02  2.1634E+04  3.5898E+00  3.6403E+00  4.0773E+01  1.8676E+04  1.1061E-07
 -2.2000    168.0  2.14510E-03  0.000E+00  1.3279E+02  2.1634E+04  3.5898E+00  3.6403E+00  4.2063E+01  1.7211E+04  1.0573E-07
 -2.3000    170.7  6.41013E-03  0.000E+00  1.3279E+02  2.1634E+04  3.5898E+00  3.6403E+00  4.2580E+01  1.4936E+04  9.5579E-08
 -2.4000    173.4  7.27224E-03  0.000E+00  1.3279E+02  2.1634E+04  3.5898E+00  3.6403E+00  4.2094E+01  1.1993E+04  7.8841E-08
 -2.5000    176.1  6.31632E-03  0.000E+00  1.3279E+02  2.1634E+04  3.5898E+00  3.6403E+00  4.1106E+01  9.2253E+03  6.1037E-08
 -2.6000    178.7  5.48088E-03  0.000E+00  1.3279E+02  2.1634E+04  3.5898E+00  3.6403E+00  4.0105E+01  7.0882E+03  4.7255E-08
 -2.7000    181.4  4.77049E-03  0.000E+00  1.3279E+02  2.1634E+04  3.5898E+00  3.6403E+00  3.9111E+01  5.4389E+03  3.6586E-08
 -2.8000    184.1  4.18288E-03  0.000E+00  1.3279E+02  2.1634E+04  3.5898E+00  3.6403E+00  3.8138E+01  4.1660E+03  2.8319E-08
 -2.9000    186.8  3.70947E-03  0.000E+00  1.3279E+02  2.1634E+04  3.5898E+00  3.6403E+00  3.7195E+01  3.1831E+03  2.1905E-08
 -3.0000    189.5  3.33651E-03  0.000E+00  1.3279E+02  2.1634E+04  3.5898E+00  3.6403E+00  3.6290E+01  2.4233E+03  1.6919E-08
 -3.1000    192.1  3.04666E-03  0.000E+00  1.3279E+02  2.1634E+04  3.5898E+00  3.6403E+00  3.5423E+01  1.8352E+03  1.3032E-08
 -3.2000    194.8  2.82093E-03  0.000E+00  1.3279E+02  2.1634E+04  3.5898E+00  3.6403E+00  3.4596E+01  1.3792E+03  9.9948E-09
 -3.3000    197.5  2.64049E-03  0.000E+00  1.3279E+02  2.1634E+04  3.5898E+00  3.6403E+00  3.3807E+01  1.0252E+03  7.6141E-09
 -3.4000    200.2  2.48779E-03  0.000E+00  1.3279E+02  2.1634E+04  3.5898E+00  3.6403E+00  3.3052E+01  7.5015E+02  5.7427E-09
 -3.5000    202.9  2.34760E-03  0.000E+00  1.3279E+02  2.1634E+04  3.5898E+00  3.6403E+00  3.2327E+01  5.3635E+02  4.2677E-09
 -3.6000    205.5  2.20736E-03  0.000E+00  1.3279E+02  2.1634E+04  3.5898E+00  3.6403E+00  3.1622E+01  3.7024E+02  3.1017E-09
 -3.7000    208.2  2.05684E-03  0.000E+00  1.3279E+02  2.1634E+04  3.5898E+00  3.6403E+00  3.0918E+01  2.4130E+02  2.1765E-09
 -3.8000    210.9  1.88750E-03  0.000E+00  1.3279E+02  2.1634E+04  3.5898E+00  3.6403E+00  3.0164E+01  1.4120E+02  1.4380E-09
 -3.9000    213.6  1.69098E-03  0.000E+00  1.3279E+02  2.1634E+04  3.5898E+00  3.6403E+00  2.9209E+01  6.3017E+01  8.4017E-10
 -4.0000    216.2  1.45684E-03  0.000E+00  1.3279E+02  2.1634E+04  3.5898E+00  3.6403E+00  2.7432E+01  0.0000E+00  3.3754E-10
