  0.825973034       0.00000000       0.00000000    
  1.2000     58.5  4.13677E+01  9.190E+04  2.1553E+02  9.6181E+04  6.4160E+00  9.1885E+00  2.6049E+00  8.3702E+03  4.1347E-08
  1.1000     47.5  2.29441E+01  9.190E+04  2.2086E+02  9.8372E+04  6.5905E+00  9.4812E+00  2.7722E+00  6.8887E+03  3.6750E-08
  1.0000     38.0  1.25482E+01  9.190E+04  2.2619E+02  1.0056E+05  6.7651E+00  9.7739E+00  2.8903E+00  5.5903E+03  3.2346E-08
  0.9000     29.9  6.74342E+00  9.190E+04  2.3152E+02  1.0275E+05  6.9397E+00  1.0067E+01  2.9476E+00  4.5124E+03  2.8313E-08
  0.8000     23.2  3.53984E+00  9.190E+04  2.3685E+02  1.0494E+05  7.1142E+00  1.0359E+01  2.9335E+00  3.6777E+03  2.4797E-08
  0.7000     17.6  1.79446E+00  9.190E+04  2.4219E+02  1.0714E+05  7.2888E+00  1.0652E+01  2.8404E+00  3.0886E+03  2.1892E-08
  0.6000     13.2  8.63415E-01  9.190E+04  2.4752E+02  1.0933E+05  7.4633E+00  1.0945E+01  2.6651E+00  2.7251E+03  1.9618E-08
  0.5000      9.9  3.69926E-01  9.190E+04  2.5285E+02  1.1152E+05  7.6379E+00  1.1237E+01  2.4083E+00  2.5502E+03  1.7952E-08
  0.4000      7.5  1.18256E-01  9.190E+04  2.5818E+02  1.1371E+05  7.8124E+00  1.1530E+01  2.0740E+00  2.5190E+03  1.6796E-08
  0.3000      6.1  8.35800E-03  9.190E+04  2.6351E+02  1.1590E+05  7.9870E+00  1.1822E+01  1.6670E+00  2.5890E+03  1.6057E-08
  0.2000      5.6  7.28168E-02  9.190E+04  2.6884E+02  1.1809E+05  8.1616E+00  1.2115E+01  1.1885E+00  2.7281E+03  1.5663E-08
  0.1000      5.8  1.05236E-01  9.190E+04  2.7417E+02  1.2028E+05  8.3361E+00  1.2408E+01  6.3562E-01  2.9155E+03  1.5521E-08
  0.0000      6.7  1.23813E-01  9.190E+04  2.7950E+02  1.2247E+05  8.5107E+00  1.2700E+01  0.0000E+00  3.1399E+03  1.5619E-08
 -0.1000      8.2  1.36106E-01  9.190E+04  2.8483E+02  1.2466E+05  8.6852E+00  1.2993E+01  7.3091E-01  3.3959E+03  1.5891E-08
 -0.2000     10.2  1.46796E-01  9.190E+04  2.9016E+02  1.2686E+05  8.8598E+00  1.3286E+01  1.5709E+00  3.6795E+03  1.6310E-08
 -0.3000     12.7  1.58582E-01  9.190E+04  2.9549E+02  1.2905E+05  9.0344E+00  1.3578E+01  2.5370E+00  3.9895E+03  1.6892E-08
 -0.4000     15.6  1.72615E-01  9.190E+04  3.0082E+02  1.3124E+05  9.2089E+00  1.3871E+01  3.6464E+00  4.3247E+03  1.7581E-08
 -0.5000     18.8  1.89645E-01  9.190E+04  3.0616E+02  1.3343E+05  9.3835E+00  1.4164E+01  4.9154E+00  4.6838E+03  1.8410E-08
 -0.6000     22.2  2.09925E-01  9.190E+04  3.1149E+02  1.3562E+05  9.5580E+00  1.4456E+01  6.3584E+00  5.0655E+03  1.9339E-08
 -0.7000     25.8  2.33321E-01  9.190E+04  3.1682E+02  1.3781E+05  9.7326E+00  1.4749E+01  7.9836E+00  5.4663E+03  2.0360E-08
 -0.8000     29.4  2.58779E-01  9.190E+04  3.2215E+02  1.4000E+05  9.9071E+00  1.5042E+01  9.7933E+00  5.8837E+03  2.1509E-08
 -0.9000     33.1  2.85941E-01  9.190E+04  3.2748E+02  1.4219E+05  1.0082E+01  1.5334E+01  1.1780E+01  6.3136E+03  2.2732E-08
 -1.0000     36.6  3.11698E-01  9.190E+04  3.3281E+02  1.4438E+05  1.0256E+01  1.5627E+01  1.3922E+01  6.7505E+03  2.4073E-08
 -1.1000     40.0  3.34328E-01  9.190E+04  3.3814E+02  1.4657E+05  1.0431E+01  1.5920E+01  1.6184E+01  7.1871E+03  2.5488E-08
 -1.2000     43.2  3.50787E-01  9.190E+04  3.4347E+02  1.4877E+05  1.0605E+01  1.6212E+01  1.8511E+01  7.6140E+03  2.6960E-08
 -1.3000     46.0  3.53519E-01  9.190E+04  3.4880E+02  1.5096E+05  1.0780E+01  1.6505E+01  2.0835E+01  8.0201E+03  2.8528E-08
 -1.4000     48.5  3.41688E-01  9.190E+04  3.5413E+02  1.5315E+05  1.0954E+01  1.6798E+01  2.3079E+01  8.3943E+03  3.0126E-08
 -1.5000     50.5  3.08731E-01  9.190E+04  3.5946E+02  1.5534E+05  1.1129E+01  1.7090E+01  2.5174E+01  8.7267E+03  3.1800E-08
 -1.6000     51.9  2.57367E-01  9.190E+04  3.6479E+02  1.5753E+05  1.1304E+01  1.7383E+01  2.7067E+01  9.0113E+03  3.3529E-08
 -1.7000     52.7  1.92461E-01  9.190E+04  3.7012E+02  1.5972E+05  1.1478E+01  1.7676E+01  2.8743E+01  9.2469E+03  3.5343E-08
 -1.8000     52.9  1.22971E-01  9.190E+04  3.7546E+02  1.6191E+05  1.1653E+01  1.7968E+01  3.0218E+01  9.4376E+03  3.7346E-08
 -1.9000     52.3  6.86744E-02  9.190E+04  3.8079E+02  1.6410E+05  1.1827E+01  1.8261E+01  3.1550E+01  9.5926E+03  3.9582E-08
 -2.0000     51.3  3.91344E-02  9.190E+04  3.8612E+02  1.6629E+05  1.2002E+01  1.8554E+01  3.2834E+01  9.7286E+03  4.2210E-08
 -2.1000     50.3  3.06268E-02  9.190E+04  3.9145E+02  1.6848E+05  1.2176E+01  1.8846E+01  3.4188E+01  9.8700E+03  4.5365E-08
 -2.2000     49.6  2.99557E-02  9.190E+04  3.9678E+02  1.7068E+05  1.2351E+01  1.9139E+01  3.5696E+01  1.0038E+04  4.9248E-08
 -2.3000     49.6  2.48349E-02  9.190E+04  4.0211E+02  1.7287E+05  1.2526E+01  1.9432E+01  3.7322E+01  1.0203E+04  5.3931E-08
 -2.4000     50.7  1.39900E-02  9.190E+04  4.0744E+02  1.7506E+05  1.2700E+01  1.9724E+01  3.9056E+01  1.0262E+04  5.8950E-08
 -2.5000     53.3  7.31329E-03  9.190E+04  4.1277E+02  1.7725E+05  1.2875E+01  2.0017E+01  4.1013E+01  1.0109E+04  6.1228E-08
 -2.6000     57.6  5.70558E-03  9.190E+04  4.1810E+02  1.7944E+05  1.3049E+01  2.0310E+01  4.3181E+01  9.7952E+03  6.0221E-08
 -2.7000     64.1  3.97005E-03  9.190E+04  4.2343E+02  1.8163E+05  1.3224E+01  2.0602E+01  4.5483E+01  9.3832E+03  5.8756E-08
 -2.8000     73.2  2.27761E-03  9.190E+04  4.2876E+02  1.8382E+05  1.3398E+01  2.0895E+01  4.7919E+01  8.8248E+03  5.6465E-08
 -2.9000     85.3  7.93848E-04  9.190E+04  4.3409E+02  1.8601E+05  1.3573E+01  2.1188E+01  5.0467E+01  8.0579E+03  5.2853E-08
 -3.0000    100.6  2.22797E-04  9.190E+04  4.3943E+02  1.8820E+05  1.3747E+01  2.1480E+01  5.3049E+01  7.0504E+03  4.7336E-08
 -3.1000    119.6  4.81922E-04  9.190E+04  4.4476E+02  1.9039E+05  1.3922E+01  2.1773E+01  5.5500E+01  5.9808E+03  4.0313E-08
 -3.2000    142.6  7.39589E-04  9.190E+04  4.5009E+02  1.9259E+05  1.4097E+01  2.2066E+01  5.7669E+01  5.0227E+03  3.4056E-08
 -3.3000    170.0  9.86565E-04  9.190E+04  4.5542E+02  1.9478E+05  1.4271E+01  2.2358E+01  5.9472E+01  4.1730E+03  2.8527E-08
 -3.4000    202.2  1.23347E-03  9.190E+04  4.6075E+02  1.9697E+05  1.4446E+01  2.2651E+01  6.0852E+01  3.4281E+03  2.3691E-08
 -3.5000    239.6  1.50895E-03  9.190E+04  4.6608E+02  1.9916E+05  1.4620E+01  2.2944E+01  6.1777E+01  2.7824E+03  1.9506E-08
 -3.6000    282.4  1.84204E-03  9.190E+04  4.7141E+02  2.0135E+05  1.4795E+01  2.3236E+01  6.2244E+01  2.2287E+03  1.5919E-08
 -3.7000    331.2  2.24157E-03  9.190E+04  4.7674E+02  2.0354E+05  1.4969E+01  2.3529E+01  6.2286E+01  1.7594E+03  1.2874E-08
 -3.8000    386.2  2.69745E-03  9.190E+04  4.8207E+02  2.0573E+05  1.5144E+01  2.3822E+01  6.1992E+01  1.3666E+03  1.0317E-08
 -3.9000    447.8  3.20680E-03  9.190E+04  4.8740E+02  2.0792E+05  1.5318E+01  2.4114E+01  6.1487E+01  1.0423E+03  8.1914E-09
 -4.0000    516.5  3.80140E-03  9.190E+04  4.9273E+02  2.1011E+05  1.5493E+01  2.4407E+01  6.0867E+01  7.7716E+02  6.4346E-09
 -4.1000    592.5  4.56716E-03  9.190E+04  4.9806E+02  2.1230E+05  1.5668E+01  2.4700E+01  6.0087E+01  5.6031E+02  4.9772E-09
 -4.2000    676.2  5.66640E-03  9.190E+04  5.0339E+02  2.1450E+05  1.5842E+01  2.4992E+01  5.8820E+01  3.7952E+02  3.7467E-09
 -4.3000    768.1  7.32410E-03  9.190E+04  5.0873E+02  2.1669E+05  1.6017E+01  2.5285E+01  5.6361E+01  2.2287E+02  2.6759E-09
 -4.4000    868.4  1.98657E-02  9.190E+04  5.1406E+02  2.1888E+05  1.6191E+01  2.5578E+01  5.3415E+01  1.1205E+02  1.6826E-09
 -4.5000    977.6  4.58842E-02  9.190E+04  5.1939E+02  2.2107E+05  1.6366E+01  2.5870E+01  5.1663E+01  5.9185E+01  1.0380E-09
 -4.6000   1096.0  9.12712E-02  9.190E+04  5.2472E+02  2.2326E+05  1.6540E+01  2.6163E+01  5.1762E+01  4.0639E+01  7.2805E-10
 -4.7000   1224.0  1.02937E+00  9.190E+04  5.3005E+02  2.2545E+05  1.6715E+01  2.6456E+01  4.9631E+01  2.1378E+01  5.1480E-10
 -4.8000   1361.9  7.70034E+00  9.190E+04  5.3538E+02  2.2764E+05  1.6889E+01  2.6748E+01  4.5929E+01  0.0000E+00  3.5994E-10
