   1.52682686       0.00000000       0.00000000    
  1.2000     34.4  2.19684E+01  5.347E+05  2.4152E+02  1.4154E+05  2.0257E+06  2.0257E+06  1.2730E+00  1.1628E+04  2.9681E-08
  1.1000     36.6  1.84411E+01  5.347E+05  2.4152E+02  1.4154E+05  2.0257E+06  2.0257E+06  1.2879E+00  1.0919E+04  2.8971E-08
  1.0000     38.9  1.51664E+01  5.347E+05  2.4152E+02  1.4154E+05  2.0257E+06  2.0257E+06  1.2696E+00  1.0123E+04  2.8002E-08
  0.9000     41.1  1.22253E+01  5.347E+05  2.4152E+02  1.4154E+05  2.0257E+06  2.0257E+06  1.2126E+00  9.2350E+03  2.6738E-08
  0.8000     43.3  9.64792E+00  5.347E+05  2.4152E+02  1.4154E+05  2.0257E+06  2.0257E+06  1.1116E+00  8.2518E+03  2.5145E-08
  0.7000     45.6  7.44529E+00  5.347E+05  2.4152E+02  1.4154E+05  2.0257E+06  2.0257E+06  9.6257E-01  7.1801E+03  2.3208E-08
  0.6000     47.8  5.63151E+00  5.347E+05  2.4152E+02  1.4154E+05  2.0257E+06  2.0257E+06  7.6559E-01  6.0415E+03  2.0941E-08
  0.5000     50.1  4.13287E+00  5.347E+05  2.4152E+02  1.4154E+05  2.0257E+06  2.0257E+06  5.3014E-01  4.8804E+03  1.8444E-08
  0.4000     52.3  2.97111E+00  5.347E+05  2.4152E+02  1.4154E+05  2.0257E+06  2.0257E+06  2.8042E-01  3.7684E+03  1.5862E-08
  0.3000     54.6  2.09972E+00  5.347E+05  2.4152E+02  1.4154E+05  2.0257E+06  2.0257E+06  5.7053E-02  2.7963E+03  1.3444E-08
  0.2000     56.8  1.45279E+00  5.347E+05  2.4152E+02  1.4154E+05  2.0257E+06  2.0257E+06  8.7160E-02  2.0483E+03  1.1467E-08
  0.1000     59.1  1.02637E+00  5.347E+05  2.4152E+02  1.4154E+05  2.0257E+06  2.0257E+06  1.1135E-01  1.5587E+03  1.0056E-08
  0.0000     61.3  7.40430E-01  5.347E+05  2.4152E+02  1.4154E+05  2.0257E+06  2.0257E+06  0.0000E+00  1.3027E+03  9.2399E-09
 -0.1000     63.5  5.72608E-01  5.347E+05  2.4152E+02  1.4154E+05  2.0257E+06  2.0257E+06  2.3350E-01  1.2144E+03  8.8523E-09
 -0.2000     65.8  4.73391E-01  5.347E+05  2.4152E+02  1.4154E+05  2.0257E+06  2.0257E+06  5.5474E-01  1.2157E+03  8.6990E-09
 -0.3000     68.0  4.09972E-01  5.347E+05  2.4152E+02  1.4154E+05  2.0257E+06  2.0257E+06  9.3102E-01  1.2498E+03  8.6540E-09
 -0.4000     70.3  3.67286E-01  5.347E+05  2.4152E+02  1.4154E+05  2.0257E+06  2.0257E+06  1.3364E+00  1.2828E+03  8.5820E-09
 -0.5000     72.5  3.35147E-01  5.347E+05  2.4152E+02  1.4154E+05  2.0257E+06  2.0257E+06  1.7507E+00  1.2962E+03  8.4591E-09
 -0.6000     74.8  3.08010E-01  5.347E+05  2.4152E+02  1.4154E+05  2.0257E+06  2.0257E+06  2.1602E+00  1.2834E+03  8.2349E-09
 -0.7000     77.0  2.83349E-01  5.347E+05  2.4152E+02  1.4154E+05  2.0257E+06  2.0257E+06  2.5593E+00  1.2462E+03  7.9149E-09
 -0.8000     79.2  2.61185E-01  5.347E+05  2.4152E+02  1.4154E+05  2.0257E+06  2.0257E+06  2.9399E+00  1.1864E+03  7.5270E-09
 -0.9000     81.5  2.40008E-01  5.347E+05  2.4152E+02  1.4154E+05  2.0257E+06  2.0257E+06  3.2974E+00  1.1080E+03  7.0551E-09
 -1.0000     83.7  2.20551E-01  5.347E+05  2.4152E+02  1.4154E+05  2.0257E+06  2.0257E+06  3.6287E+00  1.0160E+03  6.5419E-09
 -1.1000     86.0  2.02279E-01  5.347E+05  2.4152E+02  1.4154E+05  2.0257E+06  2.0257E+06  3.9300E+00  9.1432E+02  5.9837E-09
 -1.2000     88.2  1.85270E-01  5.347E+05  2.4152E+02  1.4154E+05  2.0257E+06  2.0257E+06  4.2053E+00  8.0977E+02  5.4079E-09
 -1.3000     90.5  1.69749E-01  5.347E+05  2.4152E+02  1.4154E+05  2.0257E+06  2.0257E+06  4.4529E+00  7.0545E+02  4.8438E-09
 -1.4000     92.7  1.55439E-01  5.347E+05  2.4152E+02  1.4154E+05  2.0257E+06  2.0257E+06  4.6723E+00  6.0386E+02  4.2864E-09
 -1.5000     95.0  1.42392E-01  5.347E+05  2.4152E+02  1.4154E+05  2.0257E+06  2.0257E+06  4.8643E+00  5.0762E+02  3.7594E-09
 -1.6000     97.2  1.30433E-01  5.347E+05  2.4152E+02  1.4154E+05  2.0257E+06  2.0257E+06  5.0284E+00  4.1781E+02  3.2609E-09
 -1.7000     99.4  1.19441E-01  5.347E+05  2.4152E+02  1.4154E+05  2.0257E+06  2.0257E+06  5.1699E+00  3.3655E+02  2.8009E-09
 -1.8000    101.7  1.09386E-01  5.347E+05  2.4152E+02  1.4154E+05  2.0257E+06  2.0257E+06  5.2900E+00  2.6413E+02  2.3868E-09
 -1.9000    103.9  1.00091E-01  5.347E+05  2.4152E+02  1.4154E+05  2.0257E+06  2.0257E+06  5.3909E+00  2.0054E+02  2.0136E-09
 -2.0000    106.2  9.15418E-02  5.347E+05  2.4152E+02  1.4154E+05  2.0257E+06  2.0257E+06  5.4766E+00  1.4582E+02  1.6856E-09
 -2.1000    108.4  8.36165E-02  5.347E+05  2.4152E+02  1.4154E+05  2.0257E+06  2.0257E+06  5.5494E+00  9.9354E+01  1.3983E-09
 -2.2000    110.7  7.62470E-02  5.347E+05  2.4152E+02  1.4154E+05  2.0257E+06  2.0257E+06  5.6157E+00  6.0884E+01  1.1506E-09
 -2.3000    112.9  6.94518E-02  5.347E+05  2.4152E+02  1.4154E+05  2.0257E+06  2.0257E+06  5.6788E+00  2.9602E+01  9.4056E-10
 -2.4000    115.1  6.31111E-02  5.347E+05  2.4152E+02  1.4154E+05  2.0257E+06  2.0257E+06  5.7424E+00  4.6621E+00  7.6273E-10
 -2.5000    117.4  5.72558E-02  5.347E+05  2.4152E+02  1.4154E+05  2.0257E+06  2.0257E+06  5.8114E+00  1.4633E+01  6.1485E-10
 -2.6000    119.6  5.18026E-02  5.347E+05  2.4152E+02  1.4154E+05  2.0257E+06  2.0257E+06  5.8899E+00  2.9081E+01  4.9262E-10
 -2.7000    121.9  4.67228E-02  5.347E+05  2.4152E+02  1.4154E+05  2.0257E+06  2.0257E+06  5.9848E+00  3.9257E+01  3.9317E-10
 -2.8000    124.1  4.20310E-02  5.347E+05  2.4152E+02  1.4154E+05  2.0257E+06  2.0257E+06  6.1023E+00  4.5782E+01  3.1391E-10
 -2.9000    126.4  3.76489E-02  5.347E+05  2.4152E+02  1.4154E+05  2.0257E+06  2.0257E+06  6.2491E+00  4.9221E+01  2.5164E-10
 -3.0000    128.6  3.35988E-02  5.347E+05  2.4152E+02  1.4154E+05  2.0257E+06  2.0257E+06  6.4337E+00  5.0043E+01  2.0432E-10
 -3.1000    130.9  2.98392E-02  5.347E+05  2.4152E+02  1.4154E+05  2.0257E+06  2.0257E+06  6.6646E+00  4.8701E+01  1.6950E-10
 -3.2000    133.1  2.63586E-02  5.347E+05  2.4152E+02  1.4154E+05  2.0257E+06  2.0257E+06  6.9519E+00  4.5556E+01  1.4534E-10
 -3.3000    135.3  2.31849E-02  5.347E+05  2.4152E+02  1.4154E+05  2.0257E+06  2.0257E+06  7.3053E+00  4.0973E+01  1.3016E-10
 -3.4000    137.6  2.02948E-02  5.347E+05  2.4152E+02  1.4154E+05  2.0257E+06  2.0257E+06  7.7339E+00  3.5296E+01  1.2210E-10
 -3.5000    139.8  1.77347E-02  5.347E+05  2.4152E+02  1.4154E+05  2.0257E+06  2.0257E+06  8.2453E+00  2.8855E+01  1.1976E-10
 -3.6000    142.1  1.55079E-02  5.347E+05  2.4152E+02  1.4154E+05  2.0257E+06  2.0257E+06  8.8432E+00  2.1983E+01  1.2144E-10
 -3.7000    144.3  1.36655E-02  5.347E+05  2.4152E+02  1.4154E+05  2.0257E+06  2.0257E+06  9.5262E+00  1.5017E+01  1.2566E-10
 -3.8000    146.6  1.22395E-02  5.347E+05  2.4152E+02  1.4154E+05  2.0257E+06  2.0257E+06  1.0283E+01  8.3157E+00  1.3109E-10
 -3.9000    148.8  1.12929E-02  5.347E+05  2.4152E+02  1.4154E+05  2.0257E+06  2.0257E+06  1.1091E+01  2.2504E+00  1.3608E-10
 -4.0000    151.0  1.08161E-02  5.347E+05  2.4152E+02  1.4154E+05  2.0257E+06  2.0257E+06  1.1913E+01  2.8384E+00  1.3946E-10
 -4.1000    153.3  1.07988E-02  5.347E+05  2.4152E+02  1.4154E+05  2.0257E+06  2.0257E+06  1.2703E+01  6.6919E+00  1.4024E-10
 -4.2000    155.5  1.12172E-02  5.347E+05  2.4152E+02  1.4154E+05  2.0257E+06  2.0257E+06  1.3408E+01  9.1553E+00  1.3781E-10
 -4.3000    157.8  1.20350E-02  5.347E+05  2.4152E+02  1.4154E+05  2.0257E+06  2.0257E+06  1.3978E+01  1.0194E+01  1.3199E-10
 -4.4000    160.0  1.32091E-02  5.347E+05  2.4152E+02  1.4154E+05  2.0257E+06  2.0257E+06  1.4371E+01  9.8953E+00  1.2302E-10
 -4.5000    162.3  1.46935E-02  5.347E+05  2.4152E+02  1.4154E+05  2.0257E+06  2.0257E+06  1.4560E+01  8.4527E+00  1.1147E-10
 -4.6000    164.5  1.64461E-02  5.347E+05  2.4152E+02  1.4154E+05  2.0257E+06  2.0257E+06  1.4545E+01  6.1296E+00  9.8161E-11
 -4.7000    166.8  1.84320E-02  5.347E+05  2.4152E+02  1.4154E+05  2.0257E+06  2.0257E+06  1.4344E+01  3.2185E+00  8.3954E-11
 -4.8000    169.0  2.06263E-02  5.347E+05  2.4152E+02  1.4154E+05  2.0257E+06  2.0257E+06  1.3993E+01  0.0000E+00  6.9675E-11
