 --------------------------------------------------------------------------------                                        
  it  DE     s/n      chi**2    Mac1   Mac2   mic1   mic2   fill2 Ic1/Ic2 stray 
   0       1.75E+01  2.078E+03
   1  -3.  7.86E+01  1.234E+02  1.125  0.000  0.900  0.000  0.000 -1.000   0.000
   2  -4.  1.07E+02  1.108E+02  1.449  0.000  1.350  0.000  0.000 -1.000   0.000
   3  -1.  1.15E+02  5.982E+01  1.495  0.000  1.111  0.000  0.000 -1.000   0.000
   4  -1.  1.15E+02  5.944E+01  1.462  0.000  1.045  0.000  0.000 -1.000   0.000
   5  -1.  1.15E+02  5.930E+01  1.478  0.000  1.034  0.000  0.000 -1.000   0.000
   6  -1.  1.15E+02  5.927E+01  1.487  0.000  1.030  0.000  0.000 -1.000   0.000
   7  -1.  1.15E+02  5.925E+01  1.494  0.000  1.028  0.000  0.000 -1.000   0.000
   8  -1.  1.15E+02  5.923E+01  1.498  0.000  1.028  0.000  0.000 -1.000   0.000
   9  -1.  1.15E+02  5.922E+01  1.502  0.000  1.029  0.000  0.000 -1.000   0.000
  10  -1.  1.15E+02  5.921E+01  1.504  0.000  1.031  0.000  0.000 -1.000   0.000
  11  -1.  1.15E+02  5.920E+01  1.505  0.000  1.033  0.000  0.000 -1.000   0.000
  12  -1.  1.15E+02  5.920E+01  1.507  0.000  1.035  0.000  0.000 -1.000   0.000
  13  -1.  1.15E+02  5.919E+01  1.508  0.000  1.036  0.000  0.000 -1.000   0.000
  14  -1.  1.15E+02  5.919E+01  1.508  0.000  1.038  0.000  0.000 -1.000   0.000
  15  -1.  1.15E+02  5.918E+01  1.509  0.000  1.039  0.000  0.000 -1.000   0.000
  it  DE     s/n      chi**2    Mac1   Mac2   mic1   mic2   fill2 Ic1/Ic2 stray 
   0       1.15E+02  6.140E+01
  16  -1.  1.15E+02  5.918E+01  1.509  0.000  1.040  0.000  0.000 -1.000   0.000
   1  -1.  1.29E+02  5.294E+01  1.846  0.000  1.081  0.000  0.000 -1.000   0.000
   2  -1.  1.31E+02  5.202E+01  1.977  0.000  1.129  0.000  0.000 -1.000   0.000
   3   0.  1.31E+02  5.182E+01  1.976  0.000  1.128  0.000  0.000 -1.000   0.000
   4   1.  1.31E+02  5.182E+01  1.976  0.000  1.129  0.000  0.000 -1.000   0.000
   5   0.  1.31E+02  5.180E+01  1.981  0.000  1.132  0.000  0.000 -1.000   0.000
   6   0.  1.31E+02  5.178E+01  1.986  0.000  1.135  0.000  0.000 -1.000   0.000
   7   0.  1.31E+02  5.177E+01  1.991  0.000  1.138  0.000  0.000 -1.000   0.000
   8   0.  1.31E+02  5.174E+01  1.996  0.000  1.142  0.000  0.000 -1.000   0.000
   9   0.  1.31E+02  5.172E+01  2.001  0.000  1.145  0.000  0.000 -1.000   0.000
  10   0.  1.31E+02  5.170E+01  2.005  0.000  1.148  0.000  0.000 -1.000   0.000
  11  -1.  1.31E+02  5.157E+01  2.032  0.000  1.160  0.000  0.000 -1.000   0.000
  12   0.  1.31E+02  5.156E+01  2.036  0.000  1.162  0.000  0.000 -1.000   0.000
  13   0.  1.31E+02  5.154E+01  2.039  0.000  1.164  0.000  0.000 -1.000   0.000
  14   0.  1.31E+02  5.153E+01  2.041  0.000  1.165  0.000  0.000 -1.000   0.000
  15   0.  1.31E+02  5.152E+01  2.044  0.000  1.167  0.000  0.000 -1.000   0.000
  16   0.  1.31E+02  5.151E+01  2.047  0.000  1.169  0.000  0.000 -1.000   0.000
  17   0.  1.31E+02  5.149E+01  2.049  0.000  1.170  0.000  0.000 -1.000   0.000
