  0.471229672       0.00000000       0.00000000    
  1.2000     21.4  4.22578E+01  3.713E+04  4.9411E+01  2.4661E+04  1.2307E+01  2.0257E+06  1.0046E-01  3.6942E+03  7.5878E-09
  1.1000     21.8  3.59940E+01  3.713E+04  4.9411E+01  2.4661E+04  1.2307E+01  2.0257E+06  1.2745E-01  3.5785E+03  7.5608E-09
  1.0000     22.1  3.02368E+01  3.713E+04  4.9411E+01  2.4661E+04  1.2307E+01  2.0257E+06  1.5250E-01  3.4606E+03  7.5275E-09
  0.9000     22.5  2.50469E+01  3.713E+04  4.9411E+01  2.4661E+04  1.2307E+01  2.0257E+06  1.7490E-01  3.3392E+03  7.4845E-09
  0.8000     22.9  2.04532E+01  3.713E+04  4.9411E+01  2.4661E+04  1.2307E+01  2.0257E+06  1.9373E-01  3.2130E+03  7.4280E-09
  0.7000     23.3  1.64603E+01  3.713E+04  4.9411E+01  2.4661E+04  1.2307E+01  2.0257E+06  2.0779E-01  3.0802E+03  7.3531E-09
  0.6000     23.7  1.30810E+01  3.713E+04  4.9411E+01  2.4661E+04  1.2307E+01  2.0257E+06  2.1552E-01  2.9389E+03  7.2513E-09
  0.5000     24.1  1.02141E+01  3.713E+04  4.9411E+01  2.4661E+04  1.2307E+01  2.0257E+06  2.1503E-01  2.7868E+03  7.1194E-09
  0.4000     24.5  7.88954E+00  3.713E+04  4.9411E+01  2.4661E+04  1.2307E+01  2.0257E+06  2.0404E-01  2.6216E+03  6.9422E-09
  0.3000     24.9  6.03923E+00  3.713E+04  4.9411E+01  2.4661E+04  1.2307E+01  2.0257E+06  1.7995E-01  2.4415E+03  6.7105E-09
  0.2000     25.2  4.55280E+00  3.713E+04  4.9411E+01  2.4661E+04  1.2307E+01  2.0257E+06  1.3980E-01  2.2448E+03  6.4205E-09
  0.1000     25.6  3.43067E+00  3.713E+04  4.9411E+01  2.4661E+04  1.2307E+01  2.0257E+06  8.0729E-02  2.0311E+03  6.0556E-09
  0.0000     26.0  2.53718E+00  3.713E+04  4.9411E+01  2.4661E+04  1.2307E+01  2.0257E+06  0.0000E+00  1.8009E+03  5.6245E-09
 -0.1000     26.4  1.87800E+00  3.713E+04  4.9411E+01  2.4661E+04  1.2307E+01  2.0257E+06  1.0422E-01  1.5569E+03  5.1163E-09
 -0.2000     26.8  1.39508E+00  3.713E+04  4.9411E+01  2.4661E+04  1.2307E+01  2.0257E+06  2.3154E-01  1.3055E+03  4.5453E-09
 -0.3000     27.2  1.01863E+00  3.713E+04  4.9411E+01  2.4661E+04  1.2307E+01  2.0257E+06  3.7889E-01  1.0548E+03  3.9404E-09
 -0.4000     27.6  7.53538E-01  3.713E+04  4.9411E+01  2.4661E+04  1.2307E+01  2.0257E+06  5.4012E-01  8.1469E+02  3.3172E-09
 -0.5000     28.0  5.48525E-01  3.713E+04  4.9411E+01  2.4661E+04  1.2307E+01  2.0257E+06  7.0454E-01  5.9654E+02  2.7211E-09
 -0.6000     28.4  4.03199E-01  3.713E+04  4.9411E+01  2.4661E+04  1.2307E+01  2.0257E+06  8.5920E-01  4.0962E+02  2.1766E-09
 -0.7000     28.7  3.00818E-01  3.713E+04  4.9411E+01  2.4661E+04  1.2307E+01  2.0257E+06  9.9386E-01  2.5868E+02  1.7071E-09
 -0.8000     29.1  2.22603E-01  3.713E+04  4.9411E+01  2.4661E+04  1.2307E+01  2.0257E+06  1.0979E+00  1.4499E+02  1.3293E-09
 -0.9000     29.5  1.70121E-01  3.713E+04  4.9411E+01  2.4661E+04  1.2307E+01  2.0257E+06  1.1662E+00  6.5168E+01  1.0363E-09
 -1.0000     29.9  1.30979E-01  3.713E+04  4.9411E+01  2.4661E+04  1.2307E+01  2.0257E+06  1.1992E+00  1.2887E+01  8.2025E-10
 -1.1000     30.3  1.04250E-01  3.713E+04  4.9411E+01  2.4661E+04  1.2307E+01  2.0257E+06  1.1992E+00  1.8406E+01  6.6389E-10
 -1.2000     30.7  8.56397E-02  3.713E+04  4.9411E+01  2.4661E+04  1.2307E+01  2.0257E+06  1.1742E+00  3.5840E+01  5.4946E-10
 -1.3000     31.1  7.12450E-02  3.713E+04  4.9411E+01  2.4661E+04  1.2307E+01  2.0257E+06  1.1295E+00  4.4197E+01  4.6645E-10
 -1.4000     31.5  6.07703E-02  3.713E+04  4.9411E+01  2.4661E+04  1.2307E+01  2.0257E+06  1.0698E+00  4.6914E+01  4.0321E-10
 -1.5000     31.9  5.24123E-02  3.713E+04  4.9411E+01  2.4661E+04  1.2307E+01  2.0257E+06  9.9995E-01  4.6529E+01  3.5401E-10
 -1.6000     32.2  4.58006E-02  3.713E+04  4.9411E+01  2.4661E+04  1.2307E+01  2.0257E+06  9.2271E-01  4.4430E+01  3.1361E-10
 -1.7000     32.6  4.03625E-02  3.713E+04  4.9411E+01  2.4661E+04  1.2307E+01  2.0257E+06  8.4062E-01  4.1574E+01  2.7906E-10
 -1.8000     33.0  3.57351E-02  3.713E+04  4.9411E+01  2.4661E+04  1.2307E+01  2.0257E+06  7.5542E-01  3.8494E+01  2.4927E-10
 -1.9000     33.4  3.17677E-02  3.713E+04  4.9411E+01  2.4661E+04  1.2307E+01  2.0257E+06  6.6824E-01  3.5469E+01  2.2233E-10
 -2.0000     33.8  2.83148E-02  3.713E+04  4.9411E+01  2.4661E+04  1.2307E+01  2.0257E+06  5.7999E-01  3.2636E+01  1.9818E-10
 -2.1000     34.2  2.52721E-02  3.713E+04  4.9411E+01  2.4661E+04  1.2307E+01  2.0257E+06  4.9121E-01  3.0060E+01  1.7605E-10
 -2.2000     34.6  2.25679E-02  3.713E+04  4.9411E+01  2.4661E+04  1.2307E+01  2.0257E+06  4.0204E-01  2.7717E+01  1.5583E-10
 -2.3000     35.0  2.01721E-02  3.713E+04  4.9411E+01  2.4661E+04  1.2307E+01  2.0257E+06  3.1271E-01  2.5604E+01  1.3754E-10
 -2.4000     35.4  1.80221E-02  3.713E+04  4.9411E+01  2.4661E+04  1.2307E+01  2.0257E+06  2.2342E-01  2.3702E+01  1.2080E-10
 -2.5000     35.7  1.61031E-02  3.713E+04  4.9411E+01  2.4661E+04  1.2307E+01  2.0257E+06  1.3406E-01  2.1978E+01  1.0569E-10
 -2.6000     36.1  1.43768E-02  3.713E+04  4.9411E+01  2.4661E+04  1.2307E+01  2.0257E+06  4.4891E-02  2.0416E+01  9.1960E-11
 -2.7000     36.5  1.28165E-02  3.713E+04  4.9411E+01  2.4661E+04  1.2307E+01  2.0257E+06  4.4708E-02  1.8970E+01  7.9583E-11
 -2.8000     36.9  1.14175E-02  3.713E+04  4.9411E+01  2.4661E+04  1.2307E+01  2.0257E+06  1.3489E-01  1.7620E+01  6.8558E-11
 -2.9000     37.3  1.01468E-02  3.713E+04  4.9411E+01  2.4661E+04  1.2307E+01  2.0257E+06  2.2617E-01  1.6343E+01  5.8721E-11
 -3.0000     37.7  8.99962E-03  3.713E+04  4.9411E+01  2.4661E+04  1.2307E+01  2.0257E+06  3.1927E-01  1.5114E+01  5.0074E-11
 -3.1000     38.1  7.95525E-03  3.713E+04  4.9411E+01  2.4661E+04  1.2307E+01  2.0257E+06  4.1504E-01  1.3919E+01  4.2503E-11
 -3.2000     38.5  7.00051E-03  3.713E+04  4.9411E+01  2.4661E+04  1.2307E+01  2.0257E+06  5.1523E-01  1.2732E+01  3.5973E-11
 -3.3000     38.9  6.13020E-03  3.713E+04  4.9411E+01  2.4661E+04  1.2307E+01  2.0257E+06  6.2183E-01  1.1535E+01  3.0466E-11
 -3.4000     39.2  5.32568E-03  3.713E+04  4.9411E+01  2.4661E+04  1.2307E+01  2.0257E+06  7.3788E-01  1.0310E+01  2.5897E-11
 -3.5000     39.6  4.58342E-03  3.713E+04  4.9411E+01  2.4661E+04  1.2307E+01  2.0257E+06  8.6801E-01  9.0330E+00  2.2290E-11
 -3.6000     40.0  3.88456E-03  3.713E+04  4.9411E+01  2.4661E+04  1.2307E+01  2.0257E+06  1.0197E+00  7.6772E+00  1.9599E-11
 -3.7000     40.4  3.21851E-03  3.713E+04  4.9411E+01  2.4661E+04  1.2307E+01  2.0257E+06  1.2064E+00  6.1912E+00  1.7911E-11
 -3.8000     40.8  2.57954E-03  3.713E+04  4.9411E+01  2.4661E+04  1.2307E+01  2.0257E+06  1.4523E+00  4.5112E+00  1.7380E-11
 -3.9000     41.2  1.94261E-03  3.713E+04  4.9411E+01  2.4661E+04  1.2307E+01  2.0257E+06  1.8091E+00  2.5266E+00  1.8241E-11
 -4.0000     41.6  1.28301E-03  3.713E+04  4.9411E+01  2.4661E+04  1.2307E+01  2.0257E+06  2.4138E+00  0.0000E+00  2.1193E-11
