  0.264366388       0.00000000       0.00000000    
  1.2000    565.9  1.28680E+03  2.523E+04  7.7519E+01  4.0901E+04  1.6404E+01  7.5467E+04  1.6463E+01  2.5589E+04  7.6159E-08
  1.1000    487.1  9.08223E+02  2.523E+04  7.7132E+01  4.0620E+04  1.6325E+01  7.5299E+04  1.3743E+01  2.0822E+04  6.4139E-08
  1.0000    415.5  6.28837E+02  2.523E+04  7.6745E+01  4.0338E+04  1.6246E+01  7.5132E+04  1.1371E+01  1.6790E+04  5.3584E-08
  0.9000    350.8  4.26495E+02  2.523E+04  7.6358E+01  4.0057E+04  1.6166E+01  7.4964E+04  9.3056E+00  1.3383E+04  4.4315E-08
  0.8000    292.8  2.82713E+02  2.523E+04  7.5971E+01  3.9776E+04  1.6087E+01  7.4796E+04  7.5088E+00  1.0513E+04  3.6187E-08
  0.7000    241.0  1.82698E+02  2.523E+04  7.5584E+01  3.9495E+04  1.6008E+01  7.4629E+04  5.9478E+00  8.1018E+03  2.9076E-08
  0.6000    195.1  1.15063E+02  2.523E+04  7.5197E+01  3.9214E+04  1.5928E+01  7.4461E+04  4.5965E+00  6.0893E+03  2.2876E-08
  0.5000    154.9  6.99869E+01  2.523E+04  7.4810E+01  3.8933E+04  1.5849E+01  7.4293E+04  3.4327E+00  4.4235E+03  1.7522E-08
  0.4000    120.0  4.12264E+01  2.523E+04  7.4424E+01  3.8652E+04  1.5769E+01  7.4125E+04  2.4393E+00  3.0632E+03  1.2933E-08
  0.3000     90.1  2.34004E+01  2.523E+04  7.4037E+01  3.8371E+04  1.5690E+01  7.3958E+04  1.6070E+00  1.9794E+03  9.0752E-09
  0.2000     64.8  1.25824E+01  2.523E+04  7.3650E+01  3.8090E+04  1.5611E+01  7.3790E+04  9.2704E-01  1.1437E+03  5.9252E-09
  0.1000     43.9  6.39570E+00  2.523E+04  7.3263E+01  3.7808E+04  1.5531E+01  7.3622E+04  3.9361E-01  5.3133E+02  3.4392E-09
  0.0000     26.9  2.91574E+00  2.523E+04  7.2876E+01  3.7527E+04  1.5452E+01  7.3455E+04  0.0000E+00  1.1596E+02  1.5905E-09
 -0.1000     13.6  1.12076E+00  2.523E+04  7.2489E+01  3.7246E+04  1.5373E+01  7.3287E+04  2.6404E-01  1.3274E+02  3.1369E-10
 -0.2000      3.7  2.60323E-01  2.523E+04  7.2102E+01  3.6965E+04  1.5293E+01  7.3119E+04  4.1155E-01  2.4697E+02  4.5887E-10
 -0.3000      3.2  1.00250E-01  2.523E+04  7.1715E+01  3.6684E+04  1.5214E+01  7.2952E+04  4.6308E-01  2.6392E+02  8.2397E-10
 -0.4000      7.4  2.06354E-01  2.523E+04  7.1328E+01  3.6403E+04  1.5135E+01  7.2784E+04  4.4506E-01  2.2155E+02  8.9088E-10
 -0.5000      9.3  1.94108E-01  2.523E+04  7.0941E+01  3.6122E+04  1.5055E+01  7.2616E+04  3.8734E-01  1.5408E+02  7.7331E-10
 -0.6000      9.1  1.41623E-01  2.523E+04  7.0554E+01  3.5841E+04  1.4976E+01  7.2449E+04  3.1878E-01  8.7984E+01  5.6728E-10
 -0.7000      7.2  8.37183E-02  2.523E+04  7.0167E+01  3.5560E+04  1.4897E+01  7.2281E+04  2.6147E-01  3.8961E+01  3.4541E-10
 -0.8000      3.9  3.30420E-02  2.523E+04  6.9780E+01  3.5278E+04  1.4817E+01  7.2113E+04  2.2828E-01  1.2453E+01  1.5119E-10
 -0.9000      0.5  3.98064E-03  2.523E+04  6.9394E+01  3.4997E+04  1.4738E+01  7.1945E+04  2.2128E-01  5.9961E+00  1.4211E-14
 -1.0000      5.6  2.87938E-02  2.523E+04  6.9007E+01  3.4716E+04  1.4659E+01  7.1778E+04  2.3311E-01  1.2809E+01  1.0961E-10
 -1.1000     11.2  4.40886E-02  2.523E+04  6.8620E+01  3.4435E+04  1.4579E+01  7.1610E+04  2.5232E-01  2.5750E+01  1.8598E-10
 -1.2000     16.8  5.28650E-02  2.523E+04  6.8233E+01  3.4154E+04  1.4500E+01  7.1442E+04  2.6781E-01  3.9535E+01  2.3684E-10
 -1.3000     22.2  5.62081E-02  2.523E+04  6.7846E+01  3.3873E+04  1.4420E+01  7.1275E+04  2.7011E-01  5.0811E+01  2.6938E-10
 -1.4000     27.0  5.65810E-02  2.523E+04  6.7459E+01  3.3592E+04  1.4341E+01  7.1107E+04  2.5354E-01  5.8203E+01  2.8559E-10
 -1.5000     31.1  5.43811E-02  2.523E+04  6.7072E+01  3.3311E+04  1.4262E+01  7.0939E+04  2.1739E-01  6.1928E+01  2.8787E-10
 -1.6000     34.4  5.11748E-02  2.523E+04  6.6685E+01  3.3030E+04  1.4182E+01  7.0772E+04  1.6318E-01  6.2707E+01  2.8040E-10
 -1.7000     37.1  4.75661E-02  2.523E+04  6.6298E+01  3.2748E+04  1.4103E+01  7.0604E+04  9.4101E-02  6.1512E+01  2.6689E-10
 -1.8000     39.4  4.38151E-02  2.523E+04  6.5911E+01  3.2467E+04  1.4024E+01  7.0436E+04  1.3580E-02  5.9172E+01  2.5060E-10
 -1.9000     41.5  4.02725E-02  2.523E+04  6.5524E+01  3.2186E+04  1.3944E+01  7.0268E+04  7.5470E-02  5.6285E+01  2.3247E-10
 -2.0000     43.4  3.70104E-02  2.523E+04  6.5137E+01  3.1905E+04  1.3865E+01  7.0101E+04  1.7026E-01  5.3298E+01  2.1439E-10
 -2.1000     45.4  3.41079E-02  2.523E+04  6.4751E+01  3.1624E+04  1.3786E+01  6.9933E+04  2.6874E-01  5.0473E+01  1.9688E-10
 -2.2000     47.6  3.15773E-02  2.523E+04  6.4364E+01  3.1343E+04  1.3706E+01  6.9765E+04  3.6990E-01  4.7918E+01  1.8072E-10
 -2.3000     50.2  2.94497E-02  2.523E+04  6.3977E+01  3.1062E+04  1.3627E+01  6.9598E+04  4.7293E-01  4.5707E+01  1.6662E-10
 -2.4000     53.3  2.76725E-02  2.523E+04  6.3590E+01  3.0781E+04  1.3548E+01  6.9430E+04  5.7764E-01  4.3858E+01  1.5441E-10
 -2.5000     57.1  2.62474E-02  2.523E+04  6.3203E+01  3.0500E+04  1.3468E+01  6.9262E+04  6.8423E-01  4.2356E+01  1.4436E-10
 -2.6000     61.7  2.51158E-02  2.523E+04  6.2816E+01  3.0218E+04  1.3389E+01  6.9095E+04  7.9340E-01  4.1178E+01  1.3616E-10
 -2.7000     67.3  2.42234E-02  2.523E+04  6.2429E+01  2.9937E+04  1.3310E+01  6.8927E+04  9.0710E-01  4.0244E+01  1.2970E-10
 -2.8000     74.0  2.35517E-02  2.523E+04  6.2042E+01  2.9656E+04  1.3230E+01  6.8759E+04  1.0273E+00  3.9503E+01  1.2490E-10
 -2.9000     82.1  2.30157E-02  2.523E+04  6.1655E+01  2.9375E+04  1.3151E+01  6.8592E+04  1.1570E+00  3.8900E+01  1.2127E-10
 -3.0000     91.6  2.25960E-02  2.523E+04  6.1268E+01  2.9094E+04  1.3072E+01  6.8424E+04  1.3001E+00  3.8364E+01  1.1871E-10
 -3.1000    102.7  2.22192E-02  2.523E+04  6.0881E+01  2.8813E+04  1.2992E+01  6.8256E+04  1.4620E+00  3.7825E+01  1.1685E-10
 -3.2000    115.6  2.18292E-02  2.523E+04  6.0494E+01  2.8532E+04  1.2913E+01  6.8088E+04  1.6518E+00  3.7163E+01  1.1560E-10
 -3.3000    130.4  2.13986E-02  2.523E+04  6.0107E+01  2.8251E+04  1.2833E+01  6.7921E+04  1.8814E+00  3.6271E+01  1.1495E-10
 -3.4000    147.3  2.08395E-02  2.523E+04  5.9721E+01  2.7970E+04  1.2754E+01  6.7753E+04  2.1691E+00  3.5005E+01  1.1475E-10
 -3.5000    166.5  2.01263E-02  2.523E+04  5.9334E+01  2.7689E+04  1.2675E+01  6.7585E+04  2.5436E+00  3.3185E+01  1.1530E-10
 -3.6000    188.0  1.91521E-02  2.523E+04  5.8947E+01  2.7407E+04  1.2595E+01  6.7418E+04  3.0534E+00  3.0559E+01  1.1675E-10
 -3.7000    212.1  1.78309E-02  2.523E+04  5.8560E+01  2.7126E+04  1.2516E+01  6.7250E+04  3.7883E+00  2.6704E+01  1.1998E-10
 -3.8000    238.9  1.60980E-02  2.523E+04  5.8173E+01  2.6845E+04  1.2437E+01  6.7082E+04  4.9113E+00  2.1082E+01  1.2635E-10
 -3.9000    268.6  1.37642E-02  2.523E+04  5.7786E+01  2.6564E+04  1.2357E+01  6.6915E+04  6.7749E+00  1.2781E+01  1.3787E-10
 -4.0000    301.3  1.06183E-02  2.523E+04  5.7399E+01  2.6283E+04  1.2278E+01  6.6747E+04  1.0300E+01  0.0000E+00  1.5954E-10
