  0.145004392       0.00000000       3.15662766    
  1.2000     56.6  1.24196E+02  3.635E+04  6.0382E+01  1.4599E+04  2.8282E+00  3.1869E+00  1.2859E+00  1.0826E+04  2.2497E-08
  1.1000     58.2  1.04624E+02  3.635E+04  6.0382E+01  1.4599E+04  2.8282E+00  3.1869E+00  1.3275E+00  1.0529E+04  2.2636E-08
  1.0000     59.7  8.64816E+01  3.635E+04  6.0382E+01  1.4599E+04  2.8282E+00  3.1869E+00  1.3608E+00  1.0213E+04  2.2745E-08
  0.9000     61.3  7.01421E+01  3.635E+04  6.0382E+01  1.4599E+04  2.8282E+00  3.1869E+00  1.3828E+00  9.8730E+03  2.2808E-08
  0.8000     62.9  5.57865E+01  3.635E+04  6.0382E+01  1.4599E+04  2.8282E+00  3.1869E+00  1.3896E+00  9.5019E+03  2.2806E-08
  0.7000     64.5  4.34764E+01  3.635E+04  6.0382E+01  1.4599E+04  2.8282E+00  3.1869E+00  1.3762E+00  9.0907E+03  2.2712E-08
  0.6000     66.1  3.32651E+01  3.635E+04  6.0382E+01  1.4599E+04  2.8282E+00  3.1869E+00  1.3357E+00  8.6289E+03  2.2485E-08
  0.5000     67.7  2.48287E+01  3.635E+04  6.0382E+01  1.4599E+04  2.8282E+00  3.1869E+00  1.2594E+00  8.1036E+03  2.2094E-08
  0.4000     69.3  1.82006E+01  3.635E+04  6.0382E+01  1.4599E+04  2.8282E+00  3.1869E+00  1.1368E+00  7.5007E+03  2.1463E-08
  0.3000     70.9  1.31154E+01  3.635E+04  6.0382E+01  1.4599E+04  2.8282E+00  3.1869E+00  9.5635E-01  6.8096E+03  2.0537E-08
  0.2000     72.5  9.21117E+00  3.635E+04  6.0382E+01  1.4599E+04  2.8282E+00  3.1869E+00  7.0712E-01  6.0235E+03  1.9282E-08
  0.1000     74.0  6.39770E+00  3.635E+04  6.0382E+01  1.4599E+04  2.8282E+00  3.1869E+00  3.8436E-01  5.1509E+03  1.7647E-08
  0.0000     75.6  4.28736E+00  3.635E+04  6.0382E+01  1.4599E+04  2.8282E+00  3.1869E+00  0.0000E+00  4.2247E+03  1.5721E-08
 -0.1000     77.2  2.82149E+00  3.635E+04  6.0382E+01  1.4599E+04  2.8282E+00  3.1869E+00  4.0260E-01  3.3139E+03  1.3623E-08
 -0.2000     78.8  1.82201E+00  3.635E+04  6.0382E+01  1.4599E+04  2.8282E+00  3.1869E+00  7.4005E-01  2.5222E+03  1.1638E-08
 -0.3000     80.4  1.12746E+00  3.635E+04  6.0382E+01  1.4599E+04  2.8282E+00  3.1869E+00  8.9602E-01  1.9553E+03  1.0127E-08
 -0.4000     82.0  7.11115E-01  3.635E+04  6.0382E+01  1.4599E+04  2.8282E+00  3.1869E+00  7.8359E-01  1.6577E+03  9.2518E-09
 -0.5000     83.6  4.65324E-01  3.635E+04  6.0382E+01  1.4599E+04  2.8282E+00  3.1869E+00  3.9173E-01  1.5899E+03  9.0113E-09
 -0.6000     85.2  3.40668E-01  3.635E+04  6.0382E+01  1.4599E+04  2.8282E+00  3.1869E+00  2.2271E-01  1.6639E+03  9.1815E-09
 -0.7000     86.7  2.78507E-01  3.635E+04  6.0382E+01  1.4599E+04  2.8282E+00  3.1869E+00  9.7291E-01  1.7917E+03  9.5277E-09
 -0.8000     88.3  2.46566E-01  3.635E+04  6.0382E+01  1.4599E+04  2.8282E+00  3.1869E+00  1.7866E+00  1.9171E+03  9.9107E-09
 -0.9000     89.9  2.27016E-01  3.635E+04  6.0382E+01  1.4599E+04  2.8282E+00  3.1869E+00  2.6151E+00  2.0123E+03  1.0204E-08
 -1.0000     91.5  2.12904E-01  3.635E+04  6.0382E+01  1.4599E+04  2.8282E+00  3.1869E+00  3.4240E+00  2.0647E+03  1.0387E-08
 -1.1000     93.1  1.98836E-01  3.635E+04  6.0382E+01  1.4599E+04  2.8282E+00  3.1869E+00  4.1886E+00  2.0704E+03  1.0409E-08
 -1.2000     94.7  1.83490E-01  3.635E+04  6.0382E+01  1.4599E+04  2.8282E+00  3.1869E+00  4.8973E+00  2.0328E+03  1.0267E-08
 -1.3000     96.3  1.67093E-01  3.635E+04  6.0382E+01  1.4599E+04  2.8282E+00  3.1869E+00  5.5371E+00  1.9548E+03  9.9872E-09
 -1.4000     97.9  1.49679E-01  3.635E+04  6.0382E+01  1.4599E+04  2.8282E+00  3.1869E+00  6.0983E+00  1.8408E+03  9.5460E-09
 -1.5000     99.5  1.31764E-01  3.635E+04  6.0382E+01  1.4599E+04  2.8282E+00  3.1869E+00  6.5735E+00  1.6963E+03  8.9777E-09
 -1.6000    101.0  1.14319E-01  3.635E+04  6.0382E+01  1.4599E+04  2.8282E+00  3.1869E+00  6.9529E+00  1.5258E+03  8.2760E-09
 -1.7000    102.6  9.75357E-02  3.635E+04  6.0382E+01  1.4599E+04  2.8282E+00  3.1869E+00  7.2122E+00  1.3315E+03  7.4448E-09
 -1.8000    104.2  8.28190E-02  3.635E+04  6.0382E+01  1.4599E+04  2.8282E+00  3.1869E+00  7.3493E+00  1.1209E+03  6.5203E-09
 -1.9000    105.8  6.93709E-02  3.635E+04  6.0382E+01  1.4599E+04  2.8282E+00  3.1869E+00  7.3455E+00  8.9972E+02  5.5082E-09
 -2.0000    107.4  6.25516E-02  3.635E+04  6.0382E+01  1.4599E+04  2.8282E+00  3.1869E+00  7.1616E+00  6.7623E+02  4.3842E-09
 -2.1000    109.0  6.43024E-02  3.635E+04  6.0382E+01  1.4599E+04  2.8282E+00  3.1869E+00  6.8566E+00  4.7980E+02  3.2875E-09
 -2.2000    110.6  6.40926E-02  3.635E+04  6.0382E+01  1.4599E+04  2.8282E+00  3.1869E+00  6.4875E+00  3.2390E+02  2.4273E-09
 -2.3000    112.2  6.26631E-02  3.635E+04  6.0382E+01  1.4599E+04  2.8282E+00  3.1869E+00  6.0934E+00  2.0340E+02  1.7644E-09
 -2.4000    113.7  5.99283E-02  3.635E+04  6.0382E+01  1.4599E+04  2.8282E+00  3.1869E+00  5.7679E+00  1.1773E+02  1.2810E-09
 -2.5000    115.3  5.55044E-02  3.635E+04  6.0382E+01  1.4599E+04  2.8282E+00  3.1869E+00  5.5558E+00  6.0956E+01  9.4147E-10
 -2.6000    116.9  5.01378E-02  3.635E+04  6.0382E+01  1.4599E+04  2.8282E+00  3.1869E+00  5.4622E+00  2.4990E+01  7.0509E-10
 -2.7000    118.5  4.42043E-02  3.635E+04  6.0382E+01  1.4599E+04  2.8282E+00  3.1869E+00  5.5097E+00  4.9956E+00  5.4650E-10
 -2.8000    120.1  3.79963E-02  3.635E+04  6.0382E+01  1.4599E+04  2.8282E+00  3.1869E+00  5.7204E+00  2.8784E+00  4.4604E-10
 -2.9000    121.7  3.17386E-02  3.635E+04  6.0382E+01  1.4599E+04  2.8282E+00  3.1869E+00  6.1215E+00  1.5259E+00  3.8906E-10
 -3.0000    123.3  2.56927E-02  3.635E+04  6.0382E+01  1.4599E+04  2.8282E+00  3.1869E+00  6.7491E+00  6.8784E+00  3.6465E-10
 -3.1000    124.9  2.02682E-02  3.635E+04  6.0382E+01  1.4599E+04  2.8282E+00  3.1869E+00  7.6447E+00  2.0478E+01  3.6392E-10
 -3.2000    126.4  1.60429E-02  3.635E+04  6.0382E+01  1.4599E+04  2.8282E+00  3.1869E+00  8.8444E+00  3.7295E+01  3.7827E-10
 -3.3000    128.0  1.36511E-02  3.635E+04  6.0382E+01  1.4599E+04  2.8282E+00  3.1869E+00  1.0355E+01  5.4849E+01  3.9814E-10
 -3.4000    129.6  1.35871E-02  3.635E+04  6.0382E+01  1.4599E+04  2.8282E+00  3.1869E+00  1.2119E+01  7.0008E+01  4.1251E-10
 -3.5000    131.2  1.59943E-02  3.635E+04  6.0382E+01  1.4599E+04  2.8282E+00  3.1869E+00  1.3970E+01  7.9314E+01  4.1006E-10
 -3.6000    132.8  2.05472E-02  3.635E+04  6.0382E+01  1.4599E+04  2.8282E+00  3.1869E+00  1.5611E+01  7.9893E+01  3.8213E-10
 -3.7000    134.4  2.65873E-02  3.635E+04  6.0382E+01  1.4599E+04  2.8282E+00  3.1869E+00  1.6636E+01  7.0588E+01  3.2607E-10
 -3.8000    136.0  3.34956E-02  3.635E+04  6.0382E+01  1.4599E+04  2.8282E+00  3.1869E+00  1.6581E+01  5.2420E+01  2.4623E-10
 -3.9000    137.6  4.10166E-02  3.635E+04  6.0382E+01  1.4599E+04  2.8282E+00  3.1869E+00  1.4951E+01  2.7939E+01  1.5140E-10
 -4.0000    139.2  4.93425E-02  3.635E+04  6.0382E+01  1.4599E+04  2.8282E+00  3.1869E+00  1.1183E+01  0.0000E+00  5.0777E-11
