  0.199482441       0.00000000       0.00000000    
  1.2000     35.7  5.68752E+01  1.951E+04  6.9131E+01  1.5145E+04  2.7383E+00  3.5807E+00  7.2850E-01  6.8894E+03  1.5154E-08
  1.1000     36.1  4.71383E+01  1.951E+04  6.9131E+01  1.5145E+04  2.7383E+00  3.5807E+00  7.5613E-01  6.6148E+03  1.4970E-08
  1.0000     36.6  3.85935E+01  1.951E+04  6.9131E+01  1.5145E+04  2.7383E+00  3.5807E+00  7.7698E-01  6.3334E+03  1.4762E-08
  0.9000     37.1  3.12026E+01  1.951E+04  6.9131E+01  1.5145E+04  2.7383E+00  3.5807E+00  7.8922E-01  6.0421E+03  1.4521E-08
  0.8000     37.5  2.48945E+01  1.951E+04  6.9131E+01  1.5145E+04  2.7383E+00  3.5807E+00  7.9058E-01  5.7371E+03  1.4235E-08
  0.7000     38.0  1.95874E+01  1.951E+04  6.9131E+01  1.5145E+04  2.7383E+00  3.5807E+00  7.7838E-01  5.4142E+03  1.3892E-08
  0.6000     38.5  1.52327E+01  1.951E+04  6.9131E+01  1.5145E+04  2.7383E+00  3.5807E+00  7.4939E-01  5.0696E+03  1.3471E-08
  0.5000     39.0  1.16385E+01  1.951E+04  6.9131E+01  1.5145E+04  2.7383E+00  3.5807E+00  6.9970E-01  4.6986E+03  1.2965E-08
  0.4000     39.4  8.80205E+00  1.951E+04  6.9131E+01  1.5145E+04  2.7383E+00  3.5807E+00  6.2484E-01  4.2973E+03  1.2341E-08
  0.3000     39.9  6.60157E+00  1.951E+04  6.9131E+01  1.5145E+04  2.7383E+00  3.5807E+00  5.2050E-01  3.8649E+03  1.1587E-08
  0.2000     40.4  4.87354E+00  1.951E+04  6.9131E+01  1.5145E+04  2.7383E+00  3.5807E+00  3.8259E-01  3.4022E+03  1.0704E-08
  0.1000     40.8  3.60043E+00  1.951E+04  6.9131E+01  1.5145E+04  2.7383E+00  3.5807E+00  2.0875E-01  2.9150E+03  9.6765E-09
  0.0000     41.3  2.60573E+00  1.951E+04  6.9131E+01  1.5145E+04  2.7383E+00  3.5807E+00  0.0000E+00  2.4145E+03  8.5482E-09
 -0.1000     41.8  1.88848E+00  1.951E+04  6.9131E+01  1.5145E+04  2.7383E+00  3.5807E+00  2.3755E-01  1.9176E+03  7.3380E-09
 -0.2000     42.2  1.37496E+00  1.951E+04  6.9131E+01  1.5145E+04  2.7383E+00  3.5807E+00  4.9168E-01  1.4478E+03  6.1124E-09
 -0.3000     42.7  9.82942E-01  1.951E+04  6.9131E+01  1.5145E+04  2.7383E+00  3.5807E+00  7.4230E-01  1.0293E+03  4.9601E-09
 -0.4000     43.2  7.16310E-01  1.951E+04  6.9131E+01  1.5145E+04  2.7383E+00  3.5807E+00  9.6810E-01  6.8018E+02  3.9280E-09
 -0.5000     43.6  5.17195E-01  1.951E+04  6.9131E+01  1.5145E+04  2.7383E+00  3.5807E+00  1.1485E+00  4.1049E+02  3.0778E-09
 -0.6000     44.1  3.83046E-01  1.951E+04  6.9131E+01  1.5145E+04  2.7383E+00  3.5807E+00  1.2695E+00  2.1859E+02  2.4137E-09
 -0.7000     44.6  2.93083E-01  1.951E+04  6.9131E+01  1.5145E+04  2.7383E+00  3.5807E+00  1.3331E+00  9.0633E+01  1.9147E-09
 -0.8000     45.0  2.27157E-01  1.951E+04  6.9131E+01  1.5145E+04  2.7383E+00  3.5807E+00  1.3429E+00  1.1902E+01  1.5569E-09
 -0.9000     45.5  1.83728E-01  1.951E+04  6.9131E+01  1.5145E+04  2.7383E+00  3.5807E+00  1.3079E+00  3.2203E+01  1.2982E-09
 -1.0000     46.0  1.51435E-01  1.951E+04  6.9131E+01  1.5145E+04  2.7383E+00  3.5807E+00  1.2399E+00  5.4609E+01  1.1112E-09
 -1.1000     46.5  1.28398E-01  1.951E+04  6.9131E+01  1.5145E+04  2.7383E+00  3.5807E+00  1.1481E+00  6.3797E+01  9.6888E-10
 -1.2000     46.9  1.11065E-01  1.951E+04  6.9131E+01  1.5145E+04  2.7383E+00  3.5807E+00  1.0422E+00  6.6285E+01  8.5303E-10
 -1.3000     47.4  9.69357E-02  1.951E+04  6.9131E+01  1.5145E+04  2.7383E+00  3.5807E+00  9.2834E-01  6.5549E+01  7.5676E-10
 -1.4000     47.9  8.55107E-02  1.951E+04  6.9131E+01  1.5145E+04  2.7383E+00  3.5807E+00  8.0975E-01  6.3293E+01  6.7126E-10
 -1.5000     48.3  7.58168E-02  1.951E+04  6.9131E+01  1.5145E+04  2.7383E+00  3.5807E+00  6.8965E-01  6.0643E+01  5.9540E-10
 -1.6000     48.8  6.75094E-02  1.951E+04  6.9131E+01  1.5145E+04  2.7383E+00  3.5807E+00  5.7010E-01  5.8123E+01  5.2547E-10
 -1.7000     49.3  6.02329E-02  1.951E+04  6.9131E+01  1.5145E+04  2.7383E+00  3.5807E+00  4.5178E-01  5.5822E+01  4.6096E-10
 -1.8000     49.7  5.38375E-02  1.951E+04  6.9131E+01  1.5145E+04  2.7383E+00  3.5807E+00  3.3551E-01  5.3787E+01  4.0256E-10
 -1.9000     50.2  4.81279E-02  1.951E+04  6.9131E+01  1.5145E+04  2.7383E+00  3.5807E+00  2.2153E-01  5.1964E+01  3.4872E-10
 -2.0000     50.7  4.30536E-02  1.951E+04  6.9131E+01  1.5145E+04  2.7383E+00  3.5807E+00  1.0974E-01  5.0250E+01  3.0035E-10
 -2.1000     51.1  3.84935E-02  1.951E+04  6.9131E+01  1.5145E+04  2.7383E+00  3.5807E+00  0.0000E+00  4.8599E+01  2.5665E-10
 -2.2000     51.6  3.43854E-02  1.951E+04  6.9131E+01  1.5145E+04  2.7383E+00  3.5807E+00  1.0849E-01  4.6888E+01  2.1770E-10
 -2.3000     52.1  3.07163E-02  1.951E+04  6.9131E+01  1.5145E+04  2.7383E+00  3.5807E+00  2.1619E-01  4.5094E+01  1.8360E-10
 -2.4000     52.6  2.73962E-02  1.951E+04  6.9131E+01  1.5145E+04  2.7383E+00  3.5807E+00  3.2346E-01  4.3208E+01  1.5360E-10
 -2.5000     53.0  2.44185E-02  1.951E+04  6.9131E+01  1.5145E+04  2.7383E+00  3.5807E+00  4.3112E-01  4.1209E+01  1.2769E-10
 -2.6000     53.5  2.17291E-02  1.951E+04  6.9131E+01  1.5145E+04  2.7383E+00  3.5807E+00  5.3992E-01  3.9105E+01  1.0536E-10
 -2.7000     54.0  1.92938E-02  1.951E+04  6.9131E+01  1.5145E+04  2.7383E+00  3.5807E+00  6.5118E-01  3.6876E+01  8.6370E-11
 -2.8000     54.4  1.71008E-02  1.951E+04  6.9131E+01  1.5145E+04  2.7383E+00  3.5807E+00  7.6614E-01  3.4535E+01  7.0504E-11
 -2.9000     54.9  1.51111E-02  1.951E+04  6.9131E+01  1.5145E+04  2.7383E+00  3.5807E+00  8.8635E-01  3.2093E+01  5.7326E-11
 -3.0000     55.4  1.33133E-02  1.951E+04  6.9131E+01  1.5145E+04  2.7383E+00  3.5807E+00  1.0139E+00  2.9556E+01  4.6669E-11
 -3.1000     55.8  1.16808E-02  1.951E+04  6.9131E+01  1.5145E+04  2.7383E+00  3.5807E+00  1.1509E+00  2.6937E+01  3.8201E-11
 -3.2000     56.3  1.01953E-02  1.951E+04  6.9131E+01  1.5145E+04  2.7383E+00  3.5807E+00  1.3012E+00  2.4239E+01  3.1699E-11
 -3.3000     56.8  8.84666E-03  1.951E+04  6.9131E+01  1.5145E+04  2.7383E+00  3.5807E+00  1.4687E+00  2.1470E+01  2.6980E-11
 -3.4000     57.2  7.61524E-03  1.951E+04  6.9131E+01  1.5145E+04  2.7383E+00  3.5807E+00  1.6590E+00  1.8638E+01  2.3784E-11
 -3.5000     57.7  6.49212E-03  1.951E+04  6.9131E+01  1.5145E+04  2.7383E+00  3.5807E+00  1.8801E+00  1.5741E+01  2.1984E-11
 -3.6000     58.2  5.46286E-03  1.951E+04  6.9131E+01  1.5145E+04  2.7383E+00  3.5807E+00  2.1439E+00  1.2779E+01  2.1367E-11
 -3.7000     58.6  4.52127E-03  1.951E+04  6.9131E+01  1.5145E+04  2.7383E+00  3.5807E+00  2.4686E+00  9.7429E+00  2.1792E-11
 -3.8000     59.1  3.65364E-03  1.951E+04  6.9131E+01  1.5145E+04  2.7383E+00  3.5807E+00  2.8856E+00  6.6196E+00  2.3163E-11
 -3.9000     59.6  2.85599E-03  1.951E+04  6.9131E+01  1.5145E+04  2.7383E+00  3.5807E+00  3.4551E+00  3.3880E+00  2.5290E-11
 -4.0000     60.1  2.10193E-03  1.951E+04  6.9131E+01  1.5145E+04  2.7383E+00  3.5807E+00  4.3232E+00  0.0000E+00  2.8059E-11
