  0.111166000       0.00000000       2.34873009    
  1.2000    694.5  9.42270E+03  1.541E+06  6.1124E+01  1.5810E+04  3.4853E+00  4.1047E+00  2.5496E+01  9.4023E+03  1.3662E-07
  1.1000    584.5  6.20737E+03  1.541E+06  6.1492E+01  1.5919E+04  3.4806E+00  4.1040E+00  2.5432E+01  8.9344E+03  1.4108E-07
  1.0000    486.8  3.82340E+03  1.541E+06  6.1860E+01  1.6028E+04  3.4760E+00  4.1032E+00  2.5267E+01  8.3875E+03  1.4545E-07
  0.9000    400.5  2.22243E+03  1.541E+06  6.2228E+01  1.6137E+04  3.4714E+00  4.1025E+00  2.4929E+01  7.7718E+03  1.4967E-07
  0.8000    325.1  1.22599E+03  1.541E+06  6.2596E+01  1.6246E+04  3.4668E+00  4.1017E+00  2.4343E+01  7.1052E+03  1.5367E-07
  0.7000    260.0  6.43657E+02  1.541E+06  6.2964E+01  1.6355E+04  3.4621E+00  4.1010E+00  2.3434E+01  6.4084E+03  1.5736E-07
  0.6000    204.4  3.22599E+02  1.541E+06  6.3331E+01  1.6464E+04  3.4575E+00  4.1003E+00  2.2134E+01  5.6997E+03  1.6060E-07
  0.5000    157.7  1.53746E+02  1.541E+06  6.3699E+01  1.6573E+04  3.4529E+00  4.0995E+00  2.0370E+01  4.9907E+03  1.6330E-07
  0.4000    119.3  7.00860E+01  1.541E+06  6.4067E+01  1.6682E+04  3.4482E+00  4.0988E+00  1.8048E+01  4.2904E+03  1.6515E-07
  0.3000     88.4  3.06560E+01  1.541E+06  6.4435E+01  1.6791E+04  3.4436E+00  4.0981E+00  1.5042E+01  3.6118E+03  1.6582E-07
  0.2000     64.6  1.28321E+01  1.541E+06  6.4803E+01  1.6900E+04  3.4390E+00  4.0973E+00  1.1175E+01  2.9714E+03  1.6505E-07
  0.1000     47.0  5.27045E+00  1.541E+06  6.5171E+01  1.7009E+04  3.4344E+00  4.0966E+00  6.2350E+00  2.3942E+03  1.6222E-07
  0.0000     35.0  2.12552E+00  1.541E+06  6.5538E+01  1.7118E+04  3.4297E+00  4.0959E+00  0.0000E+00  1.9111E+03  1.5728E-07
 -0.1000     28.1  8.87087E-01  1.541E+06  6.5906E+01  1.7227E+04  3.4251E+00  4.0951E+00  7.6465E+00  1.5527E+03  1.4990E-07
 -0.2000     25.5  3.99592E-01  1.541E+06  6.6274E+01  1.7336E+04  3.4205E+00  4.0944E+00  1.6536E+01  1.3421E+03  1.4064E-07
 -0.3000     26.6  2.00830E-01  1.541E+06  6.6642E+01  1.7445E+04  3.4159E+00  4.0936E+00  2.6241E+01  1.2778E+03  1.3075E-07
 -0.4000     30.7  1.34315E-01  1.541E+06  6.7010E+01  1.7554E+04  3.4112E+00  4.0929E+00  3.6254E+01  1.3240E+03  1.2081E-07
 -0.5000     37.2  1.24766E-01  1.541E+06  6.7378E+01  1.7663E+04  3.4066E+00  4.0922E+00  4.6206E+01  1.4261E+03  1.1161E-07
 -0.6000     45.4  1.40886E-01  1.541E+06  6.7745E+01  1.7772E+04  3.4020E+00  4.0914E+00  5.5957E+01  1.5375E+03  1.0297E-07
 -0.7000     54.7  1.63887E-01  1.541E+06  6.8113E+01  1.7881E+04  3.3974E+00  4.0907E+00  6.5499E+01  1.6267E+03  9.4789E-08
 -0.8000     64.4  1.85452E-01  1.541E+06  6.8481E+01  1.7989E+04  3.3927E+00  4.0900E+00  7.4860E+01  1.6740E+03  8.7120E-08
 -0.9000     73.9  1.99211E-01  1.541E+06  6.8849E+01  1.8098E+04  3.3881E+00  4.0892E+00  8.4077E+01  1.6705E+03  7.9625E-08
 -1.0000     82.4  2.04457E-01  1.541E+06  6.9217E+01  1.8207E+04  3.3835E+00  4.0885E+00  9.3183E+01  1.6152E+03  7.2452E-08
 -1.1000     89.5  2.00595E-01  1.541E+06  6.9585E+01  1.8316E+04  3.3788E+00  4.0878E+00  1.0220E+02  1.5139E+03  6.5444E-08
 -1.2000     94.3  1.89043E-01  1.541E+06  6.9953E+01  1.8425E+04  3.3742E+00  4.0870E+00  1.1117E+02  1.3812E+03  5.8667E-08
 -1.3000     96.3  1.71136E-01  1.541E+06  7.0320E+01  1.8534E+04  3.3696E+00  4.0863E+00  1.2010E+02  1.2312E+03  5.2292E-08
 -1.4000     94.8  1.48337E-01  1.541E+06  7.0688E+01  1.8643E+04  3.3650E+00  4.0855E+00  1.2905E+02  1.0791E+03  4.6248E-08
 -1.5000     89.6  1.22150E-01  1.541E+06  7.1056E+01  1.8752E+04  3.3603E+00  4.0848E+00  1.3806E+02  9.3965E+02  4.0691E-08
 -1.6000     81.7  9.63059E-02  1.541E+06  7.1424E+01  1.8861E+04  3.3557E+00  4.0841E+00  1.4722E+02  8.2312E+02  3.5605E-08
 -1.7000     73.0  7.33516E-02  1.541E+06  7.1792E+01  1.8970E+04  3.3511E+00  4.0833E+00  1.5658E+02  7.3589E+02  3.1038E-08
 -1.8000     65.0  5.45848E-02  1.541E+06  7.2160E+01  1.9079E+04  3.3465E+00  4.0826E+00  1.6623E+02  6.7792E+02  2.7026E-08
 -1.9000     59.3  4.06613E-02  1.541E+06  7.2527E+01  1.9188E+04  3.3418E+00  4.0819E+00  1.7624E+02  6.4577E+02  2.3503E-08
 -2.0000     57.5  3.15702E-02  1.541E+06  7.2895E+01  1.9297E+04  3.3372E+00  4.0811E+00  1.8668E+02  6.3465E+02  2.0464E-08
 -2.1000     61.4  2.68465E-02  1.541E+06  7.3263E+01  1.9406E+04  3.3326E+00  4.0804E+00  1.9769E+02  6.3947E+02  1.7841E-08
 -2.2000     72.3  2.55600E-02  1.541E+06  7.3631E+01  1.9515E+04  3.3279E+00  4.0797E+00  2.0942E+02  6.5738E+02  1.5590E-08
 -2.3000     92.1  2.06679E-02  1.541E+06  7.3999E+01  1.9624E+04  3.3233E+00  4.0789E+00  2.2233E+02  6.9873E+02  1.3443E-08
 -2.4000    122.3  9.84415E-03  1.541E+06  7.4367E+01  1.9733E+04  3.3187E+00  4.0782E+00  2.3756E+02  7.8145E+02  1.1730E-08
 -2.5000    164.6  8.38372E-03  1.541E+06  7.4734E+01  1.9842E+04  3.3141E+00  4.0774E+00  2.5737E+02  9.2203E+02  1.0393E-08
 -2.6000    220.5  2.18424E-02  1.541E+06  7.5102E+01  1.9951E+04  3.3094E+00  4.0767E+00  2.8560E+02  1.1283E+03  9.3450E-09
 -2.7000    291.7  1.04585E-02  1.541E+06  7.5470E+01  2.0060E+04  3.3048E+00  4.0760E+00  3.2551E+02  1.3408E+03  8.3984E-09
 -2.8000    379.8  1.27698E-01  1.541E+06  7.5838E+01  2.0169E+04  3.3002E+00  4.0752E+00  3.7426E+02  1.4280E+03  7.2929E-09
 -2.9000    486.4  3.56495E-01  1.541E+06  7.6206E+01  2.0278E+04  3.2955E+00  4.0745E+00  4.2267E+02  1.3234E+03  5.9686E-09
 -3.0000    613.1  7.75749E-01  1.541E+06  7.6574E+01  2.0387E+04  3.2909E+00  4.0738E+00  4.6079E+02  1.0884E+03  4.6200E-09
 -3.1000    761.6  1.58897E+00  1.541E+06  7.6941E+01  2.0496E+04  3.2863E+00  4.0730E+00  4.8206E+02  8.1848E+02  3.4522E-09
 -3.2000    933.5  3.22339E+00  1.541E+06  7.7309E+01  2.0605E+04  3.2817E+00  4.0723E+00  4.8588E+02  5.7485E+02  2.5509E-09
 -3.3000   1130.3  6.50069E+00  1.541E+06  7.7677E+01  2.0714E+04  3.2770E+00  4.0715E+00  4.7742E+02  3.8194E+02  1.9083E-09
 -3.4000   1353.8  1.28983E+01  1.541E+06  7.8045E+01  2.0823E+04  3.2724E+00  4.0708E+00  4.6373E+02  2.4187E+02  1.4766E-09
 -3.5000   1605.5  2.48808E+01  1.541E+06  7.8413E+01  2.0932E+04  3.2678E+00  4.0701E+00  4.5005E+02  1.4645E+02  1.1998E-09
 -3.6000   1887.1  4.60280E+01  1.541E+06  7.8781E+01  2.1041E+04  3.2632E+00  4.0693E+00  4.3894E+02  8.4530E+01  1.0288E-09
 -3.7000   2200.1  8.02055E+01  1.541E+06  7.9148E+01  2.1150E+04  3.2585E+00  4.0686E+00  4.3090E+02  4.5777E+01  9.2609E-10
 -3.8000   2546.3  1.28389E+02  1.541E+06  7.9516E+01  2.1258E+04  3.2539E+00  4.0679E+00  4.2552E+02  2.2158E+01  8.6551E-10
 -3.9000   2927.1  1.83119E+02  1.541E+06  7.9884E+01  2.1367E+04  3.2493E+00  4.0671E+00  4.2207E+02  8.0419E+00  8.3008E-10
 -4.0000   3344.3  2.30872E+02  1.541E+06  8.0252E+01  2.1476E+04  3.2446E+00  4.0664E+00  4.2001E+02  0.0000E+00  8.0251E-10
