   9.05967951E-02   0.00000000       0.00000000    
  1.2000    420.6  6.23338E+03  1.168E+04  6.0032E+01  6.1667E+04  1.4027E+01  1.2368E+01  3.8782E+00  6.2793E+03  1.9962E-08
  1.1000    358.2  4.07585E+03  1.168E+04  6.0101E+01  5.7257E+04  1.2963E+01  1.1448E+01  3.6543E+00  6.0496E+03  1.9819E-08
  1.0000    302.2  2.44188E+03  1.168E+04  6.0170E+01  5.3034E+04  1.1946E+01  1.0569E+01  3.3754E+00  5.7457E+03  1.9442E-08
  0.9000    252.3  1.36949E+03  1.168E+04  6.0239E+01  4.9001E+04  1.0976E+01  9.7327E+00  3.0499E+00  5.3663E+03  1.8799E-08
  0.8000    208.2  7.28753E+02  1.168E+04  6.0308E+01  4.5155E+04  1.0051E+01  8.9375E+00  2.6931E+00  4.9191E+03  1.7881E-08
  0.7000    169.6  3.71037E+02  1.168E+04  6.0377E+01  4.1498E+04  9.1731E+00  8.1839E+00  2.3204E+00  4.4171E+03  1.6695E-08
  0.6000    136.0  1.82179E+02  1.168E+04  6.0446E+01  3.8030E+04  8.3414E+00  7.4718E+00  1.9426E+00  3.8734E+03  1.5255E-08
  0.5000    107.3  8.61896E+01  1.168E+04  6.0515E+01  3.4750E+04  7.5559E+00  6.8013E+00  1.5651E+00  3.2983E+03  1.3597E-08
  0.4000     83.0  3.96674E+01  1.168E+04  6.0584E+01  3.1658E+04  6.8168E+00  6.1723E+00  1.1921E+00  2.7045E+03  1.1750E-08
  0.3000     62.8  1.78472E+01  1.168E+04  6.0653E+01  2.8755E+04  6.1241E+00  5.5848E+00  8.3252E-01  2.1132E+03  9.7857E-09
  0.2000     46.5  7.81390E+00  1.168E+04  6.0721E+01  2.6040E+04  5.4776E+00  5.0390E+00  5.0039E-01  1.5535E+03  7.8221E-09
  0.1000     33.6  3.39455E+00  1.168E+04  6.0790E+01  2.3514E+04  4.8775E+00  4.5347E+00  2.1599E-01  1.0625E+03  5.9847E-09
  0.0000     23.8  1.44251E+00  1.168E+04  6.0859E+01  2.1176E+04  4.3238E+00  4.0719E+00  0.0000E+00  6.7353E+02  4.4313E-09
 -0.1000     16.9  6.24205E-01  1.168E+04  6.0928E+01  1.9027E+04  3.8164E+00  3.6507E+00  1.3639E-01  4.0059E+02  3.2397E-09
 -0.2000     12.4  2.88507E-01  1.168E+04  6.0997E+01  1.7066E+04  3.3552E+00  3.2710E+00  1.9853E-01  2.3213E+02  2.4222E-09
 -0.3000     10.1  1.50466E-01  1.168E+04  6.1066E+01  1.5293E+04  2.9405E+00  2.9329E+00  2.0514E-01  1.3757E+02  1.9155E-09
 -0.4000      9.5  9.94101E-02  1.168E+04  6.1135E+01  1.3709E+04  2.5720E+00  2.6364E+00  1.7799E-01  8.5172E+01  1.6160E-09
 -0.5000     10.5  8.05807E-02  1.168E+04  6.1204E+01  1.2314E+04  2.2499E+00  2.3814E+00  1.3176E-01  5.3883E+01  1.4483E-09
 -0.6000     12.6  7.63931E-02  1.168E+04  6.1273E+01  1.1107E+04  1.9742E+00  2.1679E+00  7.2250E-02  3.3570E+01  1.3541E-09
 -0.7000     15.5  7.79338E-02  1.168E+04  6.1342E+01  1.0088E+04  1.7447E+00  1.9960E+00  1.7242E-03  1.9148E+01  1.2962E-09
 -0.8000     18.9  7.99103E-02  1.168E+04  6.1411E+01  9.2575E+03  1.5616E+00  1.8657E+00  8.0605E-02  8.8320E+00  1.2553E-09
 -0.9000     22.5  8.18210E-02  1.168E+04  6.1480E+01  8.6156E+03  1.4248E+00  1.7769E+00  1.7572E-01  1.8008E+00  1.2124E-09
 -1.0000     25.9  8.12783E-02  1.168E+04  6.1549E+01  8.1622E+03  1.3344E+00  1.7297E+00  2.8427E-01  2.4648E+00  1.1627E-09
 -1.1000     28.8  7.85890E-02  1.168E+04  6.1618E+01  7.8972E+03  1.2903E+00  1.7240E+00  4.0703E-01  4.0586E+00  1.0998E-09
 -1.2000     30.8  7.34856E-02  1.168E+04  6.1687E+01  7.8206E+03  1.2925E+00  1.7599E+00  5.4321E-01  3.3984E+00  1.0222E-09
 -1.3000     31.7  6.53534E-02  1.168E+04  6.1756E+01  7.9325E+03  1.3410E+00  1.8373E+00  6.9232E-01  5.8789E-01  9.3419E-10
 -1.4000     31.1  5.52495E-02  1.168E+04  6.1825E+01  8.2328E+03  1.4359E+00  1.9563E+00  8.5298E-01  4.2441E+00  8.3494E-10
 -1.5000     28.8  4.35783E-02  1.168E+04  6.1894E+01  8.7216E+03  1.5771E+00  2.1169E+00  1.0225E+00  1.0717E+01  7.3087E-10
 -1.6000     25.3  3.23086E-02  1.168E+04  6.1962E+01  9.3988E+03  1.7647E+00  2.3189E+00  1.1971E+00  1.8215E+01  6.3071E-10
 -1.7000     21.1  2.25108E-02  1.168E+04  6.2031E+01  1.0264E+04  1.9985E+00  2.5626E+00  1.3726E+00  2.5945E+01  5.4202E-10
 -1.8000     16.8  1.46601E-02  1.168E+04  6.2100E+01  1.1318E+04  2.2788E+00  2.8478E+00  1.5466E+00  3.3355E+01  4.6999E-10
 -1.9000     12.9  8.86810E-03  1.168E+04  6.2169E+01  1.2561E+04  2.6053E+00  3.1746E+00  1.7198E+00  4.0249E+01  4.1653E-10
 -2.0000     10.1  5.06496E-03  1.168E+04  6.2238E+01  1.3992E+04  2.9782E+00  3.5429E+00  1.8969E+00  4.6759E+01  3.8420E-10
 -2.1000      8.9  3.08037E-03  1.168E+04  6.2307E+01  1.5611E+04  3.3974E+00  3.9527E+00  2.0866E+00  5.3183E+01  3.7366E-10
 -2.2000      9.9  2.75171E-03  1.168E+04  6.2376E+01  1.7419E+04  3.8629E+00  4.4041E+00  2.3016E+00  5.9840E+01  3.8503E-10
 -2.3000     13.6  3.92050E-03  1.168E+04  6.2445E+01  1.9415E+04  4.3748E+00  4.8971E+00  2.5565E+00  6.6897E+01  4.1737E-10
 -2.4000     20.7  6.34682E-03  1.168E+04  6.2514E+01  2.1600E+04  4.9330E+00  5.4316E+00  2.8681E+00  7.4367E+01  4.6783E-10
 -2.5000     31.7  9.79942E-03  1.168E+04  6.2583E+01  2.3973E+04  5.5375E+00  6.0077E+00  3.2556E+00  8.2169E+01  5.3340E-10
 -2.6000     47.1  1.39422E-02  1.168E+04  6.2652E+01  2.6535E+04  6.1884E+00  6.6254E+00  3.7428E+00  9.0275E+01  6.1013E-10
 -2.7000     67.6  1.83856E-02  1.168E+04  6.2721E+01  2.9285E+04  6.8856E+00  7.2846E+00  4.3653E+00  9.8985E+01  6.9507E-10
 -2.8000     93.7  2.27136E-02  1.168E+04  6.2790E+01  3.2223E+04  7.6291E+00  7.9853E+00  5.1798E+00  1.0909E+02  7.8724E-10
 -2.9000    126.0  2.63018E-02  1.168E+04  6.2859E+01  3.5350E+04  8.4190E+00  8.7276E+00  6.2851E+00  1.2219E+02  8.8749E-10
 -3.0000    165.1  2.85037E-02  1.168E+04  6.2928E+01  3.8666E+04  9.2551E+00  9.5114E+00  7.8518E+00  1.4081E+02  1.0009E-09
 -3.1000    211.5  2.84692E-02  1.168E+04  6.2997E+01  4.2169E+04  1.0138E+01  1.0337E+01  1.0174E+01  1.6853E+02  1.1349E-09
 -3.2000    265.9  2.56658E-02  1.168E+04  6.3066E+01  4.5862E+04  1.1067E+01  1.1204E+01  1.3749E+01  2.0975E+02  1.2992E-09
 -3.3000    328.7  2.12052E-02  1.168E+04  6.3135E+01  4.9742E+04  1.2042E+01  1.2112E+01  1.9345E+01  2.6797E+02  1.4996E-09
 -3.4000    400.5  2.05989E-02  1.168E+04  6.3203E+01  5.3811E+04  1.3063E+01  1.3062E+01  2.7819E+01  3.3989E+02  1.7168E-09
 -3.5000    482.1  3.64444E-02  1.168E+04  6.3272E+01  5.8069E+04  1.4131E+01  1.4054E+01  3.9052E+01  4.0492E+02  1.8785E-09
 -3.6000    573.8  8.71916E-02  1.168E+04  6.3341E+01  6.2515E+04  1.5245E+01  1.5087E+01  5.0222E+01  4.2629E+02  1.8700E-09
 -3.7000    676.3  1.99645E-01  1.168E+04  6.3410E+01  6.7149E+04  1.6406E+01  1.6162E+01  5.6027E+01  3.7765E+02  1.6278E-09
 -3.8000    790.1  4.26748E-01  1.168E+04  6.3479E+01  7.1972E+04  1.7613E+01  1.7278E+01  5.1970E+01  2.6631E+02  1.2032E-09
 -3.9000    915.9  8.95762E-01  1.168E+04  6.3548E+01  7.6984E+04  1.8866E+01  1.8436E+01  3.7744E+01  1.2733E+02  7.2511E-10
 -4.0000   1054.1  1.88184E+00  1.168E+04  6.3617E+01  8.2183E+04  2.0165E+01  1.9635E+01  1.7621E+01  0.0000E+00  3.2100E-10
