  0.111025095       0.00000000       0.00000000    
  1.2000    498.5  7.50083E+03  1.298E+04  7.4358E+01  1.6894E+04  3.0608E+00  3.8795E+00  4.7840E+00  7.4502E+03  2.2616E-08
  1.1000    425.4  4.94340E+03  1.298E+04  7.4457E+01  1.6914E+04  3.0610E+00  3.8921E+00  4.5285E+00  7.1908E+03  2.2459E-08
  1.0000    359.7  2.97489E+03  1.298E+04  7.4557E+01  1.6934E+04  3.0612E+00  3.9047E+00  4.2064E+00  6.8442E+03  2.2027E-08
  0.9000    301.1  1.67237E+03  1.298E+04  7.4656E+01  1.6955E+04  3.0613E+00  3.9172E+00  3.8262E+00  6.4071E+03  2.1280E-08
  0.8000    249.2  8.90863E+02  1.298E+04  7.4756E+01  1.6975E+04  3.0615E+00  3.9298E+00  3.4045E+00  5.8872E+03  2.0204E-08
  0.7000    203.5  4.53664E+02  1.298E+04  7.4855E+01  1.6995E+04  3.0617E+00  3.9423E+00  2.9587E+00  5.2984E+03  1.8803E-08
  0.6000    163.8  2.22666E+02  1.298E+04  7.4955E+01  1.7015E+04  3.0619E+00  3.9549E+00  2.5014E+00  4.6555E+03  1.7089E-08
  0.5000    129.6  1.05272E+02  1.298E+04  7.5054E+01  1.7036E+04  3.0620E+00  3.9675E+00  2.0382E+00  3.9702E+03  1.5104E-08
  0.4000    100.6  4.84051E+01  1.298E+04  7.5154E+01  1.7056E+04  3.0622E+00  3.9800E+00  1.5733E+00  3.2567E+03  1.2880E-08
  0.3000     76.4  2.17502E+01  1.298E+04  7.5254E+01  1.7076E+04  3.0624E+00  3.9926E+00  1.1167E+00  2.5404E+03  1.0504E-08
  0.2000     56.7  9.50549E+00  1.298E+04  7.5353E+01  1.7097E+04  3.0626E+00  4.0051E+00  6.8509E-01  1.8575E+03  8.1219E-09
  0.1000     41.0  4.11566E+00  1.298E+04  7.5453E+01  1.7117E+04  3.0627E+00  4.0177E+00  3.0385E-01  1.2555E+03  5.8954E-09
  0.0000     29.0  1.73669E+00  1.298E+04  7.5552E+01  1.7137E+04  3.0629E+00  4.0302E+00  0.0000E+00  7.7836E+02  4.0266E-09
 -0.1000     20.3  7.40614E-01  1.298E+04  7.5652E+01  1.7158E+04  3.0631E+00  4.0428E+00  2.1045E-01  4.4617E+02  2.6228E-09
 -0.2000     14.5  3.33176E-01  1.298E+04  7.5751E+01  1.7178E+04  3.0633E+00  4.0554E+00  3.3226E-01  2.4527E+02  1.6996E-09
 -0.3000     11.3  1.67141E-01  1.298E+04  7.5851E+01  1.7198E+04  3.0634E+00  4.0679E+00  3.8823E-01  1.3641E+02  1.1697E-09
 -0.4000     10.3  1.06524E-01  1.298E+04  7.5950E+01  1.7218E+04  3.0636E+00  4.0805E+00  4.0538E-01  7.8711E+01  8.9952E-10
 -0.5000     11.1  8.51784E-02  1.298E+04  7.6050E+01  1.7239E+04  3.0638E+00  4.0930E+00  4.0205E-01  4.5242E+01  7.8728E-10
 -0.6000     13.4  8.14462E-02  1.298E+04  7.6150E+01  1.7259E+04  3.0640E+00  4.1056E+00  3.8548E-01  2.3297E+01  7.6065E-10
 -0.7000     16.7  8.47058E-02  1.298E+04  7.6249E+01  1.7279E+04  3.0641E+00  4.1181E+00  3.5833E-01  6.9531E+00  7.7328E-10
 -0.8000     20.7  8.88519E-02  1.298E+04  7.6349E+01  1.7300E+04  3.0643E+00  4.1307E+00  3.1973E-01  5.7383E+00  7.9956E-10
 -0.9000     25.1  9.31344E-02  1.298E+04  7.6448E+01  1.7320E+04  3.0645E+00  4.1433E+00  2.6872E-01  1.5590E+01  8.1816E-10
 -1.0000     29.4  9.47466E-02  1.298E+04  7.6548E+01  1.7340E+04  3.0647E+00  4.1558E+00  2.0491E-01  2.3105E+01  8.2159E-10
 -1.1000     33.3  9.40065E-02  1.298E+04  7.6647E+01  1.7361E+04  3.0648E+00  4.1684E+00  1.2808E-01  2.8367E+01  8.0273E-10
 -1.2000     36.4  9.05354E-02  1.298E+04  7.6747E+01  1.7381E+04  3.0650E+00  4.1810E+00  3.9978E-02  3.1828E+01  7.5956E-10
 -1.3000     38.3  8.32999E-02  1.298E+04  7.6846E+01  1.7401E+04  3.0652E+00  4.1935E+00  5.8350E-02  3.3410E+01  6.9684E-10
 -1.4000     38.7  7.35123E-02  1.298E+04  7.6946E+01  1.7422E+04  3.0654E+00  4.2061E+00  1.6498E-01  3.3066E+01  6.1510E-10
 -1.5000     37.3  6.12898E-02  1.298E+04  7.7046E+01  1.7442E+04  3.0655E+00  4.2186E+00  2.7718E-01  3.0938E+01  5.2207E-10
 -1.6000     34.6  4.90047E-02  1.298E+04  7.7145E+01  1.7462E+04  3.0657E+00  4.2312E+00  3.9192E-01  2.7275E+01  4.2875E-10
 -1.7000     31.1  3.79884E-02  1.298E+04  7.7245E+01  1.7482E+04  3.0659E+00  4.2437E+00  5.0479E-01  2.2832E+01  3.4376E-10
 -1.8000     27.3  2.88569E-02  1.298E+04  7.7344E+01  1.7503E+04  3.0661E+00  4.2563E+00  6.1176E-01  1.8324E+01  2.7249E-10
 -1.9000     23.9  2.19512E-02  1.298E+04  7.7444E+01  1.7523E+04  3.0662E+00  4.2689E+00  7.1011E-01  1.4266E+01  2.1641E-10
 -2.0000     21.3  1.71708E-02  1.298E+04  7.7543E+01  1.7543E+04  3.0664E+00  4.2814E+00  7.9944E-01  1.0903E+01  1.7723E-10
 -2.1000     20.2  1.43390E-02  1.298E+04  7.7643E+01  1.7564E+04  3.0666E+00  4.2940E+00  8.8232E-01  8.2236E+00  1.5513E-10
 -2.2000     21.1  1.32326E-02  1.298E+04  7.7742E+01  1.7584E+04  3.0667E+00  4.3065E+00  9.6460E-01  6.0518E+00  1.5007E-10
 -2.3000     24.6  1.36673E-02  1.298E+04  7.7842E+01  1.7604E+04  3.0669E+00  4.3191E+00  1.0538E+00  4.2520E+00  1.6136E-10
 -2.4000     31.2  1.54210E-02  1.298E+04  7.7941E+01  1.7625E+04  3.0671E+00  4.3317E+00  1.1582E+00  2.7891E+00  1.8691E-10
 -2.5000     41.5  1.83135E-02  1.298E+04  7.8041E+01  1.7645E+04  3.0673E+00  4.3442E+00  1.2856E+00  1.7842E+00  2.2417E-10
 -2.6000     56.0  2.20997E-02  1.298E+04  7.8141E+01  1.7665E+04  3.0675E+00  4.3568E+00  1.4420E+00  1.4893E+00  2.6935E-10
 -2.7000     75.3  2.65166E-02  1.298E+04  7.8240E+01  1.7686E+04  3.0676E+00  4.3693E+00  1.6332E+00  2.1289E+00  3.1861E-10
 -2.8000    100.0  3.13128E-02  1.298E+04  7.8340E+01  1.7706E+04  3.0678E+00  4.3819E+00  1.8659E+00  3.8247E+00  3.6852E-10
 -2.9000    130.7  3.61273E-02  1.298E+04  7.8439E+01  1.7726E+04  3.0680E+00  4.3945E+00  2.1549E+00  6.3567E+00  4.1633E-10
 -3.0000    167.8  4.06338E-02  1.298E+04  7.8539E+01  1.7746E+04  3.0681E+00  4.4070E+00  2.5323E+00  9.0107E+00  4.6164E-10
 -3.1000    211.9  4.43677E-02  1.298E+04  7.8638E+01  1.7767E+04  3.0683E+00  4.4196E+00  3.0650E+00  1.0439E+01  5.0597E-10
 -3.2000    263.6  4.68113E-02  1.298E+04  7.8738E+01  1.7787E+04  3.0685E+00  4.4321E+00  3.8829E+00  8.4922E+00  5.5406E-10
 -3.3000    323.5  4.74735E-02  1.298E+04  7.8837E+01  1.7807E+04  3.0687E+00  4.4447E+00  5.2142E+00  3.8452E-01  6.1316E-10
 -3.4000    392.2  4.59914E-02  1.298E+04  7.8937E+01  1.7828E+04  3.0688E+00  4.4573E+00  7.4422E+00  1.7115E+01  6.9098E-10
 -3.5000    470.1  4.32167E-02  1.298E+04  7.9036E+01  1.7848E+04  3.0690E+00  4.4698E+00  1.1135E+01  4.6450E+01  7.9272E-10
 -3.6000    557.8  4.26479E-02  1.298E+04  7.9136E+01  1.7868E+04  3.0692E+00  4.4824E+00  1.6875E+01  8.5682E+01  9.0675E-10
 -3.7000    656.0  5.25580E-02  1.298E+04  7.9236E+01  1.7889E+04  3.0694E+00  4.4949E+00  2.4442E+01  1.2213E+02  9.8785E-10
 -3.8000    765.1  8.47774E-02  1.298E+04  7.9335E+01  1.7909E+04  3.0695E+00  4.5075E+00  3.1460E+01  1.3201E+02  9.6132E-10
 -3.9000    885.8  1.57009E-01  1.298E+04  7.9435E+01  1.7929E+04  3.0697E+00  4.5200E+00  3.3051E+01  9.3810E+01  7.6798E-10
 -4.0000   1018.5  3.01276E-01  1.298E+04  7.9534E+01  1.7949E+04  3.0699E+00  4.5326E+00  2.2774E+01  0.0000E+00  3.9984E-10
