   6.64974451E-02   0.00000000       2.07176208    
  1.2000    367.7  8.70078E+01  6.492E+05  1.3756E+02  2.5560E+05  5.0995E+01  5.6541E+01  1.2863E+00  2.2539E+03  5.9562E-09
  1.1000    314.7  1.19376E+03  6.492E+05  1.2794E+02  2.2058E+05  4.4362E+01  4.8905E+01  1.3024E+00  2.2581E+03  6.3066E-09
  1.0000    267.0  2.99091E+03  6.492E+05  1.1876E+02  1.8882E+05  3.8324E+01  4.1986E+01  1.3043E+00  2.2559E+03  6.6465E-09
  0.9000    224.2  3.70391E+03  6.492E+05  1.1001E+02  1.6016E+05  3.2855E+01  3.5749E+01  1.2940E+00  2.2460E+03  6.9624E-09
  0.8000    186.2  2.74689E+03  6.492E+05  1.0170E+02  1.3445E+05  2.7929E+01  3.0162E+01  1.2687E+00  2.2236E+03  7.2344E-09
  0.7000    152.7  1.49791E+03  6.492E+05  9.3828E+01  1.1156E+05  2.3517E+01  2.5189E+01  1.2216E+00  2.1792E+03  7.4304E-09
  0.6000    123.4  6.76679E+02  6.492E+05  8.6391E+01  9.1318E+04  1.9593E+01  2.0797E+01  1.1455E+00  2.1001E+03  7.5028E-09
  0.5000     98.1  2.68862E+02  6.492E+05  7.9391E+01  7.3588E+04  1.6130E+01  1.6951E+01  1.0372E+00  1.9745E+03  7.4044E-09
  0.4000     76.6  9.75959E+01  6.492E+05  7.2828E+01  5.8218E+04  1.3101E+01  1.3618E+01  8.9568E-01  1.7921E+03  7.0722E-09
  0.3000     58.5  3.31286E+01  6.492E+05  6.6700E+01  4.5058E+04  1.0480E+01  1.0763E+01  7.1627E-01  1.5394E+03  6.4421E-09
  0.2000     43.7  1.06346E+01  6.492E+05  6.1010E+01  3.3959E+04  8.2382E+00  8.3527E+00  4.9210E-01  1.2042E+03  5.4609E-09
  0.1000     31.9  3.32293E+00  6.492E+05  5.5755E+01  2.4772E+04  6.3498E+00  6.3524E+00  2.3421E-01  8.0517E+02  4.1473E-09
  0.0000     22.8  9.96401E-01  6.492E+05  5.0938E+01  1.7348E+04  4.7875E+00  4.7284E+00  0.0000E+00  4.3112E+02  2.7688E-09
 -0.1000     16.2  3.01524E-01  6.492E+05  4.6556E+01  1.1538E+04  3.5244E+00  3.4464E+00  1.2876E-01  1.9986E+02  1.7324E-09
 -0.2000     11.9  1.12564E-01  6.492E+05  4.2611E+01  7.1913E+03  2.5336E+00  2.4725E+00  1.4387E-01  1.2152E+02  1.1964E-09
 -0.3000      9.5  6.20861E-02  6.492E+05  3.9103E+01  4.1600E+03  1.7880E+00  1.7726E+00  1.0847E-01  1.1072E+02  9.8203E-10
 -0.4000      8.9  4.84085E-02  6.492E+05  3.6031E+01  2.2945E+03  1.2607E+00  1.3126E+00  6.4453E-02  1.1177E+02  9.1416E-10
 -0.5000      9.8  4.73175E-02  6.492E+05  3.3396E+01  1.4456E+03  9.2467E-01  1.0584E+00  2.1423E-02  1.1015E+02  9.2160E-10
 -0.6000     11.9  5.19767E-02  6.492E+05  3.1197E+01  1.4641E+03  7.5302E-01  9.7588E-01  2.0653E-02  1.0365E+02  9.5991E-10
 -0.7000     15.0  5.89752E-02  6.492E+05  2.9434E+01  2.2008E+03  7.1873E-01  1.0311E+00  6.4613E-02  9.3484E+01  1.0030E-09
 -0.8000     18.9  6.62067E-02  6.492E+05  2.8108E+01  3.5064E+03  7.9485E-01  1.1899E+00  1.1503E-01  8.2191E+01  1.0409E-09
 -0.9000     23.2  7.19948E-02  6.492E+05  2.7219E+01  5.2318E+03  9.5438E-01  1.4183E+00  1.7987E-01  7.3352E+01  1.0674E-09
 -1.0000     27.8  7.56660E-02  6.492E+05  2.6765E+01  7.2276E+03  1.1704E+00  1.6821E+00  2.6897E-01  7.0125E+01  1.0906E-09
 -1.1000     32.4  7.69765E-02  6.492E+05  2.6749E+01  9.3448E+03  1.4159E+00  1.9473E+00  3.9151E-01  7.3906E+01  1.1103E-09
 -1.2000     36.7  7.63795E-02  6.492E+05  2.7169E+01  1.1434E+04  1.6639E+00  2.1798E+00  5.5479E-01  8.4562E+01  1.1274E-09
 -1.3000     40.5  7.40905E-02  6.492E+05  2.8025E+01  1.3346E+04  1.8874E+00  2.3456E+00  7.6117E-01  1.0025E+02  1.1435E-09
 -1.4000     43.5  6.99623E-02  6.492E+05  2.9318E+01  1.4932E+04  2.0596E+00  2.4105E+00  1.0105E+00  1.1899E+02  1.1534E-09
 -1.5000     45.6  6.29568E-02  6.492E+05  3.1047E+01  1.6080E+04  2.1612E+00  2.3526E+00  1.3064E+00  1.4019E+02  1.1644E-09
 -1.6000     47.0  5.39035E-02  6.492E+05  3.3213E+01  1.6834E+04  2.2053E+00  2.1981E+00  1.6590E+00  1.6459E+02  1.1851E-09
 -1.7000     47.9  4.41424E-02  6.492E+05  3.5815E+01  1.7272E+04  2.2126E+00  1.9851E+00  2.0826E+00  1.9299E+02  1.2252E-09
 -1.8000     48.7  3.51896E-02  6.492E+05  3.8854E+01  1.7476E+04  2.2038E+00  1.7521E+00  2.5894E+00  2.2530E+02  1.2913E-09
 -1.9000     49.6  2.85236E-02  6.492E+05  4.2329E+01  1.7526E+04  2.1998E+00  1.5373E+00  3.1823E+00  2.6000E+02  1.3804E-09
 -2.0000     50.9  2.30169E-02  6.492E+05  4.6241E+01  1.7502E+04  2.2214E+00  1.3788E+00  3.8683E+00  2.9596E+02  1.4747E-09
 -2.1000     52.9  1.62340E-02  6.492E+05  5.0589E+01  1.7485E+04  2.2892E+00  1.3151E+00  4.6896E+00  3.3512E+02  1.5648E-09
 -2.2000     55.8  1.06019E-02  6.492E+05  5.5373E+01  1.7554E+04  2.4242E+00  1.3843E+00  5.6909E+00  3.7896E+02  1.6890E-09
 -2.3000     60.0  6.21927E-03  6.492E+05  6.0594E+01  1.7791E+04  2.6472E+00  1.6247E+00  6.8940E+00  4.2661E+02  1.8450E-09
 -2.4000     65.8  3.37344E-03  6.492E+05  6.6252E+01  1.8276E+04  2.9788E+00  2.0747E+00  8.3140E+00  4.7708E+02  2.0307E-09
 -2.5000     73.3  2.49392E-03  6.492E+05  7.2346E+01  1.9089E+04  3.4399E+00  2.7724E+00  9.9497E+00  5.2882E+02  2.2428E-09
 -2.6000     83.0  3.94568E-03  6.492E+05  7.8876E+01  2.0311E+04  4.0513E+00  3.7561E+00  1.1777E+01  5.7961E+02  2.4756E-09
 -2.7000     95.0  7.92918E-03  6.492E+05  8.5843E+01  2.2021E+04  4.8338E+00  5.0641E+00  1.3747E+01  6.2663E+02  2.7219E-09
 -2.8000    109.7  1.42129E-02  6.492E+05  9.3247E+01  2.4301E+04  5.8081E+00  6.7346E+00  1.5784E+01  6.6652E+02  2.9716E-09
 -2.9000    127.4  2.18799E-02  6.492E+05  1.0109E+02  2.7230E+04  6.9951E+00  8.8060E+00  1.7795E+01  6.9541E+02  3.2116E-09
 -3.0000    148.3  2.88802E-02  6.492E+05  1.0936E+02  3.0890E+04  8.4155E+00  1.1316E+01  1.9652E+01  7.0789E+02  3.4205E-09
 -3.1000    172.7  3.32309E-02  6.492E+05  1.1808E+02  3.5359E+04  1.0090E+01  1.4304E+01  2.1270E+01  7.0019E+02  3.5786E-09
 -3.2000    200.9  3.24735E-02  6.492E+05  1.2723E+02  4.0720E+04  1.2040E+01  1.7808E+01  2.2568E+01  6.6871E+02  3.6615E-09
 -3.3000    233.2  2.69391E-02  6.492E+05  1.3681E+02  4.7051E+04  1.4285E+01  2.1865E+01  2.3499E+01  6.1095E+02  3.6421E-09
 -3.4000    269.9  1.89226E-02  6.492E+05  1.4683E+02  5.4434E+04  1.6847E+01  2.6514E+01  2.4283E+01  5.3530E+02  3.5333E-09
 -3.5000    311.2  1.14749E-02  6.492E+05  1.5729E+02  6.2949E+04  1.9747E+01  3.1794E+01  2.5510E+01  4.6086E+02  3.4010E-09
 -3.6000    357.4  9.23417E-03  6.492E+05  1.6819E+02  7.2676E+04  2.3004E+01  3.7743E+01  2.7361E+01  3.9260E+02  3.1239E-09
 -3.7000    408.8  9.45453E-03  6.492E+05  1.7952E+02  8.3696E+04  2.6641E+01  4.4398E+01  2.9332E+01  3.1926E+02  2.6860E-09
 -3.8000    465.8  9.17229E-03  6.492E+05  1.9129E+02  9.6088E+04  3.0677E+01  5.1799E+01  3.0957E+01  2.3456E+02  2.1677E-09
 -3.9000    528.5  8.34273E-03  6.492E+05  2.0349E+02  1.0993E+05  3.5134E+01  5.9983E+01  3.1446E+01  1.3338E+02  1.5200E-09
 -4.0000    597.3  6.95710E-03  6.492E+05  2.1613E+02  1.2531E+05  4.0032E+01  6.8989E+01  2.6317E+01  0.0000E+00  6.1570E-10
