   8.85376334E-02   0.00000000       1.93653297    
  1.2000    451.7  6.01291E+03  4.040E+05  4.6379E+01  3.0124E+05  6.7107E+01  6.8556E+01  5.2476E+00  3.5952E+03  4.5635E-08
  1.1000    380.8  6.45721E+03  4.040E+05  4.6560E+01  2.5953E+05  5.8222E+01  5.9336E+01  5.2320E+00  3.5651E+03  4.8547E-08
  1.0000    317.8  5.01237E+03  4.040E+05  4.6740E+01  2.2182E+05  5.0155E+01  5.0974E+01  5.2334E+00  3.5123E+03  5.1574E-08
  0.9000    262.1  3.14564E+03  4.040E+05  4.6921E+01  1.8793E+05  4.2867E+01  4.3431E+01  5.2423E+00  3.4271E+03  5.4674E-08
  0.8000    213.4  1.70753E+03  4.040E+05  4.7101E+01  1.5764E+05  3.6320E+01  3.6664E+01  5.2440E+00  3.2986E+03  5.7786E-08
  0.7000    171.3  8.35374E+02  4.040E+05  4.7282E+01  1.3078E+05  3.0475E+01  3.0635E+01  5.2120E+00  3.1192E+03  6.0821E-08
  0.6000    135.3  3.77856E+02  4.040E+05  4.7462E+01  1.0714E+05  2.5294E+01  2.5301E+01  5.1088E+00  2.8881E+03  6.3663E-08
  0.5000    105.0  1.59810E+02  4.040E+05  4.7642E+01  8.6532E+04  2.0738E+01  2.0623E+01  4.8923E+00  2.6080E+03  6.6205E-08
  0.4000     80.0  6.41650E+01  4.040E+05  4.7823E+01  6.8755E+04  1.6768E+01  1.6558E+01  4.5179E+00  2.2805E+03  6.8226E-08
  0.3000     59.8  2.47484E+01  4.040E+05  4.8003E+01  5.3616E+04  1.3346E+01  1.3067E+01  3.9304E+00  1.9082E+03  6.9480E-08
  0.2000     44.0  9.21353E+00  4.040E+05  4.8184E+01  4.0921E+04  1.0433E+01  1.0109E+01  3.0497E+00  1.5002E+03  6.9721E-08
  0.1000     32.2  3.41498E+00  4.040E+05  4.8364E+01  3.0473E+04  7.9914E+00  7.6432E+00  1.7740E+00  1.0847E+03  6.8578E-08
  0.0000     24.0  1.26290E+00  4.040E+05  4.8545E+01  2.2078E+04  5.9815E+00  5.6284E+00  0.0000E+00  7.1298E+02  6.6042E-08
 -0.1000     19.0  4.93921E-01  4.040E+05  4.8725E+01  1.5541E+04  4.3651E+00  4.0240E+00  2.3016E+00  4.4298E+02  6.2198E-08
 -0.2000     16.6  2.22962E-01  4.040E+05  4.8906E+01  1.0665E+04  3.1036E+00  2.7893E+00  5.0100E+00  2.9813E+02  5.7610E-08
 -0.3000     16.6  1.29892E-01  4.040E+05  4.9086E+01  7.2568E+03  2.1583E+00  1.8835E+00  7.9221E+00  2.4841E+02  5.2942E-08
 -0.4000     18.4  1.04867E-01  4.040E+05  4.9267E+01  5.1202E+03  1.4907E+00  1.2659E+00  1.0880E+01  2.4556E+02  4.8350E-08
 -0.5000     21.7  1.02849E-01  4.040E+05  4.9447E+01  4.0602E+03  1.0623E+00  8.9566E-01  1.3814E+01  2.5624E+02  4.4043E-08
 -0.6000     26.0  1.08937E-01  4.040E+05  4.9628E+01  3.8815E+03  8.3430E-01  7.3202E-01  1.6713E+01  2.6491E+02  3.9929E-08
 -0.7000     30.9  1.16066E-01  4.040E+05  4.9808E+01  4.3890E+03  7.6823E-01  7.3423E-01  1.9584E+01  2.6588E+02  3.6014E-08
 -0.8000     36.0  1.21376E-01  4.040E+05  4.9988E+01  5.3874E+03  8.2547E-01  8.6153E-01  2.2433E+01  2.5824E+02  3.2377E-08
 -0.9000     40.8  1.22952E-01  4.040E+05  5.0169E+01  6.6815E+03  9.6744E-01  1.0731E+00  2.5268E+01  2.4424E+02  2.8947E-08
 -1.0000     44.9  1.20609E-01  4.040E+05  5.0349E+01  8.0761E+03  1.1555E+00  1.3283E+00  2.8096E+01  2.2738E+02  2.5814E-08
 -1.1000     48.0  1.13964E-01  4.040E+05  5.0530E+01  9.3760E+03  1.3511E+00  1.5862E+00  3.0923E+01  2.1086E+02  2.2933E-08
 -1.2000     49.4  1.03326E-01  4.040E+05  5.0710E+01  1.0386E+04  1.5157E+00  1.8061E+00  3.3757E+01  1.9812E+02  2.0318E-08
 -1.3000     49.0  8.96538E-02  4.040E+05  5.0891E+01  1.0911E+04  1.6106E+00  1.9473E+00  3.6599E+01  1.9019E+02  1.8000E-08
 -1.4000     46.1  7.32611E-02  4.040E+05  5.1071E+01  1.0755E+04  1.5972E+00  1.9689E+00  3.9448E+01  1.8688E+02  1.5922E-08
 -1.5000     40.7  5.55067E-02  4.040E+05  5.1252E+01  9.8054E+03  1.4519E+00  1.8459E+00  4.2301E+01  1.8769E+02  1.4095E-08
 -1.6000     33.5  3.81644E-02  4.040E+05  5.1432E+01  8.2713E+03  1.2108E+00  1.6153E+00  4.5154E+01  1.9185E+02  1.2481E-08
 -1.7000     25.5  2.27741E-02  4.040E+05  5.1613E+01  6.4445E+03  9.2485E-01  1.3298E+00  4.8015E+01  1.9954E+02  1.1067E-08
 -1.8000     17.6  1.03265E-02  4.040E+05  5.1793E+01  4.6165E+03  6.4505E-01  1.0423E+00  5.0900E+01  2.1099E+02  9.8485E-09
 -1.9000     10.9  1.15472E-03  4.040E+05  5.1974E+01  3.0788E+03  4.2241E-01  8.0548E-01  5.3837E+01  2.2646E+02  8.7954E-09
 -2.0000      6.3  4.48483E-03  4.040E+05  5.2154E+01  2.1227E+03  3.0794E-01  6.7205E-01  5.6863E+01  2.4609E+02  7.9023E-09
 -2.1000      4.9  6.74814E-03  4.040E+05  5.2334E+01  2.0397E+03  3.5263E-01  6.9478E-01  6.0024E+01  2.6936E+02  7.1447E-09
 -2.2000      7.6  5.94079E-03  4.040E+05  5.2515E+01  3.1213E+03  6.0751E-01  9.2641E-01  6.3373E+01  2.9518E+02  6.5048E-09
 -2.3000     15.5  4.66689E-03  4.040E+05  5.2695E+01  5.6589E+03  1.1235E+00  1.4197E+00  6.6977E+01  3.2355E+02  5.8584E-09
 -2.4000     29.4  2.70355E-03  4.040E+05  5.2876E+01  9.9439E+03  1.9518E+00  2.2273E+00  7.0963E+01  3.5669E+02  5.3337E-09
 -2.5000     50.5  1.39451E-03  4.040E+05  5.3056E+01  1.6268E+04  3.1432E+00  3.4021E+00  7.5586E+01  3.9883E+02  4.9275E-09
 -2.6000     79.7  2.50632E-03  4.040E+05  5.3237E+01  2.4922E+04  4.7487E+00  4.9967E+00  8.1298E+01  4.5663E+02  4.6327E-09
 -2.7000    118.0  7.06831E-03  4.040E+05  5.3417E+01  3.6198E+04  6.8195E+00  7.0640E+00  8.8919E+01  5.3888E+02  4.4484E-09
 -2.8000    166.4  1.18884E-02  4.040E+05  5.3598E+01  5.0388E+04  9.4065E+00  9.6566E+00  9.9812E+01  6.5210E+02  4.3673E-09
 -2.9000    225.9  3.73721E-03  4.040E+05  5.3778E+01  6.7782E+04  1.2561E+01  1.2827E+01  1.1558E+02  7.8365E+02  4.3305E-09
 -3.0000    297.4  3.95066E-02  4.040E+05  5.3958E+01  8.8672E+04  1.6333E+01  1.6629E+01  1.3626E+02  8.8092E+02  4.1849E-09
 -3.1000    382.0  1.37894E-01  4.040E+05  5.4139E+01  1.1335E+05  2.0775E+01  2.1114E+01  1.5828E+02  8.7823E+02  3.7738E-09
 -3.2000    480.7  3.21243E-01  4.040E+05  5.4319E+01  1.4211E+05  2.5936E+01  2.6335E+01  1.7542E+02  7.6199E+02  3.1061E-09
 -3.3000    594.4  6.70469E-01  4.040E+05  5.4500E+01  1.7523E+05  3.1869E+01  3.2346E+01  1.8247E+02  5.8042E+02  2.3503E-09
 -3.4000    724.2  1.37937E+00  4.040E+05  5.4680E+01  2.1302E+05  3.8624E+01  3.9198E+01  1.7847E+02  3.9475E+02  1.6799E-09
 -3.5000    871.0  2.86761E+00  4.040E+05  5.4861E+01  2.5577E+05  4.6253E+01  4.6945E+01  1.6709E+02  2.4309E+02  1.1799E-09
 -3.6000   1035.8  5.99481E+00  4.040E+05  5.5041E+01  3.0375E+05  5.4805E+01  5.5639E+01  1.5383E+02  1.3644E+02  8.5289E-10
 -3.7000   1219.6  1.24460E+01  4.040E+05  5.5222E+01  3.5728E+05  6.4333E+01  6.5333E+01  1.4266E+02  6.9360E+01  6.6000E-10
 -3.8000   1423.5  2.52682E+01  4.040E+05  5.5402E+01  4.1663E+05  7.4887E+01  7.6080E+01  1.3492E+02  3.0723E+01  5.5511E-10
 -3.9000   1648.4  4.91609E+01  4.040E+05  5.5583E+01  4.8210E+05  8.6518E+01  8.7932E+01  1.3025E+02  1.0052E+01  5.0113E-10
 -4.0000   1895.2  9.30139E+01  4.040E+05  5.5763E+01  5.5398E+05  9.9278E+01  1.0094E+02  1.2777E+02  0.0000E+00  4.6921E-10
