  0.175971150       0.00000000       3.17636871    
  1.2000     55.4  1.11098E+02  2.867E+04  6.0994E+01  1.4495E+04  2.8184E+00  3.1682E+00  1.3839E+00  1.0708E+04  2.2654E-08
  1.1000     56.8  9.30972E+01  2.867E+04  6.0994E+01  1.4495E+04  2.8184E+00  3.1682E+00  1.4239E+00  1.0381E+04  2.2700E-08
  1.0000     58.2  7.66781E+01  2.867E+04  6.0994E+01  1.4495E+04  2.8184E+00  3.1682E+00  1.4542E+00  1.0035E+04  2.2710E-08
  0.9000     59.6  6.20651E+01  2.867E+04  6.0994E+01  1.4495E+04  2.8184E+00  3.1682E+00  1.4717E+00  9.6647E+03  2.2666E-08
  0.8000     61.1  4.93346E+01  2.867E+04  6.0994E+01  1.4495E+04  2.8184E+00  3.1682E+00  1.4724E+00  9.2628E+03  2.2548E-08
  0.7000     62.5  3.84872E+01  2.867E+04  6.0994E+01  1.4495E+04  2.8184E+00  3.1682E+00  1.4509E+00  8.8205E+03  2.2330E-08
  0.6000     63.9  2.95201E+01  2.867E+04  6.0994E+01  1.4495E+04  2.8184E+00  3.1682E+00  1.4007E+00  8.3282E+03  2.1971E-08
  0.5000     65.4  2.21213E+01  2.867E+04  6.0994E+01  1.4495E+04  2.8184E+00  3.1682E+00  1.3133E+00  7.7737E+03  2.1441E-08
  0.4000     66.8  1.63092E+01  2.867E+04  6.0994E+01  1.4495E+04  2.8184E+00  3.1682E+00  1.1785E+00  7.1449E+03  2.0671E-08
  0.3000     68.2  1.18432E+01  2.867E+04  6.0994E+01  1.4495E+04  2.8184E+00  3.1682E+00  9.8567E-01  6.4340E+03  1.9612E-08
  0.2000     69.7  8.39987E+00  2.867E+04  6.0994E+01  1.4495E+04  2.8184E+00  3.1682E+00  7.2505E-01  5.6374E+03  1.8241E-08
  0.1000     71.1  5.90820E+00  2.867E+04  6.0994E+01  1.4495E+04  2.8184E+00  3.1682E+00  3.9285E-01  4.7667E+03  1.6523E-08
  0.0000     72.5  4.02309E+00  2.867E+04  6.0994E+01  1.4495E+04  2.8184E+00  3.1682E+00  0.0000E+00  3.8546E+03  1.4549E-08
 -0.1000     73.9  2.70391E+00  2.867E+04  6.0994E+01  1.4495E+04  2.8184E+00  3.1682E+00  4.1683E-01  2.9630E+03  1.2428E-08
 -0.2000     75.4  1.79589E+00  2.867E+04  6.0994E+01  1.4495E+04  2.8184E+00  3.1682E+00  7.8994E-01  2.1792E+03  1.0404E-08
 -0.3000     76.8  1.15206E+00  2.867E+04  6.0994E+01  1.4495E+04  2.8184E+00  3.1682E+00  1.0243E+00  1.5902E+03  8.7798E-09
 -0.4000     78.2  7.54103E-01  2.867E+04  6.0994E+01  1.4495E+04  2.8184E+00  3.1682E+00  1.0441E+00  1.2359E+03  7.6930E-09
 -0.5000     79.7  5.04309E-01  2.867E+04  6.0994E+01  1.4495E+04  2.8184E+00  3.1682E+00  8.2565E-01  1.0925E+03  7.1724E-09
 -0.6000     81.1  3.66814E-01  2.867E+04  6.0994E+01  1.4495E+04  2.8184E+00  3.1682E+00  3.9892E-01  1.0948E+03  7.0584E-09
 -0.7000     82.5  2.91466E-01  2.867E+04  6.0994E+01  1.4495E+04  2.8184E+00  3.1682E+00  1.7252E-01  1.1688E+03  7.1621E-09
 -0.8000     84.0  2.48080E-01  2.867E+04  6.0994E+01  1.4495E+04  2.8184E+00  3.1682E+00  8.2980E-01  1.2623E+03  7.3580E-09
 -0.9000     85.4  2.20931E-01  2.867E+04  6.0994E+01  1.4495E+04  2.8184E+00  3.1682E+00  1.5303E+00  1.3465E+03  7.5311E-09
 -1.0000     86.8  2.02020E-01  2.867E+04  6.0994E+01  1.4495E+04  2.8184E+00  3.1682E+00  2.2433E+00  1.4071E+03  7.6548E-09
 -1.1000     88.3  1.86101E-01  2.867E+04  6.0994E+01  1.4495E+04  2.8184E+00  3.1682E+00  2.9467E+00  1.4383E+03  7.6846E-09
 -1.2000     89.7  1.71155E-01  2.867E+04  6.0994E+01  1.4495E+04  2.8184E+00  3.1682E+00  3.6298E+00  1.4411E+03  7.6166E-09
 -1.3000     91.1  1.57251E-01  2.867E+04  6.0994E+01  1.4495E+04  2.8184E+00  3.1682E+00  4.2801E+00  1.4168E+03  7.4680E-09
 -1.4000     92.5  1.43281E-01  2.867E+04  6.0994E+01  1.4495E+04  2.8184E+00  3.1682E+00  4.8881E+00  1.3679E+03  7.2209E-09
 -1.5000     94.0  1.29676E-01  2.867E+04  6.0994E+01  1.4495E+04  2.8184E+00  3.1682E+00  5.4469E+00  1.2979E+03  6.9004E-09
 -1.6000     95.4  1.16419E-01  2.867E+04  6.0994E+01  1.4495E+04  2.8184E+00  3.1682E+00  5.9479E+00  1.2099E+03  6.5013E-09
 -1.7000     96.8  1.03852E-01  2.867E+04  6.0994E+01  1.4495E+04  2.8184E+00  3.1682E+00  6.3873E+00  1.1081E+03  6.0381E-09
 -1.8000     98.3  9.19101E-02  2.867E+04  6.0994E+01  1.4495E+04  2.8184E+00  3.1682E+00  6.7554E+00  9.9521E+02  5.5281E-09
 -1.9000     99.7  8.05827E-02  2.867E+04  6.0994E+01  1.4495E+04  2.8184E+00  3.1682E+00  7.0197E+00  8.6995E+02  4.9540E-09
 -2.0000    101.1  7.06264E-02  2.867E+04  6.0994E+01  1.4495E+04  2.8184E+00  3.1682E+00  7.1595E+00  7.3458E+02  4.3310E-09
 -2.1000    102.6  6.20210E-02  2.867E+04  6.0994E+01  1.4495E+04  2.8184E+00  3.1682E+00  7.1852E+00  5.9656E+02  3.6825E-09
 -2.2000    104.0  5.39548E-02  2.867E+04  6.0994E+01  1.4495E+04  2.8184E+00  3.1682E+00  7.0565E+00  4.5636E+02  3.0107E-09
 -2.3000    105.4  5.26143E-02  2.867E+04  6.0994E+01  1.4495E+04  2.8184E+00  3.1682E+00  6.8018E+00  3.2696E+02  2.3032E-09
 -2.4000    106.8  5.07915E-02  2.867E+04  6.0994E+01  1.4495E+04  2.8184E+00  3.1682E+00  6.4865E+00  2.2161E+02  1.7242E-09
 -2.5000    108.3  4.85597E-02  2.867E+04  6.0994E+01  1.4495E+04  2.8184E+00  3.1682E+00  6.1347E+00  1.3792E+02  1.2647E-09
 -2.6000    109.7  4.58613E-02  2.867E+04  6.0994E+01  1.4495E+04  2.8184E+00  3.1682E+00  5.8246E+00  7.6462E+01  9.1882E-10
 -2.7000    111.1  4.23220E-02  2.867E+04  6.0994E+01  1.4495E+04  2.8184E+00  3.1682E+00  5.5851E+00  3.3579E+01  6.6566E-10
 -2.8000    112.6  3.84468E-02  2.867E+04  6.0994E+01  1.4495E+04  2.8184E+00  3.1682E+00  5.4081E+00  3.9053E+00  4.7921E-10
 -2.9000    114.0  3.44093E-02  2.867E+04  6.0994E+01  1.4495E+04  2.8184E+00  3.1682E+00  5.3062E+00  1.5455E+01  3.4442E-10
 -3.0000    115.4  3.03424E-02  2.867E+04  6.0994E+01  1.4495E+04  2.8184E+00  3.1682E+00  5.2906E+00  2.6865E+01  2.4925E-10
 -3.1000    116.9  2.63336E-02  2.867E+04  6.0994E+01  1.4495E+04  2.8184E+00  3.1682E+00  5.3741E+00  3.2166E+01  1.8442E-10
 -3.2000    118.3  2.24489E-02  2.867E+04  6.0994E+01  1.4495E+04  2.8184E+00  3.1682E+00  5.5730E+00  3.2756E+01  1.4285E-10
 -3.3000    119.7  1.87774E-02  2.867E+04  6.0994E+01  1.4495E+04  2.8184E+00  3.1682E+00  5.9094E+00  2.9712E+01  1.1912E-10
 -3.4000    121.1  1.54569E-02  2.867E+04  6.0994E+01  1.4495E+04  2.8184E+00  3.1682E+00  6.4094E+00  2.3940E+01  1.0877E-10
 -3.5000    122.6  1.26741E-02  2.867E+04  6.0994E+01  1.4495E+04  2.8184E+00  3.1682E+00  7.0989E+00  1.6342E+01  1.0767E-10
 -3.6000    124.0  1.06382E-02  2.867E+04  6.0994E+01  1.4495E+04  2.8184E+00  3.1682E+00  7.9927E+00  7.9639E+00  1.1143E-10
 -3.7000    125.4  9.53555E-03  2.867E+04  6.0994E+01  1.4495E+04  2.8184E+00  3.1682E+00  9.0729E+00  1.3611E-01  1.1496E-10
 -3.8000    126.9  9.48401E-03  2.867E+04  6.0994E+01  1.4495E+04  2.8184E+00  3.1682E+00  1.0239E+01  5.4081E+00  1.1208E-10
 -3.9000    128.3  1.04838E-02  2.867E+04  6.0994E+01  1.4495E+04  2.8184E+00  3.1682E+00  1.1189E+01  6.4290E+00  9.5204E-11
 -4.0000    129.7  1.23985E-02  2.867E+04  6.0994E+01  1.4495E+04  2.8184E+00  3.1682E+00  1.1043E+01  0.0000E+00  5.4739E-11
