   8.97326469E-02   0.00000000       2.82025146    
  1.2000    495.7  7.08977E+02  3.111E+06  6.1383E+01  1.5475E+04  3.0883E+00  3.8271E+00  1.4304E+00  2.8898E+03  6.6719E-09
  1.1000    424.4  2.13492E+02  3.111E+06  6.1794E+01  1.5526E+04  3.0859E+00  3.8289E+00  1.4651E+00  2.8999E+03  7.1767E-09
  1.0000    360.2  1.53437E+03  3.111E+06  6.2205E+01  1.5576E+04  3.0835E+00  3.8307E+00  1.4797E+00  2.9035E+03  7.6915E-09
  0.9000    302.7  3.81901E+03  3.111E+06  6.2616E+01  1.5627E+04  3.0812E+00  3.8325E+00  1.4798E+00  2.9003E+03  8.2037E-09
  0.8000    251.6  4.16638E+03  3.111E+06  6.3028E+01  1.5677E+04  3.0788E+00  3.8343E+00  1.4660E+00  2.8876E+03  8.6937E-09
  0.7000    206.4  2.62766E+03  3.111E+06  6.3439E+01  1.5727E+04  3.0764E+00  3.8361E+00  1.4325E+00  2.8568E+03  9.1280E-09
  0.6000    167.0  1.22238E+03  3.111E+06  6.3850E+01  1.5778E+04  3.0740E+00  3.8379E+00  1.3681E+00  2.7923E+03  9.4487E-09
  0.5000    132.9  4.72233E+02  3.111E+06  6.4261E+01  1.5828E+04  3.0716E+00  3.8397E+00  1.2630E+00  2.6740E+03  9.5833E-09
  0.4000    103.8  1.61486E+02  3.111E+06  6.4672E+01  1.5879E+04  3.0693E+00  3.8415E+00  1.1120E+00  2.4818E+03  9.4288E-09
  0.3000     79.4  5.06527E+01  3.111E+06  6.5083E+01  1.5929E+04  3.0669E+00  3.8433E+00  9.0551E-01  2.1896E+03  8.8635E-09
  0.2000     59.4  1.48511E+01  3.111E+06  6.5494E+01  1.5980E+04  3.0645E+00  3.8451E+00  6.2770E-01  1.7654E+03  7.7549E-09
  0.1000     43.4  4.20732E+00  3.111E+06  6.5906E+01  1.6030E+04  3.0621E+00  3.8469E+00  2.9053E-01  1.2239E+03  6.0682E-09
  0.0000     31.1  1.12861E+00  3.111E+06  6.6317E+01  1.6081E+04  3.0598E+00  3.8487E+00  0.0000E+00  7.2100E+02  4.2439E-09
 -0.1000     22.2  3.08318E-01  3.111E+06  6.6728E+01  1.6131E+04  3.0574E+00  3.8505E+00  1.0424E-01  4.5745E+02  2.9833E-09
 -0.2000     16.4  1.17335E-01  3.111E+06  6.7139E+01  1.6182E+04  3.0550E+00  3.8523E+00  4.1817E-02  4.1125E+02  2.4440E-09
 -0.3000     13.2  6.86593E-02  3.111E+06  6.7550E+01  1.6232E+04  3.0526E+00  3.8541E+00  7.2895E-02  4.3059E+02  2.2775E-09
 -0.4000     12.4  5.42974E-02  3.111E+06  6.7961E+01  1.6282E+04  3.0502E+00  3.8559E+00  1.9569E-01  4.5308E+02  2.2693E-09
 -0.5000     13.7  5.34205E-02  3.111E+06  6.8372E+01  1.6333E+04  3.0479E+00  3.8577E+00  3.2592E-01  4.7006E+02  2.3532E-09
 -0.6000     16.6  5.89199E-02  3.111E+06  6.8783E+01  1.6383E+04  3.0455E+00  3.8595E+00  4.7143E-01  4.8296E+02  2.4775E-09
 -0.7000     21.0  6.63881E-02  3.111E+06  6.9195E+01  1.6434E+04  3.0431E+00  3.8613E+00  6.4523E-01  4.9680E+02  2.6164E-09
 -0.8000     26.4  7.30474E-02  3.111E+06  6.9606E+01  1.6484E+04  3.0407E+00  3.8631E+00  8.6509E-01  5.1771E+02  2.7683E-09
 -0.9000     32.5  7.63786E-02  3.111E+06  7.0017E+01  1.6535E+04  3.0383E+00  3.8649E+00  1.1553E+00  5.5182E+02  2.9275E-09
 -1.0000     39.0  7.66644E-02  3.111E+06  7.0428E+01  1.6585E+04  3.0360E+00  3.8667E+00  1.5420E+00  6.0261E+02  3.1072E-09
 -1.1000     45.5  7.53672E-02  3.111E+06  7.0839E+01  1.6636E+04  3.0336E+00  3.8685E+00  2.0452E+00  6.6835E+02  3.2953E-09
 -1.2000     51.8  7.55572E-02  3.111E+06  7.1250E+01  1.6686E+04  3.0312E+00  3.8703E+00  2.6722E+00  7.4278E+02  3.4780E-09
 -1.3000     57.4  7.64394E-02  3.111E+06  7.1661E+01  1.6737E+04  3.0288E+00  3.8721E+00  3.4164E+00  8.1800E+02  3.6493E-09
 -1.4000     62.2  7.44910E-02  3.111E+06  7.2073E+01  1.6787E+04  3.0264E+00  3.8739E+00  4.2736E+00  8.9000E+02  3.8010E-09
 -1.5000     65.7  6.18262E-02  3.111E+06  7.2484E+01  1.6837E+04  3.0241E+00  3.8757E+00  5.2714E+00  9.6336E+02  3.9682E-09
 -1.6000     68.5  4.01323E-02  3.111E+06  7.2895E+01  1.6888E+04  3.0217E+00  3.8775E+00  6.4743E+00  1.0480E+03  4.1892E-09
 -1.7000     70.8  1.46475E-02  3.111E+06  7.3306E+01  1.6938E+04  3.0193E+00  3.8793E+00  7.9575E+00  1.1515E+03  4.4998E-09
 -1.8000     73.1  7.88510E-03  3.111E+06  7.3717E+01  1.6989E+04  3.0169E+00  3.8811E+00  9.7768E+00  1.2760E+03  4.9248E-09
 -1.9000     75.8  2.08274E-02  3.111E+06  7.4128E+01  1.7039E+04  3.0146E+00  3.8829E+00  1.1931E+01  1.4158E+03  5.4542E-09
 -2.0000     79.4  2.76830E-02  3.111E+06  7.4539E+01  1.7090E+04  3.0122E+00  3.8847E+00  1.4386E+01  1.5616E+03  6.0121E-09
 -2.1000     84.2  3.83646E-02  3.111E+06  7.4950E+01  1.7140E+04  3.0098E+00  3.8865E+00  1.7171E+01  1.7111E+03  6.5274E-09
 -2.2000     90.7  4.38901E-02  3.111E+06  7.5362E+01  1.7191E+04  3.0074E+00  3.8883E+00  2.0303E+01  1.8635E+03  7.1133E-09
 -2.3000     99.4  4.31136E-02  3.111E+06  7.5773E+01  1.7241E+04  3.0050E+00  3.8901E+00  2.3719E+01  2.0136E+03  7.7583E-09
 -2.4000    110.6  3.53631E-02  3.111E+06  7.6184E+01  1.7291E+04  3.0027E+00  3.8919E+00  2.7324E+01  2.1552E+03  8.4491E-09
 -2.5000    124.7  2.09781E-02  3.111E+06  7.6595E+01  1.7342E+04  3.0003E+00  3.8937E+00  3.1007E+01  2.2822E+03  9.1708E-09
 -2.6000    142.3  1.95339E-03  3.111E+06  7.7006E+01  1.7392E+04  2.9979E+00  3.8955E+00  3.4657E+01  2.3887E+03  9.9072E-09
 -2.7000    163.7  1.77281E-02  3.111E+06  7.7417E+01  1.7443E+04  2.9955E+00  3.8973E+00  3.8186E+01  2.4696E+03  1.0641E-08
 -2.8000    189.2  3.25263E-02  3.111E+06  7.7828E+01  1.7493E+04  2.9931E+00  3.8991E+00  4.1536E+01  2.5195E+03  1.1351E-08
 -2.9000    219.5  3.92888E-02  3.111E+06  7.8240E+01  1.7544E+04  2.9908E+00  3.9009E+00  4.4737E+01  2.5374E+03  1.2025E-08
 -3.0000    254.8  3.68069E-02  3.111E+06  7.8651E+01  1.7594E+04  2.9884E+00  3.9027E+00  4.7909E+01  2.5267E+03  1.2667E-08
 -3.1000    295.7  2.84513E-02  3.111E+06  7.9062E+01  1.7645E+04  2.9860E+00  3.9045E+00  5.1299E+01  2.4991E+03  1.3313E-08
 -3.2000    342.5  1.88076E-02  3.111E+06  7.9473E+01  1.7695E+04  2.9836E+00  3.9063E+00  5.5327E+01  2.4755E+03  1.4048E-08
 -3.3000    395.6  1.14987E-02  3.111E+06  7.9884E+01  1.7746E+04  2.9813E+00  3.9081E+00  6.0290E+01  2.4620E+03  1.4898E-08
 -3.4000    455.5  7.59791E-03  3.111E+06  8.0295E+01  1.7796E+04  2.9789E+00  3.9099E+00  6.5945E+01  2.4191E+03  1.5638E-08
 -3.5000    522.6  6.13041E-03  3.111E+06  8.0706E+01  1.7846E+04  2.9765E+00  3.9117E+00  7.1198E+01  2.2489E+03  1.5638E-08
 -3.6000    597.4  6.12508E-03  3.111E+06  8.1118E+01  1.7897E+04  2.9741E+00  3.9135E+00  7.3563E+01  1.8065E+03  1.3684E-08
 -3.7000    680.2  7.15360E-03  3.111E+06  8.1529E+01  1.7947E+04  2.9717E+00  3.9153E+00  7.3693E+01  1.2451E+03  9.8581E-09
 -3.8000    771.4  8.61595E-03  3.111E+06  8.1940E+01  1.7998E+04  2.9694E+00  3.9171E+00  7.3376E+01  7.8009E+02  6.6152E-09
 -3.9000    871.6  1.05751E-02  3.111E+06  8.2351E+01  1.8048E+04  2.9670E+00  3.9189E+00  7.0108E+01  3.7355E+02  3.7305E-09
 -4.0000    981.1  1.40139E-02  3.111E+06  8.2762E+01  1.8099E+04  2.9646E+00  3.9207E+00  5.3936E+01  0.0000E+00  1.0348E-09
