   5.04704809       0.00000000       0.00000000    
  1.2000    871.1  2.11961E+02  5.395E+04  2.9336E+02  5.7889E+04  1.0123E+01  1.4305E+01  3.1997E+01  1.5306E+05  5.4730E-07
  1.1000    743.4  1.75080E+02  5.395E+04  2.9227E+02  5.7631E+04  1.0049E+01  1.4142E+01  2.6017E+01  1.1168E+05  4.0367E-07
  1.0000    628.3  1.38332E+02  5.395E+04  2.9117E+02  5.7373E+04  9.9751E+00  1.3979E+01  2.0665E+01  8.0771E+04  2.9748E-07
  0.9000    525.2  1.04510E+02  5.395E+04  2.9007E+02  5.7115E+04  9.9010E+00  1.3816E+01  1.6036E+01  5.7815E+04  2.1860E-07
  0.8000    433.6  7.53695E+01  5.395E+04  2.8897E+02  5.6857E+04  9.8270E+00  1.3653E+01  1.2118E+01  4.0786E+04  1.5956E-07
  0.7000    352.7  5.17338E+01  5.395E+04  2.8788E+02  5.6599E+04  9.7529E+00  1.3490E+01  8.8553E+00  2.8167E+04  1.1507E-07
  0.6000    282.0  3.38206E+01  5.395E+04  2.8678E+02  5.6341E+04  9.6788E+00  1.3327E+01  6.1860E+00  1.8872E+04  8.1414E-08
  0.5000    220.9  2.07944E+01  5.395E+04  2.8568E+02  5.6084E+04  9.6048E+00  1.3163E+01  4.0567E+00  1.2129E+04  5.6138E-08
  0.4000    168.7  1.20777E+01  5.395E+04  2.8458E+02  5.5826E+04  9.5307E+00  1.3000E+01  2.4257E+00  7.3801E+03  3.7380E-08
  0.3000    124.8  6.58747E+00  5.395E+04  2.8349E+02  5.5568E+04  9.4566E+00  1.2837E+01  1.2567E+00  4.2084E+03  2.3895E-08
  0.2000     88.6  3.30151E+00  5.395E+04  2.8239E+02  5.5310E+04  9.3826E+00  1.2674E+01  5.1000E-01  2.2641E+03  1.4692E-08
  0.1000     59.5  1.53012E+00  5.395E+04  2.8129E+02  5.5052E+04  9.3085E+00  1.2511E+01  1.2140E-01  1.2187E+03  8.7962E-09
  0.0000     36.9  6.21328E-01  5.395E+04  2.8019E+02  5.4794E+04  9.2344E+00  1.2348E+01  0.0000E+00  7.6242E+02  5.3383E-09
 -0.1000     20.1  2.11314E-01  5.395E+04  2.7910E+02  5.4536E+04  9.1604E+00  1.2185E+01  4.2741E-02  6.3134E+02  3.4756E-09
 -0.2000      8.5  3.80611E-02  5.395E+04  2.7800E+02  5.4278E+04  9.0863E+00  1.2022E+01  1.6050E-01  6.3902E+02  2.5780E-09
 -0.3000      1.5  3.00217E-02  5.395E+04  2.7690E+02  5.4020E+04  9.0122E+00  1.1859E+01  3.0834E-01  6.9291E+02  2.2656E-09
 -0.4000      1.5  5.05877E-02  5.395E+04  2.7580E+02  5.3762E+04  8.9382E+00  1.1696E+01  4.7788E-01  7.6118E+02  2.3265E-09
 -0.5000      1.1  4.67286E-02  5.395E+04  2.7471E+02  5.3504E+04  8.8641E+00  1.1533E+01  6.7700E-01  8.3598E+02  2.6504E-09
 -0.6000      2.0  2.92940E-02  5.395E+04  2.7361E+02  5.3246E+04  8.7901E+00  1.1370E+01  9.1358E-01  9.1271E+02  3.1412E-09
 -0.7000      7.2  4.95076E-03  5.395E+04  2.7251E+02  5.2989E+04  8.7160E+00  1.1207E+01  1.1878E+00  9.8351E+02  3.7068E-09
 -0.8000     13.9  2.14994E-02  5.395E+04  2.7141E+02  5.2731E+04  8.6419E+00  1.1043E+01  1.4905E+00  1.0377E+03  4.2641E-09
 -0.9000     21.5  4.51019E-02  5.395E+04  2.7032E+02  5.2473E+04  8.5679E+00  1.0880E+01  1.8056E+00  1.0653E+03  4.7178E-09
 -1.0000     29.4  6.35217E-02  5.395E+04  2.6922E+02  5.2215E+04  8.4938E+00  1.0717E+01  2.1134E+00  1.0591E+03  5.0124E-09
 -1.1000     36.9  7.52999E-02  5.395E+04  2.6812E+02  5.1957E+04  8.4197E+00  1.0554E+01  2.3941E+00  1.0166E+03  5.0948E-09
 -1.2000     43.5  8.07792E-02  5.395E+04  2.6702E+02  5.1699E+04  8.3457E+00  1.0391E+01  2.6351E+00  9.4270E+02  4.9587E-09
 -1.3000     48.4  8.05074E-02  5.395E+04  2.6593E+02  5.1441E+04  8.2716E+00  1.0228E+01  2.8293E+00  8.4605E+02  4.6385E-09
 -1.4000     51.1  7.57883E-02  5.395E+04  2.6483E+02  5.1183E+04  8.1975E+00  1.0065E+01  2.9825E+00  7.3919E+02  4.1695E-09
 -1.5000     51.3  6.73593E-02  5.395E+04  2.6373E+02  5.0925E+04  8.1235E+00  9.9018E+00  3.1141E+00  6.3639E+02  3.6347E-09
 -1.6000     49.2  5.72128E-02  5.395E+04  2.6263E+02  5.0667E+04  8.0494E+00  9.7388E+00  3.2527E+00  5.4874E+02  3.1110E-09
 -1.7000     45.6  4.65255E-02  5.395E+04  2.6154E+02  5.0409E+04  7.9753E+00  9.5757E+00  3.4314E+00  4.8301E+02  2.6614E-09
 -1.8000     41.1  3.59792E-02  5.395E+04  2.6044E+02  5.0151E+04  7.9013E+00  9.4126E+00  3.6794E+00  4.4031E+02  2.3171E-09
 -1.9000     36.5  2.62272E-02  5.395E+04  2.5934E+02  4.9894E+04  7.8272E+00  9.2495E+00  4.0228E+00  4.1859E+02  2.0779E-09
 -2.0000     32.2  1.76821E-02  5.395E+04  2.5824E+02  4.9636E+04  7.7531E+00  9.0864E+00  4.4849E+00  4.1442E+02  1.9391E-09
 -2.1000     29.1  1.06397E-02  5.395E+04  2.5715E+02  4.9378E+04  7.6791E+00  8.9234E+00  5.0859E+00  4.2370E+02  1.8836E-09
 -2.2000     27.7  5.25802E-03  5.395E+04  2.5605E+02  4.9120E+04  7.6050E+00  8.7603E+00  5.8476E+00  4.4299E+02  1.8967E-09
 -2.3000     28.7  1.67382E-03  5.395E+04  2.5495E+02  4.8862E+04  7.5310E+00  8.5972E+00  6.7936E+00  4.6944E+02  1.9663E-09
 -2.4000     32.8  2.29716E-04  5.395E+04  2.5385E+02  4.8604E+04  7.4569E+00  8.4341E+00  7.9516E+00  5.0101E+02  2.0803E-09
 -2.5000     40.5  4.25637E-04  5.395E+04  2.5275E+02  4.8346E+04  7.3828E+00  8.2710E+00  9.3529E+00  5.3623E+02  2.2326E-09
 -2.6000     52.7  9.91464E-04  5.395E+04  2.5166E+02  4.8088E+04  7.3088E+00  8.1080E+00  1.1028E+01  5.7381E+02  2.4161E-09
 -2.7000     69.8  4.06143E-03  5.395E+04  2.5056E+02  4.7830E+04  7.2347E+00  7.9449E+00  1.3001E+01  6.1235E+02  2.6257E-09
 -2.8000     92.7  8.97303E-03  5.395E+04  2.4946E+02  4.7572E+04  7.1606E+00  7.7818E+00  1.5277E+01  6.4985E+02  2.8567E-09
 -2.9000    121.8  1.56511E-02  5.395E+04  2.4836E+02  4.7314E+04  7.0866E+00  7.6187E+00  1.7829E+01  6.8332E+02  3.0987E-09
 -3.0000    158.0  2.37480E-02  5.395E+04  2.4727E+02  4.7056E+04  7.0125E+00  7.4556E+00  2.0555E+01  7.0718E+02  3.3352E-09
 -3.1000    201.8  3.24921E-02  5.395E+04  2.4617E+02  4.6798E+04  6.9384E+00  7.2926E+00  2.3303E+01  7.1496E+02  3.5425E-09
 -3.2000    253.9  3.94965E-02  5.395E+04  2.4507E+02  4.6541E+04  6.8644E+00  7.1295E+00  2.5891E+01  6.9965E+02  3.6912E-09
 -3.3000    314.9  4.13317E-02  5.395E+04  2.4397E+02  4.6283E+04  6.7903E+00  6.9664E+00  2.7950E+01  6.4856E+02  3.7214E-09
 -3.4000    385.5  3.60794E-02  5.395E+04  2.4288E+02  4.6025E+04  6.7162E+00  6.8033E+00  2.9014E+01  5.4839E+02  3.5453E-09
 -3.5000    466.4  2.94373E-02  5.395E+04  2.4178E+02  4.5767E+04  6.6422E+00  6.6402E+00  2.8803E+01  4.0184E+02  3.0545E-09
 -3.6000    558.2  4.57175E-02  5.395E+04  2.4068E+02  4.5509E+04  6.5681E+00  6.4771E+00  2.6710E+01  2.3746E+02  2.0943E-09
 -3.7000    661.5  5.70883E-02  5.395E+04  2.3958E+02  4.5251E+04  6.4941E+00  6.3141E+00  2.3461E+01  9.9744E+01  1.3233E-09
 -3.8000    777.1  5.59172E-02  5.395E+04  2.3849E+02  4.4993E+04  6.4200E+00  6.1510E+00  2.2206E+01  2.2622E+01  8.5708E-10
 -3.9000    905.5  4.93080E-02  5.395E+04  2.3739E+02  4.4735E+04  6.3459E+00  5.9879E+00  2.6162E+01  7.7405E+00  6.5647E-10
 -4.0000   1047.5  8.48024E-02  5.395E+04  2.3629E+02  4.4477E+04  6.2719E+00  5.8248E+00  3.0699E+01  0.0000E+00  4.9510E-10
