  0.653679490       0.00000000       0.00000000    
  1.2000     31.2  6.13672E+01  3.617E+04  1.0214E+02  2.4738E+04  3.3712E+00  3.4929E+00  4.8323E-01  5.6756E+03  1.1858E-08
  1.1000     31.9  5.19290E+01  3.617E+04  1.0214E+02  2.4738E+04  3.3712E+00  3.4929E+00  5.1389E-01  5.4959E+03  1.1835E-08
  1.0000     32.6  4.32820E+01  3.617E+04  1.0214E+02  2.4738E+04  3.3712E+00  3.4929E+00  5.4016E-01  5.3098E+03  1.1798E-08
  0.9000     33.2  3.55372E+01  3.617E+04  1.0214E+02  2.4738E+04  3.3712E+00  3.4929E+00  5.6068E-01  5.1151E+03  1.1738E-08
  0.8000     33.9  2.87258E+01  3.617E+04  1.0214E+02  2.4738E+04  3.3712E+00  3.4929E+00  5.7366E-01  4.9090E+03  1.1650E-08
  0.7000     34.6  2.28503E+01  3.617E+04  1.0214E+02  2.4738E+04  3.3712E+00  3.4929E+00  5.7681E-01  4.6879E+03  1.1522E-08
  0.6000     35.3  1.79228E+01  3.617E+04  1.0214E+02  2.4738E+04  3.3712E+00  3.4929E+00  5.6720E-01  4.4483E+03  1.1339E-08
  0.5000     36.0  1.37852E+01  3.617E+04  1.0214E+02  2.4738E+04  3.3712E+00  3.4929E+00  5.4120E-01  4.1853E+03  1.1090E-08
  0.4000     36.7  1.04714E+01  3.617E+04  1.0214E+02  2.4738E+04  3.3712E+00  3.4929E+00  4.9444E-01  3.8945E+03  1.0749E-08
  0.3000     37.3  7.86621E+00  3.617E+04  1.0214E+02  2.4738E+04  3.3712E+00  3.4929E+00  4.2196E-01  3.5724E+03  1.0296E-08
  0.2000     38.0  5.80443E+00  3.617E+04  1.0214E+02  2.4738E+04  3.3712E+00  3.4929E+00  3.1829E-01  3.2159E+03  9.7216E-09
  0.1000     38.7  4.27229E+00  3.617E+04  1.0214E+02  2.4738E+04  3.3712E+00  3.4929E+00  1.7871E-01  2.8258E+03  8.9995E-09
  0.0000     39.4  3.07437E+00  3.617E+04  1.0214E+02  2.4738E+04  3.3712E+00  3.4929E+00  0.0000E+00  2.4062E+03  8.1485E-09
 -0.1000     40.1  2.20682E+00  3.617E+04  1.0214E+02  2.4738E+04  3.3712E+00  3.4929E+00  2.1692E-01  1.9676E+03  7.1668E-09
 -0.2000     40.7  1.58383E+00  3.617E+04  1.0214E+02  2.4738E+04  3.3712E+00  3.4929E+00  4.6393E-01  1.5301E+03  6.1032E-09
 -0.3000     41.4  1.11033E+00  3.617E+04  1.0214E+02  2.4738E+04  3.3712E+00  3.4929E+00  7.2281E-01  1.1190E+03  5.0404E-09
 -0.4000     42.1  7.86664E-01  3.617E+04  1.0214E+02  2.4738E+04  3.3712E+00  3.4929E+00  9.6778E-01  7.6061E+02  4.0412E-09
 -0.5000     42.8  5.47351E-01  3.617E+04  1.0214E+02  2.4738E+04  3.3712E+00  3.4929E+00  1.1672E+00  4.7704E+02  3.1983E-09
 -0.6000     43.5  3.87743E-01  3.617E+04  1.0214E+02  2.4738E+04  3.3712E+00  3.4929E+00  1.2943E+00  2.7718E+02  2.5466E-09
 -0.7000     44.2  2.83356E-01  3.617E+04  1.0214E+02  2.4738E+04  3.3712E+00  3.4929E+00  1.3411E+00  1.5236E+02  2.0839E-09
 -0.8000     44.8  2.11149E-01  3.617E+04  1.0214E+02  2.4738E+04  3.3712E+00  3.4929E+00  1.3087E+00  8.6746E+01  1.7873E-09
 -0.9000     45.5  1.66179E-01  3.617E+04  1.0214E+02  2.4738E+04  3.3712E+00  3.4929E+00  1.2085E+00  6.1648E+01  1.6053E-09
 -1.0000     46.2  1.35387E-01  3.617E+04  1.0214E+02  2.4738E+04  3.3712E+00  3.4929E+00  1.0579E+00  5.9723E+01  1.4993E-09
 -1.1000     46.9  1.14697E-01  3.617E+04  1.0214E+02  2.4738E+04  3.3712E+00  3.4929E+00  8.7210E-01  6.9125E+01  1.4319E-09
 -1.2000     47.6  9.96611E-02  3.617E+04  1.0214E+02  2.4738E+04  3.3712E+00  3.4929E+00  6.6362E-01  8.2199E+01  1.3807E-09
 -1.3000     48.3  8.79943E-02  3.617E+04  1.0214E+02  2.4738E+04  3.3712E+00  3.4929E+00  4.4078E-01  9.5000E+01  1.3379E-09
 -1.4000     48.9  7.84482E-02  3.617E+04  1.0214E+02  2.4738E+04  3.3712E+00  3.4929E+00  2.0935E-01  1.0558E+02  1.2922E-09
 -1.5000     49.6  7.04484E-02  3.617E+04  1.0214E+02  2.4738E+04  3.3712E+00  3.4929E+00  2.6535E-02  1.1315E+02  1.2443E-09
 -1.6000     50.3  6.34315E-02  3.617E+04  1.0214E+02  2.4738E+04  3.3712E+00  3.4929E+00  2.6360E-01  1.1750E+02  1.1901E-09
 -1.7000     51.0  5.71265E-02  3.617E+04  1.0214E+02  2.4738E+04  3.3712E+00  3.4929E+00  5.0136E-01  1.1914E+02  1.1312E-09
 -1.8000     51.7  5.15726E-02  3.617E+04  1.0214E+02  2.4738E+04  3.3712E+00  3.4929E+00  7.3816E-01  1.1838E+02  1.0700E-09
 -1.9000     52.3  4.64793E-02  3.617E+04  1.0214E+02  2.4738E+04  3.3712E+00  3.4929E+00  9.7324E-01  1.1566E+02  1.0052E-09
 -2.0000     53.0  4.19219E-02  3.617E+04  1.0214E+02  2.4738E+04  3.3712E+00  3.4929E+00  1.2064E+00  1.1143E+02  9.4003E-10
 -2.1000     53.7  3.77695E-02  3.617E+04  1.0214E+02  2.4738E+04  3.3712E+00  3.4929E+00  1.4369E+00  1.0603E+02  8.7402E-10
 -2.2000     54.4  3.39844E-02  3.617E+04  1.0214E+02  2.4738E+04  3.3712E+00  3.4929E+00  1.6656E+00  9.9927E+01  8.0870E-10
 -2.3000     55.1  3.05908E-02  3.617E+04  1.0214E+02  2.4738E+04  3.3712E+00  3.4929E+00  1.8922E+00  9.3335E+01  7.4546E-10
 -2.4000     55.8  2.74958E-02  3.617E+04  1.0214E+02  2.4738E+04  3.3712E+00  3.4929E+00  2.1161E+00  8.6438E+01  6.8374E-10
 -2.5000     56.4  2.47062E-02  3.617E+04  1.0214E+02  2.4738E+04  3.3712E+00  3.4929E+00  2.3372E+00  7.9426E+01  6.2467E-10
 -2.6000     57.1  2.21763E-02  3.617E+04  1.0214E+02  2.4738E+04  3.3712E+00  3.4929E+00  2.5550E+00  7.2398E+01  5.6796E-10
 -2.7000     57.8  1.98766E-02  3.617E+04  1.0214E+02  2.4738E+04  3.3712E+00  3.4929E+00  2.7702E+00  6.5521E+01  5.1402E-10
 -2.8000     58.5  1.78033E-02  3.617E+04  1.0214E+02  2.4738E+04  3.3712E+00  3.4929E+00  2.9825E+00  5.8862E+01  4.6324E-10
 -2.9000     59.2  1.59171E-02  3.617E+04  1.0214E+02  2.4738E+04  3.3712E+00  3.4929E+00  3.1920E+00  5.2481E+01  4.1530E-10
 -3.0000     59.8  1.42107E-02  3.617E+04  1.0214E+02  2.4738E+04  3.3712E+00  3.4929E+00  3.3991E+00  4.6437E+01  3.7055E-10
 -3.1000     60.5  1.26572E-02  3.617E+04  1.0214E+02  2.4738E+04  3.3712E+00  3.4929E+00  3.6042E+00  4.0744E+01  3.2871E-10
 -3.2000     61.2  1.12383E-02  3.617E+04  1.0214E+02  2.4738E+04  3.3712E+00  3.4929E+00  3.8087E+00  3.5454E+01  2.8985E-10
 -3.3000     61.9  9.94787E-03  3.617E+04  1.0214E+02  2.4738E+04  3.3712E+00  3.4929E+00  4.0141E+00  3.0581E+01  2.5402E-10
 -3.4000     62.6  8.69875E-03  3.617E+04  1.0214E+02  2.4738E+04  3.3712E+00  3.4929E+00  4.1745E+00  2.5176E+01  2.1719E-10
 -3.5000     63.3  7.68685E-03  3.617E+04  1.0214E+02  2.4738E+04  3.3712E+00  3.4929E+00  4.2751E+00  1.9217E+01  1.7927E-10
 -3.6000     63.9  6.75660E-03  3.617E+04  1.0214E+02  2.4738E+04  3.3712E+00  3.4929E+00  4.3438E+00  1.3614E+01  1.4351E-10
 -3.7000     64.6  5.91477E-03  3.617E+04  1.0214E+02  2.4738E+04  3.3712E+00  3.4929E+00  4.4352E+00  9.1196E+00  1.1280E-10
 -3.8000     65.3  5.03318E-03  3.617E+04  1.0214E+02  2.4738E+04  3.3712E+00  3.4929E+00  4.5614E+00  5.7291E+00  8.7122E-11
 -3.9000     66.0  4.18254E-03  3.617E+04  1.0214E+02  2.4738E+04  3.3712E+00  3.4929E+00  4.6756E+00  2.6954E+00  6.3275E-11
 -4.0000     66.7  3.34480E-03  3.617E+04  1.0214E+02  2.4738E+04  3.3712E+00  3.4929E+00  4.7673E+00  0.0000E+00  4.1004E-11
