   1.15797484       0.00000000       0.00000000    
  1.2000     33.8  1.13253E+01  8.866E+04  2.9878E+02  6.9591E+04  1.1370E+01  1.5440E+01  1.4820E+00  1.0597E+04  3.2033E-08
  1.1000     34.4  8.45189E+00  8.866E+04  2.9878E+02  6.9591E+04  1.1370E+01  1.5440E+01  1.5820E+00  9.2798E+03  2.9477E-08
  1.0000     35.0  6.16418E+00  8.866E+04  2.9878E+02  6.9591E+04  1.1370E+01  1.5440E+01  1.6976E+00  7.9569E+03  2.6739E-08
  0.9000     35.6  4.37663E+00  8.866E+04  2.9878E+02  6.9591E+04  1.1370E+01  1.5440E+01  1.8167E+00  6.6846E+03  2.3943E-08
  0.8000     36.2  3.00856E+00  8.866E+04  2.9878E+02  6.9591E+04  1.1370E+01  1.5440E+01  1.9165E+00  5.5473E+03  2.1309E-08
  0.7000     36.8  1.99559E+00  8.866E+04  2.9878E+02  6.9591E+04  1.1370E+01  1.5440E+01  1.9629E+00  4.6447E+03  1.9120E-08
  0.6000     37.4  1.29218E+00  8.866E+04  2.9878E+02  6.9591E+04  1.1370E+01  1.5440E+01  1.9192E+00  4.0542E+03  1.7634E-08
  0.5000     38.0  8.32541E-01  8.866E+04  2.9878E+02  6.9591E+04  1.1370E+01  1.5440E+01  1.7624E+00  3.7878E+03  1.6981E-08
  0.4000     38.6  5.70974E-01  8.866E+04  2.9878E+02  6.9591E+04  1.1370E+01  1.5440E+01  1.4983E+00  3.7738E+03  1.7020E-08
  0.3000     39.2  4.35328E-01  8.866E+04  2.9878E+02  6.9591E+04  1.1370E+01  1.5440E+01  1.1573E+00  3.8960E+03  1.7472E-08
  0.2000     39.7  3.68048E-01  8.866E+04  2.9878E+02  6.9591E+04  1.1370E+01  1.5440E+01  7.7570E-01  4.0527E+03  1.8083E-08
  0.1000     40.3  3.32282E-01  8.866E+04  2.9878E+02  6.9591E+04  1.1370E+01  1.5440E+01  3.8297E-01  4.1794E+03  1.8615E-08
  0.0000     40.9  3.08753E-01  8.866E+04  2.9878E+02  6.9591E+04  1.1370E+01  1.5440E+01  0.0000E+00  4.2423E+03  1.8999E-08
 -0.1000     41.5  2.85591E-01  8.866E+04  2.9878E+02  6.9591E+04  1.1370E+01  1.5440E+01  3.6096E-01  4.2301E+03  1.9120E-08
 -0.2000     42.1  2.59983E-01  8.866E+04  2.9878E+02  6.9591E+04  1.1370E+01  1.5440E+01  6.9602E-01  4.1483E+03  1.8968E-08
 -0.3000     42.7  2.32239E-01  8.866E+04  2.9878E+02  6.9591E+04  1.1370E+01  1.5440E+01  1.0029E+00  4.0042E+03  1.8599E-08
 -0.4000     43.3  2.04237E-01  8.866E+04  2.9878E+02  6.9591E+04  1.1370E+01  1.5440E+01  1.2827E+00  3.8097E+03  1.7968E-08
 -0.5000     43.9  1.76568E-01  8.866E+04  2.9878E+02  6.9591E+04  1.1370E+01  1.5440E+01  1.5383E+00  3.5782E+03  1.7179E-08
 -0.6000     44.5  1.51600E-01  8.866E+04  2.9878E+02  6.9591E+04  1.1370E+01  1.5440E+01  1.7723E+00  3.3210E+03  1.6217E-08
 -0.7000     45.1  1.30140E-01  8.866E+04  2.9878E+02  6.9591E+04  1.1370E+01  1.5440E+01  1.9901E+00  3.0525E+03  1.5142E-08
 -0.8000     45.7  1.10651E-01  8.866E+04  2.9878E+02  6.9591E+04  1.1370E+01  1.5440E+01  2.1946E+00  2.7811E+03  1.4033E-08
 -0.9000     46.2  9.50537E-02  8.866E+04  2.9878E+02  6.9591E+04  1.1370E+01  1.5440E+01  2.3889E+00  2.5139E+03  1.2871E-08
 -1.0000     46.8  8.03791E-02  8.866E+04  2.9878E+02  6.9591E+04  1.1370E+01  1.5440E+01  2.5679E+00  2.2518E+03  1.1712E-08
 -1.1000     47.4  7.04120E-02  8.866E+04  2.9878E+02  6.9591E+04  1.1370E+01  1.5440E+01  2.7421E+00  2.0036E+03  1.0567E-08
 -1.2000     48.0  6.17890E-02  8.866E+04  2.9878E+02  6.9591E+04  1.1370E+01  1.5440E+01  2.9218E+00  1.7787E+03  9.4835E-09
 -1.3000     48.6  5.40859E-02  8.866E+04  2.9878E+02  6.9591E+04  1.1370E+01  1.5440E+01  3.0995E+00  1.5720E+03  8.4775E-09
 -1.4000     49.2  4.81633E-02  8.866E+04  2.9878E+02  6.9591E+04  1.1370E+01  1.5440E+01  3.2753E+00  1.3832E+03  7.5265E-09
 -1.5000     49.8  4.29216E-02  8.866E+04  2.9878E+02  6.9591E+04  1.1370E+01  1.5440E+01  3.4486E+00  1.2119E+03  6.6555E-09
 -1.6000     50.4  3.87198E-02  8.866E+04  2.9878E+02  6.9591E+04  1.1370E+01  1.5440E+01  3.6186E+00  1.0571E+03  5.8505E-09
 -1.7000     51.0  3.53418E-02  8.866E+04  2.9878E+02  6.9591E+04  1.1370E+01  1.5440E+01  3.7836E+00  9.1803E+02  5.1146E-09
 -1.8000     51.6  3.22553E-02  8.866E+04  2.9878E+02  6.9591E+04  1.1370E+01  1.5440E+01  3.9418E+00  7.9349E+02  4.4532E-09
 -1.9000     52.2  2.97834E-02  8.866E+04  2.9878E+02  6.9591E+04  1.1370E+01  1.5440E+01  4.0907E+00  6.8219E+02  3.8533E-09
 -2.0000     52.7  2.75219E-02  8.866E+04  2.9878E+02  6.9591E+04  1.1370E+01  1.5440E+01  4.2281E+00  5.8311E+02  3.3182E-09
 -2.1000     53.3  2.55845E-02  8.866E+04  2.9878E+02  6.9591E+04  1.1370E+01  1.5440E+01  4.3516E+00  4.9514E+02  2.8399E-09
 -2.2000     53.9  2.38950E-02  8.866E+04  2.9878E+02  6.9591E+04  1.1370E+01  1.5440E+01  4.4595E+00  4.1753E+02  2.4156E-09
 -2.3000     54.5  2.22726E-02  8.866E+04  2.9878E+02  6.9591E+04  1.1370E+01  1.5440E+01  4.5500E+00  3.4936E+02  2.0435E-09
 -2.4000     55.1  2.08265E-02  8.866E+04  2.9878E+02  6.9591E+04  1.1370E+01  1.5440E+01  4.6222E+00  2.8977E+02  1.7166E-09
 -2.5000     55.7  1.94326E-02  8.866E+04  2.9878E+02  6.9591E+04  1.1370E+01  1.5440E+01  4.6753E+00  2.3804E+02  1.4328E-09
 -2.6000     56.3  1.81275E-02  8.866E+04  2.9878E+02  6.9591E+04  1.1370E+01  1.5440E+01  4.7093E+00  1.9341E+02  1.1870E-09
 -2.7000     56.9  1.68921E-02  8.866E+04  2.9878E+02  6.9591E+04  1.1370E+01  1.5440E+01  4.7257E+00  1.5529E+02  9.7602E-10
 -2.8000     57.5  1.56730E-02  8.866E+04  2.9878E+02  6.9591E+04  1.1370E+01  1.5440E+01  4.7265E+00  1.2302E+02  7.9669E-10
 -2.9000     58.1  1.45017E-02  8.866E+04  2.9878E+02  6.9591E+04  1.1370E+01  1.5440E+01  4.7141E+00  9.5969E+01  6.4491E-10
 -3.0000     58.7  1.33427E-02  8.866E+04  2.9878E+02  6.9591E+04  1.1370E+01  1.5440E+01  4.6926E+00  7.3563E+01  5.1798E-10
 -3.1000     59.3  1.22050E-02  8.866E+04  2.9878E+02  6.9591E+04  1.1370E+01  1.5440E+01  4.6661E+00  5.5227E+01  4.1248E-10
 -3.2000     59.8  1.10846E-02  8.866E+04  2.9878E+02  6.9591E+04  1.1370E+01  1.5440E+01  4.6409E+00  4.0478E+01  3.2574E-10
 -3.3000     60.4  9.97419E-03  8.866E+04  2.9878E+02  6.9591E+04  1.1370E+01  1.5440E+01  4.6234E+00  2.8826E+01  2.5532E-10
 -3.4000     61.0  8.87957E-03  8.866E+04  2.9878E+02  6.9591E+04  1.1370E+01  1.5440E+01  4.6220E+00  1.9837E+01  1.9865E-10
 -3.5000     61.6  7.79898E-03  8.866E+04  2.9878E+02  6.9591E+04  1.1370E+01  1.5440E+01  4.6471E+00  1.3130E+01  1.5384E-10
 -3.6000     62.2  6.70678E-03  8.866E+04  2.9878E+02  6.9591E+04  1.1370E+01  1.5440E+01  4.6523E+00  7.5333E+00  1.1566E-10
 -3.7000     62.8  5.74696E-03  8.866E+04  2.9878E+02  6.9591E+04  1.1370E+01  1.5440E+01  4.6315E+00  2.7548E+00  8.2609E-11
 -3.8000     63.4  4.82088E-03  8.866E+04  2.9878E+02  6.9591E+04  1.1370E+01  1.5440E+01  4.7105E+00  6.0791E-02  5.9324E-11
 -3.9000     64.0  3.79779E-03  8.866E+04  2.9878E+02  6.9591E+04  1.1370E+01  1.5440E+01  4.9562E+00  6.4929E-01  4.4862E-11
 -4.0000     64.6  2.74066E-03  8.866E+04  2.9878E+02  6.9591E+04  1.1370E+01  1.5440E+01  5.4455E+00  0.0000E+00  3.6354E-11
