 --------------------------------------------------------------------------------                                        
  it  DE     s/n      chi**2    Mac1   Mac2   mic1   mic2   fill2 Ic1/Ic2 stray 
   0       8.19E+00  2.960E+04
   1  -3.  7.90E+01  7.198E+02  1.125  0.000  0.900  0.000  0.000 -1.000   0.000
   2  -4.  1.88E+02  3.817E+02  0.918  0.000  1.350  0.000  0.000 -1.000   0.000
   3  -5.  2.16E+02  3.501E+02  0.459  0.000  1.921  0.000  0.000 -1.000   0.000
   4  -5.  2.18E+02  3.424E+02  0.267  0.000  1.733  0.000  0.000 -1.000   0.000
   5  -6.  2.18E+02  3.418E+02  0.133  0.000  1.715  0.000  0.000 -1.000   0.000
   6  -6.  2.18E+02  3.415E+02  0.067  0.000  1.684  0.000  0.000 -1.000   0.000
   7  -6.  2.19E+02  3.413E+02  0.033  0.000  1.662  0.000  0.000 -1.000   0.000
   8  -7.  2.19E+02  3.413E+02  0.017  0.000  1.646  0.000  0.000 -1.000   0.000
   9  -7.  2.19E+02  3.412E+02  0.008  0.000  1.634  0.000  0.000 -1.000   0.000
  10  -7.  2.19E+02  3.412E+02  0.004  0.000  1.630  0.000  0.000 -1.000   0.000
  11  -1.  2.20E+02  3.412E+02  0.002  0.000  1.622  0.000  0.000 -1.000   0.000
  12   3.  2.20E+02  3.412E+02  0.001  0.000  1.622  0.000  0.000 -1.000   0.000
  13   4.  2.20E+02  3.412E+02  0.001  0.000  1.622  0.000  0.000 -1.000   0.000
  it  DE     s/n      chi**2    Mac1   Mac2   mic1   mic2   fill2 Ic1/Ic2 stray 
   0       2.20E+02  3.466E+02
   1   0.  2.22E+02  3.388E+02  0.000  0.000  1.666  0.000  0.000 -1.000   0.000
   2  -1.  2.11E+02  2.687E+02  0.000  0.000  1.380  0.000  0.000 -1.000   0.000
   3  -1.  2.20E+02  2.391E+02  0.000  0.000  0.837  0.000  0.000 -1.000   0.000
   4  -1.  2.64E+02  2.093E+02  0.000  0.000  0.796  0.000  0.000 -1.000   0.000
   5  -1.  2.66E+02  1.988E+02  0.000  0.000  0.566  0.000  0.000 -1.000   0.000
   6  -1.  2.80E+02  1.877E+02  0.000  0.000  0.531  0.000  0.000 -1.000   0.000
   7  -1.  2.73E+02  1.866E+02  0.000  0.000  0.504  0.000  0.000 -1.000   0.000
   8  -1.  2.74E+02  1.859E+02  0.000  0.000  0.559  0.000  0.000 -1.000   0.000
   9  -1.  2.75E+02  1.847E+02  0.000  0.000  0.576  0.000  0.000 -1.000   0.000
  10  -1.  2.77E+02  1.824E+02  0.000  0.000  0.620  0.000  0.000 -1.000   0.000
  11  -1.  2.81E+02  1.778E+02  0.000  0.000  0.715  0.000  0.000 -1.000   0.000
  12   0.  2.91E+02  1.718E+02  0.000  0.000  0.719  0.000  0.000 -1.000   0.000
  13   0.  2.94E+02  1.680E+02  0.000  0.000  0.731  0.000  0.000 -1.000   0.000
  14   0.  2.87E+02  1.670E+02  0.000  0.000  0.729  0.000  0.000 -1.000   0.000
  15   0.  2.81E+02  1.663E+02  0.000  0.000  0.727  0.000  0.000 -1.000   0.000
  16   2.  2.81E+02  1.663E+02  0.000  0.000  0.725  0.000  0.000 -1.000   0.000
