 --------------------------------------------------------------------------------                                        
  it  DE     s/n      chi**2    Mac1   Mac2   mic1   mic2   fill2 Ic1/Ic2 stray 
   0       2.11E+01  1.845E+04
   1  -3.  4.58E+01  3.017E+03  1.125  0.000  0.900  0.000  0.000 -1.000   0.000
   2  -4.  1.20E+02  6.745E+02  1.508  0.000  1.350  0.000  0.000 -1.000   0.000
   3  -5.  2.45E+02  1.390E+02  1.375  0.000  0.795  0.000  0.000 -1.000   0.000
   4  -5.  2.48E+02  7.996E+01  1.092  0.000  0.748  0.000  0.000 -1.000   0.000
   5  -6.  2.39E+02  6.517E+01  1.307  0.000  0.812  0.000  0.000 -1.000   0.000
   6  -6.  2.43E+02  6.486E+01  1.239  0.000  0.795  0.000  0.000 -1.000   0.000
   7  -6.  2.42E+02  6.485E+01  1.254  0.000  0.795  0.000  0.000 -1.000   0.000
   8  -7.  2.42E+02  6.485E+01  1.250  0.000  0.795  0.000  0.000 -1.000   0.000
   9  -1.  2.42E+02  6.485E+01  1.251  0.000  0.795  0.000  0.000 -1.000   0.000
  10   0.  2.42E+02  6.485E+01  1.251  0.000  0.795  0.000  0.000 -1.000   0.000
  11   1.  2.42E+02  6.485E+01  1.251  0.000  0.795  0.000  0.000 -1.000   0.000
  12   3.  2.42E+02  6.485E+01  1.251  0.000  0.795  0.000  0.000 -1.000   0.000
  it  DE     s/n      chi**2    Mac1   Mac2   mic1   mic2   fill2 Ic1/Ic2 stray 
   0       2.42E+02  6.587E+01
   1  -3.  3.16E+02  4.710E+01  1.384  0.000  1.193  0.000  0.000 -1.000   0.000
   2  -4.  3.41E+02  3.562E+01  1.470  0.000  1.458  0.000  0.000 -1.000   0.000
   3  -5.  3.45E+02  3.502E+01  1.559  0.000  1.541  0.000  0.000 -1.000   0.000
   4  -5.  3.47E+02  3.475E+01  1.597  0.000  1.613  0.000  0.000 -1.000   0.000
   5  -6.  3.49E+02  3.449E+01  1.646  0.000  1.668  0.000  0.000 -1.000   0.000
   6  -6.  3.52E+02  3.409E+01  1.708  0.000  1.728  0.000  0.000 -1.000   0.000
   7  -6.  3.51E+02  3.394E+01  1.820  0.000  1.795  0.000  0.000 -1.000   0.000
   8  -2.  3.56E+02  3.275E+01  1.805  0.000  1.783  0.000  0.000 -1.000   0.000
   9  -2.  3.56E+02  3.240E+01  1.814  0.000  1.781  0.000  0.000 -1.000   0.000
  10  -2.  3.56E+02  3.224E+01  1.824  0.000  1.780  0.000  0.000 -1.000   0.000
  11  -2.  3.57E+02  3.203E+01  1.819  0.000  1.779  0.000  0.000 -1.000   0.000
  12  -2.  3.57E+02  3.198E+01  1.818  0.000  1.778  0.000  0.000 -1.000   0.000
  13  -2.  3.58E+02  3.195E+01  1.818  0.000  1.778  0.000  0.000 -1.000   0.000
  14  -2.  3.57E+02  3.192E+01  1.819  0.000  1.779  0.000  0.000 -1.000   0.000
  15  -2.  3.58E+02  3.191E+01  1.819  0.000  1.779  0.000  0.000 -1.000   0.000
  16  -2.  3.58E+02  3.190E+01  1.820  0.000  1.780  0.000  0.000 -1.000   0.000
  17  -2.  3.58E+02  3.189E+01  1.821  0.000  1.781  0.000  0.000 -1.000   0.000
