 --------------------------------------------------------------------------------                                        
  it  DE     s/n      chi**2    Mac1   Mac2   mic1   mic2   fill2 Ic1/Ic2 stray 
   0       4.83E+00  9.802E+04
   1  -3.  3.41E+01  2.157E+03  1.125  0.000  0.900  0.000  0.000 -1.000   0.000
   2  -4.  2.80E+02  1.825E+02  1.688  0.000  1.350  0.000  0.000 -1.000   0.000
   3  -5.  2.84E+02  1.730E+02  0.975  0.000  1.878  0.000  0.000 -1.000   0.000
   4  -5.  2.93E+02  1.722E+02  1.333  0.000  1.456  0.000  0.000 -1.000   0.000
   5  -6.  2.78E+02  1.712E+02  1.079  0.000  1.989  0.000  0.000 -1.000   0.000
   6  -6.  2.92E+02  1.711E+02  1.258  0.000  1.536  0.000  0.000 -1.000   0.000
   7  -6.  2.80E+02  1.702E+02  1.077  0.000  1.925  0.000  0.000 -1.000   0.000
   8  -7.  2.91E+02  1.702E+02  1.220  0.000  1.581  0.000  0.000 -1.000   0.000
   9  -7.  2.83E+02  1.696E+02  1.089  0.000  1.867  0.000  0.000 -1.000   0.000
  10  -1.  2.90E+02  1.693E+02  1.176  0.000  1.666  0.000  0.000 -1.000   0.000
  11  -2.  2.87E+02  1.691E+02  1.110  0.000  1.775  0.000  0.000 -1.000   0.000
  12  -1.  2.90E+02  1.690E+02  1.154  0.000  1.688  0.000  0.000 -1.000   0.000
  13  -2.  2.88E+02  1.690E+02  1.127  0.000  1.737  0.000  0.000 -1.000   0.000
  14  -0.  2.89E+02  1.690E+02  1.136  0.000  1.723  0.000  0.000 -1.000   0.000
  it  DE     s/n      chi**2    Mac1   Mac2   mic1   mic2   fill2 Ic1/Ic2 stray 
   0       2.89E+02  1.716E+02
  15   3.  2.89E+02  1.690E+02  1.136  0.000  1.723  0.000  0.000 -1.000   0.000
   1  -1.  3.08E+02  1.419E+02  1.056  0.000  1.609  0.000  0.000 -1.000   0.000
   2   0.  3.27E+02  1.290E+02  0.999  0.000  1.295  0.000  0.000 -1.000   0.000
   3  -1.  2.88E+02  1.219E+02  0.722  0.000  0.739  0.000  0.000 -1.000   0.000
   4  -1.  3.22E+02  1.132E+02  1.066  0.000  0.370  0.000  0.000 -1.000   0.000
   5  -1.  3.39E+02  1.118E+02  1.213  0.000  0.554  0.000  0.000 -1.000   0.000
   6   0.  3.42E+02  1.044E+02  1.075  0.000  0.277  0.000  0.000 -1.000   0.000
   7   0.  3.43E+02  1.024E+02  1.030  0.000  0.139  0.000  0.000 -1.000   0.000
   8   1.  3.43E+02  1.022E+02  1.028  0.000  0.069  0.000  0.000 -1.000   0.000
   9   1.  3.43E+02  1.021E+02  1.026  0.000  0.035  0.000  0.000 -1.000   0.000
  10   1.  3.43E+02  1.021E+02  1.025  0.000  0.017  0.000  0.000 -1.000   0.000
  11   1.  3.44E+02  1.020E+02  1.025  0.000  0.009  0.000  0.000 -1.000   0.000
  12   1.  3.44E+02  1.020E+02  1.024  0.000  0.004  0.000  0.000 -1.000   0.000
  13   1.  3.44E+02  1.019E+02  1.024  0.000  0.006  0.000  0.000 -1.000   0.000
  14   2.  3.44E+02  1.019E+02  1.024  0.000  0.006  0.000  0.000 -1.000   0.000
  15   2.  3.44E+02  1.019E+02  1.024  0.000  0.005  0.000  0.000 -1.000   0.000
  16   1.  3.44E+02  1.018E+02  1.024  0.000  0.008  0.000  0.000 -1.000   0.000
  17   1.  3.44E+02  1.018E+02  1.021  0.000  0.011  0.000  0.000 -1.000   0.000
  18   1.  3.44E+02  1.017E+02  1.022  0.000  0.006  0.000  0.000 -1.000   0.000
  19   1.  3.44E+02  1.017E+02  1.024  0.000  0.003  0.000  0.000 -1.000   0.000
