  0.278162479       0.00000000       0.00000000    
  1.2000    512.1  1.63833E+03  2.158E+04  9.3901E+01  3.6369E+04  2.3262E+00  3.1190E+00  1.2656E+01  1.9950E+04  5.9857E-08
  1.1000    440.7  1.09986E+03  2.158E+04  9.3448E+01  3.6173E+04  2.3174E+00  3.1051E+00  1.0781E+01  1.6865E+04  5.2445E-08
  1.0000    375.8  7.23832E+02  2.158E+04  9.2994E+01  3.5978E+04  2.3085E+00  3.0912E+00  9.0957E+00  1.4093E+04  4.5443E-08
  0.9000    317.2  4.66593E+02  2.158E+04  9.2541E+01  3.5782E+04  2.2997E+00  3.0773E+00  7.5843E+00  1.1617E+04  3.8869E-08
  0.8000    264.6  2.94019E+02  2.158E+04  9.2088E+01  3.5587E+04  2.2908E+00  3.0635E+00  6.2305E+00  9.4169E+03  3.2739E-08
  0.7000    217.7  1.80743E+02  2.158E+04  9.1634E+01  3.5391E+04  2.2820E+00  3.0496E+00  5.0195E+00  7.4750E+03  2.7062E-08
  0.6000    176.2  1.08397E+02  2.158E+04  9.1181E+01  3.5196E+04  2.2732E+00  3.0357E+00  3.9400E+00  5.7766E+03  2.1846E-08
  0.5000    139.8  6.28578E+01  2.158E+04  9.0727E+01  3.5000E+04  2.2643E+00  3.0218E+00  2.9830E+00  4.3082E+03  1.7127E-08
  0.4000    108.2  3.53585E+01  2.158E+04  9.0274E+01  3.4805E+04  2.2555E+00  3.0079E+00  2.1436E+00  3.0609E+03  1.2906E-08
  0.3000     81.2  1.91979E+01  2.158E+04  8.9820E+01  3.4609E+04  2.2467E+00  2.9940E+00  1.4235E+00  2.0326E+03  9.2314E-09
  0.2000     58.4  9.89092E+00  2.158E+04  8.9367E+01  3.4414E+04  2.2378E+00  2.9801E+00  8.2445E-01  1.2180E+03  6.1455E-09
  0.1000     39.5  4.82917E+00  2.158E+04  8.8914E+01  3.4218E+04  2.2290E+00  2.9662E+00  3.4968E-01  6.1019E+02  3.6625E-09
  0.0000     24.2  2.11733E+00  2.158E+04  8.8460E+01  3.4023E+04  2.2202E+00  2.9523E+00  0.0000E+00  1.9533E+02  1.8005E-09
 -0.1000     12.3  7.84260E-01  2.158E+04  8.8007E+01  3.3827E+04  2.2113E+00  2.9384E+00  2.3024E-01  5.1117E+01  5.1836E-10
 -0.2000      3.4  1.76046E-01  2.158E+04  8.7553E+01  3.3632E+04  2.2025E+00  2.9245E+00  3.5359E-01  1.6192E+02  2.4710E-10
 -0.3000      2.7  6.47354E-02  2.158E+04  8.7100E+01  3.3436E+04  2.1936E+00  2.9107E+00  3.9288E-01  1.7859E+02  6.0294E-10
 -0.4000      6.4  1.29213E-01  2.158E+04  8.6647E+01  3.3241E+04  2.1848E+00  2.8968E+00  3.7763E-01  1.4352E+02  6.7456E-10
 -0.5000      7.9  1.17092E-01  2.158E+04  8.6193E+01  3.3045E+04  2.1760E+00  2.8829E+00  3.3862E-01  9.2305E+01  5.8466E-10
 -0.6000      7.5  8.19731E-02  2.158E+04  8.5740E+01  3.2850E+04  2.1671E+00  2.8690E+00  3.0042E-01  4.8000E+01  4.2570E-10
 -0.7000      5.6  4.54531E-02  2.158E+04  8.5286E+01  3.2654E+04  2.1583E+00  2.8551E+00  2.7592E-01  1.9969E+01  2.5518E-10
 -0.8000      2.4  1.43285E-02  2.158E+04  8.4833E+01  3.2459E+04  2.1495E+00  2.8412E+00  2.6732E-01  8.0117E+00  1.0043E-10
 -0.9000      1.7  8.67558E-03  2.158E+04  8.4380E+01  3.2263E+04  2.1406E+00  2.8273E+00  2.6862E-01  7.1055E+00  3.2401E-11
 -1.0000      6.6  2.47478E-02  2.158E+04  8.3926E+01  3.2068E+04  2.1318E+00  2.8134E+00  2.6944E-01  1.1223E+01  1.4538E-10
 -1.1000     11.8  3.55551E-02  2.158E+04  8.3473E+01  3.1872E+04  2.1229E+00  2.7995E+00  2.5955E-01  1.5832E+01  2.4150E-10
 -1.2000     17.1  4.24924E-02  2.158E+04  8.3019E+01  3.1677E+04  2.1141E+00  2.7856E+00  2.3128E-01  1.8508E+01  3.2156E-10
 -1.3000     22.2  4.60281E-02  2.158E+04  8.2566E+01  3.1481E+04  2.1053E+00  2.7717E+00  1.7996E-01  1.8393E+01  3.8632E-10
 -1.4000     26.8  4.72457E-02  2.158E+04  8.2113E+01  3.1286E+04  2.0964E+00  2.7579E+00  1.0396E-01  1.5627E+01  4.3318E-10
 -1.5000     30.7  4.64830E-02  2.158E+04  8.1659E+01  3.1090E+04  2.0876E+00  2.7440E+00  4.7607E-03  1.1000E+01  4.6293E-10
 -1.6000     33.9  4.46365E-02  2.158E+04  8.1206E+01  3.0894E+04  2.0788E+00  2.7301E+00  1.1420E-01  5.4863E+00  4.7793E-10
 -1.7000     36.6  4.21853E-02  2.158E+04  8.0752E+01  3.0699E+04  2.0699E+00  2.7162E+00  2.4892E-01  9.5703E-02  4.8148E-10
 -1.8000     38.9  3.95279E-02  2.158E+04  8.0299E+01  3.0503E+04  2.0611E+00  2.7023E+00  3.9505E-01  5.0762E+00  4.7695E-10
 -1.9000     40.9  3.67997E-02  2.158E+04  7.9846E+01  3.0308E+04  2.0523E+00  2.6884E+00  5.4858E-01  9.0439E+00  4.6507E-10
 -2.0000     42.7  3.42177E-02  2.158E+04  7.9392E+01  3.0112E+04  2.0434E+00  2.6745E+00  7.0596E-01  1.1800E+01  4.4841E-10
 -2.1000     44.6  3.18108E-02  2.158E+04  7.8939E+01  2.9917E+04  2.0346E+00  2.6606E+00  8.6374E-01  1.3238E+01  4.2760E-10
 -2.2000     46.5  2.96263E-02  2.158E+04  7.8485E+01  2.9721E+04  2.0257E+00  2.6467E+00  1.0197E+00  1.3462E+01  4.0400E-10
 -2.3000     48.7  2.77527E-02  2.158E+04  7.8032E+01  2.9526E+04  2.0169E+00  2.6328E+00  1.1711E+00  1.2514E+01  3.7887E-10
 -2.4000     51.2  2.61301E-02  2.158E+04  7.7579E+01  2.9330E+04  2.0081E+00  2.6189E+00  1.3147E+00  1.0472E+01  3.5209E-10
 -2.5000     54.3  2.48013E-02  2.158E+04  7.7125E+01  2.9135E+04  1.9992E+00  2.6051E+00  1.4481E+00  7.4609E+00  3.2454E-10
 -2.6000     58.0  2.37139E-02  2.158E+04  7.6672E+01  2.8939E+04  1.9904E+00  2.5912E+00  1.5677E+00  3.5791E+00  2.9611E-10
 -2.7000     62.4  2.28327E-02  2.158E+04  7.6218E+01  2.8744E+04  1.9816E+00  2.5773E+00  1.6713E+00  9.9170E-01  2.6712E-10
 -2.8000     67.8  2.21529E-02  2.158E+04  7.5765E+01  2.8548E+04  1.9727E+00  2.5634E+00  1.7559E+00  6.1006E+00  2.3804E-10
 -2.9000     74.1  2.16009E-02  2.158E+04  7.5312E+01  2.8353E+04  1.9639E+00  2.5495E+00  1.8196E+00  1.1554E+01  2.0889E-10
 -3.0000     81.6  2.11482E-02  2.158E+04  7.4858E+01  2.8157E+04  1.9551E+00  2.5356E+00  1.8617E+00  1.7133E+01  1.8032E-10
 -3.1000     90.4  2.07328E-02  2.158E+04  7.4405E+01  2.7962E+04  1.9462E+00  2.5217E+00  1.8837E+00  2.2590E+01  1.5272E-10
 -3.2000    100.6  2.02797E-02  2.158E+04  7.3951E+01  2.7766E+04  1.9374E+00  2.5078E+00  1.8929E+00  2.7594E+01  1.2694E-10
 -3.3000    112.3  1.97444E-02  2.158E+04  7.3498E+01  2.7571E+04  1.9285E+00  2.4939E+00  1.9025E+00  3.1808E+01  1.0401E-10
 -3.4000    125.7  1.90166E-02  2.158E+04  7.3045E+01  2.7375E+04  1.9197E+00  2.4800E+00  1.9378E+00  3.4824E+01  8.4910E-11
 -3.5000    140.9  1.80311E-02  2.158E+04  7.2591E+01  2.7180E+04  1.9109E+00  2.4661E+00  2.0422E+00  3.6185E+01  7.1048E-11
 -3.6000    158.1  1.66656E-02  2.158E+04  7.2138E+01  2.6984E+04  1.9020E+00  2.4523E+00  2.2897E+00  3.5371E+01  6.3676E-11
 -3.7000    177.3  1.48466E-02  2.158E+04  7.1684E+01  2.6789E+04  1.8932E+00  2.4384E+00  2.8111E+00  3.1744E+01  6.4427E-11
 -3.8000    198.6  1.26447E-02  2.158E+04  7.1231E+01  2.6593E+04  1.8844E+00  2.4245E+00  3.8278E+00  2.4701E+01  7.4626E-11
 -3.9000    222.3  1.03042E-02  2.158E+04  7.0778E+01  2.6398E+04  1.8755E+00  2.4106E+00  5.7294E+00  1.3885E+01  9.3992E-11
 -4.0000    248.4  8.50193E-03  2.158E+04  7.0324E+01  2.6202E+04  1.8667E+00  2.3967E+00  9.2017E+00  0.0000E+00  1.1810E-10
