  0.526503444       0.00000000       0.00000000    
  1.2000     24.4  4.53145E+01  3.364E+04  8.1139E+01  2.8912E+04  2.3665E+00  2.5240E+00  2.9964E-01  4.4702E+03  9.4019E-09
  1.1000     24.9  3.82806E+01  3.364E+04  8.1139E+01  2.8912E+04  2.3665E+00  2.5240E+00  3.2702E-01  4.3219E+03  9.3576E-09
  1.0000     25.3  3.18911E+01  3.364E+04  8.1139E+01  2.8912E+04  2.3665E+00  2.5240E+00  3.5102E-01  4.1695E+03  9.3022E-09
  0.9000     25.8  2.62008E+01  3.364E+04  8.1139E+01  2.8912E+04  2.3665E+00  2.5240E+00  3.7055E-01  4.0112E+03  9.2305E-09
  0.8000     26.3  2.12180E+01  3.364E+04  8.1139E+01  2.8912E+04  2.3665E+00  2.5240E+00  3.8435E-01  3.8450E+03  9.1369E-09
  0.7000     26.8  1.69284E+01  3.364E+04  8.1139E+01  2.8912E+04  2.3665E+00  2.5240E+00  3.9076E-01  3.6685E+03  9.0138E-09
  0.6000     27.2  1.33347E+01  3.364E+04  8.1139E+01  2.8912E+04  2.3665E+00  2.5240E+00  3.8765E-01  3.4789E+03  8.8495E-09
  0.5000     27.7  1.03120E+01  3.364E+04  8.1139E+01  2.8912E+04  2.3665E+00  2.5240E+00  3.7242E-01  3.2730E+03  8.6380E-09
  0.4000     28.2  7.88617E+00  3.364E+04  8.1139E+01  2.8912E+04  2.3665E+00  2.5240E+00  3.4202E-01  3.0478E+03  8.3594E-09
  0.3000     28.7  5.97421E+00  3.364E+04  8.1139E+01  2.8912E+04  2.3665E+00  2.5240E+00  2.9304E-01  2.8012E+03  8.0012E-09
  0.2000     29.1  4.45284E+00  3.364E+04  8.1139E+01  2.8912E+04  2.3665E+00  2.5240E+00  2.2174E-01  2.5314E+03  7.5584E-09
  0.1000     29.6  3.31638E+00  3.364E+04  8.1139E+01  2.8912E+04  2.3665E+00  2.5240E+00  1.2485E-01  2.2392E+03  7.0126E-09
  0.0000     30.1  2.42021E+00  3.364E+04  8.1139E+01  2.8912E+04  2.3665E+00  2.5240E+00  0.0000E+00  1.9275E+03  6.3793E-09
 -0.1000     30.5  1.76629E+00  3.364E+04  8.1139E+01  2.8912E+04  2.3665E+00  2.5240E+00  1.5289E-01  1.6029E+03  5.6545E-09
 -0.2000     31.0  1.29258E+00  3.364E+04  8.1139E+01  2.8912E+04  2.3665E+00  2.5240E+00  3.2977E-01  1.2779E+03  4.8690E-09
 -0.3000     31.5  9.27536E-01  3.364E+04  8.1139E+01  2.8912E+04  2.3665E+00  2.5240E+00  5.2120E-01  9.6752E+02  4.0741E-09
 -0.4000     32.0  6.74575E-01  3.364E+04  8.1139E+01  2.8912E+04  2.3665E+00  2.5240E+00  7.1351E-01  6.8752E+02  3.3041E-09
 -0.5000     32.4  4.82746E-01  3.364E+04  8.1139E+01  2.8912E+04  2.3665E+00  2.5240E+00  8.8833E-01  4.5257E+02  2.6206E-09
 -0.6000     32.9  3.50657E-01  3.364E+04  8.1139E+01  2.8912E+04  2.3665E+00  2.5240E+00  1.0282E+00  2.7073E+02  2.0501E-09
 -0.7000     33.4  2.60755E-01  3.364E+04  8.1139E+01  2.8912E+04  2.3665E+00  2.5240E+00  1.1247E+00  1.4030E+02  1.6024E-09
 -0.8000     33.9  1.94795E-01  3.364E+04  8.1139E+01  2.8912E+04  2.3665E+00  2.5240E+00  1.1728E+00  5.4977E+01  1.2759E-09
 -0.9000     34.3  1.51982E-01  3.364E+04  8.1139E+01  2.8912E+04  2.3665E+00  2.5240E+00  1.1752E+00  4.6914E+00  1.0440E-09
 -1.0000     34.8  1.21074E-01  3.364E+04  8.1139E+01  2.8912E+04  2.3665E+00  2.5240E+00  1.1398E+00  2.1605E+01  8.8504E-10
 -1.1000     35.3  1.00038E-01  3.364E+04  8.1139E+01  2.8912E+04  2.3665E+00  2.5240E+00  1.0744E+00  3.2410E+01  7.7389E-10
 -1.2000     35.8  8.50234E-02  3.364E+04  8.1139E+01  2.8912E+04  2.3665E+00  2.5240E+00  9.8883E-01  3.4781E+01  6.9147E-10
 -1.3000     36.2  7.33171E-02  3.364E+04  8.1139E+01  2.8912E+04  2.3665E+00  2.5240E+00  8.8989E-01  3.2928E+01  6.2830E-10
 -1.4000     36.7  6.42550E-02  3.364E+04  8.1139E+01  2.8912E+04  2.3665E+00  2.5240E+00  7.8191E-01  2.9189E+01  5.7473E-10
 -1.5000     37.2  5.68026E-02  3.364E+04  8.1139E+01  2.8912E+04  2.3665E+00  2.5240E+00  6.6867E-01  2.5037E+01  5.2815E-10
 -1.6000     37.6  5.05550E-02  3.364E+04  8.1139E+01  2.8912E+04  2.3665E+00  2.5240E+00  5.5284E-01  2.1227E+01  4.8463E-10
 -1.7000     38.1  4.51511E-02  3.364E+04  8.1139E+01  2.8912E+04  2.3665E+00  2.5240E+00  4.3571E-01  1.7992E+01  4.4326E-10
 -1.8000     38.6  4.04512E-02  3.364E+04  8.1139E+01  2.8912E+04  2.3665E+00  2.5240E+00  3.1863E-01  1.5451E+01  4.0442E-10
 -1.9000     39.1  3.62620E-02  3.364E+04  8.1139E+01  2.8912E+04  2.3665E+00  2.5240E+00  2.0236E-01  1.3573E+01  3.6680E-10
 -2.0000     39.5  3.25529E-02  3.364E+04  8.1139E+01  2.8912E+04  2.3665E+00  2.5240E+00  8.7189E-02  1.2238E+01  3.3137E-10
 -2.1000     40.0  2.92161E-02  3.364E+04  8.1139E+01  2.8912E+04  2.3665E+00  2.5240E+00  2.6306E-02  1.1373E+01  2.9763E-10
 -2.2000     40.5  2.62029E-02  3.364E+04  8.1139E+01  2.8912E+04  2.3665E+00  2.5240E+00  1.3870E-01  1.0808E+01  2.6591E-10
 -2.3000     41.0  2.35180E-02  3.364E+04  8.1139E+01  2.8912E+04  2.3665E+00  2.5240E+00  2.4969E-01  1.0467E+01  2.3666E-10
 -2.4000     41.4  2.10795E-02  3.364E+04  8.1139E+01  2.8912E+04  2.3665E+00  2.5240E+00  3.5925E-01  1.0291E+01  2.0939E-10
 -2.5000     41.9  1.88968E-02  3.364E+04  8.1139E+01  2.8912E+04  2.3665E+00  2.5240E+00  4.6756E-01  1.0207E+01  1.8445E-10
 -2.6000     42.4  1.69166E-02  3.364E+04  8.1139E+01  2.8912E+04  2.3665E+00  2.5240E+00  5.7446E-01  1.0186E+01  1.6153E-10
 -2.7000     42.9  1.51186E-02  3.364E+04  8.1139E+01  2.8912E+04  2.3665E+00  2.5240E+00  6.8054E-01  1.0168E+01  1.4066E-10
 -2.8000     43.3  1.35033E-02  3.364E+04  8.1139E+01  2.8912E+04  2.3665E+00  2.5240E+00  7.8616E-01  1.0124E+01  1.2188E-10
 -2.9000     43.8  1.20294E-02  3.364E+04  8.1139E+01  2.8912E+04  2.3665E+00  2.5240E+00  8.9182E-01  1.0030E+01  1.0495E-10
 -3.0000     44.3  1.06969E-02  3.364E+04  8.1139E+01  2.8912E+04  2.3665E+00  2.5240E+00  9.9832E-01  9.8657E+00  8.9893E-11
 -3.1000     44.8  9.48186E-03  3.364E+04  8.1139E+01  2.8912E+04  2.3665E+00  2.5240E+00  1.1067E+00  9.6187E+00  7.6546E-11
 -3.2000     45.2  8.36630E-03  3.364E+04  8.1139E+01  2.8912E+04  2.3665E+00  2.5240E+00  1.2185E+00  9.2722E+00  6.4823E-11
 -3.3000     45.7  7.35095E-03  3.364E+04  8.1139E+01  2.8912E+04  2.3665E+00  2.5240E+00  1.3358E+00  8.8174E+00  5.4677E-11
 -3.4000     46.2  6.41018E-03  3.364E+04  8.1139E+01  2.8912E+04  2.3665E+00  2.5240E+00  1.4621E+00  8.2360E+00  4.5985E-11
 -3.5000     46.6  5.54109E-03  3.364E+04  8.1139E+01  2.8912E+04  2.3665E+00  2.5240E+00  1.6020E+00  7.5137E+00  3.8741E-11
 -3.6000     47.1  4.72422E-03  3.364E+04  8.1139E+01  2.8912E+04  2.3665E+00  2.5240E+00  1.7632E+00  6.6312E+00  3.2838E-11
 -3.7000     47.6  3.94227E-03  3.364E+04  8.1139E+01  2.8912E+04  2.3665E+00  2.5240E+00  1.9600E+00  5.5341E+00  2.8368E-11
 -3.8000     48.1  3.19283E-03  3.364E+04  8.1139E+01  2.8912E+04  2.3665E+00  2.5240E+00  2.2177E+00  4.1611E+00  2.5470E-11
 -3.9000     48.5  2.44456E-03  3.364E+04  8.1139E+01  2.8912E+04  2.3665E+00  2.5240E+00  2.5897E+00  2.4000E+00  2.4363E-11
 -4.0000     49.0  1.67133E-03  3.364E+04  8.1139E+01  2.8912E+04  2.3665E+00  2.5240E+00  3.2159E+00  0.0000E+00  2.5792E-11
