  0.326580286       0.00000000       0.00000000    
  1.2000     16.5  3.40281E+01  3.211E+04  4.0245E+01  1.9174E+04  2.6646E+00  4.7464E+00  6.0371E-02  2.8075E+03  5.7005E-09
  1.1000     16.9  2.91409E+01  3.211E+04  4.0245E+01  1.9174E+04  2.6646E+00  4.7464E+00  8.1413E-02  2.7234E+03  5.6900E-09
  1.0000     17.2  2.45889E+01  3.211E+04  4.0245E+01  1.9174E+04  2.6646E+00  4.7464E+00  1.0109E-01  2.6376E+03  5.6748E-09
  0.9000     17.5  2.04568E+01  3.211E+04  4.0245E+01  1.9174E+04  2.6646E+00  4.7464E+00  1.1892E-01  2.5491E+03  5.6529E-09
  0.8000     17.8  1.67662E+01  3.211E+04  4.0245E+01  1.9174E+04  2.6646E+00  4.7464E+00  1.3418E-01  2.4570E+03  5.6215E-09
  0.7000     18.2  1.35365E+01  3.211E+04  4.0245E+01  1.9174E+04  2.6646E+00  4.7464E+00  1.4601E-01  2.3599E+03  5.5769E-09
  0.6000     18.5  1.07868E+01  3.211E+04  4.0245E+01  1.9174E+04  2.6646E+00  4.7464E+00  1.5333E-01  2.2566E+03  5.5130E-09
  0.5000     18.8  8.44183E+00  3.211E+04  4.0245E+01  1.9174E+04  2.6646E+00  4.7464E+00  1.5459E-01  2.1452E+03  5.4274E-09
  0.4000     19.1  6.53308E+00  3.211E+04  4.0245E+01  1.9174E+04  2.6646E+00  4.7464E+00  1.4806E-01  2.0238E+03  5.3085E-09
  0.3000     19.5  5.00822E+00  3.211E+04  4.0245E+01  1.9174E+04  2.6646E+00  4.7464E+00  1.3173E-01  1.8912E+03  5.1492E-09
  0.2000     19.8  3.77931E+00  3.211E+04  4.0245E+01  1.9174E+04  2.6646E+00  4.7464E+00  1.0318E-01  1.7457E+03  4.9461E-09
  0.1000     20.1  2.84924E+00  3.211E+04  4.0245E+01  1.9174E+04  2.6646E+00  4.7464E+00  6.0050E-02  1.5867E+03  4.6857E-09
  0.0000     20.4  2.10754E+00  3.211E+04  4.0245E+01  1.9174E+04  2.6646E+00  4.7464E+00  0.0000E+00  1.4143E+03  4.3734E-09
 -0.1000     20.7  1.55947E+00  3.211E+04  4.0245E+01  1.9174E+04  2.6646E+00  4.7464E+00  7.8770E-02  1.2299E+03  3.9996E-09
 -0.2000     21.1  1.15723E+00  3.211E+04  4.0245E+01  1.9174E+04  2.6646E+00  4.7464E+00  1.7647E-01  1.0381E+03  3.5731E-09
 -0.3000     21.4  8.43826E-01  3.211E+04  4.0245E+01  1.9174E+04  2.6646E+00  4.7464E+00  2.9129E-01  8.4462E+02  3.1147E-09
 -0.4000     21.7  6.22782E-01  3.211E+04  4.0245E+01  1.9174E+04  2.6646E+00  4.7464E+00  4.1893E-01  6.5697E+02  2.6351E-09
 -0.5000     22.0  4.51871E-01  3.211E+04  4.0245E+01  1.9174E+04  2.6646E+00  4.7464E+00  5.5131E-01  4.8420E+02  2.1697E-09
 -0.6000     22.4  3.30622E-01  3.211E+04  4.0245E+01  1.9174E+04  2.6646E+00  4.7464E+00  6.7799E-01  3.3427E+02  1.7389E-09
 -0.7000     22.7  2.45082E-01  3.211E+04  4.0245E+01  1.9174E+04  2.6646E+00  4.7464E+00  7.8985E-01  2.1200E+02  1.3638E-09
 -0.8000     23.0  1.79899E-01  3.211E+04  4.0245E+01  1.9174E+04  2.6646E+00  4.7464E+00  8.7719E-01  1.1939E+02  1.0607E-09
 -0.9000     23.3  1.36228E-01  3.211E+04  4.0245E+01  1.9174E+04  2.6646E+00  4.7464E+00  9.3491E-01  5.4395E+01  8.2576E-10
 -1.0000     23.7  1.03911E-01  3.211E+04  4.0245E+01  1.9174E+04  2.6646E+00  4.7464E+00  9.6233E-01  1.2227E+01  6.5415E-10
 -1.1000     24.0  8.20339E-02  3.211E+04  4.0245E+01  1.9174E+04  2.6646E+00  4.7464E+00  9.6124E-01  1.2430E+01  5.3201E-10
 -1.2000     24.3  6.69563E-02  3.211E+04  4.0245E+01  1.9174E+04  2.6646E+00  4.7464E+00  9.3803E-01  2.5512E+01  4.4459E-10
 -1.3000     24.6  5.54731E-02  3.211E+04  4.0245E+01  1.9174E+04  2.6646E+00  4.7464E+00  8.9728E-01  3.1113E+01  3.8281E-10
 -1.4000     25.0  4.72004E-02  3.211E+04  4.0245E+01  1.9174E+04  2.6646E+00  4.7464E+00  8.4326E-01  3.2188E+01  3.3685E-10
 -1.5000     25.3  4.06892E-02  3.211E+04  4.0245E+01  1.9174E+04  2.6646E+00  4.7464E+00  7.8012E-01  3.0883E+01  3.0172E-10
 -1.6000     25.6  3.55664E-02  3.211E+04  4.0245E+01  1.9174E+04  2.6646E+00  4.7464E+00  7.1031E-01  2.8371E+01  2.7304E-10
 -1.7000     25.9  3.13661E-02  3.211E+04  4.0245E+01  1.9174E+04  2.6646E+00  4.7464E+00  6.3602E-01  2.5438E+01  2.4836E-10
 -1.8000     26.3  2.78153E-02  3.211E+04  4.0245E+01  1.9174E+04  2.6646E+00  4.7464E+00  5.5879E-01  2.2514E+01  2.2681E-10
 -1.9000     26.6  2.47635E-02  3.211E+04  4.0245E+01  1.9174E+04  2.6646E+00  4.7464E+00  4.7968E-01  1.9812E+01  2.0684E-10
 -2.0000     26.9  2.21103E-02  3.211E+04  4.0245E+01  1.9174E+04  2.6646E+00  4.7464E+00  3.9941E-01  1.7420E+01  1.8853E-10
 -2.1000     27.2  1.97722E-02  3.211E+04  4.0245E+01  1.9174E+04  2.6646E+00  4.7464E+00  3.1863E-01  1.5370E+01  1.7128E-10
 -2.2000     27.6  1.76849E-02  3.211E+04  4.0245E+01  1.9174E+04  2.6646E+00  4.7464E+00  2.3734E-01  1.3615E+01  1.5509E-10
 -2.3000     27.9  1.58405E-02  3.211E+04  4.0245E+01  1.9174E+04  2.6646E+00  4.7464E+00  1.5585E-01  1.2139E+01  1.4009E-10
 -2.4000     28.2  1.41775E-02  3.211E+04  4.0245E+01  1.9174E+04  2.6646E+00  4.7464E+00  7.4402E-02  1.0912E+01  1.2595E-10
 -2.5000     28.5  1.26940E-02  3.211E+04  4.0245E+01  1.9174E+04  2.6646E+00  4.7464E+00  6.8359E-03  9.8940E+00  1.1283E-10
 -2.6000     28.9  1.13604E-02  3.211E+04  4.0245E+01  1.9174E+04  2.6646E+00  4.7464E+00  8.7860E-02  9.0527E+00  1.0059E-10
 -2.7000     29.2  1.01503E-02  3.211E+04  4.0245E+01  1.9174E+04  2.6646E+00  4.7464E+00  1.6888E-01  8.3403E+00  8.9246E-11
 -2.8000     29.5  9.06533E-03  3.211E+04  4.0245E+01  1.9174E+04  2.6646E+00  4.7464E+00  2.4982E-01  7.7358E+00  7.8836E-11
 -2.9000     29.8  8.07831E-03  3.211E+04  4.0245E+01  1.9174E+04  2.6646E+00  4.7464E+00  3.3096E-01  7.2126E+00  6.9245E-11
 -3.0000     30.1  7.18775E-03  3.211E+04  4.0245E+01  1.9174E+04  2.6646E+00  4.7464E+00  4.1266E-01  6.7429E+00  6.0526E-11
 -3.1000     30.5  6.37743E-03  3.211E+04  4.0245E+01  1.9174E+04  2.6646E+00  4.7464E+00  4.9542E-01  6.3071E+00  5.2607E-11
 -3.2000     30.8  5.63574E-03  3.211E+04  4.0245E+01  1.9174E+04  2.6646E+00  4.7464E+00  5.8038E-01  5.8784E+00  4.5489E-11
 -3.3000     31.1  4.96078E-03  3.211E+04  4.0245E+01  1.9174E+04  2.6646E+00  4.7464E+00  6.6858E-01  5.4443E+00  3.9167E-11
 -3.4000     31.4  4.33493E-03  3.211E+04  4.0245E+01  1.9174E+04  2.6646E+00  4.7464E+00  7.6181E-01  4.9875E+00  3.3577E-11
 -3.5000     31.8  3.76008E-03  3.211E+04  4.0245E+01  1.9174E+04  2.6646E+00  4.7464E+00  8.6292E-01  4.4894E+00  2.8749E-11
 -3.6000     32.1  3.21823E-03  3.211E+04  4.0245E+01  1.9174E+04  2.6646E+00  4.7464E+00  9.7644E-01  3.9298E+00  2.4640E-11
 -3.7000     32.4  2.70113E-03  3.211E+04  4.0245E+01  1.9174E+04  2.6646E+00  4.7464E+00  1.1115E+00  3.2642E+00  2.1343E-11
 -3.8000     32.7  2.20641E-03  3.211E+04  4.0245E+01  1.9174E+04  2.6646E+00  4.7464E+00  1.2833E+00  2.4505E+00  1.8961E-11
 -3.9000     33.1  1.71251E-03  3.211E+04  4.0245E+01  1.9174E+04  2.6646E+00  4.7464E+00  1.5242E+00  1.4161E+00  1.7637E-11
 -4.0000     33.4  1.20364E-03  3.211E+04  4.0245E+01  1.9174E+04  2.6646E+00  4.7464E+00  1.9189E+00  0.0000E+00  1.7855E-11
