   18.4291954       0.00000000       0.00000000    
  1.2000     44.8  4.10634E+01  6.051E+04  2.7377E+02  5.8010E+04  9.7454E+00  1.0803E+01  1.8329E+00  1.1506E+04  2.8797E-08
  1.1000     45.6  3.27224E+01  6.051E+04  2.7377E+02  5.8010E+04  9.7454E+00  1.0803E+01  1.8077E+00  1.0801E+04  2.7990E-08
  1.0000     46.5  2.56909E+01  6.051E+04  2.7377E+02  5.8010E+04  9.7454E+00  1.0803E+01  1.7582E+00  1.0048E+04  2.7025E-08
  0.9000     47.3  1.98609E+01  6.051E+04  2.7377E+02  5.8010E+04  9.7454E+00  1.0803E+01  1.6798E+00  9.2381E+03  2.5867E-08
  0.8000     48.1  1.50925E+01  6.051E+04  2.7377E+02  5.8010E+04  9.7454E+00  1.0803E+01  1.5671E+00  8.3635E+03  2.4479E-08
  0.7000     49.0  1.12571E+01  6.051E+04  2.7377E+02  5.8010E+04  9.7454E+00  1.0803E+01  1.4146E+00  7.4196E+03  2.2828E-08
  0.6000     49.8  8.25587E+00  6.051E+04  2.7377E+02  5.8010E+04  9.7454E+00  1.0803E+01  1.2184E+00  6.4104E+03  2.0886E-08
  0.5000     50.6  5.89680E+00  6.051E+04  2.7377E+02  5.8010E+04  9.7454E+00  1.0803E+01  9.7865E-01  5.3517E+03  1.8683E-08
  0.4000     51.4  4.13364E+00  6.051E+04  2.7377E+02  5.8010E+04  9.7454E+00  1.0803E+01  7.0506E-01  4.2820E+03  1.6268E-08
  0.3000     52.3  2.84371E+00  6.051E+04  2.7377E+02  5.8010E+04  9.7454E+00  1.0803E+01  4.2283E-01  3.2677E+03  1.3802E-08
  0.2000     53.1  1.89815E+00  6.051E+04  2.7377E+02  5.8010E+04  9.7454E+00  1.0803E+01  1.7718E-01  2.3949E+03  1.1538E-08
  0.1000     53.9  1.26572E+00  6.051E+04  2.7377E+02  5.8010E+04  9.7454E+00  1.0803E+01  2.1360E-02  1.7385E+03  9.6919E-09
  0.0000     54.8  8.35521E-01  6.051E+04  2.7377E+02  5.8010E+04  9.7454E+00  1.0803E+01  0.0000E+00  1.3316E+03  8.4474E-09
 -0.1000     55.6  5.80994E-01  6.051E+04  2.7377E+02  5.8010E+04  9.7454E+00  1.0803E+01  1.2478E-01  1.1443E+03  7.7568E-09
 -0.2000     56.4  4.35778E-01  6.051E+04  2.7377E+02  5.8010E+04  9.7454E+00  1.0803E+01  3.6873E-01  1.1007E+03  7.4545E-09
 -0.3000     57.3  3.49541E-01  6.051E+04  2.7377E+02  5.8010E+04  9.7454E+00  1.0803E+01  6.9470E-01  1.1296E+03  7.3830E-09
 -0.4000     58.1  2.98249E-01  6.051E+04  2.7377E+02  5.8010E+04  9.7454E+00  1.0803E+01  1.0691E+00  1.1813E+03  7.3749E-09
 -0.5000     58.9  2.63757E-01  6.051E+04  2.7377E+02  5.8010E+04  9.7454E+00  1.0803E+01  1.4644E+00  1.2257E+03  7.3677E-09
 -0.6000     59.8  2.37480E-01  6.051E+04  2.7377E+02  5.8010E+04  9.7454E+00  1.0803E+01  1.8633E+00  1.2494E+03  7.2942E-09
 -0.7000     60.6  2.15003E-01  6.051E+04  2.7377E+02  5.8010E+04  9.7454E+00  1.0803E+01  2.2577E+00  1.2503E+03  7.1441E-09
 -0.8000     61.4  1.95477E-01  6.051E+04  2.7377E+02  5.8010E+04  9.7454E+00  1.0803E+01  2.6395E+00  1.2281E+03  6.9329E-09
 -0.9000     62.3  1.77044E-01  6.051E+04  2.7377E+02  5.8010E+04  9.7454E+00  1.0803E+01  3.0043E+00  1.1856E+03  6.6405E-09
 -1.0000     63.1  1.60220E-01  6.051E+04  2.7377E+02  5.8010E+04  9.7454E+00  1.0803E+01  3.3498E+00  1.1266E+03  6.3003E-09
 -1.1000     63.9  1.44477E-01  6.051E+04  2.7377E+02  5.8010E+04  9.7454E+00  1.0803E+01  3.6734E+00  1.0547E+03  5.9063E-09
 -1.2000     64.8  1.29980E-01  6.051E+04  2.7377E+02  5.8010E+04  9.7454E+00  1.0803E+01  3.9787E+00  9.7570E+02  5.4797E-09
 -1.3000     65.6  1.16817E-01  6.051E+04  2.7377E+02  5.8010E+04  9.7454E+00  1.0803E+01  4.2651E+00  8.9266E+02  5.0470E-09
 -1.4000     66.4  1.04929E-01  6.051E+04  2.7377E+02  5.8010E+04  9.7454E+00  1.0803E+01  4.5323E+00  8.0806E+02  4.6024E-09
 -1.5000     67.3  9.42115E-02  6.051E+04  2.7377E+02  5.8010E+04  9.7454E+00  1.0803E+01  4.7813E+00  7.2446E+02  4.1682E-09
 -1.6000     68.1  8.46514E-02  6.051E+04  2.7377E+02  5.8010E+04  9.7454E+00  1.0803E+01  5.0114E+00  6.4321E+02  3.7429E-09
 -1.7000     68.9  7.61618E-02  6.051E+04  2.7377E+02  5.8010E+04  9.7454E+00  1.0803E+01  5.2262E+00  5.6648E+02  3.3365E-09
 -1.8000     69.8  6.85261E-02  6.051E+04  2.7377E+02  5.8010E+04  9.7454E+00  1.0803E+01  5.4255E+00  4.9493E+02  2.9581E-09
 -1.9000     70.6  6.17646E-02  6.051E+04  2.7377E+02  5.8010E+04  9.7454E+00  1.0803E+01  5.6097E+00  4.2891E+02  2.6036E-09
 -2.0000     71.4  5.56881E-02  6.051E+04  2.7377E+02  5.8010E+04  9.7454E+00  1.0803E+01  5.7798E+00  3.6883E+02  2.2799E-09
 -2.1000     72.3  5.02623E-02  6.051E+04  2.7377E+02  5.8010E+04  9.7454E+00  1.0803E+01  5.9358E+00  3.1455E+02  1.9839E-09
 -2.2000     73.1  4.54011E-02  6.051E+04  2.7377E+02  5.8010E+04  9.7454E+00  1.0803E+01  6.0800E+00  2.6621E+02  1.7169E-09
 -2.3000     73.9  4.09966E-02  6.051E+04  2.7377E+02  5.8010E+04  9.7454E+00  1.0803E+01  6.2126E+00  2.2343E+02  1.4790E-09
 -2.4000     74.7  3.70334E-02  6.051E+04  2.7377E+02  5.8010E+04  9.7454E+00  1.0803E+01  6.3336E+00  1.8578E+02  1.2665E-09
 -2.5000     75.6  3.34343E-02  6.051E+04  2.7377E+02  5.8010E+04  9.7454E+00  1.0803E+01  6.4439E+00  1.5292E+02  1.0791E-09
 -2.6000     76.4  3.01686E-02  6.051E+04  2.7377E+02  5.8010E+04  9.7454E+00  1.0803E+01  6.5438E+00  1.2438E+02  9.1383E-10
 -2.7000     77.2  2.71970E-02  6.051E+04  2.7377E+02  5.8010E+04  9.7454E+00  1.0803E+01  6.6354E+00  9.9863E+01  7.6928E-10
 -2.8000     78.1  2.44808E-02  6.051E+04  2.7377E+02  5.8010E+04  9.7454E+00  1.0803E+01  6.7199E+00  7.8957E+01  6.4393E-10
 -2.9000     78.9  2.19932E-02  6.051E+04  2.7377E+02  5.8010E+04  9.7454E+00  1.0803E+01  6.7986E+00  6.1260E+01  5.3528E-10
 -3.0000     79.7  1.97120E-02  6.051E+04  2.7377E+02  5.8010E+04  9.7454E+00  1.0803E+01  6.8736E+00  4.6440E+01  4.4204E-10
 -3.1000     80.6  1.76109E-02  6.051E+04  2.7377E+02  5.8010E+04  9.7454E+00  1.0803E+01  6.9471E+00  3.4145E+01  3.6221E-10
 -3.2000     81.4  1.56695E-02  6.051E+04  2.7377E+02  5.8010E+04  9.7454E+00  1.0803E+01  7.0230E+00  2.4112E+01  2.9443E-10
 -3.3000     82.2  1.38736E-02  6.051E+04  2.7377E+02  5.8010E+04  9.7454E+00  1.0803E+01  7.1052E+00  1.6058E+01  2.3739E-10
 -3.4000     83.1  1.21982E-02  6.051E+04  2.7377E+02  5.8010E+04  9.7454E+00  1.0803E+01  7.1988E+00  9.7366E+00  1.8959E-10
 -3.5000     83.9  1.06356E-02  6.051E+04  2.7377E+02  5.8010E+04  9.7454E+00  1.0803E+01  7.3110E+00  4.9368E+00  1.5008E-10
 -3.6000     84.7  9.15778E-03  6.051E+04  2.7377E+02  5.8010E+04  9.7454E+00  1.0803E+01  7.4527E+00  1.4811E+00  1.1767E-10
 -3.7000     85.6  7.74166E-03  6.051E+04  2.7377E+02  5.8010E+04  9.7454E+00  1.0803E+01  7.6448E+00  7.1826E-01  9.1765E-11
 -3.8000     86.4  6.37895E-03  6.051E+04  2.7377E+02  5.8010E+04  9.7454E+00  1.0803E+01  7.9202E+00  1.7413E+00  7.1834E-11
 -3.9000     87.2  5.02317E-03  6.051E+04  2.7377E+02  5.8010E+04  9.7454E+00  1.0803E+01  8.3476E+00  1.5734E+00  5.7469E-11
 -4.0000     88.1  3.63577E-03  6.051E+04  2.7377E+02  5.8010E+04  9.7454E+00  1.0803E+01  9.1003E+00  0.0000E+00  4.9107E-11
