  0.133310437       0.00000000       0.00000000    
  1.2000    357.0  5.32754E+03  1.050E+04  5.1225E+01  2.8523E+04  4.4282E+00  8.2507E+00  3.2930E+00  3.6710E+03  1.1601E-08
  1.1000    307.1  3.88986E+03  1.050E+04  5.0778E+01  2.8241E+04  4.3791E+00  8.1558E+00  3.1510E+00  3.5552E+03  1.1579E-08
  1.0000    261.8  2.51537E+03  1.050E+04  5.0331E+01  2.7960E+04  4.3299E+00  8.0609E+00  2.9597E+00  3.3918E+03  1.1408E-08
  0.9000    221.0  1.49201E+03  1.050E+04  4.9884E+01  2.7679E+04  4.2807E+00  7.9659E+00  2.7185E+00  3.1738E+03  1.1053E-08
  0.8000    184.3  8.29891E+02  1.050E+04  4.9437E+01  2.7398E+04  4.2316E+00  7.8710E+00  2.4344E+00  2.9005E+03  1.0494E-08
  0.7000    151.5  4.38791E+02  1.050E+04  4.8989E+01  2.7117E+04  4.1824E+00  7.7761E+00  2.1203E+00  2.5789E+03  9.7247E-09
  0.6000    122.6  2.22779E+02  1.050E+04  4.8542E+01  2.6835E+04  4.1332E+00  7.6812E+00  1.7899E+00  2.2206E+03  8.7529E-09
  0.5000     97.1  1.08716E+02  1.050E+04  4.8095E+01  2.6554E+04  4.0840E+00  7.5863E+00  1.4530E+00  1.8374E+03  7.6072E-09
  0.4000     75.1  5.13990E+01  1.050E+04  4.7648E+01  2.6273E+04  4.0349E+00  7.4913E+00  1.1167E+00  1.4421E+03  6.3148E-09
  0.3000     56.2  2.35685E+01  1.050E+04  4.7201E+01  2.5992E+04  3.9857E+00  7.3964E+00  7.8960E-01  1.0512E+03  4.9335E-09
  0.2000     40.2  1.03616E+01  1.050E+04  4.6753E+01  2.5711E+04  3.9365E+00  7.3015E+00  4.8309E-01  6.8578E+02  3.5477E-09
  0.1000     26.9  4.36978E+00  1.050E+04  4.6306E+01  2.5429E+04  3.8873E+00  7.2066E+00  2.1383E-01  3.7148E+02  2.2534E-09
  0.0000     16.2  1.67531E+00  1.050E+04  4.5859E+01  2.5148E+04  3.8382E+00  7.1116E+00  0.0000E+00  1.3253E+02  1.1659E-09
 -0.1000      7.8  5.37910E-01  1.050E+04  4.5412E+01  2.4867E+04  3.7890E+00  7.0167E+00  1.4478E-01  1.7672E+01  3.6104E-10
 -0.2000      1.6  8.26626E-02  1.050E+04  4.4965E+01  2.4586E+04  3.7398E+00  6.9218E+00  2.1653E-01  8.1844E+01  1.2867E-10
 -0.3000      2.8  7.95288E-02  1.050E+04  4.4518E+01  2.4305E+04  3.6907E+00  6.8269E+00  2.2493E-01  8.0336E+01  3.3845E-10
 -0.4000      5.5  1.20623E-01  1.050E+04  4.4070E+01  2.4023E+04  3.6415E+00  6.7320E+00  1.8820E-01  4.0984E+01  3.4399E-10
 -0.5000      6.7  1.13303E-01  1.050E+04  4.3623E+01  2.3742E+04  3.5923E+00  6.6370E+00  1.2512E-01  1.1867E+01  2.2894E-10
 -0.6000      6.5  9.14593E-02  1.050E+04  4.3176E+01  2.3461E+04  3.5431E+00  6.5421E+00  4.8897E-02  6.2992E+01  5.7440E-11
 -0.7000      5.3  6.65479E-02  1.050E+04  4.2729E+01  2.3180E+04  3.4940E+00  6.4472E+00  3.4096E-02  1.0568E+02  1.2828E-10
 -0.8000      3.2  4.10042E-02  1.050E+04  4.2282E+01  2.2899E+04  3.4448E+00  6.3523E+00  1.2084E-01  1.3780E+02  3.0259E-10
 -0.9000      0.5  1.77698E-02  1.050E+04  4.1834E+01  2.2617E+04  3.3956E+00  6.2573E+00  2.0924E-01  1.5928E+02  4.5050E-10
 -1.0000      2.8  3.33548E-03  1.050E+04  4.1387E+01  2.2336E+04  3.3465E+00  6.1624E+00  2.9701E-01  1.7087E+02  5.6477E-10
 -1.1000      6.2  2.17690E-02  1.050E+04  4.0940E+01  2.2055E+04  3.2973E+00  6.0675E+00  3.8045E-01  1.7341E+02  6.4104E-10
 -1.2000      9.8  3.74184E-02  1.050E+04  4.0493E+01  2.1774E+04  3.2481E+00  5.9726E+00  4.5424E-01  1.6780E+02  6.7869E-10
 -1.3000     13.2  4.81675E-02  1.050E+04  4.0046E+01  2.1493E+04  3.1990E+00  5.8776E+00  5.1532E-01  1.5570E+02  6.8299E-10
 -1.4000     16.2  5.44255E-02  1.050E+04  3.9598E+01  2.1211E+04  3.1498E+00  5.7827E+00  5.6348E-01  1.3937E+02  6.5928E-10
 -1.5000     18.8  5.44736E-02  1.050E+04  3.9151E+01  2.0930E+04  3.1006E+00  5.6878E+00  6.0376E-01  1.2154E+02  6.1861E-10
 -1.6000     20.9  5.08299E-02  1.050E+04  3.8704E+01  2.0649E+04  3.0514E+00  5.5929E+00  6.4642E-01  1.0502E+02  5.7258E-10
 -1.7000     22.8  4.50964E-02  1.050E+04  3.8257E+01  2.0368E+04  3.0023E+00  5.4980E+00  7.0255E-01  9.1639E+01  5.3064E-10
 -1.8000     24.7  3.77868E-02  1.050E+04  3.7810E+01  2.0087E+04  2.9531E+00  5.4030E+00  7.8802E-01  8.2990E+01  5.0128E-10
 -1.9000     26.6  3.07642E-02  1.050E+04  3.7363E+01  1.9805E+04  2.9039E+00  5.3081E+00  9.2117E-01  8.0098E+01  4.8908E-10
 -2.0000     28.9  2.41450E-02  1.050E+04  3.6915E+01  1.9524E+04  2.8547E+00  5.2132E+00  1.1216E+00  8.3335E+01  4.9785E-10
 -2.1000     31.5  1.86439E-02  1.050E+04  3.6468E+01  1.9243E+04  2.8056E+00  5.1183E+00  1.4108E+00  9.2667E+01  5.2879E-10
 -2.2000     34.8  1.43977E-02  1.050E+04  3.6021E+01  1.8962E+04  2.7564E+00  5.0234E+00  1.8084E+00  1.0747E+02  5.8138E-10
 -2.3000     38.8  1.14013E-02  1.050E+04  3.5574E+01  1.8681E+04  2.7072E+00  4.9284E+00  2.3322E+00  1.2679E+02  6.5438E-10
 -2.4000     43.7  9.69416E-03  1.050E+04  3.5127E+01  1.8399E+04  2.6581E+00  4.8335E+00  2.9957E+00  1.4939E+02  7.4408E-10
 -2.5000     49.8  9.15766E-03  1.050E+04  3.4679E+01  1.8118E+04  2.6089E+00  4.7386E+00  3.8062E+00  1.7382E+02  8.4693E-10
 -2.6000     57.1  9.59700E-03  1.050E+04  3.4232E+01  1.7837E+04  2.5597E+00  4.6437E+00  4.7659E+00  1.9868E+02  9.5810E-10
 -2.7000     65.8  1.07959E-02  1.050E+04  3.3785E+01  1.7556E+04  2.5105E+00  4.5487E+00  5.8728E+00  2.2267E+02  1.0729E-09
 -2.8000     76.2  1.25903E-02  1.050E+04  3.3338E+01  1.7275E+04  2.4614E+00  4.4538E+00  7.1188E+00  2.4454E+02  1.1867E-09
 -2.9000     88.3  1.47001E-02  1.050E+04  3.2891E+01  1.6993E+04  2.4122E+00  4.3589E+00  8.4899E+00  2.6306E+02  1.2934E-09
 -3.0000    102.3  1.69391E-02  1.050E+04  3.2444E+01  1.6712E+04  2.3630E+00  4.2640E+00  9.9644E+00  2.7703E+02  1.3873E-09
 -3.1000    118.4  1.90187E-02  1.050E+04  3.1996E+01  1.6431E+04  2.3139E+00  4.1690E+00  1.1512E+01  2.8523E+02  1.4613E-09
 -3.2000    136.8  2.05823E-02  1.050E+04  3.1549E+01  1.6150E+04  2.2647E+00  4.0741E+00  1.3063E+01  2.8562E+02  1.5040E-09
 -3.3000    157.6  2.18731E-02  1.050E+04  3.1102E+01  1.5869E+04  2.2155E+00  3.9792E+00  1.4606E+01  2.7839E+02  1.5133E-09
 -3.4000    181.0  2.24290E-02  1.050E+04  3.0655E+01  1.5587E+04  2.1663E+00  3.8843E+00  1.6120E+01  2.6392E+02  1.4860E-09
 -3.5000    207.2  2.24528E-02  1.050E+04  3.0208E+01  1.5306E+04  2.1172E+00  3.7894E+00  1.7494E+01  2.4083E+02  1.4138E-09
 -3.6000    236.3  2.20678E-02  1.050E+04  2.9760E+01  1.5025E+04  2.0680E+00  3.6944E+00  1.8623E+01  2.0910E+02  1.2919E-09
 -3.7000    268.5  2.14104E-02  1.050E+04  2.9313E+01  1.4744E+04  2.0188E+00  3.5995E+00  1.9349E+01  1.6914E+02  1.1188E-09
 -3.8000    303.9  2.05190E-02  1.050E+04  2.8866E+01  1.4463E+04  1.9696E+00  3.5046E+00  1.9377E+01  1.2123E+02  8.9446E-10
 -3.9000    342.8  1.94384E-02  1.050E+04  2.8419E+01  1.4181E+04  1.9205E+00  3.4097E+00  1.8075E+01  6.5345E+01  6.1596E-10
 -4.0000    385.2  1.80016E-02  1.050E+04  2.7972E+01  1.3900E+04  1.8713E+00  3.3147E+00  1.3633E+01  0.0000E+00  2.7599E-10
