  0.590785503       0.00000000       0.00000000    
  1.2000    722.8  2.92457E+01  7.400E+06  2.9834E+02  6.2568E+04  8.6067E+00  1.1964E+01  2.9238E+00  5.0659E+04  4.8075E-07
  1.1000    614.1  2.34798E+01  7.400E+06  3.0028E+02  6.2915E+04  8.6545E+00  1.2030E+01  3.0370E+00  3.1704E+04  3.2776E-07
  1.0000    516.6  1.84902E+01  7.400E+06  3.0221E+02  6.3262E+04  8.7022E+00  1.2097E+01  2.7667E+00  2.0938E+04  2.2957E-07
  0.9000    429.6  1.42588E+01  7.400E+06  3.0415E+02  6.3608E+04  8.7500E+00  1.2163E+01  2.4126E+00  1.4182E+04  1.6286E-07
  0.8000    352.7  1.06806E+01  7.400E+06  3.0609E+02  6.3955E+04  8.7978E+00  1.2229E+01  2.0823E+00  9.6754E+03  1.1601E-07
  0.7000    285.1  7.71411E+00  7.400E+06  3.0803E+02  6.4302E+04  8.8455E+00  1.2295E+01  1.7842E+00  6.6561E+03  8.2732E-08
  0.6000    226.4  5.36340E+00  7.400E+06  3.0997E+02  6.4649E+04  8.8933E+00  1.2361E+01  1.4970E+00  4.7132E+03  5.9104E-08
  0.5000    176.0  3.57785E+00  7.400E+06  3.1191E+02  6.4995E+04  8.9410E+00  1.2428E+01  1.2065E+00  3.5427E+03  4.2532E-08
  0.4000    133.4  2.31047E+00  7.400E+06  3.1384E+02  6.5342E+04  8.9888E+00  1.2494E+01  9.1692E-01  2.8840E+03  3.0920E-08
  0.3000     97.9  1.44534E+00  7.400E+06  3.1578E+02  6.5689E+04  9.0365E+00  1.2560E+01  6.4470E-01  2.5281E+03  2.2803E-08
  0.2000     69.0  8.68658E-01  7.400E+06  3.1772E+02  6.6036E+04  9.0843E+00  1.2626E+01  4.0285E-01  2.3350E+03  1.7170E-08
  0.1000     46.2  4.90961E-01  7.400E+06  3.1966E+02  6.6382E+04  9.1321E+00  1.2693E+01  1.9180E-01  2.2309E+03  1.3279E-08
  0.0000     28.9  2.47932E-01  7.400E+06  3.2160E+02  6.6729E+04  9.1798E+00  1.2759E+01  0.0000E+00  2.1864E+03  1.0744E-08
 -0.1000     16.6  9.80163E-02  7.400E+06  3.2354E+02  6.7076E+04  9.2276E+00  1.2825E+01  1.9110E-01  2.1931E+03  9.2428E-09
 -0.2000      8.6  1.46928E-02  7.400E+06  3.2547E+02  6.7423E+04  9.2753E+00  1.2891E+01  4.0114E-01  2.2491E+03  8.5819E-09
 -0.3000      4.4  2.07715E-02  7.400E+06  3.2741E+02  6.7769E+04  9.3231E+00  1.2957E+01  6.4290E-01  2.3440E+03  8.5997E-09
 -0.4000      3.5  2.58148E-02  7.400E+06  3.2935E+02  6.8116E+04  9.3708E+00  1.3024E+01  9.2078E-01  2.4596E+03  9.0849E-09
 -0.5000      5.3  1.35224E-02  7.400E+06  3.3129E+02  6.8463E+04  9.4186E+00  1.3090E+01  1.2318E+00  2.5730E+03  9.8765E-09
 -0.6000      9.2  4.51446E-03  7.400E+06  3.3323E+02  6.8810E+04  9.4664E+00  1.3156E+01  1.5665E+00  2.6600E+03  1.0763E-08
 -0.7000     14.7  2.16049E-02  7.400E+06  3.3517E+02  6.9156E+04  9.5141E+00  1.3222E+01  1.9118E+00  2.6999E+03  1.1566E-08
 -0.8000     21.2  3.41120E-02  7.400E+06  3.3710E+02  6.9503E+04  9.5619E+00  1.3288E+01  2.2540E+00  2.6790E+03  1.2167E-08
 -0.9000     28.1  4.17033E-02  7.400E+06  3.3904E+02  6.9850E+04  9.6096E+00  1.3355E+01  2.5833E+00  2.5938E+03  1.2427E-08
 -1.0000     35.0  4.43663E-02  7.400E+06  3.4098E+02  7.0197E+04  9.6574E+00  1.3421E+01  2.8930E+00  2.4502E+03  1.2334E-08
 -1.1000     41.1  4.41405E-02  7.400E+06  3.4292E+02  7.0543E+04  9.7052E+00  1.3487E+01  3.1811E+00  2.2607E+03  1.1860E-08
 -1.2000     46.1  4.23412E-02  7.400E+06  3.4486E+02  7.0890E+04  9.7529E+00  1.3553E+01  3.4509E+00  2.0450E+03  1.1062E-08
 -1.3000     49.2  3.87747E-02  7.400E+06  3.4680E+02  7.1237E+04  9.8007E+00  1.3620E+01  3.7137E+00  1.8234E+03  1.0061E-08
 -1.4000     50.0  3.48999E-02  7.400E+06  3.4873E+02  7.1584E+04  9.8484E+00  1.3686E+01  3.9889E+00  1.6161E+03  8.9331E-09
 -1.5000     48.1  2.99799E-02  7.400E+06  3.5067E+02  7.1930E+04  9.8962E+00  1.3752E+01  4.3074E+00  1.4415E+03  7.8312E-09
 -1.6000     43.9  2.46587E-02  7.400E+06  3.5261E+02  7.2277E+04  9.9440E+00  1.3818E+01  4.7119E+00  1.3117E+03  6.8728E-09
 -1.7000     38.3  1.88337E-02  7.400E+06  3.5455E+02  7.2624E+04  9.9917E+00  1.3884E+01  5.2512E+00  1.2319E+03  6.1411E-09
 -1.8000     31.9  1.22055E-02  7.400E+06  3.5649E+02  7.2971E+04  1.0039E+01  1.3951E+01  5.9800E+00  1.2005E+03  5.6702E-09
 -1.9000     25.5  5.08189E-03  7.400E+06  3.5843E+02  7.3317E+04  1.0087E+01  1.4017E+01  6.9507E+00  1.2119E+03  5.4339E-09
 -2.0000     19.7  2.34592E-03  7.400E+06  3.6036E+02  7.3664E+04  1.0135E+01  1.4083E+01  8.2053E+00  1.2572E+03  5.4020E-09
 -2.1000     15.2  9.59024E-03  7.400E+06  3.6230E+02  7.4011E+04  1.0183E+01  1.4149E+01  9.7713E+00  1.3270E+03  5.5233E-09
 -2.2000     12.9  1.61019E-02  7.400E+06  3.6424E+02  7.4358E+04  1.0230E+01  1.4215E+01  1.1659E+01  1.4123E+03  5.7554E-09
 -2.3000     13.3  2.10943E-02  7.400E+06  3.6618E+02  7.4704E+04  1.0278E+01  1.4282E+01  1.3869E+01  1.5061E+03  6.0699E-09
 -2.4000     17.2  2.44003E-02  7.400E+06  3.6812E+02  7.5051E+04  1.0326E+01  1.4348E+01  1.6365E+01  1.6008E+03  6.4303E-09
 -2.5000     25.4  2.46392E-02  7.400E+06  3.7006E+02  7.5398E+04  1.0374E+01  1.4414E+01  1.9122E+01  1.6925E+03  6.8278E-09
 -2.6000     38.4  2.18644E-02  7.400E+06  3.7200E+02  7.5745E+04  1.0422E+01  1.4480E+01  2.2130E+01  1.7804E+03  7.2613E-09
 -2.7000     57.2  1.58468E-02  7.400E+06  3.7393E+02  7.6091E+04  1.0469E+01  1.4546E+01  2.5343E+01  1.8613E+03  7.7264E-09
 -2.8000     82.2  6.40383E-03  7.400E+06  3.7587E+02  7.6438E+04  1.0517E+01  1.4613E+01  2.8727E+01  1.9334E+03  8.2308E-09
 -2.9000    114.4  4.83046E-03  7.400E+06  3.7781E+02  7.6785E+04  1.0565E+01  1.4679E+01  3.2215E+01  1.9925E+03  8.7684E-09
 -3.0000    154.3  1.58886E-02  7.400E+06  3.7975E+02  7.7132E+04  1.0613E+01  1.4745E+01  3.5722E+01  2.0324E+03  9.3370E-09
 -3.1000    202.8  2.31358E-02  7.400E+06  3.8169E+02  7.7478E+04  1.0660E+01  1.4811E+01  3.9222E+01  2.0485E+03  9.9358E-09
 -3.2000    260.4  2.34167E-02  7.400E+06  3.8363E+02  7.7825E+04  1.0708E+01  1.4878E+01  4.2827E+01  2.0414E+03  1.0591E-08
 -3.3000    328.0  1.69079E-02  7.400E+06  3.8556E+02  7.8172E+04  1.0756E+01  1.4944E+01  4.6992E+01  2.0255E+03  1.1407E-08
 -3.4000    406.2  9.21851E-03  7.400E+06  3.8750E+02  7.8519E+04  1.0804E+01  1.5010E+01  5.2317E+01  2.0105E+03  1.2483E-08
 -3.5000    495.7  5.62283E-03  7.400E+06  3.8944E+02  7.8866E+04  1.0851E+01  1.5076E+01  5.7578E+01  1.8743E+03  1.3204E-08
 -3.6000    597.3  6.34520E-03  7.400E+06  3.9138E+02  7.9212E+04  1.0899E+01  1.5142E+01  6.0516E+01  1.5031E+03  1.1450E-08
 -3.7000    711.7  8.68217E-03  7.400E+06  3.9332E+02  7.9559E+04  1.0947E+01  1.5209E+01  6.2100E+01  1.0627E+03  8.4622E-09
 -3.8000    839.6  1.25029E-02  7.400E+06  3.9526E+02  7.9906E+04  1.0995E+01  1.5275E+01  6.3102E+01  6.8965E+02  5.8790E-09
 -3.9000    981.7  1.78176E-02  7.400E+06  3.9719E+02  8.0252E+04  1.1042E+01  1.5341E+01  6.0488E+01  3.4611E+02  3.4957E-09
 -4.0000   1138.7  2.31748E-02  7.400E+06  3.9913E+02  8.0599E+04  1.1090E+01  1.5407E+01  4.4279E+01  0.0000E+00  1.1204E-09
