  0.411498129       0.00000000       0.00000000    
  1.2000    685.8  4.43140E+03  1.424E+04  1.5132E+02  3.9142E+04  5.2077E+00  6.1800E+00  1.2329E+01  1.7876E+04  5.3834E-08
  1.1000    590.6  2.82175E+03  1.424E+04  1.5014E+02  3.8796E+04  5.1666E+00  6.1190E+00  1.0932E+01  1.6048E+04  5.0103E-08
  1.0000    504.2  1.74526E+03  1.424E+04  1.4895E+02  3.8450E+04  5.1255E+00  6.0580E+00  9.5588E+00  1.4184E+04  4.5958E-08
  0.9000    426.1  1.05066E+03  1.424E+04  1.4777E+02  3.8103E+04  5.0844E+00  5.9971E+00  8.2368E+00  1.2327E+04  4.1485E-08
  0.8000    355.8  6.15953E+02  1.424E+04  1.4659E+02  3.7757E+04  5.0433E+00  5.9361E+00  6.9802E+00  1.0510E+04  3.6772E-08
  0.7000    293.2  3.51577E+02  1.424E+04  1.4541E+02  3.7411E+04  5.0022E+00  5.8751E+00  5.7938E+00  8.7588E+03  3.1905E-08
  0.6000    237.6  1.95654E+02  1.424E+04  1.4423E+02  3.7064E+04  4.9611E+00  5.8141E+00  4.6797E+00  7.0945E+03  2.6965E-08
  0.5000    188.8  1.05404E+02  1.424E+04  1.4305E+02  3.6718E+04  4.9200E+00  5.7531E+00  3.6392E+00  5.5372E+03  2.2071E-08
  0.4000    146.4  5.51964E+01  1.424E+04  1.4187E+02  3.6372E+04  4.8789E+00  5.6922E+00  2.6788E+00  4.1120E+03  1.7316E-08
  0.3000    110.1  2.79944E+01  1.424E+04  1.4068E+02  3.6026E+04  4.8378E+00  5.6312E+00  1.8145E+00  2.8545E+03  1.2858E-08
  0.2000     79.3  1.35318E+01  1.424E+04  1.3950E+02  3.5679E+04  4.7967E+00  5.5702E+00  1.0653E+00  1.7982E+03  8.8751E-09
  0.1000     53.7  6.22484E+00  1.424E+04  1.3832E+02  3.5333E+04  4.7556E+00  5.5092E+00  4.5420E-01  9.7356E+02  5.5097E-09
  0.0000     33.0  2.58099E+00  1.424E+04  1.3714E+02  3.4987E+04  4.7145E+00  5.4482E+00  0.0000E+00  3.9556E+02  2.9032E-09
 -0.1000     16.7  9.01937E-01  1.424E+04  1.3596E+02  3.4640E+04  4.6734E+00  5.3872E+00  2.9187E-01  5.2117E+01  1.0841E-09
 -0.2000      4.5  1.80370E-01  1.424E+04  1.3478E+02  3.4294E+04  4.6323E+00  5.3263E+00  4.3416E-01  9.5727E+01  4.2348E-12
 -0.3000      4.0  8.96664E-02  1.424E+04  1.3360E+02  3.3948E+04  4.5912E+00  5.2653E+00  4.6104E-01  1.1019E+02  4.8578E-10
 -0.4000      9.2  1.58204E-01  1.424E+04  1.3242E+02  3.3601E+04  4.5501E+00  5.2043E+00  4.1761E-01  5.6578E+01  5.7781E-10
 -0.5000     11.5  1.44683E-01  1.424E+04  1.3123E+02  3.3255E+04  4.5090E+00  5.1433E+00  3.4591E-01  1.4367E+01  4.5031E-10
 -0.6000     11.2  1.08157E-01  1.424E+04  1.3005E+02  3.2909E+04  4.4679E+00  5.0823E+00  2.7250E-01  7.5016E+01  2.2520E-10
 -0.7000      8.8  6.98285E-02  1.424E+04  1.2887E+02  3.2562E+04  4.4268E+00  5.0214E+00  2.0476E-01  1.1785E+02  3.0511E-11
 -0.8000      4.7  3.55482E-02  1.424E+04  1.2769E+02  3.2216E+04  4.3857E+00  4.9604E+00  1.3770E-01  1.4554E+02  2.8591E-10
 -0.9000      0.9  8.43859E-03  1.424E+04  1.2651E+02  3.1870E+04  4.3446E+00  4.8994E+00  5.9280E-02  1.6427E+02  5.3018E-10
 -1.0000      7.4  1.21989E-02  1.424E+04  1.2533E+02  3.1523E+04  4.3035E+00  4.8384E+00  4.6021E-02  1.8029E+02  7.6169E-10
 -1.1000     14.6  2.70362E-02  1.424E+04  1.2415E+02  3.1177E+04  4.2624E+00  4.7774E+00  1.9359E-01  1.9802E+02  9.7914E-10
 -1.2000     21.9  3.69096E-02  1.424E+04  1.2296E+02  3.0831E+04  4.2213E+00  4.7165E+00  3.9780E-01  2.2005E+02  1.1816E-09
 -1.3000     29.1  4.20926E-02  1.424E+04  1.2178E+02  3.0484E+04  4.1802E+00  4.6555E+00  6.7216E-01  2.4767E+02  1.3725E-09
 -1.4000     35.8  4.35958E-02  1.424E+04  1.2060E+02  3.0138E+04  4.1391E+00  4.5945E+00  1.0294E+00  2.8133E+02  1.5496E-09
 -1.5000     41.6  4.21387E-02  1.424E+04  1.1942E+02  2.9792E+04  4.0980E+00  4.5335E+00  1.4807E+00  3.2063E+02  1.7188E-09
 -1.6000     46.8  3.91244E-02  1.424E+04  1.1824E+02  2.9445E+04  4.0569E+00  4.4725E+00  2.0360E+00  3.6466E+02  1.8848E-09
 -1.7000     51.6  3.54556E-02  1.424E+04  1.1706E+02  2.9099E+04  4.0158E+00  4.4116E+00  2.7059E+00  4.1236E+02  2.0536E-09
 -1.8000     56.2  3.19892E-02  1.424E+04  1.1588E+02  2.8753E+04  3.9747E+00  4.3506E+00  3.5002E+00  4.6252E+02  2.2311E-09
 -1.9000     61.0  2.88544E-02  1.424E+04  1.1470E+02  2.8406E+04  3.9336E+00  4.2896E+00  4.4294E+00  5.1403E+02  2.4153E-09
 -2.0000     66.2  2.65549E-02  1.424E+04  1.1351E+02  2.8060E+04  3.8925E+00  4.2286E+00  5.5035E+00  5.6581E+02  2.6093E-09
 -2.1000     72.0  2.50256E-02  1.424E+04  1.1233E+02  2.7714E+04  3.8514E+00  4.1676E+00  6.7308E+00  6.1677E+02  2.8097E-09
 -2.2000     78.8  2.43138E-02  1.424E+04  1.1115E+02  2.7367E+04  3.8103E+00  4.1066E+00  8.1196E+00  6.6596E+02  3.0145E-09
 -2.3000     86.7  2.46363E-02  1.424E+04  1.0997E+02  2.7021E+04  3.7692E+00  4.0457E+00  9.6730E+00  7.1216E+02  3.2229E-09
 -2.4000     96.2  2.56791E-02  1.424E+04  1.0879E+02  2.6675E+04  3.7281E+00  3.9847E+00  1.1390E+01  7.5406E+02  3.4272E-09
 -2.5000    107.3  2.74578E-02  1.424E+04  1.0761E+02  2.6328E+04  3.6870E+00  3.9237E+00  1.3264E+01  7.9031E+02  3.6243E-09
 -2.6000    120.5  2.96418E-02  1.424E+04  1.0643E+02  2.5982E+04  3.6460E+00  3.8627E+00  1.5284E+01  8.1940E+02  3.8055E-09
 -2.7000    135.9  3.19574E-02  1.424E+04  1.0524E+02  2.5636E+04  3.6049E+00  3.8017E+00  1.7433E+01  8.3999E+02  3.9634E-09
 -2.8000    153.8  3.39883E-02  1.424E+04  1.0406E+02  2.5289E+04  3.5638E+00  3.7408E+00  1.9663E+01  8.4923E+02  4.0864E-09
 -2.9000    174.5  3.58541E-02  1.424E+04  1.0288E+02  2.4943E+04  3.5227E+00  3.6798E+00  2.1943E+01  8.4590E+02  4.1632E-09
 -3.0000    198.3  3.72299E-02  1.424E+04  1.0170E+02  2.4597E+04  3.4816E+00  3.6188E+00  2.4291E+01  8.3158E+02  4.1976E-09
 -3.1000    225.4  3.76427E-02  1.424E+04  1.0052E+02  2.4250E+04  3.4405E+00  3.5578E+00  2.6670E+01  8.0515E+02  4.1791E-09
 -3.2000    256.1  3.72975E-02  1.424E+04  9.9338E+01  2.3904E+04  3.3994E+00  3.4968E+00  2.9003E+01  7.6466E+02  4.0939E-09
 -3.3000    290.6  3.62141E-02  1.424E+04  9.8156E+01  2.3558E+04  3.3583E+00  3.4359E+00  3.1230E+01  7.0975E+02  3.9358E-09
 -3.4000    329.2  3.45886E-02  1.424E+04  9.6975E+01  2.3211E+04  3.3172E+00  3.3749E+00  3.3274E+01  6.4053E+02  3.6962E-09
 -3.5000    372.3  3.24824E-02  1.424E+04  9.5793E+01  2.2865E+04  3.2761E+00  3.3139E+00  3.5030E+01  5.5743E+02  3.3722E-09
 -3.6000    420.0  3.01716E-02  1.424E+04  9.4612E+01  2.2519E+04  3.2350E+00  3.2529E+00  3.6327E+01  4.6097E+02  2.9561E-09
 -3.7000    472.6  2.78030E-02  1.424E+04  9.3431E+01  2.2173E+04  3.1939E+00  3.1919E+00  3.6838E+01  3.5135E+02  2.4417E-09
 -3.8000    530.3  2.53130E-02  1.424E+04  9.2249E+01  2.1826E+04  3.1528E+00  3.1310E+00  3.5785E+01  2.2687E+02  1.8147E-09
 -3.9000    593.6  2.99920E-02  1.424E+04  9.1068E+01  2.1480E+04  3.1117E+00  3.0700E+00  3.2005E+01  9.7759E+01  1.0452E-09
 -4.0000    662.5  3.14105E-02  1.424E+04  8.9887E+01  2.1134E+04  3.0706E+00  3.0090E+00  2.6848E+01  0.0000E+00  4.3660E-10
