  0.1254989      0.0000000E+00  0.0000000E+00
  1.2000     44.3  3.86158E+01  0.000E+00  8.2253E+01  1.2450E+04  2.8923E+00  2.7483E+00  1.6733E+00  7.2296E+03  1.9546E-08
  1.1000     41.4  2.96132E+01  0.000E+00  8.2323E+01  1.2462E+04  2.8817E+00  2.7344E+00  1.5302E+00  6.4138E+03  1.7691E-08
  1.0000     38.7  2.24612E+01  0.000E+00  8.2394E+01  1.2473E+04  2.8711E+00  2.7206E+00  1.3909E+00  5.6722E+03  1.5983E-08
  0.9000     36.2  1.68415E+01  0.000E+00  8.2465E+01  1.2485E+04  2.8604E+00  2.7068E+00  1.2539E+00  4.9934E+03  1.4397E-08
  0.8000     33.7  1.24713E+01  0.000E+00  8.2535E+01  1.2496E+04  2.8498E+00  2.6929E+00  1.1178E+00  4.3676E+03  1.2912E-08
  0.7000     31.5  9.11845E+00  0.000E+00  8.2606E+01  1.2508E+04  2.8392E+00  2.6791E+00  9.8112E-01  3.7868E+03  1.1509E-08
  0.6000     29.4  6.59877E+00  0.000E+00  8.2676E+01  1.2519E+04  2.8285E+00  2.6652E+00  8.4291E-01  3.2460E+03  1.0171E-08
  0.5000     27.5  4.69322E+00  0.000E+00  8.2747E+01  1.2531E+04  2.8179E+00  2.6514E+00  7.0221E-01  2.7408E+03  8.8976E-09
  0.4000     25.7  3.31133E+00  0.000E+00  8.2817E+01  1.2542E+04  2.8073E+00  2.6376E+00  5.5876E-01  2.2697E+03  7.6731E-09
  0.3000     24.1  2.32148E+00  0.000E+00  8.2888E+01  1.2554E+04  2.7966E+00  2.6237E+00  4.1366E-01  1.8350E+03  6.5056E-09
  0.2000     22.6  1.60334E+00  0.000E+00  8.2958E+01  1.2565E+04  2.7860E+00  2.6099E+00  2.6924E-01  1.4401E+03  5.4131E-09
  0.1000     21.3  1.11224E+00  0.000E+00  8.3029E+01  1.2577E+04  2.7754E+00  2.5960E+00  1.2932E-01  1.0905E+03  4.4034E-09
  0.0000     20.2  7.56313E-01  0.000E+00  8.3100E+01  1.2588E+04  2.7647E+00  2.5822E+00  0.0000E+00  7.9231E+02  3.5122E-09
 -0.1000     19.2  5.17870E-01  0.000E+00  8.3170E+01  1.2600E+04  2.7541E+00  2.5683E+00  1.1160E-01  5.5005E+02  2.7493E-09
 -0.2000     18.4  3.59529E-01  0.000E+00  8.3241E+01  1.2612E+04  2.7434E+00  2.5545E+00  2.0012E-01  3.6411E+02  2.1278E-09
 -0.3000     17.7  2.47591E-01  0.000E+00  8.3311E+01  1.2623E+04  2.7328E+00  2.5407E+00  2.6026E-01  2.3140E+02  1.6550E-09
 -0.4000     17.2  1.77015E-01  0.000E+00  8.3382E+01  1.2635E+04  2.7222E+00  2.5268E+00  2.9044E-01  1.4409E+02  1.3098E-09
 -0.5000     16.9  1.28138E-01  0.000E+00  8.3452E+01  1.2646E+04  2.7115E+00  2.5130E+00  2.9236E-01  9.1875E+01  1.0748E-09
 -0.6000     16.7  9.70225E-02  0.000E+00  8.3523E+01  1.2658E+04  2.7009E+00  2.4992E+00  2.6886E-01  6.4984E+01  9.2174E-10
 -0.7000     16.7  7.67922E-02  0.000E+00  8.3594E+01  1.2669E+04  2.6903E+00  2.4853E+00  2.2538E-01  5.3992E+01  8.2514E-10
 -0.8000     16.8  6.25815E-02  0.000E+00  8.3664E+01  1.2681E+04  2.6796E+00  2.4715E+00  1.6560E-01  5.2613E+01  7.6926E-10
 -0.9000     17.1  5.30910E-02  0.000E+00  8.3735E+01  1.2692E+04  2.6690E+00  2.4576E+00  9.2407E-02  5.6609E+01  7.3749E-10
 -1.0000     17.5  4.62723E-02  0.000E+00  8.3805E+01  1.2704E+04  2.6584E+00  2.4438E+00  8.6823E-03  6.2871E+01  7.2210E-10
 -1.1000     18.1  4.13835E-02  0.000E+00  8.3876E+01  1.2715E+04  2.6477E+00  2.4300E+00  8.3725E-02  6.9629E+01  7.1429E-10
 -1.2000     18.9  3.76930E-02  0.000E+00  8.3946E+01  1.2727E+04  2.6371E+00  2.4161E+00  1.8394E-01  7.5988E+01  7.0998E-10
 -1.3000     19.8  3.49309E-02  0.000E+00  8.4017E+01  1.2738E+04  2.6265E+00  2.4023E+00  2.9057E-01  8.1238E+01  7.0795E-10
 -1.4000     20.9  3.27227E-02  0.000E+00  8.4087E+01  1.2750E+04  2.6158E+00  2.3885E+00  4.0218E-01  8.4924E+01  7.0342E-10
 -1.5000     22.1  3.10342E-02  0.000E+00  8.4158E+01  1.2761E+04  2.6052E+00  2.3746E+00  5.1686E-01  8.6736E+01  6.9630E-10
 -1.6000     23.5  2.96540E-02  0.000E+00  8.4229E+01  1.2773E+04  2.5946E+00  2.3608E+00  6.3177E-01  8.6355E+01  6.8337E-10
 -1.7000     25.0  2.84857E-02  0.000E+00  8.4299E+01  1.2784E+04  2.5839E+00  2.3469E+00  7.4406E-01  8.3699E+01  6.6363E-10
 -1.8000     26.8  2.75548E-02  0.000E+00  8.4370E+01  1.2796E+04  2.5733E+00  2.3331E+00  8.4857E-01  7.8482E+01  6.3654E-10
 -1.9000     28.6  2.67146E-02  0.000E+00  8.4440E+01  1.2807E+04  2.5627E+00  2.3192E+00  9.3857E-01  7.0432E+01  5.9908E-10
 -2.0000     30.6  2.59700E-02  0.000E+00  8.4511E+01  1.2819E+04  2.5520E+00  2.3054E+00  1.0050E+00  5.9282E+01  5.5065E-10
 -2.1000     32.8  2.52465E-02  0.000E+00  8.4581E+01  1.2830E+04  2.5414E+00  2.2916E+00  1.0348E+00  4.4647E+01  4.8837E-10
 -2.2000     35.2  2.45151E-02  0.000E+00  8.4652E+01  1.2842E+04  2.5307E+00  2.2777E+00  1.0110E+00  2.6223E+01  4.1035E-10
 -2.3000     37.7  2.38251E-02  0.000E+00  8.4722E+01  1.2853E+04  2.5201E+00  2.2639E+00  9.4431E-01  6.8379E+00  3.1768E-10
 -2.4000     40.3  2.29425E-02  0.000E+00  8.4793E+01  1.2865E+04  2.5095E+00  2.2500E+00  8.7527E-01  8.8447E+00  2.3546E-10
 -2.5000     43.1  2.17971E-02  0.000E+00  8.4864E+01  1.2876E+04  2.4989E+00  2.2362E+00  8.2678E-01  1.9683E+01  1.7494E-10
 -2.6000     46.1  2.04679E-02  0.000E+00  8.4934E+01  1.2888E+04  2.4882E+00  2.2224E+00  8.0344E-01  2.6628E+01  1.3145E-10
 -2.7000     49.2  1.90174E-02  0.000E+00  8.5005E+01  1.2900E+04  2.4776E+00  2.2085E+00  8.0997E-01  3.0449E+01  1.0130E-10
 -2.8000     52.5  1.74960E-02  0.000E+00  8.5075E+01  1.2911E+04  2.4669E+00  2.1947E+00  8.5199E-01  3.1749E+01  8.1695E-11
 -2.9000     56.0  1.59641E-02  0.000E+00  8.5146E+01  1.2923E+04  2.4563E+00  2.1808E+00  9.3600E-01  3.1020E+01  7.0406E-11
 -3.0000     59.6  1.44837E-02  0.000E+00  8.5216E+01  1.2934E+04  2.4457E+00  2.1670E+00  1.0687E+00  2.8694E+01  6.5563E-11
 -3.1000     63.3  1.31216E-02  0.000E+00  8.5287E+01  1.2946E+04  2.4350E+00  2.1532E+00  1.2563E+00  2.5178E+01  6.5504E-11
 -3.2000     67.3  1.19322E-02  0.000E+00  8.5357E+01  1.2957E+04  2.4244E+00  2.1393E+00  1.5034E+00  2.0870E+01  6.8678E-11
 -3.3000     71.4  1.09549E-02  0.000E+00  8.5428E+01  1.2969E+04  2.4138E+00  2.1255E+00  1.8125E+00  1.6166E+01  7.3622E-11
 -3.4000     75.6  1.02053E-02  0.000E+00  8.5499E+01  1.2980E+04  2.4031E+00  2.1116E+00  2.1823E+00  1.1447E+01  7.8961E-11
 -3.5000     80.0  9.67501E-03  0.000E+00  8.5569E+01  1.2992E+04  2.3925E+00  2.0978E+00  2.6073E+00  7.0685E+00  8.3467E-11
 -3.6000     84.5  9.33842E-03  0.000E+00  8.5640E+01  1.3003E+04  2.3819E+00  2.0840E+00  3.0766E+00  3.3461E+00  8.6046E-11
 -3.7000     89.3  9.15748E-03  0.000E+00  8.5710E+01  1.3015E+04  2.3712E+00  2.0701E+00  3.5717E+00  5.4980E-01  8.5774E-11
 -3.8000     94.1  9.08843E-03  0.000E+00  8.5781E+01  1.3026E+04  2.3606E+00  2.0563E+00  4.0634E+00  1.0889E+00  8.1843E-11
 -3.9000     99.2  9.09449E-03  0.000E+00  8.5851E+01  1.3038E+04  2.3500E+00  2.0424E+00  4.5014E+00  1.3536E+00  7.3474E-11
 -4.0000    104.3  9.13642E-03  0.000E+00  8.5922E+01  1.3049E+04  2.3393E+00  2.0286E+00  4.7938E+00  0.0000E+00  5.9761E-11
