  0.180969238       0.00000000       0.00000000    
  1.2000     48.4  8.11797E+01  0.000E+00  7.7570E+01  2.0163E+04  3.3983E+00  4.1573E+00  1.0253E+00  9.2576E+03  2.0176E-08
  1.1000     49.2  6.74879E+01  0.000E+00  7.7570E+01  2.0163E+04  3.3983E+00  4.1573E+00  1.0628E+00  8.9058E+03  1.9985E-08
  1.0000     49.9  5.53843E+01  0.000E+00  7.7570E+01  2.0163E+04  3.3983E+00  4.1573E+00  1.0911E+00  8.5436E+03  1.9762E-08
  0.9000     50.7  4.48505E+01  0.000E+00  7.7570E+01  2.0163E+04  3.3983E+00  4.1573E+00  1.1079E+00  8.1667E+03  1.9493E-08
  0.8000     51.4  3.58176E+01  0.000E+00  7.7570E+01  2.0163E+04  3.3983E+00  4.1573E+00  1.1101E+00  7.7700E+03  1.9164E-08
  0.7000     52.2  2.81888E+01  0.000E+00  7.7570E+01  2.0163E+04  3.3983E+00  4.1573E+00  1.0939E+00  7.3476E+03  1.8757E-08
  0.6000     52.9  2.19095E+01  0.000E+00  7.7570E+01  2.0163E+04  3.3983E+00  4.1573E+00  1.0545E+00  6.8936E+03  1.8242E-08
  0.5000     53.7  1.67192E+01  0.000E+00  7.7570E+01  2.0163E+04  3.3983E+00  4.1573E+00  9.8629E-01  6.4012E+03  1.7608E-08
  0.4000     54.4  1.26186E+01  0.000E+00  7.7570E+01  2.0163E+04  3.3983E+00  4.1573E+00  8.8276E-01  5.8644E+03  1.6809E-08
  0.3000     55.2  9.43534E+00  0.000E+00  7.7570E+01  2.0163E+04  3.3983E+00  4.1573E+00  7.3731E-01  5.2808E+03  1.5823E-08
  0.2000     55.9  6.93799E+00  0.000E+00  7.7570E+01  2.0163E+04  3.3983E+00  4.1573E+00  5.4354E-01  4.6506E+03  1.4648E-08
  0.1000     56.7  5.09950E+00  0.000E+00  7.7570E+01  2.0163E+04  3.3983E+00  4.1573E+00  2.9750E-01  3.9810E+03  1.3259E-08
  0.0000     57.4  3.66740E+00  0.000E+00  7.7570E+01  2.0163E+04  3.3983E+00  4.1573E+00  0.0000E+00  3.2872E+03  1.1714E-08
 -0.1000     58.2  2.63701E+00  0.000E+00  7.7570E+01  2.0163E+04  3.3983E+00  4.1573E+00  3.4017E-01  2.5938E+03  1.0039E-08
 -0.2000     59.0  1.90160E+00  0.000E+00  7.7570E+01  2.0163E+04  3.3983E+00  4.1573E+00  7.0403E-01  1.9364E+03  8.3341E-09
 -0.3000     59.7  1.34385E+00  0.000E+00  7.7570E+01  2.0163E+04  3.3983E+00  4.1573E+00  1.0597E+00  1.3527E+03  6.7321E-09
 -0.4000     60.5  9.66681E-01  0.000E+00  7.7570E+01  2.0163E+04  3.3983E+00  4.1573E+00  1.3727E+00  8.7193E+02  5.3109E-09
 -0.5000     61.2  6.88781E-01  0.000E+00  7.7570E+01  2.0163E+04  3.3983E+00  4.1573E+00  1.6101E+00  5.0968E+02  4.1633E-09
 -0.6000     62.0  5.04402E-01  0.000E+00  7.7570E+01  2.0163E+04  3.3983E+00  4.1573E+00  1.7510E+00  2.6255E+02  3.2946E-09
 -0.7000     62.7  3.82994E-01  0.000E+00  7.7570E+01  2.0163E+04  3.3983E+00  4.1573E+00  1.7994E+00  1.0795E+02  2.6673E-09
 -0.8000     63.5  2.96466E-01  0.000E+00  7.7570E+01  2.0163E+04  3.3983E+00  4.1573E+00  1.7646E+00  2.1699E+01  2.2385E-09
 -0.9000     64.2  2.40364E-01  0.000E+00  7.7570E+01  2.0163E+04  3.3983E+00  4.1573E+00  1.6627E+00  1.9012E+01  1.9416E-09
 -1.0000     65.0  1.99636E-01  0.000E+00  7.7570E+01  2.0163E+04  3.3983E+00  4.1573E+00  1.5132E+00  3.3469E+01  1.7343E-09
 -1.1000     65.7  1.70695E-01  0.000E+00  7.7570E+01  2.0163E+04  3.3983E+00  4.1573E+00  1.3319E+00  3.4102E+01  1.5761E-09
 -1.2000     66.5  1.48753E-01  0.000E+00  7.7570E+01  2.0163E+04  3.3983E+00  4.1573E+00  1.1321E+00  2.9098E+01  1.4433E-09
 -1.3000     67.2  1.30990E-01  0.000E+00  7.7570E+01  2.0163E+04  3.3983E+00  4.1573E+00  9.2209E-01  2.2576E+01  1.3287E-09
 -1.4000     68.0  1.16315E-01  0.000E+00  7.7570E+01  2.0163E+04  3.3983E+00  4.1573E+00  7.0755E-01  1.6600E+01  1.2200E-09
 -1.5000     68.7  1.03840E-01  0.000E+00  7.7570E+01  2.0163E+04  3.3983E+00  4.1573E+00  4.9286E-01  1.2152E+01  1.1178E-09
 -1.6000     69.5  9.29713E-02  0.000E+00  7.7570E+01  2.0163E+04  3.3983E+00  4.1573E+00  2.8119E-01  9.5605E+00  1.0176E-09
 -1.7000     70.2  8.33102E-02  0.000E+00  7.7570E+01  2.0163E+04  3.3983E+00  4.1573E+00  7.3029E-02  8.4199E+00  9.2042E-10
 -1.8000     71.0  7.48079E-02  0.000E+00  7.7570E+01  2.0163E+04  3.3983E+00  4.1573E+00  1.3034E-01  8.5254E+00  8.2854E-10
 -1.9000     71.7  6.71187E-02  0.000E+00  7.7570E+01  2.0163E+04  3.3983E+00  4.1573E+00  3.2831E-01  9.5674E+00  7.4018E-10
 -2.0000     72.5  6.02699E-02  0.000E+00  7.7570E+01  2.0163E+04  3.3983E+00  4.1573E+00  5.2103E-01  1.1176E+01  6.5776E-10
 -2.1000     73.2  5.40783E-02  0.000E+00  7.7570E+01  2.0163E+04  3.3983E+00  4.1573E+00  7.0819E-01  1.3149E+01  5.8050E-10
 -2.2000     74.0  4.84695E-02  0.000E+00  7.7570E+01  2.0163E+04  3.3983E+00  4.1573E+00  8.9120E-01  1.5142E+01  5.0920E-10
 -2.3000     74.8  4.34610E-02  0.000E+00  7.7570E+01  2.0163E+04  3.3983E+00  4.1573E+00  1.0702E+00  1.7041E+01  4.4452E-10
 -2.4000     75.5  3.89095E-02  0.000E+00  7.7570E+01  2.0163E+04  3.3983E+00  4.1573E+00  1.2452E+00  1.8777E+01  3.8548E-10
 -2.5000     76.3  3.48277E-02  0.000E+00  7.7570E+01  2.0163E+04  3.3983E+00  4.1573E+00  1.4170E+00  2.0258E+01  3.3249E-10
 -2.6000     77.0  3.11299E-02  0.000E+00  7.7570E+01  2.0163E+04  3.3983E+00  4.1573E+00  1.5855E+00  2.1474E+01  2.8484E-10
 -2.7000     77.8  2.77742E-02  0.000E+00  7.7570E+01  2.0163E+04  3.3983E+00  4.1573E+00  1.7524E+00  2.2345E+01  2.4243E-10
 -2.8000     78.5  2.47539E-02  0.000E+00  7.7570E+01  2.0163E+04  3.3983E+00  4.1573E+00  1.9188E+00  2.2868E+01  2.0514E-10
 -2.9000     79.3  2.20018E-02  0.000E+00  7.7570E+01  2.0163E+04  3.3983E+00  4.1573E+00  2.0858E+00  2.3051E+01  1.7234E-10
 -3.0000     80.0  1.95125E-02  0.000E+00  7.7570E+01  2.0163E+04  3.3983E+00  4.1573E+00  2.2556E+00  2.2888E+01  1.4393E-10
 -3.1000     80.8  1.72423E-02  0.000E+00  7.7570E+01  2.0163E+04  3.3983E+00  4.1573E+00  2.4301E+00  2.2402E+01  1.1940E-10
 -3.2000     81.5  1.51618E-02  0.000E+00  7.7570E+01  2.0163E+04  3.3983E+00  4.1573E+00  2.6133E+00  2.1577E+01  9.8525E-11
 -3.3000     82.3  1.32663E-02  0.000E+00  7.7570E+01  2.0163E+04  3.3983E+00  4.1573E+00  2.8098E+00  2.0424E+01  8.1106E-11
 -3.4000     83.0  1.15090E-02  0.000E+00  7.7570E+01  2.0163E+04  3.3983E+00  4.1573E+00  3.0265E+00  1.8943E+01  6.6781E-11
 -3.5000     83.8  9.88961E-03  0.000E+00  7.7570E+01  2.0163E+04  3.3983E+00  4.1573E+00  3.2732E+00  1.7124E+01  5.5447E-11
 -3.6000     84.5  8.36568E-03  0.000E+00  7.7570E+01  2.0163E+04  3.3983E+00  4.1573E+00  3.5660E+00  1.4940E+01  4.6876E-11
 -3.7000     85.3  6.91334E-03  0.000E+00  7.7570E+01  2.0163E+04  3.3983E+00  4.1573E+00  3.9342E+00  1.2308E+01  4.1151E-11
 -3.8000     86.0  5.52372E-03  0.000E+00  7.7570E+01  2.0163E+04  3.3983E+00  4.1573E+00  4.4288E+00  9.1240E+00  3.8463E-11
 -3.9000     86.8  4.14496E-03  0.000E+00  7.7570E+01  2.0163E+04  3.3983E+00  4.1573E+00  5.1586E+00  5.1802E+00  3.9204E-11
 -4.0000     87.5  2.72826E-03  0.000E+00  7.7570E+01  2.0163E+04  3.3983E+00  4.1573E+00  6.4122E+00  0.0000E+00  4.4742E-11
