   9.33505297E-02   0.00000000       0.00000000    
  1.2000    459.7  1.16824E+03  0.000E+00  8.4533E+01  1.7563E+04  3.3982E+00  4.2317E+00  1.6086E+00  3.6245E+03  6.3096E-09
  1.1000    406.0  1.08395E+03  0.000E+00  8.4594E+01  1.7537E+04  3.3900E+00  4.2244E+00  1.6525E+00  3.6364E+03  7.0218E-09
  1.0000    355.9  9.63359E+01  0.000E+00  8.4655E+01  1.7512E+04  3.3819E+00  4.2171E+00  1.6745E+00  3.6427E+03  7.7981E-09
  0.9000    309.2  2.35101E+03  0.000E+00  8.4716E+01  1.7487E+04  3.3737E+00  4.2098E+00  1.6815E+00  3.6433E+03  8.6314E-09
  0.8000    265.9  4.14198E+03  0.000E+00  8.4777E+01  1.7462E+04  3.3656E+00  4.2025E+00  1.6760E+00  3.6365E+03  9.5054E-09
  0.7000    226.0  3.22330E+03  0.000E+00  8.4839E+01  1.7436E+04  3.3575E+00  4.1952E+00  1.6534E+00  3.6150E+03  1.0385E-08
  0.6000    189.4  1.59594E+03  0.000E+00  8.4900E+01  1.7411E+04  3.3493E+00  4.1879E+00  1.6004E+00  3.5614E+03  1.1197E-08
  0.5000    156.1  6.18350E+02  0.000E+00  8.4961E+01  1.7386E+04  3.3412E+00  4.1806E+00  1.5002E+00  3.4470E+03  1.1829E-08
  0.4000    125.9  2.05931E+02  0.000E+00  8.5022E+01  1.7361E+04  3.3330E+00  4.1732E+00  1.3388E+00  3.2368E+03  1.2096E-08
  0.3000     98.8  6.17533E+01  0.000E+00  8.5083E+01  1.7336E+04  3.3249E+00  4.1659E+00  1.0955E+00  2.8818E+03  1.1747E-08
  0.2000     74.9  1.70212E+01  0.000E+00  8.5144E+01  1.7310E+04  3.3167E+00  4.1586E+00  7.4117E-01  2.3215E+03  1.0481E-08
  0.1000     53.9  4.41353E+00  0.000E+00  8.5205E+01  1.7285E+04  3.3086E+00  4.1513E+00  3.0786E-01  1.5922E+03  8.2095E-09
  0.0000     35.9  1.01151E+00  0.000E+00  8.5266E+01  1.7260E+04  3.3005E+00  4.1440E+00  0.0000E+00  9.8912E+02  5.7517E-09
 -0.1000     20.8  2.07944E-01  0.000E+00  8.5327E+01  1.7235E+04  3.2923E+00  4.1367E+00  1.4883E-02  7.6573E+02  4.1217E-09
 -0.2000      8.5  2.16150E-02  0.000E+00  8.5388E+01  1.7209E+04  3.2842E+00  4.1294E+00  1.5301E-01  7.8952E+02  3.3144E-09
 -0.3000      1.0  5.18217E-02  0.000E+00  8.5450E+01  1.7184E+04  3.2760E+00  4.1221E+00  3.6338E-01  8.6908E+02  2.9206E-09
 -0.4000      7.7  9.26738E-02  0.000E+00  8.5511E+01  1.7159E+04  3.2679E+00  4.1148E+00  6.0966E-01  9.7077E+02  2.8466E-09
 -0.5000     11.8  1.13930E-01  0.000E+00  8.5572E+01  1.7134E+04  3.2598E+00  4.1075E+00  9.1782E-01  1.0937E+03  3.0631E-09
 -0.6000     13.3  1.22823E-01  0.000E+00  8.5633E+01  1.7108E+04  3.2516E+00  4.1002E+00  1.3115E+00  1.2319E+03  3.4838E-09
 -0.7000     12.2  1.26232E-01  0.000E+00  8.5694E+01  1.7083E+04  3.2435E+00  4.0929E+00  1.8216E+00  1.3810E+03  4.0254E-09
 -0.8000      8.6  1.28162E-01  0.000E+00  8.5755E+01  1.7058E+04  3.2353E+00  4.0856E+00  2.5021E+00  1.5453E+03  4.6486E-09
 -0.9000      2.6  1.32467E-01  0.000E+00  8.5816E+01  1.7033E+04  3.2272E+00  4.0783E+00  3.4348E+00  1.7329E+03  5.3263E-09
 -1.0000      5.8  1.29675E-01  0.000E+00  8.5877E+01  1.7008E+04  3.2191E+00  4.0710E+00  4.6909E+00  1.9400E+03  6.0317E-09
 -1.1000     16.6  9.98764E-02  0.000E+00  8.5938E+01  1.6982E+04  3.2109E+00  4.0637E+00  6.2413E+00  2.1364E+03  6.6610E-09
 -1.2000     29.6  2.39439E-02  0.000E+00  8.6000E+01  1.6957E+04  3.2028E+00  4.0564E+00  7.9121E+00  2.2780E+03  7.1018E-09
 -1.3000     44.8  9.98735E-02  0.000E+00  8.6061E+01  1.6932E+04  3.1946E+00  4.0491E+00  9.4927E+00  2.3416E+03  7.3311E-09
 -1.4000     62.2  2.56406E-01  0.000E+00  8.6122E+01  1.6907E+04  3.1865E+00  4.0418E+00  1.0851E+01  2.3327E+03  7.3830E-09
 -1.5000     81.7  3.97388E-01  0.000E+00  8.6183E+01  1.6881E+04  3.1783E+00  4.0345E+00  1.1959E+01  2.2681E+03  7.3363E-09
 -1.6000    103.2  4.90927E-01  0.000E+00  8.6244E+01  1.6856E+04  3.1702E+00  4.0272E+00  1.2858E+01  2.1647E+03  7.2270E-09
 -1.7000    126.8  5.12600E-01  0.000E+00  8.6305E+01  1.6831E+04  3.1621E+00  4.0199E+00  1.3623E+01  2.0371E+03  7.0864E-09
 -1.8000    152.5  4.52813E-01  0.000E+00  8.6366E+01  1.6806E+04  3.1539E+00  4.0126E+00  1.4421E+01  1.9071E+03  6.9719E-09
 -1.9000    180.2  3.40087E-01  0.000E+00  8.6427E+01  1.6780E+04  3.1458E+00  4.0052E+00  1.5569E+01  1.8103E+03  6.9706E-09
 -2.0000    209.8  2.04408E-01  0.000E+00  8.6488E+01  1.6755E+04  3.1376E+00  3.9979E+00  1.7561E+01  1.7943E+03  7.2361E-09
 -2.1000    241.4  9.66357E-02  0.000E+00  8.6549E+01  1.6730E+04  3.1295E+00  3.9906E+00  2.0843E+01  1.8903E+03  7.8838E-09
 -2.2000    275.0  4.71445E-02  0.000E+00  8.6610E+01  1.6705E+04  3.1214E+00  3.9833E+00  2.5425E+01  2.0782E+03  8.8912E-09
 -2.3000    310.4  5.26461E-02  0.000E+00  8.6672E+01  1.6680E+04  3.1132E+00  3.9760E+00  3.0820E+01  2.2977E+03  1.0106E-08
 -2.4000    347.8  8.69220E-02  0.000E+00  8.6733E+01  1.6654E+04  3.1051E+00  3.9687E+00  3.6393E+01  2.4886E+03  1.1328E-08
 -2.5000    387.0  1.23494E-01  0.000E+00  8.6794E+01  1.6629E+04  3.0969E+00  3.9614E+00  4.1646E+01  2.6110E+03  1.2404E-08
 -2.6000    428.1  1.42842E-01  0.000E+00  8.6855E+01  1.6604E+04  3.0888E+00  3.9541E+00  4.6246E+01  2.6405E+03  1.3186E-08
 -2.7000    471.0  1.40403E-01  0.000E+00  8.6916E+01  1.6579E+04  3.0807E+00  3.9468E+00  5.0033E+01  2.5670E+03  1.3551E-08
 -2.8000    515.7  1.22758E-01  0.000E+00  8.6977E+01  1.6553E+04  3.0725E+00  3.9395E+00  5.3032E+01  2.3984E+03  1.3444E-08
 -2.9000    562.2  1.01084E-01  0.000E+00  8.7038E+01  1.6528E+04  3.0644E+00  3.9322E+00  5.5482E+01  2.1619E+03  1.2883E-08
 -3.0000    610.5  8.23257E-02  0.000E+00  8.7099E+01  1.6503E+04  3.0562E+00  3.9249E+00  5.7683E+01  1.8919E+03  1.1963E-08
 -3.1000    660.5  6.98141E-02  0.000E+00  8.7160E+01  1.6478E+04  3.0481E+00  3.9176E+00  5.9761E+01  1.6109E+03  1.0755E-08
 -3.2000    712.2  6.36838E-02  0.000E+00  8.7222E+01  1.6452E+04  3.0399E+00  3.9103E+00  6.1587E+01  1.3281E+03  9.3106E-09
 -3.3000    765.6  6.31301E-02  0.000E+00  8.7283E+01  1.6427E+04  3.0318E+00  3.9030E+00  6.2804E+01  1.0466E+03  7.6905E-09
 -3.4000    820.6  6.76644E-02  0.000E+00  8.7344E+01  1.6402E+04  3.0237E+00  3.8957E+00  6.2945E+01  7.7153E+02  5.9812E-09
 -3.5000    877.3  7.51370E-02  0.000E+00  8.7405E+01  1.6377E+04  3.0155E+00  3.8884E+00  6.1558E+01  5.1145E+02  4.3087E-09
 -3.6000    935.6  8.11645E-02  0.000E+00  8.7466E+01  1.6352E+04  3.0074E+00  3.8811E+00  5.8984E+01  2.8796E+02  2.8397E-09
 -3.7000    995.6  7.67959E-02  0.000E+00  8.7527E+01  1.6326E+04  2.9992E+00  3.8738E+00  5.8034E+01  1.4377E+02  1.8019E-09
 -3.8000   1057.1  6.71626E-02  0.000E+00  8.7588E+01  1.6301E+04  2.9911E+00  3.8665E+00  6.3173E+01  1.0073E+02  1.2711E-09
 -3.9000   1120.1  1.26619E-01  0.000E+00  8.7649E+01  1.6276E+04  2.9830E+00  3.8591E+00  6.9497E+01  8.5764E+01  9.3650E-10
 -4.0000   1184.7  4.55389E-01  0.000E+00  8.7710E+01  1.6251E+04  2.9748E+00  3.8518E+00  6.0883E+01  0.0000E+00  4.5667E-10
