   9.33492184E-02   0.00000000       0.00000000    
  1.2000    459.7  1.16827E+03  0.000E+00  8.4532E+01  1.7562E+04  3.3982E+00  4.2316E+00  1.6086E+00  3.6246E+03  6.3096E-09
  1.1000    406.0  1.08392E+03  0.000E+00  8.4593E+01  1.7537E+04  3.3900E+00  4.2243E+00  1.6525E+00  3.6365E+03  7.0218E-09
  1.0000    355.9  9.63125E+01  0.000E+00  8.4654E+01  1.7512E+04  3.3819E+00  4.2170E+00  1.6745E+00  3.6428E+03  7.7982E-09
  0.9000    309.2  2.35066E+03  0.000E+00  8.4715E+01  1.7487E+04  3.3737E+00  4.2097E+00  1.6815E+00  3.6433E+03  8.6315E-09
  0.8000    265.9  4.14109E+03  0.000E+00  8.4776E+01  1.7462E+04  3.3656E+00  4.2024E+00  1.6760E+00  3.6365E+03  9.5055E-09
  0.7000    226.0  3.22305E+03  0.000E+00  8.4838E+01  1.7436E+04  3.3575E+00  4.1951E+00  1.6534E+00  3.6151E+03  1.0385E-08
  0.6000    189.4  1.59599E+03  0.000E+00  8.4899E+01  1.7411E+04  3.3493E+00  4.1878E+00  1.6004E+00  3.5614E+03  1.1197E-08
  0.5000    156.1  6.18534E+02  0.000E+00  8.4960E+01  1.7386E+04  3.3412E+00  4.1805E+00  1.5003E+00  3.4471E+03  1.1829E-08
  0.4000    125.9  2.05982E+02  0.000E+00  8.5021E+01  1.7361E+04  3.3330E+00  4.1732E+00  1.3388E+00  3.2369E+03  1.2096E-08
  0.3000     98.8  6.17448E+01  0.000E+00  8.5082E+01  1.7335E+04  3.3249E+00  4.1659E+00  1.0955E+00  2.8819E+03  1.1747E-08
  0.2000     74.9  1.70102E+01  0.000E+00  8.5143E+01  1.7310E+04  3.3167E+00  4.1586E+00  7.4118E-01  2.3216E+03  1.0481E-08
  0.1000     53.9  4.41049E+00  0.000E+00  8.5204E+01  1.7285E+04  3.3086E+00  4.1513E+00  3.0787E-01  1.5922E+03  8.2096E-09
  0.0000     35.9  1.01296E+00  0.000E+00  8.5265E+01  1.7260E+04  3.3005E+00  4.1440E+00  0.0000E+00  9.8917E+02  5.7517E-09
 -0.1000     20.8  2.08335E-01  0.000E+00  8.5326E+01  1.7234E+04  3.2923E+00  4.1367E+00  1.4895E-02  7.6577E+02  4.1218E-09
 -0.2000      8.5  2.20070E-02  0.000E+00  8.5387E+01  1.7209E+04  3.2842E+00  4.1294E+00  1.5300E-01  7.8954E+02  3.3144E-09
 -0.3000      1.0  5.16081E-02  0.000E+00  8.5448E+01  1.7184E+04  3.2760E+00  4.1221E+00  3.6338E-01  8.6910E+02  2.9207E-09
 -0.4000      7.7  9.26256E-02  0.000E+00  8.5510E+01  1.7159E+04  3.2679E+00  4.1147E+00  6.0964E-01  9.7078E+02  2.8466E-09
 -0.5000     11.8  1.13853E-01  0.000E+00  8.5571E+01  1.7134E+04  3.2598E+00  4.1075E+00  9.1779E-01  1.0937E+03  3.0631E-09
 -0.6000     13.3  1.22919E-01  0.000E+00  8.5632E+01  1.7108E+04  3.2516E+00  4.1002E+00  1.3115E+00  1.2319E+03  3.4839E-09
 -0.7000     12.2  1.26096E-01  0.000E+00  8.5693E+01  1.7083E+04  3.2435E+00  4.0928E+00  1.8216E+00  1.3810E+03  4.0253E-09
 -0.8000      8.6  1.28130E-01  0.000E+00  8.5754E+01  1.7058E+04  3.2353E+00  4.0855E+00  2.5020E+00  1.5453E+03  4.6485E-09
 -0.9000      2.6  1.32339E-01  0.000E+00  8.5815E+01  1.7033E+04  3.2272E+00  4.0782E+00  3.4347E+00  1.7328E+03  5.3262E-09
 -1.0000      5.8  1.29476E-01  0.000E+00  8.5876E+01  1.7007E+04  3.2190E+00  4.0709E+00  4.6907E+00  1.9399E+03  6.0315E-09
 -1.1000     16.6  1.00013E-01  0.000E+00  8.5937E+01  1.6982E+04  3.2109E+00  4.0636E+00  6.2411E+00  2.1363E+03  6.6609E-09
 -1.2000     29.6  2.36182E-02  0.000E+00  8.5998E+01  1.6957E+04  3.2028E+00  4.0563E+00  7.9118E+00  2.2779E+03  7.1015E-09
 -1.3000     44.8  9.98459E-02  0.000E+00  8.6059E+01  1.6932E+04  3.1946E+00  4.0490E+00  9.4922E+00  2.3415E+03  7.3309E-09
 -1.4000     62.2  2.55956E-01  0.000E+00  8.6120E+01  1.6906E+04  3.1865E+00  4.0417E+00  1.0850E+01  2.3326E+03  7.3828E-09
 -1.5000     81.7  3.97665E-01  0.000E+00  8.6182E+01  1.6881E+04  3.1783E+00  4.0344E+00  1.1958E+01  2.2680E+03  7.3360E-09
 -1.6000    103.2  4.90734E-01  0.000E+00  8.6243E+01  1.6856E+04  3.1702E+00  4.0271E+00  1.2857E+01  2.1646E+03  7.2267E-09
 -1.7000    126.8  5.12684E-01  0.000E+00  8.6304E+01  1.6831E+04  3.1620E+00  4.0198E+00  1.3623E+01  2.0370E+03  7.0860E-09
 -1.8000    152.5  4.52636E-01  0.000E+00  8.6365E+01  1.6806E+04  3.1539E+00  4.0125E+00  1.4420E+01  1.9070E+03  6.9717E-09
 -1.9000    180.2  3.39942E-01  0.000E+00  8.6426E+01  1.6780E+04  3.1458E+00  4.0052E+00  1.5569E+01  1.8102E+03  6.9704E-09
 -2.0000    209.8  2.04469E-01  0.000E+00  8.6487E+01  1.6755E+04  3.1376E+00  3.9979E+00  1.7560E+01  1.7942E+03  7.2358E-09
 -2.1000    241.4  9.66278E-02  0.000E+00  8.6548E+01  1.6730E+04  3.1295E+00  3.9906E+00  2.0842E+01  1.8902E+03  7.8835E-09
 -2.2000    274.9  4.71233E-02  0.000E+00  8.6609E+01  1.6705E+04  3.1213E+00  3.9833E+00  2.5424E+01  2.0781E+03  8.8909E-09
 -2.3000    310.4  5.26489E-02  0.000E+00  8.6670E+01  1.6679E+04  3.1132E+00  3.9760E+00  3.0819E+01  2.2976E+03  1.0105E-08
 -2.4000    347.8  8.69269E-02  0.000E+00  8.6731E+01  1.6654E+04  3.1051E+00  3.9687E+00  3.6392E+01  2.4885E+03  1.1328E-08
 -2.5000    387.0  1.23499E-01  0.000E+00  8.6792E+01  1.6629E+04  3.0969E+00  3.9614E+00  4.1645E+01  2.6109E+03  1.2404E-08
 -2.6000    428.1  1.42861E-01  0.000E+00  8.6854E+01  1.6604E+04  3.0888E+00  3.9541E+00  4.6244E+01  2.6404E+03  1.3185E-08
 -2.7000    471.0  1.40413E-01  0.000E+00  8.6915E+01  1.6578E+04  3.0806E+00  3.9468E+00  5.0031E+01  2.5669E+03  1.3551E-08
 -2.8000    515.7  1.22749E-01  0.000E+00  8.6976E+01  1.6553E+04  3.0725E+00  3.9395E+00  5.3031E+01  2.3983E+03  1.3444E-08
 -2.9000    562.2  1.01095E-01  0.000E+00  8.7037E+01  1.6528E+04  3.0643E+00  3.9321E+00  5.5481E+01  2.1618E+03  1.2883E-08
 -3.0000    610.5  8.23317E-02  0.000E+00  8.7098E+01  1.6503E+04  3.0562E+00  3.9248E+00  5.7682E+01  1.8918E+03  1.1962E-08
 -3.1000    660.4  6.98072E-02  0.000E+00  8.7159E+01  1.6478E+04  3.0481E+00  3.9175E+00  5.9760E+01  1.6109E+03  1.0755E-08
 -3.2000    712.2  6.36821E-02  0.000E+00  8.7220E+01  1.6452E+04  3.0399E+00  3.9102E+00  6.1586E+01  1.3280E+03  9.3104E-09
 -3.3000    765.5  6.31340E-02  0.000E+00  8.7281E+01  1.6427E+04  3.0318E+00  3.9029E+00  6.2803E+01  1.0465E+03  7.6903E-09
 -3.4000    820.6  6.76627E-02  0.000E+00  8.7342E+01  1.6402E+04  3.0236E+00  3.8956E+00  6.2943E+01  7.7151E+02  5.9811E-09
 -3.5000    877.3  7.51387E-02  0.000E+00  8.7403E+01  1.6377E+04  3.0155E+00  3.8883E+00  6.1556E+01  5.1143E+02  4.3086E-09
 -3.6000    935.6  8.11664E-02  0.000E+00  8.7464E+01  1.6351E+04  3.0073E+00  3.8810E+00  5.8982E+01  2.8794E+02  2.8396E-09
 -3.7000    995.6  7.67980E-02  0.000E+00  8.7525E+01  1.6326E+04  2.9992E+00  3.8737E+00  5.8033E+01  1.4376E+02  1.8019E-09
 -3.8000   1057.1  6.71618E-02  0.000E+00  8.7587E+01  1.6301E+04  2.9911E+00  3.8664E+00  6.3172E+01  1.0074E+02  1.2712E-09
 -3.9000   1120.2  1.26625E-01  0.000E+00  8.7648E+01  1.6276E+04  2.9829E+00  3.8591E+00  6.9497E+01  8.5768E+01  9.3651E-10
 -4.0000   1184.8  4.55418E-01  0.000E+00  8.7709E+01  1.6250E+04  2.9748E+00  3.8518E+00  6.0883E+01  0.0000E+00  4.5667E-10
