   9.16275978E-02   0.00000000       0.00000000    
  1.4000    265.5  1.16338E+03  1.428E+04  1.0728E+03  1.9299E+05  1.7002E+01  8.6398E+00  7.1799E+00  1.4760E+04  4.0157E-08
  1.3000    242.4  9.01735E+02  1.428E+04  9.9677E+02  1.7808E+05  1.5795E+01  8.6261E+00  6.3338E+00  1.3113E+04  3.6439E-08
  1.2000    220.4  6.91653E+02  1.428E+04  9.2348E+02  1.6378E+05  1.4623E+01  8.6124E+00  5.5834E+00  1.1663E+04  3.3078E-08
  1.1000    199.7  5.24650E+02  1.428E+04  8.5293E+02  1.5009E+05  1.3486E+01  8.5987E+00  4.9202E+00  1.0389E+04  3.0044E-08
  1.0000    180.1  3.93370E+02  1.428E+04  7.8513E+02  1.3700E+05  1.2385E+01  8.5849E+00  4.3366E+00  9.2728E+03  2.7305E-08
  0.9000    161.7  2.91341E+02  1.428E+04  7.2006E+02  1.2451E+05  1.1322E+01  8.5712E+00  3.8253E+00  8.2960E+03  2.4835E-08
  0.8000    144.4  2.08368E+02  1.428E+04  6.5772E+02  1.1261E+05  1.0297E+01  8.5575E+00  3.3746E+00  7.4336E+03  2.2655E-08
  0.7000    128.2  1.39942E+02  1.428E+04  5.9811E+02  1.0130E+05  9.3108E+00  8.5438E+00  2.9648E+00  6.6455E+03  2.0739E-08
  0.6000    113.0  8.83825E+01  1.428E+04  5.4123E+02  9.0579E+04  8.3642E+00  8.5301E+00  2.5747E+00  5.8908E+03  1.8951E-08
  0.5000     98.9  5.26162E+01  1.428E+04  4.8707E+02  8.0435E+04  7.4581E+00  8.5164E+00  2.1862E+00  5.1379E+03  1.7167E-08
  0.4000     85.8  2.87610E+01  1.428E+04  4.3563E+02  7.0867E+04  6.5932E+00  8.5026E+00  1.7789E+00  4.3526E+03  1.5307E-08
  0.3000     73.7  1.51430E+01  1.428E+04  3.8690E+02  6.1870E+04  5.7705E+00  8.4889E+00  1.3390E+00  3.5180E+03  1.3174E-08
  0.2000     62.6  7.74378E+00  1.428E+04  3.4088E+02  5.3439E+04  4.9907E+00  8.4752E+00  8.7320E-01  2.6577E+03  1.0781E-08
  0.1000     52.4  3.93445E+00  1.428E+04  2.9757E+02  4.5571E+04  4.2547E+00  8.4615E+00  4.1068E-01  1.8335E+03  8.2631E-09
  0.0000     43.1  1.98861E+00  1.428E+04  2.5696E+02  3.8261E+04  3.5632E+00  8.4478E+00  0.0000E+00  1.1300E+03  5.8935E-09
 -0.1000     34.8  1.00700E+00  1.428E+04  2.1906E+02  3.1504E+04  2.9171E+00  8.4341E+00  3.1298E-01  6.1075E+02  3.9258E-09
 -0.2000     27.3  5.10889E-01  1.428E+04  1.8385E+02  2.5295E+04  2.3172E+00  8.4203E+00  5.0991E-01  2.8517E+02  2.4801E-09
 -0.3000     20.6  2.60351E-01  1.428E+04  1.5133E+02  1.9631E+04  1.7643E+00  8.4066E+00  6.0690E-01  1.1231E+02  1.5112E-09
 -0.4000     14.8  1.34142E-01  1.428E+04  1.2150E+02  1.4507E+04  1.2592E+00  8.3929E+00  6.3964E-01  3.3719E+01  8.8741E-10
 -0.5000      9.8  6.69866E-02  1.428E+04  9.4357E+01  9.9179E+03  8.0273E-01  8.3792E+00  6.4174E-01  2.7656E+00  4.8692E-10
 -0.6000      5.5  3.01609E-02  1.428E+04  6.9895E+01  5.8599E+03  3.9573E-01  8.3655E+00  6.3482E-01  7.5703E+00  2.2501E-10
 -0.7000      2.0  9.56154E-03  1.428E+04  4.8112E+01  2.3283E+03  3.8986E-02  8.3518E+00  6.3070E-01  1.0703E+01  5.0520E-11
 -0.8000      0.7  1.97935E-03  1.428E+04  2.9004E+01  6.8131E+02  2.6668E-01  8.3380E+00  6.3396E-01  1.2066E+01  6.5199E-11
 -0.9000      2.8  8.25095E-03  1.428E+04  1.2567E+01  3.1735E+03  5.2045E-01  8.3243E+00  6.4465E-01  1.3109E+01  1.3659E-10
 -1.0000      4.2  1.11089E-02  1.428E+04  1.2033E+00  5.1526E+03  7.2150E-01  8.3106E+00  6.6077E-01  1.3895E+01  1.7312E-10
 -1.1000      4.9  1.16270E-02  1.428E+04  1.2309E+01  6.6232E+03  8.6904E-01  8.2969E+00  6.7978E-01  1.4254E+01  1.8289E-10
 -1.2000      5.0  1.05188E-02  1.428E+04  2.0755E+01  7.5898E+03  9.6223E-01  8.2832E+00  6.9966E-01  1.4211E+01  1.7220E-10
 -1.3000      4.5  8.28028E-03  1.428E+04  2.6545E+01  8.0568E+03  1.0003E+00  8.2694E+00  7.1933E-01  1.4082E+01  1.4795E-10
 -1.4000      3.4  5.35834E-03  1.428E+04  2.9681E+01  8.0287E+03  9.8235E-01  8.2557E+00  7.3834E-01  1.4209E+01  1.1637E-10
 -1.5000      1.8  2.08533E-03  1.428E+04  3.0168E+01  7.5099E+03  9.0763E-01  8.2420E+00  7.5655E-01  1.4832E+01  8.2288E-11
 -1.6000      0.4  1.32060E-03  1.428E+04  2.8009E+01  6.5050E+03  7.7532E-01  8.2283E+00  7.7432E-01  1.6146E+01  4.9084E-11
 -1.7000      3.1  4.67205E-03  1.428E+04  2.3208E+01  5.0185E+03  5.8459E-01  8.2146E+00  7.9239E-01  1.8260E+01  1.9426E-11
 -1.8000      6.2  7.80225E-03  1.428E+04  1.5769E+01  3.0547E+03  3.3463E-01  8.2009E+00  8.1073E-01  2.1045E+01  5.2474E-12
 -1.9000      9.8  1.06171E-02  1.428E+04  5.6947E+00  6.1812E+02  2.4628E-02  8.1871E+00  8.2877E-01  2.4253E+01  2.4862E-11
 -2.0000     13.9  1.30659E-02  1.428E+04  7.0107E+00  2.2867E+03  3.4624E-01  8.1734E+00  8.4564E-01  2.7642E+01  3.9751E-11
 -2.1000     18.4  1.51166E-02  1.428E+04  2.2344E+01  5.6552E+03  7.7876E-01  8.1597E+00  8.6017E-01  3.0977E+01  5.0541E-11
 -2.2000     23.2  1.67582E-02  1.428E+04  4.0301E+01  9.4832E+03  1.2738E+00  8.1460E+00  8.7070E-01  3.4053E+01  5.7959E-11
 -2.3000     28.4  1.79603E-02  1.428E+04  6.0879E+01  1.3766E+04  1.8321E+00  8.1323E+00  8.7393E-01  3.6603E+01  6.2812E-11
 -2.4000     34.0  1.87564E-02  1.428E+04  8.4073E+01  1.8499E+04  2.4546E+00  8.1186E+00  8.6566E-01  3.8385E+01  6.6436E-11
 -2.5000     39.8  1.91710E-02  1.428E+04  1.0988E+02  2.3678E+04  3.1420E+00  8.1048E+00  8.4100E-01  3.9265E+01  6.9623E-11
 -2.6000     46.0  1.93403E-02  1.428E+04  1.3830E+02  2.9298E+04  3.8951E+00  8.0911E+00  7.9684E-01  3.9303E+01  7.3150E-11
 -2.7000     52.4  1.91632E-02  1.428E+04  1.6932E+02  3.5356E+04  4.7148E+00  8.0774E+00  7.2858E-01  3.8522E+01  7.6394E-11
 -2.8000     59.1  1.87113E-02  1.428E+04  2.0295E+02  4.1846E+04  5.6019E+00  8.0637E+00  6.2729E-01  3.6800E+01  8.0428E-11
 -2.9000     65.9  1.79627E-02  1.428E+04  2.3917E+02  4.8764E+04  6.5571E+00  8.0500E+00  4.8123E-01  3.4033E+01  8.5610E-11
 -3.0000     73.0  1.69925E-02  1.428E+04  2.7799E+02  5.6105E+04  7.5814E+00  8.0363E+00  2.7496E-01  3.0134E+01  9.2846E-11
 -3.1000     80.2  1.58330E-02  1.428E+04  3.1940E+02  6.3866E+04  8.6755E+00  8.0225E+00  9.6741E-03  2.5102E+01  1.0241E-10
 -3.2000     87.6  1.45132E-02  1.428E+04  3.6340E+02  7.2041E+04  9.8403E+00  8.0088E+00  3.9633E-01  1.8940E+01  1.1451E-10
 -3.3000     95.1  1.30569E-02  1.428E+04  4.0998E+02  8.0626E+04  1.1076E+01  7.9951E+00  9.1748E-01  1.1645E+01  1.2935E-10
 -3.4000    102.7  1.14837E-02  1.428E+04  4.5915E+02  8.9616E+04  1.2385E+01  7.9814E+00  1.6186E+00  3.1959E+00  1.4716E-10
 -3.5000    110.3  9.78988E-03  1.428E+04  5.1089E+02  9.9008E+04  1.3766E+01  7.9677E+00  2.5669E+00  6.4724E+00  1.6862E-10
 -3.6000    118.1  7.98890E-03  1.428E+04  5.6520E+02  1.0880E+05  1.5222E+01  7.9539E+00  3.8694E+00  1.7504E+01  1.9362E-10
 -3.7000    125.8  6.11503E-03  1.428E+04  6.2208E+02  1.1898E+05  1.6752E+01  7.9402E+00  5.7059E+00  3.0116E+01  2.2281E-10
 -3.8000    133.5  4.20266E-03  1.428E+04  6.8153E+02  1.2955E+05  1.8358E+01  7.9265E+00  8.4011E+00  4.4602E+01  2.5704E-10
 -3.9000    141.2  2.14154E-03  1.428E+04  7.4355E+02  1.4050E+05  2.0040E+01  7.9128E+00  1.2647E+01  6.1607E+01  2.9860E-10
 -4.0000    148.8  0.00000E+00  1.428E+04  8.0812E+02  1.5183E+05  2.1799E+01  7.8991E+00  2.0258E+01  8.2399E+01  3.5036E-10
