   8.08936357E-02   9.16290283E-03   0.00000000    
  1.4000  10613.0  9.08529E+04  1.071E+05  5.1907E+01  1.4917E+04  7.0657E-01  3.7551E+00  5.0739E+01  9.8112E+04  5.5920E-07
  1.3000   8001.5  8.77387E+04  1.071E+05  5.1847E+01  1.4834E+04  7.0657E-01  3.7551E+00  5.4169E+00  9.0427E+03  1.7993E-07
  1.2000   5851.9  7.21407E+04  1.071E+05  5.1787E+01  1.4752E+04  7.0657E-01  3.7551E+00  1.4056E+00  5.0131E+03  1.0787E-07
  1.1000   4120.0  5.13506E+04  1.071E+05  5.1727E+01  1.4669E+04  7.0657E-01  3.7551E+00  8.6004E-01  4.5236E+03  7.2095E-08
  1.0000   2761.8  3.62517E+04  1.071E+05  5.1666E+01  1.4587E+04  7.0657E-01  3.7551E+00  7.1945E-01  4.3940E+03  5.0229E-08
  0.9000   1733.0  2.62545E+04  1.071E+05  5.1606E+01  1.4504E+04  7.0657E-01  3.7551E+00  6.4783E-01  4.3293E+03  3.5509E-08
  0.8000    989.5  1.72305E+04  1.071E+05  5.1546E+01  1.4422E+04  7.0657E-01  3.7551E+00  5.9059E-01  4.2802E+03  2.5096E-08
  0.7000    487.3  8.02004E+03  1.071E+05  5.1486E+01  1.4339E+04  7.0657E-01  3.7551E+00  5.3794E-01  4.2344E+03  1.7615E-08
  0.6000    182.0  1.99267E+03  1.071E+05  5.1426E+01  1.4257E+04  7.0657E-01  3.7551E+00  4.9363E-01  4.1911E+03  1.2405E-08
  0.5000     29.7  1.09258E+02  1.071E+05  5.1365E+01  1.4174E+04  7.0657E-01  3.7551E+00  4.7677E-01  4.1632E+03  9.4017E-09
  0.4000     13.9  4.92125E+01  1.071E+05  5.1305E+01  1.4092E+04  7.0657E-01  3.7551E+00  5.1815E-01  4.1751E+03  8.9782E-09
  0.3000      7.2  8.52051E-02  1.071E+05  5.1245E+01  1.4009E+04  7.0657E-01  3.7551E+00  6.1239E-01  4.1986E+03  1.1367E-08
  0.2000     48.7  7.26703E+00  1.071E+05  5.1185E+01  1.3927E+04  7.0657E-01  3.7551E+00  5.9446E-01  3.9495E+03  1.5056E-08
  0.1000     74.8  3.71059E+00  1.071E+05  5.1125E+01  1.3844E+04  7.0657E-01  3.7551E+00  2.9527E-01  3.1211E+03  1.6238E-08
  0.0000     82.7  1.76330E+00  1.071E+05  5.1064E+01  1.3762E+04  7.0657E-01  3.7551E+00  0.0000E+00  2.1518E+03  1.4591E-08
 -0.1000     77.7  1.06539E+00  1.071E+05  5.1004E+01  1.3679E+04  7.0657E-01  3.7551E+00  5.5428E-03  1.5602E+03  1.2090E-08
 -0.2000     65.3  7.69747E-01  1.071E+05  5.0944E+01  1.3597E+04  7.0657E-01  3.7551E+00  1.3657E-01  1.2297E+03  9.5266E-09
 -0.3000     50.8  5.94863E-01  1.071E+05  5.0884E+01  1.3514E+04  7.0657E-01  3.7551E+00  2.6714E-01  9.8371E+02  7.2429E-09
 -0.4000     39.7  4.67331E-01  1.071E+05  5.0824E+01  1.3432E+04  7.0657E-01  3.7551E+00  3.5075E-01  7.7784E+02  5.5562E-09
 -0.5000     36.2  3.74793E-01  1.071E+05  5.0763E+01  1.3349E+04  7.0657E-01  3.7551E+00  4.1611E-01  6.1168E+02  4.5849E-09
 -0.6000     39.6  3.13719E-01  1.071E+05  5.0703E+01  1.3267E+04  7.0657E-01  3.7551E+00  5.0443E-01  4.8556E+02  4.1268E-09
 -0.7000     48.2  2.62116E-01  1.071E+05  5.0643E+01  1.3184E+04  7.0657E-01  3.7551E+00  6.7012E-01  4.0835E+02  4.0345E-09
 -0.8000     60.2  2.28476E-01  1.071E+05  5.0583E+01  1.3102E+04  7.0657E-01  3.7551E+00  9.6911E-01  3.9022E+02  4.2168E-09
 -0.9000     73.7  2.18252E-01  1.071E+05  5.0523E+01  1.3019E+04  7.0657E-01  3.7551E+00  1.4075E+00  4.1682E+02  4.5507E-09
 -1.0000     87.0  2.22319E-01  1.071E+05  5.0462E+01  1.2936E+04  7.0657E-01  3.7551E+00  1.9358E+00  4.5513E+02  4.8602E-09
 -1.1000     98.5  2.26466E-01  1.071E+05  5.0402E+01  1.2854E+04  7.0657E-01  3.7551E+00  2.4900E+00  4.7757E+02  5.0116E-09
 -1.2000    107.8  2.23940E-01  1.071E+05  5.0342E+01  1.2771E+04  7.0657E-01  3.7551E+00  3.0298E+00  4.7504E+02  4.9554E-09
 -1.3000    114.9  2.14037E-01  1.071E+05  5.0282E+01  1.2689E+04  7.0657E-01  3.7551E+00  3.5483E+00  4.5330E+02  4.7283E-09
 -1.4000    119.6  1.98518E-01  1.071E+05  5.0222E+01  1.2606E+04  7.0657E-01  3.7551E+00  4.0553E+00  4.2241E+02  4.3957E-09
 -1.5000    121.8  1.79617E-01  1.071E+05  5.0161E+01  1.2524E+04  7.0657E-01  3.7551E+00  4.5590E+00  3.8930E+02  4.0157E-09
 -1.6000    121.3  1.58480E-01  1.071E+05  5.0101E+01  1.2441E+04  7.0657E-01  3.7551E+00  5.0638E+00  3.5770E+02  3.6162E-09
 -1.7000    118.4  1.36336E-01  1.071E+05  5.0041E+01  1.2359E+04  7.0657E-01  3.7551E+00  5.5777E+00  3.3065E+02  3.2236E-09
 -1.8000    114.3  1.15248E-01  1.071E+05  4.9981E+01  1.2276E+04  7.0657E-01  3.7551E+00  6.1143E+00  3.1033E+02  2.8710E-09
 -1.9000    110.2  9.73220E-02  1.071E+05  4.9921E+01  1.2194E+04  7.0657E-01  3.7551E+00  6.6810E+00  2.9634E+02  2.5837E-09
 -2.0000    107.8  8.33355E-02  1.071E+05  4.9860E+01  1.2111E+04  7.0657E-01  3.7551E+00  7.2789E+00  2.8654E+02  2.3617E-09
 -2.1000    108.3  7.35714E-02  1.071E+05  4.9800E+01  1.2029E+04  7.0657E-01  3.7551E+00  7.9115E+00  2.7917E+02  2.2009E-09
 -2.2000    113.4  6.79879E-02  1.071E+05  4.9740E+01  1.1946E+04  7.0657E-01  3.7551E+00  8.5844E+00  2.7272E+02  2.0947E-09
 -2.3000    123.5  6.56305E-02  1.071E+05  4.9680E+01  1.1864E+04  7.0657E-01  3.7551E+00  9.3095E+00  2.6646E+02  2.0284E-09
 -2.4000    136.7  6.44778E-02  1.071E+05  4.9620E+01  1.1781E+04  7.0657E-01  3.7551E+00  1.0099E+01  2.6016E+02  1.9781E-09
 -2.5000    149.9  6.27092E-02  1.071E+05  4.9560E+01  1.1699E+04  7.0657E-01  3.7551E+00  1.0958E+01  2.5358E+02  1.9213E-09
 -2.6000    160.1  5.96844E-02  1.071E+05  4.9499E+01  1.1616E+04  7.0657E-01  3.7551E+00  1.1867E+01  2.4574E+02  1.8473E-09
 -2.7000    164.6  5.41857E-02  1.071E+05  4.9439E+01  1.1534E+04  7.0657E-01  3.7551E+00  1.2811E+01  2.3657E+02  1.7390E-09
 -2.8000    160.3  4.61967E-02  1.071E+05  4.9379E+01  1.1451E+04  7.0657E-01  3.7551E+00  1.3792E+01  2.2755E+02  1.6024E-09
 -2.9000    146.8  3.63092E-02  1.071E+05  4.9319E+01  1.1369E+04  7.0657E-01  3.7551E+00  1.4830E+01  2.2038E+02  1.4506E-09
 -3.0000    133.4  2.79356E-02  1.071E+05  4.9259E+01  1.1286E+04  7.0657E-01  3.7551E+00  1.5963E+01  2.1620E+02  1.3299E-09
 -3.1000    132.2  2.36458E-02  1.071E+05  4.9198E+01  1.1204E+04  7.0657E-01  3.7551E+00  1.7224E+01  2.1421E+02  1.2682E-09
 -3.2000    154.9  2.46627E-02  1.071E+05  4.9138E+01  1.1121E+04  7.0657E-01  3.7551E+00  1.8597E+01  2.1106E+02  1.2678E-09
 -3.3000    213.4  3.15229E-02  1.071E+05  4.9078E+01  1.1038E+04  7.0657E-01  3.7551E+00  2.0067E+01  2.0363E+02  1.3192E-09
 -3.4000    319.7  4.23470E-02  1.071E+05  4.9018E+01  1.0956E+04  7.0657E-01  3.7551E+00  2.1823E+01  1.9370E+02  1.4062E-09
 -3.5000    485.5  5.12768E-02  1.071E+05  4.8958E+01  1.0873E+04  7.0657E-01  3.7551E+00  2.4820E+01  1.9437E+02  1.5372E-09
 -3.6000    722.9  5.87532E-02  1.071E+05  4.8897E+01  1.0791E+04  7.0657E-01  3.7551E+00  3.0790E+01  2.2022E+02  1.7669E-09
 -3.7000   1043.6  1.03062E-01  1.071E+05  4.8837E+01  1.0708E+04  7.0657E-01  3.7551E+00  3.9101E+01  2.4885E+02  1.9903E-09
 -3.8000   1459.6  3.07178E-01  1.071E+05  4.8777E+01  1.0626E+04  7.0657E-01  3.7551E+00  4.3642E+01  2.2273E+02  2.0200E-09
 -3.9000   1982.6  1.05157E+00  1.071E+05  4.8717E+01  1.0543E+04  7.0657E-01  3.7551E+00  3.9874E+01  1.2693E+02  1.8377E-09
 -4.0000   2624.7  4.55850E+00  1.071E+05  4.8656E+01  1.0461E+04  7.0657E-01  3.7551E+00  2.9769E+01  0.0000E+00  1.5207E-09
