  0.238135695       0.00000000       0.00000000    
  1.4000    417.9  6.91766E+02  2.625E+04  2.0721E+02  4.3295E+04  4.5444E+00  8.9583E+00  1.5583E+01  4.1080E+04  1.1306E-07
  1.3000    381.9  5.79237E+02  2.625E+04  2.0599E+02  4.3090E+04  4.5346E+00  8.9466E+00  1.3403E+01  3.4155E+04  9.5838E-08
  1.2000    347.8  4.79686E+02  2.625E+04  2.0477E+02  4.2884E+04  4.5248E+00  8.9350E+00  1.1505E+01  2.8592E+04  8.1794E-08
  1.1000    315.6  3.92623E+02  2.625E+04  2.0356E+02  4.2679E+04  4.5150E+00  8.9234E+00  9.8689E+00  2.4114E+04  7.0285E-08
  1.0000    285.1  3.17283E+02  2.625E+04  2.0234E+02  4.2474E+04  4.5052E+00  8.9117E+00  8.4710E+00  2.0503E+04  6.0814E-08
  0.9000    256.3  2.52937E+02  2.625E+04  2.0112E+02  4.2268E+04  4.4954E+00  8.9001E+00  7.2865E+00  1.7585E+04  5.2982E-08
  0.8000    229.3  1.93827E+02  2.625E+04  1.9990E+02  4.2063E+04  4.4856E+00  8.8885E+00  6.2797E+00  1.5197E+04  4.6579E-08
  0.7000    203.9  1.38583E+02  2.625E+04  1.9868E+02  4.1858E+04  4.4759E+00  8.8768E+00  5.3965E+00  1.3161E+04  4.1294E-08
  0.6000    180.3  9.28424E+01  2.625E+04  1.9746E+02  4.1652E+04  4.4661E+00  8.8652E+00  4.5843E+00  1.1332E+04  3.6641E-08
  0.5000    158.2  5.85480E+01  2.625E+04  1.9624E+02  4.1447E+04  4.4563E+00  8.8535E+00  3.8048E+00  9.6187E+03  3.2281E-08
  0.4000    137.8  3.38439E+01  2.625E+04  1.9502E+02  4.1242E+04  4.4465E+00  8.8419E+00  3.0206E+00  7.9408E+03  2.8028E-08
  0.3000    118.9  1.88998E+01  2.625E+04  1.9381E+02  4.1036E+04  4.4367E+00  8.8303E+00  2.2141E+00  6.2713E+03  2.3529E-08
  0.2000    101.6  1.02915E+01  2.625E+04  1.9259E+02  4.0831E+04  4.4269E+00  8.8186E+00  1.4062E+00  4.6649E+03  1.8885E-08
  0.1000     85.7  5.59485E+00  2.625E+04  1.9137E+02  4.0626E+04  4.4171E+00  8.8070E+00  6.4715E-01  3.2215E+03  1.4354E-08
  0.0000     71.4  3.04646E+00  2.625E+04  1.9015E+02  4.0420E+04  4.4073E+00  8.7954E+00  0.0000E+00  2.0457E+03  1.0325E-08
 -0.1000     58.5  1.67486E+00  2.625E+04  1.8893E+02  4.0215E+04  4.3976E+00  8.7837E+00  4.9003E-01  1.1886E+03  7.0678E-09
 -0.2000     47.0  9.29017E-01  2.625E+04  1.8771E+02  4.0009E+04  4.3878E+00  8.7721E+00  8.1492E-01  6.3055E+02  4.6565E-09
 -0.3000     36.8  5.18418E-01  2.625E+04  1.8649E+02  3.9804E+04  4.3780E+00  8.7605E+00  9.9987E-01  3.0366E+02  2.9864E-09
 -0.4000     28.1  2.93283E-01  2.625E+04  1.8527E+02  3.9599E+04  4.3682E+00  8.7488E+00  1.0870E+00  1.2899E+02  1.8720E-09
 -0.5000     20.7  1.64174E-01  2.625E+04  1.8405E+02  3.9393E+04  4.3584E+00  8.7372E+00  1.1160E+00  4.3141E+01  1.1460E-09
 -0.6000     14.5  8.97946E-02  2.625E+04  1.8284E+02  3.9188E+04  4.3486E+00  8.7255E+00  1.1143E+00  5.2969E+00  6.8043E-10
 -0.7000      9.7  4.75087E-02  2.625E+04  1.8162E+02  3.8983E+04  4.3388E+00  8.7139E+00  1.1009E+00  9.2188E+00  3.8598E-10
 -0.8000      6.0  2.47517E-02  2.625E+04  1.8040E+02  3.8777E+04  4.3290E+00  8.7023E+00  1.0875E+00  1.4266E+01  2.0160E-10
 -0.9000      3.6  1.29828E-02  2.625E+04  1.7918E+02  3.8572E+04  4.3193E+00  8.6906E+00  1.0797E+00  1.6508E+01  9.1461E-11
 -1.0000      2.3  7.77841E-03  2.625E+04  1.7796E+02  3.8367E+04  4.3095E+00  8.6790E+00  1.0780E+00  1.8273E+01  3.4035E-11
 -1.1000      2.2  6.69122E-03  2.625E+04  1.7674E+02  3.8161E+04  4.2997E+00  8.6674E+00  1.0805E+00  2.0164E+01  1.4893E-11
 -1.2000      3.2  8.29744E-03  2.625E+04  1.7552E+02  3.7956E+04  4.2899E+00  8.6557E+00  1.0846E+00  2.2289E+01  2.2837E-11
 -1.3000      5.3  1.16172E-02  2.625E+04  1.7430E+02  3.7750E+04  4.2801E+00  8.6441E+00  1.0880E+00  2.4729E+01  4.8722E-11
 -1.4000      8.4  1.59549E-02  2.625E+04  1.7309E+02  3.7545E+04  4.2703E+00  8.6325E+00  1.0890E+00  2.7596E+01  8.4988E-11
 -1.5000     12.5  2.08297E-02  2.625E+04  1.7187E+02  3.7340E+04  4.2605E+00  8.6208E+00  1.0866E+00  3.1104E+01  1.2554E-10
 -1.6000     17.6  2.58560E-02  2.625E+04  1.7065E+02  3.7134E+04  4.2507E+00  8.6092E+00  1.0811E+00  3.5482E+01  1.6491E-10
 -1.7000     23.7  3.06934E-02  2.625E+04  1.6943E+02  3.6929E+04  4.2410E+00  8.5976E+00  1.0718E+00  4.0662E+01  1.9931E-10
 -1.8000     30.8  3.50624E-02  2.625E+04  1.6821E+02  3.6724E+04  4.2312E+00  8.5859E+00  1.0560E+00  4.6135E+01  2.2764E-10
 -1.9000     38.7  3.88778E-02  2.625E+04  1.6699E+02  3.6518E+04  4.2214E+00  8.5743E+00  1.0304E+00  5.1411E+01  2.5107E-10
 -2.0000     47.4  4.20672E-02  2.625E+04  1.6577E+02  3.6313E+04  4.2116E+00  8.5626E+00  9.9188E-01  5.6212E+01  2.6976E-10
 -2.1000     57.1  4.45758E-02  2.625E+04  1.6455E+02  3.6108E+04  4.2018E+00  8.5510E+00  9.3613E-01  6.0228E+01  2.8435E-10
 -2.2000     67.5  4.63812E-02  2.625E+04  1.6334E+02  3.5902E+04  4.1920E+00  8.5394E+00  8.5730E-01  6.3131E+01  2.9590E-10
 -2.3000     78.7  4.73459E-02  2.625E+04  1.6212E+02  3.5697E+04  4.1822E+00  8.5277E+00  7.4442E-01  6.4348E+01  3.0566E-10
 -2.4000     90.6  4.75631E-02  2.625E+04  1.6090E+02  3.5492E+04  4.1724E+00  8.5161E+00  5.8224E-01  6.3291E+01  3.1687E-10
 -2.5000    103.3  4.70546E-02  2.625E+04  1.5968E+02  3.5286E+04  4.1627E+00  8.5045E+00  3.5251E-01  5.9595E+01  3.3122E-10
 -2.6000    116.6  4.61134E-02  2.625E+04  1.5846E+02  3.5081E+04  4.1529E+00  8.4928E+00  3.8818E-02  5.3306E+01  3.5102E-10
 -2.7000    130.6  4.44301E-02  2.625E+04  1.5724E+02  3.4875E+04  4.1431E+00  8.4812E+00  3.8306E-01  4.4329E+01  3.7424E-10
 -2.8000    145.3  4.21751E-02  2.625E+04  1.5602E+02  3.4670E+04  4.1333E+00  8.4696E+00  9.5071E-01  3.2242E+01  4.0375E-10
 -2.9000    160.5  3.93585E-02  2.625E+04  1.5480E+02  3.4465E+04  4.1235E+00  8.4579E+00  1.7114E+00  1.6793E+01  4.3974E-10
 -3.0000    176.2  3.62845E-02  2.625E+04  1.5358E+02  3.4259E+04  4.1137E+00  8.4463E+00  2.7195E+00  2.0283E+00  4.8347E-10
 -3.1000    192.6  3.32662E-02  2.625E+04  1.5237E+02  3.4054E+04  4.1039E+00  8.4347E+00  4.0301E+00  2.3745E+01  5.3349E-10
 -3.2000    209.4  3.07748E-02  2.625E+04  1.5115E+02  3.3849E+04  4.0941E+00  8.4230E+00  5.6905E+00  4.7379E+01  5.8662E-10
 -3.3000    226.6  2.94570E-02  2.625E+04  1.4993E+02  3.3643E+04  4.0844E+00  8.4114E+00  7.7208E+00  7.1253E+01  6.3743E-10
 -3.4000    244.4  3.01477E-02  2.625E+04  1.4871E+02  3.3438E+04  4.0746E+00  8.3997E+00  1.0077E+01  9.2812E+01  6.7768E-10
 -3.5000    262.5  3.30181E-02  2.625E+04  1.4749E+02  3.3233E+04  4.0648E+00  8.3881E+00  1.2630E+01  1.0909E+02  6.9928E-10
 -3.6000    281.0  4.02849E-02  2.625E+04  1.4627E+02  3.3027E+04  4.0550E+00  8.3765E+00  1.5063E+01  1.1624E+02  6.8844E-10
 -3.7000    299.9  5.35476E-02  2.625E+04  1.4505E+02  3.2822E+04  4.0452E+00  8.3648E+00  1.6780E+01  1.0976E+02  6.3242E-10
 -3.8000    319.0  7.44914E-02  2.625E+04  1.4383E+02  3.2617E+04  4.0354E+00  8.3532E+00  1.6982E+01  8.6797E+01  5.2503E-10
 -3.9000    338.5  1.03226E-01  2.625E+04  1.4262E+02  3.2411E+04  4.0256E+00  8.3416E+00  1.4967E+01  4.8521E+01  3.7424E-10
 -4.0000    358.2  1.46244E-01  2.625E+04  1.4140E+02  3.2206E+04  4.0158E+00  8.3299E+00  1.0448E+01  0.0000E+00  1.9820E-10
