   0.00000000       1.56913102E-02   0.00000000    
  0.0000    143.3  1.47450E+02  0.000E+00  3.8708E+02  1.3154E+05  2.4243E+01  5.3696E+01  9.1087E-01  4.7039E+04  1.1680E-07
  0.0000    146.3  1.25731E+02  0.000E+00  3.8708E+02  1.3154E+05  2.4243E+01  5.3696E+01  9.3582E-01  4.4060E+04  1.1230E-07
  0.0000    149.3  1.06473E+02  0.000E+00  3.8708E+02  1.3154E+05  2.4243E+01  5.3696E+01  1.0303E+00  4.1076E+04  1.0763E-07
  0.0000    152.3  8.95025E+01  0.000E+00  3.8708E+02  1.3154E+05  2.4243E+01  5.3696E+01  1.1985E+00  3.8080E+04  1.0277E-07
  0.0000    155.2  7.46518E+01  0.000E+00  3.8708E+02  1.3154E+05  2.4243E+01  5.3696E+01  1.4448E+00  3.5064E+04  9.7699E-08
  0.0000    158.2  6.17434E+01  0.000E+00  3.8708E+02  1.3154E+05  2.4243E+01  5.3696E+01  1.7732E+00  3.2026E+04  9.2381E-08
  0.0000    161.2  4.89986E+01  0.000E+00  3.8708E+02  1.3154E+05  2.4243E+01  5.3696E+01  2.1921E+00  2.8925E+04  8.7013E-08
  0.0000    164.2  3.57814E+01  0.000E+00  3.8708E+02  1.3154E+05  2.4243E+01  5.3696E+01  2.7203E+00  2.5653E+04  8.1549E-08
  0.0000    167.2  2.40202E+01  0.000E+00  3.8708E+02  1.3154E+05  2.4243E+01  5.3696E+01  3.3661E+00  2.2127E+04  7.5457E-08
  0.0000    170.2  1.47402E+01  0.000E+00  3.8708E+02  1.3154E+05  2.4243E+01  5.3696E+01  4.0628E+00  1.8474E+04  6.8694E-08
  0.0000    173.1  7.76937E+00  0.000E+00  3.8708E+02  1.3154E+05  2.4243E+01  5.3696E+01  4.5294E+00  1.5274E+04  6.2749E-08
  0.0000    176.1  3.84254E+00  0.000E+00  3.8708E+02  1.3154E+05  2.4243E+01  5.3696E+01  4.3175E+00  1.3404E+04  5.9558E-08
  0.0000    179.1  2.12187E+00  0.000E+00  3.8708E+02  1.3154E+05  2.4243E+01  5.3696E+01  3.2705E+00  1.3064E+04  6.0169E-08
  0.0000    182.1  1.56482E+00  0.000E+00  3.8708E+02  1.3154E+05  2.4243E+01  5.3696E+01  1.7030E+00  1.3515E+04  6.2789E-08
  0.0000    185.1  1.38679E+00  0.000E+00  3.8708E+02  1.3154E+05  2.4243E+01  5.3696E+01  0.0000E+00  1.3998E+04  6.5309E-08
  0.0000    188.1  1.28607E+00  0.000E+00  3.8708E+02  1.3154E+05  2.4243E+01  5.3696E+01  1.6447E+00  1.4198E+04  6.6647E-08
  0.0000    191.0  1.18449E+00  0.000E+00  3.8708E+02  1.3154E+05  2.4243E+01  5.3696E+01  3.1716E+00  1.4069E+04  6.6593E-08
  0.0000    194.0  1.07423E+00  0.000E+00  3.8708E+02  1.3154E+05  2.4243E+01  5.3696E+01  4.5753E+00  1.3658E+04  6.5284E-08
  0.0000    197.0  9.62875E-01  0.000E+00  3.8708E+02  1.3154E+05  2.4243E+01  5.3696E+01  5.8737E+00  1.3045E+04  6.2934E-08
  0.0000    200.0  8.56894E-01  0.000E+00  3.8708E+02  1.3154E+05  2.4243E+01  5.3696E+01  7.0860E+00  1.2300E+04  5.9945E-08
  0.0000    203.0  7.57694E-01  0.000E+00  3.8708E+02  1.3154E+05  2.4243E+01  5.3696E+01  8.2163E+00  1.1464E+04  5.6531E-08
  0.0000    206.0  6.64021E-01  0.000E+00  3.8708E+02  1.3154E+05  2.4243E+01  5.3696E+01  9.2562E+00  1.0554E+04  5.2816E-08
  0.0000    209.0  5.81410E-01  0.000E+00  3.8708E+02  1.3154E+05  2.4243E+01  5.3696E+01  1.0205E+01  9.5962E+03  4.8727E-08
  0.0000    211.9  5.10768E-01  0.000E+00  3.8708E+02  1.3154E+05  2.4243E+01  5.3696E+01  1.1076E+01  8.6306E+03  4.4436E-08
  0.0000    214.9  4.51800E-01  0.000E+00  3.8708E+02  1.3154E+05  2.4243E+01  5.3696E+01  1.1882E+01  7.6905E+03  4.0104E-08
  0.0000    217.9  3.97688E-01  0.000E+00  3.8708E+02  1.3154E+05  2.4243E+01  5.3696E+01  1.2611E+01  6.7832E+03  3.5904E-08
  0.0000    220.9  3.54479E-01  0.000E+00  3.8708E+02  1.3154E+05  2.4243E+01  5.3696E+01  1.3259E+01  5.9169E+03  3.1765E-08
  0.0000    223.9  3.19797E-01  0.000E+00  3.8708E+02  1.3154E+05  2.4243E+01  5.3696E+01  1.3840E+01  5.1154E+03  2.7823E-08
  0.0000    226.9  2.90276E-01  0.000E+00  3.8708E+02  1.3154E+05  2.4243E+01  5.3696E+01  1.4357E+01  4.3861E+03  2.4181E-08
  0.0000    229.8  2.63384E-01  0.000E+00  3.8708E+02  1.3154E+05  2.4243E+01  5.3696E+01  1.4798E+01  3.7244E+03  2.0867E-08
  0.0000    232.8  2.40452E-01  0.000E+00  3.8708E+02  1.3154E+05  2.4243E+01  5.3696E+01  1.5147E+01  3.1253E+03  1.7828E-08
  0.0000    235.8  2.22144E-01  0.000E+00  3.8708E+02  1.3154E+05  2.4243E+01  5.3696E+01  1.5406E+01  2.5918E+03  1.5062E-08
  0.0000    238.8  2.07263E-01  0.000E+00  3.8708E+02  1.3154E+05  2.4243E+01  5.3696E+01  1.5599E+01  2.1296E+03  1.2614E-08
  0.0000    241.8  1.92807E-01  0.000E+00  3.8708E+02  1.3154E+05  2.4243E+01  5.3696E+01  1.5743E+01  1.7365E+03  1.0523E-08
  0.0000    244.8  1.78835E-01  0.000E+00  3.8708E+02  1.3154E+05  2.4243E+01  5.3696E+01  1.5839E+01  1.4033E+03  8.7433E-09
  0.0000    247.7  1.65390E-01  0.000E+00  3.8708E+02  1.3154E+05  2.4243E+01  5.3696E+01  1.5890E+01  1.1222E+03  7.2310E-09
  0.0000    250.7  1.52519E-01  0.000E+00  3.8708E+02  1.3154E+05  2.4243E+01  5.3696E+01  1.5897E+01  8.8589E+02  5.9497E-09
  0.0000    253.7  1.40544E-01  0.000E+00  3.8708E+02  1.3154E+05  2.4243E+01  5.3696E+01  1.5880E+01  6.9005E+02  4.8660E-09
  0.0000    256.7  1.28953E-01  0.000E+00  3.8708E+02  1.3154E+05  2.4243E+01  5.3696E+01  1.5864E+01  5.3071E+02  3.9698E-09
  0.0000    259.7  1.17807E-01  0.000E+00  3.8708E+02  1.3154E+05  2.4243E+01  5.3696E+01  1.5860E+01  4.0233E+02  3.2324E-09
  0.0000    262.7  1.07163E-01  0.000E+00  3.8708E+02  1.3154E+05  2.4243E+01  5.3696E+01  1.5844E+01  2.9749E+02  2.6287E-09
  0.0000    265.6  9.73162E-02  0.000E+00  3.8708E+02  1.3154E+05  2.4243E+01  5.3696E+01  1.5803E+01  2.1101E+02  2.1161E-09
  0.0000    268.6  8.81542E-02  0.000E+00  3.8708E+02  1.3154E+05  2.4243E+01  5.3696E+01  1.5751E+01  1.4103E+02  1.6899E-09
  0.0000    271.6  7.95537E-02  0.000E+00  3.8708E+02  1.3154E+05  2.4243E+01  5.3696E+01  1.5709E+01  8.5578E+01  1.3367E-09
  0.0000    274.6  7.16282E-02  0.000E+00  3.8708E+02  1.3154E+05  2.4243E+01  5.3696E+01  1.5738E+01  4.4331E+01  1.0564E-09
  0.0000    277.6  6.40299E-02  0.000E+00  3.8708E+02  1.3154E+05  2.4243E+01  5.3696E+01  1.5858E+01  1.4982E+01  8.3747E-10
  0.0000    280.6  5.69575E-02  0.000E+00  3.8708E+02  1.3154E+05  2.4243E+01  5.3696E+01  1.6054E+01  5.7683E+00  6.6469E-10
  0.0000    283.5  5.03902E-02  0.000E+00  3.8708E+02  1.3154E+05  2.4243E+01  5.3696E+01  1.6342E+01  1.9506E+01  5.3007E-10
  0.0000    286.5  4.42985E-02  0.000E+00  3.8708E+02  1.3154E+05  2.4243E+01  5.3696E+01  1.6743E+01  2.7520E+01  4.2701E-10
  0.0000    289.5  3.88208E-02  0.000E+00  3.8708E+02  1.3154E+05  2.4243E+01  5.3696E+01  1.7266E+01  3.1146E+01  3.4998E-10
  0.0000    292.5  3.36108E-02  0.000E+00  3.8708E+02  1.3154E+05  2.4243E+01  5.3696E+01  1.7943E+01  3.1202E+01  2.9257E-10
  0.0000    295.5  2.86273E-02  0.000E+00  3.8708E+02  1.3154E+05  2.4243E+01  5.3696E+01  1.8845E+01  2.7840E+01  2.5352E-10
  0.0000    298.5  2.38612E-02  0.000E+00  3.8708E+02  1.3154E+05  2.4243E+01  5.3696E+01  2.0065E+01  2.1268E+01  2.3127E-10
  0.0000    301.4  1.94576E-02  0.000E+00  3.8708E+02  1.3154E+05  2.4243E+01  5.3696E+01  2.1708E+01  1.1877E+01  2.2415E-10
  0.0000    304.4  1.52854E-02  0.000E+00  3.8708E+02  1.3154E+05  2.4243E+01  5.3696E+01  2.3924E+01  0.0000E+00  2.2892E-10
