  0.392722726       0.00000000       0.00000000    
  1.4000     51.8  1.34764E+02  3.262E+04  1.0576E+02  2.8359E+04  3.8749E+00  5.1135E+00  1.8403E+00  9.6773E+03  2.0199E-08
  1.3000     52.8  1.20166E+02  3.262E+04  1.0576E+02  2.8359E+04  3.8749E+00  5.1135E+00  1.8490E+00  9.3009E+03  1.9869E-08
  1.2000     53.8  1.06427E+02  3.262E+04  1.0576E+02  2.8359E+04  3.8749E+00  5.1135E+00  1.8487E+00  8.9372E+03  1.9554E-08
  1.1000     54.8  9.36110E+01  3.262E+04  1.0576E+02  2.8359E+04  3.8749E+00  5.1135E+00  1.8394E+00  8.5845E+03  1.9251E-08
  1.0000     55.8  8.17603E+01  3.262E+04  1.0576E+02  2.8359E+04  3.8749E+00  5.1135E+00  1.8205E+00  8.2409E+03  1.8958E-08
  0.9000     56.7  7.08894E+01  3.262E+04  1.0576E+02  2.8359E+04  3.8749E+00  5.1135E+00  1.7919E+00  7.9046E+03  1.8672E-08
  0.8000     57.7  5.96580E+01  3.262E+04  1.0576E+02  2.8359E+04  3.8749E+00  5.1135E+00  1.7524E+00  7.5699E+03  1.8436E-08
  0.7000     58.7  4.73823E+01  3.262E+04  1.0576E+02  2.8359E+04  3.8749E+00  5.1135E+00  1.6985E+00  7.2216E+03  1.8274E-08
  0.6000     59.7  3.55945E+01  3.262E+04  1.0576E+02  2.8359E+04  3.8749E+00  5.1135E+00  1.6232E+00  6.8384E+03  1.8111E-08
  0.5000     60.7  2.53691E+01  3.262E+04  1.0576E+02  2.8359E+04  3.8749E+00  5.1135E+00  1.5157E+00  6.3956E+03  1.7858E-08
  0.4000     61.7  1.67162E+01  3.262E+04  1.0576E+02  2.8359E+04  3.8749E+00  5.1135E+00  1.3585E+00  5.8569E+03  1.7442E-08
  0.3000     62.7  1.07062E+01  3.262E+04  1.0576E+02  2.8359E+04  3.8749E+00  5.1135E+00  1.1303E+00  5.1879E+03  1.6613E-08
  0.2000     63.7  6.73434E+00  3.262E+04  1.0576E+02  2.8359E+04  3.8749E+00  5.1135E+00  8.1760E-01  4.3815E+03  1.5271E-08
  0.1000     64.7  4.26848E+00  3.262E+04  1.0576E+02  2.8359E+04  3.8749E+00  5.1135E+00  4.2766E-01  3.4756E+03  1.3414E-08
  0.0000     65.7  2.74217E+00  3.262E+04  1.0576E+02  2.8359E+04  3.8749E+00  5.1135E+00  0.0000E+00  2.5593E+03  1.1254E-08
 -0.1000     66.7  1.80797E+00  3.262E+04  1.0576E+02  2.8359E+04  3.8749E+00  5.1135E+00  4.0272E-01  1.7397E+03  9.0969E-09
 -0.2000     67.7  1.23129E+00  3.262E+04  1.0576E+02  2.8359E+04  3.8749E+00  5.1135E+00  7.2176E-01  1.0922E+03  7.2195E-09
 -0.3000     68.7  8.72297E-01  3.262E+04  1.0576E+02  2.8359E+04  3.8749E+00  5.1135E+00  9.2571E-01  6.3464E+02  5.7487E-09
 -0.4000     69.7  6.52747E-01  3.262E+04  1.0576E+02  2.8359E+04  3.8749E+00  5.1135E+00  1.0177E+00  3.3726E+02  4.6577E-09
 -0.5000     70.7  5.06655E-01  3.262E+04  1.0576E+02  2.8359E+04  3.8749E+00  5.1135E+00  1.0165E+00  1.5605E+02  3.8749E-09
 -0.6000     71.7  4.04979E-01  3.262E+04  1.0576E+02  2.8359E+04  3.8749E+00  5.1135E+00  9.3877E-01  5.5102E+01  3.3241E-09
 -0.7000     72.6  3.31864E-01  3.262E+04  1.0576E+02  2.8359E+04  3.8749E+00  5.1135E+00  8.0035E-01  6.3359E+00  2.9399E-09
 -0.8000     73.6  2.81798E-01  3.262E+04  1.0576E+02  2.8359E+04  3.8749E+00  5.1135E+00  6.2087E-01  1.3184E+01  2.6486E-09
 -0.9000     74.6  2.45214E-01  3.262E+04  1.0576E+02  2.8359E+04  3.8749E+00  5.1135E+00  4.2070E-01  2.0363E+01  2.4028E-09
 -1.0000     75.6  2.16614E-01  3.262E+04  1.0576E+02  2.8359E+04  3.8749E+00  5.1135E+00  2.1286E-01  2.3812E+01  2.1779E-09
 -1.1000     76.6  1.92978E-01  3.262E+04  1.0576E+02  2.8359E+04  3.8749E+00  5.1135E+00  6.1951E-03  2.7629E+01  1.9701E-09
 -1.2000     77.6  1.73015E-01  3.262E+04  1.0576E+02  2.8359E+04  3.8749E+00  5.1135E+00  1.9298E-01  3.3559E+01  1.7644E-09
 -1.3000     78.6  1.55496E-01  3.262E+04  1.0576E+02  2.8359E+04  3.8749E+00  5.1135E+00  3.8333E-01  4.1082E+01  1.5630E-09
 -1.4000     79.6  1.39925E-01  3.262E+04  1.0576E+02  2.8359E+04  3.8749E+00  5.1135E+00  5.6505E-01  4.9297E+01  1.3723E-09
 -1.5000     80.6  1.26173E-01  3.262E+04  1.0576E+02  2.8359E+04  3.8749E+00  5.1135E+00  7.3564E-01  5.8125E+01  1.1947E-09
 -1.6000     81.6  1.13835E-01  3.262E+04  1.0576E+02  2.8359E+04  3.8749E+00  5.1135E+00  8.9287E-01  6.7414E+01  1.0268E-09
 -1.7000     82.6  1.02494E-01  3.262E+04  1.0576E+02  2.8359E+04  3.8749E+00  5.1135E+00  1.0401E+00  7.5990E+01  8.6983E-10
 -1.8000     83.6  9.19714E-02  3.262E+04  1.0576E+02  2.8359E+04  3.8749E+00  5.1135E+00  1.1853E+00  8.2395E+01  7.2916E-10
 -1.9000     84.6  8.24852E-02  3.262E+04  1.0576E+02  2.8359E+04  3.8749E+00  5.1135E+00  1.3331E+00  8.6232E+01  6.0954E-10
 -2.0000     85.6  7.39303E-02  3.262E+04  1.0576E+02  2.8359E+04  3.8749E+00  5.1135E+00  1.4837E+00  8.7999E+01  5.0805E-10
 -2.1000     86.6  6.62264E-02  3.262E+04  1.0576E+02  2.8359E+04  3.8749E+00  5.1135E+00  1.6376E+00  8.8106E+01  4.2214E-10
 -2.2000     87.6  5.92863E-02  3.262E+04  1.0576E+02  2.8359E+04  3.8749E+00  5.1135E+00  1.7950E+00  8.6894E+01  3.4963E-10
 -2.3000     88.5  5.29293E-02  3.262E+04  1.0576E+02  2.8359E+04  3.8749E+00  5.1135E+00  1.9588E+00  8.4459E+01  2.8832E-10
 -2.4000     89.5  4.71974E-02  3.262E+04  1.0576E+02  2.8359E+04  3.8749E+00  5.1135E+00  2.1323E+00  8.0894E+01  2.3821E-10
 -2.5000     90.5  4.20336E-02  3.262E+04  1.0576E+02  2.8359E+04  3.8749E+00  5.1135E+00  2.3170E+00  7.6466E+01  1.9761E-10
 -2.6000     91.5  3.75045E-02  3.262E+04  1.0576E+02  2.8359E+04  3.8749E+00  5.1135E+00  2.5106E+00  7.1612E+01  1.6562E-10
 -2.7000     92.5  3.33786E-02  3.262E+04  1.0576E+02  2.8359E+04  3.8749E+00  5.1135E+00  2.7125E+00  6.6584E+01  1.3868E-10
 -2.8000     93.5  2.96644E-02  3.262E+04  1.0576E+02  2.8359E+04  3.8749E+00  5.1135E+00  2.9261E+00  6.1364E+01  1.1700E-10
 -2.9000     94.5  2.62862E-02  3.262E+04  1.0576E+02  2.8359E+04  3.8749E+00  5.1135E+00  3.1553E+00  5.5973E+01  9.9583E-11
 -3.0000     95.5  2.32509E-02  3.262E+04  1.0576E+02  2.8359E+04  3.8749E+00  5.1135E+00  3.4042E+00  5.0438E+01  8.6415E-11
 -3.1000     96.5  2.05237E-02  3.262E+04  1.0576E+02  2.8359E+04  3.8749E+00  5.1135E+00  3.6761E+00  4.4843E+01  7.6796E-11
 -3.2000     97.5  1.80739E-02  3.262E+04  1.0576E+02  2.8359E+04  3.8749E+00  5.1135E+00  3.9748E+00  3.9259E+01  7.0126E-11
 -3.3000     98.5  1.58741E-02  3.262E+04  1.0576E+02  2.8359E+04  3.8749E+00  5.1135E+00  4.3049E+00  3.3740E+01  6.5892E-11
 -3.4000     99.5  1.38976E-02  3.262E+04  1.0576E+02  2.8359E+04  3.8749E+00  5.1135E+00  4.6721E+00  2.8325E+01  6.3661E-11
 -3.5000    100.5  1.20827E-02  3.262E+04  1.0576E+02  2.8359E+04  3.8749E+00  5.1135E+00  5.0846E+00  2.3023E+01  6.3388E-11
 -3.6000    101.5  1.04734E-02  3.262E+04  1.0576E+02  2.8359E+04  3.8749E+00  5.1135E+00  5.5526E+00  1.7840E+01  6.4344E-11
 -3.7000    102.5  9.07516E-03  3.262E+04  1.0576E+02  2.8359E+04  3.8749E+00  5.1135E+00  6.0866E+00  1.2829E+01  6.6163E-11
 -3.8000    103.5  7.90794E-03  3.262E+04  1.0576E+02  2.8359E+04  3.8749E+00  5.1135E+00  6.6946E+00  8.0907E+00  6.8308E-11
 -3.9000    104.4  6.91508E-03  3.262E+04  1.0576E+02  2.8359E+04  3.8749E+00  5.1135E+00  7.3850E+00  3.7344E+00  7.0423E-11
 -4.0000    105.4  6.29282E-03  3.262E+04  1.0576E+02  2.8359E+04  3.8749E+00  5.1135E+00  8.1498E+00  0.0000E+00  7.1191E-11
