  0.3184137      0.0000000E+00   2.802402    
  1.2000    617.7  3.69498E+03  0.000E+00  2.8382E+02  7.7767E+04  1.7795E+01  4.7181E+01  1.5097E+01  1.5552E+04  8.2262E-08
  1.1000    679.9  3.57910E+03  0.000E+00  2.8357E+02  7.7630E+04  1.7753E+01  4.7181E+01  1.4058E+01  1.4001E+04  8.2669E-08
  1.0000    714.4  3.22255E+03  0.000E+00  2.8331E+02  7.7493E+04  1.7711E+01  4.7181E+01  1.2783E+01  1.2297E+04  8.2331E-08
  0.9000    724.0  2.72732E+03  0.000E+00  2.8306E+02  7.7357E+04  1.7669E+01  4.7181E+01  1.1345E+01  1.0477E+04  8.1279E-08
  0.8000    711.1  2.18038E+03  0.000E+00  2.8281E+02  7.7220E+04  1.7627E+01  4.7181E+01  9.8025E+00  8.5752E+03  7.9531E-08
  0.7000    678.5  1.64897E+03  0.000E+00  2.8256E+02  7.7083E+04  1.7585E+01  4.7181E+01  8.2091E+00  6.6215E+03  7.7098E-08
  0.6000    628.8  1.18088E+03  0.000E+00  2.8231E+02  7.6946E+04  1.7543E+01  4.7181E+01  6.6127E+00  4.6470E+03  7.3965E-08
  0.5000    564.6  7.95352E+02  0.000E+00  2.8205E+02  7.6809E+04  1.7501E+01  4.7181E+01  5.0558E+00  2.6796E+03  7.0177E-08
  0.4000    488.4  5.03602E+02  0.000E+00  2.8180E+02  7.6673E+04  1.7459E+01  4.7181E+01  3.5821E+00  7.5128E+02  6.5691E-08
  0.3000    403.1  2.97413E+02  0.000E+00  2.8155E+02  7.6536E+04  1.7417E+01  4.7181E+01  2.2474E+00  1.0927E+03  6.0549E-08
  0.2000    311.1  1.60071E+02  0.000E+00  2.8130E+02  7.6399E+04  1.7375E+01  4.7181E+01  1.1233E+00  2.7971E+03  5.4880E-08
  0.1000    215.2  7.66377E+01  0.000E+00  2.8104E+02  7.6262E+04  1.7333E+01  4.7181E+01  3.1919E-01  4.2779E+03  4.8780E-08
  0.0000    117.8  2.90784E+01  0.000E+00  2.8079E+02  7.6125E+04  1.7291E+01  4.7181E+01  0.0000E+00  5.4177E+03  4.2629E-08
 -0.1000     21.7  5.28712E+00  0.000E+00  2.8054E+02  7.5988E+04  1.7249E+01  4.7181E+01  4.0551E-01  6.0584E+03  3.6780E-08
 -0.2000     70.5  4.89422E+00  0.000E+00  2.8029E+02  7.5852E+04  1.7207E+01  4.7181E+01  1.8535E+00  6.0082E+03  3.1878E-08
 -0.3000    156.1  7.80734E+00  0.000E+00  2.8003E+02  7.5715E+04  1.7165E+01  4.7181E+01  4.6898E+00  5.1110E+03  2.8627E-08
 -0.4000    232.7  7.48298E+00  0.000E+00  2.7978E+02  7.5578E+04  1.7123E+01  4.7181E+01  9.0934E+00  3.3816E+03  2.7361E-08
 -0.5000    297.5  5.86890E+00  0.000E+00  2.7953E+02  7.5441E+04  1.7081E+01  4.7181E+01  1.4777E+01  1.1548E+03  2.7798E-08
 -0.6000    347.9  4.23475E+00  0.000E+00  2.7928E+02  7.5304E+04  1.7039E+01  4.7181E+01  2.0934E+01  9.9114E+02  2.8857E-08
 -0.7000    381.3  3.01096E+00  0.000E+00  2.7902E+02  7.5168E+04  1.6997E+01  4.7181E+01  2.6760E+01  2.6198E+03  2.9605E-08
 -0.8000    395.0  2.18092E+00  0.000E+00  2.7877E+02  7.5031E+04  1.6955E+01  4.7181E+01  3.1986E+01  3.6745E+03  2.9897E-08
 -0.9000    386.5  1.68059E+00  0.000E+00  2.7852E+02  7.4894E+04  1.6913E+01  4.7181E+01  3.6920E+01  4.3642E+03  3.0141E-08
 -1.0000    353.1  1.32886E+00  0.000E+00  2.7827E+02  7.4757E+04  1.6871E+01  4.7181E+01  4.2121E+01  4.9310E+03  3.0916E-08
 -1.1000    292.2  1.04363E+00  0.000E+00  2.7802E+02  7.4620E+04  1.6829E+01  4.7181E+01  4.8107E+01  5.5145E+03  3.2447E-08
 -1.2000    201.1  7.76748E-01  0.000E+00  2.7776E+02  7.4484E+04  1.6787E+01  4.7181E+01  5.5316E+01  6.1627E+03  3.4708E-08
 -1.3000     77.3  5.15534E-01  0.000E+00  2.7751E+02  7.4347E+04  1.6745E+01  4.7181E+01  6.4174E+01  6.8783E+03  3.7576E-08
 -1.4000     81.9  2.72162E-01  0.000E+00  2.7726E+02  7.4210E+04  1.6703E+01  4.7181E+01  7.5302E+01  7.6663E+03  4.0803E-08
 -1.5000    278.1  6.21368E-02  0.000E+00  2.7701E+02  7.4073E+04  1.6661E+01  4.7181E+01  8.9841E+01  8.5610E+03  4.4327E-08
 -1.6000    508.3  9.65902E-02  0.000E+00  2.7675E+02  7.3936E+04  1.6619E+01  4.7181E+01  1.0997E+02  9.6269E+03  4.8022E-08
 -1.7000    768.7  2.44158E-01  0.000E+00  2.7650E+02  7.3800E+04  1.6577E+01  4.7181E+01  1.3907E+02  1.0876E+04  5.1710E-08
 -1.8000   1055.2  4.99561E-01  0.000E+00  2.7625E+02  7.3663E+04  1.6535E+01  4.7181E+01  1.7986E+02  1.2096E+04  5.4808E-08
 -1.9000   1364.1  9.73532E-01  0.000E+00  2.7600E+02  7.3526E+04  1.6493E+01  4.7181E+01  2.3142E+02  1.2918E+04  5.6356E-08
 -2.0000   1691.2  1.72608E+00  0.000E+00  2.7574E+02  7.3389E+04  1.6451E+01  4.7181E+01  2.8998E+02  1.3149E+04  5.6123E-08
 -2.1000   2032.7  2.85257E+00  0.000E+00  2.7549E+02  7.3252E+04  1.6409E+01  4.7181E+01  3.5138E+02  1.2867E+04  5.4434E-08
 -2.2000   2384.6  4.50838E+00  0.000E+00  2.7524E+02  7.3116E+04  1.6367E+01  4.7181E+01  4.1091E+02  1.2235E+04  5.1803E-08
 -2.3000   2743.0  6.92417E+00  0.000E+00  2.7499E+02  7.2979E+04  1.6325E+01  4.7181E+01  4.6286E+02  1.1395E+04  4.8680E-08
 -2.4000   3104.0  1.05704E+01  0.000E+00  2.7473E+02  7.2842E+04  1.6283E+01  4.7181E+01  5.0170E+02  1.0451E+04  4.5295E-08
 -2.5000   3463.6  1.60137E+01  0.000E+00  2.7448E+02  7.2705E+04  1.6241E+01  4.7181E+01  5.2522E+02  9.4734E+03  4.1857E-08
 -2.6000   3817.8  2.39172E+01  0.000E+00  2.7423E+02  7.2568E+04  1.6199E+01  4.7181E+01  5.3566E+02  8.5086E+03  3.8443E-08
 -2.7000   4162.7  3.47470E+01  0.000E+00  2.7398E+02  7.2432E+04  1.6157E+01  4.7181E+01  5.3728E+02  7.5829E+03  3.5114E-08
 -2.8000   4494.4  4.84748E+01  0.000E+00  2.7372E+02  7.2295E+04  1.6115E+01  4.7181E+01  5.3372E+02  6.7089E+03  3.1915E-08
 -2.9000   4809.0  6.47595E+01  0.000E+00  2.7347E+02  7.2158E+04  1.6073E+01  4.7181E+01  5.2730E+02  5.8916E+03  2.8839E-08
 -3.0000   5102.4  8.25166E+01  0.000E+00  2.7322E+02  7.2021E+04  1.6031E+01  4.7181E+01  5.1925E+02  5.1326E+03  2.5914E-08
 -3.1000   5370.8  1.00534E+02  0.000E+00  2.7297E+02  7.1884E+04  1.5989E+01  4.7181E+01  5.1020E+02  4.4313E+03  2.3129E-08
 -3.2000   5610.2  1.17383E+02  0.000E+00  2.7272E+02  7.1747E+04  1.5947E+01  4.7181E+01  5.0045E+02  3.7861E+03  2.0490E-08
 -3.3000   5816.6  1.31668E+02  0.000E+00  2.7246E+02  7.1611E+04  1.5904E+01  4.7181E+01  4.9011E+02  3.1938E+03  1.8001E-08
 -3.4000   5986.2  1.42614E+02  0.000E+00  2.7221E+02  7.1474E+04  1.5862E+01  4.7181E+01  4.7916E+02  2.6501E+03  1.5638E-08
 -3.5000   6115.0  1.49373E+02  0.000E+00  2.7196E+02  7.1337E+04  1.5820E+01  4.7181E+01  4.6744E+02  2.1493E+03  1.3395E-08
 -3.6000   6199.0  1.51698E+02  0.000E+00  2.7171E+02  7.1200E+04  1.5778E+01  4.7181E+01  4.5467E+02  1.6848E+03  1.1235E-08
 -3.7000   6234.2  1.49173E+02  0.000E+00  2.7145E+02  7.1063E+04  1.5736E+01  4.7181E+01  4.4029E+02  1.2493E+03  9.1297E-09
 -3.8000   6216.9  1.41167E+02  0.000E+00  2.7120E+02  7.0927E+04  1.5694E+01  4.7181E+01  4.2321E+02  8.3366E+02  7.0411E-09
 -3.9000   6143.0  1.27632E+02  0.000E+00  2.7095E+02  7.0790E+04  1.5652E+01  4.7181E+01  4.0093E+02  4.2536E+02  4.8954E-09
 -4.0000   6008.5  1.08451E+02  0.000E+00  2.7070E+02  7.0653E+04  1.5610E+01  4.7181E+01  3.6459E+02  0.0000E+00  2.5573E-09
