  0.2981553      0.0000000E+00   2.735222    
  1.2000    653.6  3.82826E+03  0.000E+00  2.4780E+02  6.1356E+04  1.8674E+01  9.0125E+01  5.5802E+01  2.7625E+04  2.0816E-07
  1.1000    548.6  2.48111E+03  0.000E+00  2.4863E+02  6.1350E+04  1.8686E+01  9.0125E+01  5.4511E+01  2.5973E+04  2.0849E-07
  1.0000    455.2  1.55934E+03  0.000E+00  2.4947E+02  6.1344E+04  1.8698E+01  9.0125E+01  5.2716E+01  2.4450E+04  2.0868E-07
  0.9000    373.0  9.49271E+02  0.000E+00  2.5031E+02  6.1338E+04  1.8711E+01  9.0125E+01  5.0381E+01  2.3082E+04  2.0876E-07
  0.8000    301.2  5.58213E+02  0.000E+00  2.5114E+02  6.1332E+04  1.8723E+01  9.0125E+01  4.7485E+01  2.1883E+04  2.0876E-07
  0.7000    239.3  3.15620E+02  0.000E+00  2.5198E+02  6.1326E+04  1.8736E+01  9.0125E+01  4.4011E+01  2.0859E+04  2.0869E-07
  0.6000    186.6  1.70797E+02  0.000E+00  2.5281E+02  6.1320E+04  1.8748E+01  9.0125E+01  3.9944E+01  2.0013E+04  2.0848E-07
  0.5000    142.5  8.70874E+01  0.000E+00  2.5365E+02  6.1314E+04  1.8760E+01  9.0125E+01  3.5249E+01  1.9341E+04  2.0821E-07
  0.4000    106.5  4.12886E+01  0.000E+00  2.5449E+02  6.1308E+04  1.8773E+01  9.0125E+01  2.9876E+01  1.8840E+04  2.0768E-07
  0.3000     77.7  1.75020E+01  0.000E+00  2.5532E+02  6.1302E+04  1.8785E+01  9.0125E+01  2.3765E+01  1.8508E+04  2.0681E-07
  0.2000     55.7  5.89302E+00  0.000E+00  2.5616E+02  6.1296E+04  1.8797E+01  9.0125E+01  1.6821E+01  1.8344E+04  2.0564E-07
  0.1000     39.9  7.98485E-01  0.000E+00  2.5699E+02  6.1290E+04  1.8810E+01  9.0125E+01  8.9442E+00  1.8342E+04  2.0384E-07
  0.0000     29.5  1.11696E+00  0.000E+00  2.5783E+02  6.1284E+04  1.8822E+01  9.0125E+01  0.0000E+00  1.8499E+04  2.0166E-07
 -0.1000     24.0  1.61113E+00  0.000E+00  2.5867E+02  6.1279E+04  1.8834E+01  9.0125E+01  1.0156E+01  1.8809E+04  1.9869E-07
 -0.2000     22.7  1.58373E+00  0.000E+00  2.5950E+02  6.1273E+04  1.8847E+01  9.0125E+01  2.1598E+01  1.9267E+04  1.9498E-07
 -0.3000     25.1  1.43013E+00  0.000E+00  2.6034E+02  6.1267E+04  1.8859E+01  9.0125E+01  3.4431E+01  1.9883E+04  1.9097E-07
 -0.4000     30.5  1.32979E+00  0.000E+00  2.6117E+02  6.1261E+04  1.8872E+01  9.0125E+01  4.8684E+01  2.0682E+04  1.8654E-07
 -0.5000     38.2  1.30802E+00  0.000E+00  2.6201E+02  6.1255E+04  1.8884E+01  9.0125E+01  6.4276E+01  2.1702E+04  1.8262E-07
 -0.6000     47.7  1.33646E+00  0.000E+00  2.6285E+02  6.1249E+04  1.8896E+01  9.0125E+01  8.1001E+01  2.2971E+04  1.7942E-07
 -0.7000     58.3  1.35986E+00  0.000E+00  2.6368E+02  6.1243E+04  1.8909E+01  9.0125E+01  9.8443E+01  2.4450E+04  1.7734E-07
 -0.8000     69.5  1.33029E+00  0.000E+00  2.6452E+02  6.1237E+04  1.8921E+01  9.0125E+01  1.1611E+02  2.6053E+04  1.7684E-07
 -0.9000     80.5  1.24418E+00  0.000E+00  2.6535E+02  6.1231E+04  1.8933E+01  9.0125E+01  1.3352E+02  2.7671E+04  1.7739E-07
 -1.0000     90.8  1.09626E+00  0.000E+00  2.6619E+02  6.1225E+04  1.8946E+01  9.0125E+01  1.5031E+02  2.9212E+04  1.7916E-07
 -1.1000     99.7  9.17668E-01  0.000E+00  2.6703E+02  6.1219E+04  1.8958E+01  9.0125E+01  1.6627E+02  3.0620E+04  1.8163E-07
 -1.2000    106.7  7.32091E-01  0.000E+00  2.6786E+02  6.1213E+04  1.8970E+01  9.0125E+01  1.8135E+02  3.1874E+04  1.8460E-07
 -1.3000    111.0  5.47319E-01  0.000E+00  2.6870E+02  6.1207E+04  1.8983E+01  9.0125E+01  1.9564E+02  3.2978E+04  1.8835E-07
 -1.4000    112.1  4.00788E-01  0.000E+00  2.6953E+02  6.1201E+04  1.8995E+01  9.0125E+01  2.0934E+02  3.3954E+04  1.9241E-07
 -1.5000    110.2  2.92053E-01  0.000E+00  2.7037E+02  6.1195E+04  1.9008E+01  9.0125E+01  2.2284E+02  3.4843E+04  1.9715E-07
 -1.6000    108.6  2.22595E-01  0.000E+00  2.7121E+02  6.1189E+04  1.9020E+01  9.0125E+01  2.3660E+02  3.5698E+04  2.0242E-07
 -1.7000    111.5  1.77106E-01  0.000E+00  2.7204E+02  6.1183E+04  1.9032E+01  9.0125E+01  2.5116E+02  3.6574E+04  2.0835E-07
 -1.8000    123.1  1.47450E-01  0.000E+00  2.7288E+02  6.1177E+04  1.9045E+01  9.0125E+01  2.6705E+02  3.7514E+04  2.1538E-07
 -1.9000    147.6  1.27656E-01  0.000E+00  2.7372E+02  6.1171E+04  1.9057E+01  9.0125E+01  2.8464E+02  3.8525E+04  2.2330E-07
 -2.0000    189.2  1.09983E-01  0.000E+00  2.7455E+02  6.1165E+04  1.9069E+01  9.0125E+01  3.0416E+02  3.9559E+04  2.3235E-07
 -2.1000    251.9  8.86454E-02  0.000E+00  2.7539E+02  6.1159E+04  1.9082E+01  9.0125E+01  3.2577E+02  4.0494E+04  2.4186E-07
 -2.2000    340.1  6.28611E-02  0.000E+00  2.7622E+02  6.1154E+04  1.9094E+01  9.0125E+01  3.4953E+02  4.1132E+04  2.5087E-07
 -2.3000    457.9  3.43794E-02  0.000E+00  2.7706E+02  6.1148E+04  1.9106E+01  9.0125E+01  3.7564E+02  4.1194E+04  2.5795E-07
 -2.4000    609.5  6.06510E-03  0.000E+00  2.7790E+02  6.1142E+04  1.9119E+01  9.0125E+01  4.0427E+02  4.0242E+04  2.5985E-07
 -2.5000    799.1  1.94263E-02  0.000E+00  2.7873E+02  6.1136E+04  1.9131E+01  9.0125E+01  4.3535E+02  3.7533E+04  2.5140E-07
 -2.6000   1030.7  4.43142E-02  0.000E+00  2.7957E+02  6.1130E+04  1.9143E+01  9.0125E+01  4.6759E+02  3.2380E+04  2.2448E-07
 -2.7000   1308.7  9.43618E-02  0.000E+00  2.8040E+02  6.1124E+04  1.9156E+01  9.0125E+01  4.9883E+02  2.6403E+04  1.8261E-07
 -2.8000   1637.3  1.59394E-01  0.000E+00  2.8124E+02  6.1118E+04  1.9168E+01  9.0125E+01  5.3004E+02  2.1416E+04  1.4813E-07
 -2.9000   2020.5  1.88672E-01  0.000E+00  2.8208E+02  6.1112E+04  1.9181E+01  9.0125E+01  5.7260E+02  1.7414E+04  1.2006E-07
 -3.0000   2462.5  2.06662E-01  0.000E+00  2.8291E+02  6.1106E+04  1.9193E+01  9.0125E+01  6.5023E+02  1.4340E+04  9.7388E-08
 -3.1000   2967.6  4.99130E-01  0.000E+00  2.8375E+02  6.1100E+04  1.9205E+01  9.0125E+01  7.4666E+02  1.1802E+04  7.8700E-08
 -3.2000   3540.0  1.72558E+00  0.000E+00  2.8458E+02  6.1094E+04  1.9218E+01  9.0125E+01  8.1107E+02  9.4939E+03  6.3003E-08
 -3.3000   4183.8  6.26455E+00  0.000E+00  2.8542E+02  6.1088E+04  1.9230E+01  9.0125E+01  8.3191E+02  7.4653E+03  4.9948E-08
 -3.4000   4903.1  2.12363E+01  0.000E+00  2.8626E+02  6.1082E+04  1.9242E+01  9.0125E+01  8.2858E+02  5.7538E+03  3.9184E-08
 -3.5000   5702.3  6.22199E+01  0.000E+00  2.8709E+02  6.1076E+04  1.9255E+01  9.0125E+01  8.1644E+02  4.3323E+03  3.0317E-08
 -3.6000   6585.3  1.43423E+02  0.000E+00  2.8793E+02  6.1070E+04  1.9267E+01  9.0125E+01  8.0114E+02  3.1535E+03  2.2983E-08
 -3.7000   7556.6  2.31841E+02  0.000E+00  2.8876E+02  6.1064E+04  1.9279E+01  9.0125E+01  7.8359E+02  2.1700E+03  1.6871E-08
 -3.8000   8620.1  2.72873E+02  0.000E+00  2.8960E+02  6.1058E+04  1.9292E+01  9.0125E+01  7.6279E+02  1.3394E+03  1.1712E-08
 -3.9000   9780.2  2.83061E+02  0.000E+00  2.9044E+02  6.1052E+04  1.9304E+01  9.0125E+01  7.3539E+02  6.2121E+02  7.2529E-09
 -4.0000  11040.9  2.86193E+02  0.000E+00  2.9127E+02  6.1046E+04  1.9317E+01  9.0125E+01  6.9121E+02  0.0000E+00  3.3192E-09
