  0.3183899      0.0000000E+00   2.802071    
  1.2000    617.6  3.70278E+03  0.000E+00  2.8356E+02  7.7833E+04  1.7771E+01  4.7318E+01  1.4557E+01  1.5474E+04  8.3313E-08
  1.1000    677.9  3.57347E+03  0.000E+00  2.8331E+02  7.7697E+04  1.7730E+01  4.7318E+01  1.3543E+01  1.3930E+04  8.3702E-08
  1.0000    711.0  3.20894E+03  0.000E+00  2.8306E+02  7.7561E+04  1.7688E+01  4.7318E+01  1.2298E+01  1.2235E+04  8.3362E-08
  0.9000    719.5  2.71034E+03  0.000E+00  2.8281E+02  7.7425E+04  1.7646E+01  4.7318E+01  1.0894E+01  1.0426E+04  8.2320E-08
  0.8000    706.0  2.16342E+03  0.000E+00  2.8256E+02  7.7288E+04  1.7604E+01  4.7318E+01  9.3880E+00  8.5370E+03  8.0596E-08
  0.7000    673.1  1.63415E+03  0.000E+00  2.8231E+02  7.7152E+04  1.7563E+01  4.7318E+01  7.8346E+00  6.5974E+03  7.8196E-08
  0.6000    623.4  1.16918E+03  0.000E+00  2.8206E+02  7.7016E+04  1.7521E+01  4.7318E+01  6.2814E+00  4.6378E+03  7.5107E-08
  0.5000    559.5  7.86875E+02  0.000E+00  2.8181E+02  7.6879E+04  1.7479E+01  4.7318E+01  4.7707E+00  2.6861E+03  7.1374E-08
  0.4000    483.9  4.98033E+02  0.000E+00  2.8156E+02  7.6743E+04  1.7437E+01  4.7318E+01  3.3466E+00  7.7370E+02  6.6951E-08
  0.3000    399.2  2.94047E+02  0.000E+00  2.8131E+02  7.6607E+04  1.7395E+01  4.7318E+01  2.0650E+00  1.0544E+03  6.1879E-08
  0.2000    308.1  1.58260E+02  0.000E+00  2.8106E+02  7.6470E+04  1.7354E+01  4.7318E+01  9.9776E-01  2.7436E+03  5.6287E-08
  0.1000    213.1  7.57954E+01  0.000E+00  2.8081E+02  7.6334E+04  1.7312E+01  4.7318E+01  2.5440E-01  4.2109E+03  5.0262E-08
  0.0000    116.8  2.87852E+01  0.000E+00  2.8056E+02  7.6198E+04  1.7270E+01  4.7318E+01  0.0000E+00  5.3400E+03  4.4181E-08
 -0.1000     21.7  5.25818E+00  0.000E+00  2.8031E+02  7.6062E+04  1.7228E+01  4.7318E+01  4.7390E-01  5.9751E+03  3.8386E-08
 -0.2000     69.4  4.82109E+00  0.000E+00  2.8006E+02  7.5925E+04  1.7186E+01  4.7318E+01  1.9923E+00  5.9275E+03  3.3506E-08
 -0.3000    154.0  7.71464E+00  0.000E+00  2.7981E+02  7.5789E+04  1.7145E+01  4.7318E+01  4.8992E+00  5.0436E+03  3.0234E-08
 -0.4000    229.6  7.40325E+00  0.000E+00  2.7956E+02  7.5653E+04  1.7103E+01  4.7318E+01  9.3744E+00  3.3374E+03  2.8891E-08
 -0.5000    293.6  5.81159E+00  0.000E+00  2.7931E+02  7.5516E+04  1.7061E+01  4.7318E+01  1.5137E+01  1.1374E+03  2.9211E-08
 -0.6000    343.3  4.19516E+00  0.000E+00  2.7906E+02  7.5380E+04  1.7019E+01  4.7318E+01  2.1390E+01  9.8759E+02  3.0137E-08
 -0.7000    376.2  2.98172E+00  0.000E+00  2.7881E+02  7.5244E+04  1.6978E+01  4.7318E+01  2.7328E+01  2.6040E+03  3.0756E-08
 -0.8000    389.7  2.15727E+00  0.000E+00  2.7856E+02  7.5107E+04  1.6936E+01  4.7318E+01  3.2674E+01  3.6516E+03  3.0925E-08
 -0.9000    381.2  1.66106E+00  0.000E+00  2.7832E+02  7.4971E+04  1.6894E+01  4.7318E+01  3.7725E+01  4.3356E+03  3.1042E-08
 -1.0000    348.1  1.31285E+00  0.000E+00  2.7807E+02  7.4835E+04  1.6852E+01  4.7318E+01  4.3035E+01  4.8963E+03  3.1686E-08
 -1.1000    287.8  1.03091E+00  0.000E+00  2.7782E+02  7.4698E+04  1.6810E+01  4.7318E+01  4.9119E+01  5.4731E+03  3.3082E-08
 -1.2000    197.7  7.67135E-01  0.000E+00  2.7757E+02  7.4562E+04  1.6769E+01  4.7318E+01  5.6413E+01  6.1142E+03  3.5206E-08
 -1.3000     75.3  5.08670E-01  0.000E+00  2.7732E+02  7.4426E+04  1.6727E+01  4.7318E+01  6.5334E+01  6.8218E+03  3.7942E-08
 -1.4000     82.0  2.67258E-01  0.000E+00  2.7707E+02  7.4290E+04  1.6685E+01  4.7318E+01  7.6487E+01  7.6001E+03  4.1041E-08
 -1.5000    275.8  5.80928E-02  0.000E+00  2.7682E+02  7.4153E+04  1.6643E+01  4.7318E+01  9.0976E+01  8.4807E+03  4.4437E-08
 -1.6000    503.3  1.00314E-01  0.000E+00  2.7657E+02  7.4017E+04  1.6601E+01  4.7318E+01  1.1090E+02  9.5259E+03  4.8004E-08
 -1.7000    760.6  2.43862E-01  0.000E+00  2.7632E+02  7.3881E+04  1.6560E+01  4.7318E+01  1.3956E+02  1.0752E+04  5.1577E-08
 -1.8000   1043.8  4.86124E-01  0.000E+00  2.7607E+02  7.3744E+04  1.6518E+01  4.7318E+01  1.7975E+02  1.1966E+04  5.4621E-08
 -1.9000   1349.2  9.37137E-01  0.000E+00  2.7582E+02  7.3608E+04  1.6476E+01  4.7318E+01  2.3077E+02  1.2805E+04  5.6188E-08
 -2.0000   1672.8  1.65551E+00  0.000E+00  2.7557E+02  7.3472E+04  1.6434E+01  4.7318E+01  2.8901E+02  1.3066E+04  5.6011E-08
 -2.1000   2010.8  2.73042E+00  0.000E+00  2.7532E+02  7.3335E+04  1.6392E+01  4.7318E+01  3.5033E+02  1.2812E+04  5.4377E-08
 -2.2000   2359.3  4.30765E+00  0.000E+00  2.7507E+02  7.3199E+04  1.6351E+01  4.7318E+01  4.1013E+02  1.2202E+04  5.1787E-08
 -2.3000   2714.6  6.59875E+00  0.000E+00  2.7482E+02  7.3063E+04  1.6309E+01  4.7318E+01  4.6284E+02  1.1377E+04  4.8692E-08
 -2.4000   3072.6  1.00439E+01  0.000E+00  2.7457E+02  7.2926E+04  1.6267E+01  4.7318E+01  5.0290E+02  1.0443E+04  4.5324E-08
 -2.5000   3429.6  1.51812E+01  0.000E+00  2.7432E+02  7.2790E+04  1.6225E+01  4.7318E+01  5.2773E+02  9.4721E+03  4.1892E-08
 -2.6000   3781.8  2.26637E+01  0.000E+00  2.7407E+02  7.2654E+04  1.6184E+01  4.7318E+01  5.3923E+02  8.5101E+03  3.8479E-08
 -2.7000   4125.2  3.29683E+01  0.000E+00  2.7382E+02  7.2518E+04  1.6142E+01  4.7318E+01  5.4154E+02  7.5855E+03  3.5147E-08
 -2.8000   4456.0  4.61236E+01  0.000E+00  2.7357E+02  7.2381E+04  1.6100E+01  4.7318E+01  5.3837E+02  6.7115E+03  3.1944E-08
 -2.9000   4770.4  6.18662E+01  0.000E+00  2.7332E+02  7.2245E+04  1.6058E+01  4.7318E+01  5.3216E+02  5.8939E+03  2.8865E-08
 -3.0000   5064.4  7.92166E+01  0.000E+00  2.7307E+02  7.2109E+04  1.6016E+01  4.7318E+01  5.2423E+02  5.1344E+03  2.5934E-08
 -3.1000   5334.3  9.70206E+01  0.000E+00  2.7282E+02  7.1972E+04  1.5975E+01  4.7318E+01  5.1524E+02  4.4327E+03  2.3146E-08
 -3.2000   5576.2  1.13897E+02  0.000E+00  2.7257E+02  7.1836E+04  1.5933E+01  4.7318E+01  5.0553E+02  3.7872E+03  2.0505E-08
 -3.3000   5786.2  1.28446E+02  0.000E+00  2.7232E+02  7.1700E+04  1.5891E+01  4.7318E+01  4.9521E+02  3.1947E+03  1.8013E-08
 -3.4000   5960.5  1.39857E+02  0.000E+00  2.7207E+02  7.1564E+04  1.5849E+01  4.7318E+01  4.8427E+02  2.6507E+03  1.5649E-08
 -3.5000   6095.2  1.47244E+02  0.000E+00  2.7182E+02  7.1427E+04  1.5807E+01  4.7318E+01  4.7256E+02  2.1498E+03  1.3404E-08
 -3.6000   6186.4  1.50333E+02  0.000E+00  2.7157E+02  7.1291E+04  1.5766E+01  4.7318E+01  4.5979E+02  1.6851E+03  1.1243E-08
 -3.7000   6230.4  1.48729E+02  0.000E+00  2.7132E+02  7.1155E+04  1.5724E+01  4.7318E+01  4.4541E+02  1.2495E+03  9.1368E-09
 -3.8000   6223.2  1.41802E+02  0.000E+00  2.7107E+02  7.1018E+04  1.5682E+01  4.7318E+01  4.2833E+02  8.3374E+02  7.0480E-09
 -3.9000   6161.0  1.29475E+02  0.000E+00  2.7083E+02  7.0882E+04  1.5640E+01  4.7318E+01  4.0605E+02  4.2537E+02  4.9028E-09
 -4.0000   6040.0  1.11547E+02  0.000E+00  2.7058E+02  7.0746E+04  1.5598E+01  4.7318E+01  3.6971E+02  0.0000E+00  2.5659E-09
