  0.4212542      0.0000000E+00   3.647469    
  1.2000     32.3  9.43467E+01  0.000E+00  1.8319E+02  4.9108E+04  1.0991E+01  6.2676E+01  2.1767E-02  4.5404E+03  8.2538E-09
  1.1000     33.2  8.63428E+01  0.000E+00  1.8319E+02  4.9108E+04  1.0991E+01  6.2676E+01  4.7001E-02  4.4577E+03  8.3658E-09
  1.0000     34.1  7.68406E+01  0.000E+00  1.8319E+02  4.9108E+04  1.0991E+01  6.2676E+01  7.0717E-02  4.3701E+03  8.4752E-09
  0.9000     35.1  6.67102E+01  0.000E+00  1.8319E+02  4.9108E+04  1.0991E+01  6.2676E+01  9.3094E-02  4.2773E+03  8.5809E-09
  0.8000     36.0  5.65717E+01  0.000E+00  1.8319E+02  4.9108E+04  1.0991E+01  6.2676E+01  1.1398E-01  4.1786E+03  8.6810E-09
  0.7000     36.9  4.69056E+01  0.000E+00  1.8319E+02  4.9108E+04  1.0991E+01  6.2676E+01  1.3276E-01  4.0729E+03  8.7726E-09
  0.6000     37.8  3.81191E+01  0.000E+00  1.8319E+02  4.9108E+04  1.0991E+01  6.2676E+01  1.4817E-01  3.9588E+03  8.8489E-09
  0.5000     38.7  3.02568E+01  0.000E+00  1.8319E+02  4.9108E+04  1.0991E+01  6.2676E+01  1.5833E-01  3.8339E+03  8.9080E-09
  0.4000     39.7  2.35931E+01  0.000E+00  1.8319E+02  4.9108E+04  1.0991E+01  6.2676E+01  1.6046E-01  3.6953E+03  8.9339E-09
  0.3000     40.6  1.81051E+01  0.000E+00  1.8319E+02  4.9108E+04  1.0991E+01  6.2676E+01  1.5087E-01  3.5397E+03  8.9139E-09
  0.2000     41.5  1.36029E+01  0.000E+00  1.8319E+02  4.9108E+04  1.0991E+01  6.2676E+01  1.2487E-01  3.3630E+03  8.8393E-09
  0.1000     42.4  1.01310E+01  0.000E+00  1.8319E+02  4.9108E+04  1.0991E+01  6.2676E+01  7.6895E-02  3.1610E+03  8.6805E-09
  0.0000     43.3  7.36238E+00  0.000E+00  1.8319E+02  4.9108E+04  1.0991E+01  6.2676E+01  0.0000E+00  2.9287E+03  8.4337E-09
 -0.1000     44.3  5.30806E+00  0.000E+00  1.8319E+02  4.9108E+04  1.0991E+01  6.2676E+01  1.1328E-01  2.6622E+03  8.0620E-09
 -0.2000     45.2  3.80356E+00  0.000E+00  1.8319E+02  4.9108E+04  1.0991E+01  6.2676E+01  2.6908E-01  2.3616E+03  7.5538E-09
 -0.3000     46.1  2.65744E+00  0.000E+00  1.8319E+02  4.9108E+04  1.0991E+01  6.2676E+01  4.7150E-01  2.0293E+03  6.9183E-09
 -0.4000     47.0  1.85522E+00  0.000E+00  1.8319E+02  4.9108E+04  1.0991E+01  6.2676E+01  7.1750E-01  1.6756E+03  6.1516E-09
 -0.5000     47.9  1.25614E+00  0.000E+00  1.8319E+02  4.9108E+04  1.0991E+01  6.2676E+01  9.8966E-01  1.3211E+03  5.3192E-09
 -0.6000     48.9  8.39500E-01  0.000E+00  1.8319E+02  4.9108E+04  1.0991E+01  6.2676E+01  1.2507E+00  9.9598E+02  4.4897E-09
 -0.7000     49.8  5.53765E-01  0.000E+00  1.8319E+02  4.9108E+04  1.0991E+01  6.2676E+01  1.4464E+00  7.3410E+02  3.7691E-09
 -0.8000     50.7  3.52314E-01  0.000E+00  1.8319E+02  4.9108E+04  1.0991E+01  6.2676E+01  1.5134E+00  5.6164E+02  3.2613E-09
 -0.9000     51.6  2.29068E-01  0.000E+00  1.8319E+02  4.9108E+04  1.0991E+01  6.2676E+01  1.4125E+00  4.8204E+02  2.9907E-09
 -1.0000     52.5  1.53901E-01  0.000E+00  1.8319E+02  4.9108E+04  1.0991E+01  6.2676E+01  1.1462E+00  4.7557E+02  2.9334E-09
 -1.1000     53.5  1.13568E-01  0.000E+00  1.8319E+02  4.9108E+04  1.0991E+01  6.2676E+01  7.4715E-01  5.1332E+02  3.0126E-09
 -1.2000     54.4  9.21969E-02  0.000E+00  1.8319E+02  4.9108E+04  1.0991E+01  6.2676E+01  2.6178E-01  5.6849E+02  3.1543E-09
 -1.3000     55.3  8.07467E-02  0.000E+00  1.8319E+02  4.9108E+04  1.0991E+01  6.2676E+01  2.7094E-01  6.2422E+02  3.3162E-09
 -1.4000     56.2  7.39659E-02  0.000E+00  1.8319E+02  4.9108E+04  1.0991E+01  6.2676E+01  8.2306E-01  6.7185E+02  3.4606E-09
 -1.5000     57.1  6.96748E-02  0.000E+00  1.8319E+02  4.9108E+04  1.0991E+01  6.2676E+01  1.3734E+00  7.0719E+02  3.5785E-09
 -1.6000     58.1  6.60543E-02  0.000E+00  1.8319E+02  4.9108E+04  1.0991E+01  6.2676E+01  1.9054E+00  7.2860E+02  3.6555E-09
 -1.7000     59.0  6.24119E-02  0.000E+00  1.8319E+02  4.9108E+04  1.0991E+01  6.2676E+01  2.4084E+00  7.3636E+02  3.6888E-09
 -1.8000     59.9  5.85696E-02  0.000E+00  1.8319E+02  4.9108E+04  1.0991E+01  6.2676E+01  2.8719E+00  7.3097E+02  3.6819E-09
 -1.9000     60.8  5.41499E-02  0.000E+00  1.8319E+02  4.9108E+04  1.0991E+01  6.2676E+01  3.2886E+00  7.1353E+02  3.6290E-09
 -2.0000     61.7  4.92454E-02  0.000E+00  1.8319E+02  4.9108E+04  1.0991E+01  6.2676E+01  3.6539E+00  6.8558E+02  3.5380E-09
 -2.1000     62.7  4.39776E-02  0.000E+00  1.8319E+02  4.9108E+04  1.0991E+01  6.2676E+01  3.9644E+00  6.4861E+02  3.4085E-09
 -2.2000     63.6  3.85672E-02  0.000E+00  1.8319E+02  4.9108E+04  1.0991E+01  6.2676E+01  4.2234E+00  6.0487E+02  3.2467E-09
 -2.3000     64.5  3.31299E-02  0.000E+00  1.8319E+02  4.9108E+04  1.0991E+01  6.2676E+01  4.4318E+00  5.5601E+02  3.0606E-09
 -2.4000     65.4  2.79800E-02  0.000E+00  1.8319E+02  4.9108E+04  1.0991E+01  6.2676E+01  4.5896E+00  5.0345E+02  2.8509E-09
 -2.5000     66.3  2.31487E-02  0.000E+00  1.8319E+02  4.9108E+04  1.0991E+01  6.2676E+01  4.7020E+00  4.4900E+02  2.6264E-09
 -2.6000     67.3  1.88232E-02  0.000E+00  1.8319E+02  4.9108E+04  1.0991E+01  6.2676E+01  4.7765E+00  3.9441E+02  2.3922E-09
 -2.7000     68.2  1.50671E-02  0.000E+00  1.8319E+02  4.9108E+04  1.0991E+01  6.2676E+01  4.8238E+00  3.4150E+02  2.1557E-09
 -2.8000     69.1  1.18218E-02  0.000E+00  1.8319E+02  4.9108E+04  1.0991E+01  6.2676E+01  4.8578E+00  2.9191E+02  1.9257E-09
 -2.9000     70.0  9.15399E-03  0.000E+00  1.8319E+02  4.9108E+04  1.0991E+01  6.2676E+01  4.8952E+00  2.4705E+02  1.7079E-09
 -3.0000     70.9  6.96842E-03  0.000E+00  1.8319E+02  4.9108E+04  1.0991E+01  6.2676E+01  4.9545E+00  2.0795E+02  1.5091E-09
 -3.1000     71.9  5.24793E-03  0.000E+00  1.8319E+02  4.9108E+04  1.0991E+01  6.2676E+01  5.0535E+00  1.7506E+02  1.3324E-09
 -3.2000     72.8  3.92743E-03  0.000E+00  1.8319E+02  4.9108E+04  1.0991E+01  6.2676E+01  5.2060E+00  1.4815E+02  1.1783E-09
 -3.3000     73.7  2.91997E-03  0.000E+00  1.8319E+02  4.9108E+04  1.0991E+01  6.2676E+01  5.4194E+00  1.2639E+02  1.0449E-09
 -3.4000     74.6  2.18230E-03  0.000E+00  1.8319E+02  4.9108E+04  1.0991E+01  6.2676E+01  5.6924E+00  1.0844E+02  9.2606E-10
 -3.5000     75.5  1.63604E-03  0.000E+00  1.8319E+02  4.9108E+04  1.0991E+01  6.2676E+01  6.0129E+00  9.2703E+01  8.1526E-10
 -3.6000     76.5  1.24208E-03  0.000E+00  1.8319E+02  4.9108E+04  1.0991E+01  6.2676E+01  6.3586E+00  7.7601E+01  7.0350E-10
 -3.7000     77.4  9.52048E-04  0.000E+00  1.8319E+02  4.9108E+04  1.0991E+01  6.2676E+01  6.6952E+00  6.1788E+01  5.8323E-10
 -3.8000     78.3  7.27045E-04  0.000E+00  1.8319E+02  4.9108E+04  1.0991E+01  6.2676E+01  6.9631E+00  4.4147E+01  4.4770E-10
 -3.9000     79.2  5.45494E-04  0.000E+00  1.8319E+02  4.9108E+04  1.0991E+01  6.2676E+01  7.0298E+00  2.3873E+01  2.8930E-10
 -4.0000     80.1  3.81966E-04  0.000E+00  1.8319E+02  4.9108E+04  1.0991E+01  6.2676E+01  6.2573E+00  0.0000E+00  9.7922E-11
