  0.3867178      0.0000000E+00   3.651203    
  1.2000     36.8  1.00028E+02  0.000E+00  1.6624E+02  4.2268E+04  1.5785E+01  3.6952E+02  3.7571E-01  7.0441E+03  1.2834E-08
  1.1000     38.0  9.15044E+01  0.000E+00  1.6624E+02  4.2268E+04  1.5785E+01  3.6952E+02  3.2426E-01  6.9506E+03  1.3094E-08
  1.0000     39.2  8.09275E+01  0.000E+00  1.6624E+02  4.2268E+04  1.5785E+01  3.6952E+02  2.7234E-01  6.8507E+03  1.3358E-08
  0.9000     40.4  6.95049E+01  0.000E+00  1.6624E+02  4.2268E+04  1.5785E+01  3.6952E+02  2.1986E-01  6.7435E+03  1.3625E-08
  0.8000     41.6  5.80690E+01  0.000E+00  1.6624E+02  4.2268E+04  1.5785E+01  3.6952E+02  1.6713E-01  6.6276E+03  1.3891E-08
  0.7000     42.8  4.72408E+01  0.000E+00  1.6624E+02  4.2268E+04  1.5785E+01  3.6952E+02  1.1507E-01  6.5009E+03  1.4152E-08
  0.6000     44.0  3.75186E+01  0.000E+00  1.6624E+02  4.2268E+04  1.5785E+01  3.6952E+02  6.5266E-02  6.3602E+03  1.4395E-08
  0.5000     45.2  2.89700E+01  0.000E+00  1.6624E+02  4.2268E+04  1.5785E+01  3.6952E+02  2.0054E-02  6.2012E+03  1.4617E-08
  0.4000     46.4  2.18725E+01  0.000E+00  1.6624E+02  4.2268E+04  1.5785E+01  3.6952E+02  1.7315E-02  6.0180E+03  1.4788E-08
  0.3000     47.6  1.61676E+01  0.000E+00  1.6624E+02  4.2268E+04  1.5785E+01  3.6952E+02  4.2734E-02  5.8044E+03  1.4885E-08
  0.2000     48.8  1.16225E+01  0.000E+00  1.6624E+02  4.2268E+04  1.5785E+01  3.6952E+02  5.1305E-02  5.5525E+03  1.4889E-08
  0.1000     50.0  8.22736E+00  0.000E+00  1.6624E+02  4.2268E+04  1.5785E+01  3.6952E+02  3.8140E-02  5.2554E+03  1.4746E-08
  0.0000     51.2  5.62292E+00  0.000E+00  1.6624E+02  4.2268E+04  1.5785E+01  3.6952E+02  0.0000E+00  4.9079E+03  1.4454E-08
 -0.1000     52.4  3.76509E+00  0.000E+00  1.6624E+02  4.2268E+04  1.5785E+01  3.6952E+02  6.0225E-02  4.5125E+03  1.3969E-08
 -0.2000     53.5  2.45980E+00  0.000E+00  1.6624E+02  4.2268E+04  1.5785E+01  3.6952E+02  1.2461E-01  4.0897E+03  1.3321E-08
 -0.3000     54.7  1.51218E+00  0.000E+00  1.6624E+02  4.2268E+04  1.5785E+01  3.6952E+02  1.4448E-01  3.6855E+03  1.2645E-08
 -0.4000     55.9  8.82299E-01  0.000E+00  1.6624E+02  4.2268E+04  1.5785E+01  3.6952E+02  3.3539E-02  3.3722E+03  1.2106E-08
 -0.5000     57.1  4.55164E-01  0.000E+00  1.6624E+02  4.2268E+04  1.5785E+01  3.6952E+02  3.1683E-01  3.2269E+03  1.1984E-08
 -0.6000     58.3  2.10051E-01  0.000E+00  1.6624E+02  4.2268E+04  1.5785E+01  3.6952E+02  9.6788E-01  3.2743E+03  1.2385E-08
 -0.7000     59.5  9.24311E-02  0.000E+00  1.6624E+02  4.2268E+04  1.5785E+01  3.6952E+02  1.8774E+00  3.4628E+03  1.3216E-08
 -0.8000     60.7  5.03664E-02  0.000E+00  1.6624E+02  4.2268E+04  1.5785E+01  3.6952E+02  2.9415E+00  3.7118E+03  1.4305E-08
 -0.9000     61.9  4.59146E-02  0.000E+00  1.6624E+02  4.2268E+04  1.5785E+01  3.6952E+02  4.0611E+00  3.9591E+03  1.5434E-08
 -1.0000     63.1  5.75283E-02  0.000E+00  1.6624E+02  4.2268E+04  1.5785E+01  3.6952E+02  5.1687E+00  4.1716E+03  1.6533E-08
 -1.1000     64.3  7.08797E-02  0.000E+00  1.6624E+02  4.2268E+04  1.5785E+01  3.6952E+02  6.2287E+00  4.3369E+03  1.7516E-08
 -1.2000     65.5  7.96363E-02  0.000E+00  1.6624E+02  4.2268E+04  1.5785E+01  3.6952E+02  7.2284E+00  4.4545E+03  1.8362E-08
 -1.3000     66.7  8.24990E-02  0.000E+00  1.6624E+02  4.2268E+04  1.5785E+01  3.6952E+02  8.1674E+00  4.5277E+03  1.9107E-08
 -1.4000     67.9  7.80219E-02  0.000E+00  1.6624E+02  4.2268E+04  1.5785E+01  3.6952E+02  9.0556E+00  4.5631E+03  1.9715E-08
 -1.5000     69.1  6.83495E-02  0.000E+00  1.6624E+02  4.2268E+04  1.5785E+01  3.6952E+02  9.9120E+00  4.5697E+03  2.0247E-08
 -1.6000     70.3  5.50388E-02  0.000E+00  1.6624E+02  4.2268E+04  1.5785E+01  3.6952E+02  1.0757E+01  4.5554E+03  2.0693E-08
 -1.7000     71.5  4.25817E-02  0.000E+00  1.6624E+02  4.2268E+04  1.5785E+01  3.6952E+02  1.1625E+01  4.5343E+03  2.1104E-08
 -1.8000     72.6  2.97851E-02  0.000E+00  1.6624E+02  4.2268E+04  1.5785E+01  3.6952E+02  1.2557E+01  4.5198E+03  2.1563E-08
 -1.9000     73.8  1.88616E-02  0.000E+00  1.6624E+02  4.2268E+04  1.5785E+01  3.6952E+02  1.3576E+01  4.5194E+03  2.2072E-08
 -2.0000     75.0  9.86277E-03  0.000E+00  1.6624E+02  4.2268E+04  1.5785E+01  3.6952E+02  1.4709E+01  4.5401E+03  2.2699E-08
 -2.1000     76.2  3.17480E-03  0.000E+00  1.6624E+02  4.2268E+04  1.5785E+01  3.6952E+02  1.5962E+01  4.5826E+03  2.3437E-08
 -2.2000     77.4  1.32097E-03  0.000E+00  1.6624E+02  4.2268E+04  1.5785E+01  3.6952E+02  1.7314E+01  4.6392E+03  2.4263E-08
 -2.3000     78.6  3.90852E-03  0.000E+00  1.6624E+02  4.2268E+04  1.5785E+01  3.6952E+02  1.8721E+01  4.6953E+03  2.5140E-08
 -2.4000     79.8  4.85177E-03  0.000E+00  1.6624E+02  4.2268E+04  1.5785E+01  3.6952E+02  2.0124E+01  4.7324E+03  2.5951E-08
 -2.5000     81.0  4.66666E-03  0.000E+00  1.6624E+02  4.2268E+04  1.5785E+01  3.6952E+02  2.1467E+01  4.7333E+03  2.6625E-08
 -2.6000     82.2  3.89464E-03  0.000E+00  1.6624E+02  4.2268E+04  1.5785E+01  3.6952E+02  2.2716E+01  4.6847E+03  2.7060E-08
 -2.7000     83.4  2.87050E-03  0.000E+00  1.6624E+02  4.2268E+04  1.5785E+01  3.6952E+02  2.3860E+01  4.5781E+03  2.7180E-08
 -2.8000     84.6  1.65571E-03  0.000E+00  1.6624E+02  4.2268E+04  1.5785E+01  3.6952E+02  2.4886E+01  4.4018E+03  2.6907E-08
 -2.9000     85.8  3.89170E-04  0.000E+00  1.6624E+02  4.2268E+04  1.5785E+01  3.6952E+02  2.5757E+01  4.1361E+03  2.6057E-08
 -3.0000     87.0  6.95333E-04  0.000E+00  1.6624E+02  4.2268E+04  1.5785E+01  3.6952E+02  2.6391E+01  3.7499E+03  2.4404E-08
 -3.1000     88.2  1.33431E-03  0.000E+00  1.6624E+02  4.2268E+04  1.5785E+01  3.6952E+02  2.6642E+01  3.2058E+03  2.1614E-08
 -3.2000     89.4  1.40552E-03  0.000E+00  1.6624E+02  4.2268E+04  1.5785E+01  3.6952E+02  2.6436E+01  2.5432E+03  1.7598E-08
 -3.3000     90.6  1.21062E-03  0.000E+00  1.6624E+02  4.2268E+04  1.5785E+01  3.6952E+02  2.5967E+01  1.9201E+03  1.3388E-08
 -3.4000     91.7  1.02985E-03  0.000E+00  1.6624E+02  4.2268E+04  1.5785E+01  3.6952E+02  2.5412E+01  1.4231E+03  1.0017E-08
 -3.5000     92.9  8.63810E-04  0.000E+00  1.6624E+02  4.2268E+04  1.5785E+01  3.6952E+02  2.4759E+01  1.0280E+03  7.3238E-09
 -3.6000     94.1  7.13210E-04  0.000E+00  1.6624E+02  4.2268E+04  1.5785E+01  3.6952E+02  2.3986E+01  7.1501E+02  5.1768E-09
 -3.7000     95.3  5.79213E-04  0.000E+00  1.6624E+02  4.2268E+04  1.5785E+01  3.6952E+02  2.3043E+01  4.6809E+02  3.4689E-09
 -3.8000     96.5  4.63964E-04  0.000E+00  1.6624E+02  4.2268E+04  1.5785E+01  3.6952E+02  2.1807E+01  2.7408E+02  2.1118E-09
 -3.9000     97.7  3.71827E-04  0.000E+00  1.6624E+02  4.2268E+04  1.5785E+01  3.6952E+02  1.9861E+01  1.2194E+02  1.0306E-09
 -4.0000     98.9  3.14716E-04  0.000E+00  1.6624E+02  4.2268E+04  1.5785E+01  3.6952E+02  1.4298E+01  0.0000E+00  1.4308E-10
