  0.2628493      0.0000000E+00   2.327053    
  1.2000    583.2  3.33589E+03  0.000E+00  6.4900E+03  3.4933E+05  1.8648E+01  9.8591E+01  5.7758E+01  2.5220E+04  2.0429E-07
  1.1000    484.6  2.13531E+03  0.000E+00  5.6102E+03  3.2268E+05  1.8644E+01  9.8591E+01  5.6245E+01  2.3711E+04  2.0466E-07
  1.0000    397.5  1.32349E+03  0.000E+00  4.8133E+03  2.9717E+05  1.8639E+01  9.8591E+01  5.4221E+01  2.2341E+04  2.0493E-07
  0.9000    321.4  7.92821E+02  0.000E+00  4.0952E+03  2.7281E+05  1.8635E+01  9.8591E+01  5.1659E+01  2.1130E+04  2.0511E-07
  0.8000    255.7  4.57298E+02  0.000E+00  3.4520E+03  2.4959E+05  1.8631E+01  9.8591E+01  4.8542E+01  2.0091E+04  2.0524E-07
  0.7000    199.7  2.52405E+02  0.000E+00  2.8797E+03  2.2752E+05  1.8626E+01  9.8591E+01  4.4858E+01  1.9227E+04  2.0530E-07
  0.6000    152.6  1.32335E+02  0.000E+00  2.3742E+03  2.0660E+05  1.8622E+01  9.8591E+01  4.0594E+01  1.8536E+04  2.0525E-07
  0.5000    114.0  6.45422E+01  0.000E+00  1.9317E+03  1.8682E+05  1.8617E+01  9.8591E+01  3.5718E+01  1.8014E+04  2.0515E-07
  0.4000     83.1  2.85635E+01  0.000E+00  1.5480E+03  1.6818E+05  1.8613E+01  9.8591E+01  3.0183E+01  1.7653E+04  2.0480E-07
  0.3000     59.2  1.06460E+01  0.000E+00  1.2193E+03  1.5070E+05  1.8608E+01  9.8591E+01  2.3934E+01  1.7448E+04  2.0411E-07
  0.2000     41.8  2.45818E+00  0.000E+00  9.4151E+02  1.3436E+05  1.8604E+01  9.8591E+01  1.6885E+01  1.7392E+04  2.0311E-07
  0.1000     30.2  7.54868E-01  0.000E+00  7.1067E+02  1.1916E+05  1.8599E+01  9.8591E+01  8.9471E+00  1.7476E+04  2.0146E-07
  0.0000     23.6  1.66621E+00  0.000E+00  5.2281E+02  1.0511E+05  1.8595E+01  9.8591E+01  0.0000E+00  1.7688E+04  1.9940E-07
 -0.1000     21.5  1.67338E+00  0.000E+00  3.7392E+02  9.2208E+04  1.8591E+01  9.8591E+01  1.0085E+01  1.8018E+04  1.9649E-07
 -0.2000     23.2  1.43440E+00  0.000E+00  2.6002E+02  8.0450E+04  1.8586E+01  9.8591E+01  2.1366E+01  1.8457E+04  1.9278E-07
 -0.3000     28.1  1.21276E+00  0.000E+00  1.7713E+02  6.9839E+04  1.8582E+01  9.8591E+01  3.3939E+01  1.9016E+04  1.8871E-07
 -0.4000     35.5  1.10858E+00  0.000E+00  1.2126E+02  6.0373E+04  1.8577E+01  9.8591E+01  4.7831E+01  1.9726E+04  1.8415E-07
 -0.5000     44.7  1.11144E+00  0.000E+00  8.8415E+01  5.2053E+04  1.8573E+01  9.8591E+01  6.2977E+01  2.0640E+04  1.8003E-07
 -0.6000     55.1  1.16841E+00  0.000E+00  7.4619E+01  4.4879E+04  1.8568E+01  9.8591E+01  7.9194E+01  2.1796E+04  1.7658E-07
 -0.7000     66.0  1.21620E+00  0.000E+00  7.5882E+01  3.8851E+04  1.8564E+01  9.8591E+01  9.6088E+01  2.3168E+04  1.7424E-07
 -0.8000     76.8  1.20693E+00  0.000E+00  8.8218E+01  3.3969E+04  1.8559E+01  9.8591E+01  1.1317E+02  2.4670E+04  1.7344E-07
 -0.9000     86.9  1.13657E+00  0.000E+00  1.0764E+02  3.0233E+04  1.8555E+01  9.8591E+01  1.2996E+02  2.6194E+04  1.7369E-07
 -1.0000     95.5  1.00405E+00  0.000E+00  1.3016E+02  2.7643E+04  1.8551E+01  9.8591E+01  1.4608E+02  2.7643E+04  1.7514E-07
 -1.1000    102.1  8.41828E-01  0.000E+00  1.5179E+02  2.6198E+04  1.8546E+01  9.8591E+01  1.6132E+02  2.8963E+04  1.7726E-07
 -1.2000    105.9  6.74338E-01  0.000E+00  1.6855E+02  2.5900E+04  1.8542E+01  9.8591E+01  1.7564E+02  3.0135E+04  1.7989E-07
 -1.3000    106.4  5.09668E-01  0.000E+00  1.7644E+02  2.6748E+04  1.8537E+01  9.8591E+01  1.8912E+02  3.1162E+04  1.8325E-07
 -1.4000    102.8  3.82512E-01  0.000E+00  1.7149E+02  2.8741E+04  1.8533E+01  9.8591E+01  2.0201E+02  3.2072E+04  1.8693E-07
 -1.5000     95.3  2.90464E-01  0.000E+00  1.5129E+02  3.1880E+04  1.8528E+01  9.8591E+01  2.1468E+02  3.2911E+04  1.9129E-07
 -1.6000     87.4  2.31972E-01  0.000E+00  1.1978E+02  3.6165E+04  1.8524E+01  9.8591E+01  2.2763E+02  3.3736E+04  1.9617E-07
 -1.7000     83.1  1.91176E-01  0.000E+00  8.2473E+01  4.1596E+04  1.8519E+01  9.8591E+01  2.4140E+02  3.4607E+04  2.0173E-07
 -1.8000     86.8  1.61391E-01  0.000E+00  4.4902E+01  4.8173E+04  1.8515E+01  9.8591E+01  2.5650E+02  3.5568E+04  2.0843E-07
 -1.9000    102.6  1.39355E-01  0.000E+00  1.2585E+01  5.5896E+04  1.8511E+01  9.8591E+01  2.7326E+02  3.6620E+04  2.1607E-07
 -2.0000    134.8  1.19225E-01  0.000E+00  8.9551E+00  6.4765E+04  1.8506E+01  9.8591E+01  2.9187E+02  3.7711E+04  2.2488E-07
 -2.1000    187.4  9.63939E-02  0.000E+00  1.4197E+01  7.4780E+04  1.8502E+01  9.8591E+01  3.1240E+02  3.8714E+04  2.3423E-07
 -2.2000    264.8  7.01006E-02  0.000E+00  2.3828E+00  8.5940E+04  1.8497E+01  9.8591E+01  3.3493E+02  3.9437E+04  2.4316E-07
 -2.3000    371.1  4.18313E-02  0.000E+00  4.6305E+01  9.8247E+04  1.8493E+01  9.8591E+01  3.5960E+02  3.9600E+04  2.5030E-07
 -2.4000    510.5  1.45012E-02  0.000E+00  1.2309E+02  1.1170E+05  1.8488E+01  9.8591E+01  3.8655E+02  3.8775E+04  2.5241E-07
 -2.5000    687.3  8.96832E-03  0.000E+00  2.3827E+02  1.2630E+05  1.8484E+01  9.8591E+01  4.1582E+02  3.6236E+04  2.4449E-07
 -2.6000    905.6  2.85091E-02  0.000E+00  3.9735E+02  1.4204E+05  1.8480E+01  9.8591E+01  4.4700E+02  3.1333E+04  2.1856E-07
 -2.7000   1169.7  6.48260E-02  0.000E+00  6.0587E+02  1.5893E+05  1.8475E+01  9.8591E+01  4.7862E+02  2.5633E+04  1.7809E-07
 -2.8000   1483.6  1.26576E-01  0.000E+00  8.6934E+02  1.7697E+05  1.8471E+01  9.8591E+01  5.0935E+02  2.0834E+04  1.4464E-07
 -2.9000   1851.8  1.75584E-01  0.000E+00  1.1933E+03  1.9615E+05  1.8466E+01  9.8591E+01  5.4491E+02  1.6900E+04  1.1722E-07
 -3.0000   2278.2  1.77951E-01  0.000E+00  1.5832E+03  2.1648E+05  1.8462E+01  9.8591E+01  6.0767E+02  1.3859E+04  9.5069E-08
 -3.1000   2767.2  3.25996E-01  0.000E+00  2.0447E+03  2.3795E+05  1.8457E+01  9.8591E+01  7.0033E+02  1.1444E+04  7.6960E-08
 -3.2000   3323.0  1.08103E+00  0.000E+00  2.5832E+03  2.6057E+05  1.8453E+01  9.8591E+01  7.7711E+02  9.2788E+03  6.1764E-08
 -3.3000   3949.7  4.02258E+00  0.000E+00  3.2043E+03  2.8434E+05  1.8448E+01  9.8591E+01  8.0871E+02  7.3275E+03  4.9038E-08
 -3.4000   4651.5  1.43379E+01  0.000E+00  3.9134E+03  3.0925E+05  1.8444E+01  9.8591E+01  8.0997E+02  5.6586E+03  3.8508E-08
 -3.5000   5432.7  4.50110E+01  0.000E+00  4.7162E+03  3.3531E+05  1.8440E+01  9.8591E+01  7.9917E+02  4.2651E+03  2.9821E-08
 -3.6000   6297.5  1.14415E+02  0.000E+00  5.6181E+03  3.6251E+05  1.8435E+01  9.8591E+01  7.8418E+02  3.1071E+03  2.2630E-08
 -3.7000   7250.0  2.08927E+02  0.000E+00  6.6247E+03  3.9086E+05  1.8431E+01  9.8591E+01  7.6674E+02  2.1399E+03  1.6633E-08
 -3.8000   8294.4  2.65657E+02  0.000E+00  7.7414E+03  4.2035E+05  1.8426E+01  9.8591E+01  7.4602E+02  1.3222E+03  1.1566E-08
 -3.9000   9435.0  2.81491E+02  0.000E+00  8.9738E+03  4.5100E+05  1.8422E+01  9.8591E+01  7.1875E+02  6.1417E+02  7.1811E-09
 -4.0000  10676.0  2.85409E+02  0.000E+00  1.0327E+04  4.8278E+05  1.8417E+01  9.8591E+01  6.7485E+02  0.0000E+00  3.3014E-09
