  0.1955754      0.0000000E+00  0.5705872    
  1.4000     86.8  2.39599E+02  6.731E+06  8.1529E+01  1.2295E+04  0.0000E+00  0.0000E+00  7.6258E-01  1.5465E+04  2.8953E-08
  1.3000     88.5  2.22256E+02  6.731E+06  8.1529E+01  1.2295E+04  0.0000E+00  0.0000E+00  6.1235E-01  1.5075E+04  2.8787E-08
  1.2000     90.3  2.04390E+02  6.731E+06  8.1529E+01  1.2295E+04  0.0000E+00  0.0000E+00  4.7377E-01  1.4702E+04  2.8648E-08
  1.1000     92.1  1.86378E+02  6.731E+06  8.1529E+01  1.2295E+04  0.0000E+00  0.0000E+00  3.4546E-01  1.4346E+04  2.8537E-08
  1.0000     93.9  1.68566E+02  6.731E+06  8.1529E+01  1.2295E+04  0.0000E+00  0.0000E+00  2.2789E-01  1.4005E+04  2.8453E-08
  0.9000     95.6  1.51228E+02  6.731E+06  8.1529E+01  1.2295E+04  0.0000E+00  0.0000E+00  1.2098E-01  1.3677E+04  2.8393E-08
  0.8000     97.4  1.32212E+02  6.731E+06  8.1529E+01  1.2295E+04  0.0000E+00  0.0000E+00  2.3857E-02  1.3358E+04  2.8425E-08
  0.7000     99.2  1.10073E+02  6.731E+06  8.1529E+01  1.2295E+04  0.0000E+00  0.0000E+00  6.5559E-02  1.3036E+04  2.8609E-08
  0.6000    100.9  8.73513E+01  6.731E+06  8.1529E+01  1.2295E+04  0.0000E+00  0.0000E+00  1.4785E-01  1.2694E+04  2.8884E-08
  0.5000    102.7  6.62318E+01  6.731E+06  8.1529E+01  1.2295E+04  0.0000E+00  0.0000E+00  2.1990E-01  1.2314E+04  2.9181E-08
  0.4000    104.5  4.69952E+01  6.731E+06  8.1529E+01  1.2295E+04  0.0000E+00  0.0000E+00  2.7384E-01  1.1870E+04  2.9484E-08
  0.3000    106.2  3.25520E+01  6.731E+06  8.1529E+01  1.2295E+04  0.0000E+00  0.0000E+00  2.9581E-01  1.1330E+04  2.9530E-08
  0.2000    108.0  2.22489E+01  6.731E+06  8.1529E+01  1.2295E+04  0.0000E+00  0.0000E+00  2.6760E-01  1.0671E+04  2.9190E-08
  0.1000    109.8  1.53608E+01  6.731E+06  8.1529E+01  1.2295E+04  0.0000E+00  0.0000E+00  1.7234E-01  9.8848E+03  2.8328E-08
  0.0000    111.5  1.07825E+01  6.731E+06  8.1529E+01  1.2295E+04  0.0000E+00  0.0000E+00  0.0000E+00  8.9831E+03  2.6932E-08
 -0.1000    113.3  7.75993E+00  6.731E+06  8.1529E+01  1.2295E+04  0.0000E+00  0.0000E+00  2.4964E-01  7.9982E+03  2.5053E-08
 -0.2000    115.1  5.71857E+00  6.731E+06  8.1529E+01  1.2295E+04  0.0000E+00  0.0000E+00  5.6681E-01  6.9757E+03  2.2825E-08
 -0.3000    116.9  4.30143E+00  6.731E+06  8.1529E+01  1.2295E+04  0.0000E+00  0.0000E+00  9.3480E-01  5.9630E+03  2.0405E-08
 -0.4000    118.6  3.32442E+00  6.731E+06  8.1529E+01  1.2295E+04  0.0000E+00  0.0000E+00  1.3361E+00  5.0007E+03  1.7925E-08
 -0.5000    120.4  2.59260E+00  6.731E+06  8.1529E+01  1.2295E+04  0.0000E+00  0.0000E+00  1.7522E+00  4.1179E+03  1.5530E-08
 -0.6000    122.2  2.01873E+00  6.731E+06  8.1529E+01  1.2295E+04  0.0000E+00  0.0000E+00  2.1575E+00  3.3335E+03  1.3311E-08
 -0.7000    123.9  1.54790E+00  6.731E+06  8.1529E+01  1.2295E+04  0.0000E+00  0.0000E+00  2.5114E+00  2.6631E+03  1.1342E-08
 -0.8000    125.7  1.20323E+00  6.731E+06  8.1529E+01  1.2295E+04  0.0000E+00  0.0000E+00  2.7782E+00  2.1133E+03  9.6339E-09
 -0.9000    127.5  9.52213E-01  6.731E+06  8.1529E+01  1.2295E+04  0.0000E+00  0.0000E+00  2.9443E+00  1.6763E+03  8.1923E-09
 -1.0000    129.2  7.70172E-01  6.731E+06  8.1529E+01  1.2295E+04  0.0000E+00  0.0000E+00  3.0112E+00  1.3356E+03  6.9929E-09
 -1.1000    131.0  6.17747E-01  6.731E+06  8.1529E+01  1.2295E+04  0.0000E+00  0.0000E+00  2.9674E+00  1.0784E+03  6.0318E-09
 -1.2000    132.8  5.07679E-01  6.731E+06  8.1529E+01  1.2295E+04  0.0000E+00  0.0000E+00  2.8060E+00  8.9095E+02  5.2619E-09
 -1.3000    134.5  4.28182E-01  6.731E+06  8.1529E+01  1.2295E+04  0.0000E+00  0.0000E+00  2.5490E+00  7.5346E+02  4.6360E-09
 -1.4000    136.3  3.64996E-01  6.731E+06  8.1529E+01  1.2295E+04  0.0000E+00  0.0000E+00  2.2119E+00  6.5171E+02  4.1247E-09
 -1.5000    138.1  3.09243E-01  6.731E+06  8.1529E+01  1.2295E+04  0.0000E+00  0.0000E+00  1.7865E+00  5.7912E+02  3.7164E-09
 -1.6000    139.9  2.64450E-01  6.731E+06  8.1529E+01  1.2295E+04  0.0000E+00  0.0000E+00  1.2627E+00  5.3051E+02  3.3908E-09
 -1.7000    141.6  2.32276E-01  6.731E+06  8.1529E+01  1.2295E+04  0.0000E+00  0.0000E+00  6.5552E-01  4.9733E+02  3.1184E-09
 -1.8000    143.4  2.10413E-01  6.731E+06  8.1529E+01  1.2295E+04  0.0000E+00  0.0000E+00  9.1553E-05  4.7047E+02  2.8733E-09
 -1.9000    145.2  1.90553E-01  6.731E+06  8.1529E+01  1.2295E+04  0.0000E+00  0.0000E+00  6.8436E-01  4.4569E+02  2.6510E-09
 -2.0000    146.9  1.72493E-01  6.731E+06  8.1529E+01  1.2295E+04  0.0000E+00  0.0000E+00  1.4009E+00  4.2280E+02  2.4493E-09
 -2.1000    148.7  1.56054E-01  6.731E+06  8.1529E+01  1.2295E+04  0.0000E+00  0.0000E+00  2.1531E+00  4.0166E+02  2.2662E-09
 -2.2000    150.5  1.41075E-01  6.731E+06  8.1529E+01  1.2295E+04  0.0000E+00  0.0000E+00  2.9458E+00  3.8214E+02  2.0999E-09
 -2.3000    152.2  1.30157E-01  6.731E+06  8.1529E+01  1.2295E+04  0.0000E+00  0.0000E+00  3.7647E+00  3.6283E+02  1.9423E-09
 -2.4000    154.0  1.20347E-01  6.731E+06  8.1529E+01  1.2295E+04  0.0000E+00  0.0000E+00  4.5898E+00  3.4238E+02  1.7913E-09
 -2.5000    155.8  1.11536E-01  6.731E+06  8.1529E+01  1.2295E+04  0.0000E+00  0.0000E+00  5.4135E+00  3.2087E+02  1.6460E-09
 -2.6000    157.6  9.90137E-02  6.731E+06  8.1529E+01  1.2295E+04  0.0000E+00  0.0000E+00  6.2722E+00  3.0043E+02  1.5163E-09
 -2.7000    159.3  8.96407E-02  6.731E+06  8.1529E+01  1.2295E+04  0.0000E+00  0.0000E+00  7.1919E+00  2.8212E+02  1.3974E-09
 -2.8000    161.1  8.10698E-02  6.731E+06  8.1529E+01  1.2295E+04  0.0000E+00  0.0000E+00  8.1613E+00  2.6483E+02  1.2879E-09
 -2.9000    162.9  7.50202E-02  6.731E+06  8.1529E+01  1.2295E+04  0.0000E+00  0.0000E+00  9.1614E+00  2.4771E+02  1.1826E-09
 -3.0000    164.6  6.95322E-02  6.731E+06  8.1529E+01  1.2295E+04  0.0000E+00  0.0000E+00  1.0165E+01  2.2994E+02  1.0805E-09
 -3.1000    166.4  6.45496E-02  6.731E+06  8.1529E+01  1.2295E+04  0.0000E+00  0.0000E+00  1.1162E+01  2.1156E+02  9.8105E-10
 -3.2000    168.2  6.00245E-02  6.731E+06  8.1529E+01  1.2295E+04  0.0000E+00  0.0000E+00  1.2137E+01  1.9259E+02  8.8379E-10
 -3.3000    169.9  5.59162E-02  6.731E+06  8.1529E+01  1.2295E+04  0.0000E+00  0.0000E+00  1.3067E+01  1.7302E+02  7.8816E-10
 -3.4000    171.7  5.21906E-02  6.731E+06  8.1529E+01  1.2295E+04  0.0000E+00  0.0000E+00  1.3921E+01  1.5277E+02  6.9355E-10
 -3.5000    173.5  4.76822E-02  6.731E+06  8.1529E+01  1.2295E+04  0.0000E+00  0.0000E+00  1.4687E+01  1.3215E+02  6.0122E-10
 -3.6000    175.2  4.46350E-02  6.731E+06  8.1529E+01  1.2295E+04  0.0000E+00  0.0000E+00  1.5297E+01  1.1097E+02  5.0844E-10
 -3.7000    177.0  4.28479E-02  6.731E+06  8.1529E+01  1.2295E+04  0.0000E+00  0.0000E+00  1.5557E+01  8.8149E+01  4.1194E-10
 -3.8000    178.8  4.21774E-02  6.731E+06  8.1529E+01  1.2295E+04  0.0000E+00  0.0000E+00  1.5134E+01  6.2699E+01  3.0865E-10
 -3.9000    180.6  4.17295E-02  6.731E+06  8.1529E+01  1.2295E+04  0.0000E+00  0.0000E+00  1.3451E+01  3.3760E+01  1.9625E-10
 -4.0000    182.3  4.31263E-02  6.731E+06  8.1529E+01  1.2295E+04  0.0000E+00  0.0000E+00  9.2485E+00  0.0000E+00  6.9960E-11
