  4.8988581E-02  0.0000000E+00  0.4111710    
  1.4000    190.7  1.12714E+02  7.836E+05  4.5298E+01  1.2683E+04  0.0000E+00  0.0000E+00  8.9079E+00  3.3995E+04  9.4450E-08
  1.3000    178.2  1.07756E+02  7.836E+05  4.5101E+01  1.2612E+04  0.0000E+00  0.0000E+00  7.7240E+00  2.6765E+04  7.4495E-08
  1.2000    166.1  1.01712E+02  7.836E+05  4.4904E+01  1.2540E+04  0.0000E+00  0.0000E+00  6.6254E+00  2.1347E+04  5.9613E-08
  1.1000    154.3  9.47548E+01  7.836E+05  4.4708E+01  1.2469E+04  0.0000E+00  0.0000E+00  5.6369E+00  1.7280E+04  4.8456E-08
  1.0000    142.8  8.70997E+01  7.836E+05  4.4511E+01  1.2398E+04  0.0000E+00  0.0000E+00  4.7729E+00  1.4223E+04  4.0045E-08
  0.9000    131.7  7.89630E+01  7.836E+05  4.4314E+01  1.2326E+04  0.0000E+00  0.0000E+00  4.0385E+00  1.1922E+04  3.3669E-08
  0.8000    121.0  6.86913E+01  7.836E+05  4.4117E+01  1.2255E+04  0.0000E+00  0.0000E+00  3.4225E+00  1.0167E+04  2.8859E-08
  0.7000    110.7  5.57298E+01  7.836E+05  4.3920E+01  1.2184E+04  0.0000E+00  0.0000E+00  2.8955E+00  8.7726E+03  2.5175E-08
  0.6000    100.7  4.25152E+01  7.836E+05  4.3723E+01  1.2113E+04  0.0000E+00  0.0000E+00  2.4268E+00  7.6035E+03  2.2178E-08
  0.5000     91.2  3.07410E+01  7.836E+05  4.3527E+01  1.2041E+04  0.0000E+00  0.0000E+00  1.9948E+00  6.5797E+03  1.9595E-08
  0.4000     82.1  2.05993E+01  7.836E+05  4.3330E+01  1.1970E+04  0.0000E+00  0.0000E+00  1.5784E+00  5.6405E+03  1.7286E-08
  0.3000     73.4  1.35011E+01  7.836E+05  4.3133E+01  1.1899E+04  0.0000E+00  0.0000E+00  1.1650E+00  4.7551E+03  1.5024E-08
  0.2000     65.2  8.74829E+00  7.836E+05  4.2936E+01  1.1827E+04  0.0000E+00  0.0000E+00  7.5712E-01  3.9286E+03  1.2809E-08
  0.1000     57.4  5.73342E+00  7.836E+05  4.2739E+01  1.1756E+04  0.0000E+00  0.0000E+00  3.6435E-01  3.1784E+03  1.0676E-08
  0.0000     50.2  3.81039E+00  7.836E+05  4.2542E+01  1.1685E+04  0.0000E+00  0.0000E+00  0.0000E+00  2.5241E+03  8.7124E-09
 -0.1000     43.4  2.57815E+00  7.836E+05  4.2345E+01  1.1613E+04  0.0000E+00  0.0000E+00  3.2438E-01  1.9767E+03  6.9836E-09
 -0.2000     37.1  1.76292E+00  7.836E+05  4.2149E+01  1.1542E+04  0.0000E+00  0.0000E+00  6.0104E-01  1.5365E+03  5.5284E-09
 -0.3000     31.3  1.20764E+00  7.836E+05  4.1952E+01  1.1471E+04  0.0000E+00  0.0000E+00  8.2608E-01  1.1948E+03  4.3495E-09
 -0.4000     26.1  8.28081E-01  7.836E+05  4.1755E+01  1.1399E+04  0.0000E+00  0.0000E+00  9.9852E-01  9.3831E+02  3.4237E-09
 -0.5000     21.4  5.54314E-01  7.836E+05  4.1558E+01  1.1328E+04  0.0000E+00  0.0000E+00  1.1186E+00  7.5241E+02  2.7244E-09
 -0.6000     17.3  3.55473E-01  7.836E+05  4.1361E+01  1.1257E+04  0.0000E+00  0.0000E+00  1.1863E+00  6.2311E+02  2.2151E-09
 -0.7000     13.7  2.12335E-01  7.836E+05  4.1164E+01  1.1186E+04  0.0000E+00  0.0000E+00  1.2004E+00  5.3860E+02  1.8630E-09
 -0.8000     10.7  1.18112E-01  7.836E+05  4.0968E+01  1.1114E+04  0.0000E+00  0.0000E+00  1.1601E+00  4.8911E+02  1.6346E-09
 -0.9000      8.4  5.77488E-02  7.836E+05  4.0771E+01  1.1043E+04  0.0000E+00  0.0000E+00  1.0653E+00  4.6632E+02  1.5060E-09
 -1.0000      6.6  2.03590E-02  7.836E+05  4.0574E+01  1.0972E+04  0.0000E+00  0.0000E+00  9.1542E-01  4.6331E+02  1.4562E-09
 -1.1000      5.4  2.76899E-03  7.836E+05  4.0377E+01  1.0900E+04  0.0000E+00  0.0000E+00  7.0671E-01  4.7510E+02  1.4716E-09
 -1.2000      4.9  1.58997E-02  7.836E+05  4.0180E+01  1.0829E+04  0.0000E+00  0.0000E+00  4.3237E-01  4.9819E+02  1.5375E-09
 -1.3000      5.1  2.32818E-02  7.836E+05  3.9983E+01  1.0758E+04  0.0000E+00  0.0000E+00  8.4061E-02  5.3005E+02  1.6443E-09
 -1.4000      5.9  2.78606E-02  7.836E+05  3.9787E+01  1.0686E+04  0.0000E+00  0.0000E+00  3.5222E-01  5.6959E+02  1.7887E-09
 -1.5000      7.3  3.14388E-02  7.836E+05  3.9590E+01  1.0615E+04  0.0000E+00  0.0000E+00  8.9775E-01  6.1709E+02  1.9722E-09
 -1.6000      9.5  3.47121E-02  7.836E+05  3.9393E+01  1.0544E+04  0.0000E+00  0.0000E+00  1.5785E+00  6.7334E+02  2.1951E-09
 -1.7000     12.4  3.78371E-02  7.836E+05  3.9196E+01  1.0472E+04  0.0000E+00  0.0000E+00  2.4205E+00  7.3861E+02  2.4561E-09
 -1.8000     16.0  4.07634E-02  7.836E+05  3.8999E+01  1.0401E+04  0.0000E+00  0.0000E+00  3.4470E+00  8.1251E+02  2.7537E-09
 -1.9000     20.3  4.29873E-02  7.836E+05  3.8802E+01  1.0330E+04  0.0000E+00  0.0000E+00  4.6745E+00  8.9407E+02  3.0916E-09
 -2.0000     25.3  4.36902E-02  7.836E+05  3.8605E+01  1.0258E+04  0.0000E+00  0.0000E+00  6.1053E+00  9.8141E+02  3.4667E-09
 -2.1000     31.2  4.21150E-02  7.836E+05  3.8409E+01  1.0187E+04  0.0000E+00  0.0000E+00  7.7213E+00  1.0715E+03  3.8721E-09
 -2.2000     37.7  3.77481E-02  7.836E+05  3.8212E+01  1.0116E+04  0.0000E+00  0.0000E+00  9.4850E+00  1.1605E+03  4.2992E-09
 -2.3000     45.1  3.10459E-02  7.836E+05  3.8015E+01  1.0045E+04  0.0000E+00  0.0000E+00  1.1349E+01  1.2451E+03  4.7332E-09
 -2.4000     53.3  2.18565E-02  7.836E+05  3.7818E+01  9.9732E+03  0.0000E+00  0.0000E+00  1.3261E+01  1.3221E+03  5.1705E-09
 -2.5000     62.2  1.09640E-02  7.836E+05  3.7621E+01  9.9019E+03  0.0000E+00  0.0000E+00  1.5168E+01  1.3886E+03  5.6030E-09
 -2.6000     72.0  9.13054E-04  7.836E+05  3.7424E+01  9.8306E+03  0.0000E+00  0.0000E+00  1.7025E+01  1.4421E+03  6.0376E-09
 -2.7000     82.6  9.81137E-03  7.836E+05  3.7228E+01  9.7593E+03  0.0000E+00  0.0000E+00  1.8796E+01  1.4797E+03  6.4421E-09
 -2.8000     94.1  1.52464E-02  7.836E+05  3.7031E+01  9.6880E+03  0.0000E+00  0.0000E+00  2.0510E+01  1.5024E+03  6.8262E-09
 -2.9000    106.4  1.58904E-02  7.836E+05  3.6834E+01  9.6166E+03  0.0000E+00  0.0000E+00  2.2223E+01  1.5131E+03  7.1884E-09
 -3.0000    119.6  1.30465E-02  7.836E+05  3.6637E+01  9.5453E+03  0.0000E+00  0.0000E+00  2.4024E+01  1.5154E+03  7.5510E-09
 -3.1000    133.7  8.42106E-03  7.836E+05  3.6440E+01  9.4740E+03  0.0000E+00  0.0000E+00  2.6098E+01  1.5191E+03  7.9590E-09
 -3.2000    148.7  3.98327E-03  7.836E+05  3.6243E+01  9.4027E+03  0.0000E+00  0.0000E+00  2.8680E+01  1.5365E+03  8.4760E-09
 -3.3000    164.6  1.19423E-03  7.836E+05  3.6047E+01  9.3314E+03  0.0000E+00  0.0000E+00  3.1854E+01  1.5671E+03  9.1176E-09
 -3.4000    181.5  3.21871E-04  7.836E+05  3.5850E+01  9.2601E+03  0.0000E+00  0.0000E+00  3.5311E+01  1.5812E+03  9.7449E-09
 -3.5000    199.2  5.42367E-04  7.836E+05  3.5653E+01  9.1888E+03  0.0000E+00  0.0000E+00  3.8321E+01  1.5143E+03  9.9968E-09
 -3.6000    218.0  1.31520E-03  7.836E+05  3.5456E+01  9.1175E+03  0.0000E+00  0.0000E+00  3.9352E+01  1.2497E+03  8.9985E-09
 -3.7000    237.7  1.36314E-03  7.836E+05  3.5259E+01  9.0462E+03  0.0000E+00  0.0000E+00  3.8311E+01  8.6012E+02  6.4433E-09
 -3.8000    258.3  1.32560E-03  7.836E+05  3.5062E+01  8.9748E+03  0.0000E+00  0.0000E+00  3.6269E+01  5.1678E+02  4.0899E-09
 -3.9000    280.0  1.27320E-03  7.836E+05  3.4865E+01  8.9035E+03  0.0000E+00  0.0000E+00  3.2684E+01  2.3535E+02  2.1168E-09
 -4.0000    302.7  1.17291E-03  7.836E+05  3.4669E+01  8.8322E+03  0.0000E+00  0.0000E+00  2.2283E+01  0.0000E+00  4.0604E-10
