   0.00000000       0.00000000       0.00000000    
  1.2000      2.6  4.32520E+00  0.000E+00  0.0000E+00  8.1410E+03  0.0000E+00  0.0000E+00  9.7473E-02  4.1447E+02  7.4124E-10
  1.1000      2.7  4.45068E+00  0.000E+00  0.0000E+00  8.2684E+03  0.0000E+00  0.0000E+00  8.7311E-02  4.0770E+02  7.4543E-10
  1.0000      2.8  4.42188E+00  0.000E+00  0.0000E+00  8.3957E+03  0.0000E+00  0.0000E+00  7.7835E-02  4.0094E+02  7.5043E-10
  0.9000      2.9  4.25391E+00  0.000E+00  0.0000E+00  8.5231E+03  0.0000E+00  0.0000E+00  6.8913E-02  3.9412E+02  7.5613E-10
  0.8000      3.0  3.97119E+00  0.000E+00  0.0000E+00  8.6505E+03  0.0000E+00  0.0000E+00  6.0387E-02  3.8717E+02  7.6250E-10
  0.7000      3.2  3.59314E+00  0.000E+00  0.0000E+00  8.7779E+03  0.0000E+00  0.0000E+00  5.2124E-02  3.8004E+02  7.6956E-10
  0.6000      3.3  3.15698E+00  0.000E+00  0.0000E+00  8.9053E+03  0.0000E+00  0.0000E+00  4.4037E-02  3.7261E+02  7.7721E-10
  0.5000      3.4  2.68024E+00  0.000E+00  0.0000E+00  9.0327E+03  0.0000E+00  0.0000E+00  3.6053E-02  3.6473E+02  7.8556E-10
  0.4000      3.5  2.19580E+00  0.000E+00  0.0000E+00  9.1601E+03  0.0000E+00  0.0000E+00  2.8120E-02  3.5616E+02  7.9406E-10
  0.3000      3.6  1.73010E+00  0.000E+00  0.0000E+00  9.2875E+03  0.0000E+00  0.0000E+00  2.0271E-02  3.4657E+02  8.0210E-10
  0.2000      3.7  1.35440E+00  0.000E+00  0.0000E+00  9.4149E+03  0.0000E+00  0.0000E+00  1.2725E-02  3.3570E+02  8.0558E-10
  0.1000      3.8  1.03741E+00  0.000E+00  0.0000E+00  9.5422E+03  0.0000E+00  0.0000E+00  5.8403E-03  3.2330E+02  8.0522E-10
  0.0000      3.9  7.76901E-01  0.000E+00  0.0000E+00  9.6696E+03  0.0000E+00  0.0000E+00  0.0000E+00  3.0897E+02  7.9957E-10
 -0.1000      4.0  5.93475E-01  0.000E+00  0.0000E+00  9.7970E+03  0.0000E+00  0.0000E+00  4.2944E-03  2.9257E+02  7.8428E-10
 -0.2000      4.1  4.55399E-01  0.000E+00  0.0000E+00  9.9244E+03  0.0000E+00  0.0000E+00  6.5861E-03  2.7428E+02  7.6088E-10
 -0.3000      4.2  3.52875E-01  0.000E+00  0.0000E+00  1.0052E+04  0.0000E+00  0.0000E+00  6.4945E-03  2.5430E+02  7.2934E-10
 -0.4000      4.4  2.70470E-01  0.000E+00  0.0000E+00  1.0179E+04  0.0000E+00  0.0000E+00  3.6621E-03  2.3280E+02  6.9136E-10
 -0.5000      4.5  2.07565E-01  0.000E+00  0.0000E+00  1.0307E+04  0.0000E+00  0.0000E+00  2.1248E-03  2.1001E+02  6.4632E-10
 -0.6000      4.6  1.59805E-01  0.000E+00  0.0000E+00  1.0434E+04  0.0000E+00  0.0000E+00  1.0914E-02  1.8641E+02  5.9524E-10
 -0.7000      4.7  1.24044E-01  0.000E+00  0.0000E+00  1.0561E+04  0.0000E+00  0.0000E+00  2.2552E-02  1.6262E+02  5.3961E-10
 -0.8000      4.8  9.72061E-02  0.000E+00  0.0000E+00  1.0689E+04  0.0000E+00  0.0000E+00  3.6674E-02  1.3933E+02  4.8156E-10
 -0.9000      4.9  7.71608E-02  0.000E+00  0.0000E+00  1.0816E+04  0.0000E+00  0.0000E+00  5.2864E-02  1.1718E+02  4.2316E-10
 -1.0000      5.0  6.13775E-02  0.000E+00  0.0000E+00  1.0944E+04  0.0000E+00  0.0000E+00  7.0534E-02  9.6645E+01  3.6666E-10
 -1.1000      5.1  4.93555E-02  0.000E+00  0.0000E+00  1.1071E+04  0.0000E+00  0.0000E+00  8.9088E-02  7.8070E+01  3.1326E-10
 -1.2000      5.2  4.02865E-02  0.000E+00  0.0000E+00  1.1198E+04  0.0000E+00  0.0000E+00  1.0820E-01  6.1605E+01  2.6387E-10
 -1.3000      5.3  3.25603E-02  0.000E+00  0.0000E+00  1.1326E+04  0.0000E+00  0.0000E+00  1.2730E-01  4.7318E+01  2.1965E-10
 -1.4000      5.4  2.64289E-02  0.000E+00  0.0000E+00  1.1453E+04  0.0000E+00  0.0000E+00  1.4555E-01  3.5219E+01  1.8067E-10
 -1.5000      5.5  2.15886E-02  0.000E+00  0.0000E+00  1.1580E+04  0.0000E+00  0.0000E+00  1.6243E-01  2.5182E+01  1.4693E-10
 -1.6000      5.7  1.76220E-02  0.000E+00  0.0000E+00  1.1708E+04  0.0000E+00  0.0000E+00  1.7746E-01  1.7049E+01  1.1830E-10
 -1.7000      5.8  1.44570E-02  0.000E+00  0.0000E+00  1.1835E+04  0.0000E+00  0.0000E+00  1.9017E-01  1.0621E+01  9.4442E-11
 -1.8000      5.9  1.19301E-02  0.000E+00  0.0000E+00  1.1963E+04  0.0000E+00  0.0000E+00  2.0039E-01  5.6621E+00  7.4813E-11
 -1.9000      6.0  9.85312E-03  0.000E+00  0.0000E+00  1.2090E+04  0.0000E+00  0.0000E+00  2.0773E-01  1.9541E+00  5.8986E-11
 -2.0000      6.1  8.18229E-03  0.000E+00  0.0000E+00  1.2217E+04  0.0000E+00  0.0000E+00  2.1204E-01  7.0898E-01  4.6434E-11
 -2.1000      6.2  6.83212E-03  0.000E+00  0.0000E+00  1.2345E+04  0.0000E+00  0.0000E+00  2.1323E-01  2.5303E+00  3.6604E-11
 -2.2000      6.3  5.73510E-03  0.000E+00  0.0000E+00  1.2472E+04  0.0000E+00  0.0000E+00  2.1133E-01  3.6943E+00  2.9026E-11
 -2.3000      6.4  4.84395E-03  0.000E+00  0.0000E+00  1.2600E+04  0.0000E+00  0.0000E+00  2.0648E-01  4.3525E+00  2.3244E-11
 -2.4000      6.5  4.11451E-03  0.000E+00  0.0000E+00  1.2727E+04  0.0000E+00  0.0000E+00  1.9858E-01  4.6270E+00  1.8934E-11
 -2.5000      6.6  3.51572E-03  0.000E+00  0.0000E+00  1.2854E+04  0.0000E+00  0.0000E+00  1.8774E-01  4.6196E+00  1.5763E-11
 -2.6000      6.7  3.01808E-03  0.000E+00  0.0000E+00  1.2982E+04  0.0000E+00  0.0000E+00  1.7398E-01  4.4116E+00  1.3493E-11
 -2.7000      6.9  2.60043E-03  0.000E+00  0.0000E+00  1.3109E+04  0.0000E+00  0.0000E+00  1.5729E-01  4.0645E+00  1.1916E-11
 -2.8000      7.0  2.24879E-03  0.000E+00  0.0000E+00  1.3237E+04  0.0000E+00  0.0000E+00  1.3751E-01  3.6240E+00  1.0870E-11
 -2.9000      7.1  1.94636E-03  0.000E+00  0.0000E+00  1.3364E+04  0.0000E+00  0.0000E+00  1.1447E-01  3.1226E+00  1.0247E-11
 -3.0000      7.2  1.68243E-03  0.000E+00  0.0000E+00  1.3491E+04  0.0000E+00  0.0000E+00  8.7708E-02  2.5796E+00  9.9645E-12
 -3.1000      7.3  1.45304E-03  0.000E+00  0.0000E+00  1.3619E+04  0.0000E+00  0.0000E+00  5.6549E-02  2.0083E+00  9.9467E-12
 -3.2000      7.4  1.24663E-03  0.000E+00  0.0000E+00  1.3746E+04  0.0000E+00  0.0000E+00  2.0020E-02  1.4155E+00  1.0166E-11
 -3.3000      7.5  1.05862E-03  0.000E+00  0.0000E+00  1.3873E+04  0.0000E+00  0.0000E+00  2.3346E-02  8.0127E-01  1.0608E-11
 -3.4000      7.6  8.87245E-04  0.000E+00  0.0000E+00  1.4001E+04  0.0000E+00  0.0000E+00  7.5806E-02  1.6333E-01  1.1254E-11
 -3.5000      7.7  7.29427E-04  0.000E+00  0.0000E+00  1.4128E+04  0.0000E+00  0.0000E+00  1.4017E-01  5.0061E-01  1.2099E-11
 -3.6000      7.8  5.85318E-04  0.000E+00  0.0000E+00  1.4256E+04  0.0000E+00  0.0000E+00  2.2070E-01  1.1925E+00  1.3133E-11
 -3.7000      7.9  4.61839E-04  0.000E+00  0.0000E+00  1.4383E+04  0.0000E+00  0.0000E+00  3.2330E-01  1.9076E+00  1.4300E-11
 -3.8000      8.0  3.62888E-04  0.000E+00  0.0000E+00  1.4510E+04  0.0000E+00  0.0000E+00  4.5605E-01  2.6300E+00  1.5536E-11
 -3.9000      8.2  2.96153E-04  0.000E+00  0.0000E+00  1.4638E+04  0.0000E+00  0.0000E+00  6.3104E-01  3.3301E+00  1.6721E-11
 -4.0000      8.3  3.23102E-04  0.000E+00  0.0000E+00  1.4765E+04  0.0000E+00  0.0000E+00  8.5791E-01  3.9011E+00  1.7395E-11
 -4.1000      8.4  4.44584E-04  0.000E+00  0.0000E+00  1.4893E+04  0.0000E+00  0.0000E+00  1.1367E+00  4.1569E+00  1.7002E-11
 -4.2000      8.5  6.31291E-04  0.000E+00  0.0000E+00  1.5020E+04  0.0000E+00  0.0000E+00  1.4597E+00  3.9518E+00  1.5139E-11
 -4.3000      8.6  9.98341E-04  0.000E+00  0.0000E+00  1.5147E+04  0.0000E+00  0.0000E+00  1.7897E+00  3.2808E+00  1.1810E-11
 -4.4000      8.7  1.44999E-03  0.000E+00  0.0000E+00  1.5275E+04  0.0000E+00  0.0000E+00  2.1117E+00  2.4158E+00  8.2032E-12
 -4.5000      8.8  2.02954E-03  0.000E+00  0.0000E+00  1.5402E+04  0.0000E+00  0.0000E+00  2.4614E+00  1.6900E+00  5.4022E-12
 -4.6000      8.9  2.27477E-03  0.000E+00  0.0000E+00  1.5530E+04  0.0000E+00  0.0000E+00  2.8826E+00  1.1660E+00  3.5552E-12
 -4.7000      9.0  2.29239E-03  0.000E+00  0.0000E+00  1.5657E+04  0.0000E+00  0.0000E+00  3.3759E+00  7.8216E-01  2.2827E-12
 -4.8000      9.1  2.11912E-03  0.000E+00  0.0000E+00  1.5784E+04  0.0000E+00  0.0000E+00  3.8566E+00  5.0697E-01  1.4231E-12
 -4.9000      9.2  1.76023E-03  0.000E+00  0.0000E+00  1.5912E+04  0.0000E+00  0.0000E+00  4.2391E+00  3.1799E-01  8.6961E-13
 -5.0000      9.3  1.42862E-03  0.000E+00  0.0000E+00  1.6039E+04  0.0000E+00  0.0000E+00  4.4911E+00  1.9303E-01  5.1827E-13
 -5.1000      9.5  1.18102E-03  0.000E+00  0.0000E+00  1.6166E+04  0.0000E+00  0.0000E+00  4.6115E+00  1.1433E-01  3.0369E-13
 -5.2000      9.6  1.01814E-03  0.000E+00  0.0000E+00  1.6294E+04  0.0000E+00  0.0000E+00  4.6227E+00  6.6889E-02  1.7640E-13
 -5.3000      9.7  9.03532E-04  0.000E+00  0.0000E+00  1.6421E+04  0.0000E+00  0.0000E+00  4.5570E+00  3.9480E-02  1.0401E-13
 -5.4000      9.8  8.16733E-04  0.000E+00  0.0000E+00  1.6549E+04  0.0000E+00  0.0000E+00  4.4403E+00  2.3620E-02  6.2622E-14
 -5.5000      9.9  7.30544E-04  0.000E+00  0.0000E+00  1.6676E+04  0.0000E+00  0.0000E+00  4.2999E+00  1.4414E-02  3.8643E-14
 -5.6000     10.0  6.42300E-04  0.000E+00  0.0000E+00  1.6803E+04  0.0000E+00  0.0000E+00  4.1614E+00  9.0874E-03  2.4767E-14
 -5.7000     10.1  5.52267E-04  0.000E+00  0.0000E+00  1.6931E+04  0.0000E+00  0.0000E+00  4.0399E+00  5.9507E-03  1.6545E-14
 -5.8000     10.2  4.04768E-04  0.000E+00  0.0000E+00  1.7058E+04  0.0000E+00  0.0000E+00  3.9586E+00  4.1180E-03  1.1456E-14
 -5.9000     10.3  2.17348E-04  0.000E+00  0.0000E+00  1.7186E+04  0.0000E+00  0.0000E+00  3.9369E+00  3.0907E-03  8.3285E-15
 -6.0000     10.4  0.00000E+00  0.000E+00  0.0000E+00  1.7313E+04  0.0000E+00  0.0000E+00  3.9720E+00  2.5266E-03  6.3136E-15
