   0.00000000       0.00000000       0.00000000    
  1.2000      8.5  4.39453E-03  0.000E+00  0.0000E+00  1.6353E+04  0.0000E+00  0.0000E+00  3.7615E-01  1.3251E+03  2.2376E-09
  1.1000      7.1  3.90625E-03  0.000E+00  0.0000E+00  1.4709E+04  0.0000E+00  0.0000E+00  2.9418E-01  1.1931E+03  2.0531E-09
  1.0000      5.8  3.66211E-03  0.000E+00  0.0000E+00  1.3171E+04  0.0000E+00  0.0000E+00  2.2314E-01  1.0530E+03  1.8486E-09
  0.9000      4.7  3.41797E-03  0.000E+00  0.0000E+00  1.1738E+04  0.0000E+00  0.0000E+00  1.6277E-01  9.0592E+02  1.6243E-09
  0.8000      3.7  3.17383E-03  0.000E+00  0.0000E+00  1.0404E+04  0.0000E+00  0.0000E+00  1.1149E-01  7.5570E+02  1.3857E-09
  0.7000      2.8  2.80762E-03  0.000E+00  0.0000E+00  9.1674E+03  0.0000E+00  0.0000E+00  6.8020E-02  6.0481E+02  1.1358E-09
  0.6000      2.0  2.56348E-03  0.000E+00  0.0000E+00  8.0244E+03  0.0000E+00  0.0000E+00  3.2974E-02  4.5724E+02  8.8069E-10
  0.5000      1.3  2.31934E-03  0.000E+00  0.0000E+00  6.9718E+03  0.0000E+00  0.0000E+00  6.2447E-03  3.1590E+02  6.2533E-10
  0.4000      0.7  2.07520E-03  0.000E+00  0.0000E+00  6.0063E+03  0.0000E+00  0.0000E+00  1.2119E-02  1.8411E+02  3.7532E-10
  0.3000      0.2  1.83105E-03  0.000E+00  0.0000E+00  5.1247E+03  0.0000E+00  0.0000E+00  2.1925E-02  6.5211E+01  1.3726E-10
  0.2000      0.1  1.64795E-03  0.000E+00  0.0000E+00  4.3235E+03  0.0000E+00  0.0000E+00  2.2921E-02  3.8227E+01  8.2792E-11
  0.1000      0.4  1.46484E-03  0.000E+00  0.0000E+00  3.5996E+03  0.0000E+00  0.0000E+00  1.5301E-02  1.2062E+02  2.6962E-10
  0.0000      0.6  1.29700E-03  0.000E+00  0.0000E+00  2.9497E+03  0.0000E+00  0.0000E+00  0.0000E+00  1.7950E+02  4.1406E-10
 -0.1000      0.7  1.14441E-03  0.000E+00  0.0000E+00  2.3705E+03  0.0000E+00  0.0000E+00  2.0940E-02  2.0928E+02  4.9666E-10
 -0.2000      0.7  1.00708E-03  0.000E+00  0.0000E+00  1.8588E+03  0.0000E+00  0.0000E+00  4.4371E-02  2.0955E+02  5.1078E-10
 -0.3000      0.6  8.85010E-04  0.000E+00  0.0000E+00  1.4112E+03  0.0000E+00  0.0000E+00  6.6679E-02  1.7935E+02  4.4838E-10
 -0.4000      0.4  7.74384E-04  0.000E+00  0.0000E+00  1.0244E+03  0.0000E+00  0.0000E+00  8.4251E-02  1.2156E+02  3.1186E-10
 -0.5000      0.1  6.71387E-04  0.000E+00  0.0000E+00  6.9523E+02  0.0000E+00  0.0000E+00  9.3830E-02  3.9648E+01  1.0414E-10
 -0.6000      0.2  5.83649E-04  0.000E+00  0.0000E+00  4.2038E+02  0.0000E+00  0.0000E+00  9.2869E-02  5.7148E+01  1.5513E-10
 -0.7000      0.7  5.05447E-04  0.000E+00  0.0000E+00  1.9655E+02  0.0000E+00  0.0000E+00  8.0128E-02  1.5559E+02  4.3299E-10
 -0.8000      1.2  4.35829E-04  0.000E+00  0.0000E+00  2.0469E+01  0.0000E+00  0.0000E+00  5.5840E-02  2.3786E+02  6.7999E-10
 -0.9000      1.7  3.76701E-04  0.000E+00  0.0000E+00  1.1114E+02  0.0000E+00  0.0000E+00  2.1385E-02  2.9174E+02  8.5707E-10
 -1.0000      2.2  3.26157E-04  0.000E+00  0.0000E+00  2.0156E+02  0.0000E+00  0.0000E+00  2.1446E-02  3.1309E+02  9.4641E-10
 -1.1000      2.7  2.83241E-04  0.000E+00  0.0000E+00  2.5406E+02  0.0000E+00  0.0000E+00  7.1152E-02  3.0884E+02  9.6034E-10
 -1.2000      3.2  2.47478E-04  0.000E+00  0.0000E+00  2.7194E+02  0.0000E+00  0.0000E+00  1.2666E-01  2.8979E+02  9.2517E-10
 -1.3000      3.7  2.18391E-04  0.000E+00  0.0000E+00  2.5844E+02  0.0000E+00  0.0000E+00  1.8731E-01  2.5900E+02  8.4911E-10
 -1.4000      4.0  1.95503E-04  0.000E+00  0.0000E+00  2.1688E+02  0.0000E+00  0.0000E+00  2.5269E-01  2.2575E+02  7.5771E-10
 -1.5000      4.2  1.77145E-04  0.000E+00  0.0000E+00  1.5052E+02  0.0000E+00  0.0000E+00  3.2261E-01  1.9359E+02  6.6220E-10
 -1.6000      4.3  1.63555E-04  0.000E+00  0.0000E+00  6.2641E+01  0.0000E+00  0.0000E+00  3.9681E-01  1.6324E+02  5.6664E-10
 -1.7000      4.4  1.54018E-04  0.000E+00  0.0000E+00  4.3469E+01  0.0000E+00  0.0000E+00  4.7511E-01  1.3730E+02  4.8151E-10
 -1.8000      4.4  1.47343E-04  0.000E+00  0.0000E+00  1.6455E+02  0.0000E+00  0.0000E+00  5.5766E-01  1.1648E+02  4.1111E-10
 -1.9000      4.4  1.43290E-04  0.000E+00  0.0000E+00  2.9730E+02  0.0000E+00  0.0000E+00  6.4496E-01  1.0033E+02  3.5578E-10
 -2.0000      4.5  1.41144E-04  0.000E+00  0.0000E+00  4.3845E+02  0.0000E+00  0.0000E+00  7.3801E-01  8.8802E+01  3.1595E-10
 -2.1000      4.7  1.40071E-04  0.000E+00  0.0000E+00  5.8473E+02  0.0000E+00  0.0000E+00  8.3856E-01  8.1353E+01  2.9037E-10
 -2.2000      5.1  1.39356E-04  0.000E+00  0.0000E+00  7.3284E+02  0.0000E+00  0.0000E+00  9.4893E-01  7.7222E+01  2.7688E-10
 -2.3000      5.8  1.38640E-04  0.000E+00  0.0000E+00  8.7953E+02  0.0000E+00  0.0000E+00  1.0716E+00  7.5702E+01  2.7337E-10
 -2.4000      6.7  1.36912E-04  0.000E+00  0.0000E+00  1.0215E+03  0.0000E+00  0.0000E+00  1.2092E+00  7.5865E+01  2.7704E-10
 -2.5000      8.0  1.33812E-04  0.000E+00  0.0000E+00  1.1578E+03  0.0000E+00  0.0000E+00  1.3637E+00  7.6839E+01  2.8518E-10
 -2.6000      9.7  1.29342E-04  0.000E+00  0.0000E+00  1.2972E+03  0.0000E+00  0.0000E+00  1.5372E+00  7.8074E+01  2.9591E-10
 -2.7000     11.8  1.23739E-04  0.000E+00  0.0000E+00  1.4504E+03  0.0000E+00  0.0000E+00  1.7325E+00  7.9379E+01  3.0837E-10
 -2.8000     14.5  1.17123E-04  0.000E+00  0.0000E+00  1.6285E+03  0.0000E+00  0.0000E+00  1.9535E+00  8.0914E+01  3.2260E-10
 -2.9000     17.7  1.09673E-04  0.000E+00  0.0000E+00  1.8424E+03  0.0000E+00  0.0000E+00  2.2068E+00  8.2692E+01  3.3829E-10
 -3.0000     21.5  1.01596E-04  0.000E+00  0.0000E+00  2.1032E+03  0.0000E+00  0.0000E+00  2.5017E+00  8.4765E+01  3.5503E-10
 -3.1000     26.0  9.31025E-05  0.000E+00  0.0000E+00  2.4217E+03  0.0000E+00  0.0000E+00  2.8526E+00  8.6866E+01  3.7083E-10
 -3.2000     31.2  8.43406E-05  0.000E+00  0.0000E+00  2.8089E+03  0.0000E+00  0.0000E+00  3.2818E+00  8.7888E+01  3.8128E-10
 -3.3000     37.3  7.54893E-05  0.000E+00  0.0000E+00  3.2758E+03  0.0000E+00  0.0000E+00  3.8241E+00  8.6579E+01  3.8102E-10
 -3.4000     44.1  6.67721E-05  0.000E+00  0.0000E+00  3.8333E+03  0.0000E+00  0.0000E+00  4.5387E+00  8.1528E+01  3.6370E-10
 -3.5000     51.4  5.83380E-05  0.000E+00  0.0000E+00  4.4924E+03  0.0000E+00  0.0000E+00  5.5334E+00  7.1903E+01  3.2522E-10
 -3.6000     58.8  5.03808E-05  0.000E+00  0.0000E+00  5.2641E+03  0.0000E+00  0.0000E+00  7.0349E+00  5.8477E+01  2.6773E-10
 -3.7000     66.1  4.30942E-05  0.000E+00  0.0000E+00  6.1592E+03  0.0000E+00  0.0000E+00  9.6652E+00  4.4031E+01  2.0116E-10
 -3.8000     72.8  3.66606E-05  0.000E+00  0.0000E+00  7.1889E+03  0.0000E+00  0.0000E+00  1.6218E+01  3.1905E+01  1.3877E-10
 -3.9000     78.6  3.12515E-05  0.000E+00  0.0000E+00  8.3639E+03  0.0000E+00  0.0000E+00  3.3318E+01  2.8349E+01  1.1515E-10
 -4.0000     83.2  2.70642E-05  0.000E+00  0.0000E+00  9.6953E+03  0.0000E+00  0.0000E+00  7.2986E+01  2.9570E+01  1.1229E-10
 -4.1000     86.2  2.42759E-05  0.000E+00  0.0000E+00  1.1194E+04  0.0000E+00  0.0000E+00  2.0457E+02  2.3695E+01  8.4814E-11
 -4.2000     87.3  2.30735E-05  0.000E+00  0.0000E+00  1.2871E+04  0.0000E+00  0.0000E+00  1.3303E+03  5.8538E+00  2.0103E-11
 -4.3000     87.0  2.36410E-05  0.000E+00  0.0000E+00  1.4737E+04  0.0000E+00  0.0000E+00  5.5574E+07  1.4227E-04  3.7695E-16
 -4.4000     89.9  2.61629E-05  0.000E+00  0.0000E+00  1.6804E+04  0.0000E+00  0.0000E+00  1.5724E+08  8.5229E-05  1.8052E-16
 -4.5000    101.2  3.08232E-05  0.000E+00  0.0000E+00  1.9082E+04  0.0000E+00  0.0000E+00  2.4186E+08  7.3711E-05  1.2504E-16
 -4.6000    126.4  3.78064E-05  0.000E+00  0.0000E+00  2.1582E+04  0.0000E+00  0.0000E+00  3.1231E+08  8.3272E-05  1.2742E-16
 -4.7000    170.8  4.72968E-05  0.000E+00  0.0000E+00  2.4314E+04  0.0000E+00  0.0000E+00  3.4429E+08  9.6289E-05  1.2066E-16
 -4.8000    239.7  5.94780E-05  0.000E+00  0.0000E+00  2.7291E+04  0.0000E+00  0.0000E+00  3.4436E+08  2.0304E-01  5.5726E-13
 -4.9000    338.7  7.45356E-05  0.000E+00  0.0000E+00  3.0523E+04  0.0000E+00  0.0000E+00  3.4436E+08  1.6138E-01  4.3298E-13
 -5.0000    472.9  9.26536E-05  0.000E+00  0.0000E+00  3.4021E+04  0.0000E+00  0.0000E+00  3.4436E+08  4.4910E-02  1.2023E-13
 -5.1000    647.9  1.14016E-04  0.000E+00  0.0000E+00  3.7796E+04  0.0000E+00  0.0000E+00  3.4436E+08  1.8947E-04  1.3060E-15
 -5.2000    869.0  1.38807E-04  0.000E+00  0.0000E+00  4.1859E+04  0.0000E+00  0.0000E+00  3.4436E+08  2.3156E-04  9.8553E-17
 -5.3000   1141.5  1.67211E-04  0.000E+00  0.0000E+00  4.6221E+04  0.0000E+00  0.0000E+00  3.4696E+08  3.5108E-04  3.8328E-16
 -5.4000   1470.8  1.99413E-04  0.000E+00  0.0000E+00  5.0892E+04  0.0000E+00  0.0000E+00  3.5562E+08  4.1853E-04  4.3496E-16
 -5.5000   1862.3  2.35596E-04  0.000E+00  0.0000E+00  5.5884E+04  0.0000E+00  0.0000E+00  3.6655E+08  4.9342E-04  4.8388E-16
 -5.6000   2321.5  2.75945E-04  0.000E+00  0.0000E+00  6.1208E+04  0.0000E+00  0.0000E+00  3.7532E+08  5.7152E-04  5.2249E-16
 -5.7000   2853.5  3.20644E-04  0.000E+00  0.0000E+00  6.6874E+04  0.0000E+00  0.0000E+00  3.7922E+08  6.2409E-04  1.1226E-16
 -5.8000   3463.9  3.69878E-04  0.000E+00  0.0000E+00  7.2895E+04  0.0000E+00  0.0000E+00  3.7922E+08  1.4694E-03  1.2973E-14
 -5.9000   4158.0  4.23830E-04  0.000E+00  0.0000E+00  7.9279E+04  0.0000E+00  0.0000E+00  3.7922E+08  2.2052E-02  8.8034E-14
 -6.0000   4941.1  4.82686E-04  0.000E+00  0.0000E+00  8.6040E+04  0.0000E+00  0.0000E+00  3.7922E+08  5.9176E-02  2.0881E-13
