   0.00000000       0.00000000       0.00000000    
  1.2000      0.8  1.66016E-02  0.000E+00  0.0000E+00  2.3780E+03  0.0000E+00  0.0000E+00  1.9756E-01  1.6612E+02  2.8476E-10
  1.1000      0.8  1.66016E-02  0.000E+00  0.0000E+00  2.4191E+03  0.0000E+00  0.0000E+00  1.8993E-01  1.7649E+02  3.0764E-10
  1.0000      0.8  1.68457E-02  0.000E+00  0.0000E+00  2.4602E+03  0.0000E+00  0.0000E+00  1.8166E-01  1.8799E+02  3.3363E-10
  0.9000      0.9  1.68457E-02  0.000E+00  0.0000E+00  2.5013E+03  0.0000E+00  0.0000E+00  1.7258E-01  2.0018E+02  3.6223E-10
  0.8000      0.9  1.68457E-02  0.000E+00  0.0000E+00  2.5424E+03  0.0000E+00  0.0000E+00  1.6248E-01  2.1298E+02  3.9356E-10
  0.7000      0.9  1.68457E-02  0.000E+00  0.0000E+00  2.5835E+03  0.0000E+00  0.0000E+00  1.5112E-01  2.2701E+02  4.2903E-10
  0.6000      1.0  1.69678E-02  0.000E+00  0.0000E+00  2.6246E+03  0.0000E+00  0.0000E+00  1.3816E-01  2.4131E+02  4.6731E-10
  0.5000      1.0  1.69678E-02  0.000E+00  0.0000E+00  2.6657E+03  0.0000E+00  0.0000E+00  1.2324E-01  2.5673E+02  5.1061E-10
  0.4000      1.0  1.70288E-02  0.000E+00  0.0000E+00  2.7068E+03  0.0000E+00  0.0000E+00  1.0576E-01  2.7281E+02  5.5836E-10
  0.3000      1.1  1.70288E-02  0.000E+00  0.0000E+00  2.7479E+03  0.0000E+00  0.0000E+00  8.5060E-02  2.8856E+02  6.0936E-10
  0.2000      1.1  1.70898E-02  0.000E+00  0.0000E+00  2.7890E+03  0.0000E+00  0.0000E+00  6.0717E-02  3.0238E+02  6.5799E-10
  0.1000      1.1  1.71204E-02  0.000E+00  0.0000E+00  2.8301E+03  0.0000E+00  0.0000E+00  3.2499E-02  3.1328E+02  7.0310E-10
  0.0000      1.2  1.71509E-02  0.000E+00  0.0000E+00  2.8712E+03  0.0000E+00  0.0000E+00  0.0000E+00  3.2045E+02  7.4235E-10
 -0.1000      1.2  1.71967E-02  0.000E+00  0.0000E+00  2.9123E+03  0.0000E+00  0.0000E+00  3.6485E-02  3.2098E+02  7.6518E-10
 -0.2000      1.2  1.72348E-02  0.000E+00  0.0000E+00  2.9534E+03  0.0000E+00  0.0000E+00  7.5966E-02  3.1516E+02  7.7223E-10
 -0.3000      1.2  1.72768E-02  0.000E+00  0.0000E+00  2.9945E+03  0.0000E+00  0.0000E+00  1.1740E-01  3.0237E+02  7.6072E-10
 -0.4000      1.3  1.73149E-02  0.000E+00  0.0000E+00  3.0356E+03  0.0000E+00  0.0000E+00  1.5955E-01  2.8093E+02  7.2662E-10
 -0.5000      1.3  1.73550E-02  0.000E+00  0.0000E+00  3.0767E+03  0.0000E+00  0.0000E+00  2.0085E-01  2.5120E+02  6.6849E-10
 -0.6000      1.3  1.73950E-02  0.000E+00  0.0000E+00  3.1178E+03  0.0000E+00  0.0000E+00  2.3920E-01  2.1367E+02  5.8623E-10
 -0.7000      1.4  1.74332E-02  0.000E+00  0.0000E+00  3.1589E+03  0.0000E+00  0.0000E+00  2.7226E-01  1.7039E+02  4.8391E-10
 -0.8000      1.4  1.74732E-02  0.000E+00  0.0000E+00  3.2000E+03  0.0000E+00  0.0000E+00  2.9764E-01  1.2425E+02  3.6862E-10
 -0.9000      1.4  1.75133E-02  0.000E+00  0.0000E+00  3.2410E+03  0.0000E+00  0.0000E+00  3.1323E-01  7.8500E+01  2.4926E-10
 -1.0000      1.5  1.75524E-02  0.000E+00  0.0000E+00  3.2822E+03  0.0000E+00  0.0000E+00  3.1719E-01  3.3863E+01  1.2855E-10
 -1.1000      1.5  1.75920E-02  0.000E+00  0.0000E+00  3.3232E+03  0.0000E+00  0.0000E+00  3.0801E-01  6.7930E+00  1.4765E-11
 -1.2000      1.5  1.76315E-02  0.000E+00  0.0000E+00  3.3643E+03  0.0000E+00  0.0000E+00  2.8487E-01  4.2031E+01  8.7013E-11
 -1.3000      1.6  1.76711E-02  0.000E+00  0.0000E+00  3.4055E+03  0.0000E+00  0.0000E+00  2.4661E-01  7.4883E+01  1.8473E-10
 -1.4000      1.6  1.77107E-02  0.000E+00  0.0000E+00  3.4465E+03  0.0000E+00  0.0000E+00  1.9209E-01  1.0314E+02  2.7160E-10
 -1.5000      1.6  1.77503E-02  0.000E+00  0.0000E+00  3.4876E+03  0.0000E+00  0.0000E+00  1.2079E-01  1.2690E+02  3.4719E-10
 -1.6000      1.7  1.77898E-02  0.000E+00  0.0000E+00  3.5287E+03  0.0000E+00  0.0000E+00  3.2303E-02  1.4726E+02  4.1430E-10
 -1.7000      1.7  1.78294E-02  0.000E+00  0.0000E+00  3.5698E+03  0.0000E+00  0.0000E+00  7.3578E-02  1.6434E+02  4.7282E-10
 -1.8000      1.7  1.78690E-02  0.000E+00  0.0000E+00  3.6109E+03  0.0000E+00  0.0000E+00  1.9679E-01  1.7865E+02  5.2385E-10
 -1.9000      1.8  1.79086E-02  0.000E+00  0.0000E+00  3.6520E+03  0.0000E+00  0.0000E+00  3.3693E-01  1.9120E+02  5.7042E-10
 -2.0000      1.8  1.79480E-02  0.000E+00  0.0000E+00  3.6931E+03  0.0000E+00  0.0000E+00  4.9356E-01  2.0215E+02  6.1265E-10
 -2.1000      1.8  1.79876E-02  0.000E+00  0.0000E+00  3.7342E+03  0.0000E+00  0.0000E+00  6.6577E-01  2.1193E+02  6.5180E-10
 -2.2000      1.9  1.80272E-02  0.000E+00  0.0000E+00  3.7753E+03  0.0000E+00  0.0000E+00  8.5245E-01  2.2101E+02  6.8918E-10
 -2.3000      1.9  1.80668E-02  0.000E+00  0.0000E+00  3.8164E+03  0.0000E+00  0.0000E+00  1.0521E+00  2.2961E+02  7.2544E-10
 -2.4000      1.9  1.81063E-02  0.000E+00  0.0000E+00  3.8575E+03  0.0000E+00  0.0000E+00  1.2632E+00  2.3799E+02  7.6136E-10
 -2.5000      2.0  1.81459E-02  0.000E+00  0.0000E+00  3.8986E+03  0.0000E+00  0.0000E+00  1.4838E+00  2.4619E+02  7.9702E-10
 -2.6000      2.0  1.81854E-02  0.000E+00  0.0000E+00  3.9397E+03  0.0000E+00  0.0000E+00  1.7119E+00  2.5447E+02  8.3325E-10
 -2.7000      2.0  1.82250E-02  0.000E+00  0.0000E+00  3.9808E+03  0.0000E+00  0.0000E+00  1.9456E+00  2.6286E+02  8.7008E-10
 -2.8000      2.0  1.82646E-02  0.000E+00  0.0000E+00  4.0219E+03  0.0000E+00  0.0000E+00  2.1828E+00  2.7104E+02  9.0632E-10
 -2.9000      2.1  1.83041E-02  0.000E+00  0.0000E+00  4.0630E+03  0.0000E+00  0.0000E+00  2.4219E+00  2.7925E+02  9.4274E-10
 -3.0000      2.1  1.83437E-02  0.000E+00  0.0000E+00  4.1041E+03  0.0000E+00  0.0000E+00  2.6612E+00  2.8730E+02  9.7867E-10
 -3.1000      2.1  1.83832E-02  0.000E+00  0.0000E+00  4.1452E+03  0.0000E+00  0.0000E+00  2.8997E+00  2.9377E+02  1.0083E-09
 -3.2000      2.2  1.84228E-02  0.000E+00  0.0000E+00  4.1863E+03  0.0000E+00  0.0000E+00  3.1374E+00  2.9901E+02  1.0330E-09
 -3.3000      2.2  1.84624E-02  0.000E+00  0.0000E+00  4.2274E+03  0.0000E+00  0.0000E+00  3.3742E+00  3.0276E+02  1.0518E-09
 -3.4000      2.2  1.85019E-02  0.000E+00  0.0000E+00  4.2685E+03  0.0000E+00  0.0000E+00  3.6110E+00  3.0390E+02  1.0599E-09
 -3.5000      2.3  1.85415E-02  0.000E+00  0.0000E+00  4.3096E+03  0.0000E+00  0.0000E+00  3.8494E+00  3.0270E+02  1.0586E-09
 -3.6000      2.3  1.85810E-02  0.000E+00  0.0000E+00  4.3507E+03  0.0000E+00  0.0000E+00  4.0916E+00  2.9924E+02  1.0480E-09
 -3.7000      2.3  1.86206E-02  0.000E+00  0.0000E+00  4.3918E+03  0.0000E+00  0.0000E+00  4.3411E+00  2.9207E+02  1.0220E-09
 -3.8000      2.4  1.86602E-02  0.000E+00  0.0000E+00  4.4329E+03  0.0000E+00  0.0000E+00  4.6024E+00  2.8254E+02  9.8601E-10
 -3.9000      2.4  1.86997E-02  0.000E+00  0.0000E+00  4.4740E+03  0.0000E+00  0.0000E+00  4.8811E+00  2.7138E+02  9.4297E-10
 -4.0000      2.4  1.87393E-02  0.000E+00  0.0000E+00  4.5151E+03  0.0000E+00  0.0000E+00  5.1860E+00  2.5487E+02  8.7670E-10
 -4.1000      2.5  1.87788E-02  0.000E+00  0.0000E+00  4.5562E+03  0.0000E+00  0.0000E+00  5.5267E+00  2.3834E+02  8.0871E-10
 -4.2000      2.5  1.88184E-02  0.000E+00  0.0000E+00  4.5973E+03  0.0000E+00  0.0000E+00  5.9093E+00  2.2316E+02  7.4439E-10
 -4.3000      2.5  1.88580E-02  0.000E+00  0.0000E+00  4.6384E+03  0.0000E+00  0.0000E+00  6.3394E+00  2.0250E+02  6.5526E-10
 -4.4000      2.6  1.88975E-02  0.000E+00  0.0000E+00  4.6795E+03  0.0000E+00  0.0000E+00  6.8433E+00  1.6544E+02  5.1557E-10
 -4.5000      2.6  1.89371E-02  0.000E+00  0.0000E+00  4.7206E+03  0.0000E+00  0.0000E+00  7.5139E+00  9.4793E+01  2.8258E-10
 -4.6000      2.6  1.89766E-02  0.000E+00  0.0000E+00  4.7617E+03  0.0000E+00  0.0000E+00  8.4955E+00  4.7430E+01  1.3661E-10
 -4.7000      2.7  1.90162E-02  0.000E+00  0.0000E+00  4.8028E+03  0.0000E+00  0.0000E+00  9.9434E+00  2.1709E+01  6.0481E-11
 -4.8000      2.7  1.90558E-02  0.000E+00  0.0000E+00  4.8439E+03  0.0000E+00  0.0000E+00  1.1953E+01  9.8589E+00  2.6591E-11
 -4.9000      2.7  1.90953E-02  0.000E+00  0.0000E+00  4.8850E+03  0.0000E+00  0.0000E+00  1.4552E+01  5.3366E+00  1.4055E-11
 -5.0000      2.7  1.91349E-02  0.000E+00  0.0000E+00  4.9261E+03  0.0000E+00  0.0000E+00  1.7730E+01  3.1670E+00  8.1771E-12
 -5.1000      2.8  1.91744E-02  0.000E+00  0.0000E+00  4.9672E+03  0.0000E+00  0.0000E+00  2.1461E+01  2.0519E+00  5.2129E-12
 -5.2000      2.8  1.92140E-02  0.000E+00  0.0000E+00  5.0083E+03  0.0000E+00  0.0000E+00  2.5622E+01  1.3342E+00  3.3289E-12
 -5.3000      2.8  1.92536E-02  0.000E+00  0.0000E+00  5.0494E+03  0.0000E+00  0.0000E+00  3.0052E+01  9.1037E-01  2.2316E-12
 -5.4000      2.9  1.92931E-02  0.000E+00  0.0000E+00  5.0905E+03  0.0000E+00  0.0000E+00  3.4712E+01  6.5058E-01  1.5670E-12
 -5.5000      2.9  1.93327E-02  0.000E+00  0.0000E+00  5.1316E+03  0.0000E+00  0.0000E+00  3.9533E+01  4.6468E-01  1.0950E-12
 -5.6000      2.9  1.93722E-02  0.000E+00  0.0000E+00  5.1727E+03  0.0000E+00  0.0000E+00  4.4435E+01  3.4080E-01  7.8334E-13
 -5.7000      3.0  1.94118E-02  0.000E+00  0.0000E+00  5.2138E+03  0.0000E+00  0.0000E+00  4.9404E+01  2.5669E-01  5.7352E-13
 -5.8000      3.0  1.94513E-02  0.000E+00  0.0000E+00  5.2549E+03  0.0000E+00  0.0000E+00  5.4302E+01  1.8409E-01  3.9306E-13
 -5.9000      3.0  1.94909E-02  0.000E+00  0.0000E+00  5.2960E+03  0.0000E+00  0.0000E+00  5.8961E+01  1.3307E-01  2.6738E-13
 -6.0000      3.1  1.95305E-02  0.000E+00  0.0000E+00  5.3371E+03  0.0000E+00  0.0000E+00  6.3339E+01  9.8404E-02  1.8280E-13
