   0.00000000       0.00000000       0.00000000    
  1.2000      2.8  2.23145E-01  0.000E+00  0.0000E+00  6.4116E+04  0.0000E+00  0.0000E+00  1.3372E-01  5.1624E+02  8.7923E-10
  1.1000      2.4  2.02637E-01  0.000E+00  0.0000E+00  5.7433E+04  0.0000E+00  0.0000E+00  1.0789E-01  4.5026E+02  7.8047E-10
  1.0000      2.0  1.83594E-01  0.000E+00  0.0000E+00  5.1206E+04  0.0000E+00  0.0000E+00  8.5503E-02  3.8791E+02  6.8539E-10
  0.9000      1.6  1.65527E-01  0.000E+00  0.0000E+00  4.5418E+04  0.0000E+00  0.0000E+00  6.6109E-02  3.2956E+02  5.9438E-10
  0.8000      1.3  1.48682E-01  0.000E+00  0.0000E+00  4.0057E+04  0.0000E+00  0.0000E+00  4.9400E-02  2.7501E+02  5.0714E-10
  0.7000      1.1  1.32935E-01  0.000E+00  0.0000E+00  3.5106E+04  0.0000E+00  0.0000E+00  3.5160E-02  2.2455E+02  4.2418E-10
  0.6000      0.8  1.18408E-01  0.000E+00  0.0000E+00  3.0550E+04  0.0000E+00  0.0000E+00  2.3243E-02  1.7744E+02  3.4414E-10
  0.5000      0.6  1.04919E-01  0.000E+00  0.0000E+00  2.6375E+04  0.0000E+00  0.0000E+00  1.3561E-02  1.3523E+02  2.7012E-10
  0.4000      0.5  9.24683E-02  0.000E+00  0.0000E+00  2.2565E+04  0.0000E+00  0.0000E+00  6.0806E-03  9.6086E+01  1.9854E-10
  0.3000      0.3  8.10547E-02  0.000E+00  0.0000E+00  1.9105E+04  0.0000E+00  0.0000E+00  8.7547E-04  6.0945E+01  1.3139E-10
  0.2000      0.2  7.05872E-02  0.000E+00  0.0000E+00  1.5981E+04  0.0000E+00  0.0000E+00  1.9197E-03  3.0086E+01  6.8979E-11
  0.1000      0.2  6.10504E-02  0.000E+00  0.0000E+00  1.3177E+04  0.0000E+00  0.0000E+00  2.2249E-03  4.2109E+00  1.3941E-11
  0.0000      0.1  5.23987E-02  0.000E+00  0.0000E+00  1.0678E+04  0.0000E+00  0.0000E+00  0.0000E+00  1.7719E+01  3.5257E-11
 -0.1000      0.1  4.45938E-02  0.000E+00  0.0000E+00  8.4697E+03  0.0000E+00  0.0000E+00  4.5099E-03  3.1625E+01  6.8354E-11
 -0.2000      0.1  3.75900E-02  0.000E+00  0.0000E+00  6.5365E+03  0.0000E+00  0.0000E+00  1.0689E-02  3.8148E+01  8.5180E-11
 -0.3000      0.2  3.13530E-02  0.000E+00  0.0000E+00  4.8635E+03  0.0000E+00  0.0000E+00  1.7780E-02  3.6969E+01  8.3531E-11
 -0.4000      0.2  2.58446E-02  0.000E+00  0.0000E+00  3.4357E+03  0.0000E+00  0.0000E+00  2.5051E-02  3.0328E+01  6.7814E-11
 -0.5000      0.3  2.10247E-02  0.000E+00  0.0000E+00  2.2381E+03  0.0000E+00  0.0000E+00  3.1799E-02  1.8516E+01  3.7716E-11
 -0.6000      0.4  1.68552E-02  0.000E+00  0.0000E+00  1.2557E+03  0.0000E+00  0.0000E+00  3.7220E-02  3.0625E+00  3.4248E-12
 -0.7000      0.5  1.32942E-02  0.000E+00  0.0000E+00  4.7341E+02  0.0000E+00  0.0000E+00  4.0440E-02  1.3617E+01  4.9610E-11
 -0.8000      0.6  1.03054E-02  0.000E+00  0.0000E+00  1.2378E+02  0.0000E+00  0.0000E+00  4.0665E-02  2.9633E+01  9.5525E-11
 -0.9000      0.7  7.84683E-03  0.000E+00  0.0000E+00  5.5089E+02  0.0000E+00  0.0000E+00  3.7209E-02  4.3336E+01  1.3637E-10
 -1.0000      0.8  5.88131E-03  0.000E+00  0.0000E+00  8.2292E+02  0.0000E+00  0.0000E+00  2.9564E-02  5.2820E+01  1.6637E-10
 -1.1000      0.9  4.36735E-03  0.000E+00  0.0000E+00  9.5491E+02  0.0000E+00  0.0000E+00  1.7479E-02  5.8359E+01  1.8548E-10
 -1.2000      1.1  3.26777E-03  0.000E+00  0.0000E+00  9.6188E+02  0.0000E+00  0.0000E+00  1.0223E-03  6.0195E+01  1.9383E-10
 -1.3000      1.2  2.54202E-03  0.000E+00  0.0000E+00  8.5883E+02  0.0000E+00  0.0000E+00  1.9279E-02  5.7121E+01  1.8788E-10
 -1.4000      1.3  2.15149E-03  0.000E+00  0.0000E+00  6.6080E+02  0.0000E+00  0.0000E+00  4.2191E-02  5.0783E+01  1.7169E-10
 -1.5000      1.5  2.05636E-03  0.000E+00  0.0000E+00  3.8283E+02  0.0000E+00  0.0000E+00  6.5979E-02  4.1812E+01  1.4687E-10
 -1.6000      1.6  2.21777E-03  0.000E+00  0.0000E+00  3.9906E+01  0.0000E+00  0.0000E+00  8.8074E-02  3.0467E+01  1.1406E-10
 -1.7000      1.7  2.59614E-03  0.000E+00  0.0000E+00  3.5292E+02  0.0000E+00  0.0000E+00  1.0530E-01  1.7514E+01  7.5403E-11
 -1.8000      1.8  3.15225E-03  0.000E+00  0.0000E+00  7.8066E+02  0.0000E+00  0.0000E+00  1.1404E-01  3.3730E+00  3.2081E-11
 -1.9000      1.9  3.84688E-03  0.000E+00  0.0000E+00  1.2282E+03  0.0000E+00  0.0000E+00  1.1078E-01  1.1811E+01  1.5486E-11
 -2.0000      2.0  4.64082E-03  0.000E+00  0.0000E+00  1.6807E+03  0.0000E+00  0.0000E+00  9.2667E-02  2.7557E+01  6.5850E-11
 -2.1000      2.0  5.49459E-03  0.000E+00  0.0000E+00  2.1230E+03  0.0000E+00  0.0000E+00  5.8212E-02  4.3646E+01  1.1835E-10
 -2.2000      2.1  6.36899E-03  0.000E+00  0.0000E+00  2.5401E+03  0.0000E+00  0.0000E+00  7.5989E-03  5.9824E+01  1.7219E-10
 -2.3000      2.1  7.22480E-03  0.000E+00  0.0000E+00  2.9169E+03  0.0000E+00  0.0000E+00  5.7251E-02  7.5896E+01  2.2675E-10
 -2.4000      2.1  8.02267E-03  0.000E+00  0.0000E+00  3.2386E+03  0.0000E+00  0.0000E+00  1.3338E-01  9.1540E+01  2.8102E-10
 -2.5000      2.1  8.73518E-03  0.000E+00  0.0000E+00  3.4976E+03  0.0000E+00  0.0000E+00  2.1733E-01  1.0655E+02  3.3424E-10
 -2.6000      2.1  9.38284E-03  0.000E+00  0.0000E+00  3.7176E+03  0.0000E+00  0.0000E+00  3.0603E-01  1.2128E+02  3.8750E-10
 -2.7000      2.1  9.99779E-03  0.000E+00  0.0000E+00  3.9298E+03  0.0000E+00  0.0000E+00  3.9713E-01  1.3627E+02  4.4247E-10
 -2.8000      2.0  1.06124E-02  0.000E+00  0.0000E+00  4.1653E+03  0.0000E+00  0.0000E+00  4.8900E-01  1.5185E+02  5.0014E-10
 -2.9000      2.0  1.12590E-02  0.000E+00  0.0000E+00  4.4553E+03  0.0000E+00  0.0000E+00  5.8080E-01  1.6862E+02  5.6255E-10
 -3.0000      2.0  1.19697E-02  0.000E+00  0.0000E+00  4.8310E+03  0.0000E+00  0.0000E+00  6.7224E-01  1.8709E+02  6.3141E-10
 -3.1000      2.0  1.27770E-02  0.000E+00  0.0000E+00  5.3236E+03  0.0000E+00  0.0000E+00  7.6379E-01  2.0678E+02  7.0461E-10
 -3.2000      2.1  1.37131E-02  0.000E+00  0.0000E+00  5.9643E+03  0.0000E+00  0.0000E+00  8.5660E-01  2.2816E+02  7.8384E-10
 -3.3000      2.2  1.48103E-02  0.000E+00  0.0000E+00  6.7844E+03  0.0000E+00  0.0000E+00  9.5221E-01  2.5150E+02  8.6992E-10
 -3.4000      2.3  1.61008E-02  0.000E+00  0.0000E+00  7.8149E+03  0.0000E+00  0.0000E+00  1.0529E+00  2.7582E+02  9.5878E-10
 -3.5000      2.5  1.76170E-02  0.000E+00  0.0000E+00  9.0872E+03  0.0000E+00  0.0000E+00  1.1621E+00  3.0129E+02  1.0509E-09
 -3.6000      2.8  1.93911E-02  0.000E+00  0.0000E+00  1.0632E+04  0.0000E+00  0.0000E+00  1.2841E+00  3.2767E+02  1.1452E-09
 -3.7000      3.2  2.14555E-02  0.000E+00  0.0000E+00  1.2482E+04  0.0000E+00  0.0000E+00  1.4257E+00  3.5262E+02  1.2320E-09
 -3.8000      3.6  2.38424E-02  0.000E+00  0.0000E+00  1.4666E+04  0.0000E+00  0.0000E+00  1.5970E+00  3.7681E+02  1.3137E-09
 -3.9000      4.1  2.65841E-02  0.000E+00  0.0000E+00  1.7217E+04  0.0000E+00  0.0000E+00  1.8131E+00  4.0027E+02  1.3901E-09
 -4.0000      4.7  2.97129E-02  0.000E+00  0.0000E+00  2.0166E+04  0.0000E+00  0.0000E+00  2.1008E+00  4.1548E+02  1.4290E-09
 -4.1000      5.5  3.32612E-02  0.000E+00  0.0000E+00  2.3543E+04  0.0000E+00  0.0000E+00  2.5027E+00  4.2958E+02  1.4581E-09
 -4.2000      6.3  3.72610E-02  0.000E+00  0.0000E+00  2.7381E+04  0.0000E+00  0.0000E+00  3.0820E+00  4.4527E+02  1.4863E-09
 -4.3000      7.3  4.17449E-02  0.000E+00  0.0000E+00  3.1710E+04  0.0000E+00  0.0000E+00  3.9358E+00  4.4786E+02  1.4507E-09
 -4.4000      8.4  4.67450E-02  0.000E+00  0.0000E+00  3.6561E+04  0.0000E+00  0.0000E+00  5.2628E+00  4.0492E+02  1.2635E-09
 -4.5000      9.6  5.22936E-02  0.000E+00  0.0000E+00  4.1966E+04  0.0000E+00  0.0000E+00  7.5613E+00  2.5237E+02  7.5328E-10
 -4.6000     11.0  5.84231E-02  0.000E+00  0.0000E+00  4.7956E+04  0.0000E+00  0.0000E+00  1.1781E+01  1.3606E+02  3.9235E-10
 -4.7000     12.6  6.51657E-02  0.000E+00  0.0000E+00  5.4562E+04  0.0000E+00  0.0000E+00  1.9268E+01  6.7296E+01  1.8766E-10
 -4.8000     14.3  7.25537E-02  0.000E+00  0.0000E+00  6.1815E+04  0.0000E+00  0.0000E+00  3.1143E+01  3.3231E+01  8.9675E-11
 -4.9000     16.2  8.06193E-02  0.000E+00  0.0000E+00  6.9747E+04  0.0000E+00  0.0000E+00  4.8450E+01  1.9511E+01  5.1388E-11
 -5.0000     18.2  8.93950E-02  0.000E+00  0.0000E+00  7.8388E+04  0.0000E+00  0.0000E+00  7.2285E+01  1.2531E+01  3.2331E-11
 -5.1000     20.5  9.89129E-02  0.000E+00  0.0000E+00  8.7770E+04  0.0000E+00  0.0000E+00  1.0380E+02  8.7544E+00  2.2201E-11
 -5.2000     22.9  1.09205E-01  0.000E+00  0.0000E+00  9.7924E+04  0.0000E+00  0.0000E+00  1.4300E+02  6.1773E+00  1.5360E-11
 -5.3000     25.6  1.20305E-01  0.000E+00  0.0000E+00  1.0888E+05  0.0000E+00  0.0000E+00  1.8907E+02  4.6104E+00  1.1238E-11
 -5.4000     28.5  1.32243E-01  0.000E+00  0.0000E+00  1.2067E+05  0.0000E+00  0.0000E+00  2.4191E+02  3.6526E+00  8.7277E-12
 -5.5000     31.6  1.45053E-01  0.000E+00  0.0000E+00  1.3333E+05  0.0000E+00  0.0000E+00  2.9947E+02  2.9602E+00  6.9081E-12
 -5.6000     34.9  1.58767E-01  0.000E+00  0.0000E+00  1.4688E+05  0.0000E+00  0.0000E+00  3.5767E+02  2.5223E+00  5.7436E-12
 -5.7000     38.5  1.73416E-01  0.000E+00  0.0000E+00  1.6137E+05  0.0000E+00  0.0000E+00  4.1222E+02  2.2575E+00  5.0178E-12
 -5.8000     42.3  1.89034E-01  0.000E+00  0.0000E+00  1.7681E+05  0.0000E+00  0.0000E+00  4.5779E+02  1.9467E+00  4.1749E-12
 -5.9000     46.4  2.05653E-01  0.000E+00  0.0000E+00  1.9324E+05  0.0000E+00  0.0000E+00  4.9150E+02  1.6826E+00  3.4545E-12
 -6.0000     50.7  2.23304E-01  0.000E+00  0.0000E+00  2.1069E+05  0.0000E+00  0.0000E+00  5.1474E+02  1.4573E+00  2.8373E-12
