 --------------------------------------------------------------------------------                                        
  it  DE     s/n      chi**2    Mac1   Mac2   mic1   mic2   fill2 Ic1/Ic2 stray 
   0       2.48E+00  3.673E+06
   1  -3.  2.63E+01  2.947E+04  0.500  0.000  0.000  0.000  0.000 -1.000   0.000
   2  -4.  9.77E+01  2.707E+02  0.500  0.000  0.000  0.000  0.000 -1.000   0.000
   3  -5.  9.80E+01  2.672E+02  0.500  0.000  0.000  0.000  0.000 -1.000   0.000
   4  -5.  9.80E+01  2.672E+02  0.500  0.000  0.000  0.000  0.000 -1.000   0.000
   5  -2.  9.90E+01  2.622E+02  0.500  0.000  0.000  0.000  0.000 -1.000   0.000
   6  -3.  1.07E+02  2.310E+02  0.500  0.000  0.000  0.000  0.000 -1.000   0.000
   7  -2.  1.07E+02  2.282E+02  0.500  0.000  0.000  0.000  0.000 -1.000   0.000
   8  -3.  1.13E+02  2.104E+02  0.500  0.000  0.000  0.000  0.000 -1.000   0.000
   9  -2.  1.13E+02  2.088E+02  0.500  0.000  0.000  0.000  0.000 -1.000   0.000
  10  -3.  1.17E+02  1.989E+02  0.500  0.000  0.000  0.000  0.000 -1.000   0.000
  11  -4.  1.17E+02  1.989E+02  0.500  0.000  0.000  0.000  0.000 -1.000   0.000
  12  -3.  1.19E+02  1.932E+02  0.500  0.000  0.000  0.000  0.000 -1.000   0.000
  13  -2.  1.19E+02  1.927E+02  0.500  0.000  0.000  0.000  0.000 -1.000   0.000
  14  -3.  1.21E+02  1.896E+02  0.500  0.000  0.000  0.000  0.000 -1.000   0.000
  15  -2.  1.21E+02  1.893E+02  0.500  0.000  0.000  0.000  0.000 -1.000   0.000
  16  -3.  1.22E+02  1.876E+02  0.500  0.000  0.000  0.000  0.000 -1.000   0.000
  it  DE     s/n      chi**2    Mac1   Mac2   mic1   mic2   fill2 Ic1/Ic2 stray 
   0       1.22E+02  1.893E+02
  17  -4.  1.22E+02  1.876E+02  0.500  0.000  0.000  0.000  0.000 -1.000   0.000
   1  -3.  3.07E+02  3.829E+01  0.500  0.000  0.000  0.000  0.000 -1.000   0.000
   2  -4.  3.23E+02  2.967E+01  0.500  0.000  0.000  0.000  0.000 -1.000   0.000
   3  -5.  3.20E+02  2.964E+01  0.500  0.000  0.000  0.000  0.000 -1.000   0.000
   4  -5.  3.20E+02  2.964E+01  0.500  0.000  0.000  0.000  0.000 -1.000   0.000
   5  -6.  3.20E+02  2.964E+01  0.500  0.000  0.000  0.000  0.000 -1.000   0.000
   6  -2.  3.27E+02  2.885E+01  0.500  0.000  0.000  0.000  0.000 -1.000   0.000
   7  -3.  3.59E+02  2.571E+01  0.500  0.000  0.000  0.000  0.000 -1.000   0.000
   8  -4.  3.59E+02  2.571E+01  0.500  0.000  0.000  0.000  0.000 -1.000   0.000
   9  -3.  3.73E+02  2.485E+01  0.500  0.000  0.000  0.000  0.000 -1.000   0.000
  10  -2.  3.74E+02  2.480E+01  0.500  0.000  0.000  0.000  0.000 -1.000   0.000
  11  -3.  3.78E+02  2.461E+01  0.500  0.000  0.000  0.000  0.000 -1.000   0.000
  12  -4.  3.78E+02  2.461E+01  0.500  0.000  0.000  0.000  0.000 -1.000   0.000
  13  -3.  3.80E+02  2.456E+01  0.500  0.000  0.000  0.000  0.000 -1.000   0.000
  14  -4.  3.80E+02  2.456E+01  0.500  0.000  0.000  0.000  0.000 -1.000   0.000
  15  -3.  3.81E+02  2.454E+01  0.500  0.000  0.000  0.000  0.000 -1.000   0.000
  it  DE     s/n      chi**2    Mac1   Mac2   mic1   mic2   fill2 Ic1/Ic2 stray 
   0       3.81E+02  2.523E+01
  16  -4.  3.81E+02  2.454E+01  0.500  0.000  0.000  0.000  0.000 -1.000   0.000
   1  -3.  3.85E+02  2.507E+01  0.500  0.000  0.000  0.000  0.000 -1.000   0.000
   2  -2.  6.02E+02  1.288E+01  0.500  0.000  0.000  0.000  0.000 -1.000   0.000
   3  -3.  5.98E+02  1.161E+01  0.500  0.000  0.000  0.000  0.000 -1.000   0.000
   4  -4.  5.96E+02  1.161E+01  0.500  0.000  0.000  0.000  0.000 -1.000   0.000
   5  -1.  6.11E+02  1.081E+01  0.500  0.000  0.000  0.000  0.000 -1.000   0.000
   6  -2.  8.15E+02  6.924E+00  0.500  0.000  0.000  0.000  0.000 -1.000   0.000
   7  -3.  8.17E+02  6.892E+00  0.500  0.000  0.000  0.000  0.000 -1.000   0.000
   8  -4.  8.17E+02  6.892E+00  0.500  0.000  0.000  0.000  0.000 -1.000   0.000
   9  -3.  8.18E+02  6.892E+00  0.500  0.000  0.000  0.000  0.000 -1.000   0.000
  10  -4.  8.17E+02  6.891E+00  0.500  0.000  0.000  0.000  0.000 -1.000   0.000
  11  -1.  8.30E+02  6.555E+00  0.500  0.000  0.000  0.000  0.000 -1.000   0.000
  12  -2.  9.91E+02  4.881E+00  0.500  0.000  0.000  0.000  0.000 -1.000   0.000
  13  -1.  1.02E+03  4.712E+00  0.500  0.000  0.000  0.000  0.000 -1.000   0.000
  14  -1.  1.05E+03  4.601E+00  0.500  0.000  0.000  0.000  0.000 -1.000   0.000
  15  -1.  1.07E+03  4.529E+00  0.500  0.000  0.000  0.000  0.000 -1.000   0.000
  16  -1.  1.09E+03  4.484E+00  0.500  0.000  0.000  0.000  0.000 -1.000   0.000
  17  -1.  1.11E+03  4.444E+00  0.500  0.000  0.000  0.000  0.000 -1.000   0.000
  18  -1.  1.12E+03  4.394E+00  0.500  0.000  0.000  0.000  0.000 -1.000   0.000
  19  -1.  1.14E+03  4.337E+00  0.500  0.000  0.000  0.000  0.000 -1.000   0.000
  20  -1.  1.15E+03  4.274E+00  0.500  0.000  0.000  0.000  0.000 -1.000   0.000
  21  -1.  1.16E+03  4.208E+00  0.500  0.000  0.000  0.000  0.000 -1.000   0.000
  22  -1.  1.18E+03  4.141E+00  0.500  0.000  0.000  0.000  0.000 -1.000   0.000
  23  -1.  1.19E+03  4.074E+00  0.500  0.000  0.000  0.000  0.000 -1.000   0.000
  24  -1.  1.20E+03  4.007E+00  0.500  0.000  0.000  0.000  0.000 -1.000   0.000
  25  -1.  1.21E+03  3.941E+00  0.500  0.000  0.000  0.000  0.000 -1.000   0.000
  26  -1.  1.23E+03  3.893E+00  0.500  0.000  0.000  0.000  0.000 -1.000   0.000
  it  DE     s/n      chi**2    Mac1   Mac2   mic1   mic2   fill2 Ic1/Ic2 stray 
   0       1.23E+03  3.806E+00
  27  -1.  1.23E+03  3.877E+00  0.500  0.000  0.000  0.000  0.000 -1.000   0.000
   1  -3.  1.24E+03  3.760E+00  0.500  0.000  0.000  0.000  0.000 -1.000   0.000
   2  -4.  1.23E+03  3.734E+00  0.500  0.000  0.000  0.000  0.000 -1.000   0.000
   3  -5.  1.22E+03  3.689E+00  0.500  0.000  0.000  0.000  0.000 -1.000   0.000
 --------------------------------------------------------------------------------                                        
  it  DE     s/n      chi**2    Mac1   Mac2   mic1   mic2   fill2 Ic1/Ic2 stray 
   0       2.41E+00  3.830E+06
   1  -3.  1.62E+01  3.452E+04  0.500  0.000  0.000  0.000  0.000 -1.000   0.000
   2  -4.  4.08E+01  1.300E+03  0.500  0.000  0.000  0.000  0.000 -1.000   0.000
   3  -5.  5.54E+01  7.326E+02  0.500  0.000  0.000  0.000  0.000 -1.000   0.000
   4  -5.  5.90E+01  6.655E+02  0.500  0.000  0.000  0.000  0.000 -1.000   0.000
   5  -6.  5.92E+01  6.643E+02  0.500  0.000  0.000  0.000  0.000 -1.000   0.000
   6  -4.  5.92E+01  6.643E+02  0.500  0.000  0.000  0.000  0.000 -1.000   0.000
   7  -5.  5.92E+01  6.643E+02  0.500  0.000  0.000  0.000  0.000 -1.000   0.000
   8  -3.  8.32E+01  3.532E+02  0.500  0.000  0.000  0.000  0.000 -1.000   0.000
   9  -4.  8.33E+01  3.526E+02  0.500  0.000  0.000  0.000  0.000 -1.000   0.000
  10  -5.  8.33E+01  3.526E+02  0.500  0.000  0.000  0.000  0.000 -1.000   0.000
  11  -3.  9.73E+01  2.681E+02  0.500  0.000  0.000  0.000  0.000 -1.000   0.000
  12  -4.  9.73E+01  2.680E+02  0.500  0.000  0.000  0.000  0.000 -1.000   0.000
  13  -5.  9.73E+01  2.680E+02  0.500  0.000  0.000  0.000  0.000 -1.000   0.000
  14  -3.  1.13E+02  2.105E+02  0.500  0.000  0.000  0.000  0.000 -1.000   0.000
  15  -4.  1.13E+02  2.104E+02  0.500  0.000  0.000  0.000  0.000 -1.000   0.000
  16  -2.  1.16E+02  2.029E+02  0.500  0.000  0.000  0.000  0.000 -1.000   0.000
  it  DE     s/n      chi**2    Mac1   Mac2   mic1   mic2   fill2 Ic1/Ic2 stray 
   0       1.16E+02  2.047E+02
  17  -3.  1.16E+02  2.029E+02  0.500  0.000  0.000  0.000  0.000 -1.000   0.000
   1  -3.  2.71E+02  4.676E+01  0.500  0.000  0.000  0.000  0.000 -1.000   0.000
   2  -4.  2.84E+02  3.808E+01  0.500  0.000  0.000  0.000  0.000 -1.000   0.000
   3  -5.  2.82E+02  3.805E+01  0.500  0.000  0.000  0.000  0.000 -1.000   0.000
   4  -3.  2.82E+02  3.804E+01  0.500  0.000  0.000  0.000  0.000 -1.000   0.000
   5  -4.  2.82E+02  3.804E+01  0.500  0.000  0.000  0.000  0.000 -1.000   0.000
   6  -3.  3.24E+02  3.168E+01  0.500  0.000  0.000  0.000  0.000 -1.000   0.000
   7  -4.  3.24E+02  3.165E+01  0.500  0.000  0.000  0.000  0.000 -1.000   0.000
   8  -5.  3.24E+02  3.164E+01  0.500  0.000  0.000  0.000  0.000 -1.000   0.000
   9  -3.  3.70E+02  2.730E+01  0.500  0.000  0.000  0.000  0.000 -1.000   0.000
  10  -4.  3.70E+02  2.728E+01  0.500  0.000  0.000  0.000  0.000 -1.000   0.000
  11  -3.  3.91E+02  2.609E+01  0.500  0.000  0.000  0.000  0.000 -1.000   0.000
  12  -4.  3.91E+02  2.608E+01  0.500  0.000  0.000  0.000  0.000 -1.000   0.000
  13  -3.  3.99E+02  2.576E+01  0.500  0.000  0.000  0.000  0.000 -1.000   0.000
  14  -4.  3.99E+02  2.576E+01  0.500  0.000  0.000  0.000  0.000 -1.000   0.000
  15  -3.  4.02E+02  2.567E+01  0.500  0.000  0.000  0.000  0.000 -1.000   0.000
  it  DE     s/n      chi**2    Mac1   Mac2   mic1   mic2   fill2 Ic1/Ic2 stray 
   0       4.02E+02  2.678E+01
  16  -4.  4.03E+02  2.567E+01  0.500  0.000  0.000  0.000  0.000 -1.000   0.000
   1  -3.  4.08E+02  2.583E+01  0.500  0.000  0.000  0.000  0.000 -1.000   0.000
   2  -4.  4.07E+02  2.582E+01  0.500  0.000  0.000  0.000  0.000 -1.000   0.000
   3  -3.  4.02E+02  2.561E+01  0.500  0.000  0.000  0.000  0.000 -1.000   0.000
   4  -4.  4.01E+02  2.561E+01  0.500  0.000  0.000  0.000  0.000 -1.000   0.000
   5  -3.  3.95E+02  2.550E+01  0.500  0.000  0.000  0.000  0.000 -1.000   0.000
   6  -4.  3.96E+02  2.548E+01  0.500  0.000  0.000  0.000  0.000 -1.000   0.000
   7  -3.  3.91E+02  2.544E+01  0.500  0.000  0.000  0.000  0.000 -1.000   0.000
   8  -4.  3.93E+02  2.541E+01  0.500  0.000  0.000  0.000  0.000 -1.000   0.000
   9  -3.  4.02E+02  2.365E+01  0.500  0.000  0.000  0.000  0.000 -1.000   0.000
  10  -4.  4.04E+02  2.361E+01  0.500  0.000  0.000  0.000  0.000 -1.000   0.000
  11  -5.  4.04E+02  2.361E+01  0.500  0.000  0.000  0.000  0.000 -1.000   0.000
  12  -5.  4.04E+02  2.361E+01  0.500  0.000  0.000  0.000  0.000 -1.000   0.000
  13  -4.  4.04E+02  2.361E+01  0.500  0.000  0.000  0.000  0.000 -1.000   0.000
  14  -3.  4.23E+02  2.263E+01  0.500  0.000  0.000  0.000  0.000 -1.000   0.000
  15  -4.  4.23E+02  2.261E+01  0.500  0.000  0.000  0.000  0.000 -1.000   0.000
  it  DE     s/n      chi**2    Mac1   Mac2   mic1   mic2   fill2 Ic1/Ic2 stray 
   0       4.24E+02  2.208E+01
  16  -5.  4.23E+02  2.260E+01  0.500  0.000  0.000  0.000  0.000 -1.000   0.000
   1  -3.  4.22E+02  2.241E+01  0.500  0.000  0.000  0.000  0.000 -1.000   0.000
   2  -4.  4.20E+02  2.240E+01  0.500  0.000  0.000  0.000  0.000 -1.000   0.000
   3  -5.  4.20E+02  2.240E+01  0.500  0.000  0.000  0.000  0.000 -1.000   0.000
   4  -3.  4.20E+02  2.240E+01  0.500  0.000  0.000  0.000  0.000 -1.000   0.000
   5  -4.  4.20E+02  2.240E+01  0.500  0.000  0.000  0.000  0.000 -1.000   0.000
   6  -3.  4.40E+02  2.129E+01  0.500  0.000  0.000  0.000  0.000 -1.000   0.000
   7  -4.  4.86E+02  1.685E+01  0.500  0.000  0.000  0.000  0.000 -1.000   0.000
   8  -5.  4.83E+02  1.691E+01  0.500  0.000  0.000  0.000  0.000 -1.000   0.000
   9  -5.  5.89E+02  1.118E+01  0.500  0.000  0.000  0.000  0.000 -1.000   0.000
  10  -5.  6.38E+02  1.133E+01  0.500  0.000  0.000  0.000  0.000 -1.000   0.000
  11  -6.  6.34E+02  1.164E+01  0.500  0.000  0.000  0.000  0.000 -1.000   0.000
  12  -6.  5.95E+02  9.926E+00  0.500  0.000  0.000  0.000  0.000 -1.000   0.000
  13  -6.  6.94E+02  9.497E+00  0.500  0.000  0.000  0.000  0.000 -1.000   0.000
  14  -6.  6.82E+02  9.520E+00  0.500  0.000  0.000  0.000  0.000 -1.000   0.000
  15  -3.  5.84E+02  8.715E+00  0.500  0.000  0.000  0.000  0.000 -1.000   0.000
  16  -4.  9.89E+02  3.165E+00  0.500  0.000  0.000  0.000  0.000 -1.000   0.000
  17  -5.  1.03E+03  3.026E+00  0.500  0.000  0.000  0.000  0.000 -1.000   0.000
  18  -5.  1.03E+03  3.049E+00  0.500  0.000  0.000  0.000  0.000 -1.000   0.000
  19  -0.  1.04E+03  2.885E+00  0.500  0.000  0.000  0.000  0.000 -1.000   0.000
  20   1.  1.04E+03  2.883E+00  0.500  0.000  0.000  0.000  0.000 -1.000   0.000
 --------------------------------------------------------------------------------                                        
  it  DE     s/n      chi**2    Mac1   Mac2   mic1   mic2   fill2 Ic1/Ic2 stray 
   0       2.41E+00  3.830E+06
   1  -3.  1.62E+01  3.452E+04  0.500  0.000  0.000  0.000  0.000 -1.000   0.000
   2  -4.  4.08E+01  1.300E+03  0.500  0.000  0.000  0.000  0.000 -1.000   0.000
   3  -5.  5.54E+01  7.326E+02  0.500  0.000  0.000  0.000  0.000 -1.000   0.000
   4  -5.  5.90E+01  6.655E+02  0.500  0.000  0.000  0.000  0.000 -1.000   0.000
   5  -6.  5.92E+01  6.643E+02  0.500  0.000  0.000  0.000  0.000 -1.000   0.000
   6  -4.  5.92E+01  6.643E+02  0.500  0.000  0.000  0.000  0.000 -1.000   0.000
   7  -5.  5.92E+01  6.643E+02  0.500  0.000  0.000  0.000  0.000 -1.000   0.000
   8  -3.  8.32E+01  3.532E+02  0.500  0.000  0.000  0.000  0.000 -1.000   0.000
   9  -4.  8.33E+01  3.526E+02  0.500  0.000  0.000  0.000  0.000 -1.000   0.000
  10  -5.  8.33E+01  3.526E+02  0.500  0.000  0.000  0.000  0.000 -1.000   0.000
  11  -3.  9.73E+01  2.681E+02  0.500  0.000  0.000  0.000  0.000 -1.000   0.000
  12  -4.  9.73E+01  2.680E+02  0.500  0.000  0.000  0.000  0.000 -1.000   0.000
  13  -5.  9.73E+01  2.680E+02  0.500  0.000  0.000  0.000  0.000 -1.000   0.000
  14  -3.  1.13E+02  2.105E+02  0.500  0.000  0.000  0.000  0.000 -1.000   0.000
  15  -4.  1.13E+02  2.104E+02  0.500  0.000  0.000  0.000  0.000 -1.000   0.000
  16  -2.  1.16E+02  2.029E+02  0.500  0.000  0.000  0.000  0.000 -1.000   0.000
  it  DE     s/n      chi**2    Mac1   Mac2   mic1   mic2   fill2 Ic1/Ic2 stray 
   0       1.16E+02  2.047E+02
  17  -3.  1.16E+02  2.029E+02  0.500  0.000  0.000  0.000  0.000 -1.000   0.000
   1  -3.  2.71E+02  4.676E+01  0.500  0.000  0.000  0.000  0.000 -1.000   0.000
   2  -4.  2.84E+02  3.808E+01  0.500  0.000  0.000  0.000  0.000 -1.000   0.000
   3  -5.  2.82E+02  3.805E+01  0.500  0.000  0.000  0.000  0.000 -1.000   0.000
   4  -3.  2.82E+02  3.804E+01  0.500  0.000  0.000  0.000  0.000 -1.000   0.000
   5  -4.  2.82E+02  3.804E+01  0.500  0.000  0.000  0.000  0.000 -1.000   0.000
   6  -3.  3.24E+02  3.168E+01  0.500  0.000  0.000  0.000  0.000 -1.000   0.000
   7  -4.  3.24E+02  3.165E+01  0.500  0.000  0.000  0.000  0.000 -1.000   0.000
   8  -5.  3.24E+02  3.164E+01  0.500  0.000  0.000  0.000  0.000 -1.000   0.000
   9  -3.  3.70E+02  2.730E+01  0.500  0.000  0.000  0.000  0.000 -1.000   0.000
  10  -4.  3.70E+02  2.728E+01  0.500  0.000  0.000  0.000  0.000 -1.000   0.000
  11  -3.  3.91E+02  2.609E+01  0.500  0.000  0.000  0.000  0.000 -1.000   0.000
  12  -4.  3.91E+02  2.608E+01  0.500  0.000  0.000  0.000  0.000 -1.000   0.000
  13  -3.  3.99E+02  2.576E+01  0.500  0.000  0.000  0.000  0.000 -1.000   0.000
  14  -4.  3.99E+02  2.576E+01  0.500  0.000  0.000  0.000  0.000 -1.000   0.000
  15  -3.  4.02E+02  2.567E+01  0.500  0.000  0.000  0.000  0.000 -1.000   0.000
  it  DE     s/n      chi**2    Mac1   Mac2   mic1   mic2   fill2 Ic1/Ic2 stray 
   0       4.02E+02  2.678E+01
  16  -4.  4.03E+02  2.567E+01  0.500  0.000  0.000  0.000  0.000 -1.000   0.000
   1  -3.  4.08E+02  2.583E+01  0.500  0.000  0.000  0.000  0.000 -1.000   0.000
   2  -4.  4.07E+02  2.582E+01  0.500  0.000  0.000  0.000  0.000 -1.000   0.000
   3  -3.  4.02E+02  2.561E+01  0.500  0.000  0.000  0.000  0.000 -1.000   0.000
   4  -4.  4.01E+02  2.561E+01  0.500  0.000  0.000  0.000  0.000 -1.000   0.000
   5  -3.  3.95E+02  2.550E+01  0.500  0.000  0.000  0.000  0.000 -1.000   0.000
   6  -4.  3.96E+02  2.548E+01  0.500  0.000  0.000  0.000  0.000 -1.000   0.000
   7  -3.  3.91E+02  2.544E+01  0.500  0.000  0.000  0.000  0.000 -1.000   0.000
   8  -4.  3.93E+02  2.541E+01  0.500  0.000  0.000  0.000  0.000 -1.000   0.000
   9  -3.  4.02E+02  2.365E+01  0.500  0.000  0.000  0.000  0.000 -1.000   0.000
  10  -4.  4.04E+02  2.361E+01  0.500  0.000  0.000  0.000  0.000 -1.000   0.000
  11  -5.  4.04E+02  2.361E+01  0.500  0.000  0.000  0.000  0.000 -1.000   0.000
  12  -5.  4.04E+02  2.361E+01  0.500  0.000  0.000  0.000  0.000 -1.000   0.000
  13  -4.  4.04E+02  2.361E+01  0.500  0.000  0.000  0.000  0.000 -1.000   0.000
  14  -3.  4.23E+02  2.263E+01  0.500  0.000  0.000  0.000  0.000 -1.000   0.000
  15  -4.  4.23E+02  2.261E+01  0.500  0.000  0.000  0.000  0.000 -1.000   0.000
  it  DE     s/n      chi**2    Mac1   Mac2   mic1   mic2   fill2 Ic1/Ic2 stray 
   0       4.24E+02  2.208E+01
  16  -5.  4.23E+02  2.260E+01  0.500  0.000  0.000  0.000  0.000 -1.000   0.000
   1  -3.  4.22E+02  2.241E+01  0.500  0.000  0.000  0.000  0.000 -1.000   0.000
   2  -4.  4.20E+02  2.240E+01  0.500  0.000  0.000  0.000  0.000 -1.000   0.000
   3  -5.  4.20E+02  2.240E+01  0.500  0.000  0.000  0.000  0.000 -1.000   0.000
   4  -3.  4.20E+02  2.240E+01  0.500  0.000  0.000  0.000  0.000 -1.000   0.000
   5  -4.  4.20E+02  2.240E+01  0.500  0.000  0.000  0.000  0.000 -1.000   0.000
   6  -3.  4.40E+02  2.129E+01  0.500  0.000  0.000  0.000  0.000 -1.000   0.000
   7  -4.  4.86E+02  1.685E+01  0.500  0.000  0.000  0.000  0.000 -1.000   0.000
   8  -5.  4.83E+02  1.691E+01  0.500  0.000  0.000  0.000  0.000 -1.000   0.000
   9  -5.  5.89E+02  1.118E+01  0.500  0.000  0.000  0.000  0.000 -1.000   0.000
  10  -5.  6.38E+02  1.133E+01  0.500  0.000  0.000  0.000  0.000 -1.000   0.000
  11  -6.  6.34E+02  1.164E+01  0.500  0.000  0.000  0.000  0.000 -1.000   0.000
  12  -6.  5.95E+02  9.926E+00  0.500  0.000  0.000  0.000  0.000 -1.000   0.000
  13  -6.  6.94E+02  9.497E+00  0.500  0.000  0.000  0.000  0.000 -1.000   0.000
  14  -6.  6.82E+02  9.520E+00  0.500  0.000  0.000  0.000  0.000 -1.000   0.000
  15  -3.  5.84E+02  8.715E+00  0.500  0.000  0.000  0.000  0.000 -1.000   0.000
  16  -4.  9.89E+02  3.165E+00  0.500  0.000  0.000  0.000  0.000 -1.000   0.000
  17  -5.  1.03E+03  3.026E+00  0.500  0.000  0.000  0.000  0.000 -1.000   0.000
  18  -5.  1.03E+03  3.049E+00  0.500  0.000  0.000  0.000  0.000 -1.000   0.000
  19  -0.  1.04E+03  2.885E+00  0.500  0.000  0.000  0.000  0.000 -1.000   0.000
  20   1.  1.04E+03  2.883E+00  0.500  0.000  0.000  0.000  0.000 -1.000   0.000
