   0.00000000       0.00000000       0.00000000    
  1.2000      1.5  2.53906E-02  0.000E+00  0.0000E+00  0.0000E+00  0.0000E+00  0.0000E+00  7.1297E-02  3.2570E+02  5.5732E-10
  1.1000      1.2  2.29492E-02  0.000E+00  0.0000E+00  0.0000E+00  0.0000E+00  0.0000E+00  5.9006E-02  2.8102E+02  4.8900E-10
  1.0000      1.0  2.09961E-02  0.000E+00  0.0000E+00  0.0000E+00  0.0000E+00  0.0000E+00  4.8325E-02  2.4018E+02  4.2557E-10
  0.9000      0.8  1.90430E-02  0.000E+00  0.0000E+00  0.0000E+00  0.0000E+00  0.0000E+00  3.9028E-02  2.0306E+02  3.6694E-10
  0.8000      0.7  1.70898E-02  0.000E+00  0.0000E+00  0.0000E+00  0.0000E+00  0.0000E+00  3.0972E-02  1.6909E+02  3.1210E-10
  0.7000      0.5  1.55029E-02  0.000E+00  0.0000E+00  0.0000E+00  0.0000E+00  0.0000E+00  2.4014E-02  1.3896E+02  2.6240E-10
  0.6000      0.4  1.39160E-02  0.000E+00  0.0000E+00  0.0000E+00  0.0000E+00  0.0000E+00  1.8070E-02  1.1149E+02  2.1583E-10
  0.5000      0.3  1.24512E-02  0.000E+00  0.0000E+00  0.0000E+00  0.0000E+00  0.0000E+00  1.3065E-02  8.7602E+01  1.7423E-10
  0.4000      0.2  1.11084E-02  0.000E+00  0.0000E+00  0.0000E+00  0.0000E+00  0.0000E+00  8.9302E-03  6.6984E+01  1.3721E-10
  0.3000      0.2  9.82666E-03  0.000E+00  0.0000E+00  0.0000E+00  0.0000E+00  0.0000E+00  5.6000E-03  4.9586E+01  1.0493E-10
  0.2000      0.1  8.69751E-03  0.000E+00  0.0000E+00  0.0000E+00  0.0000E+00  0.0000E+00  3.0546E-03  3.5125E+01  7.6810E-11
  0.1000      0.1  7.65991E-03  0.000E+00  0.0000E+00  0.0000E+00  0.0000E+00  0.0000E+00  1.2350E-03  2.4305E+01  5.5039E-11
  0.0000      0.1  6.72913E-03  0.000E+00  0.0000E+00  0.0000E+00  0.0000E+00  0.0000E+00  0.0000E+00  1.6555E+01  3.9066E-11
 -0.1000      0.1  5.87463E-03  0.000E+00  0.0000E+00  0.0000E+00  0.0000E+00  0.0000E+00  8.4496E-04  1.3109E+01  3.2117E-11
 -0.2000      0.1  5.11932E-03  0.000E+00  0.0000E+00  0.0000E+00  0.0000E+00  0.0000E+00  1.5650E-03  1.3344E+01  3.3737E-11
 -0.3000      0.1  4.44031E-03  0.000E+00  0.0000E+00  0.0000E+00  0.0000E+00  0.0000E+00  2.4052E-03  1.7164E+01  4.4309E-11
 -0.4000      0.1  3.83759E-03  0.000E+00  0.0000E+00  0.0000E+00  0.0000E+00  0.0000E+00  3.6144E-03  2.3672E+01  6.2442E-11
 -0.5000      0.1  3.31116E-03  0.000E+00  0.0000E+00  0.0000E+00  0.0000E+00  0.0000E+00  5.3825E-03  3.1203E+01  8.4100E-11
 -0.6000      0.2  2.85721E-03  0.000E+00  0.0000E+00  0.0000E+00  0.0000E+00  0.0000E+00  7.8735E-03  3.8375E+01  1.0581E-10
 -0.7000      0.2  2.46429E-03  0.000E+00  0.0000E+00  0.0000E+00  0.0000E+00  0.0000E+00  1.1234E-02  4.3906E+01  1.2388E-10
 -0.8000      0.3  2.13432E-03  0.000E+00  0.0000E+00  0.0000E+00  0.0000E+00  0.0000E+00  1.5614E-02  4.6766E+01  1.3509E-10
 -0.9000      0.3  1.85966E-03  0.000E+00  0.0000E+00  0.0000E+00  0.0000E+00  0.0000E+00  2.1156E-02  4.6562E+01  1.3763E-10
 -1.0000      0.4  1.63555E-03  0.000E+00  0.0000E+00  0.0000E+00  0.0000E+00  0.0000E+00  2.8015E-02  4.3887E+01  1.3296E-10
 -1.1000      0.5  1.45960E-03  0.000E+00  0.0000E+00  0.0000E+00  0.0000E+00  0.0000E+00  3.6423E-02  3.9438E+01  1.2247E-10
 -1.2000      0.5  1.32561E-03  0.000E+00  0.0000E+00  0.0000E+00  0.0000E+00  0.0000E+00  4.6623E-02  3.4285E+01  1.0910E-10
 -1.3000      0.6  1.22976E-03  0.000E+00  0.0000E+00  0.0000E+00  0.0000E+00  0.0000E+00  5.8792E-02  2.8094E+01  9.2108E-11
 -1.4000      0.7  1.16754E-03  0.000E+00  0.0000E+00  0.0000E+00  0.0000E+00  0.0000E+00  7.2769E-02  2.1996E+01  7.4635E-11
 -1.5000      0.7  1.13440E-03  0.000E+00  0.0000E+00  0.0000E+00  0.0000E+00  0.0000E+00  8.8127E-02  1.6348E+01  5.7945E-11
 -1.6000      0.8  1.12605E-03  0.000E+00  0.0000E+00  0.0000E+00  0.0000E+00  0.0000E+00  1.0362E-01  1.1150E+01  4.2210E-11
 -1.7000      0.9  1.13773E-03  0.000E+00  0.0000E+00  0.0000E+00  0.0000E+00  0.0000E+00  1.1719E-01  6.6445E+00  2.8287E-11
 -1.8000      0.9  1.16527E-03  0.000E+00  0.0000E+00  0.0000E+00  0.0000E+00  0.0000E+00  1.2627E-01  2.8271E+00  1.6346E-11
 -1.9000      1.0  1.20389E-03  0.000E+00  0.0000E+00  0.0000E+00  0.0000E+00  0.0000E+00  1.2910E-01  4.0137E-01  6.2172E-12
 -2.0000      1.0  1.24919E-03  0.000E+00  0.0000E+00  0.0000E+00  0.0000E+00  0.0000E+00  1.2582E-01  3.0420E+00  2.0464E-12
 -2.1000      1.0  1.29688E-03  0.000E+00  0.0000E+00  0.0000E+00  0.0000E+00  0.0000E+00  1.1865E-01  5.1035E+00  8.3809E-12
 -2.2000      1.1  1.34230E-03  0.000E+00  0.0000E+00  0.0000E+00  0.0000E+00  0.0000E+00  1.1060E-01  6.6094E+00  1.2861E-11
 -2.3000      1.1  1.38104E-03  0.000E+00  0.0000E+00  0.0000E+00  0.0000E+00  0.0000E+00  1.0361E-01  7.5449E+00  1.5444E-11
 -2.4000      1.1  1.40858E-03  0.000E+00  0.0000E+00  0.0000E+00  0.0000E+00  0.0000E+00  9.8450E-02  8.0156E+00  1.6524E-11
 -2.5000      1.1  1.42133E-03  0.000E+00  0.0000E+00  0.0000E+00  0.0000E+00  0.0000E+00  9.4788E-02  8.0752E+00  1.6350E-11
 -2.6000      1.1  1.41978E-03  0.000E+00  0.0000E+00  0.0000E+00  0.0000E+00  0.0000E+00  9.2316E-02  7.8525E+00  1.5337E-11
 -2.7000      1.1  1.40500E-03  0.000E+00  0.0000E+00  0.0000E+00  0.0000E+00  0.0000E+00  9.0637E-02  7.3857E+00  1.3557E-11
 -2.8000      1.0  1.37830E-03  0.000E+00  0.0000E+00  0.0000E+00  0.0000E+00  0.0000E+00  8.9539E-02  6.6689E+00  1.0981E-11
 -2.9000      1.0  1.34075E-03  0.000E+00  0.0000E+00  0.0000E+00  0.0000E+00  0.0000E+00  8.8776E-02  5.8145E+00  7.9474E-12
 -3.0000      1.0  1.29384E-03  0.000E+00  0.0000E+00  0.0000E+00  0.0000E+00  0.0000E+00  8.8287E-02  4.6465E+00  3.7765E-12
 -3.1000      1.0  1.23864E-03  0.000E+00  0.0000E+00  0.0000E+00  0.0000E+00  0.0000E+00  8.8013E-02  3.3037E+00  9.9476E-13
 -3.2000      1.1  1.17642E-03  0.000E+00  0.0000E+00  0.0000E+00  0.0000E+00  0.0000E+00  8.7830E-02  1.7334E+00  6.6187E-12
 -3.3000      1.1  1.10841E-03  0.000E+00  0.0000E+00  0.0000E+00  0.0000E+00  0.0000E+00  8.7830E-02  2.3438E-02  1.2935E-11
 -3.4000      1.2  1.03581E-03  0.000E+00  0.0000E+00  0.0000E+00  0.0000E+00  0.0000E+00  8.7891E-02  1.7920E+00  1.9256E-11
 -3.5000      1.3  9.59873E-04  0.000E+00  0.0000E+00  0.0000E+00  0.0000E+00  0.0000E+00  8.8074E-02  3.3281E+00  2.4684E-11
 -3.6000      1.4  8.81910E-04  0.000E+00  0.0000E+00  0.0000E+00  0.0000E+00  0.0000E+00  8.8409E-02  4.4844E+00  2.8617E-11
 -3.7000      1.6  8.03053E-04  0.000E+00  0.0000E+00  0.0000E+00  0.0000E+00  0.0000E+00  8.8837E-02  4.9248E+00  2.9679E-11
 -3.8000      1.8  7.24554E-04  0.000E+00  0.0000E+00  0.0000E+00  0.0000E+00  0.0000E+00  8.9447E-02  4.6704E+00  2.7972E-11
 -3.9000      2.1  6.47664E-04  0.000E+00  0.0000E+00  0.0000E+00  0.0000E+00  0.0000E+00  9.0271E-02  3.7319E+00  2.3539E-11
 -4.0000      2.4  5.73635E-04  0.000E+00  0.0000E+00  0.0000E+00  0.0000E+00  0.0000E+00  9.1461E-02  1.9341E+00  1.5607E-11
 -4.1000      2.8  5.03659E-04  0.000E+00  0.0000E+00  0.0000E+00  0.0000E+00  0.0000E+00  9.3079E-02  4.6875E-01  8.7326E-12
 -4.2000      3.2  4.39003E-04  0.000E+00  0.0000E+00  0.0000E+00  0.0000E+00  0.0000E+00  9.5825E-02  2.8149E-01  6.1666E-12
 -4.3000      3.7  3.80874E-04  0.000E+00  0.0000E+00  0.0000E+00  0.0000E+00  0.0000E+00  1.0764E-01  3.1833E+00  1.3408E-11
 -4.4000      4.3  3.30523E-04  0.000E+00  0.0000E+00  0.0000E+00  0.0000E+00  0.0000E+00  2.5711E-01  4.0414E+00  1.3642E-11
 -4.5000      4.9  2.89172E-04  0.000E+00  0.0000E+00  0.0000E+00  0.0000E+00  0.0000E+00  1.7587E+00  9.0386E-01  2.8583E-12
 -4.6000      5.7  2.58060E-04  0.000E+00  0.0000E+00  0.0000E+00  0.0000E+00  0.0000E+00  1.7943E+00  3.2822E-02  1.0646E-13
 -4.7000      6.4  2.38417E-04  0.000E+00  0.0000E+00  0.0000E+00  0.0000E+00  0.0000E+00  3.9547E+04  9.9824E-04  2.1275E-15
 -4.8000      7.3  2.31477E-04  0.000E+00  0.0000E+00  0.0000E+00  0.0000E+00  0.0000E+00  2.1792E+07  5.3976E-04  8.3760E-16
 -4.9000      8.3  2.38473E-04  0.000E+00  0.0000E+00  0.0000E+00  0.0000E+00  0.0000E+00  6.1137E+07  5.3042E-04  7.7590E-16
 -5.0000      9.4  2.60638E-04  0.000E+00  0.0000E+00  0.0000E+00  0.0000E+00  0.0000E+00  9.3025E+07  5.6860E-04  8.0429E-16
 -5.1000     10.5  2.99205E-04  0.000E+00  0.0000E+00  0.0000E+00  0.0000E+00  0.0000E+00  1.1876E+08  6.4757E-04  8.9801E-16
 -5.2000     11.8  3.55406E-04  0.000E+00  0.0000E+00  0.0000E+00  0.0000E+00  0.0000E+00  1.3947E+08  7.6509E-04  1.0424E-15
 -5.3000     13.1  4.30476E-04  0.000E+00  0.0000E+00  0.0000E+00  0.0000E+00  0.0000E+00  1.5613E+08  9.2421E-04  1.2426E-15
 -5.4000     14.6  5.25646E-04  0.000E+00  0.0000E+00  0.0000E+00  0.0000E+00  0.0000E+00  1.6950E+08  1.1274E-03  1.5009E-15
 -5.5000     16.2  6.42150E-04  0.000E+00  0.0000E+00  0.0000E+00  0.0000E+00  0.0000E+00  1.8022E+08  1.3755E-03  1.8122E-15
 -5.6000     17.9  7.81220E-04  0.000E+00  0.0000E+00  0.0000E+00  0.0000E+00  0.0000E+00  1.8881E+08  1.6721E-03  2.1822E-15
 -5.7000     19.8  9.44090E-04  0.000E+00  0.0000E+00  0.0000E+00  0.0000E+00  0.0000E+00  1.9570E+08  2.0196E-03  2.6136E-15
 -5.8000     21.7  1.13199E-03  0.000E+00  0.0000E+00  0.0000E+00  0.0000E+00  0.0000E+00  2.0122E+08  2.4156E-03  3.0818E-15
 -5.9000     23.8  1.34616E-03  0.000E+00  0.0000E+00  0.0000E+00  0.0000E+00  0.0000E+00  2.0368E+08  3.1047E-03  4.1097E-15
 -6.0000     26.0  1.58783E-03  0.000E+00  0.0000E+00  0.0000E+00  0.0000E+00  0.0000E+00  2.0368E+08  1.0346E-02  3.0716E-14
