   0.00000000       0.00000000       0.00000000    
  1.2000      3.6  6.10693E+00  0.000E+00  0.0000E+00  0.0000E+00  0.0000E+00  0.0000E+00  1.2766E-01  5.6827E+02  1.0143E-09
  1.1000      3.8  6.28564E+00  0.000E+00  0.0000E+00  0.0000E+00  0.0000E+00  0.0000E+00  1.1413E-01  5.5906E+02  1.0204E-09
  1.0000      3.9  6.25659E+00  0.000E+00  0.0000E+00  0.0000E+00  0.0000E+00  0.0000E+00  1.0155E-01  5.4984E+02  1.0276E-09
  0.9000      4.1  6.01660E+00  0.000E+00  0.0000E+00  0.0000E+00  0.0000E+00  0.0000E+00  8.9725E-02  5.4052E+02  1.0357E-09
  0.8000      4.2  5.61426E+00  0.000E+00  0.0000E+00  0.0000E+00  0.0000E+00  0.0000E+00  7.8449E-02  5.3102E+02  1.0447E-09
  0.7000      4.4  5.08264E+00  0.000E+00  0.0000E+00  0.0000E+00  0.0000E+00  0.0000E+00  6.7554E-02  5.2125E+02  1.0547E-09
  0.6000      4.5  4.46277E+00  0.000E+00  0.0000E+00  0.0000E+00  0.0000E+00  0.0000E+00  5.6904E-02  5.1105E+02  1.0654E-09
  0.5000      4.7  3.78595E+00  0.000E+00  0.0000E+00  0.0000E+00  0.0000E+00  0.0000E+00  4.6406E-02  5.0023E+02  1.0771E-09
  0.4000      4.8  3.09991E+00  0.000E+00  0.0000E+00  0.0000E+00  0.0000E+00  0.0000E+00  3.6011E-02  4.8845E+02  1.0889E-09
  0.3000      5.0  2.44003E+00  0.000E+00  0.0000E+00  0.0000E+00  0.0000E+00  0.0000E+00  2.5776E-02  4.7525E+02  1.1002E-09
  0.2000      5.1  1.90857E+00  0.000E+00  0.0000E+00  0.0000E+00  0.0000E+00  0.0000E+00  1.6020E-02  4.6027E+02  1.1051E-09
  0.1000      5.3  1.45987E+00  0.000E+00  0.0000E+00  0.0000E+00  0.0000E+00  0.0000E+00  7.2451E-03  4.4316E+02  1.1048E-09
  0.0000      5.4  1.09178E+00  0.000E+00  0.0000E+00  0.0000E+00  0.0000E+00  0.0000E+00  0.0000E+00  4.2334E+02  1.0971E-09
 -0.1000      5.6  8.32321E-01  0.000E+00  0.0000E+00  0.0000E+00  0.0000E+00  0.0000E+00  5.0049E-03  4.0062E+02  1.0760E-09
 -0.2000      5.7  6.37444E-01  0.000E+00  0.0000E+00  0.0000E+00  0.0000E+00  0.0000E+00  7.0992E-03  3.7523E+02  1.0436E-09
 -0.3000      5.9  4.92847E-01  0.000E+00  0.0000E+00  0.0000E+00  0.0000E+00  0.0000E+00  5.7392E-03  3.4744E+02  9.9973E-10
 -0.4000      6.0  3.76759E-01  0.000E+00  0.0000E+00  0.0000E+00  0.0000E+00  0.0000E+00  4.3106E-04  3.1746E+02  9.4674E-10
 -0.5000      6.2  2.88286E-01  0.000E+00  0.0000E+00  0.0000E+00  0.0000E+00  0.0000E+00  9.1896E-03  2.8562E+02  8.8372E-10
 -0.6000      6.3  2.21258E-01  0.000E+00  0.0000E+00  0.0000E+00  0.0000E+00  0.0000E+00  2.3178E-02  2.5259E+02  8.1208E-10
 -0.7000      6.5  1.71141E-01  0.000E+00  0.0000E+00  0.0000E+00  0.0000E+00  0.0000E+00  4.1336E-02  2.1925E+02  7.3396E-10
 -0.8000      6.6  1.33592E-01  0.000E+00  0.0000E+00  0.0000E+00  0.0000E+00  0.0000E+00  6.3118E-02  1.8661E+02  6.5235E-10
 -0.9000      6.8  1.05600E-01  0.000E+00  0.0000E+00  0.0000E+00  0.0000E+00  0.0000E+00  8.7852E-02  1.5558E+02  5.7028E-10
 -1.0000      6.9  8.36153E-02  0.000E+00  0.0000E+00  0.0000E+00  0.0000E+00  0.0000E+00  1.1465E-01  1.2689E+02  4.9106E-10
 -1.1000      7.1  6.69065E-02  0.000E+00  0.0000E+00  0.0000E+00  0.0000E+00  0.0000E+00  1.4259E-01  1.0104E+02  4.1635E-10
 -1.2000      7.2  5.43237E-02  0.000E+00  0.0000E+00  0.0000E+00  0.0000E+00  0.0000E+00  1.7114E-01  7.8246E+01  3.4756E-10
 -1.3000      7.4  4.36707E-02  0.000E+00  0.0000E+00  0.0000E+00  0.0000E+00  0.0000E+00  1.9934E-01  5.8619E+01  2.8635E-10
 -1.4000      7.5  3.52521E-02  0.000E+00  0.0000E+00  0.0000E+00  0.0000E+00  0.0000E+00  2.2588E-01  4.2184E+01  2.3287E-10
 -1.5000      7.7  2.86362E-02  0.000E+00  0.0000E+00  0.0000E+00  0.0000E+00  0.0000E+00  2.5002E-01  2.8738E+01  1.8701E-10
 -1.6000      7.8  2.32551E-02  0.000E+00  0.0000E+00  0.0000E+00  0.0000E+00  0.0000E+00  2.7104E-01  1.8023E+01  1.4861E-10
 -1.7000      8.0  1.89879E-02  0.000E+00  0.0000E+00  0.0000E+00  0.0000E+00  0.0000E+00  2.8822E-01  9.7402E+00  1.1704E-10
 -1.8000      8.1  1.56094E-02  0.000E+00  0.0000E+00  0.0000E+00  0.0000E+00  0.0000E+00  3.0133E-01  3.5176E+00  9.1475E-11
 -1.9000      8.3  1.28565E-02  0.000E+00  0.0000E+00  0.0000E+00  0.0000E+00  0.0000E+00  3.1010E-01  9.8145E-01  7.1221E-11
 -2.0000      8.4  1.06593E-02  0.000E+00  0.0000E+00  0.0000E+00  0.0000E+00  0.0000E+00  3.1418E-01  4.0635E+00  5.5440E-11
 -2.1000      8.6  8.89897E-03  0.000E+00  0.0000E+00  0.0000E+00  0.0000E+00  0.0000E+00  3.1378E-01  6.0430E+00  4.3329E-11
 -2.2000      8.7  7.48080E-03  0.000E+00  0.0000E+00  0.0000E+00  0.0000E+00  0.0000E+00  3.0908E-01  7.1797E+00  3.4156E-11
 -2.3000      8.9  6.33562E-03  0.000E+00  0.0000E+00  0.0000E+00  0.0000E+00  0.0000E+00  3.0008E-01  7.6826E+00  2.7329E-11
 -2.4000      9.0  5.40459E-03  0.000E+00  0.0000E+00  0.0000E+00  0.0000E+00  0.0000E+00  2.8714E-01  7.7295E+00  2.2320E-11
 -2.5000      9.2  4.64332E-03  0.000E+00  0.0000E+00  0.0000E+00  0.0000E+00  0.0000E+00  2.7039E-01  7.4600E+00  1.8698E-11
 -2.6000      9.3  4.01241E-03  0.000E+00  0.0000E+00  0.0000E+00  0.0000E+00  0.0000E+00  2.5015E-01  6.9814E+00  1.6117E-11
 -2.7000      9.5  3.48356E-03  0.000E+00  0.0000E+00  0.0000E+00  0.0000E+00  0.0000E+00  2.2656E-01  6.3721E+00  1.4314E-11
 -2.8000      9.6  3.03754E-03  0.000E+00  0.0000E+00  0.0000E+00  0.0000E+00  0.0000E+00  1.9962E-01  5.6875E+00  1.3086E-11
 -2.9000      9.8  2.65309E-03  0.000E+00  0.0000E+00  0.0000E+00  0.0000E+00  0.0000E+00  1.6907E-01  4.9624E+00  1.2304E-11
 -3.0000      9.9  2.31716E-03  0.000E+00  0.0000E+00  0.0000E+00  0.0000E+00  0.0000E+00  1.3467E-01  4.2183E+00  1.1877E-11
 -3.1000     10.1  2.01979E-03  0.000E+00  0.0000E+00  0.0000E+00  0.0000E+00  0.0000E+00  9.5734E-02  3.4653E+00  1.1719E-11
 -3.2000     10.2  1.75020E-03  0.000E+00  0.0000E+00  0.0000E+00  0.0000E+00  0.0000E+00  5.1086E-02  2.7043E+00  1.1824E-11
 -3.3000     10.4  1.50210E-03  0.000E+00  0.0000E+00  0.0000E+00  0.0000E+00  0.0000E+00  1.0986E-03  1.9282E+00  1.2192E-11
 -3.4000     10.5  1.27098E-03  0.000E+00  0.0000E+00  0.0000E+00  0.0000E+00  0.0000E+00  6.3324E-02  1.1272E+00  1.2823E-11
 -3.5000     10.7  1.05421E-03  0.000E+00  0.0000E+00  0.0000E+00  0.0000E+00  0.0000E+00  1.3940E-01  2.8918E-01  1.3743E-11
 -3.6000     10.8  8.50037E-04  0.000E+00  0.0000E+00  0.0000E+00  0.0000E+00  0.0000E+00  2.3456E-01  5.9583E-01  1.4966E-11
 -3.7000     11.0  6.62744E-04  0.000E+00  0.0000E+00  0.0000E+00  0.0000E+00  0.0000E+00  3.5648E-01  1.5344E+00  1.6461E-11
 -3.8000     11.1  4.97632E-04  0.000E+00  0.0000E+00  0.0000E+00  0.0000E+00  0.0000E+00  5.1642E-01  2.5251E+00  1.8207E-11
 -3.9000     11.3  3.63991E-04  0.000E+00  0.0000E+00  0.0000E+00  0.0000E+00  0.0000E+00  7.3132E-01  3.5522E+00  2.0120E-11
 -4.0000     11.4  3.27744E-04  0.000E+00  0.0000E+00  0.0000E+00  0.0000E+00  0.0000E+00  1.0209E+00  4.5211E+00  2.1735E-11
 -4.1000     11.6  4.19751E-04  0.000E+00  0.0000E+00  0.0000E+00  0.0000E+00  0.0000E+00  1.3985E+00  5.2130E+00  2.2361E-11
 -4.2000     11.8  6.35993E-04  0.000E+00  0.0000E+00  0.0000E+00  0.0000E+00  0.0000E+00  1.8648E+00  5.3538E+00  2.1152E-11
 -4.3000     11.9  1.12927E-03  0.000E+00  0.0000E+00  0.0000E+00  0.0000E+00  0.0000E+00  2.3540E+00  4.7295E+00  1.7401E-11
 -4.4000     12.1  1.74743E-03  0.000E+00  0.0000E+00  0.0000E+00  0.0000E+00  0.0000E+00  2.8124E+00  3.6142E+00  1.2498E-11
 -4.5000     12.2  2.55290E-03  0.000E+00  0.0000E+00  0.0000E+00  0.0000E+00  0.0000E+00  3.2766E+00  2.5772E+00  8.3796E-12
 -4.6000     12.4  2.96298E-03  0.000E+00  0.0000E+00  0.0000E+00  0.0000E+00  0.0000E+00  3.8215E+00  1.8082E+00  5.6053E-12
 -4.7000     12.5  3.10434E-03  0.000E+00  0.0000E+00  0.0000E+00  0.0000E+00  0.0000E+00  4.4771E+00  1.2448E+00  3.6905E-12
 -4.8000     12.7  2.97803E-03  0.000E+00  0.0000E+00  0.0000E+00  0.0000E+00  0.0000E+00  5.1580E+00  8.3657E-01  2.3827E-12
 -4.9000     12.8  2.51651E-03  0.000E+00  0.0000E+00  0.0000E+00  0.0000E+00  0.0000E+00  5.7571E+00  5.4615E-01  1.5131E-12
 -5.0000     13.0  2.02627E-03  0.000E+00  0.0000E+00  0.0000E+00  0.0000E+00  0.0000E+00  6.2125E+00  3.4408E-01  9.3429E-13
 -5.1000     13.1  1.62931E-03  0.000E+00  0.0000E+00  0.0000E+00  0.0000E+00  0.0000E+00  6.4963E+00  2.0996E-01  5.6282E-13
 -5.2000     13.3  1.36448E-03  0.000E+00  0.0000E+00  0.0000E+00  0.0000E+00  0.0000E+00  6.6182E+00  1.2553E-01  3.3313E-13
 -5.3000     13.4  1.18636E-03  0.000E+00  0.0000E+00  0.0000E+00  0.0000E+00  0.0000E+00  6.6111E+00  7.5172E-02  1.9855E-13
 -5.4000     13.6  1.06411E-03  0.000E+00  0.0000E+00  0.0000E+00  0.0000E+00  0.0000E+00  6.5107E+00  4.5427E-02  1.2014E-13
 -5.5000     13.7  9.57966E-04  0.000E+00  0.0000E+00  0.0000E+00  0.0000E+00  0.0000E+00  6.3558E+00  2.7946E-02  7.4259E-14
 -5.6000     13.9  8.55207E-04  0.000E+00  0.0000E+00  0.0000E+00  0.0000E+00  0.0000E+00  6.1851E+00  1.7755E-02  4.7619E-14
 -5.7000     14.0  7.50817E-04  0.000E+00  0.0000E+00  0.0000E+00  0.0000E+00  0.0000E+00  6.0242E+00  1.1725E-02  3.1839E-14
 -5.8000     14.2  5.69858E-04  0.000E+00  0.0000E+00  0.0000E+00  0.0000E+00  0.0000E+00  5.9108E+00  8.1832E-03  2.2180E-14
 -5.9000     14.3  3.20077E-04  0.000E+00  0.0000E+00  0.0000E+00  0.0000E+00  0.0000E+00  5.8779E+00  6.1807E-03  1.6321E-14
 -6.0000     14.5  0.00000E+00  0.000E+00  0.0000E+00  0.0000E+00  0.0000E+00  0.0000E+00  5.9268E+00  5.0648E-03  1.2573E-14
