   0.00000000       0.00000000       0.00000000    
  1.2000      1.5  2.53906E-02  0.000E+00  0.0000E+00  0.0000E+00  0.0000E+00  0.0000E+00  7.1938E-02  3.2906E+02  5.6306E-10
  1.1000      1.2  2.29492E-02  0.000E+00  0.0000E+00  0.0000E+00  0.0000E+00  0.0000E+00  5.9525E-02  2.8376E+02  4.9373E-10
  1.0000      1.0  2.09961E-02  0.000E+00  0.0000E+00  0.0000E+00  0.0000E+00  0.0000E+00  4.8744E-02  2.4266E+02  4.3001E-10
  0.9000      0.8  1.90430E-02  0.000E+00  0.0000E+00  0.0000E+00  0.0000E+00  0.0000E+00  3.9368E-02  2.0481E+02  3.7014E-10
  0.8000      0.7  1.70898E-02  0.000E+00  0.0000E+00  0.0000E+00  0.0000E+00  0.0000E+00  3.1239E-02  1.7080E+02  3.1523E-10
  0.7000      0.5  1.55029E-02  0.000E+00  0.0000E+00  0.0000E+00  0.0000E+00  0.0000E+00  2.4227E-02  1.4014E+02  2.6466E-10
  0.6000      0.4  1.39160E-02  0.000E+00  0.0000E+00  0.0000E+00  0.0000E+00  0.0000E+00  1.8234E-02  1.1261E+02  2.1795E-10
  0.5000      0.3  1.24512E-02  0.000E+00  0.0000E+00  0.0000E+00  0.0000E+00  0.0000E+00  1.3199E-02  8.8398E+01  1.7579E-10
  0.4000      0.2  1.11084E-02  0.000E+00  0.0000E+00  0.0000E+00  0.0000E+00  0.0000E+00  9.0351E-03  6.7547E+01  1.3839E-10
  0.3000      0.2  9.82666E-03  0.000E+00  0.0000E+00  0.0000E+00  0.0000E+00  0.0000E+00  5.6801E-03  5.0102E+01  1.0603E-10
  0.2000      0.1  8.69751E-03  0.000E+00  0.0000E+00  0.0000E+00  0.0000E+00  0.0000E+00  3.1052E-03  3.5648E+01  7.7875E-11
  0.1000      0.1  7.65991E-03  0.000E+00  0.0000E+00  0.0000E+00  0.0000E+00  0.0000E+00  1.2598E-03  2.4336E+01  5.5152E-11
  0.0000      0.1  6.72913E-03  0.000E+00  0.0000E+00  0.0000E+00  0.0000E+00  0.0000E+00  0.0000E+00  1.7055E+01  4.0188E-11
 -0.1000      0.1  5.87463E-03  0.000E+00  0.0000E+00  0.0000E+00  0.0000E+00  0.0000E+00  8.7976E-04  1.3359E+01  3.2713E-11
 -0.2000      0.1  5.11932E-03  0.000E+00  0.0000E+00  0.0000E+00  0.0000E+00  0.0000E+00  1.6050E-03  1.3172E+01  3.3339E-11
 -0.3000      0.1  4.44031E-03  0.000E+00  0.0000E+00  0.0000E+00  0.0000E+00  0.0000E+00  2.4452E-03  1.7438E+01  4.5048E-11
 -0.4000      0.1  3.84140E-03  0.000E+00  0.0000E+00  0.0000E+00  0.0000E+00  0.0000E+00  3.6755E-03  2.3930E+01  6.3068E-11
 -0.5000      0.1  3.31497E-03  0.000E+00  0.0000E+00  0.0000E+00  0.0000E+00  0.0000E+00  5.4550E-03  3.1414E+01  8.4725E-11
 -0.6000      0.2  2.85912E-03  0.000E+00  0.0000E+00  0.0000E+00  0.0000E+00  0.0000E+00  7.9727E-03  3.9039E+01  1.0759E-10
 -0.7000      0.2  2.46811E-03  0.000E+00  0.0000E+00  0.0000E+00  0.0000E+00  0.0000E+00  1.1364E-02  4.4461E+01  1.2541E-10
 -0.8000      0.3  2.13814E-03  0.000E+00  0.0000E+00  0.0000E+00  0.0000E+00  0.0000E+00  1.5762E-02  4.7234E+01  1.3642E-10
 -0.9000      0.4  1.86348E-03  0.000E+00  0.0000E+00  0.0000E+00  0.0000E+00  0.0000E+00  2.1347E-02  4.7164E+01  1.3939E-10
 -1.0000      0.4  1.64127E-03  0.000E+00  0.0000E+00  0.0000E+00  0.0000E+00  0.0000E+00  2.8267E-02  4.4363E+01  1.3438E-10
 -1.1000      0.5  1.46532E-03  0.000E+00  0.0000E+00  0.0000E+00  0.0000E+00  0.0000E+00  3.6758E-02  3.9887E+01  1.2385E-10
 -1.2000      0.5  1.33181E-03  0.000E+00  0.0000E+00  0.0000E+00  0.0000E+00  0.0000E+00  4.7081E-02  3.4586E+01  1.1004E-10
 -1.3000      0.6  1.23692E-03  0.000E+00  0.0000E+00  0.0000E+00  0.0000E+00  0.0000E+00  5.9357E-02  2.8383E+01  9.3010E-11
 -1.4000      0.7  1.17517E-03  0.000E+00  0.0000E+00  0.0000E+00  0.0000E+00  0.0000E+00  7.3563E-02  2.2166E+01  7.5190E-11
 -1.5000      0.8  1.14274E-03  0.000E+00  0.0000E+00  0.0000E+00  0.0000E+00  0.0000E+00  8.9165E-02  1.6430E+01  5.8229E-11
 -1.6000      0.8  1.13487E-03  0.000E+00  0.0000E+00  0.0000E+00  0.0000E+00  0.0000E+00  1.0495E-01  1.1172E+01  4.2284E-11
 -1.7000      0.9  1.14727E-03  0.000E+00  0.0000E+00  0.0000E+00  0.0000E+00  0.0000E+00  1.1871E-01  6.6104E+00  2.8173E-11
 -1.8000      0.9  1.17517E-03  0.000E+00  0.0000E+00  0.0000E+00  0.0000E+00  0.0000E+00  1.2782E-01  2.7637E+00  1.6126E-11
 -1.9000      1.0  1.21427E-03  0.000E+00  0.0000E+00  0.0000E+00  0.0000E+00  0.0000E+00  1.3039E-01  5.0977E-01  5.8300E-12
 -2.0000      1.0  1.25992E-03  0.000E+00  0.0000E+00  0.0000E+00  0.0000E+00  0.0000E+00  1.2648E-01  3.1699E+00  2.5047E-12
 -2.1000      1.1  1.30785E-03  0.000E+00  0.0000E+00  0.0000E+00  0.0000E+00  0.0000E+00  1.1850E-01  5.2588E+00  8.9528E-12
 -2.2000      1.1  1.35338E-03  0.000E+00  0.0000E+00  0.0000E+00  0.0000E+00  0.0000E+00  1.0965E-01  6.7891E+00  1.3515E-11
 -2.3000      1.1  1.39225E-03  0.000E+00  0.0000E+00  0.0000E+00  0.0000E+00  0.0000E+00  1.0193E-01  7.7695E+00  1.6257E-11
 -2.4000      1.1  1.41978E-03  0.000E+00  0.0000E+00  0.0000E+00  0.0000E+00  0.0000E+00  9.6191E-02  8.2529E+00  1.7387E-11
 -2.5000      1.1  1.43254E-03  0.000E+00  0.0000E+00  0.0000E+00  0.0000E+00  0.0000E+00  9.2163E-02  8.3359E+00  1.7298E-11
 -2.6000      1.1  1.43075E-03  0.000E+00  0.0000E+00  0.0000E+00  0.0000E+00  0.0000E+00  8.9417E-02  8.1270E+00  1.6339E-11
 -2.7000      1.1  1.41561E-03  0.000E+00  0.0000E+00  0.0000E+00  0.0000E+00  0.0000E+00  8.7524E-02  7.6982E+00  1.4690E-11
 -2.8000      1.1  1.38855E-03  0.000E+00  0.0000E+00  0.0000E+00  0.0000E+00  0.0000E+00  8.6273E-02  6.9961E+00  1.2175E-11
 -2.9000      1.0  1.35064E-03  0.000E+00  0.0000E+00  0.0000E+00  0.0000E+00  0.0000E+00  8.5419E-02  6.0752E+00  8.8995E-12
 -3.0000      1.0  1.30320E-03  0.000E+00  0.0000E+00  0.0000E+00  0.0000E+00  0.0000E+00  8.4869E-02  4.9326E+00  4.8246E-12
 -3.1000      1.0  1.24741E-03  0.000E+00  0.0000E+00  0.0000E+00  0.0000E+00  0.0000E+00  8.4534E-02  3.5488E+00  9.2371E-14
 -3.2000      1.1  1.18458E-03  0.000E+00  0.0000E+00  0.0000E+00  0.0000E+00  0.0000E+00  8.4381E-02  1.9082E+00  5.9757E-12
 -3.3000      1.1  1.11592E-03  0.000E+00  0.0000E+00  0.0000E+00  0.0000E+00  0.0000E+00  8.4351E-02  1.4941E-01  1.2324E-11
 -3.4000      1.2  1.04266E-03  0.000E+00  0.0000E+00  0.0000E+00  0.0000E+00  0.0000E+00  8.4442E-02  1.6436E+00  1.8762E-11
 -3.5000      1.3  9.66072E-04  0.000E+00  0.0000E+00  0.0000E+00  0.0000E+00  0.0000E+00  8.4625E-02  3.3301E+00  2.4755E-11
 -3.6000      1.5  8.87394E-04  0.000E+00  0.0000E+00  0.0000E+00  0.0000E+00  0.0000E+00  8.4930E-02  4.5791E+00  2.9047E-11
 -3.7000      1.6  8.07822E-04  0.000E+00  0.0000E+00  0.0000E+00  0.0000E+00  0.0000E+00  8.5358E-02  5.1084E+00  3.0468E-11
 -3.8000      1.9  7.28607E-04  0.000E+00  0.0000E+00  0.0000E+00  0.0000E+00  0.0000E+00  8.5999E-02  4.9023E+00  2.8974E-11
 -3.9000      2.1  6.51062E-04  0.000E+00  0.0000E+00  0.0000E+00  0.0000E+00  0.0000E+00  8.6853E-02  4.0112E+00  2.4748E-11
 -4.0000      2.4  5.76347E-04  0.000E+00  0.0000E+00  0.0000E+00  0.0000E+00  0.0000E+00  8.8074E-02  2.2407E+00  1.6934E-11
 -4.1000      2.8  5.05745E-04  0.000E+00  0.0000E+00  0.0000E+00  0.0000E+00  0.0000E+00  8.9752E-02  7.6172E-01  1.0026E-11
 -4.2000      3.3  4.40478E-04  0.000E+00  0.0000E+00  0.0000E+00  0.0000E+00  0.0000E+00  9.2529E-02  5.3711E-01  7.3443E-12
 -4.3000      3.8  3.81798E-04  0.000E+00  0.0000E+00  0.0000E+00  0.0000E+00  0.0000E+00  1.0352E-01  3.5442E+00  1.4906E-11
 -4.4000      4.3  3.30932E-04  0.000E+00  0.0000E+00  0.0000E+00  0.0000E+00  0.0000E+00  2.1973E-01  5.0543E+00  1.7054E-11
 -4.5000      5.0  2.89135E-04  0.000E+00  0.0000E+00  0.0000E+00  0.0000E+00  0.0000E+00  1.3223E+00  1.5006E+00  4.7236E-12
 -4.6000      5.7  2.57652E-04  0.000E+00  0.0000E+00  0.0000E+00  0.0000E+00  0.0000E+00  4.3837E+00  1.6379E-01  5.0287E-13
 -4.7000      6.5  2.37713E-04  0.000E+00  0.0000E+00  0.0000E+00  0.0000E+00  0.0000E+00  2.5134E+01  1.1010E-03  1.0032E-15
 -4.8000      7.4  2.30563E-04  0.000E+00  0.0000E+00  0.0000E+00  0.0000E+00  0.0000E+00  2.1715E+07  5.3725E-04  8.3318E-16
 -4.9000      8.4  2.37445E-04  0.000E+00  0.0000E+00  0.0000E+00  0.0000E+00  0.0000E+00  6.1063E+07  5.2791E-04  7.7187E-16
 -5.0000      9.4  2.59598E-04  0.000E+00  0.0000E+00  0.0000E+00  0.0000E+00  0.0000E+00  9.2953E+07  5.6618E-04  8.0060E-16
 -5.1000     10.6  2.98265E-04  0.000E+00  0.0000E+00  0.0000E+00  0.0000E+00  0.0000E+00  1.1869E+08  6.4541E-04  8.9475E-16
 -5.2000     11.9  3.54687E-04  0.000E+00  0.0000E+00  0.0000E+00  0.0000E+00  0.0000E+00  1.3940E+08  7.6344E-04  1.0399E-15
 -5.3000     13.3  4.30104E-04  0.000E+00  0.0000E+00  0.0000E+00  0.0000E+00  0.0000E+00  1.5606E+08  9.2333E-04  1.2411E-15
 -5.4000     14.8  5.25758E-04  0.000E+00  0.0000E+00  0.0000E+00  0.0000E+00  0.0000E+00  1.6944E+08  1.1275E-03  1.5009E-15
 -5.5000     16.4  6.42891E-04  0.000E+00  0.0000E+00  0.0000E+00  0.0000E+00  0.0000E+00  1.8016E+08  1.3771E-03  1.8139E-15
 -5.6000     18.1  7.82743E-04  0.000E+00  0.0000E+00  0.0000E+00  0.0000E+00  0.0000E+00  1.8875E+08  1.6753E-03  2.1860E-15
 -5.7000     19.9  9.46556E-04  0.000E+00  0.0000E+00  0.0000E+00  0.0000E+00  0.0000E+00  1.9564E+08  2.0249E-03  2.6199E-15
 -5.8000     21.9  1.13557E-03  0.000E+00  0.0000E+00  0.0000E+00  0.0000E+00  0.0000E+00  2.0116E+08  2.4233E-03  3.0911E-15
 -5.9000     24.0  1.35103E-03  0.000E+00  0.0000E+00  0.0000E+00  0.0000E+00  0.0000E+00  2.0362E+08  3.2046E-03  4.2939E-15
 -6.0000     26.3  1.59417E-03  0.000E+00  0.0000E+00  0.0000E+00  0.0000E+00  0.0000E+00  2.0362E+08  1.0431E-02  3.0945E-14
