  0.0000000E+00  0.0000000E+00  0.0000000E+00
  1.4000      0.0  0.00000E+00  0.000E+00  7.9346E-04  9.3750E-02  3.0518E-05  0.0000E+00  0.0000E+00  0.0000E+00  0.0000E+00
  1.3000      0.0  0.00000E+00  0.000E+00  7.9346E-04  9.3750E-02  3.0518E-05  0.0000E+00  0.0000E+00  0.0000E+00  0.0000E+00
  1.2000      0.0  0.00000E+00  0.000E+00  7.9346E-04  1.0938E-01  3.8147E-05  0.0000E+00  0.0000E+00  0.0000E+00  0.0000E+00
  1.1000      0.0  0.00000E+00  0.000E+00  7.9346E-04  1.0938E-01  3.8147E-05  0.0000E+00  0.0000E+00  0.0000E+00  0.0000E+00
  1.0000      0.0  0.00000E+00  0.000E+00  7.9346E-04  1.0938E-01  3.8147E-05  0.0000E+00  0.0000E+00  0.0000E+00  0.0000E+00
  0.9000      0.0  0.00000E+00  0.000E+00  7.9346E-04  1.0938E-01  3.0518E-05  0.0000E+00  0.0000E+00  0.0000E+00  0.0000E+00
  0.8000      0.0  0.00000E+00  0.000E+00  7.9346E-04  1.0938E-01  3.0518E-05  0.0000E+00  0.0000E+00  0.0000E+00  0.0000E+00
  0.7000      0.0  0.00000E+00  0.000E+00  7.9346E-04  1.0938E-01  3.8147E-05  0.0000E+00  0.0000E+00  0.0000E+00  0.0000E+00
  0.6000      0.0  0.00000E+00  0.000E+00  7.3242E-04  1.0938E-01  3.8147E-05  0.0000E+00  0.0000E+00  0.0000E+00  0.0000E+00
  0.5000      0.0  0.00000E+00  0.000E+00  7.3242E-04  1.0938E-01  3.0518E-05  0.0000E+00  0.0000E+00  0.0000E+00  0.0000E+00
  0.4000      0.0  0.00000E+00  0.000E+00  7.3242E-04  1.0938E-01  3.0518E-05  0.0000E+00  0.0000E+00  0.0000E+00  0.0000E+00
  0.3000      0.0  0.00000E+00  0.000E+00  7.3242E-04  1.0938E-01  3.8147E-05  0.0000E+00  0.0000E+00  0.0000E+00  0.0000E+00
  0.2000      0.0  0.00000E+00  0.000E+00  7.3242E-04  1.0938E-01  3.4332E-05  0.0000E+00  0.0000E+00  0.0000E+00  0.0000E+00
  0.1000      0.0  0.00000E+00  0.000E+00  7.3242E-04  1.0938E-01  3.4332E-05  0.0000E+00  0.0000E+00  0.0000E+00  0.0000E+00
  0.0000      0.0  0.00000E+00  0.000E+00  7.3242E-04  1.0938E-01  3.4332E-05  0.0000E+00  0.0000E+00  0.0000E+00  0.0000E+00
 -0.1000      0.0  0.00000E+00  0.000E+00  7.3242E-04  1.0938E-01  3.4332E-05  0.0000E+00  0.0000E+00  0.0000E+00  0.0000E+00
 -0.2000      0.0  0.00000E+00  0.000E+00  7.3242E-04  1.0938E-01  3.4332E-05  0.0000E+00  0.0000E+00  0.0000E+00  0.0000E+00
 -0.3000      0.0  0.00000E+00  0.000E+00  7.3242E-04  1.0938E-01  3.0518E-05  0.0000E+00  0.0000E+00  0.0000E+00  0.0000E+00
 -0.4000      0.0  0.00000E+00  0.000E+00  7.3242E-04  1.0938E-01  3.0518E-05  0.0000E+00  0.0000E+00  0.0000E+00  0.0000E+00
 -0.5000      0.0  0.00000E+00  0.000E+00  7.3242E-04  1.2500E-01  3.0518E-05  0.0000E+00  0.0000E+00  0.0000E+00  0.0000E+00
 -0.6000      0.0  0.00000E+00  0.000E+00  7.3242E-04  1.2500E-01  3.0518E-05  0.0000E+00  0.0000E+00  0.0000E+00  0.0000E+00
 -0.7000      0.0  0.00000E+00  0.000E+00  7.3242E-04  1.2500E-01  3.0518E-05  0.0000E+00  0.0000E+00  0.0000E+00  0.0000E+00
 -0.8000      0.0  0.00000E+00  0.000E+00  7.3242E-04  1.2500E-01  3.0518E-05  0.0000E+00  0.0000E+00  0.0000E+00  0.0000E+00
 -0.9000      0.0  0.00000E+00  0.000E+00  7.3242E-04  1.2500E-01  3.0518E-05  0.0000E+00  0.0000E+00  0.0000E+00  0.0000E+00
 -1.0000      0.0  0.00000E+00  0.000E+00  7.3242E-04  1.2500E-01  3.0518E-05  0.0000E+00  0.0000E+00  0.0000E+00  0.0000E+00
 -1.1000      0.0  0.00000E+00  0.000E+00  7.3242E-04  1.2500E-01  3.4332E-05  0.0000E+00  0.0000E+00  0.0000E+00  0.0000E+00
 -1.2000      0.0  0.00000E+00  0.000E+00  7.3242E-04  1.2500E-01  3.0518E-05  0.0000E+00  0.0000E+00  0.0000E+00  0.0000E+00
 -1.3000      0.0  0.00000E+00  0.000E+00  7.3242E-04  1.2500E-01  3.0518E-05  0.0000E+00  0.0000E+00  0.0000E+00  0.0000E+00
 -1.4000      0.0  0.00000E+00  0.000E+00  7.3242E-04  1.2500E-01  3.0518E-05  0.0000E+00  0.0000E+00  0.0000E+00  0.0000E+00
 -1.5000      0.0  0.00000E+00  0.000E+00  7.3242E-04  1.2500E-01  3.0518E-05  0.0000E+00  0.0000E+00  0.0000E+00  0.0000E+00
 -1.6000      0.0  0.00000E+00  0.000E+00  7.3242E-04  1.2500E-01  3.0518E-05  0.0000E+00  0.0000E+00  0.0000E+00  0.0000E+00
 -1.7000      0.0  0.00000E+00  0.000E+00  7.3242E-04  1.2500E-01  3.0518E-05  0.0000E+00  0.0000E+00  0.0000E+00  0.0000E+00
 -1.8000      0.0  0.00000E+00  0.000E+00  7.3242E-04  1.2500E-01  3.4332E-05  0.0000E+00  0.0000E+00  0.0000E+00  0.0000E+00
 -1.9000      0.0  0.00000E+00  0.000E+00  7.3242E-04  1.2500E-01  2.6703E-05  0.0000E+00  0.0000E+00  0.0000E+00  0.0000E+00
 -2.0000      0.0  0.00000E+00  0.000E+00  7.3242E-04  1.2500E-01  2.6703E-05  0.0000E+00  0.0000E+00  0.0000E+00  0.0000E+00
 -2.1000      0.0  0.00000E+00  0.000E+00  7.3242E-04  1.3281E-01  3.0518E-05  0.0000E+00  0.0000E+00  0.0000E+00  0.0000E+00
 -2.2000      0.0  0.00000E+00  0.000E+00  7.3242E-04  1.3281E-01  2.8610E-05  0.0000E+00  0.0000E+00  0.0000E+00  0.0000E+00
 -2.3000      0.0  0.00000E+00  0.000E+00  7.3242E-04  1.3281E-01  2.8610E-05  0.0000E+00  0.0000E+00  0.0000E+00  0.0000E+00
 -2.4000      0.0  0.00000E+00  0.000E+00  6.1035E-04  1.3281E-01  2.6703E-05  0.0000E+00  0.0000E+00  0.0000E+00  0.0000E+00
 -2.5000      0.0  0.00000E+00  0.000E+00  6.1035E-04  1.3281E-01  2.6703E-05  0.0000E+00  0.0000E+00  0.0000E+00  0.0000E+00
 -2.6000      0.0  0.00000E+00  0.000E+00  6.1035E-04  1.3281E-01  2.6703E-05  0.0000E+00  0.0000E+00  0.0000E+00  0.0000E+00
 -2.7000      0.0  0.00000E+00  0.000E+00  7.3242E-04  1.3281E-01  2.6703E-05  0.0000E+00  0.0000E+00  0.0000E+00  0.0000E+00
 -2.8000      0.0  0.00000E+00  0.000E+00  7.3242E-04  1.3281E-01  2.6703E-05  0.0000E+00  0.0000E+00  0.0000E+00  0.0000E+00
 -2.9000      0.0  0.00000E+00  0.000E+00  7.3242E-04  1.3672E-01  2.6703E-05  0.0000E+00  0.0000E+00  0.0000E+00  0.0000E+00
 -3.0000      0.0  0.00000E+00  0.000E+00  7.3242E-04  1.3672E-01  2.7657E-05  0.0000E+00  0.0000E+00  0.0000E+00  0.0000E+00
 -3.1000      0.0  0.00000E+00  0.000E+00  7.3242E-04  1.3672E-01  2.6703E-05  0.0000E+00  0.0000E+00  0.0000E+00  0.0000E+00
 -3.2000      0.0  0.00000E+00  0.000E+00  7.3242E-04  1.3672E-01  2.6703E-05  0.0000E+00  0.0000E+00  0.0000E+00  0.0000E+00
 -3.3000      0.0  0.00000E+00  0.000E+00  7.3242E-04  1.3672E-01  2.5749E-05  0.0000E+00  0.0000E+00  0.0000E+00  0.0000E+00
 -3.4000      0.0  0.00000E+00  0.000E+00  7.3242E-04  1.3867E-01  2.6703E-05  0.0000E+00  0.0000E+00  0.0000E+00  0.0000E+00
 -3.5000      0.0  0.00000E+00  0.000E+00  7.3242E-04  1.3867E-01  2.6226E-05  0.0000E+00  0.0000E+00  0.0000E+00  0.0000E+00
 -3.6000      0.0  0.00000E+00  0.000E+00  7.3242E-04  1.4062E-01  2.6226E-05  0.0000E+00  0.0000E+00  0.0000E+00  0.0000E+00
 -3.7000      0.0  0.00000E+00  0.000E+00  7.3242E-04  1.4062E-01  2.5749E-05  0.0000E+00  0.0000E+00  0.0000E+00  0.0000E+00
 -3.8000      0.0  0.00000E+00  0.000E+00  7.3242E-04  1.4160E-01  2.5749E-05  0.0000E+00  0.0000E+00  0.0000E+00  0.0000E+00
 -3.9000      0.0  0.00000E+00  0.000E+00  7.3242E-04  1.4209E-01  2.5630E-05  0.0000E+00  0.0000E+00  0.0000E+00  0.0000E+00
 -4.0000      0.0  0.00000E+00  0.000E+00  7.3242E-04  1.4305E-01  2.5524E-05  0.0000E+00  0.0000E+00  0.0000E+00  0.0000E+00
