  0.0000000E+00  0.0000000E+00  0.0000000E+00
  1.4000      0.0  0.00000E+00  0.000E+00  1.2096E+02  2.1949E+04  4.5667E+00  0.0000E+00  0.0000E+00  0.0000E+00  0.0000E+00
  1.3000      0.0  0.00000E+00  0.000E+00  1.2096E+02  2.1949E+04  4.5667E+00  0.0000E+00  0.0000E+00  0.0000E+00  0.0000E+00
  1.2000      0.0  0.00000E+00  0.000E+00  1.2096E+02  2.1949E+04  4.5667E+00  0.0000E+00  0.0000E+00  0.0000E+00  0.0000E+00
  1.1000      0.0  0.00000E+00  0.000E+00  1.2096E+02  2.1949E+04  4.5667E+00  0.0000E+00  0.0000E+00  0.0000E+00  0.0000E+00
  1.0000      0.0  0.00000E+00  0.000E+00  1.2096E+02  2.1949E+04  4.5667E+00  0.0000E+00  0.0000E+00  0.0000E+00  0.0000E+00
  0.9000      0.0  0.00000E+00  0.000E+00  1.2096E+02  2.1949E+04  4.5667E+00  0.0000E+00  0.0000E+00  0.0000E+00  0.0000E+00
  0.8000      0.0  0.00000E+00  0.000E+00  1.2096E+02  2.1949E+04  4.5667E+00  0.0000E+00  0.0000E+00  0.0000E+00  0.0000E+00
  0.7000      0.0  0.00000E+00  0.000E+00  1.2096E+02  2.1949E+04  4.5667E+00  0.0000E+00  0.0000E+00  0.0000E+00  0.0000E+00
  0.6000      0.0  0.00000E+00  0.000E+00  1.2096E+02  2.1949E+04  4.5667E+00  0.0000E+00  0.0000E+00  0.0000E+00  0.0000E+00
  0.5000      0.0  0.00000E+00  0.000E+00  1.2096E+02  2.1949E+04  4.5667E+00  0.0000E+00  0.0000E+00  0.0000E+00  0.0000E+00
  0.4000      0.0  0.00000E+00  0.000E+00  1.2096E+02  2.1949E+04  4.5667E+00  0.0000E+00  0.0000E+00  0.0000E+00  0.0000E+00
  0.3000      0.0  0.00000E+00  0.000E+00  1.2096E+02  2.1949E+04  4.5667E+00  0.0000E+00  0.0000E+00  0.0000E+00  0.0000E+00
  0.2000      0.0  0.00000E+00  0.000E+00  1.2096E+02  2.1949E+04  4.5667E+00  0.0000E+00  0.0000E+00  0.0000E+00  0.0000E+00
  0.1000      0.0  0.00000E+00  0.000E+00  1.2096E+02  2.1949E+04  4.5667E+00  0.0000E+00  0.0000E+00  0.0000E+00  0.0000E+00
  0.0000      0.0  0.00000E+00  0.000E+00  1.2096E+02  2.1949E+04  4.5667E+00  0.0000E+00  0.0000E+00  0.0000E+00  0.0000E+00
 -0.1000      0.0  0.00000E+00  0.000E+00  1.2096E+02  2.1949E+04  4.5667E+00  0.0000E+00  0.0000E+00  0.0000E+00  0.0000E+00
 -0.2000      0.0  0.00000E+00  0.000E+00  1.2096E+02  2.1949E+04  4.5667E+00  0.0000E+00  0.0000E+00  0.0000E+00  0.0000E+00
 -0.3000      0.0  0.00000E+00  0.000E+00  1.2096E+02  2.1949E+04  4.5667E+00  0.0000E+00  0.0000E+00  0.0000E+00  0.0000E+00
 -0.4000      0.0  0.00000E+00  0.000E+00  1.2096E+02  2.1949E+04  4.5667E+00  0.0000E+00  0.0000E+00  0.0000E+00  0.0000E+00
 -0.5000      0.0  0.00000E+00  0.000E+00  1.2096E+02  2.1949E+04  4.5667E+00  0.0000E+00  0.0000E+00  0.0000E+00  0.0000E+00
 -0.6000      0.0  0.00000E+00  0.000E+00  1.2096E+02  2.1949E+04  4.5667E+00  0.0000E+00  0.0000E+00  0.0000E+00  0.0000E+00
 -0.7000      0.0  0.00000E+00  0.000E+00  1.2096E+02  2.1949E+04  4.5667E+00  0.0000E+00  0.0000E+00  0.0000E+00  0.0000E+00
 -0.8000      0.0  0.00000E+00  0.000E+00  1.2096E+02  2.1949E+04  4.5667E+00  0.0000E+00  0.0000E+00  0.0000E+00  0.0000E+00
 -0.9000      0.0  0.00000E+00  0.000E+00  1.2096E+02  2.1949E+04  4.5667E+00  0.0000E+00  0.0000E+00  0.0000E+00  0.0000E+00
 -1.0000      0.0  0.00000E+00  0.000E+00  1.2096E+02  2.1949E+04  4.5667E+00  0.0000E+00  0.0000E+00  0.0000E+00  0.0000E+00
 -1.1000      0.0  0.00000E+00  0.000E+00  1.2096E+02  2.1949E+04  4.5667E+00  0.0000E+00  0.0000E+00  0.0000E+00  0.0000E+00
 -1.2000      0.0  0.00000E+00  0.000E+00  1.2096E+02  2.1949E+04  4.5667E+00  0.0000E+00  0.0000E+00  0.0000E+00  0.0000E+00
 -1.3000      0.0  0.00000E+00  0.000E+00  1.2096E+02  2.1949E+04  4.5667E+00  0.0000E+00  0.0000E+00  0.0000E+00  0.0000E+00
 -1.4000      0.0  0.00000E+00  0.000E+00  1.2096E+02  2.1949E+04  4.5667E+00  0.0000E+00  0.0000E+00  0.0000E+00  0.0000E+00
 -1.5000      0.0  0.00000E+00  0.000E+00  1.2096E+02  2.1949E+04  4.5667E+00  0.0000E+00  0.0000E+00  0.0000E+00  0.0000E+00
 -1.6000      0.0  0.00000E+00  0.000E+00  1.2096E+02  2.1949E+04  4.5667E+00  0.0000E+00  0.0000E+00  0.0000E+00  0.0000E+00
 -1.7000      0.0  0.00000E+00  0.000E+00  1.2096E+02  2.1949E+04  4.5667E+00  0.0000E+00  0.0000E+00  0.0000E+00  0.0000E+00
 -1.8000      0.0  0.00000E+00  0.000E+00  1.2096E+02  2.1949E+04  4.5667E+00  0.0000E+00  0.0000E+00  0.0000E+00  0.0000E+00
 -1.9000      0.0  0.00000E+00  0.000E+00  1.2096E+02  2.1949E+04  4.5667E+00  0.0000E+00  0.0000E+00  0.0000E+00  0.0000E+00
 -2.0000      0.0  0.00000E+00  0.000E+00  1.2096E+02  2.1949E+04  4.5667E+00  0.0000E+00  0.0000E+00  0.0000E+00  0.0000E+00
 -2.1000      0.0  0.00000E+00  0.000E+00  1.2096E+02  2.1949E+04  4.5667E+00  0.0000E+00  0.0000E+00  0.0000E+00  0.0000E+00
 -2.2000      0.0  0.00000E+00  0.000E+00  1.2096E+02  2.1949E+04  4.5667E+00  0.0000E+00  0.0000E+00  0.0000E+00  0.0000E+00
 -2.3000      0.0  0.00000E+00  0.000E+00  1.2096E+02  2.1949E+04  4.5667E+00  0.0000E+00  0.0000E+00  0.0000E+00  0.0000E+00
 -2.4000      0.0  0.00000E+00  0.000E+00  1.2096E+02  2.1949E+04  4.5667E+00  0.0000E+00  0.0000E+00  0.0000E+00  0.0000E+00
 -2.5000      0.0  0.00000E+00  0.000E+00  1.2096E+02  2.1949E+04  4.5667E+00  0.0000E+00  0.0000E+00  0.0000E+00  0.0000E+00
 -2.6000      0.0  0.00000E+00  0.000E+00  1.2096E+02  2.1949E+04  4.5667E+00  0.0000E+00  0.0000E+00  0.0000E+00  0.0000E+00
 -2.7000      0.0  0.00000E+00  0.000E+00  1.2096E+02  2.1949E+04  4.5667E+00  0.0000E+00  0.0000E+00  0.0000E+00  0.0000E+00
 -2.8000      0.0  0.00000E+00  0.000E+00  1.2096E+02  2.1949E+04  4.5667E+00  0.0000E+00  0.0000E+00  0.0000E+00  0.0000E+00
 -2.9000      0.0  0.00000E+00  0.000E+00  1.2096E+02  2.1949E+04  4.5667E+00  0.0000E+00  0.0000E+00  0.0000E+00  0.0000E+00
 -3.0000      0.0  0.00000E+00  0.000E+00  1.2096E+02  2.1949E+04  4.5667E+00  0.0000E+00  0.0000E+00  0.0000E+00  0.0000E+00
 -3.1000      0.0  0.00000E+00  0.000E+00  1.2096E+02  2.1949E+04  4.5667E+00  0.0000E+00  0.0000E+00  0.0000E+00  0.0000E+00
 -3.2000      0.0  0.00000E+00  0.000E+00  1.2096E+02  2.1949E+04  4.5667E+00  0.0000E+00  0.0000E+00  0.0000E+00  0.0000E+00
 -3.3000      0.0  0.00000E+00  0.000E+00  1.2096E+02  2.1949E+04  4.5667E+00  0.0000E+00  0.0000E+00  0.0000E+00  0.0000E+00
 -3.4000      0.0  0.00000E+00  0.000E+00  1.2096E+02  2.1949E+04  4.5667E+00  0.0000E+00  0.0000E+00  0.0000E+00  0.0000E+00
 -3.5000      0.0  0.00000E+00  0.000E+00  1.2096E+02  2.1949E+04  4.5667E+00  0.0000E+00  0.0000E+00  0.0000E+00  0.0000E+00
 -3.6000      0.0  0.00000E+00  0.000E+00  1.2096E+02  2.1949E+04  4.5667E+00  0.0000E+00  0.0000E+00  0.0000E+00  0.0000E+00
 -3.7000      0.0  0.00000E+00  0.000E+00  1.2096E+02  2.1949E+04  4.5667E+00  0.0000E+00  0.0000E+00  0.0000E+00  0.0000E+00
 -3.8000      0.0  0.00000E+00  0.000E+00  1.2096E+02  2.1949E+04  4.5667E+00  0.0000E+00  0.0000E+00  0.0000E+00  0.0000E+00
 -3.9000      0.0  0.00000E+00  0.000E+00  1.2096E+02  2.1949E+04  4.5667E+00  0.0000E+00  0.0000E+00  0.0000E+00  0.0000E+00
 -4.0000      0.0  0.00000E+00  0.000E+00  1.2096E+02  2.1949E+04  4.5667E+00  0.0000E+00  0.0000E+00  0.0000E+00  0.0000E+00
