 -------------------------------------------------------------------------------
 -                                        
  it  DE     s/n      chi**2    Mac1   Mac2   mic1   mic2   fill2 Ic1/Ic2 stray 
   0       2.34E+01  2.158E+02
   1  -3.  2.97E+01  1.425E+02  1.000  0.000  0.600  0.000  0.000 -1.000   0.000
   2  -4.  7.06E+01  3.567E+01  1.000  0.000  0.600  0.000  0.000 -1.000   0.000
   3  -3.  5.79E+01  3.529E+01  1.000  0.000  0.600  0.000  0.000 -1.000   0.000
   4  -4.  9.92E+01  1.469E+01  1.000  0.000  0.600  0.000  0.000 -1.000   0.000
   5  -5.  1.12E+02  1.078E+01  1.000  0.000  0.600  0.000  0.000 -1.000   0.000
   6  -5.  2.16E+02  3.019E+00  1.000  0.000  0.600  0.000  0.000 -1.000   0.000
   7  -6.  4.11E+02  7.221E-01  1.000  0.000  0.600  0.000  0.000 -1.000   0.000
   8  -6.  8.49E+04  2.118E-05  1.000  0.000  0.600  0.000  0.000 -1.000   0.000
   9  -6.  3.36E+05  2.771E-06  1.000  0.000  0.600  0.000  0.000 -1.000   0.000
  10  -7.  6.73E+05  7.008E-07  1.000  0.000  0.600  0.000  0.000 -1.000   0.000
  11  -7.  1.34E+06  1.749E-07  1.000  0.000  0.600  0.000  0.000 -1.000   0.000
  12  -7.  2.60E+06  4.523E-08  1.000  0.000  0.600  0.000  0.000 -1.000   0.000
  13  -7.  4.82E+06  1.257E-08  1.000  0.000  0.600  0.000  0.000 -1.000   0.000
  14  -8.  8.05E+06  4.549E-09  1.000  0.000  0.600  0.000  0.000 -1.000   0.000
  15  -8.  1.19E+07  1.498E-09  1.000  0.000  0.600  0.000  0.000 -1.000   0.000
  16  -8.  1.37E+07  1.095E-09  1.000  0.000  0.600  0.000  0.000 -1.000   0.000
  17  -9.  1.34E+07  7.850E-10  1.000  0.000  0.600  0.000  0.000 -1.000   0.000
  18  -9.  1.78E+07  2.669E-10  1.000  0.000  0.600  0.000  0.000 -1.000   0.000
  19  -1.  1.76E+07  2.416E-10  1.000  0.000  0.600  0.000  0.000 -1.000   0.000
  20  -1.  1.83E+07  2.189E-10  1.000  0.000  0.600  0.000  0.000 -1.000   0.000
  21   1.  1.83E+07  2.137E-10  1.000  0.000  0.600  0.000  0.000 -1.000   0.000
  22   1.  1.83E+07  2.133E-10  1.000  0.000  0.600  0.000  0.000 -1.000   0.000
