 -------------------------------------------------------------------------------
 -                                        
  it  DE     s/n      chi**2    Mac1   Mac2   mic1   mic2   fill2 Ic1/Ic2 stray 
   0       1.53E+01  2.642E+02
   1  -3.  1.84E+01  1.845E+02  1.000  0.000  0.600  0.000  0.000 -1.000   0.000
   2  -4.  2.88E+01  7.519E+01  1.000  0.000  0.600  0.000  0.000 -1.000   0.000
   3  -5.  8.89E+01  7.874E+00  1.000  0.000  0.600  0.000  0.000 -1.000   0.000
   4  -5.  9.27E+01  7.239E+00  1.000  0.000  0.600  0.000  0.000 -1.000   0.000
   5  -6.  9.28E+01  7.235E+00  1.000  0.000  0.600  0.000  0.000 -1.000   0.000
   6  -6.  9.28E+01  7.235E+00  1.000  0.000  0.600  0.000  0.000 -1.000   0.000
   7  -6.  9.28E+01  7.235E+00  1.000  0.000  0.600  0.000  0.000 -1.000   0.000
   8  -7.  9.28E+01  7.235E+00  1.000  0.000  0.600  0.000  0.000 -1.000   0.000
 -------------------------------------------------------------------------------
 -                                        
  it  DE     s/n      chi**2    Mac1   Mac2   mic1   mic2   fill2 Ic1/Ic2 stray 
   0       2.34E+01  2.144E+02
   1  -3.  2.78E+01  1.450E+02  1.000  0.000  0.600  0.000  0.000 -1.000   0.000
   2  -4.  4.31E+01  5.863E+01  1.000  0.000  0.600  0.000  0.000 -1.000   0.000
   3  -5.  9.75E+01  1.387E+01  1.000  0.000  0.600  0.000  0.000 -1.000   0.000
   4  -5.  1.03E+02  1.334E+01  1.000  0.000  0.600  0.000  0.000 -1.000   0.000
   5  -6.  1.03E+02  1.333E+01  1.000  0.000  0.600  0.000  0.000 -1.000   0.000
   6  -6.  1.03E+02  1.333E+01  1.000  0.000  0.600  0.000  0.000 -1.000   0.000
   7   2.  1.03E+02  1.333E+01  1.000  0.000  0.600  0.000  0.000 -1.000   0.000
