  0.4132078      0.0000000E+00  0.9913864    
  1.4000    231.2  7.13484E+02  5.691E+04  9.2418E+01  6.8484E+04  4.6263E+00  8.1936E+00  5.7841E+00  2.3939E+04  5.3597E-08
  1.3000    220.2  5.92360E+02  5.691E+04  9.2379E+01  6.8109E+04  4.6263E+00  8.1936E+00  5.2375E+00  2.2192E+04  5.0511E-08
  1.2000    209.6  4.89317E+02  5.691E+04  9.2339E+01  6.7734E+04  4.6263E+00  8.1936E+00  4.7516E+00  2.0649E+04  4.7773E-08
  1.1000    199.5  4.02204E+02  5.691E+04  9.2300E+01  6.7359E+04  4.6263E+00  8.1936E+00  4.3210E+00  1.9284E+04  4.5341E-08
  1.0000    189.9  3.28886E+02  5.691E+04  9.2261E+01  6.6984E+04  4.6263E+00  8.1936E+00  3.9405E+00  1.8074E+04  4.3183E-08
  0.9000    180.7  2.67522E+02  5.691E+04  9.2221E+01  6.6609E+04  4.6263E+00  8.1936E+00  3.6046E+00  1.6999E+04  4.1268E-08
  0.8000    172.0  2.11863E+02  5.691E+04  9.2182E+01  6.6234E+04  4.6263E+00  8.1936E+00  3.3048E+00  1.6030E+04  3.9662E-08
  0.7000    163.8  1.59187E+02  5.691E+04  9.2143E+01  6.5858E+04  4.6263E+00  8.1936E+00  3.0259E+00  1.5121E+04  3.8386E-08
  0.6000    156.0  1.13847E+02  5.691E+04  9.2103E+01  6.5483E+04  4.6263E+00  8.1936E+00  2.7496E+00  1.4221E+04  3.7264E-08
  0.5000    148.8  7.78173E+01  5.691E+04  9.2064E+01  6.5108E+04  4.6263E+00  8.1936E+00  2.4563E+00  1.3288E+04  3.6134E-08
  0.4000    142.0  4.96811E+01  5.691E+04  9.2025E+01  6.4733E+04  4.6263E+00  8.1936E+00  2.1196E+00  1.2265E+04  3.4908E-08
  0.3000    135.6  3.10968E+01  5.691E+04  9.1985E+01  6.4358E+04  4.6263E+00  8.1936E+00  1.7119E+00  1.1108E+04  3.3192E-08
  0.2000    129.8  1.92937E+01  5.691E+04  9.1946E+01  6.3983E+04  4.6263E+00  8.1936E+00  1.2175E+00  9.8070E+03  3.0869E-08
  0.1000    124.4  1.21671E+01  5.691E+04  9.1907E+01  6.3608E+04  4.6263E+00  8.1936E+00  6.3840E-01  8.3955E+03  2.7898E-08
  0.0000    119.5  7.84645E+00  5.691E+04  9.1867E+01  6.3233E+04  4.6263E+00  8.1936E+00  0.0000E+00  6.9482E+03  2.4465E-08
 -0.1000    115.0  5.22102E+00  5.691E+04  9.1828E+01  6.2858E+04  4.6263E+00  8.1936E+00  6.5503E-01  5.5585E+03  2.0840E-08
 -0.2000    111.1  3.58150E+00  5.691E+04  9.1788E+01  6.2483E+04  4.6263E+00  8.1936E+00  1.2801E+00  4.3087E+03  1.7327E-08
 -0.3000    107.6  2.52615E+00  5.691E+04  9.1749E+01  6.2108E+04  4.6263E+00  8.1936E+00  1.8374E+00  3.2474E+03  1.4146E-08
 -0.4000    104.5  1.85058E+00  5.691E+04  9.1710E+01  6.1733E+04  4.6263E+00  8.1936E+00  2.3101E+00  2.3849E+03  1.1392E-08
 -0.5000    102.0  1.38084E+00  5.691E+04  9.1670E+01  6.1358E+04  4.6263E+00  8.1936E+00  2.6947E+00  1.7059E+03  9.1058E-09
 -0.6000     99.9  1.03899E+00  5.691E+04  9.1631E+01  6.0983E+04  4.6263E+00  8.1936E+00  2.9844E+00  1.1890E+03  7.2687E-09
 -0.7000     98.3  7.78931E-01  5.691E+04  9.1592E+01  6.0608E+04  4.6263E+00  8.1936E+00  3.1647E+00  8.1451E+02  5.8516E-09
 -0.8000     97.1  6.00739E-01  5.691E+04  9.1552E+01  6.0233E+04  4.6263E+00  8.1936E+00  3.2340E+00  5.5647E+02  4.7767E-09
 -0.9000     96.5  4.77605E-01  5.691E+04  9.1513E+01  5.9858E+04  4.6263E+00  8.1936E+00  3.2111E+00  3.8298E+02  3.9653E-09
 -1.0000     96.3  3.91231E-01  5.691E+04  9.1474E+01  5.9483E+04  4.6263E+00  8.1936E+00  3.1170E+00  2.6757E+02  3.3476E-09
 -1.1000     96.5  3.21709E-01  5.691E+04  9.1434E+01  5.9108E+04  4.6263E+00  8.1936E+00  2.9581E+00  1.9426E+02  2.8888E-09
 -1.2000     97.3  2.71720E-01  5.691E+04  9.1395E+01  5.8733E+04  4.6263E+00  8.1936E+00  2.7379E+00  1.5172E+02  2.5438E-09
 -1.3000     98.5  2.35046E-01  5.691E+04  9.1356E+01  5.8357E+04  4.6263E+00  8.1936E+00  2.4696E+00  1.2830E+02  2.2772E-09
 -1.4000    100.2  2.05657E-01  5.691E+04  9.1316E+01  5.7982E+04  4.6263E+00  8.1936E+00  2.1588E+00  1.1718E+02  2.0705E-09
 -1.5000    102.3  1.79922E-01  5.691E+04  9.1277E+01  5.7607E+04  4.6263E+00  8.1936E+00  1.7992E+00  1.1578E+02  1.9166E-09
 -1.6000    105.0  1.58821E-01  5.691E+04  9.1238E+01  5.7232E+04  4.6263E+00  8.1936E+00  1.3825E+00  1.2231E+02  1.8035E-09
 -1.7000    108.1  1.42839E-01  5.691E+04  9.1198E+01  5.6857E+04  4.6263E+00  8.1936E+00  9.0872E-01  1.3365E+02  1.7163E-09
 -1.8000    111.7  1.31392E-01  5.691E+04  9.1159E+01  5.6482E+04  4.6263E+00  8.1936E+00  3.8550E-01  1.4631E+02  1.6426E-09
 -1.9000    115.7  1.21268E-01  5.691E+04  9.1120E+01  5.6107E+04  4.6263E+00  8.1936E+00  1.8451E-01  1.5849E+02  1.5807E-09
 -2.0000    120.2  1.12257E-01  5.691E+04  9.1080E+01  5.5732E+04  4.6263E+00  8.1936E+00  8.0746E-01  1.7008E+02  1.5281E-09
 -2.1000    125.2  1.04180E-01  5.691E+04  9.1041E+01  5.5357E+04  4.6263E+00  8.1936E+00  1.4901E+00  1.8100E+02  1.4828E-09
 -2.2000    130.7  9.68840E-02  5.691E+04  9.1002E+01  5.4982E+04  4.6263E+00  8.1936E+00  2.2404E+00  1.9120E+02  1.4433E-09
 -2.3000    136.6  9.18751E-02  5.691E+04  9.0962E+01  5.4607E+04  4.6263E+00  8.1936E+00  3.0543E+00  1.9973E+02  1.4033E-09
 -2.4000    143.0  8.76030E-02  5.691E+04  9.0923E+01  5.4232E+04  4.6263E+00  8.1936E+00  3.9226E+00  2.0558E+02  1.3608E-09
 -2.5000    149.9  8.39416E-02  5.691E+04  9.0884E+01  5.3857E+04  4.6263E+00  8.1936E+00  4.8418E+00  2.0862E+02  1.3149E-09
 -2.6000    157.2  7.74956E-02  5.691E+04  9.0844E+01  5.3482E+04  4.6263E+00  8.1936E+00  5.8429E+00  2.1054E+02  1.2736E-09
 -2.7000    165.1  7.29177E-02  5.691E+04  9.0805E+01  5.3107E+04  4.6263E+00  8.1936E+00  6.9513E+00  2.1228E+02  1.2335E-09
 -2.8000    173.4  6.86074E-02  5.691E+04  9.0766E+01  5.2732E+04  4.6263E+00  8.1936E+00  8.1653E+00  2.1306E+02  1.1936E-09
 -2.9000    182.1  6.60810E-02  5.691E+04  9.0726E+01  5.2357E+04  4.6263E+00  8.1936E+00  9.4727E+00  2.1210E+02  1.1493E-09
 -3.0000    191.4  6.38335E-02  5.691E+04  9.0687E+01  5.1982E+04  4.6263E+00  8.1936E+00  1.0852E+01  2.0861E+02  1.0997E-09
 -3.1000    201.1  6.18195E-02  5.691E+04  9.0648E+01  5.1607E+04  4.6263E+00  8.1936E+00  1.2293E+01  2.0256E+02  1.0442E-09
 -3.2000    211.2  5.99723E-02  5.691E+04  9.0608E+01  5.1232E+04  4.6263E+00  8.1936E+00  1.3782E+01  1.9396E+02  9.8265E-10
 -3.3000    221.9  5.83164E-02  5.691E+04  9.0569E+01  5.0856E+04  4.6263E+00  8.1936E+00  1.5295E+01  1.8276E+02  9.1450E-10
 -3.4000    233.0  5.67981E-02  5.691E+04  9.0530E+01  5.0481E+04  4.6263E+00  8.1936E+00  1.6795E+01  1.6888E+02  8.3920E-10
 -3.5000    244.6  5.40366E-02  5.691E+04  9.0490E+01  5.0106E+04  4.6263E+00  8.1936E+00  1.8275E+01  1.5280E+02  7.5903E-10
 -3.6000    256.7  5.26582E-02  5.691E+04  9.0451E+01  4.9731E+04  4.6263E+00  8.1936E+00  1.9659E+01  1.3430E+02  6.7067E-10
 -3.7000    269.2  5.26192E-02  5.691E+04  9.0411E+01  4.9356E+04  4.6263E+00  8.1936E+00  2.0693E+01  1.1176E+02  5.6906E-10
 -3.8000    282.2  5.39145E-02  5.691E+04  9.0372E+01  4.8981E+04  4.6263E+00  8.1936E+00  2.0896E+01  8.3355E+01  4.4844E-10
 -3.9000    295.7  5.54062E-02  5.691E+04  9.0333E+01  4.8606E+04  4.6263E+00  8.1936E+00  1.9376E+01  4.7230E+01  3.0342E-10
 -4.0000    309.7  5.95164E-02  5.691E+04  9.0293E+01  4.8231E+04  4.6263E+00  8.1936E+00  1.3938E+01  0.0000E+00  1.2210E-10
