  0.5425454      0.0000000E+00  0.8170013    
  1.4000    209.7  5.12586E+02  7.806E+06  8.8847E+01  4.3716E+04  7.9041E+00  1.1057E+01  8.9687E-01  4.3201E+04  8.5349E-08
  1.3000    215.6  4.71792E+02  7.806E+06  8.8847E+01  4.3716E+04  7.9041E+00  1.1057E+01  1.2942E+00  4.1947E+04  8.4585E-08
  1.2000    221.5  4.30958E+02  7.806E+06  8.8847E+01  4.3716E+04  7.9041E+00  1.1057E+01  1.6462E+00  4.0738E+04  8.3887E-08
  1.1000    227.3  3.90728E+02  7.806E+06  8.8847E+01  4.3716E+04  7.9041E+00  1.1057E+01  1.9532E+00  3.9570E+04  8.3251E-08
  1.0000    233.2  3.51639E+02  7.806E+06  8.8847E+01  4.3716E+04  7.9041E+00  1.1057E+01  2.2148E+00  3.8438E+04  8.2672E-08
  0.9000    239.1  3.14123E+02  7.806E+06  8.8847E+01  4.3716E+04  7.9041E+00  1.1057E+01  2.4307E+00  3.7337E+04  8.2142E-08
  0.8000    245.0  2.72944E+02  7.806E+06  8.8847E+01  4.3716E+04  7.9041E+00  1.1057E+01  2.6013E+00  3.6250E+04  8.1860E-08
  0.7000    250.8  2.24844E+02  7.806E+06  8.8847E+01  4.3716E+04  7.9041E+00  1.1057E+01  2.7259E+00  3.5133E+04  8.1976E-08
  0.6000    256.7  1.75949E+02  7.806E+06  8.8847E+01  4.3716E+04  7.9041E+00  1.1057E+01  2.7960E+00  3.3922E+04  8.2265E-08
  0.5000    262.6  1.31185E+02  7.806E+06  8.8847E+01  4.3716E+04  7.9041E+00  1.1057E+01  2.7897E+00  3.2546E+04  8.2452E-08
  0.4000    268.4  9.10808E+01  7.806E+06  8.8847E+01  4.3716E+04  7.9041E+00  1.1057E+01  2.6658E+00  3.0896E+04  8.2400E-08
  0.3000    274.3  6.17064E+01  7.806E+06  8.8847E+01  4.3716E+04  7.9041E+00  1.1057E+01  2.3664E+00  2.8859E+04  8.1215E-08
  0.2000    280.2  4.12490E+01  7.806E+06  8.8847E+01  4.3716E+04  7.9041E+00  1.1057E+01  1.8341E+00  2.6371E+04  7.8474E-08
  0.1000    286.1  2.78995E+01  7.806E+06  8.8847E+01  4.3716E+04  7.9041E+00  1.1057E+01  1.0381E+00  2.3453E+04  7.3859E-08
  0.0000    291.9  1.92164E+01  7.806E+06  8.8847E+01  4.3716E+04  7.9041E+00  1.1057E+01  0.0000E+00  2.0238E+04  6.7584E-08
 -0.1000    297.8  1.36033E+01  7.806E+06  8.8847E+01  4.3716E+04  7.9041E+00  1.1057E+01  1.2023E+00  1.6940E+04  6.0163E-08
 -0.2000    303.7  9.89092E+00  7.806E+06  8.8847E+01  4.3716E+04  7.9041E+00  1.1057E+01  2.4568E+00  1.3788E+04  5.2326E-08
 -0.3000    309.5  7.36976E+00  7.806E+06  8.8847E+01  4.3716E+04  7.9041E+00  1.1057E+01  3.6509E+00  1.0957E+04  4.4723E-08
 -0.4000    315.4  5.68029E+00  7.806E+06  8.8847E+01  4.3716E+04  7.9041E+00  1.1057E+01  4.7140E+00  8.5316E+03  3.7729E-08
 -0.5000    321.3  4.44170E+00  7.806E+06  8.8847E+01  4.3716E+04  7.9041E+00  1.1057E+01  5.6051E+00  6.5254E+03  3.1610E-08
 -0.6000    327.1  3.48738E+00  7.806E+06  8.8847E+01  4.3716E+04  7.9041E+00  1.1057E+01  6.2725E+00  4.9237E+03  2.6454E-08
 -0.7000    333.0  2.71534E+00  7.806E+06  8.8847E+01  4.3716E+04  7.9041E+00  1.1057E+01  6.6379E+00  3.7068E+03  2.2304E-08
 -0.8000    338.9  2.16263E+00  7.806E+06  8.8847E+01  4.3716E+04  7.9041E+00  1.1057E+01  6.6641E+00  2.8263E+03  1.9014E-08
 -0.9000    344.8  1.76480E+00  7.806E+06  8.8847E+01  4.3716E+04  7.9041E+00  1.1057E+01  6.3850E+00  2.2037E+03  1.6420E-08
 -1.0000    350.6  1.47557E+00  7.806E+06  8.8847E+01  4.3716E+04  7.9041E+00  1.1057E+01  5.8500E+00  1.7675E+03  1.4352E-08
 -1.1000    356.5  1.22993E+00  7.806E+06  8.8847E+01  4.3716E+04  7.9041E+00  1.1057E+01  5.0643E+00  1.4739E+03  1.2749E-08
 -1.2000    362.4  1.04747E+00  7.806E+06  8.8847E+01  4.3716E+04  7.9041E+00  1.1057E+01  4.0281E+00  1.2896E+03  1.1483E-08
 -1.3000    368.2  9.10028E-01  7.806E+06  8.8847E+01  4.3716E+04  7.9041E+00  1.1057E+01  2.7851E+00  1.1754E+03  1.0451E-08
 -1.4000    374.1  7.96432E-01  7.806E+06  8.8847E+01  4.3716E+04  7.9041E+00  1.1057E+01  1.3567E+00  1.1071E+03  9.6017E-09
 -1.5000    380.0  6.93304E-01  7.806E+06  8.8847E+01  4.3716E+04  7.9041E+00  1.1057E+01  2.8148E-01  1.0758E+03  8.9232E-09
 -1.6000    385.9  6.07021E-01  7.806E+06  8.8847E+01  4.3716E+04  7.9041E+00  1.1057E+01  2.1611E+00  1.0745E+03  8.3779E-09
 -1.7000    391.7  5.41836E-01  7.806E+06  8.8847E+01  4.3716E+04  7.9041E+00  1.1057E+01  4.2713E+00  1.0903E+03  7.9125E-09
 -1.8000    397.6  4.95788E-01  7.806E+06  8.8847E+01  4.3716E+04  7.9041E+00  1.1057E+01  6.5594E+00  1.1078E+03  7.4807E-09
 -1.9000    403.5  4.54555E-01  7.806E+06  8.8847E+01  4.3716E+04  7.9041E+00  1.1057E+01  8.9939E+00  1.1191E+03  7.0802E-09
 -2.0000    409.3  4.17592E-01  7.806E+06  8.8847E+01  4.3716E+04  7.9041E+00  1.1057E+01  1.1581E+01  1.1242E+03  6.7050E-09
 -2.1000    415.2  3.84405E-01  7.806E+06  8.8847E+01  4.3716E+04  7.9041E+00  1.1057E+01  1.4328E+01  1.1229E+03  6.3506E-09
 -2.2000    421.1  3.54531E-01  7.806E+06  8.8847E+01  4.3716E+04  7.9041E+00  1.1057E+01  1.7241E+01  1.1154E+03  6.0133E-09
 -2.3000    427.0  3.34124E-01  7.806E+06  8.8847E+01  4.3716E+04  7.9041E+00  1.1057E+01  2.0282E+01  1.0990E+03  5.6732E-09
 -2.4000    432.8  3.16538E-01  7.806E+06  8.8847E+01  4.3716E+04  7.9041E+00  1.1057E+01  2.3390E+01  1.0711E+03  5.3282E-09
 -2.5000    438.7  3.01385E-01  7.806E+06  8.8847E+01  4.3716E+04  7.9041E+00  1.1057E+01  2.6531E+01  1.0324E+03  4.9776E-09
 -2.6000    444.6  2.76166E-01  7.806E+06  8.8847E+01  4.3716E+04  7.9041E+00  1.1057E+01  2.9781E+01  9.8888E+02  4.6487E-09
 -2.7000    450.4  2.58416E-01  7.806E+06  8.8847E+01  4.3716E+04  7.9041E+00  1.1057E+01  3.3194E+01  9.4380E+02  4.3289E-09
 -2.8000    456.3  2.42132E-01  7.806E+06  8.8847E+01  4.3716E+04  7.9041E+00  1.1057E+01  3.6718E+01  8.9535E+02  4.0174E-09
 -2.9000    462.2  2.32257E-01  7.806E+06  8.8847E+01  4.3716E+04  7.9041E+00  1.1057E+01  4.0276E+01  8.4225E+02  3.7035E-09
 -3.0000    468.0  2.23434E-01  7.806E+06  8.8847E+01  4.3716E+04  7.9041E+00  1.1057E+01  4.3763E+01  7.8339E+02  3.3877E-09
 -3.1000    473.9  2.15514E-01  7.806E+06  8.8847E+01  4.3716E+04  7.9041E+00  1.1057E+01  4.7109E+01  7.1966E+02  3.0711E-09
 -3.2000    479.8  2.08379E-01  7.806E+06  8.8847E+01  4.3716E+04  7.9041E+00  1.1057E+01  5.0225E+01  6.5186E+02  2.7547E-09
 -3.3000    485.7  2.01952E-01  7.806E+06  8.8847E+01  4.3716E+04  7.9041E+00  1.1057E+01  5.2995E+01  5.8069E+02  2.4391E-09
 -3.4000    491.5  1.96183E-01  7.806E+06  8.8847E+01  4.3716E+04  7.9041E+00  1.1057E+01  5.5263E+01  5.0665E+02  2.1247E-09
 -3.5000    497.4  1.87327E-01  7.806E+06  8.8847E+01  4.3716E+04  7.9041E+00  1.1057E+01  5.6896E+01  4.3088E+02  1.8159E-09
 -3.6000    503.3  1.82768E-01  7.806E+06  8.8847E+01  4.3716E+04  7.9041E+00  1.1057E+01  5.7608E+01  3.5340E+02  1.5067E-09
 -3.7000    509.1  1.82191E-01  7.806E+06  8.8847E+01  4.3716E+04  7.9041E+00  1.1057E+01  5.6797E+01  2.7266E+02  1.1928E-09
 -3.8000    515.0  1.85475E-01  7.806E+06  8.8847E+01  4.3716E+04  7.9041E+00  1.1057E+01  5.3571E+01  1.8748E+02  8.7085E-10
 -3.9000    520.9  1.89651E-01  7.806E+06  8.8847E+01  4.3716E+04  7.9041E+00  1.1057E+01  4.6589E+01  9.7021E+01  5.3930E-10
 -4.0000    526.8  2.01188E-01  7.806E+06  8.8847E+01  4.3716E+04  7.9041E+00  1.1057E+01  3.3406E+01  0.0000E+00  1.9271E-10
