  0.3414026      0.0000000E+00  0.5498810    
  1.4000    924.8  1.29373E+03  4.301E+03  1.3320E+02  5.9885E+04  1.0441E+01  6.8389E+00  3.6090E+01  1.0001E+05  2.7635E-07
  1.3000    851.3  1.12951E+03  4.301E+03  1.3307E+02  5.9554E+04  1.0411E+01  6.8389E+00  3.0834E+01  8.1715E+04  2.2954E-07
  1.2000    781.0  9.74106E+02  4.301E+03  1.3293E+02  5.9223E+04  1.0382E+01  6.8389E+00  2.6252E+01  6.7468E+04  1.9280E-07
  1.1000    714.0  8.29484E+02  4.301E+03  1.3280E+02  5.8892E+04  1.0352E+01  6.8389E+00  2.2314E+01  5.6325E+04  1.6376E-07
  1.0000    650.1  6.96847E+02  4.301E+03  1.3266E+02  5.8561E+04  1.0323E+01  6.8389E+00  1.8973E+01  4.7579E+04  1.4064E-07
  0.9000    589.4  5.77156E+02  4.301E+03  1.3253E+02  5.8230E+04  1.0294E+01  6.8389E+00  1.6174E+01  4.0690E+04  1.2210E-07
  0.8000    531.9  4.59475E+02  4.301E+03  1.3239E+02  5.7899E+04  1.0264E+01  6.8389E+00  1.3828E+01  3.5187E+04  1.0738E-07
  0.7000    477.4  3.41760E+02  4.301E+03  1.3226E+02  5.7567E+04  1.0235E+01  6.8389E+00  1.1807E+01  3.0605E+04  9.5550E-08
  0.6000    426.0  2.38718E+02  4.301E+03  1.3212E+02  5.7236E+04  1.0205E+01  6.8389E+00  9.9843E+00  2.6582E+04  8.5432E-08
  0.5000    377.6  1.57397E+02  4.301E+03  1.3198E+02  5.6905E+04  1.0176E+01  6.8389E+00  8.2724E+00  2.2892E+04  7.6221E-08
  0.4000    332.2  9.55986E+01  4.301E+03  1.3185E+02  5.6574E+04  1.0146E+01  6.8389E+00  6.5847E+00  1.9345E+04  6.7489E-08
  0.3000    289.7  5.63150E+01  4.301E+03  1.3171E+02  5.6243E+04  1.0117E+01  6.8389E+00  4.8720E+00  1.5855E+04  5.8386E-08
  0.2000    250.2  3.24815E+01  4.301E+03  1.3158E+02  5.5912E+04  1.0088E+01  6.8389E+00  3.1545E+00  1.2482E+04  4.8982E-08
  0.1000    213.6  1.87826E+01  4.301E+03  1.3144E+02  5.5581E+04  1.0058E+01  6.8389E+00  1.4990E+00  9.3640E+03  3.9574E-08
  0.0000    179.9  1.09168E+01  4.301E+03  1.3131E+02  5.5250E+04  1.0029E+01  6.8389E+00  0.0000E+00  6.6628E+03  3.0771E-08
 -0.1000    149.0  6.41039E+00  4.301E+03  1.3117E+02  5.4919E+04  9.9994E+00  6.8389E+00  1.2598E+00  4.4867E+03  2.3074E-08
 -0.2000    120.9  3.77768E+00  4.301E+03  1.3104E+02  5.4587E+04  9.9700E+00  6.8389E+00  2.2344E+00  2.8592E+03  1.6785E-08
 -0.3000     95.5  2.21141E+00  4.301E+03  1.3090E+02  5.4256E+04  9.9405E+00  6.8389E+00  2.9198E+00  1.7267E+03  1.1935E-08
 -0.4000     72.9  1.28467E+00  4.301E+03  1.3076E+02  5.3925E+04  9.9111E+00  6.8389E+00  3.3480E+00  9.9145E+02  8.3587E-09
 -0.5000     53.0  7.14581E-01  4.301E+03  1.3063E+02  5.3594E+04  9.8817E+00  6.8389E+00  3.5657E+00  5.4855E+02  5.8336E-09
 -0.6000     35.8  3.65463E-01  4.301E+03  1.3049E+02  5.3263E+04  9.8523E+00  6.8389E+00  3.6162E+00  3.0822E+02  4.1179E-09
 -0.7000     21.2  1.57970E-01  4.301E+03  1.3036E+02  5.2932E+04  9.8229E+00  6.8389E+00  3.5408E+00  1.9933E+02  2.9975E-09
 -0.8000      9.2  4.48709E-02  4.301E+03  1.3022E+02  5.2601E+04  9.7935E+00  6.8389E+00  3.3809E+00  1.6688E+02  2.2848E-09
 -0.9000      0.2  1.42202E-02  4.301E+03  1.3009E+02  5.2270E+04  9.7641E+00  6.8389E+00  3.1726E+00  1.7246E+02  1.8463E-09
 -1.0000      7.0  4.27999E-02  4.301E+03  1.2995E+02  5.1939E+04  9.7347E+00  6.8389E+00  2.9357E+00  1.9446E+02  1.5925E-09
 -1.1000     11.3  5.32172E-02  4.301E+03  1.2982E+02  5.1608E+04  9.7052E+00  6.8389E+00  2.6774E+00  2.2217E+02  1.4680E-09
 -1.2000     13.2  5.38812E-02  4.301E+03  1.2968E+02  5.1276E+04  9.6758E+00  6.8389E+00  2.3939E+00  2.5136E+02  1.4333E-09
 -1.3000     12.6  4.92401E-02  4.301E+03  1.2955E+02  5.0945E+04  9.6464E+00  6.8389E+00  2.0719E+00  2.8154E+02  1.4662E-09
 -1.4000      9.6  4.15628E-02  4.301E+03  1.2941E+02  5.0614E+04  9.6170E+00  6.8389E+00  1.6915E+00  3.1357E+02  1.5524E-09
 -1.5000      4.2  3.24311E-02  4.301E+03  1.2927E+02  5.0283E+04  9.5876E+00  6.8389E+00  1.2276E+00  3.4877E+02  1.6827E-09
 -1.6000      3.5  2.32819E-02  4.301E+03  1.2914E+02  4.9952E+04  9.5582E+00  6.8389E+00  6.4711E-01  3.8863E+02  1.8483E-09
 -1.7000     13.6  1.48513E-02  4.301E+03  1.2900E+02  4.9621E+04  9.5288E+00  6.8389E+00  9.2178E-02  4.3466E+02  2.0418E-09
 -1.8000     25.9  7.30181E-03  4.301E+03  1.2887E+02  4.9290E+04  9.4994E+00  6.8389E+00  1.0428E+00  4.8793E+02  2.2570E-09
 -1.9000     40.5  7.63297E-04  4.301E+03  1.2873E+02  4.8959E+04  9.4699E+00  6.8389E+00  2.2692E+00  5.4908E+02  2.4939E-09
 -2.0000     57.4  4.77386E-03  4.301E+03  1.2860E+02  4.8628E+04  9.4405E+00  6.8389E+00  3.8503E+00  6.1835E+02  2.7486E-09
 -2.1000     76.4  9.58836E-03  4.301E+03  1.2846E+02  4.8296E+04  9.4111E+00  6.8389E+00  5.8833E+00  6.9538E+02  3.0163E-09
 -2.2000     97.6  1.43210E-02  4.301E+03  1.2833E+02  4.7965E+04  9.3817E+00  6.8389E+00  8.4846E+00  7.7883E+02  3.2897E-09
 -2.3000    120.9  2.13207E-02  4.301E+03  1.2819E+02  4.7634E+04  9.3523E+00  6.8389E+00  1.1771E+01  8.6488E+02  3.5507E-09
 -2.4000    146.3  3.15565E-02  4.301E+03  1.2806E+02  4.7303E+04  9.3229E+00  6.8389E+00  1.5842E+01  9.4722E+02  3.7820E-09
 -2.5000    173.7  4.68929E-02  4.301E+03  1.2792E+02  4.6972E+04  9.2935E+00  6.8389E+00  2.0758E+01  1.0178E+03  3.9582E-09
 -2.6000    203.2  6.35042E-02  4.301E+03  1.2778E+02  4.6641E+04  9.2641E+00  6.8389E+00  2.6598E+01  1.0706E+03  4.0712E-09
 -2.7000    234.7  8.90057E-02  4.301E+03  1.2765E+02  4.6310E+04  9.2346E+00  6.8389E+00  3.3338E+01  1.0986E+03  4.0870E-09
 -2.8000    268.2  1.22333E-01  4.301E+03  1.2751E+02  4.5979E+04  9.2052E+00  6.8389E+00  4.0752E+01  1.0929E+03  3.9872E-09
 -2.9000    303.6  1.68274E-01  4.301E+03  1.2738E+02  4.5648E+04  9.1758E+00  6.8389E+00  4.8380E+01  1.0485E+03  3.7583E-09
 -3.0000    340.9  2.25623E-01  4.301E+03  1.2724E+02  4.5316E+04  9.1464E+00  6.8389E+00  5.5542E+01  9.6615E+02  3.4138E-09
 -3.1000    380.1  2.97232E-01  4.301E+03  1.2711E+02  4.4985E+04  9.1170E+00  6.8389E+00  6.1452E+01  8.5341E+02  2.9841E-09
 -3.2000    421.1  3.88614E-01  4.301E+03  1.2697E+02  4.4654E+04  9.0876E+00  6.8389E+00  6.5257E+01  7.2154E+02  2.5091E-09
 -3.3000    463.9  5.09343E-01  4.301E+03  1.2684E+02  4.4323E+04  9.0582E+00  6.8389E+00  6.6180E+01  5.8283E+02  2.0296E-09
 -3.4000    508.5  6.74253E-01  4.301E+03  1.2670E+02  4.3992E+04  9.0288E+00  6.8389E+00  6.3761E+01  4.4842E+02  1.5806E-09
 -3.5000    554.9  8.95287E-01  4.301E+03  1.2656E+02  4.3661E+04  8.9994E+00  6.8389E+00  5.8069E+01  3.2636E+02  1.1867E-09
 -3.6000    602.9  1.22233E+00  4.301E+03  1.2643E+02  4.3330E+04  8.9699E+00  6.8389E+00  4.9833E+01  2.2197E+02  8.5853E-10
 -3.7000    652.6  1.71135E+00  4.301E+03  1.2629E+02  4.2999E+04  8.9405E+00  6.8389E+00  4.0354E+01  1.3829E+02  6.0288E-10
 -3.8000    704.0  2.44741E+00  4.301E+03  1.2616E+02  4.2668E+04  8.9111E+00  6.8389E+00  3.1085E+01  7.5294E+01  4.1640E-10
 -3.9000    757.0  3.52343E+00  4.301E+03  1.2602E+02  4.2336E+04  8.8817E+00  6.8389E+00  2.3089E+01  3.0402E+01  2.8861E-10
 -4.0000    811.6  5.18693E+00  4.301E+03  1.2589E+02  4.2005E+04  8.8523E+00  6.8389E+00  1.6873E+01  0.0000E+00  2.0527E-10
