   0.00000000       0.00000000       0.00000000    
  1.2000      0.9  2.09961E-02  0.000E+00  0.0000E+00  0.0000E+00  0.0000E+00  0.0000E+00  2.3206E-01  2.0952E+02  3.5897E-10
  1.1000      1.0  2.14844E-02  0.000E+00  0.0000E+00  0.0000E+00  0.0000E+00  0.0000E+00  2.2314E-01  2.2273E+02  3.8804E-10
  1.0000      1.0  2.12402E-02  0.000E+00  0.0000E+00  0.0000E+00  0.0000E+00  0.0000E+00  2.1350E-01  2.3691E+02  4.2024E-10
  0.9000      1.1  2.14844E-02  0.000E+00  0.0000E+00  0.0000E+00  0.0000E+00  0.0000E+00  2.0289E-01  2.5155E+02  4.5499E-10
  0.8000      1.1  2.14844E-02  0.000E+00  0.0000E+00  0.0000E+00  0.0000E+00  0.0000E+00  1.9110E-01  2.6789E+02  4.9484E-10
  0.7000      1.1  2.14844E-02  0.000E+00  0.0000E+00  0.0000E+00  0.0000E+00  0.0000E+00  1.7781E-01  2.8509E+02  5.3863E-10
  0.6000      1.2  2.16064E-02  0.000E+00  0.0000E+00  0.0000E+00  0.0000E+00  0.0000E+00  1.6268E-01  3.0284E+02  5.8630E-10
  0.5000      1.2  2.16675E-02  0.000E+00  0.0000E+00  0.0000E+00  0.0000E+00  0.0000E+00  1.4519E-01  3.2179E+02  6.3976E-10
  0.4000      1.2  2.17285E-02  0.000E+00  0.0000E+00  0.0000E+00  0.0000E+00  0.0000E+00  1.2471E-01  3.4086E+02  6.9747E-10
  0.3000      1.3  2.17896E-02  0.000E+00  0.0000E+00  0.0000E+00  0.0000E+00  0.0000E+00  1.0040E-01  3.6003E+02  7.6014E-10
  0.2000      1.3  2.18811E-02  0.000E+00  0.0000E+00  0.0000E+00  0.0000E+00  0.0000E+00  7.1770E-02  3.7577E+02  8.1762E-10
  0.1000      1.4  2.19421E-02  0.000E+00  0.0000E+00  0.0000E+00  0.0000E+00  0.0000E+00  3.8480E-02  3.8839E+02  8.7155E-10
  0.0000      1.4  2.20032E-02  0.000E+00  0.0000E+00  0.0000E+00  0.0000E+00  0.0000E+00  0.0000E+00  3.9586E+02  9.1701E-10
 -0.1000      1.4  2.20642E-02  0.000E+00  0.0000E+00  0.0000E+00  0.0000E+00  0.0000E+00  4.3304E-02  3.9451E+02  9.4059E-10
 -0.2000      1.5  2.21329E-02  0.000E+00  0.0000E+00  0.0000E+00  0.0000E+00  0.0000E+00  9.0366E-02  3.8545E+02  9.4474E-10
 -0.3000      1.5  2.22015E-02  0.000E+00  0.0000E+00  0.0000E+00  0.0000E+00  0.0000E+00  1.3988E-01  3.6737E+02  9.2457E-10
 -0.4000      1.6  2.22664E-02  0.000E+00  0.0000E+00  0.0000E+00  0.0000E+00  0.0000E+00  1.9030E-01  3.3937E+02  8.7827E-10
 -0.5000      1.6  2.23331E-02  0.000E+00  0.0000E+00  0.0000E+00  0.0000E+00  0.0000E+00  2.3969E-01  3.0082E+02  8.0141E-10
 -0.6000      1.6  2.23999E-02  0.000E+00  0.0000E+00  0.0000E+00  0.0000E+00  0.0000E+00  2.8529E-01  2.5276E+02  6.9475E-10
 -0.7000      1.7  2.24667E-02  0.000E+00  0.0000E+00  0.0000E+00  0.0000E+00  0.0000E+00  3.2394E-01  1.9828E+02  5.6505E-10
 -0.8000      1.7  2.25325E-02  0.000E+00  0.0000E+00  0.0000E+00  0.0000E+00  0.0000E+00  3.5254E-01  1.4062E+02  4.2024E-10
 -0.9000      1.8  2.25992E-02  0.000E+00  0.0000E+00  0.0000E+00  0.0000E+00  0.0000E+00  3.6832E-01  8.3617E+01  2.7087E-10
 -1.0000      1.8  2.26660E-02  0.000E+00  0.0000E+00  0.0000E+00  0.0000E+00  0.0000E+00  3.6882E-01  2.8004E+01  1.1977E-10
 -1.1000      1.8  2.27318E-02  0.000E+00  0.0000E+00  0.0000E+00  0.0000E+00  0.0000E+00  3.5204E-01  2.2520E+01  2.2141E-11
 -1.2000      1.9  2.27985E-02  0.000E+00  0.0000E+00  0.0000E+00  0.0000E+00  0.0000E+00  3.1694E-01  6.6281E+01  1.4908E-10
 -1.3000      1.9  2.28648E-02  0.000E+00  0.0000E+00  0.0000E+00  0.0000E+00  0.0000E+00  2.6218E-01  1.0707E+02  2.7097E-10
 -1.4000      1.9  2.29313E-02  0.000E+00  0.0000E+00  0.0000E+00  0.0000E+00  0.0000E+00  1.8651E-01  1.4220E+02  3.7945E-10
 -1.5000      2.0  2.29976E-02  0.000E+00  0.0000E+00  0.0000E+00  0.0000E+00  0.0000E+00  8.9584E-02  1.7175E+02  4.7392E-10
 -1.6000      2.0  2.30641E-02  0.000E+00  0.0000E+00  0.0000E+00  0.0000E+00  0.0000E+00  2.8763E-02  1.9723E+02  5.5835E-10
 -1.7000      2.1  2.31307E-02  0.000E+00  0.0000E+00  0.0000E+00  0.0000E+00  0.0000E+00  1.6838E-01  2.1864E+02  6.3211E-10
 -1.8000      2.1  2.31969E-02  0.000E+00  0.0000E+00  0.0000E+00  0.0000E+00  0.0000E+00  3.2855E-01  2.3677E+02  6.9710E-10
 -1.9000      2.1  2.32635E-02  0.000E+00  0.0000E+00  0.0000E+00  0.0000E+00  0.0000E+00  5.0836E-01  2.5274E+02  7.5661E-10
 -2.0000      2.2  2.33299E-02  0.000E+00  0.0000E+00  0.0000E+00  0.0000E+00  0.0000E+00  7.0660E-01  2.6686E+02  8.1122E-10
 -2.1000      2.2  2.33963E-02  0.000E+00  0.0000E+00  0.0000E+00  0.0000E+00  0.0000E+00  9.2160E-01  2.7972E+02  8.6260E-10
 -2.2000      2.3  2.34628E-02  0.000E+00  0.0000E+00  0.0000E+00  0.0000E+00  0.0000E+00  1.1514E+00  2.9178E+02  9.1215E-10
 -2.3000      2.3  2.35292E-02  0.000E+00  0.0000E+00  0.0000E+00  0.0000E+00  0.0000E+00  1.3938E+00  3.0340E+02  9.6081E-10
 -2.4000      2.3  2.35956E-02  0.000E+00  0.0000E+00  0.0000E+00  0.0000E+00  0.0000E+00  1.6462E+00  3.1484E+02  1.0095E-09
 -2.5000      2.4  2.36620E-02  0.000E+00  0.0000E+00  0.0000E+00  0.0000E+00  0.0000E+00  1.9062E+00  3.2634E+02  1.0588E-09
 -2.6000      2.4  2.37285E-02  0.000E+00  0.0000E+00  0.0000E+00  0.0000E+00  0.0000E+00  2.1710E+00  3.3799E+02  1.1090E-09
 -2.7000      2.5  2.37949E-02  0.000E+00  0.0000E+00  0.0000E+00  0.0000E+00  0.0000E+00  2.4380E+00  3.4990E+02  1.1606E-09
 -2.8000      2.5  2.38613E-02  0.000E+00  0.0000E+00  0.0000E+00  0.0000E+00  0.0000E+00  2.7049E+00  3.6183E+02  1.2124E-09
 -2.9000      2.5  2.39277E-02  0.000E+00  0.0000E+00  0.0000E+00  0.0000E+00  0.0000E+00  2.9695E+00  3.7379E+02  1.2645E-09
 -3.0000      2.6  2.39942E-02  0.000E+00  0.0000E+00  0.0000E+00  0.0000E+00  0.0000E+00  3.2301E+00  3.8571E+02  1.3166E-09
 -3.1000      2.6  2.40607E-02  0.000E+00  0.0000E+00  0.0000E+00  0.0000E+00  0.0000E+00  3.4857E+00  3.9551E+02  1.3603E-09
 -3.2000      2.6  2.41271E-02  0.000E+00  0.0000E+00  0.0000E+00  0.0000E+00  0.0000E+00  3.7361E+00  4.0371E+02  1.3976E-09
 -3.3000      2.7  2.41935E-02  0.000E+00  0.0000E+00  0.0000E+00  0.0000E+00  0.0000E+00  3.9815E+00  4.0991E+02  1.4270E-09
 -3.4000      2.7  2.42600E-02  0.000E+00  0.0000E+00  0.0000E+00  0.0000E+00  0.0000E+00  4.2228E+00  4.1240E+02  1.4414E-09
 -3.5000      2.8  2.43264E-02  0.000E+00  0.0000E+00  0.0000E+00  0.0000E+00  0.0000E+00  4.4617E+00  4.1171E+02  1.4429E-09
 -3.6000      2.8  2.43928E-02  0.000E+00  0.0000E+00  0.0000E+00  0.0000E+00  0.0000E+00  4.7003E+00  4.0766E+02  1.4308E-09
 -3.7000      2.8  2.44593E-02  0.000E+00  0.0000E+00  0.0000E+00  0.0000E+00  0.0000E+00  4.9420E+00  3.9823E+02  1.3965E-09
 -3.8000      2.9  2.45257E-02  0.000E+00  0.0000E+00  0.0000E+00  0.0000E+00  0.0000E+00  5.1912E+00  3.8533E+02  1.3477E-09
 -3.9000      2.9  2.45921E-02  0.000E+00  0.0000E+00  0.0000E+00  0.0000E+00  0.0000E+00  5.4528E+00  3.6990E+02  1.2882E-09
 -4.0000      3.0  2.46586E-02  0.000E+00  0.0000E+00  0.0000E+00  0.0000E+00  0.0000E+00  5.7360E+00  3.4633E+02  1.1940E-09
 -4.1000      3.0  2.47250E-02  0.000E+00  0.0000E+00  0.0000E+00  0.0000E+00  0.0000E+00  6.0521E+00  3.2236E+02  1.0964E-09
 -4.2000      3.0  2.47914E-02  0.000E+00  0.0000E+00  0.0000E+00  0.0000E+00  0.0000E+00  6.4103E+00  3.0040E+02  1.0044E-09
 -4.3000      3.1  2.48579E-02  0.000E+00  0.0000E+00  0.0000E+00  0.0000E+00  0.0000E+00  6.8244E+00  2.7210E+02  8.8257E-10
 -4.4000      3.1  2.49243E-02  0.000E+00  0.0000E+00  0.0000E+00  0.0000E+00  0.0000E+00  7.3327E+00  2.2622E+02  7.0674E-10
 -4.5000      3.2  2.49908E-02  0.000E+00  0.0000E+00  0.0000E+00  0.0000E+00  0.0000E+00  8.0584E+00  1.3362E+02  3.9935E-10
 -4.6000      3.2  2.50572E-02  0.000E+00  0.0000E+00  0.0000E+00  0.0000E+00  0.0000E+00  9.1909E+00  6.7597E+01  1.9522E-10
 -4.7000      3.2  2.51236E-02  0.000E+00  0.0000E+00  0.0000E+00  0.0000E+00  0.0000E+00  1.0931E+01  3.1022E+01  8.6668E-11
 -4.8000      3.3  2.51901E-02  0.000E+00  0.0000E+00  0.0000E+00  0.0000E+00  0.0000E+00  1.3405E+01  1.4101E+01  3.8142E-11
 -4.9000      3.3  2.52565E-02  0.000E+00  0.0000E+00  0.0000E+00  0.0000E+00  0.0000E+00  1.6627E+01  7.6645E+00  2.0247E-11
 -5.0000      3.3  2.53229E-02  0.000E+00  0.0000E+00  0.0000E+00  0.0000E+00  0.0000E+00  2.0568E+01  4.5673E+00  1.1830E-11
 -5.1000      3.4  2.53893E-02  0.000E+00  0.0000E+00  0.0000E+00  0.0000E+00  0.0000E+00  2.5200E+01  2.9675E+00  7.5649E-12
 -5.2000      3.4  2.54558E-02  0.000E+00  0.0000E+00  0.0000E+00  0.0000E+00  0.0000E+00  3.0389E+01  1.9316E+00  4.8383E-12
 -5.3000      3.5  2.55222E-02  0.000E+00  0.0000E+00  0.0000E+00  0.0000E+00  0.0000E+00  3.5951E+01  1.3176E+00  3.2442E-12
 -5.4000      3.5  2.55887E-02  0.000E+00  0.0000E+00  0.0000E+00  0.0000E+00  0.0000E+00  4.1836E+01  9.3976E-01  2.2751E-12
 -5.5000      3.5  2.56551E-02  0.000E+00  0.0000E+00  0.0000E+00  0.0000E+00  0.0000E+00  4.7961E+01  6.6932E-01  1.5867E-12
 -5.6000      3.6  2.57215E-02  0.000E+00  0.0000E+00  0.0000E+00  0.0000E+00  0.0000E+00  5.4224E+01  4.8904E-01  1.1321E-12
 -5.7000      3.6  2.57880E-02  0.000E+00  0.0000E+00  0.0000E+00  0.0000E+00  0.0000E+00  6.0610E+01  3.6664E-01  8.2607E-13
 -5.8000      3.7  2.58544E-02  0.000E+00  0.0000E+00  0.0000E+00  0.0000E+00  0.0000E+00  6.6927E+01  2.6160E-01  5.6433E-13
 -5.9000      3.7  2.59208E-02  0.000E+00  0.0000E+00  0.0000E+00  0.0000E+00  0.0000E+00  7.2917E+01  1.8822E-01  3.8310E-13
 -6.0000      3.7  2.59873E-02  0.000E+00  0.0000E+00  0.0000E+00  0.0000E+00  0.0000E+00  7.8492E+01  1.3845E-01  2.6135E-13
