   0.00000000       0.00000000       0.00000000    
  1.4000     35.3  1.03735E+02  2.718E+04  1.2288E+02  2.2024E+04  4.6478E+00  7.4500E+00  3.0278E-01  5.6092E+03  1.0551E-08
  1.3000     35.9  9.44397E+01  2.718E+04  1.2288E+02  2.2024E+04  4.6478E+00  7.4500E+00  3.3880E-01  5.4388E+03  1.0443E-08
  1.2000     36.5  8.52776E+01  2.718E+04  1.2288E+02  2.2024E+04  4.6478E+00  7.4500E+00  3.6954E-01  5.2752E+03  1.0344E-08
  1.1000     37.1  7.63989E+01  2.718E+04  1.2288E+02  2.2024E+04  4.6478E+00  7.4500E+00  3.9533E-01  5.1179E+03  1.0253E-08
  1.0000     37.7  6.78887E+01  2.718E+04  1.2288E+02  2.2024E+04  4.6478E+00  7.4500E+00  4.1634E-01  4.9663E+03  1.0170E-08
  0.9000     38.3  5.98481E+01  2.718E+04  1.2288E+02  2.2024E+04  4.6478E+00  7.4500E+00  4.3259E-01  4.8197E+03  1.0095E-08
  0.8000     38.9  5.14456E+01  2.718E+04  1.2288E+02  2.2024E+04  4.6478E+00  7.4500E+00  4.4410E-01  4.6761E+03  1.0047E-08
  0.7000     39.5  4.21899E+01  2.718E+04  1.2288E+02  2.2024E+04  4.6478E+00  7.4500E+00  4.5050E-01  4.5302E+03  1.0042E-08
  0.6000     40.1  3.30521E+01  2.718E+04  1.2288E+02  2.2024E+04  4.6478E+00  7.4500E+00  4.5044E-01  4.3750E+03  1.0058E-08
  0.5000     40.7  2.47933E+01  2.718E+04  1.2288E+02  2.2024E+04  4.6478E+00  7.4500E+00  4.4090E-01  4.2026E+03  1.0067E-08
  0.4000     41.3  1.74655E+01  2.718E+04  1.2288E+02  2.2024E+04  4.6478E+00  7.4500E+00  4.1618E-01  4.0013E+03  1.0056E-08
  0.3000     41.9  1.20222E+01  2.718E+04  1.2288E+02  2.2024E+04  4.6478E+00  7.4500E+00  3.6818E-01  3.7584E+03  9.9342E-09
  0.2000     42.5  8.16327E+00  2.718E+04  1.2288E+02  2.2024E+04  4.6478E+00  7.4500E+00  2.8757E-01  3.4651E+03  9.6532E-09
  0.1000     43.1  5.58517E+00  2.718E+04  1.2288E+02  2.2024E+04  4.6478E+00  7.4500E+00  1.6624E-01  3.1188E+03  9.1682E-09
  0.0000     43.7  3.87082E+00  2.718E+04  1.2288E+02  2.2024E+04  4.6478E+00  7.4500E+00  0.0000E+00  2.7263E+03  8.4792E-09
 -0.1000     44.3  2.73698E+00  2.718E+04  1.2288E+02  2.2024E+04  4.6478E+00  7.4500E+00  2.0969E-01  2.3035E+03  7.6146E-09
 -0.2000     44.9  1.97108E+00  2.718E+04  1.2288E+02  2.2024E+04  4.6478E+00  7.4500E+00  4.5527E-01  1.8729E+03  6.6353E-09
 -0.3000     45.5  1.44106E+00  2.718E+04  1.2288E+02  2.2024E+04  4.6478E+00  7.4500E+00  7.2440E-01  1.4576E+03  5.6126E-09
 -0.4000     46.1  1.07667E+00  2.718E+04  1.2288E+02  2.2024E+04  4.6478E+00  7.4500E+00  1.0031E+00  1.0776E+03  4.6093E-09
 -0.5000     46.8  8.08498E-01  2.718E+04  1.2288E+02  2.2024E+04  4.6478E+00  7.4500E+00  1.2762E+00  7.4667E+02  3.6858E-09
 -0.6000     47.4  6.04944E-01  2.718E+04  1.2288E+02  2.2024E+04  4.6478E+00  7.4500E+00  1.5256E+00  4.7349E+02  2.8811E-09
 -0.7000     48.0  4.46632E-01  2.718E+04  1.2288E+02  2.2024E+04  4.6478E+00  7.4500E+00  1.7287E+00  2.6330E+02  2.2233E-09
 -0.8000     48.6  3.35905E-01  2.718E+04  1.2288E+02  2.2024E+04  4.6478E+00  7.4500E+00  1.8704E+00  1.1379E+02  1.7112E-09
 -0.9000     49.2  2.59199E-01  2.718E+04  1.2288E+02  2.2024E+04  4.6478E+00  7.4500E+00  1.9509E+00  1.4371E+01  1.3275E-09
 -1.0000     49.8  2.06040E-01  2.718E+04  1.2288E+02  2.2024E+04  4.6478E+00  7.4500E+00  1.9783E+00  4.7777E+01  1.0450E-09
 -1.1000     50.4  1.65502E-01  2.718E+04  1.2288E+02  2.2024E+04  4.6478E+00  7.4500E+00  1.9587E+00  8.2898E+01  8.4356E-10
 -1.2000     51.0  1.37103E-01  2.718E+04  1.2288E+02  2.2024E+04  4.6478E+00  7.4500E+00  1.8997E+00  9.9398E+01  6.9879E-10
 -1.3000     51.6  1.16440E-01  2.718E+04  1.2288E+02  2.2024E+04  4.6478E+00  7.4500E+00  1.8137E+00  1.0496E+02  5.9048E-10
 -1.4000     52.2  1.00260E-01  2.718E+04  1.2288E+02  2.2024E+04  4.6478E+00  7.4500E+00  1.7093E+00  1.0437E+02  5.0694E-10
 -1.5000     52.8  8.70044E-02  2.718E+04  1.2288E+02  2.2024E+04  4.6478E+00  7.4500E+00  1.5913E+00  1.0028E+02  4.4147E-10
 -1.6000     53.4  7.62695E-02  2.718E+04  1.2288E+02  2.2024E+04  4.6478E+00  7.4500E+00  1.4633E+00  9.4330E+01  3.8779E-10
 -1.7000     54.0  6.74053E-02  2.718E+04  1.2288E+02  2.2024E+04  4.6478E+00  7.4500E+00  1.3283E+00  8.7639E+01  3.4138E-10
 -1.8000     54.6  5.97866E-02  2.718E+04  1.2288E+02  2.2024E+04  4.6478E+00  7.4500E+00  1.1876E+00  8.0709E+01  3.0054E-10
 -1.9000     55.2  5.30413E-02  2.718E+04  1.2288E+02  2.2024E+04  4.6478E+00  7.4500E+00  1.0408E+00  7.3717E+01  2.6608E-10
 -2.0000     55.8  4.70660E-02  2.718E+04  1.2288E+02  2.2024E+04  4.6478E+00  7.4500E+00  8.8766E-01  6.6797E+01  2.3700E-10
 -2.1000     56.4  4.17729E-02  2.718E+04  1.2288E+02  2.2024E+04  4.6478E+00  7.4500E+00  7.2781E-01  6.0050E+01  2.1246E-10
 -2.2000     57.0  3.70800E-02  2.718E+04  1.2288E+02  2.2024E+04  4.6478E+00  7.4500E+00  5.6094E-01  5.3556E+01  1.9175E-10
 -2.3000     57.6  3.28629E-02  2.718E+04  1.2288E+02  2.2024E+04  4.6478E+00  7.4500E+00  3.8541E-01  4.7284E+01  1.7401E-10
 -2.4000     58.2  2.90874E-02  2.718E+04  1.2288E+02  2.2024E+04  4.6478E+00  7.4500E+00  1.9876E-01  4.1175E+01  1.5962E-10
 -2.5000     58.8  2.57035E-02  2.718E+04  1.2288E+02  2.2024E+04  4.6478E+00  7.4500E+00  1.1597E-03  3.5232E+01  1.4818E-10
 -2.6000     59.4  2.27973E-02  2.718E+04  1.2288E+02  2.2024E+04  4.6478E+00  7.4500E+00  2.1341E-01  2.9605E+01  1.3964E-10
 -2.7000     60.0  2.01637E-02  2.718E+04  1.2288E+02  2.2024E+04  4.6478E+00  7.4500E+00  4.3823E-01  2.4370E+01  1.3227E-10
 -2.8000     60.6  1.78118E-02  2.718E+04  1.2288E+02  2.2024E+04  4.6478E+00  7.4500E+00  6.7896E-01  1.9439E+01  1.2645E-10
 -2.9000     61.2  1.56417E-02  2.718E+04  1.2288E+02  2.2024E+04  4.6478E+00  7.4500E+00  9.4055E-01  1.4720E+01  1.2195E-10
 -3.0000     61.8  1.36790E-02  2.718E+04  1.2288E+02  2.2024E+04  4.6478E+00  7.4500E+00  1.2299E+00  1.0111E+01  1.1922E-10
 -3.1000     62.4  1.18982E-02  2.718E+04  1.2288E+02  2.2024E+04  4.6478E+00  7.4500E+00  1.5540E+00  5.5752E+00  1.1817E-10
 -3.2000     63.0  1.02752E-02  2.718E+04  1.2288E+02  2.2024E+04  4.6478E+00  7.4500E+00  1.9220E+00  1.0693E+00  1.1877E-10
 -3.3000     63.7  8.78677E-03  2.718E+04  1.2288E+02  2.2024E+04  4.6478E+00  7.4500E+00  2.3462E+00  3.4568E+00  1.2104E-10
 -3.4000     64.3  7.41221E-03  2.718E+04  1.2288E+02  2.2024E+04  4.6478E+00  7.4500E+00  2.8435E+00  8.0632E+00  1.2502E-10
 -3.5000     64.9  6.18237E-03  2.718E+04  1.2288E+02  2.2024E+04  4.6478E+00  7.4500E+00  3.4335E+00  1.2769E+01  1.3091E-10
 -3.6000     65.5  4.98267E-03  2.718E+04  1.2288E+02  2.2024E+04  4.6478E+00  7.4500E+00  4.1479E+00  1.7658E+01  1.3841E-10
 -3.7000     66.1  3.78954E-03  2.718E+04  1.2288E+02  2.2024E+04  4.6478E+00  7.4500E+00  5.0414E+00  2.2930E+01  1.4813E-10
 -3.8000     66.7  2.57652E-03  2.718E+04  1.2288E+02  2.2024E+04  4.6478E+00  7.4500E+00  6.1990E+00  2.8814E+01  1.6077E-10
 -3.9000     67.3  1.35714E-03  2.718E+04  1.2288E+02  2.2024E+04  4.6478E+00  7.4500E+00  7.7531E+00  3.5563E+01  1.7739E-10
 -4.0000     67.9  0.00000E+00  2.718E+04  1.2288E+02  2.2024E+04  4.6478E+00  7.4500E+00  9.9406E+00  4.3582E+01  1.9881E-10
