   0.00000000       0.00000000       0.00000000    
  1.4000      3.0  9.14990E+00  3.745E+03  1.7916E+01  3.7112E+03  7.1004E-01  5.4659E-01  3.2890E-02  4.6802E+02  8.7729E-10
  1.3000      3.0  8.33594E+00  3.745E+03  1.7916E+01  3.7073E+03  7.1092E-01  5.4659E-01  3.5500E-02  4.5411E+02  8.6928E-10
  1.2000      3.1  7.53052E+00  3.745E+03  1.7916E+01  3.7034E+03  7.1180E-01  5.4659E-01  3.7682E-02  4.4070E+02  8.6203E-10
  1.1000      3.2  6.74341E+00  3.745E+03  1.7916E+01  3.6996E+03  7.1268E-01  5.4659E-01  3.9459E-02  4.2777E+02  8.5535E-10
  1.0000      3.2  5.98560E+00  3.745E+03  1.7917E+01  3.6957E+03  7.1355E-01  5.4659E-01  4.0855E-02  4.1527E+02  8.4921E-10
  0.9000      3.3  5.27209E+00  3.745E+03  1.7917E+01  3.6918E+03  7.1442E-01  5.4659E-01  4.1855E-02  4.0312E+02  8.4376E-10
  0.8000      3.3  4.52417E+00  3.745E+03  1.7917E+01  3.6879E+03  7.1530E-01  5.4659E-01  4.2469E-02  3.9119E+02  8.4049E-10
  0.7000      3.4  3.70667E+00  3.745E+03  1.7917E+01  3.6841E+03  7.1619E-01  5.4659E-01  4.2656E-02  3.7902E+02  8.4077E-10
  0.6000      3.4  2.89575E+00  3.745E+03  1.7917E+01  3.6802E+03  7.1706E-01  5.4659E-01  4.2274E-02  3.6602E+02  8.4273E-10
  0.5000      3.5  2.16675E+00  3.745E+03  1.7917E+01  3.6763E+03  7.1794E-01  5.4659E-01  4.1065E-02  3.5152E+02  8.4398E-10
  0.4000      3.5  1.52100E+00  3.745E+03  1.7918E+01  3.6724E+03  7.1882E-01  5.4659E-01  3.8517E-02  3.3450E+02  8.4347E-10
  0.3000      3.6  1.04272E+00  3.745E+03  1.7918E+01  3.6686E+03  7.1970E-01  5.4659E-01  3.3899E-02  3.1388E+02  8.3350E-10
  0.2000      3.6  7.04346E-01  3.745E+03  1.7918E+01  3.6647E+03  7.2057E-01  5.4659E-01  2.6375E-02  2.8883E+02  8.0971E-10
  0.1000      3.7  4.79019E-01  3.745E+03  1.7918E+01  3.6608E+03  7.2145E-01  5.4659E-01  1.5201E-02  2.5909E+02  7.6813E-10
  0.0000      3.7  3.29567E-01  3.745E+03  1.7918E+01  3.6569E+03  7.2232E-01  5.4659E-01  0.0000E+00  2.2523E+02  7.0870E-10
 -0.1000      3.8  2.31209E-01  3.745E+03  1.7919E+01  3.6531E+03  7.2321E-01  5.4659E-01  1.9060E-02  1.8866E+02  6.3372E-10
 -0.2000      3.8  1.64829E-01  3.745E+03  1.7919E+01  3.6492E+03  7.2408E-01  5.4659E-01  4.1281E-02  1.5135E+02  5.4854E-10
 -0.3000      3.9  1.19226E-01  3.745E+03  1.7919E+01  3.6453E+03  7.2496E-01  5.4659E-01  6.5479E-02  1.1547E+02  4.5981E-10
 -0.4000      3.9  8.79679E-02  3.745E+03  1.7919E+01  3.6415E+03  7.2583E-01  5.4659E-01  9.0172E-02  8.2914E+01  3.7335E-10
 -0.5000      4.0  6.51665E-02  3.745E+03  1.7920E+01  3.6376E+03  7.2672E-01  5.4659E-01  1.1377E-01  5.5023E+01  2.9475E-10
 -0.6000      4.0  4.80690E-02  3.745E+03  1.7920E+01  3.6337E+03  7.2759E-01  5.4659E-01  1.3445E-01  3.2594E+01  2.2771E-10
 -0.7000      4.1  3.50237E-02  3.745E+03  1.7920E+01  3.6298E+03  7.2847E-01  5.4659E-01  1.5009E-01  1.6047E+01  1.7465E-10
 -0.8000      4.2  2.60849E-02  3.745E+03  1.7920E+01  3.6260E+03  7.2935E-01  5.4659E-01  1.5945E-01  4.9805E+00  1.3507E-10
 -0.9000      4.2  2.00243E-02  3.745E+03  1.7920E+01  3.6221E+03  7.3023E-01  5.4659E-01  1.6278E-01  1.7422E+00  1.0688E-10
 -1.0000      4.3  1.59082E-02  3.745E+03  1.7921E+01  3.6182E+03  7.3110E-01  5.4659E-01  1.6107E-01  5.4062E+00  8.7169E-11
 -1.1000      4.3  1.28596E-02  3.745E+03  1.7921E+01  3.6143E+03  7.3198E-01  5.4659E-01  1.5515E-01  7.0078E+00  7.3882E-11
 -1.2000      4.4  1.07408E-02  3.745E+03  1.7921E+01  3.6105E+03  7.3286E-01  5.4659E-01  1.4590E-01  7.3086E+00  6.4738E-11
 -1.3000      4.4  9.19199E-03  3.745E+03  1.7921E+01  3.6066E+03  7.3374E-01  5.4659E-01  1.3438E-01  6.9434E+00  5.7994E-11
 -1.4000      4.5  7.97796E-03  3.745E+03  1.7921E+01  3.6027E+03  7.3461E-01  5.4659E-01  1.2140E-01  6.2773E+00  5.2751E-11
 -1.5000      4.5  6.99151E-03  3.745E+03  1.7922E+01  3.5988E+03  7.3549E-01  5.4659E-01  1.0730E-01  5.4922E+00  4.8544E-11
 -1.6000      4.6  6.18386E-03  3.745E+03  1.7922E+01  3.5950E+03  7.3637E-01  5.4659E-01  9.2468E-02  4.7012E+00  4.4906E-11
 -1.7000      4.6  5.49138E-03  3.745E+03  1.7922E+01  3.5911E+03  7.3725E-01  5.4659E-01  7.7072E-02  3.9551E+00  4.1538E-11
 -1.8000      4.7  4.87781E-03  3.745E+03  1.7922E+01  3.5872E+03  7.3812E-01  5.4659E-01  6.0944E-02  3.2461E+00  3.8458E-11
 -1.9000      4.7  4.33254E-03  3.745E+03  1.7922E+01  3.5834E+03  7.3900E-01  5.4659E-01  4.3945E-02  2.5645E+00  3.5822E-11
 -2.0000      4.8  3.84915E-03  3.745E+03  1.7923E+01  3.5795E+03  7.3988E-01  5.4659E-01  2.6093E-02  1.9209E+00  3.3552E-11
 -2.1000      4.8  3.42339E-03  3.745E+03  1.7923E+01  3.5756E+03  7.4076E-01  5.4659E-01  7.1716E-03  1.3164E+00  3.1605E-11
 -2.2000      4.9  3.04163E-03  3.745E+03  1.7923E+01  3.5717E+03  7.4164E-01  5.4659E-01  1.2787E-02  7.5391E-01  2.9925E-11
 -2.3000      4.9  2.69526E-03  3.745E+03  1.7923E+01  3.5679E+03  7.4251E-01  5.4659E-01  3.4027E-02  2.2363E-01  2.8447E-11
 -2.4000      5.0  2.38246E-03  3.745E+03  1.7923E+01  3.5640E+03  7.4339E-01  5.4659E-01  5.7007E-02  2.9150E-01  2.7253E-11
 -2.5000      5.1  2.10232E-03  3.745E+03  1.7924E+01  3.5601E+03  7.4427E-01  5.4659E-01  8.1970E-02  7.9199E-01  2.6326E-11
 -2.6000      5.1  1.86956E-03  3.745E+03  1.7924E+01  3.5562E+03  7.4515E-01  5.4659E-01  1.0886E-01  1.2637E+00  2.5674E-11
 -2.7000      5.2  1.65230E-03  3.745E+03  1.7924E+01  3.5524E+03  7.4603E-01  5.4659E-01  1.3785E-01  1.6973E+00  2.5095E-11
 -2.8000      5.2  1.45632E-03  3.745E+03  1.7924E+01  3.5485E+03  7.4690E-01  5.4659E-01  1.6922E-01  2.1025E+00  2.4651E-11
 -2.9000      5.3  1.27378E-03  3.745E+03  1.7924E+01  3.5446E+03  7.4778E-01  5.4659E-01  2.0370E-01  2.4915E+00  2.4311E-11
 -3.0000      5.3  1.11014E-03  3.745E+03  1.7925E+01  3.5408E+03  7.4866E-01  5.4659E-01  2.4240E-01  2.8843E+00  2.4180E-11
 -3.1000      5.4  9.57727E-04  3.745E+03  1.7925E+01  3.5369E+03  7.4954E-01  5.4659E-01  2.8607E-01  3.2827E+00  2.4245E-11
 -3.2000      5.4  8.20562E-04  3.745E+03  1.7925E+01  3.5330E+03  7.5041E-01  5.4659E-01  3.3563E-01  3.6868E+00  2.4492E-11
 -3.3000      5.5  6.94856E-04  3.745E+03  1.7925E+01  3.5291E+03  7.5129E-01  5.4659E-01  3.9249E-01  4.1033E+00  2.4930E-11
 -3.4000      5.5  5.79342E-04  3.745E+03  1.7925E+01  3.5253E+03  7.5217E-01  5.4659E-01  4.5810E-01  4.5352E+00  2.5564E-11
 -3.5000      5.6  4.78461E-04  3.745E+03  1.7926E+01  3.5214E+03  7.5305E-01  5.4659E-01  5.3409E-01  4.9822E+00  2.6414E-11
 -3.6000      5.6  3.79719E-04  3.745E+03  1.7926E+01  3.5175E+03  7.5393E-01  5.4659E-01  6.2268E-01  5.4482E+00  2.7418E-11
 -3.7000      5.7  2.83636E-04  3.745E+03  1.7926E+01  3.5136E+03  7.5480E-01  5.4659E-01  7.2723E-01  5.9465E+00  2.8615E-11
 -3.8000      5.7  1.88097E-04  3.745E+03  1.7926E+01  3.5098E+03  7.5568E-01  5.4659E-01  8.5217E-01  6.4900E+00  3.0044E-11
 -3.9000      5.8  9.70736E-05  3.745E+03  1.7926E+01  3.5059E+03  7.5656E-01  5.4659E-01  1.0021E+00  7.0851E+00  3.1761E-11
 -4.0000      5.8  0.00000E+00  3.745E+03  1.7927E+01  3.5020E+03  7.5744E-01  5.4659E-01  1.1833E+00  7.7417E+00  3.3716E-11
