  0.0000000E+00  9.1612339E-03  0.0000000E+00
  0.0000   7965.2  1.43201E+05  0.000E+00  2.0508E+02  3.1647E+04  4.1924E+00  3.2682E+01  3.4850E+01  1.1172E+05  3.8696E-07
  0.0000   5971.6  1.37931E+05  0.000E+00  2.0723E+02  3.1816E+04  4.1924E+00  3.2682E+01  3.3931E+01  1.0961E+05  4.2482E-07
  0.0000   4335.2  6.75851E+04  0.000E+00  2.0937E+02  3.1984E+04  4.1924E+00  3.2682E+01  3.1640E+01  1.0399E+05  4.4374E-07
  0.0000   3021.5  1.76995E+04  0.000E+00  2.1152E+02  3.2153E+04  4.1924E+00  3.2682E+01  2.7354E+01  9.2363E+04  4.2877E-07
  0.0000   1996.2  3.65618E+03  0.000E+00  2.1367E+02  3.2321E+04  4.1924E+00  3.2682E+01  2.0814E+01  7.3082E+04  3.6864E-07
  0.0000   1224.7  7.56069E+02  0.000E+00  2.1581E+02  3.2490E+04  4.1924E+00  3.2682E+01  1.2829E+01  4.8405E+04  2.6945E-07
  0.0000    672.7  1.73288E+02  0.000E+00  2.1796E+02  3.2659E+04  4.1924E+00  3.2682E+01  5.4113E+00  2.5119E+04  1.6128E-07
  0.0000    305.7  4.21636E+01  0.000E+00  2.2011E+02  3.2827E+04  4.1924E+00  3.2682E+01  4.9001E-01  9.6408E+03  7.7588E-08
  0.0000     89.3  8.36269E+00  0.000E+00  2.2225E+02  3.2996E+04  4.1924E+00  3.2682E+01  1.5477E+00  2.9696E+03  3.1290E-08
  0.0000     11.0  1.09533E+00  0.000E+00  2.2440E+02  3.3164E+04  4.1924E+00  3.2682E+01  1.6500E+00  1.7656E+03  1.4682E-08
  0.0000     29.6  2.38005E+00  0.000E+00  2.2655E+02  3.3333E+04  4.1924E+00  3.2682E+01  9.5757E-01  2.4557E+03  1.3583E-08
  0.0000      0.8  3.93490E-01  0.000E+00  2.2869E+02  3.3502E+04  4.1924E+00  3.2682E+01  2.6598E-01  3.0261E+03  1.7188E-08
  0.0000     40.8  1.81868E+00  0.000E+00  2.3084E+02  3.3670E+04  4.1924E+00  3.2682E+01  4.3690E-02  2.8176E+03  1.9680E-08
  0.0000     67.3  2.19383E+00  0.000E+00  2.3299E+02  3.3839E+04  4.1924E+00  3.2682E+01  2.4120E-02  2.0495E+03  1.9221E-08
  0.0000     77.0  1.47802E+00  0.000E+00  2.3513E+02  3.4007E+04  4.1924E+00  3.2682E+01  0.0000E+00  1.2788E+03  1.7265E-08
  0.0000     74.6  8.11205E-01  0.000E+00  2.3728E+02  3.4176E+04  4.1924E+00  3.2682E+01  2.3497E-01  8.7380E+02  1.5277E-08
  0.0000     65.0  4.84405E-01  0.000E+00  2.3943E+02  3.4344E+04  4.1924E+00  3.2682E+01  6.9241E-01  7.7736E+02  1.3614E-08
  0.0000     52.8  3.27801E-01  0.000E+00  2.4157E+02  3.4513E+04  4.1924E+00  3.2682E+01  1.1782E+00  7.5392E+02  1.2001E-08
  0.0000     42.8  2.32833E-01  0.000E+00  2.4372E+02  3.4682E+04  4.1924E+00  3.2682E+01  1.6058E+00  7.0484E+02  1.0430E-08
  0.0000     38.8  1.85137E-01  0.000E+00  2.4587E+02  3.4850E+04  4.1924E+00  3.2682E+01  1.9964E+00  6.4212E+02  9.1537E-09
  0.0000     40.2  1.68707E-01  0.000E+00  2.4801E+02  3.5019E+04  4.1924E+00  3.2682E+01  2.3905E+00  5.8820E+02  8.2010E-09
  0.0000     45.5  1.66818E-01  0.000E+00  2.5016E+02  3.5187E+04  4.1924E+00  3.2682E+01  2.8234E+00  5.5563E+02  7.5074E-09
  0.0000     53.1  1.66922E-01  0.000E+00  2.5230E+02  3.5356E+04  4.1924E+00  3.2682E+01  3.3359E+00  5.5441E+02  6.9922E-09
  0.0000     61.4  1.63882E-01  0.000E+00  2.5445E+02  3.5525E+04  4.1924E+00  3.2682E+01  3.9705E+00  5.8925E+02  6.6105E-09
  0.0000     68.9  1.61104E-01  0.000E+00  2.5660E+02  3.5693E+04  4.1924E+00  3.2682E+01  4.7447E+00  6.5092E+02  6.3032E-09
  0.0000     74.4  1.62471E-01  0.000E+00  2.5874E+02  3.5862E+04  4.1924E+00  3.2682E+01  5.6309E+00  7.1819E+02  6.0185E-09
  0.0000     77.7  1.70364E-01  0.000E+00  2.6089E+02  3.6030E+04  4.1924E+00  3.2682E+01  6.5671E+00  7.6911E+02  5.6953E-09
  0.0000     79.0  1.81999E-01  0.000E+00  2.6304E+02  3.6199E+04  4.1924E+00  3.2682E+01  7.4838E+00  7.9058E+02  5.3145E-09
  0.0000     78.6  1.87841E-01  0.000E+00  2.6518E+02  3.6368E+04  4.1924E+00  3.2682E+01  8.3365E+00  7.8275E+02  4.8947E-09
  0.0000     76.6  1.78836E-01  0.000E+00  2.6733E+02  3.6536E+04  4.1924E+00  3.2682E+01  9.1325E+00  7.5753E+02  4.4783E-09
  0.0000     73.3  1.57853E-01  0.000E+00  2.6948E+02  3.6705E+04  4.1924E+00  3.2682E+01  9.9133E+00  7.2881E+02  4.0968E-09
  0.0000     69.1  1.31661E-01  0.000E+00  2.7162E+02  3.6873E+04  4.1924E+00  3.2682E+01  1.0720E+01  7.0509E+02  3.7686E-09
  0.0000     65.3  1.06570E-01  0.000E+00  2.7377E+02  3.7042E+04  4.1924E+00  3.2682E+01  1.1585E+01  6.8967E+02  3.5090E-09
  0.0000     63.4  8.34554E-02  0.000E+00  2.7592E+02  3.7210E+04  4.1924E+00  3.2682E+01  1.2540E+01  6.8385E+02  3.3326E-09
  0.0000     64.8  6.65725E-02  0.000E+00  2.7806E+02  3.7379E+04  4.1924E+00  3.2682E+01  1.3620E+01  6.8774E+02  3.2388E-09
  0.0000     71.2  5.78092E-02  0.000E+00  2.8021E+02  3.7548E+04  4.1924E+00  3.2682E+01  1.4850E+01  6.9959E+02  3.2201E-09
  0.0000     84.0  5.71549E-02  0.000E+00  2.8236E+02  3.7716E+04  4.1924E+00  3.2682E+01  1.6243E+01  7.1696E+02  3.2660E-09
  0.0000    103.7  6.36905E-02  0.000E+00  2.8450E+02  3.7885E+04  4.1924E+00  3.2682E+01  1.7799E+01  7.3719E+02  3.3568E-09
  0.0000    126.3  6.47392E-02  0.000E+00  2.8665E+02  3.8054E+04  4.1924E+00  3.2682E+01  1.9549E+01  7.6119E+02  3.4763E-09
  0.0000    146.9  5.07077E-02  0.000E+00  2.8880E+02  3.8222E+04  4.1924E+00  3.2682E+01  2.1609E+01  7.9622E+02  3.6334E-09
  0.0000    160.3  2.06384E-02  0.000E+00  2.9094E+02  3.8391E+04  4.1924E+00  3.2682E+01  2.4147E+01  8.5237E+02  3.8672E-09
  0.0000    161.6  2.67649E-03  0.000E+00  2.9309E+02  3.8559E+04  4.1924E+00  3.2682E+01  2.7133E+01  9.2856E+02  4.1708E-09
  0.0000    145.7  4.74700E-03  0.000E+00  2.9524E+02  3.8728E+04  4.1924E+00  3.2682E+01  3.0150E+01  1.0047E+03  4.4985E-09
  0.0000    112.0  2.75731E-03  0.000E+00  2.9738E+02  3.8896E+04  4.1924E+00  3.2682E+01  3.2748E+01  1.0607E+03  4.7959E-09
  0.0000     76.4  4.13330E-03  0.000E+00  2.9953E+02  3.9065E+04  4.1924E+00  3.2682E+01  3.4972E+01  1.0950E+03  5.1324E-09
  0.0000     59.4  5.64046E-05  0.000E+00  3.0168E+02  3.9234E+04  4.1924E+00  3.2682E+01  3.7562E+01  1.1267E+03  5.7021E-09
  0.0000     81.3  1.63103E-03  0.000E+00  3.0382E+02  3.9402E+04  4.1924E+00  3.2682E+01  4.1658E+01  1.1830E+03  6.8594E-09
  0.0000    162.4  1.14689E-04  0.000E+00  3.0597E+02  3.9571E+04  4.1924E+00  3.2682E+01  4.7127E+01  1.2117E+03  7.8143E-09
  0.0000    323.1  3.83943E-03  0.000E+00  3.0812E+02  3.9739E+04  4.1924E+00  3.2682E+01  5.3994E+01  1.1900E+03  7.9545E-09
  0.0000    583.8  1.68718E-02  0.000E+00  3.1026E+02  3.9908E+04  4.1924E+00  3.2682E+01  6.1421E+01  1.1175E+03  7.8097E-09
  0.0000    964.7  5.34130E-02  0.000E+00  3.1241E+02  4.0077E+04  4.1924E+00  3.2682E+01  6.6357E+01  9.5222E+02  7.1553E-09
  0.0000   1486.2  9.24726E-02  0.000E+00  3.1456E+02  4.0245E+04  4.1924E+00  3.2682E+01  7.0458E+01  7.5497E+02  6.2810E-09
  0.0000   2168.7  2.02017E-01  0.000E+00  3.1670E+02  4.0414E+04  4.1924E+00  3.2682E+01  7.4507E+01  5.6011E+02  5.3277E-09
  0.0000   3032.5  1.68859E+00  0.000E+00  3.1885E+02  4.0582E+04  4.1924E+00  3.2682E+01  6.8802E+01  3.0555E+02  4.1408E-09
  0.0000   4098.0  1.45472E+01  0.000E+00  3.2100E+02  4.0751E+04  4.1924E+00  3.2682E+01  5.0090E+01  0.0000E+00  2.8137E-09
