  4.4984698E-02  0.0000000E+00  0.0000000E+00
  1.4000    734.4  1.56721E+04  2.607E+04  1.0529E+04  4.4194E+05  1.8471E+02  3.9342E+00  3.8127E+00  7.3201E+03  3.0495E-08
  1.3000    554.6  8.41015E+03  2.607E+04  8.0249E+03  3.6622E+05  1.4156E+02  3.9295E+00  3.5031E+00  6.9437E+03  2.9079E-08
  1.2000    407.5  3.76051E+03  2.607E+04  5.9516E+03  2.9972E+05  1.0583E+02  3.9248E+00  3.0517E+00  6.3477E+03  2.6603E-08
  1.1000    289.7  1.54086E+03  2.607E+04  4.2687E+03  2.4184E+05  7.6813E+01  3.9201E+00  2.5053E+00  5.5601E+03  2.3159E-08
  1.0000    198.0  6.08461E+02  2.607E+04  2.9361E+03  1.9199E+05  5.3814E+01  3.9154E+00  1.9472E+00  4.6851E+03  1.9117E-08
  0.9000    129.3  2.38109E+02  2.607E+04  1.9139E+03  1.4960E+05  3.6138E+01  3.9107E+00  1.4546E+00  3.8515E+03  1.5024E-08
  0.8000     80.3  9.15601E+01  2.607E+04  1.1622E+03  1.1408E+05  2.3088E+01  3.9060E+00  1.0718E+00  3.1544E+03  1.1454E-08
  0.7000     47.8  3.39908E+01  2.607E+04  6.4073E+02  8.4836E+04  1.3967E+01  3.9014E+00  8.0788E-01  2.6282E+03  8.7476E-09
  0.6000     28.6  1.27549E+01  2.607E+04  3.0967E+02  6.1286E+04  8.0789E+00  3.8967E+00  6.4709E-01  2.2579E+03  6.9517E-09
  0.5000     19.4  5.54269E+00  2.607E+04  1.2896E+02  4.2846E+04  4.7260E+00  3.8920E+00  5.5720E-01  1.9955E+03  5.9357E-09
  0.4000     17.2  3.18050E+00  2.607E+04  5.8603E+01  2.8928E+04  3.2120E+00  3.8873E+00  4.9436E-01  1.7712E+03  5.4351E-09
  0.3000     18.7  2.36870E+00  2.607E+04  5.8595E+01  1.8947E+04  2.8400E+00  3.8826E+00  4.1570E-01  1.5229E+03  5.0715E-09
  0.2000     20.5  1.82503E+00  2.607E+04  8.8930E+01  1.2318E+04  2.9134E+00  3.8779E+00  2.9751E-01  1.2268E+03  4.5539E-09
  0.1000     20.4  1.27365E+00  2.607E+04  1.1640E+02  8.4534E+03  2.8623E+00  3.8733E+00  1.4901E-01  9.1009E+02  3.7641E-09
  0.0000     18.4  8.12357E-01  2.607E+04  1.3502E+02  6.7682E+03  2.6242E+00  3.8686E+00  0.0000E+00  6.2334E+02  2.8697E-09
 -0.1000     15.4  4.87627E-01  2.607E+04  1.4558E+02  6.6765E+03  2.2634E+00  3.8639E+00  1.2438E-01  3.9961E+02  2.0506E-09
 -0.2000     12.4  2.82278E-01  2.607E+04  1.4889E+02  7.5922E+03  1.8442E+00  3.8592E+00  2.1311E-01  2.4523E+02  1.4117E-09
 -0.3000     10.4  1.67603E-01  2.607E+04  1.4576E+02  8.9297E+03  1.4311E+00  3.8545E+00  2.6838E-01  1.4730E+02  9.8581E-10
 -0.4000     10.1  1.17080E-01  2.607E+04  1.3697E+02  1.0103E+04  1.0884E+00  3.8498E+00  3.0011E-01  8.5305E+01  7.6039E-10
 -0.5000     12.2  1.01039E-01  2.607E+04  1.2349E+02  1.0648E+04  8.6618E-01  3.8451E+00  3.1537E-01  4.3172E+01  7.0384E-10
 -0.6000     16.1  9.61466E-02  2.607E+04  1.0681E+02  1.0587E+04  7.5747E-01  3.8405E+00  3.1029E-01  1.5492E+01  7.4957E-10
 -0.7000     20.8  9.43217E-02  2.607E+04  8.8570E+01  1.0065E+04  7.4103E-01  3.8358E+00  2.7737E-01  1.4062E+00  8.4376E-10
 -0.8000     25.3  9.45964E-02  2.607E+04  7.0410E+01  9.2257E+03  7.9561E-01  3.8311E+00  2.1907E-01  3.8867E+00  9.2854E-10
 -0.9000     28.7  9.29978E-02  2.607E+04  5.3971E+01  8.2144E+03  8.9999E-01  3.8264E+00  1.4807E-01  7.5000E+00  9.5072E-10
 -1.0000     30.1  8.60534E-02  2.607E+04  4.0895E+01  7.1753E+03  1.0329E+00  3.8217E+00  7.5897E-02  1.2648E+01  8.7987E-10
 -1.1000     28.7  7.29885E-02  2.607E+04  3.2375E+01  6.2528E+03  1.1759E+00  3.8170E+00  8.6212E-03  1.8344E+01  7.2623E-10
 -1.2000     25.4  5.71976E-02  2.607E+04  2.7827E+01  5.5912E+03  1.3220E+00  3.8124E+00  5.1910E-02  2.2508E+01  5.4015E-10
 -1.3000     21.0  4.20613E-02  2.607E+04  2.6219E+01  5.3351E+03  1.4668E+00  3.8077E+00  1.0504E-01  2.4299E+01  3.6700E-10
 -1.4000     16.6  2.97108E-02  2.607E+04  2.6522E+01  5.5867E+03  1.6061E+00  3.8030E+00  1.4806E-01  2.4592E+01  2.3006E-10
 -1.5000     13.2  2.11849E-02  2.607E+04  2.7704E+01  6.2791E+03  1.7356E+00  3.7983E+00  1.7899E-01  2.4568E+01  1.3744E-10
 -1.6000     11.7  1.68629E-02  2.607E+04  2.8734E+01  7.3031E+03  1.8511E+00  3.7936E+00  1.9980E-01  2.4740E+01  9.0878E-11
 -1.7000     12.9  1.64052E-02  2.607E+04  2.8968E+01  8.5495E+03  1.9492E+00  3.7889E+00  2.1713E-01  2.5064E+01  8.6885E-11
 -1.8000     16.4  1.82610E-02  2.607E+04  2.9303E+01  9.9094E+03  2.0301E+00  3.7843E+00  2.3849E-01  2.5422E+01  1.0885E-10
 -1.9000     21.5  2.11592E-02  2.607E+04  3.1024E+01  1.1273E+04  2.0950E+00  3.7796E+00  2.6743E-01  2.6051E+01  1.4138E-10
 -2.0000     27.6  2.41913E-02  2.607E+04  3.5413E+01  1.2533E+04  2.1451E+00  3.7749E+00  3.0228E-01  2.7458E+01  1.7173E-10
 -2.1000     34.0  2.66058E-02  2.607E+04  4.3754E+01  1.3578E+04  2.1815E+00  3.7702E+00  3.3990E-01  2.9852E+01  1.9072E-10
 -2.2000     40.1  2.77640E-02  2.607E+04  5.7332E+01  1.4299E+04  2.2055E+00  3.7655E+00  3.8309E-01  3.2545E+01  1.9459E-10
 -2.3000     45.3  2.72191E-02  2.607E+04  7.6683E+01  1.4632E+04  2.2186E+00  3.7608E+00  4.4754E-01  3.3839E+01  1.8624E-10
 -2.4000     49.3  2.53223E-02  2.607E+04  9.9363E+01  1.4685E+04  2.2242E+00  3.7561E+00  5.5396E-01  3.2299E+01  1.7458E-10
 -2.5000     51.9  2.28001E-02  2.607E+04  1.2218E+02  1.4608E+04  2.2263E+00  3.7515E+00  7.1219E-01  2.7983E+01  1.6365E-10
 -2.6000     52.9  2.02995E-02  2.607E+04  1.4194E+02  1.4554E+04  2.2288E+00  3.7468E+00  9.1388E-01  2.2172E+01  1.5349E-10
 -2.7000     52.3  1.78283E-02  2.607E+04  1.5545E+02  1.4675E+04  2.2356E+00  3.7421E+00  1.1396E+00  1.6302E+01  1.4082E-10
 -2.8000     49.8  1.48019E-02  2.607E+04  1.5951E+02  1.5122E+04  2.2505E+00  3.7374E+00  1.3766E+00  1.0938E+01  1.2634E-10
 -2.9000     45.5  1.12529E-02  2.607E+04  1.5267E+02  1.6046E+04  2.2855E+00  3.7327E+00  1.6266E+00  5.8376E+00  1.1258E-10
 -3.0000     40.8  8.19942E-03  2.607E+04  1.4032E+02  1.7601E+04  2.3844E+00  3.7280E+00  1.8934E+00  8.1421E-01  1.0407E-10
 -3.1000     37.3  6.35163E-03  2.607E+04  1.2959E+02  1.9936E+04  2.5992E+00  3.7234E+00  2.1699E+00  3.7908E+00  1.0243E-10
 -3.2000     36.8  5.69512E-03  2.607E+04  1.2762E+02  2.3205E+04  2.9816E+00  3.7187E+00  2.4445E+00  7.4995E+00  1.0772E-10
 -3.3000     41.0  6.04962E-03  2.607E+04  1.4152E+02  2.7558E+04  3.5836E+00  3.7140E+00  2.7101E+00  1.0019E+01  1.1974E-10
 -3.4000     51.4  7.31346E-03  2.607E+04  1.7843E+02  3.3148E+04  4.4570E+00  3.7093E+00  2.9578E+00  1.1044E+01  1.3734E-10
 -3.5000     69.8  9.41579E-03  2.607E+04  2.4548E+02  4.0126E+04  5.6537E+00  3.7046E+00  3.1591E+00  9.9744E+00  1.5729E-10
 -3.6000     97.9  1.20636E-02  2.607E+04  3.4978E+02  4.8643E+04  7.2256E+00  3.6999E+00  3.2312E+00  5.5886E+00  1.7144E-10
 -3.7000    137.3  1.51551E-02  2.607E+04  4.9848E+02  5.8852E+04  9.2246E+00  3.6952E+00  3.1718E+00  1.5206E+00  1.7788E-10
 -3.8000    189.7  1.79426E-02  2.607E+04  6.9870E+02  7.0905E+04  1.1703E+01  3.6906E+00  3.1744E+00  8.1221E+00  1.8467E-10
 -3.9000    256.8  1.88803E-02  2.607E+04  9.5756E+02  8.4952E+04  1.4711E+01  3.6859E+00  3.7448E+00  9.1899E+00  2.0646E-10
 -4.0000    340.2  1.69385E-02  2.607E+04  1.2822E+03  1.0115E+05  1.8303E+01  3.6812E+00  5.7288E+00  0.0000E+00  2.5197E-10
