  0.2381353      0.0000000E+00  0.0000000E+00
  1.4000    417.9  6.91790E+02  2.625E+04  2.0721E+02  4.3295E+04  4.5444E+00  8.9582E+00  1.5583E+01  4.1080E+04  1.1306E-07
  1.3000    381.9  5.79251E+02  2.625E+04  2.0599E+02  4.3090E+04  4.5346E+00  8.9466E+00  1.3403E+01  3.4155E+04  9.5836E-08
  1.2000    347.8  4.79696E+02  2.625E+04  2.0477E+02  4.2884E+04  4.5248E+00  8.9350E+00  1.1505E+01  2.8592E+04  8.1793E-08
  1.1000    315.6  3.92632E+02  2.625E+04  2.0355E+02  4.2679E+04  4.5150E+00  8.9233E+00  9.8689E+00  2.4114E+04  7.0285E-08
  1.0000    285.1  3.17289E+02  2.625E+04  2.0234E+02  4.2474E+04  4.5052E+00  8.9117E+00  8.4709E+00  2.0503E+04  6.0813E-08
  0.9000    256.3  2.52939E+02  2.625E+04  2.0112E+02  4.2268E+04  4.4954E+00  8.9001E+00  7.2865E+00  1.7585E+04  5.2982E-08
  0.8000    229.3  1.93830E+02  2.625E+04  1.9990E+02  4.2063E+04  4.4856E+00  8.8884E+00  6.2797E+00  1.5196E+04  4.6579E-08
  0.7000    203.9  1.38585E+02  2.625E+04  1.9868E+02  4.1858E+04  4.4759E+00  8.8768E+00  5.3966E+00  1.3161E+04  4.1294E-08
  0.6000    180.3  9.28433E+01  2.625E+04  1.9746E+02  4.1652E+04  4.4661E+00  8.8652E+00  4.5844E+00  1.1332E+04  3.6641E-08
  0.5000    158.2  5.85482E+01  2.625E+04  1.9624E+02  4.1447E+04  4.4563E+00  8.8535E+00  3.8048E+00  9.6186E+03  3.2281E-08
  0.4000    137.8  3.38439E+01  2.625E+04  1.9502E+02  4.1242E+04  4.4465E+00  8.8419E+00  3.0206E+00  7.9408E+03  2.8028E-08
  0.3000    118.9  1.89001E+01  2.625E+04  1.9380E+02  4.1036E+04  4.4367E+00  8.8302E+00  2.2141E+00  6.2713E+03  2.3529E-08
  0.2000    101.6  1.02915E+01  2.625E+04  1.9259E+02  4.0831E+04  4.4269E+00  8.8186E+00  1.4063E+00  4.6649E+03  1.8885E-08
  0.1000     85.7  5.59488E+00  2.625E+04  1.9137E+02  4.0625E+04  4.4171E+00  8.8070E+00  6.4715E-01  3.2215E+03  1.4354E-08
  0.0000     71.4  3.04646E+00  2.625E+04  1.9015E+02  4.0420E+04  4.4073E+00  8.7953E+00  0.0000E+00  2.0456E+03  1.0325E-08
 -0.1000     58.5  1.67487E+00  2.625E+04  1.8893E+02  4.0215E+04  4.3976E+00  8.7837E+00  4.9002E-01  1.1886E+03  7.0678E-09
 -0.2000     47.0  9.29019E-01  2.625E+04  1.8771E+02  4.0009E+04  4.3878E+00  8.7721E+00  8.1491E-01  6.3053E+02  4.6565E-09
 -0.3000     36.8  5.18410E-01  2.625E+04  1.8649E+02  3.9804E+04  4.3780E+00  8.7604E+00  9.9985E-01  3.0363E+02  2.9864E-09
 -0.4000     28.1  2.93278E-01  2.625E+04  1.8527E+02  3.9599E+04  4.3682E+00  8.7488E+00  1.0870E+00  1.2898E+02  1.8720E-09
 -0.5000     20.7  1.64168E-01  2.625E+04  1.8405E+02  3.9393E+04  4.3584E+00  8.7372E+00  1.1159E+00  4.3148E+01  1.1461E-09
 -0.6000     14.5  8.97923E-02  2.625E+04  1.8284E+02  3.9188E+04  4.3486E+00  8.7255E+00  1.1143E+00  5.2969E+00  6.8046E-10
 -0.7000      9.7  4.75087E-02  2.625E+04  1.8162E+02  3.8983E+04  4.3388E+00  8.7139E+00  1.1009E+00  9.2188E+00  3.8598E-10
 -0.8000      6.0  2.47521E-02  2.625E+04  1.8040E+02  3.8777E+04  4.3290E+00  8.7023E+00  1.0875E+00  1.4270E+01  2.0160E-10
 -0.9000      3.6  1.29857E-02  2.625E+04  1.7918E+02  3.8572E+04  4.3193E+00  8.6906E+00  1.0797E+00  1.6516E+01  9.1489E-11
 -1.0000      2.3  7.77841E-03  2.625E+04  1.7796E+02  3.8367E+04  4.3095E+00  8.6790E+00  1.0780E+00  1.8281E+01  3.4021E-11
 -1.1000      2.2  6.69241E-03  2.625E+04  1.7674E+02  3.8161E+04  4.2997E+00  8.6674E+00  1.0805E+00  2.0172E+01  1.4879E-11
 -1.2000      3.2  8.29816E-03  2.625E+04  1.7552E+02  3.7956E+04  4.2899E+00  8.6557E+00  1.0846E+00  2.2297E+01  2.2816E-11
 -1.3000      5.3  1.16172E-02  2.625E+04  1.7430E+02  3.7750E+04  4.2801E+00  8.6441E+00  1.0880E+00  2.4740E+01  4.8686E-11
 -1.4000      8.4  1.59556E-02  2.625E+04  1.7309E+02  3.7545E+04  4.2703E+00  8.6324E+00  1.0890E+00  2.7609E+01  8.4952E-11
 -1.5000     12.5  2.08304E-02  2.625E+04  1.7187E+02  3.7340E+04  4.2605E+00  8.6208E+00  1.0867E+00  3.1121E+01  1.2549E-10
 -1.6000     17.7  2.58591E-02  2.625E+04  1.7065E+02  3.7134E+04  4.2507E+00  8.6092E+00  1.0811E+00  3.5500E+01  1.6485E-10
 -1.7000     23.7  3.06960E-02  2.625E+04  1.6943E+02  3.6929E+04  4.2409E+00  8.5975E+00  1.0719E+00  4.0676E+01  1.9927E-10
 -1.8000     30.8  3.50629E-02  2.625E+04  1.6821E+02  3.6724E+04  4.2312E+00  8.5859E+00  1.0561E+00  4.6143E+01  2.2762E-10
 -1.9000     38.7  3.88804E-02  2.625E+04  1.6699E+02  3.6518E+04  4.2214E+00  8.5743E+00  1.0305E+00  5.1416E+01  2.5107E-10
 -2.0000     47.4  4.20675E-02  2.625E+04  1.6577E+02  3.6313E+04  4.2116E+00  8.5626E+00  9.9185E-01  5.6212E+01  2.6976E-10
 -2.1000     57.1  4.45747E-02  2.625E+04  1.6455E+02  3.6108E+04  4.2018E+00  8.5510E+00  9.3613E-01  6.0230E+01  2.8434E-10
 -2.2000     67.5  4.63814E-02  2.625E+04  1.6333E+02  3.5902E+04  4.1920E+00  8.5394E+00  8.5736E-01  6.3138E+01  2.9588E-10
 -2.3000     78.7  4.73462E-02  2.625E+04  1.6212E+02  3.5697E+04  4.1822E+00  8.5277E+00  7.4457E-01  6.4356E+01  3.0564E-10
 -2.4000     90.6  4.75656E-02  2.625E+04  1.6090E+02  3.5492E+04  4.1724E+00  8.5161E+00  5.8231E-01  6.3297E+01  3.1685E-10
 -2.5000    103.3  4.70539E-02  2.625E+04  1.5968E+02  3.5286E+04  4.1626E+00  8.5045E+00  3.5251E-01  5.9598E+01  3.3121E-10
 -2.6000    116.6  4.61130E-02  2.625E+04  1.5846E+02  3.5081E+04  4.1529E+00  8.4928E+00  3.8940E-02  5.3311E+01  3.5100E-10
 -2.7000    130.6  4.44304E-02  2.625E+04  1.5724E+02  3.4875E+04  4.1431E+00  8.4812E+00  3.8284E-01  4.4334E+01  3.7422E-10
 -2.8000    145.3  4.21759E-02  2.625E+04  1.5602E+02  3.4670E+04  4.1333E+00  8.4696E+00  9.5053E-01  3.2247E+01  4.0374E-10
 -2.9000    160.5  3.93588E-02  2.625E+04  1.5480E+02  3.4465E+04  4.1235E+00  8.4579E+00  1.7111E+00  1.6798E+01  4.3972E-10
 -3.0000    176.2  3.62846E-02  2.625E+04  1.5358E+02  3.4259E+04  4.1137E+00  8.4463E+00  2.7193E+00  2.0220E+00  4.8345E-10
 -3.1000    192.6  3.32668E-02  2.625E+04  1.5237E+02  3.4054E+04  4.1039E+00  8.4347E+00  4.0297E+00  2.3737E+01  5.3347E-10
 -3.2000    209.4  3.07752E-02  2.625E+04  1.5115E+02  3.3849E+04  4.0941E+00  8.4230E+00  5.6900E+00  4.7369E+01  5.8659E-10
 -3.3000    226.6  2.94571E-02  2.625E+04  1.4993E+02  3.3643E+04  4.0844E+00  8.4114E+00  7.7202E+00  7.1243E+01  6.3740E-10
 -3.4000    244.4  3.01475E-02  2.625E+04  1.4871E+02  3.3438E+04  4.0746E+00  8.3997E+00  1.0077E+01  9.2801E+01  6.7765E-10
 -3.5000    262.5  3.30174E-02  2.625E+04  1.4749E+02  3.3233E+04  4.0648E+00  8.3881E+00  1.2629E+01  1.0908E+02  6.9925E-10
 -3.6000    281.0  4.02830E-02  2.625E+04  1.4627E+02  3.3027E+04  4.0550E+00  8.3765E+00  1.5062E+01  1.1623E+02  6.8841E-10
 -3.7000    299.9  5.35445E-02  2.625E+04  1.4505E+02  3.2822E+04  4.0452E+00  8.3648E+00  1.6779E+01  1.0975E+02  6.3240E-10
 -3.8000    319.0  7.44859E-02  2.625E+04  1.4383E+02  3.2617E+04  4.0354E+00  8.3532E+00  1.6981E+01  8.6792E+01  5.2502E-10
 -3.9000    338.5  1.03217E-01  2.625E+04  1.4262E+02  3.2411E+04  4.0256E+00  8.3416E+00  1.4967E+01  4.8519E+01  3.7423E-10
 -4.0000    358.2  1.46232E-01  2.625E+04  1.4140E+02  3.2206E+04  4.0158E+00  8.3299E+00  1.0448E+01  0.0000E+00  1.9820E-10
