  0.0000000E+00  2.7561575E-02  0.0000000E+00
  0.0000    672.6  9.28055E+03  0.000E+00  4.5674E+02  8.0378E+04  9.3481E+00  4.7693E+01  1.5184E+01  3.6412E+04  7.5241E-08
  0.0000    633.4  6.77305E+03  0.000E+00  4.5674E+02  8.0378E+04  9.3481E+00  4.7693E+01  1.4735E+01  3.5647E+04  7.7876E-08
  0.0000    594.4  4.70393E+03  0.000E+00  4.5674E+02  8.0378E+04  9.3481E+00  4.7693E+01  1.4186E+01  3.4666E+04  7.9966E-08
  0.0000    555.9  3.15366E+03  0.000E+00  4.5674E+02  8.0378E+04  9.3481E+00  4.7693E+01  1.3551E+01  3.3467E+04  8.1392E-08
  0.0000    518.0  2.06175E+03  0.000E+00  4.5674E+02  8.0378E+04  9.3481E+00  4.7693E+01  1.2847E+01  3.2058E+04  8.2052E-08
  0.0000    480.6  1.32393E+03  0.000E+00  4.5674E+02  8.0378E+04  9.3481E+00  4.7693E+01  1.2088E+01  3.0456E+04  8.1871E-08
  0.0000    444.0  8.22646E+02  0.000E+00  4.5674E+02  8.0378E+04  9.3481E+00  4.7693E+01  1.1274E+01  2.8655E+04  8.1001E-08
  0.0000    408.2  4.82398E+02  0.000E+00  4.5674E+02  8.0378E+04  9.3481E+00  4.7693E+01  1.0373E+01  2.6590E+04  7.9499E-08
  0.0000    373.3  2.67257E+02  0.000E+00  4.5674E+02  8.0378E+04  9.3481E+00  4.7693E+01  9.3232E+00  2.4138E+04  7.6869E-08
  0.0000    339.3  1.40300E+02  0.000E+00  4.5674E+02  8.0378E+04  9.3481E+00  4.7693E+01  8.0438E+00  2.1149E+04  7.2451E-08
  0.0000    306.5  6.79034E+01  0.000E+00  4.5674E+02  8.0378E+04  9.3481E+00  4.7693E+01  6.4331E+00  1.7444E+04  6.5649E-08
  0.0000    274.8  3.19276E+01  0.000E+00  4.5674E+02  8.0378E+04  9.3481E+00  4.7693E+01  4.4777E+00  1.3054E+04  5.5576E-08
  0.0000    244.4  1.47290E+01  0.000E+00  4.5674E+02  8.0378E+04  9.3481E+00  4.7693E+01  2.4377E+00  8.5584E+03  4.3387E-08
  0.0000    215.3  6.90415E+00  0.000E+00  4.5674E+02  8.0378E+04  9.3481E+00  4.7693E+01  8.2366E-01  4.9202E+03  3.1764E-08
  0.0000    187.7  3.43980E+00  0.000E+00  4.5674E+02  8.0378E+04  9.3481E+00  4.7693E+01  0.0000E+00  2.7143E+03  2.3058E-08
  0.0000    161.7  1.93004E+00  0.000E+00  4.5674E+02  8.0378E+04  9.3481E+00  4.7693E+01  1.2528E-01  1.6953E+03  1.7373E-08
  0.0000    137.2  1.20849E+00  0.000E+00  4.5674E+02  8.0378E+04  9.3481E+00  4.7693E+01  1.3485E-01  1.3115E+03  1.3637E-08
  0.0000    114.5  8.01248E-01  0.000E+00  4.5674E+02  8.0378E+04  9.3481E+00  4.7693E+01  5.5675E-01  1.1992E+03  1.1010E-08
  0.0000     93.7  5.36975E-01  0.000E+00  4.5674E+02  8.0378E+04  9.3481E+00  4.7693E+01  1.0459E+00  1.2018E+03  9.0838E-09
  0.0000     74.7  3.46378E-01  0.000E+00  4.5674E+02  8.0378E+04  9.3481E+00  4.7693E+01  1.5805E+00  1.2625E+03  7.7144E-09
  0.0000     57.7  2.03310E-01  0.000E+00  4.5674E+02  8.0378E+04  9.3481E+00  4.7693E+01  2.1703E+00  1.3611E+03  6.8106E-09
  0.0000     42.9  9.40819E-02  0.000E+00  4.5674E+02  8.0378E+04  9.3481E+00  4.7693E+01  2.8380E+00  1.4885E+03  6.2989E-09
  0.0000     30.2  1.08776E-02  0.000E+00  4.5674E+02  8.0378E+04  9.3481E+00  4.7693E+01  3.6150E+00  1.6398E+03  6.0952E-09
  0.0000     19.8  5.39207E-02  0.000E+00  4.5674E+02  8.0378E+04  9.3481E+00  4.7693E+01  4.5421E+00  1.8121E+03  6.1441E-09
  0.0000     11.7  1.06192E-01  0.000E+00  4.5674E+02  8.0378E+04  9.3481E+00  4.7693E+01  5.6725E+00  2.0048E+03  6.3997E-09
  0.0000      6.2  1.49759E-01  0.000E+00  4.5674E+02  8.0378E+04  9.3481E+00  4.7693E+01  7.0726E+00  2.2189E+03  6.8392E-09
  0.0000      3.2  1.87247E-01  0.000E+00  4.5674E+02  8.0378E+04  9.3481E+00  4.7693E+01  8.8164E+00  2.4545E+03  7.4176E-09
  0.0000      2.8  2.19271E-01  0.000E+00  4.5674E+02  8.0378E+04  9.3481E+00  4.7693E+01  1.0969E+01  2.7075E+03  8.0965E-09
  0.0000      5.2  2.43644E-01  0.000E+00  4.5674E+02  8.0378E+04  9.3481E+00  4.7693E+01  1.3570E+01  2.9699E+03  8.8400E-09
  0.0000     10.4  2.57059E-01  0.000E+00  4.5674E+02  8.0378E+04  9.3481E+00  4.7693E+01  1.6625E+01  3.2316E+03  9.6170E-09
  0.0000     18.5  2.58044E-01  0.000E+00  4.5674E+02  8.0378E+04  9.3481E+00  4.7693E+01  2.0106E+01  3.4827E+03  1.0387E-08
  0.0000     29.7  2.45376E-01  0.000E+00  4.5674E+02  8.0378E+04  9.3481E+00  4.7693E+01  2.3942E+01  3.7137E+03  1.1110E-08
  0.0000     43.9  2.17948E-01  0.000E+00  4.5674E+02  8.0378E+04  9.3481E+00  4.7693E+01  2.8025E+01  3.9168E+03  1.1767E-08
  0.0000     61.4  1.79293E-01  0.000E+00  4.5674E+02  8.0378E+04  9.3481E+00  4.7693E+01  3.2275E+01  4.0910E+03  1.2384E-08
  0.0000     82.1  1.38145E-01  0.000E+00  4.5674E+02  8.0378E+04  9.3481E+00  4.7693E+01  3.6678E+01  4.2420E+03  1.2987E-08
  0.0000    106.3  1.06293E-01  0.000E+00  4.5674E+02  8.0378E+04  9.3481E+00  4.7693E+01  4.1281E+01  4.3789E+03  1.3614E-08
  0.0000    133.9  9.62881E-02  0.000E+00  4.5674E+02  8.0378E+04  9.3481E+00  4.7693E+01  4.6213E+01  4.5154E+03  1.4318E-08
  0.0000    165.1  1.12940E-01  0.000E+00  4.5674E+02  8.0378E+04  9.3481E+00  4.7693E+01  5.1662E+01  4.6678E+03  1.5154E-08
  0.0000    199.9  1.56916E-01  0.000E+00  4.5674E+02  8.0378E+04  9.3481E+00  4.7693E+01  5.7869E+01  4.8551E+03  1.6220E-08
  0.0000    238.5  2.06155E-01  0.000E+00  4.5674E+02  8.0378E+04  9.3481E+00  4.7693E+01  6.5006E+01  5.0908E+03  1.7603E-08
  0.0000    280.9  2.18272E-01  0.000E+00  4.5674E+02  8.0378E+04  9.3481E+00  4.7693E+01  7.2913E+01  5.3655E+03  1.9385E-08
  0.0000    327.3  1.58706E-01  0.000E+00  4.5674E+02  8.0378E+04  9.3481E+00  4.7693E+01  8.0936E+01  5.6397E+03  2.1471E-08
  0.0000    377.7  4.41501E-02  0.000E+00  4.5674E+02  8.0378E+04  9.3481E+00  4.7693E+01  8.8265E+01  5.8647E+03  2.3825E-08
  0.0000    432.3  6.04034E-02  0.000E+00  4.5674E+02  8.0378E+04  9.3481E+00  4.7693E+01  9.4455E+01  6.0072E+03  2.6423E-08
  0.0000    491.0  8.73465E-02  0.000E+00  4.5674E+02  8.0378E+04  9.3481E+00  4.7693E+01  9.9635E+01  6.0534E+03  2.9403E-08
  0.0000    554.1  4.47820E-02  0.000E+00  4.5674E+02  8.0378E+04  9.3481E+00  4.7693E+01  1.0484E+02  6.0404E+03  3.3181E-08
  0.0000    621.5  1.30953E-02  0.000E+00  4.5674E+02  8.0378E+04  9.3481E+00  4.7693E+01  1.1081E+02  5.8781E+03  3.7694E-08
  0.0000    693.5  1.15003E-02  0.000E+00  4.5674E+02  8.0378E+04  9.3481E+00  4.7693E+01  1.1439E+02  5.0851E+03  3.6243E-08
  0.0000    770.0  1.34420E-02  0.000E+00  4.5674E+02  8.0378E+04  9.3481E+00  4.7693E+01  1.1534E+02  3.9228E+03  2.8496E-08
  0.0000    851.2  1.61473E-02  0.000E+00  4.5674E+02  8.0378E+04  9.3481E+00  4.7693E+01  1.1625E+02  2.9755E+03  2.2118E-08
  0.0000    937.2  1.97751E-02  0.000E+00  4.5674E+02  8.0378E+04  9.3481E+00  4.7693E+01  1.1653E+02  2.1895E+03  1.6791E-08
  0.0000   1028.0  2.43157E-02  0.000E+00  4.5674E+02  8.0378E+04  9.3481E+00  4.7693E+01  1.1537E+02  1.5249E+03  1.2276E-08
  0.0000   1123.8  2.95379E-02  0.000E+00  4.5674E+02  8.0378E+04  9.3481E+00  4.7693E+01  1.1170E+02  9.5325E+02  8.3976E-09
  0.0000   1224.6  3.49575E-02  0.000E+00  4.5674E+02  8.0378E+04  9.3481E+00  4.7693E+01  1.0372E+02  4.5260E+02  5.0102E-09
  0.0000   1330.6  3.98949E-02  0.000E+00  4.5674E+02  8.0378E+04  9.3481E+00  4.7693E+01  8.6697E+01  0.0000E+00  1.9592E-09
