  0.2147540      2.4393380E-02  0.0000000E+00
  1.4000    339.1  1.16295E+03  1.559E+04  5.6273E+01  1.3535E+04  1.5712E+00  3.1926E+00  1.0942E+01  2.5402E+04  6.3041E-08
  1.3000    317.7  9.29563E+02  1.559E+04  5.6273E+01  1.3535E+04  1.5712E+00  3.1926E+00  9.7881E+00  2.2730E+04  5.7968E-08
  1.2000    296.4  7.37034E+02  1.559E+04  5.6273E+01  1.3535E+04  1.5712E+00  3.1926E+00  8.7325E+00  2.0344E+04  5.3270E-08
  1.1000    275.4  5.79525E+02  1.559E+04  5.6273E+01  1.3535E+04  1.5712E+00  3.1926E+00  7.7733E+00  1.8223E+04  4.8932E-08
  1.0000    254.7  4.51559E+02  1.559E+04  5.6273E+01  1.3535E+04  1.5712E+00  3.1926E+00  6.9074E+00  1.6345E+04  4.4941E-08
  0.9000    234.3  3.48479E+02  1.559E+04  5.6273E+01  1.3535E+04  1.5712E+00  3.1926E+00  6.1315E+00  1.4689E+04  4.1279E-08
  0.8000    214.3  2.60145E+02  1.559E+04  5.6273E+01  1.3535E+04  1.5712E+00  3.1926E+00  5.4343E+00  1.3219E+04  3.8020E-08
  0.7000    194.7  1.82632E+02  1.559E+04  5.6273E+01  1.3535E+04  1.5712E+00  3.1926E+00  4.7898E+00  1.1871E+04  3.5139E-08
  0.6000    175.7  1.20879E+02  1.559E+04  5.6273E+01  1.3535E+04  1.5712E+00  3.1926E+00  4.1675E+00  1.0579E+04  3.2404E-08
  0.5000    157.3  7.56456E+01  1.559E+04  5.6273E+01  1.3535E+04  1.5712E+00  3.1926E+00  3.5419E+00  9.2934E+03  2.9622E-08
  0.4000    139.5  4.36395E+01  1.559E+04  5.6273E+01  1.3535E+04  1.5712E+00  3.1926E+00  2.8828E+00  7.9620E+03  2.6684E-08
  0.3000    122.4  2.43698E+01  1.559E+04  5.6273E+01  1.3535E+04  1.5712E+00  3.1926E+00  2.1718E+00  6.5619E+03  2.3280E-08
  0.2000    106.0  1.32976E+01  1.559E+04  5.6273E+01  1.3535E+04  1.5712E+00  3.1926E+00  1.4219E+00  5.1347E+03  1.9459E-08
  0.1000     90.5  7.25180E+00  1.559E+04  5.6273E+01  1.3535E+04  1.5712E+00  3.1926E+00  6.7603E-01  3.7714E+03  1.5429E-08
  0.0000     75.8  3.95961E+00  1.559E+04  5.6273E+01  1.3535E+04  1.5712E+00  3.1926E+00  0.0000E+00  2.5870E+03  1.1580E-08
 -0.1000     62.1  2.17333E+00  1.559E+04  5.6273E+01  1.3535E+04  1.5712E+00  3.1926E+00  5.4556E-01  1.6657E+03  8.2622E-09
 -0.2000     49.3  1.18823E+00  1.559E+04  5.6273E+01  1.3535E+04  1.5712E+00  3.1926E+00  9.2882E-01  1.0285E+03  5.6734E-09
 -0.3000     37.6  6.37335E-01  1.559E+04  5.6273E+01  1.3535E+04  1.5712E+00  3.1926E+00  1.1531E+00  6.3845E+02  3.8165E-09
 -0.4000     27.0  3.29449E-01  1.559E+04  5.6273E+01  1.3535E+04  1.5712E+00  3.1926E+00  1.2474E+00  4.2959E+02  2.5676E-09
 -0.5000     17.6  1.50485E-01  1.559E+04  5.6273E+01  1.3535E+04  1.5712E+00  3.1926E+00  1.2463E+00  3.3816E+02  1.7794E-09
 -0.6000      9.3  4.68435E-02  1.559E+04  5.6273E+01  1.3535E+04  1.5712E+00  3.1926E+00  1.1773E+00  3.1687E+02  1.3193E-09
 -0.7000      2.4  1.10154E-02  1.559E+04  5.6273E+01  1.3535E+04  1.5712E+00  3.1926E+00  1.0608E+00  3.3361E+02  1.0850E-09
 -0.8000      3.2  4.13861E-02  1.559E+04  5.6273E+01  1.3535E+04  1.5712E+00  3.1926E+00  9.0991E-01  3.6836E+02  1.0016E-09
 -0.9000      7.5  5.65410E-02  1.559E+04  5.6273E+01  1.3535E+04  1.5712E+00  3.1926E+00  7.2867E-01  4.1072E+02  1.0239E-09
 -1.0000     10.2  6.29995E-02  1.559E+04  5.6273E+01  1.3535E+04  1.5712E+00  3.1926E+00  5.1134E-01  4.5696E+02  1.1259E-09
 -1.1000     11.5  6.37429E-02  1.559E+04  5.6273E+01  1.3535E+04  1.5712E+00  3.1926E+00  2.4576E-01  5.0648E+02  1.2941E-09
 -1.2000     11.2  6.14812E-02  1.559E+04  5.6273E+01  1.3535E+04  1.5712E+00  3.1926E+00  8.5571E-02  5.6004E+02  1.5174E-09
 -1.3000      9.2  5.74441E-02  1.559E+04  5.6273E+01  1.3535E+04  1.5712E+00  3.1926E+00  5.0505E-01  6.1882E+02  1.7890E-09
 -1.4000      5.6  5.22819E-02  1.559E+04  5.6273E+01  1.3535E+04  1.5712E+00  3.1926E+00  1.0388E+00  6.8387E+02  2.1052E-09
 -1.5000      0.2  4.63531E-02  1.559E+04  5.6273E+01  1.3535E+04  1.5712E+00  3.1926E+00  1.7155E+00  7.5593E+02  2.4646E-09
 -1.6000      6.9  4.02230E-02  1.559E+04  5.6273E+01  1.3535E+04  1.5712E+00  3.1926E+00  2.5667E+00  8.3540E+02  2.8622E-09
 -1.7000     16.0  3.44487E-02  1.559E+04  5.6273E+01  1.3535E+04  1.5712E+00  3.1926E+00  3.6273E+00  9.2241E+02  3.2913E-09
 -1.8000     26.9  2.93286E-02  1.559E+04  5.6273E+01  1.3535E+04  1.5712E+00  3.1926E+00  4.9364E+00  1.0170E+03  3.7479E-09
 -1.9000     39.9  2.42112E-02  1.559E+04  5.6273E+01  1.3535E+04  1.5712E+00  3.1926E+00  6.5317E+00  1.1188E+03  4.2374E-09
 -2.0000     54.8  1.88061E-02  1.559E+04  5.6273E+01  1.3535E+04  1.5712E+00  3.1926E+00  8.4425E+00  1.2264E+03  4.7570E-09
 -2.1000     71.9  1.27488E-02  1.559E+04  5.6273E+01  1.3535E+04  1.5712E+00  3.1926E+00  1.0687E+01  1.3378E+03  5.3021E-09
 -2.2000     91.1  5.60445E-03  1.559E+04  5.6273E+01  1.3535E+04  1.5712E+00  3.1926E+00  1.3268E+01  1.4501E+03  5.8662E-09
 -2.3000    112.5  2.23380E-03  1.559E+04  5.6273E+01  1.3535E+04  1.5712E+00  3.1926E+00  1.6172E+01  1.5603E+03  6.4338E-09
 -2.4000    136.2  1.16070E-02  1.559E+04  5.6273E+01  1.3535E+04  1.5712E+00  3.1926E+00  1.9365E+01  1.6647E+03  7.0027E-09
 -2.5000    162.2  2.25491E-02  1.559E+04  5.6273E+01  1.3535E+04  1.5712E+00  3.1926E+00  2.2783E+01  1.7591E+03  7.5611E-09
 -2.6000    190.6  3.59522E-02  1.559E+04  5.6273E+01  1.3535E+04  1.5712E+00  3.1926E+00  2.6326E+01  1.8374E+03  8.1117E-09
 -2.7000    221.5  4.84938E-02  1.559E+04  5.6273E+01  1.3535E+04  1.5712E+00  3.1926E+00  2.9879E+01  1.8939E+03  8.6052E-09
 -2.8000    254.8  5.88621E-02  1.559E+04  5.6273E+01  1.3535E+04  1.5712E+00  3.1926E+00  3.3326E+01  1.9237E+03  9.0310E-09
 -2.9000    290.7  6.57008E-02  1.559E+04  5.6273E+01  1.3535E+04  1.5712E+00  3.1926E+00  3.6568E+01  1.9235E+03  9.3604E-09
 -3.0000    329.2  6.78105E-02  1.559E+04  5.6273E+01  1.3535E+04  1.5712E+00  3.1926E+00  3.9567E+01  1.8935E+03  9.6009E-09
 -3.1000    370.4  6.41894E-02  1.559E+04  5.6273E+01  1.3535E+04  1.5712E+00  3.1926E+00  4.2287E+01  1.8334E+03  9.7430E-09
 -3.2000    414.4  5.56094E-02  1.559E+04  5.6273E+01  1.3535E+04  1.5712E+00  3.1926E+00  4.4765E+01  1.7469E+03  9.7929E-09
 -3.3000    461.1  4.38999E-02  1.559E+04  5.6273E+01  1.3535E+04  1.5712E+00  3.1926E+00  4.7227E+01  1.6464E+03  9.7952E-09
 -3.4000    510.7  3.16373E-02  1.559E+04  5.6273E+01  1.3535E+04  1.5712E+00  3.1926E+00  5.0034E+01  1.5475E+03  9.8165E-09
 -3.5000    563.2  2.08774E-02  1.559E+04  5.6273E+01  1.3535E+04  1.5712E+00  3.1926E+00  5.3427E+01  1.4512E+03  9.8759E-09
 -3.6000    618.7  1.36133E-02  1.559E+04  5.6273E+01  1.3535E+04  1.5712E+00  3.1926E+00  5.6977E+01  1.3206E+03  9.7150E-09
 -3.7000    677.2  9.36191E-03  1.559E+04  5.6273E+01  1.3535E+04  1.5712E+00  3.1926E+00  5.8580E+01  1.0558E+03  8.6650E-09
 -3.8000    738.7  9.56137E-03  1.559E+04  5.6273E+01  1.3535E+04  1.5712E+00  3.1926E+00  5.6947E+01  6.7865E+02  6.1934E-09
 -3.9000    803.5  1.09060E-02  1.559E+04  5.6273E+01  1.3535E+04  1.5712E+00  3.1926E+00  5.2007E+01  3.1345E+02  3.6343E-09
 -4.0000    871.4  1.41692E-02  1.559E+04  5.6273E+01  1.3535E+04  1.5712E+00  3.1926E+00  4.1418E+01  0.0000E+00  1.3900E-09
