  8.0887556E-02  9.1612339E-03  0.0000000E+00
  1.4000  10610.3  9.07882E+04  1.072E+05  5.1903E+01  1.4916E+04  7.0652E-01  3.7549E+00  5.1330E+01  1.0007E+05  5.6638E-07
  1.3000   7999.5  8.77506E+04  1.072E+05  5.1843E+01  1.4834E+04  7.0652E-01  3.7549E+00  5.4815E+00  9.1088E+03  1.8047E-07
  1.2000   5850.5  7.22384E+04  1.072E+05  5.1783E+01  1.4751E+04  7.0652E-01  3.7549E+00  1.4145E+00  5.0171E+03  1.0802E-07
  1.1000   4119.1  5.14391E+04  1.072E+05  5.1722E+01  1.4669E+04  7.0651E-01  3.7549E+00  8.6296E-01  4.5226E+03  7.2142E-08
  1.0000   2761.2  3.62951E+04  1.072E+05  5.1662E+01  1.4586E+04  7.0651E-01  3.7549E+00  7.2123E-01  4.3922E+03  5.0237E-08
  0.9000   1732.7  2.62637E+04  1.072E+05  5.1602E+01  1.4504E+04  7.0651E-01  3.7549E+00  6.4932E-01  4.3272E+03  3.5501E-08
  0.8000    989.4  1.72292E+04  1.072E+05  5.1542E+01  1.4421E+04  7.0651E-01  3.7549E+00  5.9201E-01  4.2780E+03  2.5084E-08
  0.7000    487.2  8.02052E+03  1.072E+05  5.1482E+01  1.4339E+04  7.0651E-01  3.7549E+00  5.3936E-01  4.2322E+03  1.7601E-08
  0.6000    182.0  1.99385E+03  1.072E+05  5.1421E+01  1.4256E+04  7.0651E-01  3.7549E+00  4.9508E-01  4.1890E+03  1.2390E-08
  0.5000     29.7  1.09652E+02  1.072E+05  5.1361E+01  1.4174E+04  7.0651E-01  3.7549E+00  4.7818E-01  4.1611E+03  9.3866E-09
  0.4000     13.9  4.91460E+01  1.072E+05  5.1301E+01  1.4091E+04  7.0651E-01  3.7549E+00  5.1941E-01  4.1729E+03  8.9613E-09
  0.3000      7.2  9.91516E-02  1.072E+05  5.1241E+01  1.4008E+04  7.0651E-01  3.7549E+00  6.1338E-01  4.1963E+03  1.1347E-08
  0.2000     48.7  7.26869E+00  1.072E+05  5.1180E+01  1.3926E+04  7.0651E-01  3.7549E+00  5.9511E-01  3.9472E+03  1.5033E-08
  0.1000     74.8  3.70853E+00  1.072E+05  5.1120E+01  1.3843E+04  7.0651E-01  3.7549E+00  2.9554E-01  3.1190E+03  1.6215E-08
  0.0000     82.7  1.76181E+00  1.072E+05  5.1060E+01  1.3761E+04  7.0651E-01  3.7549E+00  0.0000E+00  2.1502E+03  1.4569E-08
 -0.1000     77.7  1.06452E+00  1.072E+05  5.1000E+01  1.3678E+04  7.0651E-01  3.7549E+00  5.7449E-03  1.5593E+03  1.2071E-08
 -0.2000     65.3  7.69245E-01  1.072E+05  5.0940E+01  1.3596E+04  7.0651E-01  3.7549E+00  1.3603E-01  1.2292E+03  9.5110E-09
 -0.3000     50.8  5.94456E-01  1.072E+05  5.0879E+01  1.3513E+04  7.0651E-01  3.7549E+00  2.6622E-01  9.8350E+02  7.2301E-09
 -0.4000     39.7  4.67282E-01  1.072E+05  5.0819E+01  1.3431E+04  7.0651E-01  3.7549E+00  3.4935E-01  7.7776E+02  5.5452E-09
 -0.5000     36.2  3.74859E-01  1.072E+05  5.0759E+01  1.3348E+04  7.0651E-01  3.7549E+00  4.1405E-01  6.1159E+02  4.5752E-09
 -0.6000     39.6  3.13796E-01  1.072E+05  5.0699E+01  1.3266E+04  7.0651E-01  3.7549E+00  5.0169E-01  4.8541E+02  4.1180E-09
 -0.7000     48.2  2.62166E-01  1.072E+05  5.0638E+01  1.3183E+04  7.0651E-01  3.7549E+00  6.6667E-01  4.0816E+02  4.0264E-09
 -0.8000     60.2  2.28502E-01  1.072E+05  5.0578E+01  1.3101E+04  7.0651E-01  3.7549E+00  9.6495E-01  3.9000E+02  4.2092E-09
 -0.9000     73.7  2.18263E-01  1.072E+05  5.0518E+01  1.3018E+04  7.0651E-01  3.7549E+00  1.4026E+00  4.1658E+02  4.5437E-09
 -1.0000     87.0  2.22324E-01  1.072E+05  5.0458E+01  1.2936E+04  7.0651E-01  3.7549E+00  1.9303E+00  4.5487E+02  4.8535E-09
 -1.1000     98.5  2.26450E-01  1.072E+05  5.0398E+01  1.2853E+04  7.0651E-01  3.7549E+00  2.4837E+00  4.7730E+02  5.0052E-09
 -1.2000    107.8  2.23924E-01  1.072E+05  5.0337E+01  1.2770E+04  7.0651E-01  3.7549E+00  3.0230E+00  4.7479E+02  4.9496E-09
 -1.3000    114.9  2.14012E-01  1.072E+05  5.0277E+01  1.2688E+04  7.0651E-01  3.7549E+00  3.5408E+00  4.5305E+02  4.7229E-09
 -1.4000    119.6  1.98493E-01  1.072E+05  5.0217E+01  1.2605E+04  7.0651E-01  3.7549E+00  4.0471E+00  4.2218E+02  4.3909E-09
 -1.5000    121.7  1.79574E-01  1.072E+05  5.0157E+01  1.2523E+04  7.0651E-01  3.7549E+00  4.5504E+00  3.8912E+02  4.0112E-09
 -1.6000    121.3  1.58438E-01  1.072E+05  5.0096E+01  1.2440E+04  7.0651E-01  3.7549E+00  5.0548E+00  3.5761E+02  3.6125E-09
 -1.7000    118.4  1.36277E-01  1.072E+05  5.0036E+01  1.2358E+04  7.0651E-01  3.7549E+00  5.5686E+00  3.3066E+02  3.2204E-09
 -1.8000    114.2  1.15189E-01  1.072E+05  4.9976E+01  1.2275E+04  7.0651E-01  3.7549E+00  6.1051E+00  3.1043E+02  2.8684E-09
 -1.9000    110.2  9.72626E-02  1.072E+05  4.9916E+01  1.2193E+04  7.0651E-01  3.7549E+00  6.6720E+00  2.9654E+02  2.5819E-09
 -2.0000    107.7  8.32860E-02  1.072E+05  4.9856E+01  1.2110E+04  7.0651E-01  3.7549E+00  7.2701E+00  2.8683E+02  2.3605E-09
 -2.1000    108.3  7.35404E-02  1.072E+05  4.9795E+01  1.2028E+04  7.0651E-01  3.7549E+00  7.9030E+00  2.7955E+02  2.2005E-09
 -2.2000    113.4  6.79797E-02  1.072E+05  4.9735E+01  1.1945E+04  7.0651E-01  3.7549E+00  8.5762E+00  2.7315E+02  2.0950E-09
 -2.3000    123.6  6.56616E-02  1.072E+05  4.9675E+01  1.1863E+04  7.0651E-01  3.7549E+00  9.3015E+00  2.6690E+02  2.0294E-09
 -2.4000    136.8  6.45367E-02  1.072E+05  4.9615E+01  1.1780E+04  7.0651E-01  3.7549E+00  1.0091E+01  2.6054E+02  1.9794E-09
 -2.5000    150.0  6.27953E-02  1.072E+05  4.9554E+01  1.1697E+04  7.0651E-01  3.7549E+00  1.0949E+01  2.5388E+02  1.9227E-09
 -2.6000    160.3  5.97854E-02  1.072E+05  4.9494E+01  1.1615E+04  7.0651E-01  3.7549E+00  1.1857E+01  2.4591E+02  1.8485E-09
 -2.7000    164.8  5.42952E-02  1.072E+05  4.9434E+01  1.1532E+04  7.0651E-01  3.7549E+00  1.2797E+01  2.3657E+02  1.7397E-09
 -2.8000    160.5  4.62921E-02  1.072E+05  4.9374E+01  1.1450E+04  7.0651E-01  3.7549E+00  1.3775E+01  2.2738E+02  1.6023E-09
 -2.9000    146.9  3.63884E-02  1.072E+05  4.9314E+01  1.1367E+04  7.0651E-01  3.7549E+00  1.4809E+01  2.2004E+02  1.4497E-09
 -3.0000    133.5  2.79848E-02  1.072E+05  4.9253E+01  1.1285E+04  7.0651E-01  3.7549E+00  1.5936E+01  2.1571E+02  1.3280E-09
 -3.1000    132.1  2.36643E-02  1.072E+05  4.9193E+01  1.1202E+04  7.0651E-01  3.7549E+00  1.7192E+01  2.1363E+02  1.2655E-09
 -3.2000    154.7  2.46493E-02  1.072E+05  4.9133E+01  1.1120E+04  7.0651E-01  3.7549E+00  1.8559E+01  2.1042E+02  1.2645E-09
 -3.3000    213.1  3.14808E-02  1.072E+05  4.9073E+01  1.1037E+04  7.0651E-01  3.7549E+00  2.0024E+01  2.0297E+02  1.3155E-09
 -3.4000    319.1  4.22773E-02  1.072E+05  4.9012E+01  1.0955E+04  7.0651E-01  3.7549E+00  2.1775E+01  1.9308E+02  1.4022E-09
 -3.5000    484.7  5.11963E-02  1.072E+05  4.8952E+01  1.0872E+04  7.0651E-01  3.7549E+00  2.4765E+01  1.9378E+02  1.5333E-09
 -3.6000    721.8  5.86677E-02  1.072E+05  4.8892E+01  1.0790E+04  7.0651E-01  3.7549E+00  3.0722E+01  2.1962E+02  1.7632E-09
 -3.7000   1042.2  1.02779E-01  1.072E+05  4.8832E+01  1.0707E+04  7.0651E-01  3.7549E+00  3.9024E+01  2.4833E+02  1.9871E-09
 -3.8000   1457.8  3.05800E-01  1.072E+05  4.8771E+01  1.0624E+04  7.0651E-01  3.7549E+00  4.3578E+01  2.2245E+02  2.0180E-09
 -3.9000   1980.5  1.04502E+00  1.072E+05  4.8711E+01  1.0542E+04  7.0651E-01  3.7549E+00  3.9835E+01  1.2687E+02  1.8368E-09
 -4.0000   2622.2  4.52365E+00  1.072E+05  4.8651E+01  1.0459E+04  7.0651E-01  3.7549E+00  2.9743E+01  0.0000E+00  1.5204E-09
