  0.2333622      1.5691936E-02  0.0000000E+00
  1.4000     41.0  1.38341E+02  1.834E+04  6.4617E+01  1.6760E+04  2.2608E+00  3.0385E+00  3.6821E-01  6.4647E+03  1.2074E-08
  1.3000     41.8  1.27187E+02  1.834E+04  6.4617E+01  1.6760E+04  2.2608E+00  3.0385E+00  3.9217E-01  6.2975E+03  1.2023E-08
  1.2000     42.5  1.15800E+02  1.834E+04  6.4617E+01  1.6760E+04  2.2608E+00  3.0385E+00  4.1173E-01  6.1353E+03  1.1980E-08
  1.1000     43.2  1.04439E+02  1.834E+04  6.4617E+01  1.6760E+04  2.2608E+00  3.0385E+00  4.2790E-01  5.9786E+03  1.1947E-08
  1.0000     43.9  9.33115E+01  1.834E+04  6.4617E+01  1.6760E+04  2.2608E+00  3.0385E+00  4.4154E-01  5.8274E+03  1.1923E-08
  0.9000     44.6  8.26106E+01  1.834E+04  6.4617E+01  1.6760E+04  2.2608E+00  3.0385E+00  4.5197E-01  5.6808E+03  1.1908E-08
  0.8000     45.4  7.11837E+01  1.834E+04  6.4617E+01  1.6760E+04  2.2608E+00  3.0385E+00  4.5918E-01  5.5365E+03  1.1930E-08
  0.7000     46.1  5.83269E+01  1.834E+04  6.4617E+01  1.6760E+04  2.2608E+00  3.0385E+00  4.6287E-01  5.3892E+03  1.2013E-08
  0.6000     46.8  4.54954E+01  1.834E+04  6.4617E+01  1.6760E+04  2.2608E+00  3.0385E+00  4.6175E-01  5.2311E+03  1.2131E-08
  0.5000     47.5  3.38441E+01  1.834E+04  6.4617E+01  1.6760E+04  2.2608E+00  3.0385E+00  4.5280E-01  5.0534E+03  1.2252E-08
  0.4000     48.2  2.35082E+01  1.834E+04  6.4617E+01  1.6760E+04  2.2608E+00  3.0385E+00  4.2993E-01  4.8423E+03  1.2364E-08
  0.3000     49.0  1.59049E+01  1.834E+04  6.4617E+01  1.6760E+04  2.2608E+00  3.0385E+00  3.8391E-01  4.5818E+03  1.2346E-08
  0.2000     49.7  1.05908E+01  1.834E+04  6.4617E+01  1.6760E+04  2.2608E+00  3.0385E+00  3.0339E-01  4.2588E+03  1.2131E-08
  0.1000     50.4  7.10476E+00  1.834E+04  6.4617E+01  1.6760E+04  2.2608E+00  3.0385E+00  1.7766E-01  3.8665E+03  1.1648E-08
  0.0000     51.1  4.83200E+00  1.834E+04  6.4617E+01  1.6760E+04  2.2608E+00  3.0385E+00  0.0000E+00  3.4097E+03  1.0884E-08
 -0.1000     51.8  3.35892E+00  1.834E+04  6.4617E+01  1.6760E+04  2.2608E+00  3.0385E+00  2.2970E-01  2.9055E+03  9.8650E-09
 -0.2000     52.6  2.38302E+00  1.834E+04  6.4617E+01  1.6760E+04  2.2608E+00  3.0385E+00  5.0367E-01  2.3814E+03  8.6651E-09
 -0.3000     53.3  1.71929E+00  1.834E+04  6.4617E+01  1.6760E+04  2.2608E+00  3.0385E+00  8.0757E-01  1.8679E+03  7.3794E-09
 -0.4000     54.0  1.27093E+00  1.834E+04  6.4617E+01  1.6760E+04  2.2608E+00  3.0385E+00  1.1241E+00  1.3929E+03  6.0959E-09
 -0.5000     54.7  9.45285E-01  1.834E+04  6.4617E+01  1.6760E+04  2.2608E+00  3.0385E+00  1.4344E+00  9.7658E+02  4.9033E-09
 -0.6000     55.4  7.00738E-01  1.834E+04  6.4617E+01  1.6760E+04  2.2608E+00  3.0385E+00  1.7159E+00  6.3209E+02  3.8598E-09
 -0.7000     56.2  5.12354E-01  1.834E+04  6.4617E+01  1.6760E+04  2.2608E+00  3.0385E+00  1.9411E+00  3.6749E+02  3.0078E-09
 -0.8000     56.9  3.82885E-01  1.834E+04  6.4617E+01  1.6760E+04  2.2608E+00  3.0385E+00  2.0922E+00  1.8030E+02  2.3466E-09
 -0.9000     57.6  2.94742E-01  1.834E+04  6.4617E+01  1.6760E+04  2.2608E+00  3.0385E+00  2.1710E+00  5.6457E+01  1.8524E-09
 -1.0000     58.3  2.34618E-01  1.834E+04  6.4617E+01  1.6760E+04  2.2608E+00  3.0385E+00  2.1889E+00  2.1117E+01  1.4875E-09
 -1.1000     59.0  1.89064E-01  1.834E+04  6.4617E+01  1.6760E+04  2.2608E+00  3.0385E+00  2.1549E+00  6.5789E+01  1.2254E-09
 -1.2000     59.8  1.57450E-01  1.834E+04  6.4617E+01  1.6760E+04  2.2608E+00  3.0385E+00  2.0790E+00  8.8254E+01  1.0327E-09
 -1.3000     60.5  1.34505E-01  1.834E+04  6.4617E+01  1.6760E+04  2.2608E+00  3.0385E+00  1.9762E+00  9.8090E+01  8.8343E-10
 -1.4000     61.2  1.16472E-01  1.834E+04  6.4617E+01  1.6760E+04  2.2608E+00  3.0385E+00  1.8565E+00  1.0100E+02  7.6348E-10
 -1.5000     61.9  1.01583E-01  1.834E+04  6.4617E+01  1.6760E+04  2.2608E+00  3.0385E+00  1.7252E+00  9.9914E+01  6.6571E-10
 -1.6000     62.6  8.94412E-02  1.834E+04  6.4617E+01  1.6760E+04  2.2608E+00  3.0385E+00  1.5862E+00  9.6662E+01  5.8233E-10
 -1.7000     63.4  7.93601E-02  1.834E+04  6.4617E+01  1.6760E+04  2.2608E+00  3.0385E+00  1.4431E+00  9.2484E+01  5.0778E-10
 -1.8000     64.1  7.06679E-02  1.834E+04  6.4617E+01  1.6760E+04  2.2608E+00  3.0385E+00  1.2969E+00  8.7826E+01  4.4067E-10
 -1.9000     64.8  6.29308E-02  1.834E+04  6.4617E+01  1.6760E+04  2.2608E+00  3.0385E+00  1.1473E+00  8.2839E+01  3.8273E-10
 -2.0000     65.5  5.60470E-02  1.834E+04  6.4617E+01  1.6760E+04  2.2608E+00  3.0385E+00  9.9438E-01  7.7687E+01  3.3265E-10
 -2.1000     66.2  4.99218E-02  1.834E+04  6.4617E+01  1.6760E+04  2.2608E+00  3.0385E+00  8.3826E-01  7.2497E+01  2.8934E-10
 -2.2000     66.9  4.44752E-02  1.834E+04  6.4617E+01  1.6760E+04  2.2608E+00  3.0385E+00  6.7899E-01  6.7375E+01  2.5181E-10
 -2.3000     67.7  3.95916E-02  1.834E+04  6.4617E+01  1.6760E+04  2.2608E+00  3.0385E+00  5.1556E-01  6.2309E+01  2.1883E-10
 -2.4000     68.4  3.52160E-02  1.834E+04  6.4617E+01  1.6760E+04  2.2608E+00  3.0385E+00  3.4644E-01  5.7260E+01  1.9082E-10
 -2.5000     69.1  3.12958E-02  1.834E+04  6.4617E+01  1.6760E+04  2.2608E+00  3.0385E+00  1.7065E-01  5.2267E+01  1.6717E-10
 -2.6000     69.8  2.78828E-02  1.834E+04  6.4617E+01  1.6760E+04  2.2608E+00  3.0385E+00  9.7046E-03  4.7521E+01  1.4783E-10
 -2.7000     70.5  2.48174E-02  1.834E+04  6.4617E+01  1.6760E+04  2.2608E+00  3.0385E+00  1.9312E-01  4.3136E+01  1.3036E-10
 -2.8000     71.3  2.20927E-02  1.834E+04  6.4617E+01  1.6760E+04  2.2608E+00  3.0385E+00  3.8049E-01  3.9051E+01  1.1515E-10
 -2.9000     72.0  1.96104E-02  1.834E+04  6.4617E+01  1.6760E+04  2.2608E+00  3.0385E+00  5.7397E-01  3.5193E+01  1.0176E-10
 -3.0000     72.7  1.73860E-02  1.834E+04  6.4617E+01  1.6760E+04  2.2608E+00  3.0385E+00  7.7625E-01  3.1488E+01  9.0577E-11
 -3.1000     73.4  1.53901E-02  1.834E+04  6.4617E+01  1.6760E+04  2.2608E+00  3.0385E+00  9.8895E-01  2.7933E+01  8.1339E-11
 -3.2000     74.1  1.35989E-02  1.834E+04  6.4617E+01  1.6760E+04  2.2608E+00  3.0385E+00  1.2142E+00  2.4521E+01  7.3827E-11
 -3.3000     74.9  1.19888E-02  1.834E+04  6.4617E+01  1.6760E+04  2.2608E+00  3.0385E+00  1.4548E+00  2.1242E+01  6.7859E-11
 -3.4000     75.6  1.05385E-02  1.834E+04  6.4617E+01  1.6760E+04  2.2608E+00  3.0385E+00  1.7141E+00  1.8080E+01  6.3284E-11
 -3.5000     76.3  9.27497E-03  1.834E+04  6.4617E+01  1.6760E+04  2.2608E+00  3.0385E+00  1.9935E+00  1.5071E+01  6.0008E-11
 -3.6000     77.0  8.09752E-03  1.834E+04  6.4617E+01  1.6760E+04  2.2608E+00  3.0385E+00  2.2981E+00  1.2197E+01  5.7516E-11
 -3.7000     77.7  6.98920E-03  1.834E+04  6.4617E+01  1.6760E+04  2.2608E+00  3.0385E+00  2.6410E+00  9.3441E+00  5.6098E-11
 -3.8000     78.5  5.93699E-03  1.834E+04  6.4617E+01  1.6760E+04  2.2608E+00  3.0385E+00  3.0412E+00  6.4069E+00  5.6027E-11
 -3.9000     79.2  4.96158E-03  1.834E+04  6.4617E+01  1.6760E+04  2.2608E+00  3.0385E+00  3.5215E+00  3.3226E+00  5.7576E-11
 -4.0000     79.9  3.99052E-03  1.834E+04  6.4617E+01  1.6760E+04  2.2608E+00  3.0385E+00  4.1188E+00  0.0000E+00  6.0663E-11
