  0.0000000E+00  2.4393380E-02  0.0000000E+00
  0.0000    861.6  1.40563E+04  0.000E+00  4.4286E+02  8.2969E+04  1.0300E+01  1.8460E+01  1.6972E+01  3.7713E+04  7.8004E-08
  0.0000    810.0  1.07799E+04  0.000E+00  4.4286E+02  8.2969E+04  1.0300E+01  1.8460E+01  1.6567E+01  3.7094E+04  8.1176E-08
  0.0000    758.6  7.71494E+03  0.000E+00  4.4286E+02  8.2969E+04  1.0300E+01  1.8460E+01  1.6047E+01  3.6268E+04  8.3887E-08
  0.0000    707.6  5.25160E+03  0.000E+00  4.4286E+02  8.2969E+04  1.0300E+01  1.8460E+01  1.5414E+01  3.5213E+04  8.5990E-08
  0.0000    657.2  3.44447E+03  0.000E+00  4.4286E+02  8.2969E+04  1.0300E+01  1.8460E+01  1.4684E+01  3.3924E+04  8.7349E-08
  0.0000    607.4  2.19619E+03  0.000E+00  4.4286E+02  8.2969E+04  1.0300E+01  1.8460E+01  1.3874E+01  3.2408E+04  8.7851E-08
  0.0000    558.5  1.34382E+03  0.000E+00  4.4286E+02  8.2969E+04  1.0300E+01  1.8460E+01  1.2989E+01  3.0658E+04  8.7635E-08
  0.0000    510.6  7.70700E+02  0.000E+00  4.4286E+02  8.2969E+04  1.0300E+01  1.8460E+01  1.2000E+01  2.8603E+04  8.6752E-08
  0.0000    463.7  4.14161E+02  0.000E+00  4.4286E+02  8.2969E+04  1.0300E+01  1.8460E+01  1.0837E+01  2.6106E+04  8.4651E-08
  0.0000    418.2  2.08861E+02  0.000E+00  4.4286E+02  8.2969E+04  1.0300E+01  1.8460E+01  9.4018E+00  2.2973E+04  8.0524E-08
  0.0000    374.0  9.60611E+01  0.000E+00  4.4286E+02  8.2969E+04  1.0300E+01  1.8460E+01  7.5483E+00  1.8936E+04  7.3507E-08
  0.0000    331.4  4.22915E+01  0.000E+00  4.4286E+02  8.2969E+04  1.0300E+01  1.8460E+01  5.2172E+00  1.3937E+04  6.2245E-08
  0.0000    290.4  1.79212E+01  0.000E+00  4.4286E+02  8.2969E+04  1.0300E+01  1.8460E+01  2.7194E+00  8.6451E+03  4.7894E-08
  0.0000    251.3  7.54150E+00  0.000E+00  4.4286E+02  8.2969E+04  1.0300E+01  1.8460E+01  8.0146E-01  4.4343E+03  3.4163E-08
  0.0000    214.1  3.38896E+00  0.000E+00  4.4286E+02  8.2969E+04  1.0300E+01  1.8460E+01  0.0000E+00  2.1563E+03  2.4440E-08
  0.0000    179.0  1.81588E+00  0.000E+00  4.4286E+02  8.2969E+04  1.0300E+01  1.8460E+01  7.6839E-02  1.3383E+03  1.8508E-08
  0.0000    146.2  1.13467E+00  0.000E+00  4.4286E+02  8.2969E+04  1.0300E+01  1.8460E+01  4.9032E-01  1.1144E+03  1.4506E-08
  0.0000    115.8  7.48851E-01  0.000E+00  4.4286E+02  8.2969E+04  1.0300E+01  1.8460E+01  9.3751E-01  1.0421E+03  1.1364E-08
  0.0000     87.9  4.83691E-01  0.000E+00  4.4286E+02  8.2969E+04  1.0300E+01  1.8460E+01  1.3415E+00  1.0073E+03  8.7980E-09
  0.0000     62.6  2.87462E-01  0.000E+00  4.4286E+02  8.2969E+04  1.0300E+01  1.8460E+01  1.7151E+00  1.0027E+03  6.8210E-09
  0.0000     40.2  1.41215E-01  0.000E+00  4.4286E+02  8.2969E+04  1.0300E+01  1.8460E+01  2.0900E+00  1.0343E+03  5.4219E-09
  0.0000     20.7  3.40991E-02  0.000E+00  4.4286E+02  8.2969E+04  1.0300E+01  1.8460E+01  2.4962E+00  1.1017E+03  4.5458E-09
  0.0000      4.4  4.29573E-02  0.000E+00  4.4286E+02  8.2969E+04  1.0300E+01  1.8460E+01  2.9627E+00  1.2004E+03  4.1016E-09
  0.0000      8.8  9.66332E-02  0.000E+00  4.4286E+02  8.2969E+04  1.0300E+01  1.8460E+01  3.5172E+00  1.3240E+03  4.0081E-09
  0.0000     18.5  1.32606E-01  0.000E+00  4.4286E+02  8.2969E+04  1.0300E+01  1.8460E+01  4.1870E+00  1.4652E+03  4.1821E-09
  0.0000     24.8  1.54940E-01  0.000E+00  4.4286E+02  8.2969E+04  1.0300E+01  1.8460E+01  5.0049E+00  1.6197E+03  4.5620E-09
  0.0000     27.4  1.68739E-01  0.000E+00  4.4286E+02  8.2969E+04  1.0300E+01  1.8460E+01  6.0148E+00  1.7863E+03  5.0907E-09
  0.0000     26.2  1.77727E-01  0.000E+00  4.4286E+02  8.2969E+04  1.0300E+01  1.8460E+01  7.2766E+00  1.9667E+03  5.7354E-09
  0.0000     21.0  1.83978E-01  0.000E+00  4.4286E+02  8.2969E+04  1.0300E+01  1.8460E+01  8.8664E+00  2.1643E+03  6.4816E-09
  0.0000     11.7  1.87851E-01  0.000E+00  4.4286E+02  8.2969E+04  1.0300E+01  1.8460E+01  1.0871E+01  2.3821E+03  7.3250E-09
  0.0000      1.7  1.90003E-01  0.000E+00  4.4286E+02  8.2969E+04  1.0300E+01  1.8460E+01  1.3379E+01  2.6209E+03  8.2492E-09
  0.0000     19.6  1.90051E-01  0.000E+00  4.4286E+02  8.2969E+04  1.0300E+01  1.8460E+01  1.6473E+01  2.8786E+03  9.2303E-09
  0.0000     41.9  1.85740E-01  0.000E+00  4.4286E+02  8.2969E+04  1.0300E+01  1.8460E+01  2.0210E+01  3.1492E+03  1.0245E-08
  0.0000     68.9  1.75908E-01  0.000E+00  4.4286E+02  8.2969E+04  1.0300E+01  1.8460E+01  2.4613E+01  3.4255E+03  1.1294E-08
  0.0000    100.7  1.63623E-01  0.000E+00  4.4286E+02  8.2969E+04  1.0300E+01  1.8460E+01  2.9695E+01  3.7031E+03  1.2375E-08
  0.0000    137.4  1.53914E-01  0.000E+00  4.4286E+02  8.2969E+04  1.0300E+01  1.8460E+01  3.5483E+01  3.9825E+03  1.3507E-08
  0.0000    179.2  1.51620E-01  0.000E+00  4.4286E+02  8.2969E+04  1.0300E+01  1.8460E+01  4.2043E+01  4.2691E+03  1.4724E-08
  0.0000    226.3  1.56492E-01  0.000E+00  4.4286E+02  8.2969E+04  1.0300E+01  1.8460E+01  4.9450E+01  4.5692E+03  1.6057E-08
  0.0000    278.6  1.65450E-01  0.000E+00  4.4286E+02  8.2969E+04  1.0300E+01  1.8460E+01  5.7770E+01  4.8871E+03  1.7565E-08
  0.0000    336.5  1.66196E-01  0.000E+00  4.4286E+02  8.2969E+04  1.0300E+01  1.8460E+01  6.6994E+01  5.2217E+03  1.9290E-08
  0.0000    400.0  1.39086E-01  0.000E+00  4.4286E+02  8.2969E+04  1.0300E+01  1.8460E+01  7.6937E+01  5.5604E+03  2.1297E-08
  0.0000    469.3  7.50485E-02  0.000E+00  4.4286E+02  8.2969E+04  1.0300E+01  1.8460E+01  8.7178E+01  5.8778E+03  2.3509E-08
  0.0000    544.5  1.71839E-02  0.000E+00  4.4286E+02  8.2969E+04  1.0300E+01  1.8460E+01  9.7129E+01  6.1407E+03  2.5921E-08
  0.0000    625.8  9.86626E-02  0.000E+00  4.4286E+02  8.2969E+04  1.0300E+01  1.8460E+01  1.0624E+02  6.3165E+03  2.8481E-08
  0.0000    713.3  1.29917E-01  0.000E+00  4.4286E+02  8.2969E+04  1.0300E+01  1.8460E+01  1.1423E+02  6.3821E+03  3.1253E-08
  0.0000    807.2  1.03147E-01  0.000E+00  4.4286E+02  8.2969E+04  1.0300E+01  1.8460E+01  1.2146E+02  6.3488E+03  3.4452E-08
  0.0000    907.5  5.68842E-02  0.000E+00  4.4286E+02  8.2969E+04  1.0300E+01  1.8460E+01  1.2862E+02  6.1888E+03  3.8185E-08
  0.0000   1014.5  3.22181E-02  0.000E+00  4.4286E+02  8.2969E+04  1.0300E+01  1.8460E+01  1.3334E+02  5.4093E+03  3.8434E-08
  0.0000   1128.2  4.20065E-02  0.000E+00  4.4286E+02  8.2969E+04  1.0300E+01  1.8460E+01  1.3491E+02  4.1998E+03  3.0428E-08
  0.0000   1248.8  5.31980E-02  0.000E+00  4.4286E+02  8.2969E+04  1.0300E+01  1.8460E+01  1.3515E+02  3.1793E+03  2.3684E-08
  0.0000   1376.6  6.43308E-02  0.000E+00  4.4286E+02  8.2969E+04  1.0300E+01  1.8460E+01  1.3384E+02  2.3175E+03  1.7992E-08
  0.0000   1511.5  7.35287E-02  0.000E+00  4.4286E+02  8.2969E+04  1.0300E+01  1.8460E+01  1.3084E+02  1.5901E+03  1.3180E-08
  0.0000   1653.7  7.94452E-02  0.000E+00  4.4286E+02  8.2969E+04  1.0300E+01  1.8460E+01  1.2580E+02  9.7586E+02  9.0936E-09
  0.0000   1803.4  8.10673E-02  0.000E+00  4.4286E+02  8.2969E+04  1.0300E+01  1.8460E+01  1.1769E+02  4.5428E+02  5.5832E-09
  0.0000   1960.8  7.88267E-02  0.000E+00  4.4286E+02  8.2969E+04  1.0300E+01  1.8460E+01  1.0244E+02  0.0000E+00  2.4757E-09
