  0.0000000E+00  1.5691906E-02  0.0000000E+00
  0.0000    143.3  1.47430E+02  0.000E+00  3.8703E+02  1.3153E+05  2.4248E+01  5.3714E+01  9.0823E-01  4.7030E+04  1.1678E-07
  0.0000    146.3  1.25714E+02  0.000E+00  3.8703E+02  1.3153E+05  2.4248E+01  5.3714E+01  9.3323E-01  4.4051E+04  1.1228E-07
  0.0000    149.3  1.06458E+02  0.000E+00  3.8703E+02  1.3153E+05  2.4248E+01  5.3714E+01  1.0277E+00  4.1068E+04  1.0761E-07
  0.0000    152.2  8.94909E+01  0.000E+00  3.8703E+02  1.3153E+05  2.4248E+01  5.3714E+01  1.1960E+00  3.8072E+04  1.0275E-07
  0.0000    155.2  7.46429E+01  0.000E+00  3.8703E+02  1.3153E+05  2.4248E+01  5.3714E+01  1.4424E+00  3.5057E+04  9.7678E-08
  0.0000    158.2  6.17369E+01  0.000E+00  3.8703E+02  1.3153E+05  2.4248E+01  5.3714E+01  1.7707E+00  3.2018E+04  9.2360E-08
  0.0000    161.2  4.89941E+01  0.000E+00  3.8703E+02  1.3153E+05  2.4248E+01  5.3714E+01  2.1896E+00  2.8918E+04  8.6993E-08
  0.0000    164.2  3.57785E+01  0.000E+00  3.8703E+02  1.3153E+05  2.4248E+01  5.3714E+01  2.7178E+00  2.5647E+04  8.1530E-08
  0.0000    167.2  2.40185E+01  0.000E+00  3.8703E+02  1.3153E+05  2.4248E+01  5.3714E+01  3.3636E+00  2.2121E+04  7.5438E-08
  0.0000    170.1  1.47395E+01  0.000E+00  3.8703E+02  1.3153E+05  2.4248E+01  5.3714E+01  4.0604E+00  1.8468E+04  6.8676E-08
  0.0000    173.1  7.76936E+00  0.000E+00  3.8703E+02  1.3153E+05  2.4248E+01  5.3714E+01  4.5272E+00  1.5269E+04  6.2731E-08
  0.0000    176.1  3.84271E+00  0.000E+00  3.8703E+02  1.3153E+05  2.4248E+01  5.3714E+01  4.3158E+00  1.3399E+04  5.9538E-08
  0.0000    179.1  2.12192E+00  0.000E+00  3.8703E+02  1.3153E+05  2.4248E+01  5.3714E+01  3.2694E+00  1.3058E+04  6.0146E-08
  0.0000    182.1  1.56471E+00  0.000E+00  3.8703E+02  1.3153E+05  2.4248E+01  5.3714E+01  1.7025E+00  1.3508E+04  6.2764E-08
  0.0000    185.1  1.38662E+00  0.000E+00  3.8703E+02  1.3153E+05  2.4248E+01  5.3714E+01  0.0000E+00  1.3991E+04  6.5283E-08
  0.0000    188.0  1.28587E+00  0.000E+00  3.8703E+02  1.3153E+05  2.4248E+01  5.3714E+01  1.6442E+00  1.4191E+04  6.6620E-08
  0.0000    191.0  1.18434E+00  0.000E+00  3.8703E+02  1.3153E+05  2.4248E+01  5.3714E+01  3.1708E+00  1.4062E+04  6.6565E-08
  0.0000    194.0  1.07409E+00  0.000E+00  3.8703E+02  1.3153E+05  2.4248E+01  5.3714E+01  4.5742E+00  1.3652E+04  6.5257E-08
  0.0000    197.0  9.62748E-01  0.000E+00  3.8703E+02  1.3153E+05  2.4248E+01  5.3714E+01  5.8724E+00  1.3039E+04  6.2908E-08
  0.0000    200.0  8.56792E-01  0.000E+00  3.8703E+02  1.3153E+05  2.4248E+01  5.3714E+01  7.0845E+00  1.2294E+04  5.9920E-08
  0.0000    203.0  7.57617E-01  0.000E+00  3.8703E+02  1.3153E+05  2.4248E+01  5.3714E+01  8.2144E+00  1.1458E+04  5.6506E-08
  0.0000    205.9  6.63970E-01  0.000E+00  3.8703E+02  1.3153E+05  2.4248E+01  5.3714E+01  9.2541E+00  1.0549E+04  5.2793E-08
  0.0000    208.9  5.81381E-01  0.000E+00  3.8703E+02  1.3153E+05  2.4248E+01  5.3714E+01  1.0203E+01  9.5917E+03  4.8705E-08
  0.0000    211.9  5.10750E-01  0.000E+00  3.8703E+02  1.3153E+05  2.4248E+01  5.3714E+01  1.1073E+01  8.6265E+03  4.4416E-08
  0.0000    214.9  4.51793E-01  0.000E+00  3.8703E+02  1.3153E+05  2.4248E+01  5.3714E+01  1.1879E+01  7.6868E+03  4.0086E-08
  0.0000    217.9  3.97685E-01  0.000E+00  3.8703E+02  1.3153E+05  2.4248E+01  5.3714E+01  1.2608E+01  6.7797E+03  3.5886E-08
  0.0000    220.8  3.54486E-01  0.000E+00  3.8703E+02  1.3153E+05  2.4248E+01  5.3714E+01  1.3255E+01  5.9138E+03  3.1750E-08
  0.0000    223.8  3.19807E-01  0.000E+00  3.8703E+02  1.3153E+05  2.4248E+01  5.3714E+01  1.3836E+01  5.1125E+03  2.7809E-08
  0.0000    226.8  2.90287E-01  0.000E+00  3.8703E+02  1.3153E+05  2.4248E+01  5.3714E+01  1.4353E+01  4.3835E+03  2.4168E-08
  0.0000    229.8  2.63398E-01  0.000E+00  3.8703E+02  1.3153E+05  2.4248E+01  5.3714E+01  1.4793E+01  3.7221E+03  2.0856E-08
  0.0000    232.8  2.40468E-01  0.000E+00  3.8703E+02  1.3153E+05  2.4248E+01  5.3714E+01  1.5142E+01  3.1232E+03  1.7817E-08
  0.0000    235.8  2.22159E-01  0.000E+00  3.8703E+02  1.3153E+05  2.4248E+01  5.3714E+01  1.5401E+01  2.5899E+03  1.5052E-08
  0.0000    238.7  2.07272E-01  0.000E+00  3.8703E+02  1.3153E+05  2.4248E+01  5.3714E+01  1.5593E+01  2.1280E+03  1.2606E-08
  0.0000    241.7  1.92815E-01  0.000E+00  3.8703E+02  1.3153E+05  2.4248E+01  5.3714E+01  1.5737E+01  1.7350E+03  1.0516E-08
  0.0000    244.7  1.78838E-01  0.000E+00  3.8703E+02  1.3153E+05  2.4248E+01  5.3714E+01  1.5832E+01  1.4021E+03  8.7370E-09
  0.0000    247.7  1.65394E-01  0.000E+00  3.8703E+02  1.3153E+05  2.4248E+01  5.3714E+01  1.5883E+01  1.1211E+03  7.2256E-09
  0.0000    250.7  1.52520E-01  0.000E+00  3.8703E+02  1.3153E+05  2.4248E+01  5.3714E+01  1.5890E+01  8.8495E+02  5.9450E-09
  0.0000    253.7  1.40541E-01  0.000E+00  3.8703E+02  1.3153E+05  2.4248E+01  5.3714E+01  1.5873E+01  6.8924E+02  4.8620E-09
  0.0000    256.6  1.28949E-01  0.000E+00  3.8703E+02  1.3153E+05  2.4248E+01  5.3714E+01  1.5856E+01  5.3001E+02  3.9663E-09
  0.0000    259.6  1.17801E-01  0.000E+00  3.8703E+02  1.3153E+05  2.4248E+01  5.3714E+01  1.5852E+01  4.0173E+02  3.2294E-09
  0.0000    262.6  1.07156E-01  0.000E+00  3.8703E+02  1.3153E+05  2.4248E+01  5.3714E+01  1.5836E+01  2.9698E+02  2.6262E-09
  0.0000    265.6  9.73084E-02  0.000E+00  3.8703E+02  1.3153E+05  2.4248E+01  5.3714E+01  1.5795E+01  2.1059E+02  2.1140E-09
  0.0000    268.6  8.81441E-02  0.000E+00  3.8703E+02  1.3153E+05  2.4248E+01  5.3714E+01  1.5743E+01  1.4067E+02  1.6881E-09
  0.0000    271.6  7.95440E-02  0.000E+00  3.8703E+02  1.3153E+05  2.4248E+01  5.3714E+01  1.5701E+01  8.5284E+01  1.3353E-09
  0.0000    274.5  7.16183E-02  0.000E+00  3.8703E+02  1.3153E+05  2.4248E+01  5.3714E+01  1.5730E+01  4.4089E+01  1.0552E-09
  0.0000    277.5  6.40195E-02  0.000E+00  3.8703E+02  1.3153E+05  2.4248E+01  5.3714E+01  1.5850E+01  1.4781E+01  8.3647E-10
  0.0000    280.5  5.69468E-02  0.000E+00  3.8703E+02  1.3153E+05  2.4248E+01  5.3714E+01  1.6046E+01  5.9348E+00  6.6385E-10
  0.0000    283.5  5.03796E-02  0.000E+00  3.8703E+02  1.3153E+05  2.4248E+01  5.3714E+01  1.6334E+01  1.9641E+01  5.2939E-10
  0.0000    286.5  4.42882E-02  0.000E+00  3.8703E+02  1.3153E+05  2.4248E+01  5.3714E+01  1.6736E+01  2.7626E+01  4.2646E-10
  0.0000    289.5  3.88104E-02  0.000E+00  3.8703E+02  1.3153E+05  2.4248E+01  5.3714E+01  1.7260E+01  3.1223E+01  3.4956E-10
  0.0000    292.4  3.36005E-02  0.000E+00  3.8703E+02  1.3153E+05  2.4248E+01  5.3714E+01  1.7937E+01  3.1254E+01  2.9226E-10
  0.0000    295.4  2.86174E-02  0.000E+00  3.8703E+02  1.3153E+05  2.4248E+01  5.3714E+01  1.8840E+01  2.7874E+01  2.5329E-10
  0.0000    298.4  2.38517E-02  0.000E+00  3.8703E+02  1.3153E+05  2.4248E+01  5.3714E+01  2.0061E+01  2.1287E+01  2.3111E-10
  0.0000    301.4  1.94492E-02  0.000E+00  3.8703E+02  1.3153E+05  2.4248E+01  5.3714E+01  2.1704E+01  1.1884E+01  2.2404E-10
  0.0000    304.4  1.52788E-02  0.000E+00  3.8703E+02  1.3153E+05  2.4248E+01  5.3714E+01  2.3922E+01  0.0000E+00  2.2885E-10
