  0.2213000      2.7561605E-02  0.0000000E+00
  1.4000    558.8  3.93901E+02  1.918E+04  6.3684E+01  1.4934E+04  1.3465E+00  8.3869E+00  2.5143E+01  8.7624E+04  2.4900E-07
  1.3000    516.2  3.73698E+02  1.918E+04  6.3684E+01  1.4934E+04  1.3465E+00  8.3869E+00  2.1256E+01  6.8339E+04  1.9541E-07
  1.2000    475.3  3.48007E+02  1.918E+04  6.3684E+01  1.4934E+04  1.3465E+00  8.3869E+00  1.7832E+01  5.4149E+04  1.5607E-07
  1.1000    435.8  3.18159E+02  1.918E+04  6.3684E+01  1.4934E+04  1.3465E+00  8.3869E+00  1.4890E+01  4.3647E+04  1.2688E-07
  1.0000    398.0  2.85406E+02  1.918E+04  6.3684E+01  1.4934E+04  1.3465E+00  8.3869E+00  1.2417E+01  3.5830E+04  1.0500E-07
  0.9000    361.9  2.51132E+02  1.918E+04  6.3684E+01  1.4934E+04  1.3465E+00  8.3869E+00  1.0380E+01  2.9979E+04  8.8434E-08
  0.8000    327.3  2.10933E+02  1.918E+04  6.3684E+01  1.4934E+04  1.3465E+00  8.3869E+00  8.7102E+00  2.5524E+04  7.5902E-08
  0.7000    294.5  1.64294E+02  1.918E+04  6.3684E+01  1.4934E+04  1.3465E+00  8.3869E+00  7.3053E+00  2.1975E+04  6.6261E-08
  0.6000    263.4  1.19545E+02  1.918E+04  6.3684E+01  1.4934E+04  1.3465E+00  8.3869E+00  6.0703E+00  1.8983E+04  5.8357E-08
  0.5000    234.0  8.17700E+01  1.918E+04  6.3684E+01  1.4934E+04  1.3465E+00  8.3869E+00  4.9406E+00  1.6337E+04  5.1478E-08
  0.4000    206.5  5.13093E+01  1.918E+04  6.3684E+01  1.4934E+04  1.3465E+00  8.3869E+00  3.8586E+00  1.3883E+04  4.5247E-08
  0.3000    180.7  3.11400E+01  1.918E+04  6.3684E+01  1.4934E+04  1.3465E+00  8.3869E+00  2.7950E+00  1.1545E+04  3.9059E-08
  0.2000    156.8  1.84555E+01  1.918E+04  6.3684E+01  1.4934E+04  1.3465E+00  8.3869E+00  1.7662E+00  9.3540E+03  3.2943E-08
  0.1000    134.7  1.09173E+01  1.918E+04  6.3684E+01  1.4934E+04  1.3465E+00  8.3869E+00  8.1522E-01  7.3835E+03  2.7061E-08
  0.0000    114.6  6.45509E+00  1.918E+04  6.3684E+01  1.4934E+04  1.3465E+00  8.3869E+00  0.0000E+00  5.7176E+03  2.1747E-08
 -0.1000     96.4  3.82561E+00  1.918E+04  6.3684E+01  1.4934E+04  1.3465E+00  8.3869E+00  6.2827E-01  4.4071E+03  1.7256E-08
 -0.2000     80.2  2.24962E+00  1.918E+04  6.3684E+01  1.4934E+04  1.3465E+00  8.3869E+00  1.0360E+00  3.4564E+03  1.3733E-08
 -0.3000     65.9  1.29282E+00  1.918E+04  6.3684E+01  1.4934E+04  1.3465E+00  8.3869E+00  1.2081E+00  2.8304E+03  1.1179E-08
 -0.4000     53.7  7.18600E-01  1.918E+04  6.3684E+01  1.4934E+04  1.3465E+00  8.3869E+00  1.1462E+00  2.4711E+03  9.4827E-09
 -0.5000     43.6  3.62042E-01  1.918E+04  6.3684E+01  1.4934E+04  1.3465E+00  8.3869E+00  8.5601E-01  2.3169E+03  8.5207E-09
 -0.6000     35.5  1.42205E-01  1.918E+04  6.3684E+01  1.4934E+04  1.3465E+00  8.3869E+00  3.3597E-01  2.3168E+03  8.1607E-09
 -0.7000     29.6  9.65834E-03  1.918E+04  6.3684E+01  1.4934E+04  1.3465E+00  8.3869E+00  4.2105E-01  2.4302E+03  8.2916E-09
 -0.8000     25.8  6.45504E-02  1.918E+04  6.3684E+01  1.4934E+04  1.3465E+00  8.3869E+00  1.4196E+00  2.6229E+03  8.7924E-09
 -0.9000     24.2  1.05445E-01  1.918E+04  6.3684E+01  1.4934E+04  1.3465E+00  8.3869E+00  2.6633E+00  2.8681E+03  9.5751E-09
 -1.0000     24.8  1.26935E-01  1.918E+04  6.3684E+01  1.4934E+04  1.3465E+00  8.3869E+00  4.1624E+00  3.1483E+03  1.0577E-08
 -1.1000     27.6  1.34202E-01  1.918E+04  6.3684E+01  1.4934E+04  1.3465E+00  8.3869E+00  5.9280E+00  3.4519E+03  1.1776E-08
 -1.2000     32.7  1.31835E-01  1.918E+04  6.3684E+01  1.4934E+04  1.3465E+00  8.3869E+00  7.9673E+00  3.7698E+03  1.3113E-08
 -1.3000     40.1  1.22141E-01  1.918E+04  6.3684E+01  1.4934E+04  1.3465E+00  8.3869E+00  1.0284E+01  4.0937E+03  1.4553E-08
 -1.4000     49.9  1.05328E-01  1.918E+04  6.3684E+01  1.4934E+04  1.3465E+00  8.3869E+00  1.2869E+01  4.4157E+03  1.6076E-08
 -1.5000     62.0  8.08852E-02  1.918E+04  6.3684E+01  1.4934E+04  1.3465E+00  8.3869E+00  1.5701E+01  4.7261E+03  1.7666E-08
 -1.6000     76.5  5.21837E-02  1.918E+04  6.3684E+01  1.4934E+04  1.3465E+00  8.3869E+00  1.8745E+01  5.0155E+03  1.9268E-08
 -1.7000     93.4  2.32443E-02  1.918E+04  6.3684E+01  1.4934E+04  1.3465E+00  8.3869E+00  2.1969E+01  5.2760E+03  2.0820E-08
 -1.8000    112.8  3.97819E-03  1.918E+04  6.3684E+01  1.4934E+04  1.3465E+00  8.3869E+00  2.5339E+01  5.5025E+03  2.2286E-08
 -1.9000    134.6  3.01248E-02  1.918E+04  6.3684E+01  1.4934E+04  1.3465E+00  8.3869E+00  2.8812E+01  5.6894E+03  2.3688E-08
 -2.0000    159.0  5.26116E-02  1.918E+04  6.3684E+01  1.4934E+04  1.3465E+00  8.3869E+00  3.2345E+01  5.8312E+03  2.4999E-08
 -2.1000    186.0  6.87988E-02  1.918E+04  6.3684E+01  1.4934E+04  1.3465E+00  8.3869E+00  3.5897E+01  5.9227E+03  2.6188E-08
 -2.2000    215.5  7.85019E-02  1.918E+04  6.3684E+01  1.4934E+04  1.3465E+00  8.3869E+00  3.9452E+01  5.9635E+03  2.7242E-08
 -2.3000    247.6  8.19254E-02  1.918E+04  6.3684E+01  1.4934E+04  1.3465E+00  8.3869E+00  4.3040E+01  5.9613E+03  2.8134E-08
 -2.4000    282.3  7.91715E-02  1.918E+04  6.3684E+01  1.4934E+04  1.3465E+00  8.3869E+00  4.6691E+01  5.9234E+03  2.8918E-08
 -2.5000    319.8  7.19867E-02  1.918E+04  6.3684E+01  1.4934E+04  1.3465E+00  8.3869E+00  5.0455E+01  5.8589E+03  2.9621E-08
 -2.6000    359.9  6.02150E-02  1.918E+04  6.3684E+01  1.4934E+04  1.3465E+00  8.3869E+00  5.4460E+01  5.7829E+03  3.0393E-08
 -2.7000    402.8  4.85997E-02  1.918E+04  6.3684E+01  1.4934E+04  1.3465E+00  8.3869E+00  5.8848E+01  5.7097E+03  3.1154E-08
 -2.8000    448.4  3.79760E-02  1.918E+04  6.3684E+01  1.4934E+04  1.3465E+00  8.3869E+00  6.3704E+01  5.6438E+03  3.1969E-08
 -2.9000    496.8  2.99990E-02  1.918E+04  6.3684E+01  1.4934E+04  1.3465E+00  8.3869E+00  6.9017E+01  5.5733E+03  3.2717E-08
 -3.0000    548.0  2.41132E-02  1.918E+04  6.3684E+01  1.4934E+04  1.3465E+00  8.3869E+00  7.4664E+01  5.4709E+03  3.3298E-08
 -3.1000    602.1  2.00371E-02  1.918E+04  6.3684E+01  1.4934E+04  1.3465E+00  8.3869E+00  8.0438E+01  5.2986E+03  3.3478E-08
 -3.2000    659.1  1.73968E-02  1.918E+04  6.3684E+01  1.4934E+04  1.3465E+00  8.3869E+00  8.6014E+01  5.0086E+03  3.2928E-08
 -3.3000    719.0  1.58665E-02  1.918E+04  6.3684E+01  1.4934E+04  1.3465E+00  8.3869E+00  9.0803E+01  4.5345E+03  3.1162E-08
 -3.4000    781.8  1.48944E-02  1.918E+04  6.3684E+01  1.4934E+04  1.3465E+00  8.3869E+00  9.3594E+01  3.7818E+03  2.7435E-08
 -3.5000    847.6  1.62570E-02  1.918E+04  6.3684E+01  1.4934E+04  1.3465E+00  8.3869E+00  9.4403E+01  2.8922E+03  2.1648E-08
 -3.6000    916.4  1.87396E-02  1.918E+04  6.3684E+01  1.4934E+04  1.3465E+00  8.3869E+00  9.4203E+01  2.1051E+03  1.6278E-08
 -3.7000    988.2  2.17128E-02  1.918E+04  6.3684E+01  1.4934E+04  1.3465E+00  8.3869E+00  9.2705E+01  1.4456E+03  1.1760E-08
 -3.8000   1063.2  2.50415E-02  1.918E+04  6.3684E+01  1.4934E+04  1.3465E+00  8.3869E+00  8.8824E+01  8.8262E+02  7.9006E-09
 -3.9000   1141.2  2.86171E-02  1.918E+04  6.3684E+01  1.4934E+04  1.3465E+00  8.3869E+00  8.0577E+01  3.9236E+02  4.5406E-09
 -4.0000   1222.3  3.80307E-02  1.918E+04  6.3684E+01  1.4934E+04  1.3465E+00  8.3869E+00  6.6355E+01  0.0000E+00  1.7466E-09
