  0.3927227      0.0000000E+00  0.0000000E+00
  1.4000     51.8  1.34767E+02  3.262E+04  1.0576E+02  2.8359E+04  3.8749E+00  5.1135E+00  1.8403E+00  9.6773E+03  2.0199E-08
  1.3000     52.8  1.20165E+02  3.262E+04  1.0576E+02  2.8359E+04  3.8749E+00  5.1135E+00  1.8489E+00  9.3009E+03  1.9869E-08
  1.2000     53.8  1.06426E+02  3.262E+04  1.0576E+02  2.8359E+04  3.8749E+00  5.1135E+00  1.8487E+00  8.9372E+03  1.9554E-08
  1.1000     54.8  9.36123E+01  3.262E+04  1.0576E+02  2.8359E+04  3.8749E+00  5.1135E+00  1.8393E+00  8.5845E+03  1.9251E-08
  1.0000     55.8  8.17584E+01  3.262E+04  1.0576E+02  2.8359E+04  3.8749E+00  5.1135E+00  1.8205E+00  8.2409E+03  1.8958E-08
  0.9000     56.7  7.08894E+01  3.262E+04  1.0576E+02  2.8359E+04  3.8749E+00  5.1135E+00  1.7919E+00  7.9046E+03  1.8672E-08
  0.8000     57.7  5.96581E+01  3.262E+04  1.0576E+02  2.8359E+04  3.8749E+00  5.1135E+00  1.7524E+00  7.5699E+03  1.8436E-08
  0.7000     58.7  4.73816E+01  3.262E+04  1.0576E+02  2.8359E+04  3.8749E+00  5.1135E+00  1.6985E+00  7.2216E+03  1.8274E-08
  0.6000     59.7  3.55940E+01  3.262E+04  1.0576E+02  2.8359E+04  3.8749E+00  5.1135E+00  1.6231E+00  6.8384E+03  1.8111E-08
  0.5000     60.7  2.53690E+01  3.262E+04  1.0576E+02  2.8359E+04  3.8749E+00  5.1135E+00  1.5157E+00  6.3957E+03  1.7858E-08
  0.4000     61.7  1.67164E+01  3.262E+04  1.0576E+02  2.8359E+04  3.8749E+00  5.1135E+00  1.3584E+00  5.8569E+03  1.7442E-08
  0.3000     62.7  1.07063E+01  3.262E+04  1.0576E+02  2.8359E+04  3.8749E+00  5.1135E+00  1.1302E+00  5.1879E+03  1.6613E-08
  0.2000     63.7  6.73428E+00  3.262E+04  1.0576E+02  2.8359E+04  3.8749E+00  5.1135E+00  8.1758E-01  4.3815E+03  1.5271E-08
  0.1000     64.7  4.26848E+00  3.262E+04  1.0576E+02  2.8359E+04  3.8749E+00  5.1135E+00  4.2766E-01  3.4756E+03  1.3414E-08
  0.0000     65.7  2.74219E+00  3.262E+04  1.0576E+02  2.8359E+04  3.8749E+00  5.1135E+00  0.0000E+00  2.5593E+03  1.1254E-08
 -0.1000     66.7  1.80797E+00  3.262E+04  1.0576E+02  2.8359E+04  3.8749E+00  5.1135E+00  4.0272E-01  1.7397E+03  9.0968E-09
 -0.2000     67.7  1.23129E+00  3.262E+04  1.0576E+02  2.8359E+04  3.8749E+00  5.1135E+00  7.2175E-01  1.0922E+03  7.2196E-09
 -0.3000     68.7  8.72298E-01  3.262E+04  1.0576E+02  2.8359E+04  3.8749E+00  5.1135E+00  9.2569E-01  6.3465E+02  5.7487E-09
 -0.4000     69.7  6.52757E-01  3.262E+04  1.0576E+02  2.8359E+04  3.8749E+00  5.1135E+00  1.0177E+00  3.3725E+02  4.6576E-09
 -0.5000     70.7  5.06655E-01  3.262E+04  1.0576E+02  2.8359E+04  3.8749E+00  5.1135E+00  1.0165E+00  1.5604E+02  3.8749E-09
 -0.6000     71.7  4.04982E-01  3.262E+04  1.0576E+02  2.8359E+04  3.8749E+00  5.1135E+00  9.3881E-01  5.5078E+01  3.3240E-09
 -0.7000     72.6  3.31866E-01  3.262E+04  1.0576E+02  2.8359E+04  3.8749E+00  5.1135E+00  8.0039E-01  6.3203E+00  2.9399E-09
 -0.8000     73.6  2.81798E-01  3.262E+04  1.0576E+02  2.8359E+04  3.8749E+00  5.1135E+00  6.2089E-01  1.3184E+01  2.6486E-09
 -0.9000     74.6  2.45214E-01  3.262E+04  1.0576E+02  2.8359E+04  3.8749E+00  5.1135E+00  4.2072E-01  2.0363E+01  2.4028E-09
 -1.0000     75.6  2.16615E-01  3.262E+04  1.0576E+02  2.8359E+04  3.8749E+00  5.1135E+00  2.1286E-01  2.3812E+01  2.1779E-09
 -1.1000     76.6  1.92980E-01  3.262E+04  1.0576E+02  2.8359E+04  3.8749E+00  5.1135E+00  6.1951E-03  2.7617E+01  1.9701E-09
 -1.2000     77.6  1.73014E-01  3.262E+04  1.0576E+02  2.8359E+04  3.8749E+00  5.1135E+00  1.9301E-01  3.3539E+01  1.7645E-09
 -1.3000     78.6  1.55494E-01  3.262E+04  1.0576E+02  2.8359E+04  3.8749E+00  5.1135E+00  3.8335E-01  4.1057E+01  1.5631E-09
 -1.4000     79.6  1.39923E-01  3.262E+04  1.0576E+02  2.8359E+04  3.8749E+00  5.1135E+00  5.6511E-01  4.9270E+01  1.3724E-09
 -1.5000     80.6  1.26171E-01  3.262E+04  1.0576E+02  2.8359E+04  3.8749E+00  5.1135E+00  7.3567E-01  5.8102E+01  1.1948E-09
 -1.6000     81.6  1.13833E-01  3.262E+04  1.0576E+02  2.8359E+04  3.8749E+00  5.1135E+00  8.9290E-01  6.7395E+01  1.0268E-09
 -1.7000     82.6  1.02490E-01  3.262E+04  1.0576E+02  2.8359E+04  3.8749E+00  5.1135E+00  1.0401E+00  7.5979E+01  8.6987E-10
 -1.8000     83.6  9.19710E-02  3.262E+04  1.0576E+02  2.8359E+04  3.8749E+00  5.1135E+00  1.1853E+00  8.2389E+01  7.2918E-10
 -1.9000     84.6  8.24834E-02  3.262E+04  1.0576E+02  2.8359E+04  3.8749E+00  5.1135E+00  1.3331E+00  8.6232E+01  6.0955E-10
 -2.0000     85.6  7.39323E-02  3.262E+04  1.0576E+02  2.8359E+04  3.8749E+00  5.1135E+00  1.4837E+00  8.8001E+01  5.0805E-10
 -2.1000     86.6  6.62255E-02  3.262E+04  1.0576E+02  2.8359E+04  3.8749E+00  5.1135E+00  1.6376E+00  8.8106E+01  4.2213E-10
 -2.2000     87.6  5.92864E-02  3.262E+04  1.0576E+02  2.8359E+04  3.8749E+00  5.1135E+00  1.7950E+00  8.6896E+01  3.4962E-10
 -2.3000     88.5  5.29292E-02  3.262E+04  1.0576E+02  2.8359E+04  3.8749E+00  5.1135E+00  1.9587E+00  8.4464E+01  2.8829E-10
 -2.4000     89.5  4.71984E-02  3.262E+04  1.0576E+02  2.8359E+04  3.8749E+00  5.1135E+00  2.1323E+00  8.0898E+01  2.3820E-10
 -2.5000     90.5  4.20337E-02  3.262E+04  1.0576E+02  2.8359E+04  3.8749E+00  5.1135E+00  2.3170E+00  7.6471E+01  1.9759E-10
 -2.6000     91.5  3.75056E-02  3.262E+04  1.0576E+02  2.8359E+04  3.8749E+00  5.1135E+00  2.5106E+00  7.1617E+01  1.6561E-10
 -2.7000     92.5  3.33793E-02  3.262E+04  1.0576E+02  2.8359E+04  3.8749E+00  5.1135E+00  2.7125E+00  6.6587E+01  1.3867E-10
 -2.8000     93.5  2.96643E-02  3.262E+04  1.0576E+02  2.8359E+04  3.8749E+00  5.1135E+00  2.9261E+00  6.1368E+01  1.1699E-10
 -2.9000     94.5  2.62869E-02  3.262E+04  1.0576E+02  2.8359E+04  3.8749E+00  5.1135E+00  3.1553E+00  5.5976E+01  9.9573E-11
 -3.0000     95.5  2.32510E-02  3.262E+04  1.0576E+02  2.8359E+04  3.8749E+00  5.1135E+00  3.4042E+00  5.0438E+01  8.6411E-11
 -3.1000     96.5  2.05238E-02  3.262E+04  1.0576E+02  2.8359E+04  3.8749E+00  5.1135E+00  3.6762E+00  4.4844E+01  7.6795E-11
 -3.2000     97.5  1.80742E-02  3.262E+04  1.0576E+02  2.8359E+04  3.8749E+00  5.1135E+00  3.9748E+00  3.9260E+01  7.0123E-11
 -3.3000     98.5  1.58741E-02  3.262E+04  1.0576E+02  2.8359E+04  3.8749E+00  5.1135E+00  4.3049E+00  3.3740E+01  6.5889E-11
 -3.4000     99.5  1.38977E-02  3.262E+04  1.0576E+02  2.8359E+04  3.8749E+00  5.1135E+00  4.6721E+00  2.8325E+01  6.3659E-11
 -3.5000    100.5  1.20828E-02  3.262E+04  1.0576E+02  2.8359E+04  3.8749E+00  5.1135E+00  5.0845E+00  2.3023E+01  6.3387E-11
 -3.6000    101.5  1.04734E-02  3.262E+04  1.0576E+02  2.8359E+04  3.8749E+00  5.1135E+00  5.5527E+00  1.7841E+01  6.4344E-11
 -3.7000    102.5  9.07528E-03  3.262E+04  1.0576E+02  2.8359E+04  3.8749E+00  5.1135E+00  6.0867E+00  1.2829E+01  6.6161E-11
 -3.8000    103.5  7.90796E-03  3.262E+04  1.0576E+02  2.8359E+04  3.8749E+00  5.1135E+00  6.6947E+00  8.0908E+00  6.8308E-11
 -3.9000    104.4  6.91500E-03  3.262E+04  1.0576E+02  2.8359E+04  3.8749E+00  5.1135E+00  7.3851E+00  3.7344E+00  7.0423E-11
 -4.0000    105.4  6.29289E-03  3.262E+04  1.0576E+02  2.8359E+04  3.8749E+00  5.1135E+00  8.1498E+00  0.0000E+00  7.1191E-11
