 -------------------------------------------------------------------------------
 -                                        
  it  DE     s/n      chi**2    Mac1   Mac2   mic1   mic2   fill2 Ic1/Ic2 stray 
   0       7.11E+00  3.198E+03
   1  -3.  1.99E+01  5.176E+02  1.489  0.000  0.300  0.000  0.000 -1.000   0.000
   2  -4.  2.71E+01  2.574E+02  2.233  0.000  0.450  0.000  0.000 -1.000   0.000
   3  -5.  5.11E+01  1.458E+02  1.949  0.000  0.675  0.000  0.000 -1.000   0.000
   4  -5.  4.57E+01  8.016E+01  1.044  0.000  1.012  0.000  0.000 -1.000   0.000
   5  -6.  8.93E+01  4.450E+01  1.241  0.000  1.285  0.000  0.000 -1.000   0.000
   6  -6.  8.88E+01  4.397E+01  1.152  0.000  1.380  0.000  0.000 -1.000   0.000
   7  -6.  8.97E+01  4.394E+01  1.187  0.000  1.361  0.000  0.000 -1.000   0.000
   8  -7.  8.95E+01  4.393E+01  1.174  0.000  1.370  0.000  0.000 -1.000   0.000
   9  -7.  8.96E+01  4.393E+01  1.179  0.000  1.367  0.000  0.000 -1.000   0.000
  10  -7.  8.96E+01  4.393E+01  1.178  0.000  1.368  0.000  0.000 -1.000   0.000
  11  -0.  8.96E+01  4.393E+01  1.178  0.000  1.368  0.000  0.000 -1.000   0.000
  it  DE     s/n      chi**2    Mac1   Mac2   mic1   mic2   fill2 Ic1/Ic2 stray 
   0       8.96E+01  7.718E+01
   1  -1.  8.40E+01  6.635E+01  1.154  0.000  1.494  0.000  0.000 -1.000   0.000
   2  -2.  9.05E+01  6.359E+01  1.259  0.000  1.542  0.000  0.000 -1.000   0.000
   3  -1.  9.16E+01  6.234E+01  1.244  0.000  1.532  0.000  0.000 -1.000   0.000
   4  -2.  9.58E+01  6.003E+01  1.299  0.000  1.506  0.000  0.000 -1.000   0.000
   5  -1.  9.62E+01  5.939E+01  1.303  0.000  1.489  0.000  0.000 -1.000   0.000
   6  -1.  9.70E+01  5.901E+01  1.305  0.000  1.485  0.000  0.000 -1.000   0.000
   7  -1.  9.75E+01  5.870E+01  1.309  0.000  1.480  0.000  0.000 -1.000   0.000
   8  -1.  9.78E+01  5.841E+01  1.314  0.000  1.475  0.000  0.000 -1.000   0.000
   9  -1.  9.80E+01  5.816E+01  1.318  0.000  1.470  0.000  0.000 -1.000   0.000
  10  -1.  9.81E+01  5.794E+01  1.322  0.000  1.465  0.000  0.000 -1.000   0.000
  11  -1.  9.83E+01  5.777E+01  1.326  0.000  1.459  0.000  0.000 -1.000   0.000
  12  -1.  9.84E+01  5.762E+01  1.328  0.000  1.455  0.000  0.000 -1.000   0.000
  13  -2.  9.80E+01  5.685E+01  1.334  0.000  1.453  0.000  0.000 -1.000   0.000
  14  -2.  9.82E+01  5.637E+01  1.350  0.000  1.439  0.000  0.000 -1.000   0.000
  15  -3.  9.75E+01  5.576E+01  1.371  0.000  1.433  0.000  0.000 -1.000   0.000
  16  -4.  9.75E+01  5.559E+01  1.396  0.000  1.415  0.000  0.000 -1.000   0.000
  17  -5.  9.75E+01  5.556E+01  1.404  0.000  1.407  0.000  0.000 -1.000   0.000
  it  DE     s/n      chi**2    Mac1   Mac2   mic1   mic2   fill2 Ic1/Ic2 stray 
   0       9.76E+01  3.915E+02
  18  -5.  9.76E+01  5.556E+01  1.409  0.000  1.404  0.000  0.000 -1.000   0.000
   1  -1.  9.09E+01  3.813E+02  1.460  0.000  1.409  0.000  0.000 -1.000   0.000
   2  -2.  8.90E+01  3.778E+02  1.488  0.000  1.448  0.000  0.000 -1.000   0.000
   3  -1.  8.90E+01  3.775E+02  1.490  0.000  1.452  0.000  0.000 -1.000   0.000
   4  -2.  8.85E+01  3.755E+02  1.493  0.000  1.476  0.000  0.000 -1.000   0.000
   5  -1.  8.85E+01  3.753E+02  1.495  0.000  1.478  0.000  0.000 -1.000   0.000
   6  -1.  8.85E+01  3.751E+02  1.496  0.000  1.479  0.000  0.000 -1.000   0.000
   7  -1.  8.85E+01  3.750E+02  1.497  0.000  1.481  0.000  0.000 -1.000   0.000
   8  -1.  8.84E+01  3.748E+02  1.497  0.000  1.482  0.000  0.000 -1.000   0.000
   9  -1.  8.84E+01  3.746E+02  1.498  0.000  1.484  0.000  0.000 -1.000   0.000
  10  -1.  8.84E+01  3.744E+02  1.498  0.000  1.485  0.000  0.000 -1.000   0.000
  11  -1.  8.83E+01  3.743E+02  1.498  0.000  1.486  0.000  0.000 -1.000   0.000
  12   0.  8.83E+01  3.743E+02  1.499  0.000  1.487  0.000  0.000 -1.000   0.000
  13   0.  8.83E+01  3.742E+02  1.499  0.000  1.487  0.000  0.000 -1.000   0.000
  14   0.  8.83E+01  3.742E+02  1.499  0.000  1.487  0.000  0.000 -1.000   0.000
  15   0.  8.83E+01  3.742E+02  1.499  0.000  1.487  0.000  0.000 -1.000   0.000
 -------------------------------------------------------------------------------
 -                                        
  it  DE     s/n      chi**2    Mac1   Mac2   mic1   mic2   fill2 Ic1/Ic2 stray 
   0       7.93E+00  2.308E+03
   1  -3.  9.73E+00  9.201E+02  1.500  1.500  0.300  0.300  0.400 -1.000   0.000
   2  -4.  9.66E+00  8.566E+02  2.250  2.250  0.450  0.450  0.571 -1.000   0.000
   3  -5.  1.24E+01  6.700E+02  1.125  1.125  0.675  0.675  0.471 -1.000   0.000
   4  -0.  1.40E+01  5.293E+02  1.557  1.557  1.012  1.012  0.372 -1.000   0.000
   5  -1.  2.56E+01  2.719E+02  1.975  1.975  1.519  1.519  0.283 -1.000   0.000
   6  -1.  2.87E+01  2.219E+02  2.962  2.962  2.016  2.016  0.208 -1.000   0.000
   7  -1.  4.32E+01  1.876E+02  1.961  1.961  2.356  2.356  0.230 -1.000   0.000
   8  -1.  5.23E+01  1.137E+02  2.653  2.653  1.766  1.766  0.166 -1.000   0.000
   9  -1.  6.83E+01  8.155E+01  1.326  1.326  1.903  1.903  0.227 -1.000   0.000
  10  -1.  8.67E+01  4.759E+01  1.590  1.590  1.388  1.388  0.164 -1.000   0.000
  11  -2.  1.37E+02  3.597E+01  0.941  0.941  1.684  1.684  0.144 -1.000   0.000
  12  -2.  1.54E+02  3.208E+01  1.336  1.336  1.405  1.405  0.120 -1.000   0.000
  13  -3.  1.50E+02  3.103E+01  1.077  1.077  1.492  1.492  0.124 -1.000   0.000
  14  -4.  1.52E+02  3.066E+01  1.181  1.181  1.408  1.408  0.111 -1.000   0.000
  15  -5.  1.49E+02  3.050E+01  1.125  1.125  1.429  1.429  0.108 -1.000   0.000
  16  -5.  1.45E+02  3.033E+01  1.148  1.148  1.407  1.407  0.100 -1.000   0.000
  17  -5.  1.42E+02  3.014E+01  1.137  1.137  1.406  1.406  0.095 -1.000   0.000
  18  -6.  1.38E+02  2.995E+01  1.142  1.142  1.393  1.393  0.089 -1.000   0.000
  19  -6.  1.35E+02  2.978E+01  1.142  1.142  1.384  1.384  0.085 -1.000   0.000
  20  -6.  1.33E+02  2.967E+01  1.145  1.145  1.373  1.373  0.083 -1.000   0.000
  21  -6.  1.31E+02  2.960E+01  1.146  1.146  1.363  1.363  0.082 -1.000   0.000
  it  DE     s/n      chi**2    Mac1   Mac2   mic1   mic2   fill2 Ic1/Ic2 stray 
   0       1.31E+02  4.942E+01
  22  -7.  1.31E+02  2.958E+01  1.147  1.147  1.356  1.356  0.081 -1.000   0.000
   1  -1.  1.32E+02  4.264E+01  1.142  1.142  1.475  1.475  0.076 -1.000   0.000
   2  -2.  1.50E+02  4.049E+01  1.183  1.183  1.498  1.498  0.082 -1.000   0.000
   3  -1.  1.50E+02  3.846E+01  1.179  1.179  1.504  1.504  0.080 -1.000   0.000
   4  -1.  1.51E+02  3.623E+01  1.183  1.183  1.501  1.501  0.084 -1.000   0.000
   5  -1.  1.53E+02  3.517E+01  1.205  1.205  1.486  1.486  0.087 -1.000   0.000
   6  -1.  1.54E+02  3.289E+01  1.225  1.225  1.474  1.474  0.088 -1.000   0.000
   7  -1.  1.58E+02  2.959E+01  1.249  1.249  1.456  1.456  0.092 -1.000   0.000
   8  -1.  1.62E+02  2.718E+01  1.270  1.270  1.428  1.428  0.100 -1.000   0.000
   9  -1.  1.63E+02  2.582E+01  1.269  1.269  1.409  1.409  0.106 -1.000   0.000
  10  -1.  1.67E+02  2.483E+01  1.259  1.259  1.390  1.390  0.124 -1.000   0.000
  11  -1.  1.72E+02  2.432E+01  1.239  1.239  1.359  1.359  0.144 -1.000   0.000
  12   0.  1.71E+02  2.319E+01  1.227  1.227  1.354  1.354  0.148 -1.000   0.000
  13   0.  1.72E+02  2.285E+01  1.217  1.217  1.349  1.349  0.151 -1.000   0.000
  14   0.  1.72E+02  2.275E+01  1.210  1.210  1.348  1.348  0.153 -1.000   0.000
  15   0.  1.72E+02  2.270E+01  1.204  1.204  1.348  1.348  0.155 -1.000   0.000
  16   0.  1.72E+02  2.267E+01  1.199  1.199  1.349  1.349  0.156 -1.000   0.000
  17   0.  1.73E+02  2.266E+01  1.194  1.194  1.349  1.349  0.157 -1.000   0.000
  18   0.  1.73E+02  2.264E+01  1.190  1.190  1.350  1.350  0.158 -1.000   0.000
  it  DE     s/n      chi**2    Mac1   Mac2   mic1   mic2   fill2 Ic1/Ic2 stray 
   0       1.73E+02  1.461E+02
  19   0.  1.73E+02  2.264E+01  1.186  1.186  1.351  1.351  0.159 -1.000   0.000
   1  -1.  1.73E+02  1.332E+02  1.206  1.206  1.359  1.359  0.156 -1.000   0.000
   2  -1.  1.70E+02  1.272E+02  1.196  1.196  1.396  1.396  0.164 -1.000   0.000
   3  -1.  1.67E+02  1.228E+02  1.167  1.167  1.431  1.431  0.172 -1.000   0.000
   4   0.  1.67E+02  1.192E+02  1.160  1.160  1.432  1.432  0.178 -1.000   0.000
   5   0.  1.66E+02  1.167E+02  1.155  1.155  1.434  1.434  0.182 -1.000   0.000
   6   0.  1.66E+02  1.147E+02  1.152  1.152  1.437  1.437  0.185 -1.000   0.000
   7   0.  1.66E+02  1.128E+02  1.151  1.151  1.440  1.440  0.189 -1.000   0.000
   8   0.  1.66E+02  1.111E+02  1.150  1.150  1.443  1.443  0.193 -1.000   0.000
   9   0.  1.66E+02  1.094E+02  1.149  1.149  1.446  1.446  0.196 -1.000   0.000
  10   0.  1.67E+02  1.077E+02  1.149  1.149  1.449  1.449  0.200 -1.000   0.000
  11   0.  1.67E+02  1.061E+02  1.148  1.148  1.451  1.451  0.204 -1.000   0.000
  12   0.  1.67E+02  1.044E+02  1.148  1.148  1.453  1.453  0.208 -1.000   0.000
  13   0.  1.67E+02  1.027E+02  1.148  1.148  1.456  1.456  0.212 -1.000   0.000
  14   0.  1.67E+02  1.011E+02  1.147  1.147  1.458  1.458  0.217 -1.000   0.000
  15   0.  1.66E+02  9.962E+01  1.147  1.147  1.460  1.460  0.221 -1.000   0.000
  16   0.  1.65E+02  9.814E+01  1.147  1.147  1.461  1.461  0.225 -1.000   0.000
  17   0.  1.64E+02  9.673E+01  1.146  1.146  1.463  1.463  0.229 -1.000   0.000
  18   0.  1.62E+02  9.538E+01  1.146  1.146  1.464  1.464  0.234 -1.000   0.000
  19   0.  1.61E+02  9.410E+01  1.145  1.145  1.466  1.466  0.238 -1.000   0.000
  20   0.  1.59E+02  9.282E+01  1.144  1.144  1.467  1.467  0.242 -1.000   0.000
  21   0.  1.56E+02  9.169E+01  1.143  1.143  1.469  1.469  0.246 -1.000   0.000
  22   0.  1.54E+02  9.061E+01  1.142  1.142  1.470  1.470  0.250 -1.000   0.000
  23   0.  1.51E+02  8.959E+01  1.141  1.141  1.472  1.472  0.254 -1.000   0.000
  24   0.  1.48E+02  8.863E+01  1.140  1.140  1.473  1.473  0.257 -1.000   0.000
  25   0.  1.45E+02  8.773E+01  1.139  1.139  1.475  1.475  0.261 -1.000   0.000
  26   0.  1.42E+02  8.687E+01  1.138  1.138  1.476  1.476  0.264 -1.000   0.000
 -------------------------------------------------------------------------------
 -                                        
  it  DE     s/n      chi**2    Mac1   Mac2   mic1   mic2   fill2 Ic1/Ic2 stray 
   0       7.93E+00  2.308E+03
   1  -3.  9.73E+00  9.201E+02  1.500  1.500  0.300  0.300  0.400 -1.000   0.000
   2  -4.  9.66E+00  8.566E+02  2.250  2.250  0.450  0.450  0.571 -1.000   0.000
   3  -5.  1.24E+01  6.700E+02  1.125  1.125  0.675  0.675  0.471 -1.000   0.000
   4  -0.  1.40E+01  5.293E+02  1.557  1.557  1.012  1.012  0.372 -1.000   0.000
   5  -1.  2.56E+01  2.719E+02  1.975  1.975  1.519  1.519  0.283 -1.000   0.000
   6  -1.  2.87E+01  2.219E+02  2.962  2.962  2.016  2.016  0.208 -1.000   0.000
   7  -1.  4.32E+01  1.876E+02  1.961  1.961  2.356  2.356  0.230 -1.000   0.000
   8  -1.  5.23E+01  1.137E+02  2.653  2.653  1.766  1.766  0.166 -1.000   0.000
   9  -1.  6.83E+01  8.155E+01  1.326  1.326  1.903  1.903  0.227 -1.000   0.000
  10  -1.  8.67E+01  4.759E+01  1.590  1.590  1.388  1.388  0.164 -1.000   0.000
  11  -2.  1.37E+02  3.597E+01  0.941  0.941  1.684  1.684  0.144 -1.000   0.000
  12  -2.  1.54E+02  3.208E+01  1.336  1.336  1.405  1.405  0.120 -1.000   0.000
  13  -3.  1.50E+02  3.103E+01  1.077  1.077  1.492  1.492  0.124 -1.000   0.000
  14  -4.  1.52E+02  3.066E+01  1.181  1.181  1.408  1.408  0.111 -1.000   0.000
  15  -5.  1.49E+02  3.050E+01  1.125  1.125  1.429  1.429  0.108 -1.000   0.000
  16  -5.  1.45E+02  3.033E+01  1.148  1.148  1.407  1.407  0.100 -1.000   0.000
  17  -5.  1.42E+02  3.014E+01  1.137  1.137  1.406  1.406  0.095 -1.000   0.000
  18  -6.  1.38E+02  2.995E+01  1.142  1.142  1.393  1.393  0.089 -1.000   0.000
  19  -6.  1.35E+02  2.978E+01  1.142  1.142  1.384  1.384  0.085 -1.000   0.000
  20  -6.  1.33E+02  2.967E+01  1.145  1.145  1.373  1.373  0.083 -1.000   0.000
  21  -6.  1.31E+02  2.960E+01  1.146  1.146  1.363  1.363  0.082 -1.000   0.000
  it  DE     s/n      chi**2    Mac1   Mac2   mic1   mic2   fill2 Ic1/Ic2 stray 
   0       1.31E+02  4.862E+01
  22  -7.  1.31E+02  2.958E+01  1.147  1.147  1.356  1.356  0.081 -1.000   0.000
   1  -3.  1.21E+02  4.381E+01  1.097  1.097  1.495  1.495  0.069 -1.000   0.000
   2  -4.  1.27E+02  4.342E+01  1.123  1.123  1.478  1.478  0.072 -1.000   0.000
   3  -5.  1.26E+02  4.341E+01  1.122  1.122  1.480  1.480  0.070 -1.000   0.000
   4  -5.  1.25E+02  4.340E+01  1.121  1.121  1.480  1.480  0.069 -1.000   0.000
   5  -6.  1.25E+02  4.340E+01  1.122  1.122  1.480  1.480  0.068 -1.000   0.000
   6  -6.  1.24E+02  4.340E+01  1.122  1.122  1.480  1.480  0.068 -1.000   0.000
   7  -6.  1.26E+02  4.336E+01  1.113  1.113  1.470  1.470  0.068 -1.000   0.000
   8  -7.  1.26E+02  4.335E+01  1.120  1.120  1.472  1.472  0.068 -1.000   0.000
   9  -7.  1.25E+02  4.335E+01  1.116  1.116  1.473  1.473  0.068 -1.000   0.000
  10  -7.  1.25E+02  4.335E+01  1.117  1.117  1.472  1.472  0.067 -1.000   0.000
  11  -7.  1.25E+02  4.334E+01  1.117  1.117  1.472  1.472  0.067 -1.000   0.000
  12  -8.  1.25E+02  4.334E+01  1.117  1.117  1.472  1.472  0.067 -1.000   0.000
  13  -8.  1.25E+02  4.334E+01  1.117  1.117  1.473  1.473  0.067 -1.000   0.000
  14  -8.  1.25E+02  4.334E+01  1.117  1.117  1.473  1.473  0.067 -1.000   0.000
  it  DE     s/n      chi**2    Mac1   Mac2   mic1   mic2   fill2 Ic1/Ic2 stray 
   0       1.25E+02  3.050E+02
  15  -9.  1.25E+02  4.334E+01  1.117  1.117  1.473  1.473  0.067 -1.000   0.000
   1  -1.  1.24E+02  2.987E+02  1.104  1.104  1.583  1.583  0.065 -1.000   0.000
   2  -2.  1.14E+02  2.946E+02  1.141  1.141  1.683  1.683  0.058 -1.000   0.000
   3  -3.  1.02E+02  2.895E+02  1.157  1.157  1.724  1.724  0.053 -1.000   0.000
   4  -4.  1.04E+02  2.890E+02  1.150  1.150  1.711  1.711  0.057 -1.000   0.000
   5  -5.  1.02E+02  2.887E+02  1.159  1.159  1.702  1.702  0.056 -1.000   0.000
   6  -5.  1.02E+02  2.882E+02  1.155  1.155  1.702  1.702  0.056 -1.000   0.000
   7  -6.  1.02E+02  2.872E+02  1.165  1.165  1.688  1.688  0.057 -1.000   0.000
   8  -6.  9.99E+01  2.859E+02  1.194  1.194  1.640  1.640  0.058 -1.000   0.000
   9  -6.  9.64E+01  2.849E+02  1.220  1.220  1.588  1.588  0.063 -1.000   0.000
  10  -7.  9.62E+01  2.842E+02  1.213  1.213  1.595  1.595  0.066 -1.000   0.000
  11  -7.  9.59E+01  2.842E+02  1.215  1.215  1.592  1.592  0.065 -1.000   0.000
  12  -1.  9.59E+01  2.842E+02  1.215  1.215  1.592  1.592  0.065 -1.000   0.000
  13   3.  9.59E+01  2.842E+02  1.215  1.215  1.592  1.592  0.065 -1.000   0.000
 -------------------------------------------------------------------------------
 -                                        
  it  DE     s/n      chi**2    Mac1   Mac2   mic1   mic2   fill2 Ic1/Ic2 stray 
   0       7.93E+00  2.318E+03
   1  -3.  2.30E+01  4.243E+02  1.500  1.500  0.300  0.300  0.446 -1.000   0.000
   2  -4.  3.25E+01  2.434E+02  2.250  2.250  0.450  0.450  0.617 -1.000   0.000
   3  -3.  3.25E+01  2.142E+02  1.979  1.979  0.675  0.675  0.579 -1.000   0.000
   4  -2.  4.01E+01  1.182E+02  0.990  0.990  1.012  1.012  0.591 -1.000   0.000
   5  -1.  9.72E+01  3.884E+01  1.155  1.155  1.440  1.440  0.491 -1.000   0.000
   6  -2.  1.42E+02  3.292E+01  1.173  1.173  1.421  1.421  0.445 -1.000   0.000
   7  -1.  1.45E+02  3.158E+01  1.150  1.150  1.430  1.430  0.444 -1.000   0.000
   8  -2.  1.43E+02  3.121E+01  1.139  1.139  1.438  1.438  0.436 -1.000   0.000
   9  -1.  1.45E+02  3.007E+01  1.139  1.139  1.439  1.439  0.435 -1.000   0.000
  10  -2.  1.44E+02  2.999E+01  1.129  1.129  1.452  1.452  0.423 -1.000   0.000
  11  -1.  1.45E+02  2.989E+01  1.132  1.132  1.455  1.455  0.422 -1.000   0.000
  12  -2.  1.45E+02  2.981E+01  1.130  1.130  1.460  1.460  0.409 -1.000   0.000
  13  -1.  1.46E+02  2.980E+01  1.132  1.132  1.463  1.463  0.408 -1.000   0.000
  14  -2.  1.46E+02  2.973E+01  1.132  1.132  1.468  1.468  0.396 -1.000   0.000
  15  -1.  1.46E+02  2.972E+01  1.134  1.134  1.471  1.471  0.395 -1.000   0.000
  16  -2.  1.47E+02  2.966E+01  1.134  1.134  1.477  1.477  0.384 -1.000   0.000
  17  -1.  1.47E+02  2.965E+01  1.136  1.136  1.480  1.480  0.383 -1.000   0.000
  18  -2.  1.47E+02  2.959E+01  1.138  1.138  1.489  1.489  0.374 -1.000   0.000
  it  DE     s/n      chi**2    Mac1   Mac2   mic1   mic2   fill2 Ic1/Ic2 stray 
   0       1.47E+02  5.003E+01
  19  -1.  1.47E+02  2.958E+01  1.140  1.140  1.492  1.492  0.373 -1.000   0.000
   1  -1.  1.29E+02  4.681E+01  1.129  1.129  1.623  1.623  0.361 -1.000   0.000
   2  -1.  1.39E+02  4.444E+01  1.137  1.137  1.607  1.607  0.331 -1.000   0.000
   3  -1.  1.36E+02  4.368E+01  1.123  1.123  1.629  1.629  0.308 -1.000   0.000
   4  -1.  1.38E+02  4.324E+01  1.115  1.115  1.630  1.630  0.291 -1.000   0.000
   5  -1.  1.36E+02  4.286E+01  1.110  1.110  1.635  1.635  0.276 -1.000   0.000
   6  -1.  1.36E+02  4.249E+01  1.110  1.110  1.627  1.627  0.264 -1.000   0.000
   7  -1.  1.35E+02  4.206E+01  1.114  1.114  1.617  1.617  0.254 -1.000   0.000
   8  -1.  1.33E+02  4.150E+01  1.124  1.124  1.606  1.606  0.245 -1.000   0.000
   9  -2.  1.27E+02  4.068E+01  1.127  1.127  1.593  1.593  0.217 -1.000   0.000
  10  -2.  1.26E+02  4.026E+01  1.129  1.129  1.584  1.584  0.214 -1.000   0.000
  11  -3.  1.27E+02  4.019E+01  1.123  1.123  1.588  1.588  0.238 -1.000   0.000
  12  -4.  1.26E+02  4.013E+01  1.132  1.132  1.596  1.596  0.250 -1.000   0.000
  13  -1.  1.27E+02  3.992E+01  1.129  1.129  1.599  1.599  0.251 -1.000   0.000
  14  -2.  1.28E+02  3.989E+01  1.128  1.128  1.601  1.601  0.250 -1.000   0.000
  15  -1.  1.29E+02  3.979E+01  1.127  1.127  1.603  1.603  0.252 -1.000   0.000
  16  -2.  1.30E+02  3.976E+01  1.127  1.127  1.606  1.606  0.251 -1.000   0.000
  17  -1.  1.30E+02  3.971E+01  1.126  1.126  1.607  1.607  0.253 -1.000   0.000
  it  DE     s/n      chi**2    Mac1   Mac2   mic1   mic2   fill2 Ic1/Ic2 stray 
   0       1.31E+02  2.905E+02
  18  -2.  1.31E+02  3.969E+01  1.126  1.126  1.610  1.610  0.252 -1.000   0.000
   1  -1.  1.32E+02  2.853E+02  1.211  1.211  1.615  1.615  0.257 -1.000   0.000
   2  -2.  1.29E+02  2.849E+02  1.260  1.260  1.659  1.659  0.292 -1.000   0.000
   3  -1.  1.30E+02  2.821E+02  1.248  1.248  1.654  1.654  0.293 -1.000   0.000
   4  -1.  1.30E+02  2.819E+02  1.252  1.252  1.654  1.654  0.295 -1.000   0.000
   5  -1.  1.29E+02  2.817E+02  1.255  1.255  1.656  1.656  0.297 -1.000   0.000
   6  -1.  1.29E+02  2.816E+02  1.257  1.257  1.658  1.658  0.299 -1.000   0.000
   7  -1.  1.29E+02  2.815E+02  1.259  1.259  1.660  1.660  0.301 -1.000   0.000
   8  -1.  1.29E+02  2.814E+02  1.261  1.261  1.661  1.661  0.303 -1.000   0.000
   9  -1.  1.29E+02  2.813E+02  1.263  1.263  1.663  1.663  0.305 -1.000   0.000
  10  -1.  1.29E+02  2.812E+02  1.265  1.265  1.664  1.664  0.307 -1.000   0.000
  11  -1.  1.29E+02  2.811E+02  1.266  1.266  1.664  1.664  0.309 -1.000   0.000
  12  -1.  1.28E+02  2.811E+02  1.268  1.268  1.665  1.665  0.311 -1.000   0.000
  13  -1.  1.28E+02  2.810E+02  1.269  1.269  1.665  1.665  0.312 -1.000   0.000
  14  -1.  1.28E+02  2.810E+02  1.270  1.270  1.666  1.666  0.314 -1.000   0.000
  15  -1.  1.28E+02  2.809E+02  1.271  1.271  1.666  1.666  0.315 -1.000   0.000
  16  -1.  1.28E+02  2.809E+02  1.272  1.272  1.666  1.666  0.317 -1.000   0.000
  17  -1.  1.28E+02  2.809E+02  1.273  1.273  1.666  1.666  0.318 -1.000   0.000
 -------------------------------------------------------------------------------
 -                                        
  it  DE     s/n      chi**2    Mac1   Mac2   mic1   mic2   fill2 Ic1/Ic2 stray 
   0       7.93E+00  2.308E+03
   1  -3.  9.73E+00  9.201E+02  1.500  1.500  0.300  0.300  0.400 -1.000   0.000
   2  -4.  9.66E+00  8.566E+02  2.250  2.250  0.450  0.450  0.571 -1.000   0.000
   3  -5.  1.24E+01  6.700E+02  1.125  1.125  0.675  0.675  0.471 -1.000   0.000
   4  -0.  1.40E+01  5.293E+02  1.557  1.557  1.012  1.012  0.372 -1.000   0.000
   5  -1.  2.56E+01  2.719E+02  1.975  1.975  1.519  1.519  0.283 -1.000   0.000
   6  -1.  2.87E+01  2.219E+02  2.962  2.962  2.016  2.016  0.208 -1.000   0.000
   7  -1.  4.32E+01  1.876E+02  1.961  1.961  2.356  2.356  0.230 -1.000   0.000
   8  -1.  5.23E+01  1.137E+02  2.653  2.653  1.766  1.766  0.166 -1.000   0.000
   9  -1.  6.83E+01  8.155E+01  1.326  1.326  1.903  1.903  0.227 -1.000   0.000
  10  -1.  8.67E+01  4.759E+01  1.590  1.590  1.388  1.388  0.164 -1.000   0.000
  11  -2.  1.37E+02  3.597E+01  0.941  0.941  1.684  1.684  0.144 -1.000   0.000
  12  -2.  1.54E+02  3.208E+01  1.336  1.336  1.405  1.405  0.120 -1.000   0.000
  13  -3.  1.50E+02  3.103E+01  1.077  1.077  1.492  1.492  0.124 -1.000   0.000
  14  -4.  1.52E+02  3.066E+01  1.181  1.181  1.408  1.408  0.111 -1.000   0.000
  15  -5.  1.49E+02  3.050E+01  1.125  1.125  1.429  1.429  0.108 -1.000   0.000
  16  -5.  1.45E+02  3.033E+01  1.148  1.148  1.407  1.407  0.100 -1.000   0.000
  17  -5.  1.42E+02  3.014E+01  1.137  1.137  1.406  1.406  0.095 -1.000   0.000
  18  -6.  1.38E+02  2.995E+01  1.142  1.142  1.393  1.393  0.089 -1.000   0.000
  19  -6.  1.35E+02  2.978E+01  1.142  1.142  1.384  1.384  0.085 -1.000   0.000
  20  -6.  1.33E+02  2.967E+01  1.145  1.145  1.373  1.373  0.083 -1.000   0.000
  21  -6.  1.31E+02  2.960E+01  1.146  1.146  1.363  1.363  0.082 -1.000   0.000
  it  DE     s/n      chi**2    Mac1   Mac2   mic1   mic2   fill2 Ic1/Ic2 stray 
   0       1.31E+02  4.862E+01
  22  -7.  1.31E+02  2.958E+01  1.147  1.147  1.356  1.356  0.081 -1.000   0.000
   1  -3.  1.21E+02  4.381E+01  1.097  1.097  1.495  1.495  0.069 -1.000   0.000
   2  -4.  1.27E+02  4.342E+01  1.123  1.123  1.478  1.478  0.072 -1.000   0.000
   3  -5.  1.26E+02  4.341E+01  1.122  1.122  1.480  1.480  0.070 -1.000   0.000
   4  -5.  1.25E+02  4.340E+01  1.121  1.121  1.480  1.480  0.069 -1.000   0.000
   5  -6.  1.25E+02  4.340E+01  1.122  1.122  1.480  1.480  0.068 -1.000   0.000
   6  -6.  1.24E+02  4.340E+01  1.122  1.122  1.480  1.480  0.068 -1.000   0.000
   7  -6.  1.26E+02  4.336E+01  1.113  1.113  1.470  1.470  0.068 -1.000   0.000
   8  -7.  1.26E+02  4.335E+01  1.120  1.120  1.472  1.472  0.068 -1.000   0.000
   9  -7.  1.25E+02  4.335E+01  1.116  1.116  1.473  1.473  0.068 -1.000   0.000
  10  -7.  1.25E+02  4.335E+01  1.117  1.117  1.472  1.472  0.067 -1.000   0.000
  11  -7.  1.25E+02  4.334E+01  1.117  1.117  1.472  1.472  0.067 -1.000   0.000
  12  -8.  1.25E+02  4.334E+01  1.117  1.117  1.472  1.472  0.067 -1.000   0.000
  13  -8.  1.25E+02  4.334E+01  1.117  1.117  1.473  1.473  0.067 -1.000   0.000
  14  -8.  1.25E+02  4.334E+01  1.117  1.117  1.473  1.473  0.067 -1.000   0.000
  it  DE     s/n      chi**2    Mac1   Mac2   mic1   mic2   fill2 Ic1/Ic2 stray 
   0       1.25E+02  3.078E+02
  15  -9.  1.25E+02  4.334E+01  1.117  1.117  1.473  1.473  0.067 -1.000   0.000
   1  -1.  1.23E+02  3.012E+02  1.107  1.107  1.578  1.578  0.067 -1.000   0.000
   2  -1.  1.18E+02  2.991E+02  1.109  1.109  1.611  1.611  0.067 -1.000   0.000
   3  -1.  1.14E+02  2.975E+02  1.110  1.110  1.639  1.639  0.068 -1.000   0.000
   4  -1.  1.11E+02  2.959E+02  1.110  1.110  1.659  1.659  0.068 -1.000   0.000
   5  -1.  1.09E+02  2.939E+02  1.108  1.108  1.670  1.670  0.069 -1.000   0.000
   6  -1.  1.07E+02  2.915E+02  1.111  1.111  1.663  1.663  0.071 -1.000   0.000
   7  -1.  1.05E+02  2.891E+02  1.118  1.118  1.641  1.641  0.073 -1.000   0.000
   8  -1.  1.03E+02  2.876E+02  1.123  1.123  1.630  1.630  0.075 -1.000   0.000
   9  -2.  1.05E+02  2.849E+02  1.171  1.171  1.622  1.622  0.088 -1.000   0.000
  10  -2.  1.03E+02  2.837E+02  1.200  1.200  1.612  1.612  0.094 -1.000   0.000
  11  -1.  1.03E+02  2.834E+02  1.202  1.202  1.611  1.611  0.095 -1.000   0.000
  12  -2.  1.02E+02  2.834E+02  1.212  1.212  1.609  1.609  0.099 -1.000   0.000
  13  -1.  1.02E+02  2.833E+02  1.213  1.213  1.610  1.610  0.100 -1.000   0.000
  14  -2.  1.02E+02  2.832E+02  1.217  1.217  1.611  1.611  0.106 -1.000   0.000
  15  -1.  1.02E+02  2.832E+02  1.217  1.217  1.612  1.612  0.107 -1.000   0.000
  16  -2.  1.03E+02  2.831E+02  1.220  1.220  1.614  1.614  0.114 -1.000   0.000
  17  -1.  1.03E+02  2.830E+02  1.221  1.221  1.615  1.615  0.115 -1.000   0.000
 -------------------------------------------------------------------------------
 -                                        
  it  DE     s/n      chi**2    Mac1   Mac2   mic1   mic2   fill2 Ic1/Ic2 stray 
   0       7.93E+00  2.308E+03
   1  -3.  9.73E+00  9.201E+02  1.500  1.500  0.300  0.300  0.400 -1.000   0.000
   2  -4.  9.66E+00  8.566E+02  2.250  2.250  0.450  0.450  0.571 -1.000   0.000
   3  -5.  1.24E+01  6.700E+02  1.125  1.125  0.675  0.675  0.471 -1.000   0.000
   4  -0.  1.40E+01  5.293E+02  1.557  1.557  1.012  1.012  0.372 -1.000   0.000
   5  -1.  2.56E+01  2.719E+02  1.975  1.975  1.519  1.519  0.283 -1.000   0.000
   6  -1.  2.87E+01  2.219E+02  2.962  2.962  2.016  2.016  0.208 -1.000   0.000
   7  -1.  4.32E+01  1.876E+02  1.961  1.961  2.356  2.356  0.230 -1.000   0.000
   8  -1.  5.23E+01  1.137E+02  2.653  2.653  1.766  1.766  0.166 -1.000   0.000
   9  -1.  6.83E+01  8.155E+01  1.326  1.326  1.903  1.903  0.227 -1.000   0.000
  10  -1.  8.67E+01  4.759E+01  1.590  1.590  1.388  1.388  0.164 -1.000   0.000
  11  -2.  1.37E+02  3.597E+01  0.941  0.941  1.684  1.684  0.144 -1.000   0.000
  12  -2.  1.54E+02  3.208E+01  1.336  1.336  1.405  1.405  0.120 -1.000   0.000
  13  -3.  1.50E+02  3.103E+01  1.077  1.077  1.492  1.492  0.124 -1.000   0.000
  14  -4.  1.52E+02  3.066E+01  1.181  1.181  1.408  1.408  0.111 -1.000   0.000
  15  -5.  1.49E+02  3.050E+01  1.125  1.125  1.429  1.429  0.108 -1.000   0.000
  16  -5.  1.45E+02  3.033E+01  1.148  1.148  1.407  1.407  0.100 -1.000   0.000
  17  -5.  1.42E+02  3.014E+01  1.137  1.137  1.406  1.406  0.095 -1.000   0.000
  18  -6.  1.38E+02  2.995E+01  1.142  1.142  1.393  1.393  0.089 -1.000   0.000
  19  -6.  1.35E+02  2.978E+01  1.142  1.142  1.384  1.384  0.085 -1.000   0.000
  20  -6.  1.33E+02  2.967E+01  1.145  1.145  1.373  1.373  0.083 -1.000   0.000
  21  -6.  1.31E+02  2.960E+01  1.146  1.146  1.363  1.363  0.082 -1.000   0.000
  it  DE     s/n      chi**2    Mac1   Mac2   mic1   mic2   fill2 Ic1/Ic2 stray 
   0       1.31E+02  4.907E+01
  22  -7.  1.31E+02  2.958E+01  1.147  1.147  1.356  1.356  0.081 -1.000   0.000
   1  -3.  1.19E+02  4.424E+01  1.094  1.094  1.480  1.480  0.064 -1.000   0.000
   2  -2.  1.19E+02  4.365E+01  1.086  1.086  1.506  1.506  0.083 -1.000   0.000
   3  -1.  1.20E+02  4.342E+01  1.091  1.091  1.501  1.501  0.084 -1.000   0.000
   4  -1.  1.21E+02  4.335E+01  1.091  1.091  1.503  1.503  0.087 -1.000   0.000
   5  -1.  1.21E+02  4.329E+01  1.090  1.090  1.505  1.505  0.090 -1.000   0.000
   6  -1.  1.21E+02  4.323E+01  1.089  1.089  1.506  1.506  0.092 -1.000   0.000
   7  -1.  1.22E+02  4.317E+01  1.088  1.088  1.507  1.507  0.095 -1.000   0.000
   8  -1.  1.22E+02  4.312E+01  1.086  1.086  1.507  1.507  0.098 -1.000   0.000
   9  -1.  1.22E+02  4.307E+01  1.085  1.085  1.507  1.507  0.101 -1.000   0.000
  10  -1.  1.23E+02  4.302E+01  1.084  1.084  1.508  1.508  0.103 -1.000   0.000
  11  -2.  1.24E+02  4.299E+01  1.088  1.088  1.503  1.503  0.114 -1.000   0.000
  12  -2.  1.24E+02  4.298E+01  1.088  1.088  1.505  1.505  0.119 -1.000   0.000
  13  -3.  1.24E+02  4.296E+01  1.090  1.090  1.508  1.508  0.122 -1.000   0.000
  14  -4.  1.25E+02  4.292E+01  1.092  1.092  1.511  1.511  0.122 -1.000   0.000
  15  -5.  1.27E+02  4.282E+01  1.095  1.095  1.517  1.517  0.124 -1.000   0.000
  16  -5.  1.29E+02  4.251E+01  1.100  1.100  1.527  1.527  0.127 -1.000   0.000
  17  -6.  1.30E+02  4.166E+01  1.107  1.107  1.543  1.543  0.131 -1.000   0.000
  18  -6.  1.27E+02  4.052E+01  1.125  1.125  1.561  1.561  0.155 -1.000   0.000
  19  -6.  1.27E+02  4.004E+01  1.117  1.117  1.594  1.594  0.199 -1.000   0.000
  20  -7.  1.29E+02  3.986E+01  1.125  1.125  1.595  1.595  0.222 -1.000   0.000
  21  -7.  1.29E+02  3.976E+01  1.125  1.125  1.615  1.615  0.232 -1.000   0.000
  it  DE     s/n      chi**2    Mac1   Mac2   mic1   mic2   fill2 Ic1/Ic2 stray 
   0       1.31E+02  2.908E+02
  22  -3.  1.31E+02  3.975E+01  1.121  1.121  1.611  1.611  0.241 -1.000   0.000
   1  -1.  1.33E+02  2.859E+02  1.212  1.212  1.616  1.616  0.246 -1.000   0.000
   2  -2.  1.30E+02  2.846E+02  1.258  1.258  1.666  1.666  0.283 -1.000   0.000
   3  -1.  1.31E+02  2.820E+02  1.249  1.249  1.661  1.661  0.284 -1.000   0.000
   4  -2.  1.26E+02  2.817E+02  1.279  1.279  1.675  1.675  0.305 -1.000   0.000
   5  -1.  1.27E+02  2.809E+02  1.271  1.271  1.672  1.672  0.306 -1.000   0.000
   6  -1.  1.27E+02  2.808E+02  1.274  1.274  1.672  1.672  0.307 -1.000   0.000
   7  -1.  1.26E+02  2.808E+02  1.276  1.276  1.673  1.673  0.309 -1.000   0.000
   8  -1.  1.26E+02  2.807E+02  1.278  1.278  1.673  1.673  0.311 -1.000   0.000
   9  -1.  1.26E+02  2.807E+02  1.280  1.280  1.674  1.674  0.313 -1.000   0.000
  10  -1.  1.26E+02  2.806E+02  1.282  1.282  1.675  1.675  0.314 -1.000   0.000
  11  -1.  1.26E+02  2.806E+02  1.284  1.284  1.676  1.676  0.316 -1.000   0.000
  12  -1.  1.26E+02  2.805E+02  1.286  1.286  1.677  1.677  0.317 -1.000   0.000
  13  -1.  1.26E+02  2.805E+02  1.288  1.288  1.678  1.678  0.319 -1.000   0.000
  14  -1.  1.26E+02  2.804E+02  1.290  1.290  1.679  1.679  0.320 -1.000   0.000
  15  -1.  1.25E+02  2.804E+02  1.291  1.291  1.680  1.680  0.322 -1.000   0.000
  16  -1.  1.25E+02  2.804E+02  1.293  1.293  1.681  1.681  0.323 -1.000   0.000
 -------------------------------------------------------------------------------
 -                                        
  it  DE     s/n      chi**2    Mac1   Mac2   mic1   mic2   fill2 Ic1/Ic2 stray 
   0       7.93E+00  2.318E+03
   1  -3.  2.30E+01  4.243E+02  1.500  1.500  0.300  0.300  0.446 -1.000   0.000
   2  -4.  3.25E+01  2.434E+02  2.250  2.250  0.450  0.450  0.617 -1.000   0.000
   3  -3.  3.25E+01  2.142E+02  1.979  1.979  0.675  0.675  0.579 -1.000   0.000
   4  -2.  4.01E+01  1.182E+02  0.990  0.990  1.012  1.012  0.591 -1.000   0.000
   5  -1.  9.72E+01  3.884E+01  1.155  1.155  1.440  1.440  0.491 -1.000   0.000
   6  -2.  1.42E+02  3.292E+01  1.173  1.173  1.421  1.421  0.445 -1.000   0.000
   7  -1.  1.45E+02  3.158E+01  1.150  1.150  1.430  1.430  0.444 -1.000   0.000
   8  -2.  1.43E+02  3.121E+01  1.139  1.139  1.438  1.438  0.436 -1.000   0.000
   9  -1.  1.45E+02  3.007E+01  1.139  1.139  1.439  1.439  0.435 -1.000   0.000
  10  -2.  1.44E+02  2.999E+01  1.129  1.129  1.452  1.452  0.423 -1.000   0.000
  11  -1.  1.45E+02  2.989E+01  1.132  1.132  1.455  1.455  0.422 -1.000   0.000
  12  -2.  1.45E+02  2.981E+01  1.130  1.130  1.460  1.460  0.409 -1.000   0.000
  13  -1.  1.46E+02  2.980E+01  1.132  1.132  1.463  1.463  0.408 -1.000   0.000
  14  -2.  1.46E+02  2.973E+01  1.132  1.132  1.468  1.468  0.396 -1.000   0.000
  15  -1.  1.46E+02  2.972E+01  1.134  1.134  1.471  1.471  0.395 -1.000   0.000
  16  -2.  1.47E+02  2.966E+01  1.134  1.134  1.477  1.477  0.384 -1.000   0.000
  17  -1.  1.47E+02  2.965E+01  1.136  1.136  1.480  1.480  0.383 -1.000   0.000
  18  -2.  1.47E+02  2.959E+01  1.138  1.138  1.489  1.489  0.374 -1.000   0.000
  it  DE     s/n      chi**2    Mac1   Mac2   mic1   mic2   fill2 Ic1/Ic2 stray 
   0       1.47E+02  5.003E+01
  19  -1.  1.47E+02  2.958E+01  1.140  1.140  1.492  1.492  0.373 -1.000   0.000
   1  -1.  1.29E+02  4.681E+01  1.129  1.129  1.623  1.623  0.361 -1.000   0.000
   2  -1.  1.39E+02  4.444E+01  1.137  1.137  1.607  1.607  0.331 -1.000   0.000
   3  -1.  1.36E+02  4.368E+01  1.123  1.123  1.629  1.629  0.308 -1.000   0.000
   4  -1.  1.38E+02  4.324E+01  1.115  1.115  1.630  1.630  0.291 -1.000   0.000
   5  -1.  1.36E+02  4.286E+01  1.110  1.110  1.635  1.635  0.276 -1.000   0.000
   6  -1.  1.36E+02  4.249E+01  1.110  1.110  1.627  1.627  0.264 -1.000   0.000
   7  -1.  1.35E+02  4.206E+01  1.114  1.114  1.617  1.617  0.254 -1.000   0.000
   8  -1.  1.33E+02  4.150E+01  1.124  1.124  1.606  1.606  0.245 -1.000   0.000
   9  -2.  1.27E+02  4.068E+01  1.127  1.127  1.593  1.593  0.217 -1.000   0.000
  10  -2.  1.26E+02  4.026E+01  1.129  1.129  1.584  1.584  0.214 -1.000   0.000
  11  -3.  1.27E+02  4.019E+01  1.123  1.123  1.588  1.588  0.238 -1.000   0.000
  12  -4.  1.26E+02  4.013E+01  1.132  1.132  1.596  1.596  0.250 -1.000   0.000
  13  -1.  1.27E+02  3.992E+01  1.129  1.129  1.599  1.599  0.251 -1.000   0.000
  14  -2.  1.28E+02  3.989E+01  1.128  1.128  1.601  1.601  0.250 -1.000   0.000
  15  -1.  1.29E+02  3.979E+01  1.127  1.127  1.603  1.603  0.252 -1.000   0.000
  16  -2.  1.30E+02  3.976E+01  1.127  1.127  1.606  1.606  0.251 -1.000   0.000
  17  -1.  1.30E+02  3.971E+01  1.126  1.126  1.607  1.607  0.253 -1.000   0.000
  it  DE     s/n      chi**2    Mac1   Mac2   mic1   mic2   fill2 Ic1/Ic2 stray 
   0       1.31E+02  2.905E+02
  18  -2.  1.31E+02  3.969E+01  1.126  1.126  1.610  1.610  0.252 -1.000   0.000
   1  -1.  1.32E+02  2.853E+02  1.211  1.211  1.615  1.615  0.257 -1.000   0.000
   2  -2.  1.29E+02  2.849E+02  1.260  1.260  1.659  1.659  0.292 -1.000   0.000
   3  -1.  1.30E+02  2.821E+02  1.248  1.248  1.654  1.654  0.293 -1.000   0.000
   4  -1.  1.30E+02  2.819E+02  1.252  1.252  1.654  1.654  0.295 -1.000   0.000
   5  -1.  1.29E+02  2.817E+02  1.255  1.255  1.656  1.656  0.297 -1.000   0.000
   6  -1.  1.29E+02  2.816E+02  1.257  1.257  1.658  1.658  0.299 -1.000   0.000
   7  -1.  1.29E+02  2.815E+02  1.259  1.259  1.660  1.660  0.301 -1.000   0.000
   8  -1.  1.29E+02  2.814E+02  1.261  1.261  1.661  1.661  0.303 -1.000   0.000
   9  -1.  1.29E+02  2.813E+02  1.263  1.263  1.663  1.663  0.305 -1.000   0.000
  10  -1.  1.29E+02  2.812E+02  1.265  1.265  1.664  1.664  0.307 -1.000   0.000
  11  -1.  1.29E+02  2.811E+02  1.266  1.266  1.664  1.664  0.309 -1.000   0.000
  12  -1.  1.28E+02  2.811E+02  1.268  1.268  1.665  1.665  0.311 -1.000   0.000
  13  -1.  1.28E+02  2.810E+02  1.269  1.269  1.665  1.665  0.312 -1.000   0.000
  14  -1.  1.28E+02  2.810E+02  1.270  1.270  1.666  1.666  0.314 -1.000   0.000
  15  -1.  1.28E+02  2.809E+02  1.271  1.271  1.666  1.666  0.315 -1.000   0.000
  16  -1.  1.28E+02  2.809E+02  1.272  1.272  1.666  1.666  0.317 -1.000   0.000
  17  -1.  1.28E+02  2.809E+02  1.273  1.273  1.666  1.666  0.318 -1.000   0.000
 -------------------------------------------------------------------------------
 -                                        
  it  DE     s/n      chi**2    Mac1   Mac2   mic1   mic2   fill2 Ic1/Ic2 stray 
   0       7.93E+00  2.318E+03
   1  -3.  2.30E+01  4.243E+02  1.500  1.500  0.300  0.300  0.446 -1.000   0.000
   2  -4.  3.25E+01  2.434E+02  2.250  2.250  0.450  0.450  0.617 -1.000   0.000
   3  -3.  3.25E+01  2.142E+02  1.979  1.979  0.675  0.675  0.579 -1.000   0.000
   4  -2.  4.01E+01  1.182E+02  0.990  0.990  1.012  1.012  0.591 -1.000   0.000
   5  -1.  9.72E+01  3.884E+01  1.155  1.155  1.440  1.440  0.491 -1.000   0.000
   6  -2.  1.42E+02  3.292E+01  1.173  1.173  1.421  1.421  0.445 -1.000   0.000
   7  -1.  1.45E+02  3.158E+01  1.150  1.150  1.430  1.430  0.444 -1.000   0.000
   8  -2.  1.43E+02  3.121E+01  1.139  1.139  1.438  1.438  0.436 -1.000   0.000
   9  -1.  1.45E+02  3.007E+01  1.139  1.139  1.439  1.439  0.435 -1.000   0.000
  10  -2.  1.44E+02  2.999E+01  1.129  1.129  1.452  1.452  0.423 -1.000   0.000
  11  -1.  1.45E+02  2.989E+01  1.132  1.132  1.455  1.455  0.422 -1.000   0.000
  12  -2.  1.45E+02  2.981E+01  1.130  1.130  1.460  1.460  0.409 -1.000   0.000
  13  -1.  1.46E+02  2.980E+01  1.132  1.132  1.463  1.463  0.408 -1.000   0.000
  14  -2.  1.46E+02  2.973E+01  1.132  1.132  1.468  1.468  0.396 -1.000   0.000
  15  -1.  1.46E+02  2.972E+01  1.134  1.134  1.471  1.471  0.395 -1.000   0.000
  16  -2.  1.47E+02  2.966E+01  1.134  1.134  1.477  1.477  0.384 -1.000   0.000
  17  -1.  1.47E+02  2.965E+01  1.136  1.136  1.480  1.480  0.383 -1.000   0.000
  18  -2.  1.47E+02  2.959E+01  1.138  1.138  1.489  1.489  0.374 -1.000   0.000
  it  DE     s/n      chi**2    Mac1   Mac2   mic1   mic2   fill2 Ic1/Ic2 stray 
   0       1.47E+02  5.003E+01
  19  -1.  1.47E+02  2.958E+01  1.140  1.140  1.492  1.492  0.373 -1.000   0.000
   1  -1.  1.29E+02  4.681E+01  1.129  1.129  1.623  1.623  0.361 -1.000   0.000
   2  -1.  1.39E+02  4.444E+01  1.137  1.137  1.607  1.607  0.331 -1.000   0.000
   3  -1.  1.36E+02  4.368E+01  1.123  1.123  1.629  1.629  0.308 -1.000   0.000
   4  -1.  1.38E+02  4.324E+01  1.115  1.115  1.630  1.630  0.291 -1.000   0.000
   5  -1.  1.36E+02  4.286E+01  1.110  1.110  1.635  1.635  0.276 -1.000   0.000
   6  -1.  1.36E+02  4.249E+01  1.110  1.110  1.627  1.627  0.264 -1.000   0.000
   7  -1.  1.35E+02  4.206E+01  1.114  1.114  1.617  1.617  0.254 -1.000   0.000
   8  -1.  1.33E+02  4.150E+01  1.124  1.124  1.606  1.606  0.245 -1.000   0.000
   9  -2.  1.27E+02  4.068E+01  1.127  1.127  1.593  1.593  0.217 -1.000   0.000
  10  -2.  1.26E+02  4.026E+01  1.129  1.129  1.584  1.584  0.214 -1.000   0.000
  11  -3.  1.27E+02  4.019E+01  1.123  1.123  1.588  1.588  0.238 -1.000   0.000
  12  -4.  1.26E+02  4.013E+01  1.132  1.132  1.596  1.596  0.250 -1.000   0.000
  13  -1.  1.27E+02  3.992E+01  1.129  1.129  1.599  1.599  0.251 -1.000   0.000
  14  -2.  1.28E+02  3.989E+01  1.128  1.128  1.601  1.601  0.250 -1.000   0.000
  15  -1.  1.29E+02  3.979E+01  1.127  1.127  1.603  1.603  0.252 -1.000   0.000
  16  -2.  1.30E+02  3.976E+01  1.127  1.127  1.606  1.606  0.251 -1.000   0.000
  17  -1.  1.30E+02  3.971E+01  1.126  1.126  1.607  1.607  0.253 -1.000   0.000
  it  DE     s/n      chi**2    Mac1   Mac2   mic1   mic2   fill2 Ic1/Ic2 stray 
   0       1.31E+02  2.905E+02
  18  -2.  1.31E+02  3.969E+01  1.126  1.126  1.610  1.610  0.252 -1.000   0.000
   1  -1.  1.32E+02  2.853E+02  1.211  1.211  1.615  1.615  0.257 -1.000   0.000
   2  -2.  1.29E+02  2.849E+02  1.260  1.260  1.659  1.659  0.292 -1.000   0.000
   3  -1.  1.30E+02  2.821E+02  1.248  1.248  1.654  1.654  0.293 -1.000   0.000
   4  -1.  1.30E+02  2.819E+02  1.252  1.252  1.654  1.654  0.295 -1.000   0.000
   5  -1.  1.29E+02  2.817E+02  1.255  1.255  1.656  1.656  0.297 -1.000   0.000
   6  -1.  1.29E+02  2.816E+02  1.257  1.257  1.658  1.658  0.299 -1.000   0.000
   7  -1.  1.29E+02  2.815E+02  1.259  1.259  1.660  1.660  0.301 -1.000   0.000
   8  -1.  1.29E+02  2.814E+02  1.261  1.261  1.661  1.661  0.303 -1.000   0.000
   9  -1.  1.29E+02  2.813E+02  1.263  1.263  1.663  1.663  0.305 -1.000   0.000
  10  -1.  1.29E+02  2.812E+02  1.265  1.265  1.664  1.664  0.307 -1.000   0.000
  11  -1.  1.29E+02  2.811E+02  1.266  1.266  1.664  1.664  0.309 -1.000   0.000
  12  -1.  1.28E+02  2.811E+02  1.268  1.268  1.665  1.665  0.311 -1.000   0.000
  13  -1.  1.28E+02  2.810E+02  1.269  1.269  1.665  1.665  0.312 -1.000   0.000
  14  -1.  1.28E+02  2.810E+02  1.270  1.270  1.666  1.666  0.314 -1.000   0.000
  15  -1.  1.28E+02  2.809E+02  1.271  1.271  1.666  1.666  0.315 -1.000   0.000
  16  -1.  1.28E+02  2.809E+02  1.272  1.272  1.666  1.666  0.317 -1.000   0.000
  17  -1.  1.28E+02  2.809E+02  1.273  1.273  1.666  1.666  0.318 -1.000   0.000
 -------------------------------------------------------------------------------
 -                                        
  it  DE     s/n      chi**2    Mac1   Mac2   mic1   mic2   fill2 Ic1/Ic2 stray 
   0       7.95E+00  2.269E+03
   1  -3.  2.25E+01  4.243E+02  1.500  1.500  0.327  0.327  0.445 -1.000   0.000
   2  -4.  3.77E+01  2.220E+02  2.250  2.250  0.491  0.491  0.616 -1.000   0.000
   3  -1.  4.28E+01  1.621E+02  2.156  2.156  0.736  0.736  0.595 -1.000   0.000
   4  -2.  4.26E+01  8.328E+01  1.194  1.194  1.104  1.104  0.601 -1.000   0.000
   5  -1.  9.76E+01  3.315E+01  1.068  1.068  1.601  1.601  0.562 -1.000   0.000
   6  -2.  1.21E+02  3.035E+01  1.115  1.115  1.632  1.632  0.519 -1.000   0.000
   7  -1.  1.26E+02  3.002E+01  1.096  1.096  1.655  1.655  0.513 -1.000   0.000
   8  -2.  1.26E+02  2.961E+01  1.103  1.103  1.679  1.679  0.493 -1.000   0.000
   9  -1.  1.28E+02  2.947E+01  1.098  1.098  1.683  1.683  0.490 -1.000   0.000
  10  -2.  1.28E+02  2.914E+01  1.105  1.105  1.697  1.697  0.469 -1.000   0.000
  11  -1.  1.29E+02  2.908E+01  1.101  1.101  1.701  1.701  0.466 -1.000   0.000
  12  -2.  1.30E+02  2.883E+01  1.108  1.108  1.709  1.709  0.446 -1.000   0.000
  13  -1.  1.30E+02  2.879E+01  1.106  1.106  1.712  1.712  0.443 -1.000   0.000
  14  -2.  1.32E+02  2.864E+01  1.110  1.110  1.716  1.716  0.427 -1.000   0.000
  15  -3.  1.31E+02  2.861E+01  1.104  1.104  1.704  1.704  0.383 -1.000   0.000
  16  -4.  1.38E+02  2.841E+01  1.109  1.109  1.685  1.685  0.376 -1.000   0.000
  17  -5.  1.38E+02  2.840E+01  1.102  1.102  1.682  1.682  0.368 -1.000   0.000
  it  DE     s/n      chi**2    Mac1   Mac2   mic1   mic2   fill2 Ic1/Ic2 stray 
   0       1.39E+02  4.730E+01
  18  -5.  1.39E+02  2.840E+01  1.105  1.105  1.676  1.676  0.367 -1.000   0.000
   1  -1.  1.36E+02  4.534E+01  1.102  1.102  1.745  1.745  0.363 -1.000   0.000
   2  -2.  1.34E+02  4.455E+01  1.050  1.050  1.701  1.701  0.344 -1.000   0.000
   3  -1.  1.36E+02  4.375E+01  1.046  1.046  1.674  1.674  0.339 -1.000   0.000
   4  -2.  1.33E+02  4.318E+01  1.039  1.039  1.630  1.630  0.307 -1.000   0.000
   5  -1.  1.37E+02  4.252E+01  1.033  1.033  1.624  1.624  0.303 -1.000   0.000
   6  -2.  1.36E+02  4.171E+01  1.037  1.037  1.597  1.597  0.280 -1.000   0.000
   7  -1.  1.37E+02  4.104E+01  1.051  1.051  1.585  1.585  0.277 -1.000   0.000
   8  -2.  1.36E+02  4.031E+01  1.047  1.047  1.598  1.598  0.264 -1.000   0.000
   9  -1.  1.36E+02  4.005E+01  1.037  1.037  1.605  1.605  0.264 -1.000   0.000
  10  -2.  1.34E+02  3.986E+01  1.023  1.023  1.621  1.621  0.260 -1.000   0.000
  11  -3.  1.30E+02  3.981E+01  1.014  1.014  1.632  1.632  0.246 -1.000   0.000
  12  -2.  1.31E+02  3.979E+01  1.012  1.012  1.625  1.625  0.246 -1.000   0.000
  13  -1.  1.31E+02  3.978E+01  1.015  1.015  1.624  1.624  0.247 -1.000   0.000
  14  -2.  1.31E+02  3.978E+01  1.014  1.014  1.623  1.623  0.247 -1.000   0.000
  15  -1.  1.31E+02  3.975E+01  1.015  1.015  1.623  1.623  0.248 -1.000   0.000
  16  -2.  1.31E+02  3.975E+01  1.014  1.014  1.624  1.624  0.247 -1.000   0.000
  it  DE     s/n      chi**2    Mac1   Mac2   mic1   mic2   fill2 Ic1/Ic2 stray 
   0       1.32E+02  2.905E+02
  17  -3.  1.32E+02  3.974E+01  1.013  1.013  1.624  1.624  0.246 -1.000   0.000
   1  -1.  1.33E+02  2.853E+02  1.106  1.106  1.632  1.632  0.250 -1.000   0.000
   2  -2.  1.30E+02  2.843E+02  1.162  1.162  1.669  1.669  0.284 -1.000   0.000
   3  -1.  1.32E+02  2.820E+02  1.150  1.150  1.666  1.666  0.285 -1.000   0.000
   4  -2.  1.28E+02  2.817E+02  1.180  1.180  1.679  1.679  0.304 -1.000   0.000
   5  -1.  1.28E+02  2.810E+02  1.170  1.170  1.677  1.677  0.304 -1.000   0.000
   6  -1.  1.28E+02  2.809E+02  1.172  1.172  1.676  1.676  0.306 -1.000   0.000
   7  -1.  1.28E+02  2.809E+02  1.174  1.174  1.676  1.676  0.307 -1.000   0.000
   8  -1.  1.28E+02  2.808E+02  1.176  1.176  1.676  1.676  0.309 -1.000   0.000
   9  -1.  1.27E+02  2.808E+02  1.177  1.177  1.676  1.676  0.310 -1.000   0.000
  10  -1.  1.27E+02  2.808E+02  1.178  1.178  1.676  1.676  0.312 -1.000   0.000
  11  -1.  1.27E+02  2.807E+02  1.179  1.179  1.676  1.676  0.313 -1.000   0.000
  12  -1.  1.27E+02  2.807E+02  1.180  1.180  1.676  1.676  0.314 -1.000   0.000
  13  -1.  1.27E+02  2.807E+02  1.181  1.181  1.676  1.676  0.316 -1.000   0.000
  14  -1.  1.27E+02  2.806E+02  1.182  1.182  1.676  1.676  0.317 -1.000   0.000
  15  -1.  1.27E+02  2.806E+02  1.183  1.183  1.676  1.676  0.318 -1.000   0.000
  16  -1.  1.27E+02  2.806E+02  1.184  1.184  1.677  1.677  0.319 -1.000   0.000
 -------------------------------------------------------------------------------
 -                                        
  it  DE     s/n      chi**2    Mac1   Mac2   mic1   mic2   fill2 Ic1/Ic2 stray 
   0       7.95E+00  2.269E+03
   1  -3.  2.25E+01  4.243E+02  1.500  1.500  0.327  0.327  0.445 -1.000   0.000
   2  -4.  3.77E+01  2.220E+02  2.250  2.250  0.491  0.491  0.616 -1.000   0.000
   3  -1.  4.28E+01  1.621E+02  2.156  2.156  0.736  0.736  0.595 -1.000   0.000
   4  -2.  4.26E+01  8.328E+01  1.194  1.194  1.104  1.104  0.601 -1.000   0.000
   5  -1.  9.76E+01  3.315E+01  1.068  1.068  1.601  1.601  0.562 -1.000   0.000
   6  -2.  1.21E+02  3.035E+01  1.115  1.115  1.632  1.632  0.519 -1.000   0.000
   7  -1.  1.26E+02  3.002E+01  1.096  1.096  1.655  1.655  0.513 -1.000   0.000
   8  -2.  1.26E+02  2.961E+01  1.103  1.103  1.679  1.679  0.493 -1.000   0.000
   9  -1.  1.28E+02  2.947E+01  1.098  1.098  1.683  1.683  0.490 -1.000   0.000
  10  -2.  1.28E+02  2.914E+01  1.105  1.105  1.697  1.697  0.469 -1.000   0.000
  11  -1.  1.29E+02  2.908E+01  1.101  1.101  1.701  1.701  0.466 -1.000   0.000
  12  -2.  1.30E+02  2.883E+01  1.108  1.108  1.709  1.709  0.446 -1.000   0.000
  13  -1.  1.30E+02  2.879E+01  1.106  1.106  1.712  1.712  0.443 -1.000   0.000
  14  -2.  1.32E+02  2.864E+01  1.110  1.110  1.716  1.716  0.427 -1.000   0.000
  15  -3.  1.31E+02  2.861E+01  1.104  1.104  1.704  1.704  0.383 -1.000   0.000
  16  -4.  1.38E+02  2.841E+01  1.109  1.109  1.685  1.685  0.376 -1.000   0.000
  17  -5.  1.38E+02  2.840E+01  1.102  1.102  1.682  1.682  0.368 -1.000   0.000
  it  DE     s/n      chi**2    Mac1   Mac2   mic1   mic2   fill2 Ic1/Ic2 stray 
   0       1.39E+02  4.730E+01
  18  -5.  1.39E+02  2.840E+01  1.105  1.105  1.676  1.676  0.367 -1.000   0.000
   1  -1.  1.36E+02  4.534E+01  1.102  1.102  1.745  1.745  0.363 -1.000   0.000
   2  -2.  1.34E+02  4.455E+01  1.050  1.050  1.701  1.701  0.344 -1.000   0.000
   3  -1.  1.36E+02  4.375E+01  1.046  1.046  1.674  1.674  0.339 -1.000   0.000
   4  -2.  1.33E+02  4.318E+01  1.039  1.039  1.630  1.630  0.307 -1.000   0.000
   5  -1.  1.37E+02  4.252E+01  1.033  1.033  1.624  1.624  0.303 -1.000   0.000
   6  -2.  1.36E+02  4.171E+01  1.037  1.037  1.597  1.597  0.280 -1.000   0.000
   7  -1.  1.37E+02  4.104E+01  1.051  1.051  1.585  1.585  0.277 -1.000   0.000
   8  -2.  1.36E+02  4.031E+01  1.047  1.047  1.598  1.598  0.264 -1.000   0.000
   9  -1.  1.36E+02  4.005E+01  1.037  1.037  1.605  1.605  0.264 -1.000   0.000
  10  -2.  1.34E+02  3.986E+01  1.023  1.023  1.621  1.621  0.260 -1.000   0.000
  11  -3.  1.30E+02  3.981E+01  1.014  1.014  1.632  1.632  0.246 -1.000   0.000
  12  -2.  1.31E+02  3.979E+01  1.012  1.012  1.625  1.625  0.246 -1.000   0.000
  13  -1.  1.31E+02  3.978E+01  1.015  1.015  1.624  1.624  0.247 -1.000   0.000
  14  -2.  1.31E+02  3.978E+01  1.014  1.014  1.623  1.623  0.247 -1.000   0.000
  15  -1.  1.31E+02  3.975E+01  1.015  1.015  1.623  1.623  0.248 -1.000   0.000
  16  -2.  1.31E+02  3.975E+01  1.014  1.014  1.624  1.624  0.247 -1.000   0.000
  it  DE     s/n      chi**2    Mac1   Mac2   mic1   mic2   fill2 Ic1/Ic2 stray 
   0       1.32E+02  2.905E+02
  17  -3.  1.32E+02  3.974E+01  1.013  1.013  1.624  1.624  0.246 -1.000   0.000
   1  -1.  1.33E+02  2.853E+02  1.106  1.106  1.632  1.632  0.250 -1.000   0.000
   2  -2.  1.30E+02  2.843E+02  1.162  1.162  1.669  1.669  0.284 -1.000   0.000
   3  -1.  1.32E+02  2.820E+02  1.150  1.150  1.666  1.666  0.285 -1.000   0.000
   4  -2.  1.28E+02  2.817E+02  1.180  1.180  1.679  1.679  0.304 -1.000   0.000
   5  -1.  1.28E+02  2.810E+02  1.170  1.170  1.677  1.677  0.304 -1.000   0.000
   6  -1.  1.28E+02  2.809E+02  1.172  1.172  1.676  1.676  0.306 -1.000   0.000
   7  -1.  1.28E+02  2.809E+02  1.174  1.174  1.676  1.676  0.307 -1.000   0.000
   8  -1.  1.28E+02  2.808E+02  1.176  1.176  1.676  1.676  0.309 -1.000   0.000
   9  -1.  1.27E+02  2.808E+02  1.177  1.177  1.676  1.676  0.310 -1.000   0.000
  10  -1.  1.27E+02  2.808E+02  1.178  1.178  1.676  1.676  0.312 -1.000   0.000
  11  -1.  1.27E+02  2.807E+02  1.179  1.179  1.676  1.676  0.313 -1.000   0.000
  12  -1.  1.27E+02  2.807E+02  1.180  1.180  1.676  1.676  0.314 -1.000   0.000
  13  -1.  1.27E+02  2.807E+02  1.181  1.181  1.676  1.676  0.316 -1.000   0.000
  14  -1.  1.27E+02  2.806E+02  1.182  1.182  1.676  1.676  0.317 -1.000   0.000
  15  -1.  1.27E+02  2.806E+02  1.183  1.183  1.676  1.676  0.318 -1.000   0.000
  16  -1.  1.27E+02  2.806E+02  1.184  1.184  1.677  1.677  0.319 -1.000   0.000
 -------------------------------------------------------------------------------
 -                                        
  it  DE     s/n      chi**2    Mac1   Mac2   mic1   mic2   fill2 Ic1/Ic2 stray 
   0       7.95E+00  2.269E+03
   1  -3.  2.25E+01  4.243E+02  1.500  1.500  0.327  0.327  0.445 -1.000   0.000
   2  -4.  3.77E+01  2.220E+02  2.250  2.250  0.491  0.491  0.616 -1.000   0.000
   3  -1.  4.28E+01  1.621E+02  2.156  2.156  0.736  0.736  0.595 -1.000   0.000
   4  -2.  4.26E+01  8.328E+01  1.194  1.194  1.104  1.104  0.601 -1.000   0.000
   5  -1.  9.76E+01  3.315E+01  1.068  1.068  1.601  1.601  0.562 -1.000   0.000
   6  -2.  1.21E+02  3.035E+01  1.115  1.115  1.632  1.632  0.519 -1.000   0.000
   7  -1.  1.26E+02  3.002E+01  1.096  1.096  1.655  1.655  0.513 -1.000   0.000
   8  -2.  1.26E+02  2.961E+01  1.103  1.103  1.679  1.679  0.493 -1.000   0.000
   9  -1.  1.28E+02  2.947E+01  1.098  1.098  1.683  1.683  0.490 -1.000   0.000
  10  -2.  1.28E+02  2.914E+01  1.105  1.105  1.697  1.697  0.469 -1.000   0.000
  11  -1.  1.29E+02  2.908E+01  1.101  1.101  1.701  1.701  0.466 -1.000   0.000
  12  -2.  1.30E+02  2.883E+01  1.108  1.108  1.709  1.709  0.446 -1.000   0.000
  13  -1.  1.30E+02  2.879E+01  1.106  1.106  1.712  1.712  0.443 -1.000   0.000
  14  -2.  1.32E+02  2.864E+01  1.110  1.110  1.716  1.716  0.427 -1.000   0.000
  15  -3.  1.31E+02  2.861E+01  1.104  1.104  1.704  1.704  0.383 -1.000   0.000
  16  -4.  1.38E+02  2.841E+01  1.109  1.109  1.685  1.685  0.376 -1.000   0.000
  17  -5.  1.38E+02  2.840E+01  1.102  1.102  1.682  1.682  0.368 -1.000   0.000
  it  DE     s/n      chi**2    Mac1   Mac2   mic1   mic2   fill2 Ic1/Ic2 stray 
   0       1.39E+02  4.730E+01
  18  -5.  1.39E+02  2.840E+01  1.105  1.105  1.676  1.676  0.367 -1.000   0.000
   1  -1.  1.36E+02  4.534E+01  1.102  1.102  1.745  1.745  0.363 -1.000   0.000
   2  -2.  1.34E+02  4.455E+01  1.050  1.050  1.701  1.701  0.344 -1.000   0.000
   3  -1.  1.36E+02  4.375E+01  1.046  1.046  1.674  1.674  0.339 -1.000   0.000
   4  -2.  1.33E+02  4.318E+01  1.039  1.039  1.630  1.630  0.307 -1.000   0.000
   5  -1.  1.37E+02  4.252E+01  1.033  1.033  1.624  1.624  0.303 -1.000   0.000
   6  -2.  1.36E+02  4.171E+01  1.037  1.037  1.597  1.597  0.280 -1.000   0.000
   7  -1.  1.37E+02  4.104E+01  1.051  1.051  1.585  1.585  0.277 -1.000   0.000
   8  -2.  1.36E+02  4.031E+01  1.047  1.047  1.598  1.598  0.264 -1.000   0.000
   9  -1.  1.36E+02  4.005E+01  1.037  1.037  1.605  1.605  0.264 -1.000   0.000
  10  -2.  1.34E+02  3.986E+01  1.023  1.023  1.621  1.621  0.260 -1.000   0.000
  11  -3.  1.30E+02  3.981E+01  1.014  1.014  1.632  1.632  0.246 -1.000   0.000
  12  -2.  1.31E+02  3.979E+01  1.012  1.012  1.625  1.625  0.246 -1.000   0.000
  13  -1.  1.31E+02  3.978E+01  1.015  1.015  1.624  1.624  0.247 -1.000   0.000
  14  -2.  1.31E+02  3.978E+01  1.014  1.014  1.623  1.623  0.247 -1.000   0.000
  15  -1.  1.31E+02  3.975E+01  1.015  1.015  1.623  1.623  0.248 -1.000   0.000
  16  -2.  1.31E+02  3.975E+01  1.014  1.014  1.624  1.624  0.247 -1.000   0.000
  it  DE     s/n      chi**2    Mac1   Mac2   mic1   mic2   fill2 Ic1/Ic2 stray 
   0       1.32E+02  2.905E+02
  17  -3.  1.32E+02  3.974E+01  1.013  1.013  1.624  1.624  0.246 -1.000   0.000
   1  -1.  1.33E+02  2.853E+02  1.106  1.106  1.632  1.632  0.250 -1.000   0.000
   2  -2.  1.30E+02  2.843E+02  1.162  1.162  1.669  1.669  0.284 -1.000   0.000
   3  -1.  1.32E+02  2.820E+02  1.150  1.150  1.666  1.666  0.285 -1.000   0.000
   4  -2.  1.28E+02  2.817E+02  1.180  1.180  1.679  1.679  0.304 -1.000   0.000
   5  -1.  1.28E+02  2.810E+02  1.170  1.170  1.677  1.677  0.304 -1.000   0.000
   6  -1.  1.28E+02  2.809E+02  1.172  1.172  1.676  1.676  0.306 -1.000   0.000
   7  -1.  1.28E+02  2.809E+02  1.174  1.174  1.676  1.676  0.307 -1.000   0.000
   8  -1.  1.28E+02  2.808E+02  1.176  1.176  1.676  1.676  0.309 -1.000   0.000
   9  -1.  1.27E+02  2.808E+02  1.177  1.177  1.676  1.676  0.310 -1.000   0.000
  10  -1.  1.27E+02  2.808E+02  1.178  1.178  1.676  1.676  0.312 -1.000   0.000
  11  -1.  1.27E+02  2.807E+02  1.179  1.179  1.676  1.676  0.313 -1.000   0.000
  12  -1.  1.27E+02  2.807E+02  1.180  1.180  1.676  1.676  0.314 -1.000   0.000
  13  -1.  1.27E+02  2.807E+02  1.181  1.181  1.676  1.676  0.316 -1.000   0.000
  14  -1.  1.27E+02  2.806E+02  1.182  1.182  1.676  1.676  0.317 -1.000   0.000
  15  -1.  1.27E+02  2.806E+02  1.183  1.183  1.676  1.676  0.318 -1.000   0.000
  it  DE     s/n      chi**2    Mac1   Mac2   mic1   mic2   fill2 Ic1/Ic2 stray 
   0       1.27E+02  2.846E+02
  16  -1.  1.27E+02  2.806E+02  1.184  1.184  1.677  1.677  0.319 -1.000   0.000
   1  -1.  1.23E+02  2.809E+02  1.167  1.167  1.688  1.688  0.320 -1.000   0.000
   2  -2.  1.17E+02  2.770E+02  1.202  1.202  1.699  1.699  0.354 -1.000   0.000
   3  -1.  1.16E+02  2.716E+02  1.187  1.187  1.691  1.691  0.354 -1.000   0.000
   4  -2.  1.19E+02  2.514E+02  1.247  1.247  1.627  1.627  0.375 -1.000   0.000
   5  -1.  1.31E+02  2.086E+02  1.279  1.279  1.612  1.612  0.384 -1.000   0.000
   6  -1.  1.24E+02  1.551E+02  1.301  1.301  1.664  1.664  0.403 -1.000   0.000
   7  -1.  8.49E+01  1.406E+02  1.303  1.303  1.653  1.653  0.423 -1.000   0.000
   8  -1.  7.63E+01  1.305E+02  1.326  1.326  1.598  1.598  0.430 -1.000   0.000
   9  -1.  7.47E+01  1.140E+02  1.376  1.376  1.488  1.488  0.430 -1.000   0.000
  10   0.  7.98E+01  1.014E+02  1.388  1.388  1.473  1.473  0.432 -1.000   0.000
  11   0.  8.12E+01  9.841E+01  1.393  1.393  1.462  1.462  0.432 -1.000   0.000
  12  -1.  9.05E+01  8.972E+01  1.428  1.428  1.340  1.340  0.438 -1.000   0.000
  13   0.  9.03E+01  8.809E+01  1.429  1.429  1.326  1.326  0.439 -1.000   0.000
  14   0.  9.26E+01  8.611E+01  1.431  1.431  1.303  1.303  0.440 -1.000   0.000
  15  -1.  1.17E+02  8.171E+01  1.441  1.441  1.178  1.178  0.438 -1.000   0.000
  16  -1.  1.22E+02  7.129E+01  1.419  1.419  1.108  1.108  0.432 -1.000   0.000
  17  -1.  1.21E+02  6.771E+01  1.412  1.412  1.027  1.027  0.426 -1.000   0.000
  18  -1.  1.19E+02  6.547E+01  1.409  1.409  0.947  0.947  0.421 -1.000   0.000
  19  -1.  1.15E+02  6.394E+01  1.412  1.412  0.867  0.867  0.416 -1.000   0.000
  20  -1.  1.12E+02  6.291E+01  1.416  1.416  0.794  0.794  0.410 -1.000   0.000
  21  -1.  1.09E+02  6.216E+01  1.422  1.422  0.727  0.727  0.405 -1.000   0.000
  22  -2.  1.04E+02  6.020E+01  1.459  1.459  0.491  0.491  0.370 -1.000   0.000
  23  -1.  1.03E+02  5.994E+01  1.433  1.433  0.475  0.475  0.372 -1.000   0.000
  24  -2.  1.03E+02  5.942E+01  1.461  1.461  0.322  0.322  0.343 -1.000   0.000
  25  -1.  1.04E+02  5.921E+01  1.431  1.431  0.407  0.407  0.346 -1.000   0.000
 -------------------------------------------------------------------------------
 -                                        
  it  DE     s/n      chi**2    Mac1   Mac2   mic1   mic2   fill2 Ic1/Ic2 stray 
   0       7.95E+00  2.269E+03
   1  -3.  2.25E+01  4.243E+02  1.500  1.500  0.327  0.327  0.445 -1.000   0.000
   2  -4.  3.77E+01  2.220E+02  2.250  2.250  0.491  0.491  0.616 -1.000   0.000
   3  -1.  4.28E+01  1.621E+02  2.156  2.156  0.736  0.736  0.595 -1.000   0.000
   4  -2.  4.26E+01  8.328E+01  1.194  1.194  1.104  1.104  0.601 -1.000   0.000
   5  -1.  9.76E+01  3.315E+01  1.068  1.068  1.601  1.601  0.562 -1.000   0.000
   6  -2.  1.21E+02  3.035E+01  1.115  1.115  1.632  1.632  0.519 -1.000   0.000
   7  -1.  1.26E+02  3.002E+01  1.096  1.096  1.655  1.655  0.513 -1.000   0.000
   8  -2.  1.26E+02  2.961E+01  1.103  1.103  1.679  1.679  0.493 -1.000   0.000
   9  -1.  1.28E+02  2.947E+01  1.098  1.098  1.683  1.683  0.490 -1.000   0.000
  10  -2.  1.28E+02  2.914E+01  1.105  1.105  1.697  1.697  0.469 -1.000   0.000
  11  -1.  1.29E+02  2.908E+01  1.101  1.101  1.701  1.701  0.466 -1.000   0.000
  12  -2.  1.30E+02  2.883E+01  1.108  1.108  1.709  1.709  0.446 -1.000   0.000
  13  -1.  1.30E+02  2.879E+01  1.106  1.106  1.712  1.712  0.443 -1.000   0.000
  14  -2.  1.32E+02  2.864E+01  1.110  1.110  1.716  1.716  0.427 -1.000   0.000
  15  -3.  1.31E+02  2.861E+01  1.104  1.104  1.704  1.704  0.383 -1.000   0.000
  16  -4.  1.38E+02  2.841E+01  1.109  1.109  1.685  1.685  0.376 -1.000   0.000
  17  -5.  1.38E+02  2.840E+01  1.102  1.102  1.682  1.682  0.368 -1.000   0.000
  it  DE     s/n      chi**2    Mac1   Mac2   mic1   mic2   fill2 Ic1/Ic2 stray 
   0       1.39E+02  4.730E+01
  18  -5.  1.39E+02  2.840E+01  1.105  1.105  1.676  1.676  0.367 -1.000   0.000
   1  -1.  1.36E+02  4.534E+01  1.102  1.102  1.745  1.745  0.363 -1.000   0.000
   2  -2.  1.34E+02  4.455E+01  1.050  1.050  1.701  1.701  0.344 -1.000   0.000
   3  -1.  1.36E+02  4.375E+01  1.046  1.046  1.674  1.674  0.339 -1.000   0.000
   4  -2.  1.33E+02  4.318E+01  1.039  1.039  1.630  1.630  0.307 -1.000   0.000
   5  -1.  1.37E+02  4.252E+01  1.033  1.033  1.624  1.624  0.303 -1.000   0.000
   6  -2.  1.36E+02  4.171E+01  1.037  1.037  1.597  1.597  0.280 -1.000   0.000
   7  -1.  1.37E+02  4.104E+01  1.051  1.051  1.585  1.585  0.277 -1.000   0.000
   8  -2.  1.36E+02  4.031E+01  1.047  1.047  1.598  1.598  0.264 -1.000   0.000
   9  -1.  1.36E+02  4.005E+01  1.037  1.037  1.605  1.605  0.264 -1.000   0.000
  10  -2.  1.34E+02  3.986E+01  1.023  1.023  1.621  1.621  0.260 -1.000   0.000
  11  -3.  1.30E+02  3.981E+01  1.014  1.014  1.632  1.632  0.246 -1.000   0.000
  12  -2.  1.31E+02  3.979E+01  1.012  1.012  1.625  1.625  0.246 -1.000   0.000
  13  -1.  1.31E+02  3.978E+01  1.015  1.015  1.624  1.624  0.247 -1.000   0.000
  14  -2.  1.31E+02  3.978E+01  1.014  1.014  1.623  1.623  0.247 -1.000   0.000
  15  -1.  1.31E+02  3.975E+01  1.015  1.015  1.623  1.623  0.248 -1.000   0.000
  16  -2.  1.31E+02  3.975E+01  1.014  1.014  1.624  1.624  0.247 -1.000   0.000
  it  DE     s/n      chi**2    Mac1   Mac2   mic1   mic2   fill2 Ic1/Ic2 stray 
   0       1.32E+02  2.905E+02
  17  -3.  1.32E+02  3.974E+01  1.013  1.013  1.624  1.624  0.246 -1.000   0.000
   1  -1.  1.33E+02  2.853E+02  1.106  1.106  1.632  1.632  0.250 -1.000   0.000
   2  -2.  1.30E+02  2.843E+02  1.162  1.162  1.669  1.669  0.284 -1.000   0.000
   3  -1.  1.32E+02  2.820E+02  1.150  1.150  1.666  1.666  0.285 -1.000   0.000
   4  -2.  1.28E+02  2.817E+02  1.180  1.180  1.679  1.679  0.304 -1.000   0.000
   5  -1.  1.28E+02  2.810E+02  1.170  1.170  1.677  1.677  0.304 -1.000   0.000
   6  -1.  1.28E+02  2.809E+02  1.172  1.172  1.676  1.676  0.306 -1.000   0.000
   7  -1.  1.28E+02  2.809E+02  1.174  1.174  1.676  1.676  0.307 -1.000   0.000
   8  -1.  1.28E+02  2.808E+02  1.176  1.176  1.676  1.676  0.309 -1.000   0.000
   9  -1.  1.27E+02  2.808E+02  1.177  1.177  1.676  1.676  0.310 -1.000   0.000
  10  -1.  1.27E+02  2.808E+02  1.178  1.178  1.676  1.676  0.312 -1.000   0.000
  11  -1.  1.27E+02  2.807E+02  1.179  1.179  1.676  1.676  0.313 -1.000   0.000
  12  -1.  1.27E+02  2.807E+02  1.180  1.180  1.676  1.676  0.314 -1.000   0.000
  13  -1.  1.27E+02  2.807E+02  1.181  1.181  1.676  1.676  0.316 -1.000   0.000
  14  -1.  1.27E+02  2.806E+02  1.182  1.182  1.676  1.676  0.317 -1.000   0.000
  15  -1.  1.27E+02  2.806E+02  1.183  1.183  1.676  1.676  0.318 -1.000   0.000
  it  DE     s/n      chi**2    Mac1   Mac2   mic1   mic2   fill2 Ic1/Ic2 stray 
   0       1.27E+02  2.846E+02
  16  -1.  1.27E+02  2.806E+02  1.184  1.184  1.677  1.677  0.319 -1.000   0.000
   1  -1.  1.23E+02  2.809E+02  1.167  1.167  1.688  1.688  0.320 -1.000   0.000
   2  -2.  1.17E+02  2.770E+02  1.202  1.202  1.699  1.699  0.354 -1.000   0.000
   3  -1.  1.16E+02  2.716E+02  1.187  1.187  1.691  1.691  0.354 -1.000   0.000
   4  -2.  1.19E+02  2.514E+02  1.247  1.247  1.627  1.627  0.375 -1.000   0.000
   5  -1.  1.31E+02  2.086E+02  1.279  1.279  1.612  1.612  0.384 -1.000   0.000
   6  -1.  1.24E+02  1.551E+02  1.301  1.301  1.664  1.664  0.403 -1.000   0.000
   7  -1.  8.49E+01  1.406E+02  1.303  1.303  1.653  1.653  0.423 -1.000   0.000
   8  -1.  7.63E+01  1.305E+02  1.326  1.326  1.598  1.598  0.430 -1.000   0.000
   9  -1.  7.47E+01  1.140E+02  1.376  1.376  1.488  1.488  0.430 -1.000   0.000
  10   0.  7.98E+01  1.014E+02  1.388  1.388  1.473  1.473  0.432 -1.000   0.000
  11   0.  8.12E+01  9.841E+01  1.393  1.393  1.462  1.462  0.432 -1.000   0.000
  12  -1.  9.05E+01  8.972E+01  1.428  1.428  1.340  1.340  0.438 -1.000   0.000
  13   0.  9.03E+01  8.809E+01  1.429  1.429  1.326  1.326  0.439 -1.000   0.000
  14   0.  9.26E+01  8.611E+01  1.431  1.431  1.303  1.303  0.440 -1.000   0.000
  15  -1.  1.17E+02  8.171E+01  1.441  1.441  1.178  1.178  0.438 -1.000   0.000
  16  -1.  1.22E+02  7.129E+01  1.419  1.419  1.108  1.108  0.432 -1.000   0.000
  17  -1.  1.21E+02  6.771E+01  1.412  1.412  1.027  1.027  0.426 -1.000   0.000
  18  -1.  1.19E+02  6.547E+01  1.409  1.409  0.947  0.947  0.421 -1.000   0.000
  19  -1.  1.15E+02  6.394E+01  1.412  1.412  0.867  0.867  0.416 -1.000   0.000
  20  -1.  1.12E+02  6.291E+01  1.416  1.416  0.794  0.794  0.410 -1.000   0.000
  21  -1.  1.09E+02  6.216E+01  1.422  1.422  0.727  0.727  0.405 -1.000   0.000
  22  -2.  1.04E+02  6.020E+01  1.459  1.459  0.491  0.491  0.370 -1.000   0.000
  23  -1.  1.03E+02  5.994E+01  1.433  1.433  0.475  0.475  0.372 -1.000   0.000
  24  -2.  1.03E+02  5.942E+01  1.461  1.461  0.322  0.322  0.343 -1.000   0.000
  25  -1.  1.04E+02  5.921E+01  1.431  1.431  0.407  0.407  0.346 -1.000   0.000
 -------------------------------------------------------------------------------
 -                                        
  it  DE     s/n      chi**2    Mac1   Mac2   mic1   mic2   fill2 Ic1/Ic2 stray 
   0       7.95E+00  2.269E+03
   1  -3.  2.25E+01  4.243E+02  1.500  1.500  0.327  0.327  0.445 -1.000   0.000
   2  -4.  3.77E+01  2.220E+02  2.250  2.250  0.491  0.491  0.616 -1.000   0.000
   3  -1.  4.28E+01  1.621E+02  2.156  2.156  0.736  0.736  0.595 -1.000   0.000
   4  -2.  4.26E+01  8.328E+01  1.194  1.194  1.104  1.104  0.601 -1.000   0.000
   5  -1.  9.76E+01  3.315E+01  1.068  1.068  1.601  1.601  0.562 -1.000   0.000
   6  -2.  1.21E+02  3.035E+01  1.115  1.115  1.632  1.632  0.519 -1.000   0.000
   7  -1.  1.26E+02  3.002E+01  1.096  1.096  1.655  1.655  0.513 -1.000   0.000
   8  -2.  1.26E+02  2.961E+01  1.103  1.103  1.679  1.679  0.493 -1.000   0.000
   9  -1.  1.28E+02  2.947E+01  1.098  1.098  1.683  1.683  0.490 -1.000   0.000
  10  -2.  1.28E+02  2.914E+01  1.105  1.105  1.697  1.697  0.469 -1.000   0.000
  11  -1.  1.29E+02  2.908E+01  1.101  1.101  1.701  1.701  0.466 -1.000   0.000
  12  -2.  1.30E+02  2.883E+01  1.108  1.108  1.709  1.709  0.446 -1.000   0.000
  13  -1.  1.30E+02  2.879E+01  1.106  1.106  1.712  1.712  0.443 -1.000   0.000
  14  -2.  1.32E+02  2.864E+01  1.110  1.110  1.716  1.716  0.427 -1.000   0.000
  15  -3.  1.31E+02  2.861E+01  1.104  1.104  1.704  1.704  0.383 -1.000   0.000
  16  -4.  1.38E+02  2.841E+01  1.109  1.109  1.685  1.685  0.376 -1.000   0.000
  17  -5.  1.38E+02  2.840E+01  1.102  1.102  1.682  1.682  0.368 -1.000   0.000
  it  DE     s/n      chi**2    Mac1   Mac2   mic1   mic2   fill2 Ic1/Ic2 stray 
   0       1.39E+02  4.730E+01
  18  -5.  1.39E+02  2.840E+01  1.105  1.105  1.676  1.676  0.367 -1.000   0.000
   1  -1.  1.36E+02  4.534E+01  1.102  1.102  1.745  1.745  0.363 -1.000   0.000
   2  -2.  1.34E+02  4.455E+01  1.050  1.050  1.701  1.701  0.344 -1.000   0.000
   3  -1.  1.36E+02  4.375E+01  1.046  1.046  1.674  1.674  0.339 -1.000   0.000
   4  -2.  1.33E+02  4.318E+01  1.039  1.039  1.630  1.630  0.307 -1.000   0.000
   5  -1.  1.37E+02  4.252E+01  1.033  1.033  1.624  1.624  0.303 -1.000   0.000
   6  -2.  1.36E+02  4.171E+01  1.037  1.037  1.597  1.597  0.280 -1.000   0.000
   7  -1.  1.37E+02  4.104E+01  1.051  1.051  1.585  1.585  0.277 -1.000   0.000
   8  -2.  1.36E+02  4.031E+01  1.047  1.047  1.598  1.598  0.264 -1.000   0.000
   9  -1.  1.36E+02  4.005E+01  1.037  1.037  1.605  1.605  0.264 -1.000   0.000
  10  -2.  1.34E+02  3.986E+01  1.023  1.023  1.621  1.621  0.260 -1.000   0.000
  11  -3.  1.30E+02  3.981E+01  1.014  1.014  1.632  1.632  0.246 -1.000   0.000
  12  -2.  1.31E+02  3.979E+01  1.012  1.012  1.625  1.625  0.246 -1.000   0.000
  13  -1.  1.31E+02  3.978E+01  1.015  1.015  1.624  1.624  0.247 -1.000   0.000
  14  -2.  1.31E+02  3.978E+01  1.014  1.014  1.623  1.623  0.247 -1.000   0.000
  15  -1.  1.31E+02  3.975E+01  1.015  1.015  1.623  1.623  0.248 -1.000   0.000
  16  -2.  1.31E+02  3.975E+01  1.014  1.014  1.624  1.624  0.247 -1.000   0.000
  it  DE     s/n      chi**2    Mac1   Mac2   mic1   mic2   fill2 Ic1/Ic2 stray 
   0       1.32E+02  2.905E+02
  17  -3.  1.32E+02  3.974E+01  1.013  1.013  1.624  1.624  0.246 -1.000   0.000
   1  -1.  1.33E+02  2.853E+02  1.106  1.106  1.632  1.632  0.250 -1.000   0.000
   2  -2.  1.30E+02  2.843E+02  1.162  1.162  1.669  1.669  0.284 -1.000   0.000
   3  -1.  1.32E+02  2.820E+02  1.150  1.150  1.666  1.666  0.285 -1.000   0.000
   4  -2.  1.28E+02  2.817E+02  1.180  1.180  1.679  1.679  0.304 -1.000   0.000
   5  -1.  1.28E+02  2.810E+02  1.170  1.170  1.677  1.677  0.304 -1.000   0.000
   6  -1.  1.28E+02  2.809E+02  1.172  1.172  1.676  1.676  0.306 -1.000   0.000
   7  -1.  1.28E+02  2.809E+02  1.174  1.174  1.676  1.676  0.307 -1.000   0.000
   8  -1.  1.28E+02  2.808E+02  1.176  1.176  1.676  1.676  0.309 -1.000   0.000
   9  -1.  1.27E+02  2.808E+02  1.177  1.177  1.676  1.676  0.310 -1.000   0.000
  10  -1.  1.27E+02  2.808E+02  1.178  1.178  1.676  1.676  0.312 -1.000   0.000
  11  -1.  1.27E+02  2.807E+02  1.179  1.179  1.676  1.676  0.313 -1.000   0.000
  12  -1.  1.27E+02  2.807E+02  1.180  1.180  1.676  1.676  0.314 -1.000   0.000
  13  -1.  1.27E+02  2.807E+02  1.181  1.181  1.676  1.676  0.316 -1.000   0.000
  14  -1.  1.27E+02  2.806E+02  1.182  1.182  1.676  1.676  0.317 -1.000   0.000
  15  -1.  1.27E+02  2.806E+02  1.183  1.183  1.676  1.676  0.318 -1.000   0.000
  it  DE     s/n      chi**2    Mac1   Mac2   mic1   mic2   fill2 Ic1/Ic2 stray 
   0       1.27E+02  2.846E+02
  16  -1.  1.27E+02  2.806E+02  1.184  1.184  1.677  1.677  0.319 -1.000   0.000
   1  -1.  1.23E+02  2.809E+02  1.167  1.167  1.688  1.688  0.320 -1.000   0.000
   2  -2.  1.17E+02  2.770E+02  1.202  1.202  1.699  1.699  0.354 -1.000   0.000
   3  -1.  1.16E+02  2.716E+02  1.187  1.187  1.691  1.691  0.354 -1.000   0.000
   4  -2.  1.19E+02  2.514E+02  1.247  1.247  1.627  1.627  0.375 -1.000   0.000
   5  -1.  1.31E+02  2.086E+02  1.279  1.279  1.612  1.612  0.384 -1.000   0.000
   6  -1.  1.24E+02  1.551E+02  1.301  1.301  1.664  1.664  0.403 -1.000   0.000
   7  -1.  8.49E+01  1.406E+02  1.303  1.303  1.653  1.653  0.423 -1.000   0.000
   8  -1.  7.63E+01  1.305E+02  1.326  1.326  1.598  1.598  0.430 -1.000   0.000
   9  -1.  7.47E+01  1.140E+02  1.376  1.376  1.488  1.488  0.430 -1.000   0.000
  10   0.  7.98E+01  1.014E+02  1.388  1.388  1.473  1.473  0.432 -1.000   0.000
  11   0.  8.12E+01  9.841E+01  1.393  1.393  1.462  1.462  0.432 -1.000   0.000
  12  -1.  9.05E+01  8.972E+01  1.428  1.428  1.340  1.340  0.438 -1.000   0.000
  13   0.  9.03E+01  8.809E+01  1.429  1.429  1.326  1.326  0.439 -1.000   0.000
  14   0.  9.26E+01  8.611E+01  1.431  1.431  1.303  1.303  0.440 -1.000   0.000
  15  -1.  1.17E+02  8.171E+01  1.441  1.441  1.178  1.178  0.438 -1.000   0.000
  16  -1.  1.22E+02  7.129E+01  1.419  1.419  1.108  1.108  0.432 -1.000   0.000
  17  -1.  1.21E+02  6.771E+01  1.412  1.412  1.027  1.027  0.426 -1.000   0.000
  18  -1.  1.19E+02  6.547E+01  1.409  1.409  0.947  0.947  0.421 -1.000   0.000
  19  -1.  1.15E+02  6.394E+01  1.412  1.412  0.867  0.867  0.416 -1.000   0.000
  20  -1.  1.12E+02  6.291E+01  1.416  1.416  0.794  0.794  0.410 -1.000   0.000
  21  -1.  1.09E+02  6.216E+01  1.422  1.422  0.727  0.727  0.405 -1.000   0.000
  22  -2.  1.04E+02  6.020E+01  1.459  1.459  0.491  0.491  0.370 -1.000   0.000
  23  -1.  1.03E+02  5.994E+01  1.433  1.433  0.475  0.475  0.372 -1.000   0.000
  24  -2.  1.03E+02  5.942E+01  1.461  1.461  0.322  0.322  0.343 -1.000   0.000
  25  -1.  1.04E+02  5.921E+01  1.431  1.431  0.407  0.407  0.346 -1.000   0.000
 -------------------------------------------------------------------------------
 -                                        
  it  DE     s/n      chi**2    Mac1   Mac2   mic1   mic2   fill2 Ic1/Ic2 stray 
   0       7.95E+00  2.269E+03
   1  -3.  2.25E+01  4.243E+02  1.500  1.500  0.327  0.327  0.445 -1.000   0.000
   2  -4.  3.77E+01  2.220E+02  2.250  2.250  0.491  0.491  0.616 -1.000   0.000
   3  -1.  4.28E+01  1.621E+02  2.156  2.156  0.736  0.736  0.595 -1.000   0.000
   4  -2.  4.26E+01  8.328E+01  1.194  1.194  1.104  1.104  0.601 -1.000   0.000
   5  -1.  9.76E+01  3.315E+01  1.068  1.068  1.601  1.601  0.562 -1.000   0.000
   6  -2.  1.21E+02  3.035E+01  1.115  1.115  1.632  1.632  0.519 -1.000   0.000
   7  -1.  1.26E+02  3.002E+01  1.096  1.096  1.655  1.655  0.513 -1.000   0.000
   8  -2.  1.26E+02  2.961E+01  1.103  1.103  1.679  1.679  0.493 -1.000   0.000
   9  -1.  1.28E+02  2.947E+01  1.098  1.098  1.683  1.683  0.490 -1.000   0.000
  10  -2.  1.28E+02  2.914E+01  1.105  1.105  1.697  1.697  0.469 -1.000   0.000
  11  -1.  1.29E+02  2.908E+01  1.101  1.101  1.701  1.701  0.466 -1.000   0.000
  12  -2.  1.30E+02  2.883E+01  1.108  1.108  1.709  1.709  0.446 -1.000   0.000
  13  -1.  1.30E+02  2.879E+01  1.106  1.106  1.712  1.712  0.443 -1.000   0.000
  14  -2.  1.32E+02  2.864E+01  1.110  1.110  1.716  1.716  0.427 -1.000   0.000
  15  -3.  1.31E+02  2.861E+01  1.104  1.104  1.704  1.704  0.383 -1.000   0.000
  16  -4.  1.38E+02  2.841E+01  1.109  1.109  1.685  1.685  0.376 -1.000   0.000
  17  -5.  1.38E+02  2.840E+01  1.102  1.102  1.682  1.682  0.368 -1.000   0.000
  it  DE     s/n      chi**2    Mac1   Mac2   mic1   mic2   fill2 Ic1/Ic2 stray 
   0       1.39E+02  4.730E+01
  18  -5.  1.39E+02  2.840E+01  1.105  1.105  1.676  1.676  0.367 -1.000   0.000
   1  -1.  1.36E+02  4.534E+01  1.102  1.102  1.745  1.745  0.363 -1.000   0.000
   2  -2.  1.34E+02  4.455E+01  1.050  1.050  1.701  1.701  0.344 -1.000   0.000
   3  -1.  1.36E+02  4.375E+01  1.046  1.046  1.674  1.674  0.339 -1.000   0.000
   4  -2.  1.33E+02  4.318E+01  1.039  1.039  1.630  1.630  0.307 -1.000   0.000
   5  -1.  1.37E+02  4.252E+01  1.033  1.033  1.624  1.624  0.303 -1.000   0.000
   6  -2.  1.36E+02  4.171E+01  1.037  1.037  1.597  1.597  0.280 -1.000   0.000
   7  -1.  1.37E+02  4.104E+01  1.051  1.051  1.585  1.585  0.277 -1.000   0.000
   8  -2.  1.36E+02  4.031E+01  1.047  1.047  1.598  1.598  0.264 -1.000   0.000
   9  -1.  1.36E+02  4.005E+01  1.037  1.037  1.605  1.605  0.264 -1.000   0.000
  10  -2.  1.34E+02  3.986E+01  1.023  1.023  1.621  1.621  0.260 -1.000   0.000
  11  -3.  1.30E+02  3.981E+01  1.014  1.014  1.632  1.632  0.246 -1.000   0.000
  12  -2.  1.31E+02  3.979E+01  1.012  1.012  1.625  1.625  0.246 -1.000   0.000
  13  -1.  1.31E+02  3.978E+01  1.015  1.015  1.624  1.624  0.247 -1.000   0.000
  14  -2.  1.31E+02  3.978E+01  1.014  1.014  1.623  1.623  0.247 -1.000   0.000
  15  -1.  1.31E+02  3.975E+01  1.015  1.015  1.623  1.623  0.248 -1.000   0.000
  16  -2.  1.31E+02  3.975E+01  1.014  1.014  1.624  1.624  0.247 -1.000   0.000
  it  DE     s/n      chi**2    Mac1   Mac2   mic1   mic2   fill2 Ic1/Ic2 stray 
   0       1.32E+02  2.905E+02
  17  -3.  1.32E+02  3.974E+01  1.013  1.013  1.624  1.624  0.246 -1.000   0.000
   1  -1.  1.33E+02  2.853E+02  1.106  1.106  1.632  1.632  0.250 -1.000   0.000
   2  -2.  1.30E+02  2.843E+02  1.162  1.162  1.669  1.669  0.284 -1.000   0.000
   3  -1.  1.32E+02  2.820E+02  1.150  1.150  1.666  1.666  0.285 -1.000   0.000
   4  -2.  1.28E+02  2.817E+02  1.180  1.180  1.679  1.679  0.304 -1.000   0.000
   5  -1.  1.28E+02  2.810E+02  1.170  1.170  1.677  1.677  0.304 -1.000   0.000
   6  -1.  1.28E+02  2.809E+02  1.172  1.172  1.676  1.676  0.306 -1.000   0.000
   7  -1.  1.28E+02  2.809E+02  1.174  1.174  1.676  1.676  0.307 -1.000   0.000
   8  -1.  1.28E+02  2.808E+02  1.176  1.176  1.676  1.676  0.309 -1.000   0.000
   9  -1.  1.27E+02  2.808E+02  1.177  1.177  1.676  1.676  0.310 -1.000   0.000
  10  -1.  1.27E+02  2.808E+02  1.178  1.178  1.676  1.676  0.312 -1.000   0.000
  11  -1.  1.27E+02  2.807E+02  1.179  1.179  1.676  1.676  0.313 -1.000   0.000
  12  -1.  1.27E+02  2.807E+02  1.180  1.180  1.676  1.676  0.314 -1.000   0.000
  13  -1.  1.27E+02  2.807E+02  1.181  1.181  1.676  1.676  0.316 -1.000   0.000
  14  -1.  1.27E+02  2.806E+02  1.182  1.182  1.676  1.676  0.317 -1.000   0.000
  15  -1.  1.27E+02  2.806E+02  1.183  1.183  1.676  1.676  0.318 -1.000   0.000
  it  DE     s/n      chi**2    Mac1   Mac2   mic1   mic2   fill2 Ic1/Ic2 stray 
   0       1.27E+02  2.859E+02
  16  -1.  1.27E+02  2.806E+02  1.184  1.184  1.677  1.677  0.319 -1.000   0.000
   1  -1.  1.29E+02  2.747E+02  1.200  1.200  1.705  1.705  0.321 -1.000   0.000
   2  -1.  1.49E+02  2.482E+02  1.332  1.332  1.710  1.710  0.323 -1.000   0.000
   3   0.  1.57E+02  2.176E+02  1.337  1.337  1.681  1.681  0.324 -1.000   0.000
   4   0.  1.63E+02  1.842E+02  1.331  1.331  1.609  1.609  0.327 -1.000   0.000
   5  -1.  1.31E+02  1.710E+02  1.384  1.384  1.344  1.344  0.343 -1.000   0.000
   6  -2.  1.13E+02  8.183E+01  1.358  1.358  0.880  0.880  0.373 -1.000   0.000
   7  -2.  1.27E+02  7.851E+01  1.369  1.369  0.863  0.863  0.405 -1.000   0.000
   8  -1.  1.17E+02  6.536E+01  1.351  1.351  0.869  0.869  0.408 -1.000   0.000
   9  -1.  1.14E+02  6.243E+01  1.349  1.349  0.841  0.841  0.411 -1.000   0.000
  10  -1.  1.12E+02  6.143E+01  1.339  1.339  0.799  0.799  0.415 -1.000   0.000
  11   0.  1.12E+02  6.111E+01  1.325  1.325  0.780  0.780  0.415 -1.000   0.000
  12   1.  1.11E+02  6.106E+01  1.325  1.325  0.778  0.778  0.415 -1.000   0.000
  13   2.  1.11E+02  6.106E+01  1.325  1.325  0.777  0.777  0.415 -1.000   0.000
  14   2.  1.11E+02  6.105E+01  1.325  1.325  0.777  0.777  0.415 -1.000   0.000
  15   2.  1.11E+02  6.105E+01  1.325  1.325  0.777  0.777  0.415 -1.000   0.000
 -------------------------------------------------------------------------------
 -                                        
  it  DE     s/n      chi**2    Mac1   Mac2   mic1   mic2   fill2 Ic1/Ic2 stray 
   0       7.95E+00  2.269E+03
   1  -3.  2.25E+01  4.243E+02  1.500  1.500  0.327  0.327  0.445 -1.000   0.000
   2  -4.  3.77E+01  2.220E+02  2.250  2.250  0.491  0.491  0.616 -1.000   0.000
   3  -1.  4.28E+01  1.621E+02  2.156  2.156  0.736  0.736  0.595 -1.000   0.000
   4  -2.  4.26E+01  8.328E+01  1.194  1.194  1.104  1.104  0.601 -1.000   0.000
   5  -1.  9.76E+01  3.315E+01  1.068  1.068  1.601  1.601  0.562 -1.000   0.000
   6  -2.  1.21E+02  3.035E+01  1.115  1.115  1.632  1.632  0.519 -1.000   0.000
   7  -1.  1.26E+02  3.002E+01  1.096  1.096  1.655  1.655  0.513 -1.000   0.000
   8  -2.  1.26E+02  2.961E+01  1.103  1.103  1.679  1.679  0.493 -1.000   0.000
   9  -1.  1.28E+02  2.947E+01  1.098  1.098  1.683  1.683  0.490 -1.000   0.000
  10  -2.  1.28E+02  2.914E+01  1.105  1.105  1.697  1.697  0.469 -1.000   0.000
  11  -1.  1.29E+02  2.908E+01  1.101  1.101  1.701  1.701  0.466 -1.000   0.000
  12  -2.  1.30E+02  2.883E+01  1.108  1.108  1.709  1.709  0.446 -1.000   0.000
  13  -1.  1.30E+02  2.879E+01  1.106  1.106  1.712  1.712  0.443 -1.000   0.000
  14  -2.  1.32E+02  2.864E+01  1.110  1.110  1.716  1.716  0.427 -1.000   0.000
  15  -3.  1.31E+02  2.861E+01  1.104  1.104  1.704  1.704  0.383 -1.000   0.000
  16  -4.  1.38E+02  2.841E+01  1.109  1.109  1.685  1.685  0.376 -1.000   0.000
  17  -5.  1.38E+02  2.840E+01  1.102  1.102  1.682  1.682  0.368 -1.000   0.000
  it  DE     s/n      chi**2    Mac1   Mac2   mic1   mic2   fill2 Ic1/Ic2 stray 
   0       1.39E+02  4.730E+01
  18  -5.  1.39E+02  2.840E+01  1.105  1.105  1.676  1.676  0.367 -1.000   0.000
   1  -1.  1.36E+02  4.534E+01  1.102  1.102  1.745  1.745  0.363 -1.000   0.000
   2  -2.  1.34E+02  4.455E+01  1.050  1.050  1.701  1.701  0.344 -1.000   0.000
   3  -1.  1.36E+02  4.375E+01  1.046  1.046  1.674  1.674  0.339 -1.000   0.000
   4  -2.  1.33E+02  4.318E+01  1.039  1.039  1.630  1.630  0.307 -1.000   0.000
   5  -1.  1.37E+02  4.252E+01  1.033  1.033  1.624  1.624  0.303 -1.000   0.000
   6  -2.  1.36E+02  4.171E+01  1.037  1.037  1.597  1.597  0.280 -1.000   0.000
   7  -1.  1.37E+02  4.104E+01  1.051  1.051  1.585  1.585  0.277 -1.000   0.000
   8  -2.  1.36E+02  4.031E+01  1.047  1.047  1.598  1.598  0.264 -1.000   0.000
   9  -1.  1.36E+02  4.005E+01  1.037  1.037  1.605  1.605  0.264 -1.000   0.000
  10  -2.  1.34E+02  3.986E+01  1.023  1.023  1.621  1.621  0.260 -1.000   0.000
  11  -3.  1.30E+02  3.981E+01  1.014  1.014  1.632  1.632  0.246 -1.000   0.000
  12  -2.  1.31E+02  3.979E+01  1.012  1.012  1.625  1.625  0.246 -1.000   0.000
  13  -1.  1.31E+02  3.978E+01  1.015  1.015  1.624  1.624  0.247 -1.000   0.000
  14  -2.  1.31E+02  3.978E+01  1.014  1.014  1.623  1.623  0.247 -1.000   0.000
  15  -1.  1.31E+02  3.975E+01  1.015  1.015  1.623  1.623  0.248 -1.000   0.000
  16  -2.  1.31E+02  3.975E+01  1.014  1.014  1.624  1.624  0.247 -1.000   0.000
  it  DE     s/n      chi**2    Mac1   Mac2   mic1   mic2   fill2 Ic1/Ic2 stray 
   0       1.32E+02  2.905E+02
  17  -3.  1.32E+02  3.974E+01  1.013  1.013  1.624  1.624  0.246 -1.000   0.000
   1  -1.  1.33E+02  2.853E+02  1.106  1.106  1.632  1.632  0.250 -1.000   0.000
   2  -2.  1.30E+02  2.843E+02  1.162  1.162  1.669  1.669  0.284 -1.000   0.000
   3  -1.  1.32E+02  2.820E+02  1.150  1.150  1.666  1.666  0.285 -1.000   0.000
   4  -2.  1.28E+02  2.817E+02  1.180  1.180  1.679  1.679  0.304 -1.000   0.000
   5  -1.  1.28E+02  2.810E+02  1.170  1.170  1.677  1.677  0.304 -1.000   0.000
   6  -1.  1.28E+02  2.809E+02  1.172  1.172  1.676  1.676  0.306 -1.000   0.000
   7  -1.  1.28E+02  2.809E+02  1.174  1.174  1.676  1.676  0.307 -1.000   0.000
   8  -1.  1.28E+02  2.808E+02  1.176  1.176  1.676  1.676  0.309 -1.000   0.000
   9  -1.  1.27E+02  2.808E+02  1.177  1.177  1.676  1.676  0.310 -1.000   0.000
  10  -1.  1.27E+02  2.808E+02  1.178  1.178  1.676  1.676  0.312 -1.000   0.000
  11  -1.  1.27E+02  2.807E+02  1.179  1.179  1.676  1.676  0.313 -1.000   0.000
  12  -1.  1.27E+02  2.807E+02  1.180  1.180  1.676  1.676  0.314 -1.000   0.000
  13  -1.  1.27E+02  2.807E+02  1.181  1.181  1.676  1.676  0.316 -1.000   0.000
  14  -1.  1.27E+02  2.806E+02  1.182  1.182  1.676  1.676  0.317 -1.000   0.000
  15  -1.  1.27E+02  2.806E+02  1.183  1.183  1.676  1.676  0.318 -1.000   0.000
  it  DE     s/n      chi**2    Mac1   Mac2   mic1   mic2   fill2 Ic1/Ic2 stray 
   0       1.27E+02  2.859E+02
  16  -1.  1.27E+02  2.806E+02  1.184  1.184  1.677  1.677  0.319 -1.000   0.000
   1  -1.  1.29E+02  2.747E+02  1.200  1.200  1.705  1.705  0.321 -1.000   0.000
   2  -1.  1.49E+02  2.482E+02  1.332  1.332  1.710  1.710  0.323 -1.000   0.000
   3   0.  1.57E+02  2.176E+02  1.337  1.337  1.681  1.681  0.324 -1.000   0.000
   4   0.  1.63E+02  1.842E+02  1.331  1.331  1.609  1.609  0.327 -1.000   0.000
   5  -1.  1.31E+02  1.710E+02  1.384  1.384  1.344  1.344  0.343 -1.000   0.000
   6  -2.  1.13E+02  8.183E+01  1.358  1.358  0.880  0.880  0.373 -1.000   0.000
   7  -2.  1.27E+02  7.851E+01  1.369  1.369  0.863  0.863  0.405 -1.000   0.000
   8  -1.  1.17E+02  6.536E+01  1.351  1.351  0.869  0.869  0.408 -1.000   0.000
   9  -1.  1.14E+02  6.243E+01  1.349  1.349  0.841  0.841  0.411 -1.000   0.000
  10  -1.  1.12E+02  6.143E+01  1.339  1.339  0.799  0.799  0.415 -1.000   0.000
  11   0.  1.12E+02  6.111E+01  1.325  1.325  0.780  0.780  0.415 -1.000   0.000
  12   1.  1.11E+02  6.106E+01  1.325  1.325  0.778  0.778  0.415 -1.000   0.000
  13   2.  1.11E+02  6.106E+01  1.325  1.325  0.777  0.777  0.415 -1.000   0.000
  14   2.  1.11E+02  6.105E+01  1.325  1.325  0.777  0.777  0.415 -1.000   0.000
  15   2.  1.11E+02  6.105E+01  1.325  1.325  0.777  0.777  0.415 -1.000   0.000
 -------------------------------------------------------------------------------
 -                                        
  it  DE     s/n      chi**2    Mac1   Mac2   mic1   mic2   fill2 Ic1/Ic2 stray 
   0       7.95E+00  2.269E+03
   1  -3.  2.25E+01  4.243E+02  1.500  1.500  0.327  0.327  0.445 -1.000   0.000
   2  -4.  3.77E+01  2.220E+02  2.250  2.250  0.491  0.491  0.616 -1.000   0.000
   3  -1.  4.28E+01  1.621E+02  2.156  2.156  0.736  0.736  0.595 -1.000   0.000
   4  -2.  4.26E+01  8.328E+01  1.194  1.194  1.104  1.104  0.601 -1.000   0.000
   5  -1.  9.76E+01  3.315E+01  1.068  1.068  1.601  1.601  0.562 -1.000   0.000
   6  -2.  1.21E+02  3.035E+01  1.115  1.115  1.632  1.632  0.519 -1.000   0.000
   7  -1.  1.26E+02  3.002E+01  1.096  1.096  1.655  1.655  0.513 -1.000   0.000
   8  -2.  1.26E+02  2.961E+01  1.103  1.103  1.679  1.679  0.493 -1.000   0.000
   9  -1.  1.28E+02  2.947E+01  1.098  1.098  1.683  1.683  0.490 -1.000   0.000
  10  -2.  1.28E+02  2.914E+01  1.105  1.105  1.697  1.697  0.469 -1.000   0.000
  11  -1.  1.29E+02  2.908E+01  1.101  1.101  1.701  1.701  0.466 -1.000   0.000
  12  -2.  1.30E+02  2.883E+01  1.108  1.108  1.709  1.709  0.446 -1.000   0.000
  13  -1.  1.30E+02  2.879E+01  1.106  1.106  1.712  1.712  0.443 -1.000   0.000
  14  -2.  1.32E+02  2.864E+01  1.110  1.110  1.716  1.716  0.427 -1.000   0.000
  15  -3.  1.31E+02  2.861E+01  1.104  1.104  1.704  1.704  0.383 -1.000   0.000
  16  -4.  1.38E+02  2.841E+01  1.109  1.109  1.685  1.685  0.376 -1.000   0.000
  17  -5.  1.38E+02  2.840E+01  1.102  1.102  1.682  1.682  0.368 -1.000   0.000
  it  DE     s/n      chi**2    Mac1   Mac2   mic1   mic2   fill2 Ic1/Ic2 stray 
   0       1.39E+02  4.730E+01
  18  -5.  1.39E+02  2.840E+01  1.105  1.105  1.676  1.676  0.367 -1.000   0.000
   1  -1.  1.36E+02  4.534E+01  1.102  1.102  1.745  1.745  0.363 -1.000   0.000
   2  -2.  1.34E+02  4.455E+01  1.050  1.050  1.701  1.701  0.344 -1.000   0.000
   3  -1.  1.36E+02  4.375E+01  1.046  1.046  1.674  1.674  0.339 -1.000   0.000
   4  -2.  1.33E+02  4.318E+01  1.039  1.039  1.630  1.630  0.307 -1.000   0.000
   5  -1.  1.37E+02  4.252E+01  1.033  1.033  1.624  1.624  0.303 -1.000   0.000
   6  -2.  1.36E+02  4.171E+01  1.037  1.037  1.597  1.597  0.280 -1.000   0.000
   7  -1.  1.37E+02  4.104E+01  1.051  1.051  1.585  1.585  0.277 -1.000   0.000
   8  -2.  1.36E+02  4.031E+01  1.047  1.047  1.598  1.598  0.264 -1.000   0.000
   9  -1.  1.36E+02  4.005E+01  1.037  1.037  1.605  1.605  0.264 -1.000   0.000
  10  -2.  1.34E+02  3.986E+01  1.023  1.023  1.621  1.621  0.260 -1.000   0.000
  11  -3.  1.30E+02  3.981E+01  1.014  1.014  1.632  1.632  0.246 -1.000   0.000
  12  -2.  1.31E+02  3.979E+01  1.012  1.012  1.625  1.625  0.246 -1.000   0.000
  13  -1.  1.31E+02  3.978E+01  1.015  1.015  1.624  1.624  0.247 -1.000   0.000
  14  -2.  1.31E+02  3.978E+01  1.014  1.014  1.623  1.623  0.247 -1.000   0.000
  15  -1.  1.31E+02  3.975E+01  1.015  1.015  1.623  1.623  0.248 -1.000   0.000
  16  -2.  1.31E+02  3.975E+01  1.014  1.014  1.624  1.624  0.247 -1.000   0.000
  it  DE     s/n      chi**2    Mac1   Mac2   mic1   mic2   fill2 Ic1/Ic2 stray 
   0       1.32E+02  2.905E+02
  17  -3.  1.32E+02  3.974E+01  1.013  1.013  1.624  1.624  0.246 -1.000   0.000
   1  -1.  1.33E+02  2.853E+02  1.106  1.106  1.632  1.632  0.250 -1.000   0.000
   2  -2.  1.30E+02  2.843E+02  1.162  1.162  1.669  1.669  0.284 -1.000   0.000
   3  -1.  1.32E+02  2.820E+02  1.150  1.150  1.666  1.666  0.285 -1.000   0.000
   4  -2.  1.28E+02  2.817E+02  1.180  1.180  1.679  1.679  0.304 -1.000   0.000
   5  -1.  1.28E+02  2.810E+02  1.170  1.170  1.677  1.677  0.304 -1.000   0.000
   6  -1.  1.28E+02  2.809E+02  1.172  1.172  1.676  1.676  0.306 -1.000   0.000
   7  -1.  1.28E+02  2.809E+02  1.174  1.174  1.676  1.676  0.307 -1.000   0.000
   8  -1.  1.28E+02  2.808E+02  1.176  1.176  1.676  1.676  0.309 -1.000   0.000
   9  -1.  1.27E+02  2.808E+02  1.177  1.177  1.676  1.676  0.310 -1.000   0.000
  10  -1.  1.27E+02  2.808E+02  1.178  1.178  1.676  1.676  0.312 -1.000   0.000
  11  -1.  1.27E+02  2.807E+02  1.179  1.179  1.676  1.676  0.313 -1.000   0.000
  12  -1.  1.27E+02  2.807E+02  1.180  1.180  1.676  1.676  0.314 -1.000   0.000
  13  -1.  1.27E+02  2.807E+02  1.181  1.181  1.676  1.676  0.316 -1.000   0.000
  14  -1.  1.27E+02  2.806E+02  1.182  1.182  1.676  1.676  0.317 -1.000   0.000
  15  -1.  1.27E+02  2.806E+02  1.183  1.183  1.676  1.676  0.318 -1.000   0.000
  it  DE     s/n      chi**2    Mac1   Mac2   mic1   mic2   fill2 Ic1/Ic2 stray 
   0       1.27E+02  2.793E+02
  16  -1.  1.27E+02  2.806E+02  1.184  1.184  1.677  1.677  0.319 -1.000   0.000
   1  -3.  1.28E+02  2.793E+02  1.187  1.187  1.677  1.677  0.330 -1.000   0.000
   2  -4.  1.29E+02  2.793E+02  1.190  1.190  1.678  1.678  0.335 -1.000   0.000
   3   0.  1.29E+02  2.793E+02  1.191  1.191  1.678  1.678  0.335 -1.000   0.000
 -------------------------------------------------------------------------------
 -                                        
  it  DE     s/n      chi**2    Mac1   Mac2   mic1   mic2   fill2 Ic1/Ic2 stray 
   0       7.95E+00  2.269E+03
   1  -3.  2.25E+01  4.243E+02  1.500  1.500  0.327  0.327  0.445 -1.000   0.000
   2  -4.  3.77E+01  2.220E+02  2.250  2.250  0.491  0.491  0.616 -1.000   0.000
   3  -1.  4.28E+01  1.621E+02  2.156  2.156  0.736  0.736  0.595 -1.000   0.000
   4  -2.  4.26E+01  8.328E+01  1.194  1.194  1.104  1.104  0.601 -1.000   0.000
   5  -1.  9.76E+01  3.315E+01  1.068  1.068  1.601  1.601  0.562 -1.000   0.000
   6  -2.  1.21E+02  3.035E+01  1.115  1.115  1.632  1.632  0.519 -1.000   0.000
   7  -1.  1.26E+02  3.002E+01  1.096  1.096  1.655  1.655  0.513 -1.000   0.000
   8  -2.  1.26E+02  2.961E+01  1.103  1.103  1.679  1.679  0.493 -1.000   0.000
   9  -1.  1.28E+02  2.947E+01  1.098  1.098  1.683  1.683  0.490 -1.000   0.000
  10  -2.  1.28E+02  2.914E+01  1.105  1.105  1.697  1.697  0.469 -1.000   0.000
  11  -1.  1.29E+02  2.908E+01  1.101  1.101  1.701  1.701  0.466 -1.000   0.000
  12  -2.  1.30E+02  2.883E+01  1.108  1.108  1.709  1.709  0.446 -1.000   0.000
  13  -1.  1.30E+02  2.879E+01  1.106  1.106  1.712  1.712  0.443 -1.000   0.000
  14  -2.  1.32E+02  2.864E+01  1.110  1.110  1.716  1.716  0.427 -1.000   0.000
  15  -3.  1.31E+02  2.861E+01  1.104  1.104  1.704  1.704  0.383 -1.000   0.000
  16  -4.  1.38E+02  2.841E+01  1.109  1.109  1.685  1.685  0.376 -1.000   0.000
  17  -5.  1.38E+02  2.840E+01  1.102  1.102  1.682  1.682  0.368 -1.000   0.000
  it  DE     s/n      chi**2    Mac1   Mac2   mic1   mic2   fill2 Ic1/Ic2 stray 
   0       1.39E+02  4.730E+01
  18  -5.  1.39E+02  2.840E+01  1.105  1.105  1.676  1.676  0.367 -1.000   0.000
   1  -1.  1.36E+02  4.534E+01  1.102  1.102  1.745  1.745  0.363 -1.000   0.000
   2  -2.  1.34E+02  4.455E+01  1.050  1.050  1.701  1.701  0.344 -1.000   0.000
   3  -1.  1.36E+02  4.375E+01  1.046  1.046  1.674  1.674  0.339 -1.000   0.000
   4  -2.  1.33E+02  4.318E+01  1.039  1.039  1.630  1.630  0.307 -1.000   0.000
   5  -1.  1.37E+02  4.252E+01  1.033  1.033  1.624  1.624  0.303 -1.000   0.000
   6  -2.  1.36E+02  4.171E+01  1.037  1.037  1.597  1.597  0.280 -1.000   0.000
   7  -1.  1.37E+02  4.104E+01  1.051  1.051  1.585  1.585  0.277 -1.000   0.000
   8  -2.  1.36E+02  4.031E+01  1.047  1.047  1.598  1.598  0.264 -1.000   0.000
   9  -1.  1.36E+02  4.005E+01  1.037  1.037  1.605  1.605  0.264 -1.000   0.000
  10  -2.  1.34E+02  3.986E+01  1.023  1.023  1.621  1.621  0.260 -1.000   0.000
  11  -3.  1.30E+02  3.981E+01  1.014  1.014  1.632  1.632  0.246 -1.000   0.000
  12  -2.  1.31E+02  3.979E+01  1.012  1.012  1.625  1.625  0.246 -1.000   0.000
  13  -1.  1.31E+02  3.978E+01  1.015  1.015  1.624  1.624  0.247 -1.000   0.000
  14  -2.  1.31E+02  3.978E+01  1.014  1.014  1.623  1.623  0.247 -1.000   0.000
  15  -1.  1.31E+02  3.975E+01  1.015  1.015  1.623  1.623  0.248 -1.000   0.000
  16  -2.  1.31E+02  3.975E+01  1.014  1.014  1.624  1.624  0.247 -1.000   0.000
  it  DE     s/n      chi**2    Mac1   Mac2   mic1   mic2   fill2 Ic1/Ic2 stray 
   0       1.32E+02  2.905E+02
  17  -3.  1.32E+02  3.974E+01  1.013  1.013  1.624  1.624  0.246 -1.000   0.000
   1  -1.  1.33E+02  2.853E+02  1.106  1.106  1.632  1.632  0.250 -1.000   0.000
   2  -2.  1.30E+02  2.843E+02  1.162  1.162  1.669  1.669  0.284 -1.000   0.000
   3  -1.  1.32E+02  2.820E+02  1.150  1.150  1.666  1.666  0.285 -1.000   0.000
   4  -2.  1.28E+02  2.817E+02  1.180  1.180  1.679  1.679  0.304 -1.000   0.000
   5  -1.  1.28E+02  2.810E+02  1.170  1.170  1.677  1.677  0.304 -1.000   0.000
   6  -1.  1.28E+02  2.809E+02  1.172  1.172  1.676  1.676  0.306 -1.000   0.000
   7  -1.  1.28E+02  2.809E+02  1.174  1.174  1.676  1.676  0.307 -1.000   0.000
   8  -1.  1.28E+02  2.808E+02  1.176  1.176  1.676  1.676  0.309 -1.000   0.000
   9  -1.  1.27E+02  2.808E+02  1.177  1.177  1.676  1.676  0.310 -1.000   0.000
  10  -1.  1.27E+02  2.808E+02  1.178  1.178  1.676  1.676  0.312 -1.000   0.000
  11  -1.  1.27E+02  2.807E+02  1.179  1.179  1.676  1.676  0.313 -1.000   0.000
  12  -1.  1.27E+02  2.807E+02  1.180  1.180  1.676  1.676  0.314 -1.000   0.000
  13  -1.  1.27E+02  2.807E+02  1.181  1.181  1.676  1.676  0.316 -1.000   0.000
  14  -1.  1.27E+02  2.806E+02  1.182  1.182  1.676  1.676  0.317 -1.000   0.000
  15  -1.  1.27E+02  2.806E+02  1.183  1.183  1.676  1.676  0.318 -1.000   0.000
  it  DE     s/n      chi**2    Mac1   Mac2   mic1   mic2   fill2 Ic1/Ic2 stray 
   0       1.27E+02  2.793E+02
  16  -1.  1.27E+02  2.806E+02  1.184  1.184  1.677  1.677  0.319 -1.000   0.000
   1  -3.  1.28E+02  2.793E+02  1.187  1.187  1.677  1.677  0.330 -1.000   0.000
   2  -4.  1.29E+02  2.793E+02  1.190  1.190  1.678  1.678  0.335 -1.000   0.000
   3   0.  1.29E+02  2.793E+02  1.191  1.191  1.678  1.678  0.335 -1.000   0.000
 -------------------------------------------------------------------------------
 -                                        
  it  DE     s/n      chi**2    Mac1   Mac2   mic1   mic2   fill2 Ic1/Ic2 stray 
   0       7.95E+00  2.269E+03
   1  -3.  2.25E+01  4.243E+02  1.500  1.500  0.327  0.327  0.445 -1.000   0.000
   2  -4.  3.77E+01  2.220E+02  2.250  2.250  0.491  0.491  0.616 -1.000   0.000
   3  -1.  4.28E+01  1.621E+02  2.156  2.156  0.736  0.736  0.595 -1.000   0.000
   4  -2.  4.26E+01  8.328E+01  1.194  1.194  1.104  1.104  0.601 -1.000   0.000
   5  -1.  9.76E+01  3.315E+01  1.068  1.068  1.601  1.601  0.562 -1.000   0.000
   6  -2.  1.21E+02  3.035E+01  1.115  1.115  1.632  1.632  0.519 -1.000   0.000
   7  -1.  1.26E+02  3.002E+01  1.096  1.096  1.655  1.655  0.513 -1.000   0.000
   8  -2.  1.26E+02  2.961E+01  1.103  1.103  1.679  1.679  0.493 -1.000   0.000
   9  -1.  1.28E+02  2.947E+01  1.098  1.098  1.683  1.683  0.490 -1.000   0.000
  10  -2.  1.28E+02  2.914E+01  1.105  1.105  1.697  1.697  0.469 -1.000   0.000
  11  -1.  1.29E+02  2.908E+01  1.101  1.101  1.701  1.701  0.466 -1.000   0.000
  12  -2.  1.30E+02  2.883E+01  1.108  1.108  1.709  1.709  0.446 -1.000   0.000
  13  -1.  1.30E+02  2.879E+01  1.106  1.106  1.712  1.712  0.443 -1.000   0.000
  14  -2.  1.32E+02  2.864E+01  1.110  1.110  1.716  1.716  0.427 -1.000   0.000
  15  -3.  1.31E+02  2.861E+01  1.104  1.104  1.704  1.704  0.383 -1.000   0.000
  16  -4.  1.38E+02  2.841E+01  1.109  1.109  1.685  1.685  0.376 -1.000   0.000
  17  -5.  1.38E+02  2.840E+01  1.102  1.102  1.682  1.682  0.368 -1.000   0.000
  it  DE     s/n      chi**2    Mac1   Mac2   mic1   mic2   fill2 Ic1/Ic2 stray 
   0       1.39E+02  4.730E+01
  18  -5.  1.39E+02  2.840E+01  1.105  1.105  1.676  1.676  0.367 -1.000   0.000
   1  -1.  1.36E+02  4.534E+01  1.102  1.102  1.745  1.745  0.363 -1.000   0.000
   2  -2.  1.34E+02  4.455E+01  1.050  1.050  1.701  1.701  0.344 -1.000   0.000
   3  -1.  1.36E+02  4.375E+01  1.046  1.046  1.674  1.674  0.339 -1.000   0.000
   4  -2.  1.33E+02  4.318E+01  1.039  1.039  1.630  1.630  0.307 -1.000   0.000
   5  -1.  1.37E+02  4.252E+01  1.033  1.033  1.624  1.624  0.303 -1.000   0.000
   6  -2.  1.36E+02  4.171E+01  1.037  1.037  1.597  1.597  0.280 -1.000   0.000
   7  -1.  1.37E+02  4.104E+01  1.051  1.051  1.585  1.585  0.277 -1.000   0.000
   8  -2.  1.36E+02  4.031E+01  1.047  1.047  1.598  1.598  0.264 -1.000   0.000
   9  -1.  1.36E+02  4.005E+01  1.037  1.037  1.605  1.605  0.264 -1.000   0.000
  10  -2.  1.34E+02  3.986E+01  1.023  1.023  1.621  1.621  0.260 -1.000   0.000
  11  -3.  1.30E+02  3.981E+01  1.014  1.014  1.632  1.632  0.246 -1.000   0.000
  12  -2.  1.31E+02  3.979E+01  1.012  1.012  1.625  1.625  0.246 -1.000   0.000
  13  -1.  1.31E+02  3.978E+01  1.015  1.015  1.624  1.624  0.247 -1.000   0.000
  14  -2.  1.31E+02  3.978E+01  1.014  1.014  1.623  1.623  0.247 -1.000   0.000
  15  -1.  1.31E+02  3.975E+01  1.015  1.015  1.623  1.623  0.248 -1.000   0.000
  16  -2.  1.31E+02  3.975E+01  1.014  1.014  1.624  1.624  0.247 -1.000   0.000
  it  DE     s/n      chi**2    Mac1   Mac2   mic1   mic2   fill2 Ic1/Ic2 stray 
   0       1.32E+02  2.905E+02
  17  -3.  1.32E+02  3.974E+01  1.013  1.013  1.624  1.624  0.246 -1.000   0.000
   1  -1.  1.33E+02  2.853E+02  1.106  1.106  1.632  1.632  0.250 -1.000   0.000
   2  -2.  1.30E+02  2.843E+02  1.162  1.162  1.669  1.669  0.284 -1.000   0.000
   3  -1.  1.32E+02  2.820E+02  1.150  1.150  1.666  1.666  0.285 -1.000   0.000
   4  -2.  1.28E+02  2.817E+02  1.180  1.180  1.679  1.679  0.304 -1.000   0.000
   5  -1.  1.28E+02  2.810E+02  1.170  1.170  1.677  1.677  0.304 -1.000   0.000
   6  -1.  1.28E+02  2.809E+02  1.172  1.172  1.676  1.676  0.306 -1.000   0.000
   7  -1.  1.28E+02  2.809E+02  1.174  1.174  1.676  1.676  0.307 -1.000   0.000
   8  -1.  1.28E+02  2.808E+02  1.176  1.176  1.676  1.676  0.309 -1.000   0.000
   9  -1.  1.27E+02  2.808E+02  1.177  1.177  1.676  1.676  0.310 -1.000   0.000
  10  -1.  1.27E+02  2.808E+02  1.178  1.178  1.676  1.676  0.312 -1.000   0.000
  11  -1.  1.27E+02  2.807E+02  1.179  1.179  1.676  1.676  0.313 -1.000   0.000
  12  -1.  1.27E+02  2.807E+02  1.180  1.180  1.676  1.676  0.314 -1.000   0.000
  13  -1.  1.27E+02  2.807E+02  1.181  1.181  1.676  1.676  0.316 -1.000   0.000
  14  -1.  1.27E+02  2.806E+02  1.182  1.182  1.676  1.676  0.317 -1.000   0.000
  15  -1.  1.27E+02  2.806E+02  1.183  1.183  1.676  1.676  0.318 -1.000   0.000
  it  DE     s/n      chi**2    Mac1   Mac2   mic1   mic2   fill2 Ic1/Ic2 stray 
   0       1.27E+02  2.806E+02
  16  -1.  1.27E+02  2.806E+02  1.184  1.184  1.677  1.677  0.319 -1.000   0.000
   1  -3.  1.30E+02  2.802E+02  1.164  1.164  1.729  1.729  0.345 -1.000   0.000
   2  -2.  1.30E+02  2.669E+02  1.211  1.211  1.762  1.762  0.350 -1.000   0.000
   3  -1.  1.31E+02  2.639E+02  1.204  1.204  1.768  1.768  0.349 -1.000   0.000
   4  -2.  1.37E+02  2.613E+02  1.207  1.207  1.763  1.763  0.365 -1.000   0.000
   5  -1.  1.40E+02  2.554E+02  1.216  1.216  1.756  1.756  0.367 -1.000   0.000
   6  -1.  1.41E+02  2.491E+02  1.227  1.227  1.750  1.750  0.365 -1.000   0.000
   7  -2.  1.40E+02  2.528E+02  1.247  1.247  1.752  1.752  0.366 -1.000   0.000
   8   0.  1.44E+02  2.435E+02  1.251  1.251  1.739  1.739  0.367 -1.000   0.000
   9  -1.  1.47E+02  2.313E+02  1.272  1.272  1.705  1.705  0.363 -1.000   0.000
  10  -1.  1.47E+02  2.276E+02  1.297  1.297  1.654  1.654  0.357 -1.000   0.000
  11   0.  1.53E+02  2.147E+02  1.306  1.306  1.625  1.625  0.358 -1.000   0.000
  12   0.  1.49E+02  2.086E+02  1.314  1.314  1.593  1.593  0.358 -1.000   0.000
  13   0.  1.49E+02  2.054E+02  1.324  1.324  1.576  1.576  0.357 -1.000   0.000
  14   0.  1.50E+02  2.050E+02  1.333  1.333  1.565  1.565  0.356 -1.000   0.000
  15   0.  1.48E+02  1.980E+02  1.344  1.344  1.550  1.550  0.356 -1.000   0.000
  16   0.  1.50E+02  1.955E+02  1.353  1.353  1.538  1.538  0.356 -1.000   0.000
  17   0.  1.50E+02  1.893E+02  1.363  1.363  1.524  1.524  0.356 -1.000   0.000
  18   0.  1.53E+02  1.879E+02  1.371  1.371  1.513  1.513  0.355 -1.000   0.000
  19   0.  1.50E+02  1.800E+02  1.372  1.372  1.491  1.491  0.356 -1.000   0.000
  20   0.  1.58E+02  1.768E+02  1.378  1.378  1.472  1.472  0.356 -1.000   0.000
  21   0.  1.65E+02  1.739E+02  1.385  1.385  1.452  1.452  0.357 -1.000   0.000
  22   0.  1.69E+02  1.690E+02  1.392  1.392  1.432  1.432  0.357 -1.000   0.000
  23   0.  1.72E+02  1.663E+02  1.399  1.399  1.412  1.412  0.358 -1.000   0.000
  24  -1.  1.69E+02  1.515E+02  1.421  1.421  1.262  1.262  0.364 -1.000   0.000
  25  -1.  1.54E+02  1.487E+02  1.446  1.446  1.131  1.131  0.368 -1.000   0.000
  26  -1.  1.32E+02  1.376E+02  1.470  1.470  0.848  0.848  0.367 -1.000   0.000
  27  -1.  1.32E+02  1.106E+02  1.448  1.448  0.466  0.466  0.372 -1.000   0.000
  28  -1.  1.21E+02  1.057E+02  1.481  1.481  0.233  0.233  0.377 -1.000   0.000
  29  -1.  1.18E+02  1.042E+02  1.512  1.512  0.117  0.117  0.382 -1.000   0.000
