  0.226588786       0.00000000       0.00000000    
  1.2000    466.3  7.57229E+03  0.000E+00  7.9466E+01  1.1992E+04  1.2735E+00  1.2213E+00  1.8878E+00  1.8906E+04  3.5329E-08
  1.1000    396.7  5.60443E+03  0.000E+00  7.9888E+01  1.2047E+04  1.2735E+00  1.2213E+00  1.9624E+00  1.8799E+04  3.7060E-08
  1.0000    334.3  3.39110E+03  0.000E+00  8.0309E+01  1.2102E+04  1.2735E+00  1.2213E+00  2.0767E+00  1.8626E+04  3.8647E-08
  0.9000    278.8  1.80512E+03  0.000E+00  8.0730E+01  1.2157E+04  1.2735E+00  1.2213E+00  2.2264E+00  1.8371E+04  4.0012E-08
  0.8000    229.6  8.79664E+02  0.000E+00  8.1152E+01  1.2212E+04  1.2735E+00  1.2213E+00  2.3948E+00  1.8030E+04  4.1090E-08
  0.7000    186.6  4.01113E+02  0.000E+00  8.1573E+01  1.2266E+04  1.2735E+00  1.2213E+00  2.5562E+00  1.7610E+04  4.1840E-08
  0.6000    149.3  1.73574E+02  0.000E+00  8.1994E+01  1.2321E+04  1.2735E+00  1.2213E+00  2.6857E+00  1.7125E+04  4.2231E-08
  0.5000    117.4  7.13437E+01  0.000E+00  8.2416E+01  1.2376E+04  1.2735E+00  1.2213E+00  2.7596E+00  1.6589E+04  4.2289E-08
  0.4000     90.4  2.79505E+01  0.000E+00  8.2837E+01  1.2431E+04  1.2735E+00  1.2213E+00  2.7426E+00  1.6029E+04  4.2035E-08
  0.3000     68.2  1.02366E+01  0.000E+00  8.3258E+01  1.2486E+04  1.2735E+00  1.2213E+00  2.5725E+00  1.5508E+04  4.1635E-08
  0.2000     50.2  3.18784E+00  0.000E+00  8.3679E+01  1.2541E+04  1.2735E+00  1.2213E+00  2.1474E+00  1.5138E+04  4.1456E-08
  0.1000     36.1  4.84867E-01  0.000E+00  8.4101E+01  1.2596E+04  1.2735E+00  1.2213E+00  1.3343E+00  1.5061E+04  4.1916E-08
  0.0000     25.6  5.58840E-01  0.000E+00  8.4522E+01  1.2651E+04  1.2735E+00  1.2213E+00  0.0000E+00  1.5400E+04  4.3568E-08
 -0.1000     18.3  9.56448E-01  0.000E+00  8.4943E+01  1.2705E+04  1.2735E+00  1.2213E+00  1.9243E+00  1.6176E+04  4.6520E-08
 -0.2000     13.9  1.11724E+00  0.000E+00  8.5365E+01  1.2760E+04  1.2735E+00  1.2213E+00  4.4149E+00  1.7294E+04  5.0573E-08
 -0.3000     12.0  1.18837E+00  0.000E+00  8.5786E+01  1.2815E+04  1.2735E+00  1.2213E+00  7.4133E+00  1.8633E+04  5.5476E-08
 -0.4000     12.2  1.23658E+00  0.000E+00  8.6207E+01  1.2870E+04  1.2735E+00  1.2213E+00  1.0869E+01  2.0098E+04  6.0771E-08
 -0.5000     14.1  1.27202E+00  0.000E+00  8.6628E+01  1.2925E+04  1.2735E+00  1.2213E+00  1.4741E+01  2.1627E+04  6.6370E-08
 -0.6000     17.5  1.31186E+00  0.000E+00  8.7050E+01  1.2980E+04  1.2735E+00  1.2213E+00  1.8989E+01  2.3180E+04  7.2002E-08
 -0.7000     22.0  1.35798E+00  0.000E+00  8.7471E+01  1.3035E+04  1.2735E+00  1.2213E+00  2.3563E+01  2.4728E+04  7.7552E-08
 -0.8000     27.1  1.39368E+00  0.000E+00  8.7892E+01  1.3090E+04  1.2735E+00  1.2213E+00  2.8386E+01  2.6241E+04  8.3108E-08
 -0.9000     32.5  1.42963E+00  0.000E+00  8.8313E+01  1.3144E+04  1.2735E+00  1.2213E+00  3.3361E+01  2.7696E+04  8.8449E-08
 -1.0000     38.0  1.44057E+00  0.000E+00  8.8735E+01  1.3199E+04  1.2735E+00  1.2213E+00  3.8371E+01  2.9068E+04  9.3761E-08
 -1.1000     43.0  1.42883E+00  0.000E+00  8.9156E+01  1.3254E+04  1.2735E+00  1.2213E+00  4.3290E+01  3.0336E+04  9.8932E-08
 -1.2000     47.3  1.38368E+00  0.000E+00  8.9577E+01  1.3309E+04  1.2735E+00  1.2213E+00  4.7995E+01  3.1484E+04  1.0402E-07
 -1.3000     50.5  1.27622E+00  0.000E+00  8.9999E+01  1.3364E+04  1.2735E+00  1.2213E+00  5.2378E+01  3.2500E+04  1.0933E-07
 -1.4000     52.2  1.11683E+00  0.000E+00  9.0420E+01  1.3419E+04  1.2735E+00  1.2213E+00  5.6363E+01  3.3380E+04  1.1482E-07
 -1.5000     52.3  8.96127E-01  0.000E+00  9.0841E+01  1.3474E+04  1.2735E+00  1.2213E+00  5.9932E+01  3.4131E+04  1.2092E-07
 -1.6000     51.7  6.57702E-01  0.000E+00  9.1263E+01  1.3528E+04  1.2735E+00  1.2213E+00  6.3136E+01  3.4771E+04  1.2768E-07
 -1.7000     51.5  4.45831E-01  0.000E+00  9.1684E+01  1.3583E+04  1.2735E+00  1.2213E+00  6.6095E+01  3.5333E+04  1.3536E-07
 -1.8000     52.6  2.88701E-01  0.000E+00  9.2105E+01  1.3638E+04  1.2735E+00  1.2213E+00  6.8986E+01  3.5862E+04  1.4447E-07
 -1.9000     56.2  1.96709E-01  0.000E+00  9.2527E+01  1.3693E+04  1.2735E+00  1.2213E+00  7.1996E+01  3.6406E+04  1.5530E-07
 -2.0000     63.4  1.48598E-01  0.000E+00  9.2948E+01  1.3748E+04  1.2735E+00  1.2213E+00  7.5251E+01  3.6999E+04  1.6853E-07
 -2.1000     75.3  1.12430E-01  0.000E+00  9.3369E+01  1.3803E+04  1.2735E+00  1.2213E+00  7.8727E+01  3.7593E+04  1.8433E-07
 -2.2000     92.9  6.87214E-02  0.000E+00  9.3791E+01  1.3858E+04  1.2735E+00  1.2213E+00  8.2394E+01  3.7999E+04  2.0230E-07
 -2.3000    117.3  2.56396E-02  0.000E+00  9.4212E+01  1.3912E+04  1.2735E+00  1.2213E+00  8.6582E+01  3.7709E+04  2.2010E-07
 -2.4000    149.6  3.74125E-03  0.000E+00  9.4633E+01  1.3967E+04  1.2735E+00  1.2213E+00  9.1773E+01  3.5254E+04  2.2375E-07
 -2.5000    190.9  2.10337E-04  0.000E+00  9.5054E+01  1.4022E+04  1.2735E+00  1.2213E+00  9.7405E+01  3.0573E+04  1.9888E-07
 -2.6000    242.2  1.73818E-03  0.000E+00  9.5476E+01  1.4077E+04  1.2735E+00  1.2213E+00  1.0241E+02  2.5547E+04  1.6696E-07
 -2.7000    304.7  3.15424E-03  0.000E+00  9.5897E+01  1.4132E+04  1.2735E+00  1.2213E+00  1.0644E+02  2.1068E+04  1.3855E-07
 -2.8000    379.4  4.65363E-03  0.000E+00  9.6318E+01  1.4187E+04  1.2735E+00  1.2213E+00  1.0954E+02  1.7179E+04  1.1390E-07
 -2.9000    467.4  6.43609E-03  0.000E+00  9.6740E+01  1.4242E+04  1.2735E+00  1.2213E+00  1.1197E+02  1.3880E+04  9.2963E-08
 -3.0000    569.7  8.61419E-03  0.000E+00  9.7161E+01  1.4297E+04  1.2735E+00  1.2213E+00  1.1426E+02  1.1143E+04  7.5525E-08
 -3.1000    687.6  1.16903E-02  0.000E+00  9.7582E+01  1.4351E+04  1.2735E+00  1.2213E+00  1.1706E+02  8.9139E+03  6.1201E-08
 -3.2000    821.9  1.69410E-02  0.000E+00  9.8003E+01  1.4406E+04  1.2735E+00  1.2213E+00  1.2055E+02  7.1025E+03  4.9431E-08
 -3.3000    973.9  2.63629E-02  0.000E+00  9.8425E+01  1.4461E+04  1.2735E+00  1.2213E+00  1.2403E+02  5.6015E+03  3.9602E-08
 -3.4000   1144.5  4.15573E-02  0.000E+00  9.8846E+01  1.4516E+04  1.2735E+00  1.2213E+00  1.2629E+02  4.3263E+03  3.1252E-08
 -3.5000   1335.0  6.16898E-02  0.000E+00  9.9267E+01  1.4571E+04  1.2735E+00  1.2213E+00  1.2659E+02  3.2351E+03  2.4137E-08
 -3.6000   1546.3  8.16742E-02  0.000E+00  9.9688E+01  1.4626E+04  1.2735E+00  1.2213E+00  1.2506E+02  2.3112E+03  1.8119E-08
 -3.7000   1779.5  9.48440E-02  0.000E+00  1.0011E+02  1.4681E+04  1.2735E+00  1.2213E+00  1.2239E+02  1.5431E+03  1.3074E-08
 -3.8000   2035.7  9.81428E-02  0.000E+00  1.0053E+02  1.4735E+04  1.2735E+00  1.2213E+00  1.1934E+02  9.1583E+02  8.8566E-09
 -3.9000   2316.1  1.10731E-01  0.000E+00  1.0095E+02  1.4790E+04  1.2735E+00  1.2213E+00  1.1393E+02  3.9302E+02  5.2409E-09
 -4.0000   2621.6  3.88152E-01  0.000E+00  1.0137E+02  1.4845E+04  1.2735E+00  1.2213E+00  1.0033E+02  0.0000E+00  2.1795E-09
