   5.40674925E-02   0.00000000       0.00000000    
  1.2000    210.3  2.47512E+03  0.000E+00  1.1469E+03  1.7412E+05  3.0715E+01  3.4288E+01  2.5222E+00  4.4479E+03  1.3823E-08
  1.1000    178.4  1.47424E+03  0.000E+00  9.9078E+02  1.5012E+05  2.6624E+01  2.9874E+01  2.3373E+00  4.2084E+03  1.3505E-08
  1.0000    149.8  8.28330E+02  0.000E+00  8.4913E+02  1.2839E+05  2.2912E+01  2.5860E+01  2.1266E+00  3.9167E+03  1.2999E-08
  0.9000    124.4  4.43704E+02  0.000E+00  7.2128E+02  1.0882E+05  1.9560E+01  2.2227E+01  1.8991E+00  3.5794E+03  1.2300E-08
  0.8000    102.0  2.28115E+02  0.000E+00  6.0656E+02  9.1302E+04  1.6551E+01  1.8956E+01  1.6627E+00  3.2050E+03  1.1411E-08
  0.7000     82.4  1.13021E+02  0.000E+00  5.0427E+02  7.5725E+04  1.3867E+01  1.6030E+01  1.4219E+00  2.8008E+03  1.0344E-08
  0.6000     65.6  5.42514E+01  0.000E+00  4.1376E+02  6.1981E+04  1.1490E+01  1.3428E+01  1.1785E+00  2.3734E+03  9.1121E-09
  0.5000     51.1  2.51458E+01  0.000E+00  3.3433E+02  4.9962E+04  9.4018E+00  1.1132E+01  9.3408E-01  1.9304E+03  7.7474E-09
  0.4000     39.1  1.13505E+01  0.000E+00  2.6531E+02  3.9560E+04  7.5846E+00  9.1243E+00  6.9287E-01  1.4857E+03  6.2892E-09
  0.3000     29.1  5.00311E+00  0.000E+00  2.0603E+02  3.0665E+04  6.0206E+00  7.3848E+00  4.6456E-01  1.0632E+03  4.8208E-09
  0.2000     21.1  2.13843E+00  0.000E+00  1.5580E+02  2.3169E+04  4.6917E+00  5.8951E+00  2.6332E-01  6.9297E+02  3.4572E-09
  0.1000     14.9  9.03008E-01  0.000E+00  1.1395E+02  1.6963E+04  3.5801E+00  4.6365E+00  1.0495E-01  4.0402E+02  2.3090E-09
  0.0000     10.4  3.71166E-01  0.000E+00  7.9800E+01  1.1939E+04  2.6679E+00  3.5902E+00  0.0000E+00  2.1077E+02  1.4659E-09
 -0.1000      7.3  1.57858E-01  0.000E+00  5.2672E+01  7.9871E+03  1.9371E+00  2.7374E+00  5.4290E-02  1.0241E+02  9.2530E-10
 -0.2000      5.4  7.57055E-02  0.000E+00  3.1887E+01  4.9997E+03  1.3698E+00  2.0594E+00  7.2880E-02  5.0656E+01  6.2394E-10
 -0.3000      4.7  4.46367E-02  0.000E+00  1.6770E+01  2.8676E+03  9.4815E-01  1.5373E+00  7.1758E-02  2.8078E+01  4.8021E-10
 -0.4000      4.8  3.51162E-02  0.000E+00  6.6411E+00  1.4822E+03  6.5412E-01  1.1524E+00  6.0730E-02  1.8070E+01  4.2760E-10
 -0.5000      5.8  3.35994E-02  0.000E+00  8.2349E-01  7.3478E+02  4.6983E-01  8.8596E-01  4.3556E-02  1.3109E+01  4.2689E-10
 -0.6000      7.3  3.56584E-02  0.000E+00  1.3606E+00  5.1666E+02  3.7737E-01  7.1913E-01  2.0523E-02  1.0492E+01  4.5155E-10
 -0.7000      9.2  3.88284E-02  0.000E+00  5.8887E-01  7.1909E+02  3.5882E-01  6.3321E-01  8.8425E-03  9.0391E+00  4.8426E-10
 -0.8000     11.3  4.16160E-02  0.000E+00  2.4607E+00  1.2334E+03  3.9623E-01  6.0938E-01  4.5219E-02  8.3086E+00  5.1546E-10
 -0.9000     13.5  4.35138E-02  0.000E+00  7.1106E+00  1.9509E+03  4.7171E-01  6.2886E-01  8.9310E-02  8.2266E+00  5.3657E-10
 -1.0000     15.6  4.40006E-02  0.000E+00  1.2683E+01  2.7629E+03  5.6731E-01  6.7290E-01  1.4180E-01  8.8672E+00  5.4649E-10
 -1.1000     17.4  4.30205E-02  0.000E+00  1.8500E+01  3.5607E+03  6.6515E-01  7.2270E-01  2.0305E-01  1.0328E+01  5.4290E-10
 -1.2000     18.8  4.05650E-02  0.000E+00  2.3885E+01  4.2355E+03  7.4726E-01  7.5949E-01  2.7332E-01  1.2715E+01  5.2644E-10
 -1.3000     19.5  3.67975E-02  0.000E+00  2.8158E+01  4.6788E+03  7.9575E-01  7.6454E-01  3.5176E-01  1.5861E+01  4.9995E-10
 -1.4000     19.4  3.19574E-02  0.000E+00  3.0643E+01  4.7816E+03  7.9268E-01  7.1902E-01  4.3636E-01  1.9445E+01  4.6245E-10
 -1.5000     18.4  2.64748E-02  0.000E+00  3.0880E+01  4.4738E+03  7.2631E-01  6.1066E-01  5.2377E-01  2.3031E+01  4.1707E-10
 -1.6000     16.7  2.09991E-02  0.000E+00  2.9279E+01  3.8383E+03  6.0954E-01  4.5299E-01  6.0999E-01  2.6154E+01  3.6815E-10
 -1.7000     14.5  1.60044E-02  0.000E+00  2.6469E+01  2.9964E+03  4.6145E-01  2.6607E-01  6.9229E-01  2.8621E+01  3.2057E-10
 -1.8000     12.2  1.17871E-02  0.000E+00  2.3078E+01  2.0694E+03  3.0110E-01  6.9885E-02  7.6871E-01  3.0361E+01  2.7818E-10
 -1.9000     10.1  8.42035E-03  0.000E+00  1.9734E+01  1.1787E+03  1.4760E-01  1.1546E-01  8.3932E-01  3.1479E+01  2.4282E-10
 -2.0000      8.3  5.99027E-03  0.000E+00  1.7067E+01  4.4559E+02  1.9981E-02  2.7000E-01  9.0573E-01  3.2167E+01  2.1673E-10
 -2.1000      7.2  4.50021E-03  0.000E+00  1.5704E+01  8.6875E+00  6.2630E-02  3.7369E-01  9.6979E-01  3.2501E+01  2.0042E-10
 -2.2000      7.1  3.93140E-03  0.000E+00  1.6274E+01  6.2719E+01  8.1200E-02  4.0649E-01  1.0328E+00  3.2371E+01  1.9349E-10
 -2.3000      8.2  4.22028E-03  0.000E+00  1.9406E+01  4.0475E+02  1.6624E-02  3.4836E-01  1.0920E+00  3.1267E+01  1.9367E-10
 -2.4000     10.8  5.19371E-03  0.000E+00  2.5727E+01  1.5151E+03  1.5016E-01  1.7929E-01  1.1432E+00  2.8740E+01  1.9536E-10
 -2.5000     15.2  6.74522E-03  0.000E+00  3.5867E+01  3.3896E+03  4.3824E-01  1.2076E-01  1.1893E+00  2.5200E+01  1.9692E-10
 -2.6000     21.7  8.77669E-03  0.000E+00  5.0454E+01  6.1496E+03  8.6667E-01  5.7181E-01  1.2358E+00  2.1143E+01  2.0209E-10
 -2.7000     30.5  1.11110E-02  0.000E+00  7.0115E+01  9.9164E+03  1.4545E+00  1.1939E+00  1.2872E+00  1.6744E+01  2.0968E-10
 -2.8000     42.0  1.35618E-02  0.000E+00  9.5481E+01  1.4811E+04  2.2209E+00  2.0071E+00  1.3544E+00  1.2435E+01  2.1959E-10
 -2.9000     56.3  1.59289E-02  0.000E+00  1.2718E+02  2.0956E+04  3.1849E+00  3.0314E+00  1.4595E+00  8.8809E+00  2.3282E-10
 -3.0000     73.8  1.79697E-02  0.000E+00  1.6584E+02  2.8471E+04  4.3656E+00  4.2868E+00  1.6402E+00  6.9492E+00  2.5113E-10
 -3.1000     94.8  1.94287E-02  0.000E+00  2.1208E+02  3.7478E+04  5.7820E+00  5.7933E+00  1.9572E+00  7.6758E+00  2.7701E-10
 -3.2000    119.4  2.00319E-02  0.000E+00  2.6655E+02  4.8099E+04  7.4532E+00  7.5711E+00  2.5050E+00  1.2248E+01  3.1332E-10
 -3.3000    148.1  1.95888E-02  0.000E+00  3.2986E+02  6.0454E+04  9.3983E+00  9.6400E+00  3.4253E+00  2.1918E+01  3.6302E-10
 -3.4000    181.1  1.82435E-02  0.000E+00  4.0264E+02  7.4666E+04  1.1636E+01  1.2020E+01  4.9156E+00  3.7698E+01  4.2782E-10
 -3.5000    218.6  1.70468E-02  0.000E+00  4.8553E+02  9.0854E+04  1.4186E+01  1.4732E+01  7.2038E+00  5.9485E+01  5.0531E-10
 -3.6000    261.0  1.87604E-02  0.000E+00  5.7915E+02  1.0914E+05  1.7068E+01  1.7795E+01  1.0396E+01  8.4068E+01  5.8255E-10
 -3.7000    308.5  2.84122E-02  0.000E+00  6.8413E+02  1.2965E+05  2.0299E+01  2.1229E+01  1.4064E+01  1.0251E+02  6.2896E-10
 -3.8000    361.4  5.25562E-02  0.000E+00  8.0110E+02  1.5250E+05  2.3900E+01  2.5054E+01  1.6729E+01  1.0091E+02  6.0148E-10
 -3.9000    419.9  1.15416E-01  0.000E+00  9.3068E+02  1.7781E+05  2.7889E+01  2.9291E+01  1.5484E+01  6.5060E+01  4.5627E-10
 -4.0000    484.4  2.86805E-01  0.000E+00  1.0735E+03  2.0571E+05  3.2286E+01  3.3960E+01  8.5474E+00  0.0000E+00  2.2660E-10
