 --------------------------------------------------------------------------------                                        
  it  DE     s/n      chi**2    Mac1   Mac2   mic1   mic2   fill2 Ic1/Ic2 stray 
   0       8.54E+00  2.808E+03
   1  -3.  1.62E+01  1.496E+03  1.125  0.000  0.600  0.000  0.000 -1.000   0.000
   2  -4.  1.68E+01  1.389E+03  1.688  0.000  0.600  0.000  0.000 -1.000   0.000
   3  -5.  1.88E+01  1.313E+03  2.531  0.000  0.600  0.000  0.000 -1.000   0.000
   4  -5.  2.34E+01  1.234E+03  3.797  0.000  0.600  0.000  0.000 -1.000   0.000
   5  -6.  2.58E+01  1.217E+03  4.677  0.000  0.600  0.000  0.000 -1.000   0.000
   6  -6.  2.59E+01  1.213E+03  4.033  0.000  0.600  0.000  0.000 -1.000   0.000
   7  -6.  2.61E+01  1.190E+03  3.946  0.000  0.600  0.000  0.000 -1.000   0.000
   8  -7.  2.67E+01  1.147E+03  4.462  0.000  0.600  0.000  0.000 -1.000   0.000
   9  -7.  2.76E+01  1.063E+03  3.943  0.000  0.600  0.000  0.000 -1.000   0.000
  10  -7.  2.79E+01  9.903E+02  4.219  0.000  0.600  0.000  0.000 -1.000   0.000
  11  -7.  2.92E+01  9.455E+02  4.288  0.000  0.600  0.000  0.000 -1.000   0.000
  12  -8.  3.14E+01  7.969E+02  3.791  0.000  0.600  0.000  0.000 -1.000   0.000
  13  -8.  3.16E+01  7.583E+02  3.866  0.000  0.600  0.000  0.000 -1.000   0.000
  14  -8.  3.31E+01  7.100E+02  3.594  0.000  0.600  0.000  0.000 -1.000   0.000
  15  -9.  3.32E+01  5.947E+02  3.360  0.000  0.600  0.000  0.000 -1.000   0.000
  16  -9.  3.53E+01  2.616E+02  1.740  0.000  0.600  0.000  0.000 -1.000   0.000
  17  -9.  3.75E+01  1.006E+02  1.415  0.000  0.600  0.000  0.000 -1.000   0.000
  18 -10.  3.75E+01  8.849E+01  1.195  0.000  0.600  0.000  0.000 -1.000   0.000
  19 -10.  3.73E+01  8.830E+01  1.167  0.000  0.600  0.000  0.000 -1.000   0.000
  it  DE     s/n      chi**2    Mac1   Mac2   mic1   mic2   fill2 Ic1/Ic2 stray 
   0       3.73E+01  9.056E+01
  20 -10.  3.73E+01  8.830E+01  1.162  0.000  0.600  0.000  0.000 -1.000   0.000
   1   0.  7.43E+01  5.027E+01  1.124  0.000  0.600  0.000  0.000 -1.000   0.000
   2  -1.  1.24E+02  2.609E+01  0.562  0.000  0.600  0.000  0.000 -1.000   0.000
   3  -1.  1.23E+02  2.410E+01  0.281  0.000  0.600  0.000  0.000 -1.000   0.000
   4   0.  1.26E+02  2.198E+01  0.140  0.000  0.600  0.000  0.000 -1.000   0.000
   5   1.  1.26E+02  2.186E+01  0.077  0.000  0.600  0.000  0.000 -1.000   0.000
   6   1.  1.26E+02  2.185E+01  0.038  0.000  0.600  0.000  0.000 -1.000   0.000
   7   2.  1.26E+02  2.184E+01  0.019  0.000  0.600  0.000  0.000 -1.000   0.000
   8   2.  1.27E+02  2.184E+01  0.010  0.000  0.600  0.000  0.000 -1.000   0.000
   9   3.  1.27E+02  2.183E+01  0.005  0.000  0.600  0.000  0.000 -1.000   0.000
  10   3.  1.27E+02  2.183E+01  0.002  0.000  0.600  0.000  0.000 -1.000   0.000
  11   3.  1.27E+02  2.183E+01  0.001  0.000  0.600  0.000  0.000 -1.000   0.000
  12   4.  1.27E+02  2.183E+01  0.001  0.000  0.600  0.000  0.000 -1.000   0.000
