  0.129185557       0.00000000       0.00000000    
  1.2000     74.8  4.85499E+01  0.000E+00  1.3014E+02  2.0020E+04  4.1929E+00  3.9495E+00  2.6922E+00  1.2588E+04  3.5704E-08
  1.1000     68.8  3.79210E+01  0.000E+00  1.3029E+02  2.0035E+04  4.1813E+00  3.9348E+00  2.3712E+00  1.0777E+04  3.1049E-08
  1.0000     63.0  2.92233E+01  0.000E+00  1.3043E+02  2.0050E+04  4.1696E+00  3.9201E+00  2.0725E+00  9.2218E+03  2.7014E-08
  0.9000     57.7  2.22048E+01  0.000E+00  1.3058E+02  2.0064E+04  4.1580E+00  3.9053E+00  1.7939E+00  7.8778E+03  2.3492E-08
  0.8000     52.7  1.66222E+01  0.000E+00  1.3072E+02  2.0079E+04  4.1464E+00  3.8906E+00  1.5332E+00  6.7094E+03  2.0399E-08
  0.7000     48.0  1.22477E+01  0.000E+00  1.3086E+02  2.0094E+04  4.1347E+00  3.8759E+00  1.2884E+00  5.6882E+03  1.7664E-08
  0.6000     43.7  8.90649E+00  0.000E+00  1.3101E+02  2.0109E+04  4.1231E+00  3.8612E+00  1.0581E+00  4.7924E+03  1.5230E-08
  0.5000     39.8  6.34507E+00  0.000E+00  1.3115E+02  2.0124E+04  4.1115E+00  3.8465E+00  8.4115E-01  4.0042E+03  1.3063E-08
  0.4000     36.2  4.46923E+00  0.000E+00  1.3130E+02  2.0138E+04  4.0998E+00  3.8317E+00  6.3730E-01  3.3107E+03  1.1118E-08
  0.3000     33.0  3.11757E+00  0.000E+00  1.3144E+02  2.0153E+04  4.0882E+00  3.8170E+00  4.4788E-01  2.7054E+03  9.3815E-09
  0.2000     30.1  2.13553E+00  0.000E+00  1.3159E+02  2.0168E+04  4.0766E+00  3.8023E+00  2.7545E-01  2.1831E+03  7.8544E-09
  0.1000     27.6  1.46387E+00  0.000E+00  1.3173E+02  2.0183E+04  4.0649E+00  3.7876E+00  1.2398E-01  1.7414E+03  6.5212E-09
  0.0000     25.5  9.78956E-01  0.000E+00  1.3187E+02  2.0198E+04  4.0533E+00  3.7728E+00  0.0000E+00  1.3798E+03  5.4048E-09
 -0.1000     23.7  6.54863E-01  0.000E+00  1.3202E+02  2.0213E+04  4.0417E+00  3.7581E+00  8.8430E-02  1.0970E+03  4.4952E-09
 -0.2000     22.3  4.39381E-01  0.000E+00  1.3216E+02  2.0227E+04  4.0300E+00  3.7434E+00  1.3410E-01  8.8968E+02  3.7953E-09
 -0.3000     21.2  2.87237E-01  0.000E+00  1.3231E+02  2.0242E+04  4.0184E+00  3.7287E+00  1.2758E-01  7.5308E+02  3.3101E-09
 -0.4000     20.5  1.90534E-01  0.000E+00  1.3245E+02  2.0257E+04  4.0068E+00  3.7139E+00  6.1882E-02  6.7860E+02  3.0118E-09
 -0.5000     20.2  1.23544E-01  0.000E+00  1.3260E+02  2.0272E+04  3.9951E+00  3.6992E+00  6.7581E-02  6.5521E+02  2.8858E-09
 -0.6000     20.2  8.10056E-02  0.000E+00  1.3274E+02  2.0287E+04  3.9835E+00  3.6845E+00  2.6402E-01  6.7173E+02  2.8970E-09
 -0.7000     20.5  5.39451E-02  0.000E+00  1.3289E+02  2.0301E+04  3.9719E+00  3.6698E+00  5.2608E-01  7.1589E+02  3.0123E-09
 -0.8000     21.3  3.63851E-02  0.000E+00  1.3303E+02  2.0316E+04  3.9602E+00  3.6550E+00  8.5246E-01  7.7827E+02  3.2121E-09
 -0.9000     22.4  2.60429E-02  0.000E+00  1.3317E+02  2.0331E+04  3.9486E+00  3.6403E+00  1.2406E+00  8.5130E+02  3.4642E-09
 -1.0000     23.8  2.07231E-02  0.000E+00  1.3332E+02  2.0346E+04  3.9370E+00  3.6256E+00  1.6859E+00  9.2873E+02  3.7578E-09
 -1.1000     25.6  1.88255E-02  0.000E+00  1.3346E+02  2.0361E+04  3.9253E+00  3.6109E+00  2.1826E+00  1.0060E+03  4.0706E-09
 -1.2000     27.8  1.92084E-02  0.000E+00  1.3361E+02  2.0375E+04  3.9137E+00  3.5962E+00  2.7243E+00  1.0796E+03  4.3894E-09
 -1.3000     30.3  2.19543E-02  0.000E+00  1.3375E+02  2.0390E+04  3.9021E+00  3.5814E+00  3.3009E+00  1.1465E+03  4.7120E-09
 -1.4000     33.2  2.56249E-02  0.000E+00  1.3390E+02  2.0405E+04  3.8904E+00  3.5667E+00  3.9012E+00  1.2039E+03  5.0173E-09
 -1.5000     36.4  3.01629E-02  0.000E+00  1.3404E+02  2.0420E+04  3.8788E+00  3.5520E+00  4.5122E+00  1.2494E+03  5.3052E-09
 -1.6000     40.0  3.43610E-02  0.000E+00  1.3418E+02  2.0435E+04  3.8672E+00  3.5373E+00  5.1201E+00  1.2811E+03  5.5589E-09
 -1.7000     43.9  3.75311E-02  0.000E+00  1.3433E+02  2.0450E+04  3.8555E+00  3.5225E+00  5.7134E+00  1.2975E+03  5.7703E-09
 -1.8000     48.3  3.91210E-02  0.000E+00  1.3447E+02  2.0464E+04  3.8439E+00  3.5078E+00  6.2811E+00  1.2975E+03  5.9396E-09
 -1.9000     52.9  3.86164E-02  0.000E+00  1.3462E+02  2.0479E+04  3.8323E+00  3.4931E+00  6.8156E+00  1.2805E+03  6.0506E-09
 -2.0000     58.0  3.58711E-02  0.000E+00  1.3476E+02  2.0494E+04  3.8206E+00  3.4784E+00  7.3176E+00  1.2472E+03  6.1086E-09
 -2.1000     63.3  3.12884E-02  0.000E+00  1.3491E+02  2.0509E+04  3.8090E+00  3.4636E+00  7.7939E+00  1.1990E+03  6.1076E-09
 -2.2000     69.1  2.54991E-02  0.000E+00  1.3505E+02  2.0524E+04  3.7974E+00  3.4489E+00  8.2630E+00  1.1391E+03  6.0541E-09
 -2.3000     75.2  1.91109E-02  0.000E+00  1.3519E+02  2.0538E+04  3.7857E+00  3.4342E+00  8.7709E+00  1.0741E+03  5.9745E-09
 -2.4000     81.7  1.53503E-02  0.000E+00  1.3534E+02  2.0553E+04  3.7741E+00  3.4195E+00  9.3578E+00  1.0112E+03  5.8072E-09
 -2.5000     88.5  1.47181E-02  0.000E+00  1.3548E+02  2.0568E+04  3.7625E+00  3.4047E+00  1.0002E+01  9.5250E+02  5.5359E-09
 -2.6000     95.7  1.37768E-02  0.000E+00  1.3563E+02  2.0583E+04  3.7509E+00  3.3900E+00  1.0678E+01  8.9723E+02  5.2878E-09
 -2.7000    103.2  1.25636E-02  0.000E+00  1.3577E+02  2.0598E+04  3.7392E+00  3.3753E+00  1.1402E+01  8.4627E+02  5.0653E-09
 -2.8000    111.1  1.11322E-02  0.000E+00  1.3592E+02  2.0612E+04  3.7276E+00  3.3606E+00  1.2194E+01  8.0059E+02  4.8720E-09
 -2.9000    119.3  9.55489E-03  0.000E+00  1.3606E+02  2.0627E+04  3.7160E+00  3.3458E+00  1.3087E+01  7.6123E+02  4.7122E-09
 -3.0000    128.0  7.92425E-03  0.000E+00  1.3621E+02  2.0642E+04  3.7043E+00  3.3311E+00  1.4118E+01  7.2904E+02  4.5898E-09
 -3.1000    136.9  6.33338E-03  0.000E+00  1.3635E+02  2.0657E+04  3.6927E+00  3.3164E+00  1.5330E+01  7.0434E+02  4.5071E-09
 -3.2000    146.3  4.88631E-03  0.000E+00  1.3649E+02  2.0672E+04  3.6811E+00  3.3017E+00  1.6759E+01  6.8626E+02  4.4610E-09
 -3.3000    155.9  3.66835E-03  0.000E+00  1.3664E+02  2.0686E+04  3.6694E+00  3.2870E+00  1.8422E+01  6.7212E+02  4.4390E-09
 -3.4000    166.0  2.73313E-03  0.000E+00  1.3678E+02  2.0701E+04  3.6578E+00  3.2722E+00  2.0288E+01  6.5666E+02  4.4142E-09
 -3.5000    176.4  2.08365E-03  0.000E+00  1.3693E+02  2.0716E+04  3.6462E+00  3.2575E+00  2.2257E+01  6.3170E+02  4.3406E-09
 -3.6000    187.2  1.66497E-03  0.000E+00  1.3707E+02  2.0731E+04  3.6345E+00  3.2428E+00  2.4122E+01  5.8617E+02  4.1493E-09
 -3.7000    198.3  1.39669E-03  0.000E+00  1.3722E+02  2.0746E+04  3.6229E+00  3.2281E+00  2.5507E+01  5.0632E+02  3.7437E-09
 -3.8000    209.8  1.23600E-03  0.000E+00  1.3736E+02  2.0761E+04  3.6113E+00  3.2133E+00  2.5601E+01  3.7411E+02  2.9815E-09
 -3.9000    221.6  1.15229E-03  0.000E+00  1.3750E+02  2.0775E+04  3.5996E+00  3.1986E+00  2.3078E+01  1.9049E+02  1.7756E-09
 -4.0000    233.8  1.12204E-03  0.000E+00  1.3765E+02  2.0790E+04  3.5880E+00  3.1839E+00  1.5735E+01  0.0000E+00  4.2014E-10
