   14.1104307       0.00000000       0.00000000    
  1.2000    481.9  4.13451E+03  0.000E+00  2.1313E+03  3.1850E+05  1.2371E+00  1.2094E+00  4.5192E+00  4.0529E+04  8.6665E-08
  1.1000    404.6  2.30603E+03  0.000E+00  1.8602E+03  2.7748E+05  1.2371E+00  1.2094E+00  4.8367E+00  3.9712E+04  8.7668E-08
  1.0000    336.0  1.23108E+03  0.000E+00  1.6122E+03  2.4005E+05  1.2371E+00  1.2094E+00  5.1238E+00  3.8809E+04  8.8167E-08
  0.9000    275.6  6.33649E+02  0.000E+00  1.3863E+03  2.0605E+05  1.2371E+00  1.2094E+00  5.3486E+00  3.7865E+04  8.8228E-08
  0.8000    222.9  3.15465E+02  0.000E+00  1.1815E+03  1.7532E+05  1.2371E+00  1.2094E+00  5.4860E+00  3.6922E+04  8.7948E-08
  0.7000    177.5  1.51751E+02  0.000E+00  9.9683E+02  1.4771E+05  1.2371E+00  1.2094E+00  5.5140E+00  3.6020E+04  8.7457E-08
  0.6000    138.9  7.02297E+01  0.000E+00  8.3137E+02  1.2306E+05  1.2371E+00  1.2094E+00  5.4070E+00  3.5206E+04  8.6901E-08
  0.5000    106.6  3.05182E+01  0.000E+00  6.8412E+02  1.0122E+05  1.2371E+00  1.2094E+00  5.1316E+00  3.4535E+04  8.6553E-08
  0.4000     80.1  1.19064E+01  0.000E+00  5.5412E+02  8.2010E+04  1.2371E+00  1.2094E+00  4.6472E+00  3.4072E+04  8.6597E-08
  0.3000     59.1  3.44215E+00  0.000E+00  4.4041E+02  6.5292E+04  1.2371E+00  1.2094E+00  3.9129E+00  3.3884E+04  8.7304E-08
  0.2000     42.9  2.78381E-01  0.000E+00  3.4201E+02  5.0903E+04  1.2371E+00  1.2094E+00  2.8946E+00  3.4017E+04  8.8973E-08
  0.1000     31.1  1.81373E+00  0.000E+00  2.5795E+02  3.8686E+04  1.2371E+00  1.2094E+00  1.5835E+00  3.4485E+04  9.1607E-08
  0.0000     23.4  2.39125E+00  0.000E+00  1.8729E+02  2.8483E+04  1.2371E+00  1.2094E+00  0.0000E+00  3.5259E+04  9.5378E-08
 -0.1000     19.0  2.57038E+00  0.000E+00  1.2903E+02  2.0138E+04  1.2371E+00  1.2094E+00  1.8004E+00  3.6270E+04  9.9975E-08
 -0.2000     17.7  2.59176E+00  0.000E+00  8.2224E+01  1.3492E+04  1.2371E+00  1.2094E+00  3.7266E+00  3.7422E+04  1.0513E-07
 -0.3000     19.0  2.53440E+00  0.000E+00  4.5898E+01  8.3885E+03  1.2371E+00  1.2094E+00  5.6861E+00  3.8624E+04  1.1077E-07
 -0.4000     22.2  2.44899E+00  0.000E+00  1.9085E+01  4.6701E+03  1.2371E+00  1.2094E+00  7.5937E+00  3.9802E+04  1.1643E-07
 -0.5000     27.1  2.32222E+00  0.000E+00  8.1934E-01  2.1792E+03  1.2371E+00  1.2094E+00  9.3795E+00  4.0899E+04  1.2222E-07
 -0.6000     33.1  2.16680E+00  0.000E+00  9.8669E+00  7.5853E+02  1.2371E+00  1.2094E+00  1.0998E+01  4.1885E+04  1.2786E-07
 -0.7000     39.7  1.97922E+00  0.000E+00  1.3941E+01  2.5066E+02  1.2371E+00  1.2094E+00  1.2423E+01  4.2741E+04  1.3334E-07
 -0.8000     46.5  1.73315E+00  0.000E+00  1.2369E+01  4.9816E+02  1.2371E+00  1.2094E+00  1.3647E+01  4.3463E+04  1.3898E-07
 -0.9000     53.0  1.45387E+00  0.000E+00  6.1191E+00  1.3437E+03  1.2371E+00  1.2094E+00  1.4675E+01  4.4056E+04  1.4457E-07
 -1.0000     58.7  1.12376E+00  0.000E+00  3.8425E+00  2.6298E+03  1.2371E+00  1.2094E+00  1.5525E+01  4.4531E+04  1.5058E-07
 -1.1000     63.2  7.87220E-01  0.000E+00  1.6549E+01  4.1992E+03  1.2371E+00  1.2094E+00  1.6221E+01  4.4901E+04  1.5699E-07
 -1.2000     65.9  4.87100E-01  0.000E+00  3.1032E+01  5.8945E+03  1.2371E+00  1.2094E+00  1.6793E+01  4.5185E+04  1.6404E-07
 -1.3000     66.5  2.63090E-01  0.000E+00  4.6326E+01  7.5582E+03  1.2371E+00  1.2094E+00  1.7276E+01  4.5403E+04  1.7243E-07
 -1.4000     64.4  1.56532E-01  0.000E+00  6.1463E+01  9.0330E+03  1.2371E+00  1.2094E+00  1.7709E+01  4.5580E+04  1.8231E-07
 -1.5000     59.4  1.36228E-01  0.000E+00  7.5950E+01  1.0240E+04  1.2371E+00  1.2094E+00  1.8133E+01  4.5747E+04  1.9472E-07
 -1.6000     52.5  1.35337E-01  0.000E+00  9.1186E+01  1.1413E+04  1.2371E+00  1.2094E+00  1.8578E+01  4.5926E+04  2.1021E-07
 -1.7000     44.9  9.25283E-02  0.000E+00  1.0904E+02  1.2867E+04  1.2371E+00  1.2094E+00  1.9047E+01  4.6057E+04  2.2943E-07
 -1.8000     38.0  3.42139E-02  0.000E+00  1.3139E+02  1.4913E+04  1.2371E+00  1.2094E+00  1.9616E+01  4.5923E+04  2.5301E-07
 -1.9000     32.8  6.84436E-03  0.000E+00  1.6011E+02  1.7864E+04  1.2371E+00  1.2094E+00  2.0886E+01  4.4499E+04  2.7571E-07
 -2.0000     30.6  5.49665E-03  0.000E+00  1.9707E+02  2.2035E+04  1.2371E+00  1.2094E+00  2.3635E+01  4.1675E+04  2.6680E-07
 -2.1000     32.8  6.22441E-03  0.000E+00  2.4414E+02  2.7737E+04  1.2371E+00  1.2094E+00  2.7758E+01  3.8778E+04  2.4762E-07
 -2.2000     40.5  6.19941E-03  0.000E+00  3.0319E+02  3.5284E+04  1.2371E+00  1.2094E+00  3.2882E+01  3.6131E+04  2.3092E-07
 -2.3000     54.9  5.51074E-03  0.000E+00  3.7609E+02  4.4989E+04  1.2371E+00  1.2094E+00  3.8926E+01  3.3333E+04  2.1376E-07
 -2.4000     77.3  4.34814E-03  0.000E+00  4.6473E+02  5.7164E+04  1.2371E+00  1.2094E+00  4.5653E+01  3.0193E+04  1.9444E-07
 -2.5000    108.9  2.91245E-03  0.000E+00  5.7097E+02  7.2123E+04  1.2371E+00  1.2094E+00  5.2582E+01  2.6747E+04  1.7289E-07
 -2.6000    151.1  1.26765E-03  0.000E+00  6.9668E+02  9.0179E+04  1.2371E+00  1.2094E+00  5.9123E+01  2.3156E+04  1.5038E-07
 -2.7000    204.9  3.72743E-04  0.000E+00  8.4374E+02  1.1165E+05  1.2371E+00  1.2094E+00  6.4780E+01  1.9614E+04  1.2813E-07
 -2.8000    271.6  1.88965E-03  0.000E+00  1.0140E+03  1.3683E+05  1.2371E+00  1.2094E+00  6.9288E+01  1.6297E+04  1.0728E-07
 -2.9000    352.6  3.44601E-03  0.000E+00  1.2094E+03  1.6606E+05  1.2371E+00  1.2094E+00  7.2660E+01  1.3325E+04  8.8585E-08
 -3.0000    449.0  5.29209E-03  0.000E+00  1.4317E+03  1.9963E+05  1.2371E+00  1.2094E+00  7.5191E+01  1.0756E+04  7.2392E-08
 -3.1000    562.0  7.56818E-03  0.000E+00  1.6829E+03  2.3787E+05  1.2371E+00  1.2094E+00  7.7514E+01  8.6043E+03  5.8754E-08
 -3.2000    692.9  1.08808E-02  0.000E+00  1.9647E+03  2.8108E+05  1.2371E+00  1.2094E+00  8.0347E+01  6.8434E+03  4.7475E-08
 -3.3000    842.9  1.68685E-02  0.000E+00  2.2792E+03  3.2957E+05  1.2371E+00  1.2094E+00  8.3757E+01  5.4044E+03  3.8124E-08
 -3.4000   1013.3  2.80247E-02  0.000E+00  2.6281E+03  3.8367E+05  1.2371E+00  1.2094E+00  8.6705E+01  4.1998E+03  3.0237E-08
 -3.5000   1205.4  4.58002E-02  0.000E+00  3.0134E+03  4.4368E+05  1.2371E+00  1.2094E+00  8.7873E+01  3.1675E+03  2.3497E-08
 -3.6000   1420.2  6.75672E-02  0.000E+00  3.4368E+03  5.0992E+05  1.2371E+00  1.2094E+00  8.6847E+01  2.2849E+03  1.7761E-08
 -3.7000   1659.2  8.58280E-02  0.000E+00  3.9003E+03  5.8270E+05  1.2371E+00  1.2094E+00  8.4152E+01  1.5452E+03  1.2942E-08
 -3.8000   1923.4  9.39143E-02  0.000E+00  4.4057E+03  6.6234E+05  1.2371E+00  1.2094E+00  8.0731E+01  9.4005E+02  8.9317E-09
 -3.9000   2214.2  1.00915E-01  0.000E+00  4.9550E+03  7.4913E+05  1.2371E+00  1.2094E+00  7.6249E+01  4.4673E+02  5.5573E-09
 -4.0000   2532.8  1.58273E-01  0.000E+00  5.5500E+03  8.4341E+05  1.2371E+00  1.2094E+00  6.1590E+01  0.0000E+00  2.4981E-09
