  0.307122827       0.00000000       0.00000000    
  1.2000     77.0  1.65495E+02  0.000E+00  1.3286E+02  2.1641E+04  3.5904E+00  3.6420E+00  2.7034E+00  2.2179E+04  4.1094E-08
  1.1000     79.7  1.50889E+02  0.000E+00  1.3286E+02  2.1641E+04  3.5904E+00  3.6420E+00  2.5068E+00  2.1977E+04  4.2140E-08
  1.0000     82.4  1.32250E+02  0.000E+00  1.3286E+02  2.1641E+04  3.5904E+00  3.6420E+00  2.3029E+00  2.1760E+04  4.3226E-08
  0.9000     85.0  1.11960E+02  0.000E+00  1.3286E+02  2.1641E+04  3.5904E+00  3.6420E+00  2.0918E+00  2.1525E+04  4.4345E-08
  0.8000     87.7  9.17738E+01  0.000E+00  1.3286E+02  2.1641E+04  3.5904E+00  3.6420E+00  1.8744E+00  2.1266E+04  4.5489E-08
  0.7000     90.4  7.29123E+01  0.000E+00  1.3286E+02  2.1641E+04  3.5904E+00  3.6420E+00  1.6523E+00  2.0973E+04  4.6639E-08
  0.6000     93.1  5.62776E+01  0.000E+00  1.3286E+02  2.1641E+04  3.5904E+00  3.6420E+00  1.4280E+00  2.0636E+04  4.7755E-08
  0.5000     95.8  4.19781E+01  0.000E+00  1.3286E+02  2.1641E+04  3.5904E+00  3.6420E+00  1.2043E+00  2.0239E+04  4.8821E-08
  0.4000     98.5  3.04212E+01  0.000E+00  1.3286E+02  2.1641E+04  3.5904E+00  3.6420E+00  9.8416E-01  1.9764E+04  4.9740E-08
  0.3000    101.1  2.14079E+01  0.000E+00  1.3286E+02  2.1641E+04  3.5904E+00  3.6420E+00  7.6908E-01  1.9195E+04  5.0436E-08
  0.2000    103.8  1.44735E+01  0.000E+00  1.3286E+02  2.1641E+04  3.5904E+00  3.6420E+00  5.5416E-01  1.8516E+04  5.0874E-08
  0.1000    106.5  9.47929E+00  0.000E+00  1.3286E+02  2.1641E+04  3.5904E+00  3.6420E+00  3.1843E-01  1.7737E+04  5.0946E-08
  0.0000    109.2  5.79682E+00  0.000E+00  1.3286E+02  2.1641E+04  3.5904E+00  3.6420E+00  0.0000E+00  1.6915E+04  5.0846E-08
 -0.1000    111.9  3.26817E+00  0.000E+00  1.3286E+02  2.1641E+04  3.5904E+00  3.6420E+00  5.3669E-01  1.6198E+04  5.0827E-08
 -0.2000    114.5  1.58161E+00  0.000E+00  1.3286E+02  2.1641E+04  3.5904E+00  3.6420E+00  1.5009E+00  1.5823E+04  5.1556E-08
 -0.3000    117.2  5.13584E-01  0.000E+00  1.3286E+02  2.1641E+04  3.5904E+00  3.6420E+00  3.0876E+00  1.5994E+04  5.3842E-08
 -0.4000    119.9  1.37434E-02  0.000E+00  1.3286E+02  2.1641E+04  3.5904E+00  3.6420E+00  5.2707E+00  1.6675E+04  5.7633E-08
 -0.5000    122.6  1.22241E-01  0.000E+00  1.3286E+02  2.1641E+04  3.5904E+00  3.6420E+00  7.7848E+00  1.7603E+04  6.2483E-08
 -0.6000    125.3  7.40504E-02  0.000E+00  1.3286E+02  2.1641E+04  3.5904E+00  3.6420E+00  1.0344E+01  1.8522E+04  6.7560E-08
 -0.7000    128.0  2.91057E-02  0.000E+00  1.3286E+02  2.1641E+04  3.5904E+00  3.6420E+00  1.2776E+01  1.9297E+04  7.2414E-08
 -0.8000    130.6  1.31902E-01  0.000E+00  1.3286E+02  2.1641E+04  3.5904E+00  3.6420E+00  1.5018E+01  1.9885E+04  7.7014E-08
 -0.9000    133.3  1.90605E-01  0.000E+00  1.3286E+02  2.1641E+04  3.5904E+00  3.6420E+00  1.7069E+01  2.0289E+04  8.1090E-08
 -1.0000    136.0  2.05720E-01  0.000E+00  1.3286E+02  2.1641E+04  3.5904E+00  3.6420E+00  1.8969E+01  2.0535E+04  8.4875E-08
 -1.1000    138.7  1.83870E-01  0.000E+00  1.3286E+02  2.1641E+04  3.5904E+00  3.6420E+00  2.0778E+01  2.0660E+04  8.8271E-08
 -1.2000    141.4  1.42288E-01  0.000E+00  1.3286E+02  2.1641E+04  3.5904E+00  3.6420E+00  2.2561E+01  2.0708E+04  9.1379E-08
 -1.3000    144.0  9.59011E-02  0.000E+00  1.3286E+02  2.1641E+04  3.5904E+00  3.6420E+00  2.4400E+01  2.0731E+04  9.4593E-08
 -1.4000    146.7  5.31305E-02  0.000E+00  1.3286E+02  2.1641E+04  3.5904E+00  3.6420E+00  2.6365E+01  2.0774E+04  9.7853E-08
 -1.5000    149.4  1.81752E-02  0.000E+00  1.3286E+02  2.1641E+04  3.5904E+00  3.6420E+00  2.8497E+01  2.0862E+04  1.0150E-07
 -1.6000    152.1  5.17491E-03  0.000E+00  1.3286E+02  2.1641E+04  3.5904E+00  3.6420E+00  3.0789E+01  2.0984E+04  1.0535E-07
 -1.7000    154.8  1.70929E-02  0.000E+00  1.3286E+02  2.1641E+04  3.5904E+00  3.6420E+00  3.3172E+01  2.1085E+04  1.0916E-07
 -1.8000    157.5  1.96469E-02  0.000E+00  1.3286E+02  2.1641E+04  3.5904E+00  3.6420E+00  3.5531E+01  2.1073E+04  1.1268E-07
 -1.9000    160.1  1.63759E-02  0.000E+00  1.3286E+02  2.1641E+04  3.5904E+00  3.6420E+00  3.7757E+01  2.0850E+04  1.1514E-07
 -2.0000    162.8  1.05091E-02  0.000E+00  1.3286E+02  2.1641E+04  3.5904E+00  3.6420E+00  3.9770E+01  2.0326E+04  1.1613E-07
 -2.1000    165.5  4.00371E-03  0.000E+00  1.3286E+02  2.1641E+04  3.5904E+00  3.6420E+00  4.1503E+01  1.9396E+04  1.1477E-07
 -2.2000    168.2  1.94956E-03  0.000E+00  1.3286E+02  2.1641E+04  3.5904E+00  3.6420E+00  4.2821E+01  1.7907E+04  1.0991E-07
 -2.3000    170.9  6.34740E-03  0.000E+00  1.3286E+02  2.1641E+04  3.5904E+00  3.6420E+00  4.3384E+01  1.5589E+04  9.9652E-08
 -2.4000    173.5  7.31708E-03  0.000E+00  1.3286E+02  2.1641E+04  3.5904E+00  3.6420E+00  4.2939E+01  1.2554E+04  8.2520E-08
 -2.5000    176.2  6.36095E-03  0.000E+00  1.3286E+02  2.1641E+04  3.5904E+00  3.6420E+00  4.1970E+01  9.6701E+03  6.3953E-08
 -2.6000    178.9  5.51872E-03  0.000E+00  1.3286E+02  2.1641E+04  3.5904E+00  3.6420E+00  4.0980E+01  7.4390E+03  4.9556E-08
 -2.7000    181.6  4.79618E-03  0.000E+00  1.3286E+02  2.1641E+04  3.5904E+00  3.6420E+00  3.9989E+01  5.7143E+03  3.8393E-08
 -2.8000    184.3  4.19267E-03  0.000E+00  1.3286E+02  2.1641E+04  3.5904E+00  3.6420E+00  3.9013E+01  4.3813E+03  2.9733E-08
 -2.9000    187.0  3.70160E-03  0.000E+00  1.3286E+02  2.1641E+04  3.5904E+00  3.6420E+00  3.8063E+01  3.3507E+03  2.3008E-08
 -3.0000    189.6  3.31115E-03  0.000E+00  1.3286E+02  2.1641E+04  3.5904E+00  3.6420E+00  3.7146E+01  2.5533E+03  1.7775E-08
 -3.1000    192.3  3.00574E-03  0.000E+00  1.3286E+02  2.1641E+04  3.5904E+00  3.6420E+00  3.6264E+01  1.9355E+03  1.3694E-08
 -3.2000    195.0  2.76772E-03  0.000E+00  1.3286E+02  2.1641E+04  3.5904E+00  3.6420E+00  3.5419E+01  1.4562E+03  1.0504E-08
 -3.3000    197.7  2.57899E-03  0.000E+00  1.3286E+02  2.1641E+04  3.5904E+00  3.6420E+00  3.4608E+01  1.0838E+03  8.0023E-09
 -3.4000    200.4  2.42229E-03  0.000E+00  1.3286E+02  2.1641E+04  3.5904E+00  3.6420E+00  3.3826E+01  7.9417E+02  6.0351E-09
 -3.5000    203.0  2.28215E-03  0.000E+00  1.3286E+02  2.1641E+04  3.5904E+00  3.6420E+00  3.3068E+01  5.6872E+02  4.4835E-09
 -3.6000    205.7  2.14536E-03  0.000E+00  1.3286E+02  2.1641E+04  3.5904E+00  3.6420E+00  3.2320E+01  3.9322E+02  3.2559E-09
 -3.7000    208.4  2.00089E-03  0.000E+00  1.3286E+02  2.1641E+04  3.5904E+00  3.6420E+00  3.1559E+01  2.5667E+02  2.2808E-09
 -3.8000    211.1  1.83929E-03  0.000E+00  1.3286E+02  2.1641E+04  3.5904E+00  3.6420E+00  3.0727E+01  1.5036E+02  1.5015E-09
 -3.9000    213.8  1.65138E-03  0.000E+00  1.3286E+02  2.1641E+04  3.5904E+00  3.6420E+00  2.9658E+01  6.7124E+01  8.7050E-10
 -4.0000    216.5  1.42611E-03  0.000E+00  1.3286E+02  2.1641E+04  3.5904E+00  3.6420E+00  2.7684E+01  0.0000E+00  3.4063E-10
