 --------------------------------------------------------------------------------                                        
  it  DE     s/n      chi**2    Mac1   Mac2   mic1   mic2   fill2 Ic1/Ic2 stray 
   0       8.54E+00  2.808E+03
   1  -3.  1.62E+01  1.496E+03  1.125  0.000  0.600  0.000  0.000 -1.000   0.000
   2  -4.  1.68E+01  1.389E+03  1.688  0.000  0.600  0.000  0.000 -1.000   0.000
   3  -5.  1.88E+01  1.313E+03  2.531  0.000  0.600  0.000  0.000 -1.000   0.000
   4  -5.  2.34E+01  1.234E+03  3.797  0.000  0.600  0.000  0.000 -1.000   0.000
   5  -6.  2.58E+01  1.217E+03  4.677  0.000  0.600  0.000  0.000 -1.000   0.000
   6  -6.  2.59E+01  1.213E+03  4.033  0.000  0.600  0.000  0.000 -1.000   0.000
   7  -6.  2.61E+01  1.190E+03  3.946  0.000  0.600  0.000  0.000 -1.000   0.000
   8  -7.  2.67E+01  1.147E+03  4.462  0.000  0.600  0.000  0.000 -1.000   0.000
   9  -7.  2.76E+01  1.063E+03  3.943  0.000  0.600  0.000  0.000 -1.000   0.000
  10  -7.  2.79E+01  9.903E+02  4.219  0.000  0.600  0.000  0.000 -1.000   0.000
  11  -7.  2.92E+01  9.455E+02  4.288  0.000  0.600  0.000  0.000 -1.000   0.000
  12  -8.  3.14E+01  7.969E+02  3.791  0.000  0.600  0.000  0.000 -1.000   0.000
  13  -8.  3.16E+01  7.583E+02  3.866  0.000  0.600  0.000  0.000 -1.000   0.000
  14  -8.  3.31E+01  7.100E+02  3.594  0.000  0.600  0.000  0.000 -1.000   0.000
  15  -9.  3.32E+01  5.947E+02  3.360  0.000  0.600  0.000  0.000 -1.000   0.000
  16  -9.  3.53E+01  2.616E+02  1.740  0.000  0.600  0.000  0.000 -1.000   0.000
  17  -9.  3.75E+01  1.006E+02  1.415  0.000  0.600  0.000  0.000 -1.000   0.000
  18 -10.  3.75E+01  8.849E+01  1.195  0.000  0.600  0.000  0.000 -1.000   0.000
  19 -10.  3.73E+01  8.830E+01  1.167  0.000  0.600  0.000  0.000 -1.000   0.000
  it  DE     s/n      chi**2    Mac1   Mac2   mic1   mic2   fill2 Ic1/Ic2 stray 
   0       3.73E+01  8.931E+01
  20 -10.  3.73E+01  8.830E+01  1.162  0.000  0.600  0.000  0.000 -1.000   0.000
   1  -1.  4.30E+01  8.789E+01  1.120  0.000  0.600  0.000  0.000 -1.000   0.000
   2  -2.  1.34E+02  1.974E+01  0.829  0.000  0.600  0.000  0.000 -1.000   0.000
   3   0.  1.54E+02  1.702E+01  0.822  0.000  0.600  0.000  0.000 -1.000   0.000
   4   0.  1.57E+02  1.630E+01  0.784  0.000  0.600  0.000  0.000 -1.000   0.000
   5   0.  1.58E+02  1.581E+01  0.735  0.000  0.600  0.000  0.000 -1.000   0.000
   6   0.  1.61E+02  1.523E+01  0.677  0.000  0.600  0.000  0.000 -1.000   0.000
   7   0.  1.63E+02  1.488E+01  0.624  0.000  0.600  0.000  0.000 -1.000   0.000
   8   0.  1.64E+02  1.476E+01  0.579  0.000  0.600  0.000  0.000 -1.000   0.000
   9   0.  1.64E+02  1.474E+01  0.533  0.000  0.600  0.000  0.000 -1.000   0.000
  10   0.  1.65E+02  1.473E+01  0.486  0.000  0.600  0.000  0.000 -1.000   0.000
  11   1.  1.65E+02  1.470E+01  0.478  0.000  0.600  0.000  0.000 -1.000   0.000
  12   1.  1.65E+02  1.468E+01  0.470  0.000  0.600  0.000  0.000 -1.000   0.000
  13   1.  1.66E+02  1.466E+01  0.463  0.000  0.600  0.000  0.000 -1.000   0.000
  14   1.  1.66E+02  1.465E+01  0.455  0.000  0.600  0.000  0.000 -1.000   0.000
  15   1.  1.66E+02  1.465E+01  0.449  0.000  0.600  0.000  0.000 -1.000   0.000
  16   1.  1.66E+02  1.465E+01  0.442  0.000  0.600  0.000  0.000 -1.000   0.000
