  0.341556191       0.00000000      0.549072266    
  1.4000    924.8  1.29922E+03  2.328E+05  1.3354E+02  5.9871E+04  1.0454E+01  6.8403E+00  3.6064E+01  9.9799E+04  2.7565E-07
  1.3000    851.3  1.13352E+03  2.328E+05  1.3341E+02  5.9540E+04  1.0425E+01  6.8403E+00  3.0815E+01  8.1576E+04  2.2905E-07
  1.2000    781.0  9.77060E+02  2.328E+05  1.3327E+02  5.9209E+04  1.0395E+01  6.8403E+00  2.6239E+01  6.7374E+04  1.9245E-07
  1.1000    713.9  8.31538E+02  2.328E+05  1.3314E+02  5.8878E+04  1.0366E+01  6.8403E+00  2.2307E+01  5.6261E+04  1.6350E-07
  1.0000    650.1  6.98230E+02  2.328E+05  1.3300E+02  5.8548E+04  1.0336E+01  6.8403E+00  1.8970E+01  4.7536E+04  1.4045E-07
  0.9000    589.3  5.77986E+02  2.328E+05  1.3287E+02  5.8217E+04  1.0307E+01  6.8403E+00  1.6173E+01  4.0661E+04  1.2196E-07
  0.8000    531.8  4.59972E+02  2.328E+05  1.3273E+02  5.7886E+04  1.0277E+01  6.8403E+00  1.3830E+01  3.5166E+04  1.0726E-07
  0.7000    477.3  3.41946E+02  2.328E+05  1.3260E+02  5.7556E+04  1.0247E+01  6.8403E+00  1.1809E+01  3.0590E+04  9.5451E-08
  0.6000    425.8  2.38730E+02  2.328E+05  1.3246E+02  5.7225E+04  1.0218E+01  6.8403E+00  9.9872E+00  2.6570E+04  8.5346E-08
  0.5000    377.4  1.57376E+02  2.328E+05  1.3233E+02  5.6894E+04  1.0188E+01  6.8403E+00  8.2754E+00  2.2882E+04  7.6141E-08
  0.4000    332.0  9.55461E+01  2.328E+05  1.3219E+02  5.6564E+04  1.0159E+01  6.8403E+00  6.5875E+00  1.9337E+04  6.7413E-08
  0.3000    289.6  5.62715E+01  2.328E+05  1.3206E+02  5.6233E+04  1.0129E+01  6.8403E+00  4.8744E+00  1.5847E+04  5.8313E-08
  0.2000    250.1  3.24457E+01  2.328E+05  1.3192E+02  5.5902E+04  1.0100E+01  6.8403E+00  3.1562E+00  1.2475E+04  4.8911E-08
  0.1000    213.5  1.87567E+01  2.328E+05  1.3179E+02  5.5571E+04  1.0070E+01  6.8403E+00  1.4998E+00  9.3573E+03  3.9505E-08
  0.0000    179.8  1.08996E+01  2.328E+05  1.3165E+02  5.5241E+04  1.0040E+01  6.8403E+00  0.0000E+00  6.6568E+03  3.0705E-08
 -0.1000    148.9  6.39803E+00  2.328E+05  1.3152E+02  5.4910E+04  1.0011E+01  6.8403E+00  1.2605E+00  4.4817E+03  2.3012E-08
 -0.2000    120.8  3.76843E+00  2.328E+05  1.3138E+02  5.4579E+04  9.9814E+00  6.8403E+00  2.2355E+00  2.8554E+03  1.6729E-08
 -0.3000     95.5  2.20673E+00  2.328E+05  1.3125E+02  5.4249E+04  9.9518E+00  6.8403E+00  2.9215E+00  1.7241E+03  1.1886E-08
 -0.4000     72.9  1.28224E+00  2.328E+05  1.3111E+02  5.3918E+04  9.9222E+00  6.8403E+00  3.3506E+00  9.8993E+02  8.3150E-09
 -0.5000     53.0  7.13334E-01  2.328E+05  1.3097E+02  5.3587E+04  9.8926E+00  6.8403E+00  3.5696E+00  5.4775E+02  5.7954E-09
 -0.6000     35.8  3.64841E-01  2.328E+05  1.3084E+02  5.3256E+04  9.8631E+00  6.8403E+00  3.6218E+00  3.0790E+02  4.0848E-09
 -0.7000     21.2  1.57732E-01  2.328E+05  1.3070E+02  5.2926E+04  9.8335E+00  6.8403E+00  3.5482E+00  1.9929E+02  2.9686E-09
 -0.8000      9.2  4.48608E-02  2.328E+05  1.3057E+02  5.2595E+04  9.8039E+00  6.8403E+00  3.3905E+00  1.6693E+02  2.2594E-09
 -0.9000      0.1  1.41459E-02  2.328E+05  1.3043E+02  5.2264E+04  9.7744E+00  6.8403E+00  3.1844E+00  1.7251E+02  1.8238E-09
 -1.0000      7.0  4.26984E-02  2.328E+05  1.3030E+02  5.1934E+04  9.7448E+00  6.8403E+00  2.9500E+00  1.9448E+02  1.5725E-09
 -1.1000     11.3  5.31278E-02  2.328E+05  1.3016E+02  5.1603E+04  9.7152E+00  6.8403E+00  2.6940E+00  2.2217E+02  1.4502E-09
 -1.2000     13.2  5.37927E-02  2.328E+05  1.3003E+02  5.1272E+04  9.6857E+00  6.8403E+00  2.4127E+00  2.5135E+02  1.4176E-09
 -1.3000     12.6  4.91774E-02  2.328E+05  1.2989E+02  5.0942E+04  9.6561E+00  6.8403E+00  2.0930E+00  2.8153E+02  1.4522E-09
 -1.4000      9.6  4.15149E-02  2.328E+05  1.2976E+02  5.0611E+04  9.6265E+00  6.8403E+00  1.7148E+00  3.1357E+02  1.5401E-09
 -1.5000      4.2  3.23966E-02  2.328E+05  1.2962E+02  5.0280E+04  9.5969E+00  6.8403E+00  1.2531E+00  3.4877E+02  1.6717E-09
 -1.6000      3.5  2.32617E-02  2.328E+05  1.2949E+02  4.9949E+04  9.5674E+00  6.8403E+00  6.7490E-01  3.8863E+02  1.8385E-09
 -1.7000     13.6  1.48438E-02  2.328E+05  1.2935E+02  4.9619E+04  9.5378E+00  6.8403E+00  6.1935E-02  4.3465E+02  2.0328E-09
 -1.8000     25.9  7.30205E-03  2.328E+05  1.2922E+02  4.9288E+04  9.5082E+00  6.8403E+00  1.0099E+00  4.8788E+02  2.2488E-09
 -1.9000     40.5  7.57337E-04  2.328E+05  1.2908E+02  4.8957E+04  9.4787E+00  6.8403E+00  2.2330E+00  5.4895E+02  2.4862E-09
 -2.0000     57.3  4.78208E-03  2.328E+05  1.2895E+02  4.8627E+04  9.4491E+00  6.8403E+00  3.8100E+00  6.1811E+02  2.7412E-09
 -2.1000     76.3  9.62365E-03  2.328E+05  1.2881E+02  4.8296E+04  9.4195E+00  6.8403E+00  5.8373E+00  6.9495E+02  3.0089E-09
 -2.2000     97.4  1.43827E-02  2.328E+05  1.2868E+02  4.7965E+04  9.3900E+00  6.8403E+00  8.4307E+00  7.7814E+02  3.2822E-09
 -2.3000    120.7  2.13591E-02  2.328E+05  1.2854E+02  4.7634E+04  9.3604E+00  6.8403E+00  1.1706E+01  8.6391E+02  3.5430E-09
 -2.4000    146.0  3.16355E-02  2.328E+05  1.2841E+02  4.7304E+04  9.3308E+00  6.8403E+00  1.5763E+01  9.4593E+02  3.7738E-09
 -2.5000    173.4  4.69226E-02  2.328E+05  1.2827E+02  4.6973E+04  9.3012E+00  6.8403E+00  2.0659E+01  1.0162E+03  3.9498E-09
 -2.6000    202.8  6.34394E-02  2.328E+05  1.2814E+02  4.6642E+04  9.2717E+00  6.8403E+00  2.6475E+01  1.0688E+03  4.0629E-09
 -2.7000    234.3  8.87845E-02  2.328E+05  1.2800E+02  4.6312E+04  9.2421E+00  6.8403E+00  3.3187E+01  1.0967E+03  4.0793E-09
 -2.8000    267.6  1.21889E-01  2.328E+05  1.2787E+02  4.5981E+04  9.2125E+00  6.8403E+00  4.0571E+01  1.0912E+03  3.9810E-09
 -2.9000    302.9  1.67527E-01  2.328E+05  1.2773E+02  4.5650E+04  9.1830E+00  6.8403E+00  4.8172E+01  1.0473E+03  3.7540E-09
 -3.0000    340.1  2.24387E-01  2.328E+05  1.2760E+02  4.5320E+04  9.1534E+00  6.8403E+00  5.5316E+01  9.6558E+02  3.4120E-09
 -3.1000    379.2  2.95327E-01  2.328E+05  1.2746E+02  4.4989E+04  9.1238E+00  6.8403E+00  6.1227E+01  8.5354E+02  2.9849E-09
 -3.2000    420.1  3.85875E-01  2.328E+05  1.2733E+02  4.4658E+04  9.0943E+00  6.8403E+00  6.5052E+01  7.2230E+02  2.5120E-09
 -3.3000    462.8  5.05086E-01  2.328E+05  1.2719E+02  4.4327E+04  9.0647E+00  6.8403E+00  6.6018E+01  5.8406E+02  2.0340E-09
 -3.4000    507.2  6.67841E-01  2.328E+05  1.2706E+02  4.3997E+04  9.0351E+00  6.8403E+00  6.3659E+01  4.4989E+02  1.5856E-09
 -3.5000    553.4  8.85639E-01  2.328E+05  1.2692E+02  4.3666E+04  9.0055E+00  6.8403E+00  5.8030E+01  3.2784E+02  1.1915E-09
 -3.6000    601.3  1.20732E+00  2.328E+05  1.2679E+02  4.3335E+04  8.9760E+00  6.8403E+00  4.9841E+01  2.2327E+02  8.6258E-10
 -3.7000    650.8  1.68823E+00  2.328E+05  1.2665E+02  4.3005E+04  8.9464E+00  6.8403E+00  4.0380E+01  1.3929E+02  6.0580E-10
 -3.8000    702.0  2.41057E+00  2.328E+05  1.2652E+02  4.2674E+04  8.9168E+00  6.8403E+00  3.1095E+01  7.5943E+01  4.1812E-10
 -3.9000    754.7  3.46606E+00  2.328E+05  1.2638E+02  4.2343E+04  8.8873E+00  6.8403E+00  2.3058E+01  3.0700E+01  2.8921E-10
 -4.0000    809.1  5.09698E+00  2.328E+05  1.2625E+02  4.2012E+04  8.8577E+00  6.8403E+00  1.6792E+01  0.0000E+00  2.0497E-10
