  0.532227814       0.00000000       1.16360474    
  1.4000    165.7  4.38528E+02  7.324E+04  6.0625E+01  4.3008E+04  6.8400E+00  1.1057E+01  1.1252E+00  3.1566E+04  6.1977E-08
  1.3000    169.4  4.00610E+02  7.324E+04  6.0625E+01  4.3008E+04  6.8400E+00  1.1057E+01  1.3534E+00  3.0625E+04  6.1377E-08
  1.2000    173.1  3.63332E+02  7.324E+04  6.0625E+01  4.3008E+04  6.8400E+00  1.1057E+01  1.5543E+00  2.9722E+04  6.0835E-08
  1.1000    176.8  3.27146E+02  7.324E+04  6.0625E+01  4.3008E+04  6.8400E+00  1.1057E+01  1.7282E+00  2.8855E+04  6.0347E-08
  1.0000    180.5  2.92457E+02  7.324E+04  6.0625E+01  4.3008E+04  6.8400E+00  1.1057E+01  1.8748E+00  2.8019E+04  5.9909E-08
  0.9000    184.1  2.59554E+02  7.324E+04  6.0625E+01  4.3008E+04  6.8400E+00  1.1057E+01  1.9938E+00  2.7211E+04  5.9516E-08
  0.8000    187.8  2.24159E+02  7.324E+04  6.0625E+01  4.3008E+04  6.8400E+00  1.1057E+01  2.0852E+00  2.6417E+04  5.9309E-08
  0.7000    191.5  1.83696E+02  7.324E+04  6.0625E+01  4.3008E+04  6.8400E+00  1.1057E+01  2.1475E+00  2.5606E+04  5.9399E-08
  0.6000    195.2  1.43101E+02  7.324E+04  6.0625E+01  4.3008E+04  6.8400E+00  1.1057E+01  2.1739E+00  2.4732E+04  5.9626E-08
  0.5000    198.9  1.06274E+02  7.324E+04  6.0625E+01  4.3008E+04  6.8400E+00  1.1057E+01  2.1482E+00  2.3745E+04  5.9796E-08
  0.4000    202.6  7.35549E+01  7.324E+04  6.0625E+01  4.3008E+04  6.8400E+00  1.1057E+01  2.0399E+00  2.2568E+04  5.9817E-08
  0.3000    206.3  4.96797E+01  7.324E+04  6.0625E+01  4.3008E+04  6.8400E+00  1.1057E+01  1.8057E+00  2.1117E+04  5.9050E-08
  0.2000    210.0  3.31043E+01  7.324E+04  6.0625E+01  4.3008E+04  6.8400E+00  1.1057E+01  1.4012E+00  1.9344E+04  5.7182E-08
  0.1000    213.7  2.23105E+01  7.324E+04  6.0625E+01  4.3008E+04  6.8400E+00  1.1057E+01  7.9747E-01  1.7253E+04  5.3959E-08
  0.0000    217.4  1.53042E+01  7.324E+04  6.0625E+01  4.3008E+04  6.8400E+00  1.1057E+01  0.0000E+00  1.4925E+04  4.9492E-08
 -0.1000    221.1  1.07813E+01  7.324E+04  6.0625E+01  4.3008E+04  6.8400E+00  1.1057E+01  9.4594E-01  1.2503E+04  4.4105E-08
 -0.2000    224.8  7.79230E+00  7.324E+04  6.0625E+01  4.3008E+04  6.8400E+00  1.1057E+01  1.9663E+00  1.0148E+04  3.8307E-08
 -0.3000    228.4  5.76333E+00  7.324E+04  6.0625E+01  4.3008E+04  6.8400E+00  1.1057E+01  2.9795E+00  7.9964E+03  3.2578E-08
 -0.4000    232.1  4.40199E+00  7.324E+04  6.0625E+01  4.3008E+04  6.8400E+00  1.1057E+01  3.9257E+00  6.1265E+03  2.7236E-08
 -0.5000    235.8  3.40652E+00  7.324E+04  6.0625E+01  4.3008E+04  6.8400E+00  1.1057E+01  4.7641E+00  4.5639E+03  2.2515E-08
 -0.6000    239.5  2.64428E+00  7.324E+04  6.0625E+01  4.3008E+04  6.8400E+00  1.1057E+01  5.4470E+00  3.3089E+03  1.8514E-08
 -0.7000    243.2  2.03430E+00  7.324E+04  6.0625E+01  4.3008E+04  6.8400E+00  1.1057E+01  5.9086E+00  2.3535E+03  1.5286E-08
 -0.8000    246.9  1.60141E+00  7.324E+04  6.0625E+01  4.3008E+04  6.8400E+00  1.1057E+01  6.1167E+00  1.6641E+03  1.2738E-08
 -0.9000    250.6  1.29319E+00  7.324E+04  6.0625E+01  4.3008E+04  6.8400E+00  1.1057E+01  6.0966E+00  1.1807E+03  1.0745E-08
 -1.0000    254.3  1.07158E+00  7.324E+04  6.0625E+01  4.3008E+04  6.8400E+00  1.1057E+01  5.8892E+00  8.4642E+02  9.1743E-09
 -1.1000    258.0  8.87146E-01  7.324E+04  6.0625E+01  4.3008E+04  6.8400E+00  1.1057E+01  5.5053E+00  6.2477E+02  7.9687E-09
 -1.2000    261.7  7.51532E-01  7.324E+04  6.0625E+01  4.3008E+04  6.8400E+00  1.1057E+01  4.9530E+00  4.8790E+02  7.0271E-09
 -1.3000    265.4  6.49737E-01  7.324E+04  6.0625E+01  4.3008E+04  6.8400E+00  1.1057E+01  4.2704E+00  4.0503E+02  6.2676E-09
 -1.4000    269.1  5.66103E-01  7.324E+04  6.0625E+01  4.3008E+04  6.8400E+00  1.1057E+01  3.4787E+00  3.5725E+02  5.6489E-09
 -1.5000    272.8  4.91382E-01  7.324E+04  6.0625E+01  4.3008E+04  6.8400E+00  1.1057E+01  2.5679E+00  3.3689E+02  5.1575E-09
 -1.6000    276.4  4.28960E-01  7.324E+04  6.0625E+01  4.3008E+04  6.8400E+00  1.1057E+01  1.5232E+00  3.3852E+02  4.7655E-09
 -1.7000    280.1  3.80522E-01  7.324E+04  6.0625E+01  4.3008E+04  6.8400E+00  1.1057E+01  3.5384E-01  3.5325E+02  4.4371E-09
 -1.8000    283.8  3.44194E-01  7.324E+04  6.0625E+01  4.3008E+04  6.8400E+00  1.1057E+01  9.0973E-01  3.7144E+02  4.1428E-09
 -1.9000    287.5  3.11475E-01  7.324E+04  6.0625E+01  4.3008E+04  6.8400E+00  1.1057E+01  2.2514E+00  3.8832E+02  3.8806E-09
 -2.0000    291.2  2.81996E-01  7.324E+04  6.0625E+01  4.3008E+04  6.8400E+00  1.1057E+01  3.6775E+00  4.0354E+02  3.6457E-09
 -2.1000    294.9  2.55417E-01  7.324E+04  6.0625E+01  4.3008E+04  6.8400E+00  1.1057E+01  5.1953E+00  4.1689E+02  3.4341E-09
 -2.2000    298.6  2.31425E-01  7.324E+04  6.0625E+01  4.3008E+04  6.8400E+00  1.1057E+01  6.8134E+00  4.2825E+02  3.2424E-09
 -2.3000    302.3  2.13426E-01  7.324E+04  6.0625E+01  4.3008E+04  6.8400E+00  1.1057E+01  8.5138E+00  4.3563E+02  3.0569E-09
 -2.4000    306.0  1.97662E-01  7.324E+04  6.0625E+01  4.3008E+04  6.8400E+00  1.1057E+01  1.0267E+01  4.3705E+02  2.8746E-09
 -2.5000    309.7  1.83888E-01  7.324E+04  6.0625E+01  4.3008E+04  6.8400E+00  1.1057E+01  1.2059E+01  4.3254E+02  2.6932E-09
 -2.6000    313.4  1.64951E-01  7.324E+04  6.0625E+01  4.3008E+04  6.8400E+00  1.1057E+01  1.3943E+01  4.2565E+02  2.5293E-09
 -2.7000    317.1  1.50740E-01  7.324E+04  6.0625E+01  4.3008E+04  6.8400E+00  1.1057E+01  1.5960E+01  4.1838E+02  2.3749E-09
 -2.8000    320.7  1.37817E-01  7.324E+04  6.0625E+01  4.3008E+04  6.8400E+00  1.1057E+01  1.8092E+01  4.0925E+02  2.2279E-09
 -2.9000    324.4  1.28961E-01  7.324E+04  6.0625E+01  4.3008E+04  6.8400E+00  1.1057E+01  2.0305E+01  3.9701E+02  2.0803E-09
 -3.0000    328.1  1.21113E-01  7.324E+04  6.0625E+01  4.3008E+04  6.8400E+00  1.1057E+01  2.2546E+01  3.8050E+02  1.9303E-09
 -3.1000    331.8  1.14147E-01  7.324E+04  6.0625E+01  4.3008E+04  6.8400E+00  1.1057E+01  2.4789E+01  3.5997E+02  1.7776E-09
 -3.2000    335.5  1.07946E-01  7.324E+04  6.0625E+01  4.3008E+04  6.8400E+00  1.1057E+01  2.6997E+01  3.3568E+02  1.6220E-09
 -3.3000    339.2  1.02418E-01  7.324E+04  6.0625E+01  4.3008E+04  6.8400E+00  1.1057E+01  2.9117E+01  3.0786E+02  1.4630E-09
 -3.4000    342.9  9.74844E-02  7.324E+04  6.0625E+01  4.3008E+04  6.8400E+00  1.1057E+01  3.1077E+01  2.7663E+02  1.3002E-09
 -3.5000    346.6  9.09619E-02  7.324E+04  6.0625E+01  4.3008E+04  6.8400E+00  1.1057E+01  3.2837E+01  2.4286E+02  1.1369E-09
 -3.6000    350.3  8.69909E-02  7.324E+04  6.0625E+01  4.3008E+04  6.8400E+00  1.1057E+01  3.4256E+01  2.0641E+02  9.6851E-10
 -3.7000    354.0  8.53121E-02  7.324E+04  6.0625E+01  4.3008E+04  6.8400E+00  1.1057E+01  3.4948E+01  1.6554E+02  7.8965E-10
 -3.8000    357.7  8.57556E-02  7.324E+04  6.0625E+01  4.3008E+04  6.8400E+00  1.1057E+01  3.4259E+01  1.1859E+02  5.9516E-10
 -3.9000    361.4  8.66181E-02  7.324E+04  6.0625E+01  4.3008E+04  6.8400E+00  1.1057E+01  3.1093E+01  6.4184E+01  3.8138E-10
 -4.0000    365.1  9.12342E-02  7.324E+04  6.0625E+01  4.3008E+04  6.8400E+00  1.1057E+01  2.3099E+01  0.0000E+00  1.3986E-10
