  0.411861897       0.00000000      0.987052917    
  1.4000    231.8  7.12351E+02  8.944E+05  9.2867E+01  6.8666E+04  4.6449E+00  8.2115E+00  5.8025E+00  2.4094E+04  5.3945E-08
  1.3000    220.8  5.91692E+02  8.944E+05  9.2824E+01  6.8287E+04  4.6449E+00  8.2115E+00  5.2558E+00  2.2335E+04  5.0838E-08
  1.2000    210.2  4.89016E+02  8.944E+05  9.2781E+01  6.7907E+04  4.6449E+00  8.2115E+00  4.7697E+00  2.0782E+04  4.8080E-08
  1.1000    200.2  4.02156E+02  8.944E+05  9.2738E+01  6.7528E+04  4.6449E+00  8.2115E+00  4.3388E+00  1.9409E+04  4.5633E-08
  1.0000    190.5  3.28987E+02  8.944E+05  9.2696E+01  6.7148E+04  4.6449E+00  8.2115E+00  3.9579E+00  1.8191E+04  4.3461E-08
  0.9000    181.4  2.67729E+02  8.944E+05  9.2653E+01  6.6768E+04  4.6449E+00  8.2115E+00  3.6215E+00  1.7110E+04  4.1534E-08
  0.8000    172.7  2.12144E+02  8.944E+05  9.2610E+01  6.6389E+04  4.6449E+00  8.2115E+00  3.3211E+00  1.6134E+04  3.9918E-08
  0.7000    164.5  1.59464E+02  8.944E+05  9.2568E+01  6.6009E+04  4.6449E+00  8.2115E+00  3.0416E+00  1.5219E+04  3.8634E-08
  0.6000    156.8  1.14093E+02  8.944E+05  9.2525E+01  6.5629E+04  4.6449E+00  8.2115E+00  2.7644E+00  1.4314E+04  3.7505E-08
  0.5000    149.5  7.80264E+01  8.944E+05  9.2482E+01  6.5250E+04  4.6449E+00  8.2115E+00  2.4700E+00  1.3374E+04  3.6367E-08
  0.4000    142.7  4.98401E+01  8.944E+05  9.2439E+01  6.4870E+04  4.6449E+00  8.2115E+00  2.1316E+00  1.2344E+04  3.5133E-08
  0.3000    136.4  3.12132E+01  8.944E+05  9.2397E+01  6.4491E+04  4.6449E+00  8.2115E+00  1.7218E+00  1.1179E+04  3.3405E-08
  0.2000    130.5  1.93732E+01  8.944E+05  9.2354E+01  6.4111E+04  4.6449E+00  8.2115E+00  1.2247E+00  9.8696E+03  3.1066E-08
  0.1000    125.1  1.22216E+01  8.944E+05  9.2311E+01  6.3731E+04  4.6449E+00  8.2115E+00  6.4219E-01  8.4487E+03  2.8076E-08
  0.0000    120.2  7.88580E+00  8.944E+05  9.2269E+01  6.3352E+04  4.6449E+00  8.2115E+00  0.0000E+00  6.9918E+03  2.4619E-08
 -0.1000    115.8  5.24889E+00  8.944E+05  9.2226E+01  6.2972E+04  4.6449E+00  8.2115E+00  6.5891E-01  5.5932E+03  2.0972E-08
 -0.2000    111.8  3.60161E+00  8.944E+05  9.2183E+01  6.2592E+04  4.6449E+00  8.2115E+00  1.2877E+00  4.3354E+03  1.7436E-08
 -0.3000    108.3  2.54226E+00  8.944E+05  9.2140E+01  6.2213E+04  4.6449E+00  8.2115E+00  1.8485E+00  3.2673E+03  1.4234E-08
 -0.4000    105.2  1.86276E+00  8.944E+05  9.2098E+01  6.1833E+04  4.6449E+00  8.2115E+00  2.3246E+00  2.3991E+03  1.1462E-08
 -0.5000    102.6  1.39052E+00  8.944E+05  9.2055E+01  6.1454E+04  4.6449E+00  8.2115E+00  2.7122E+00  1.7155E+03  9.1598E-09
 -0.6000    100.5  1.04632E+00  8.944E+05  9.2012E+01  6.1074E+04  4.6449E+00  8.2115E+00  3.0049E+00  1.1949E+03  7.3096E-09
 -0.7000     98.9  7.84405E-01  8.944E+05  9.1970E+01  6.0694E+04  4.6449E+00  8.2115E+00  3.1876E+00  8.1755E+02  5.8819E-09
 -0.8000     97.7  6.05053E-01  8.944E+05  9.1927E+01  6.0315E+04  4.6449E+00  8.2115E+00  3.2589E+00  5.5745E+02  4.7983E-09
 -0.9000     97.0  4.80934E-01  8.944E+05  9.1884E+01  5.9935E+04  4.6449E+00  8.2115E+00  3.2378E+00  3.8241E+02  3.9799E-09
 -1.0000     96.8  3.93950E-01  8.944E+05  9.1841E+01  5.9555E+04  4.6449E+00  8.2115E+00  3.1454E+00  2.6583E+02  3.3563E-09
 -1.1000     97.1  3.23924E-01  8.944E+05  9.1799E+01  5.9176E+04  4.6449E+00  8.2115E+00  2.9884E+00  1.9157E+02  2.8925E-09
 -1.2000     97.8  2.73498E-01  8.944E+05  9.1756E+01  5.8796E+04  4.6449E+00  8.2115E+00  2.7704E+00  1.4828E+02  2.5434E-09
 -1.3000     99.0  2.36553E-01  8.944E+05  9.1713E+01  5.8417E+04  4.6449E+00  8.2115E+00  2.5047E+00  1.2422E+02  2.2731E-09
 -1.4000    100.6  2.06907E-01  8.944E+05  9.1671E+01  5.8037E+04  4.6449E+00  8.2115E+00  2.1973E+00  1.1252E+02  2.0632E-09
 -1.5000    102.7  1.80959E-01  8.944E+05  9.1628E+01  5.7657E+04  4.6449E+00  8.2115E+00  1.8418E+00  1.1060E+02  1.9063E-09
 -1.6000    105.3  1.59724E-01  8.944E+05  9.1585E+01  5.7278E+04  4.6449E+00  8.2115E+00  1.4302E+00  1.1662E+02  1.7904E-09
 -1.7000    108.4  1.43639E-01  8.944E+05  9.1542E+01  5.6898E+04  4.6449E+00  8.2115E+00  9.6304E-01  1.2745E+02  1.7007E-09
 -1.8000    111.9  1.32076E-01  8.944E+05  9.1500E+01  5.6518E+04  4.6449E+00  8.2115E+00  4.4800E-01  1.3958E+02  1.6245E-09
 -1.9000    115.9  1.21874E-01  8.944E+05  9.1457E+01  5.6139E+04  4.6449E+00  8.2115E+00  1.1203E-01  1.5125E+02  1.5603E-09
 -2.0000    120.4  1.12759E-01  8.944E+05  9.1414E+01  5.5759E+04  4.6449E+00  8.2115E+00  7.2293E-01  1.6233E+02  1.5056E-09
 -2.1000    125.3  1.04612E-01  8.944E+05  9.1372E+01  5.5380E+04  4.6449E+00  8.2115E+00  1.3912E+00  1.7277E+02  1.4583E-09
 -2.2000    130.7  9.72200E-02  8.944E+05  9.1329E+01  5.5000E+04  4.6449E+00  8.2115E+00  2.1245E+00  1.8251E+02  1.4171E-09
 -2.3000    136.6  9.20984E-02  8.944E+05  9.1286E+01  5.4620E+04  4.6449E+00  8.2115E+00  2.9189E+00  1.9067E+02  1.3757E-09
 -2.4000    142.9  8.77377E-02  8.944E+05  9.1243E+01  5.4241E+04  4.6449E+00  8.2115E+00  3.7654E+00  1.9622E+02  1.3321E-09
 -2.5000    149.8  8.39828E-02  8.944E+05  9.1201E+01  5.3861E+04  4.6449E+00  8.2115E+00  4.6597E+00  1.9902E+02  1.2853E-09
 -2.6000    157.0  7.74434E-02  8.944E+05  9.1158E+01  5.3482E+04  4.6449E+00  8.2115E+00  5.6331E+00  2.0079E+02  1.2434E-09
 -2.7000    164.8  7.27835E-02  8.944E+05  9.1115E+01  5.3102E+04  4.6449E+00  8.2115E+00  6.7105E+00  2.0245E+02  1.2030E-09
 -2.8000    173.0  6.83609E-02  8.944E+05  9.1073E+01  5.2722E+04  4.6449E+00  8.2115E+00  7.8905E+00  2.0325E+02  1.1631E-09
 -2.9000    181.7  6.57239E-02  8.944E+05  9.1030E+01  5.2343E+04  4.6449E+00  8.2115E+00  9.1618E+00  2.0243E+02  1.1192E-09
 -3.0000    190.9  6.33305E-02  8.944E+05  9.0987E+01  5.1963E+04  4.6449E+00  8.2115E+00  1.0503E+01  1.9918E+02  1.0704E-09
 -3.1000    200.5  6.11658E-02  8.944E+05  9.0944E+01  5.1583E+04  4.6449E+00  8.2115E+00  1.1907E+01  1.9353E+02  1.0163E-09
 -3.2000    210.6  5.92199E-02  8.944E+05  9.0902E+01  5.1204E+04  4.6449E+00  8.2115E+00  1.3359E+01  1.8544E+02  9.5632E-10
 -3.3000    221.2  5.74076E-02  8.944E+05  9.0859E+01  5.0824E+04  4.6449E+00  8.2115E+00  1.4838E+01  1.7487E+02  8.9020E-10
 -3.4000    232.2  5.57304E-02  8.944E+05  9.0816E+01  5.0445E+04  4.6449E+00  8.2115E+00  1.6311E+01  1.6176E+02  8.1739E-10
 -3.5000    243.7  5.28626E-02  8.944E+05  9.0774E+01  5.0065E+04  4.6449E+00  8.2115E+00  1.7774E+01  1.4659E+02  7.4005E-10
 -3.6000    255.7  5.13259E-02  8.944E+05  9.0731E+01  4.9685E+04  4.6449E+00  8.2115E+00  1.9158E+01  1.2912E+02  6.5498E-10
 -3.7000    268.2  5.11266E-02  8.944E+05  9.0688E+01  4.9306E+04  4.6449E+00  8.2115E+00  2.0221E+01  1.0776E+02  5.5703E-10
 -3.8000    281.1  5.22106E-02  8.944E+05  9.0645E+01  4.8926E+04  4.6449E+00  8.2115E+00  2.0497E+01  8.0644E+01  4.4039E-10
 -3.9000    294.5  5.35116E-02  8.944E+05  9.0603E+01  4.8546E+04  4.6449E+00  8.2115E+00  1.9117E+01  4.5890E+01  2.9948E-10
 -4.0000    308.3  5.73702E-02  8.944E+05  9.0560E+01  4.8167E+04  4.6449E+00  8.2115E+00  1.3903E+01  0.0000E+00  1.2201E-10
