   0.00000000       9.16284323E-03   0.00000000    
  0.0000   7966.9  1.43184E+05  0.000E+00  2.0511E+02  3.1654E+04  4.1929E+00  3.2660E+01  3.4528E+01  1.1171E+05  3.8773E-07
  0.0000   5972.9  1.37958E+05  0.000E+00  2.0726E+02  3.1823E+04  4.1929E+00  3.2660E+01  3.3609E+01  1.0960E+05  4.2576E-07
  0.0000   4336.1  6.76261E+04  0.000E+00  2.0941E+02  3.1991E+04  4.1929E+00  3.2660E+01  3.1320E+01  1.0399E+05  4.4493E-07
  0.0000   3022.2  1.77139E+04  0.000E+00  2.1155E+02  3.2160E+04  4.1929E+00  3.2660E+01  2.7036E+01  9.2363E+04  4.3021E-07
  0.0000   1996.6  3.65939E+03  0.000E+00  2.1370E+02  3.2328E+04  4.1929E+00  3.2660E+01  2.0501E+01  7.3088E+04  3.7036E-07
  0.0000   1225.0  7.56441E+02  0.000E+00  2.1585E+02  3.2497E+04  4.1929E+00  3.2660E+01  1.2525E+01  4.8413E+04  2.7141E-07
  0.0000    672.8  1.73369E+02  0.000E+00  2.1799E+02  3.2666E+04  4.1929E+00  3.2660E+01  5.1228E+00  2.5125E+04  1.6337E-07
  0.0000    305.8  4.21770E+01  0.000E+00  2.2014E+02  3.2834E+04  4.1929E+00  3.2660E+01  2.2720E-01  9.6448E+03  7.9678E-08
  0.0000     89.3  8.36312E+00  0.000E+00  2.2229E+02  3.3003E+04  4.1929E+00  3.2660E+01  1.7761E+00  2.9719E+03  3.3276E-08
  0.0000     11.0  1.09515E+00  0.000E+00  2.2444E+02  3.3171E+04  4.1929E+00  3.2660E+01  1.8395E+00  1.7675E+03  1.6504E-08
  0.0000     29.6  2.38073E+00  0.000E+00  2.2658E+02  3.3340E+04  4.1929E+00  3.2660E+01  1.1077E+00  2.4576E+03  1.5237E-08
  0.0000      0.8  3.93696E-01  0.000E+00  2.2873E+02  3.3509E+04  4.1929E+00  3.2660E+01  3.7791E-01  3.0282E+03  1.8686E-08
  0.0000     40.8  1.81888E+00  0.000E+00  2.3088E+02  3.3677E+04  4.1929E+00  3.2660E+01  3.1561E-02  2.8197E+03  2.1050E-08
  0.0000     67.3  2.19485E+00  0.000E+00  2.3302E+02  3.3846E+04  4.1929E+00  3.2660E+01  1.4441E-02  2.0514E+03  2.0488E-08
  0.0000     77.0  1.47844E+00  0.000E+00  2.3517E+02  3.4014E+04  4.1929E+00  3.2660E+01  0.0000E+00  1.2805E+03  1.8442E-08
  0.0000     74.7  8.11440E-01  0.000E+00  2.3732E+02  3.4183E+04  4.1929E+00  3.2660E+01  2.7545E-01  8.7539E+02  1.6368E-08
  0.0000     65.0  4.84480E-01  0.000E+00  2.3946E+02  3.4352E+04  4.1929E+00  3.2660E+01  7.7372E-01  7.7904E+02  1.4622E-08
  0.0000     52.8  3.27839E-01  0.000E+00  2.4161E+02  3.4520E+04  4.1929E+00  3.2660E+01  1.2996E+00  7.5577E+02  1.2927E-08
  0.0000     42.8  2.32790E-01  0.000E+00  2.4376E+02  3.4689E+04  4.1929E+00  3.2660E+01  1.7665E+00  7.0686E+02  1.1269E-08
  0.0000     38.8  1.85027E-01  0.000E+00  2.4591E+02  3.4857E+04  4.1929E+00  3.2660E+01  2.1963E+00  6.4432E+02  9.9022E-09
  0.0000     40.2  1.68517E-01  0.000E+00  2.4805E+02  3.5026E+04  4.1929E+00  3.2660E+01  2.6298E+00  5.9064E+02  8.8590E-09
  0.0000     45.5  1.66584E-01  0.000E+00  2.5020E+02  3.5195E+04  4.1929E+00  3.2660E+01  3.1021E+00  5.5838E+02  8.0822E-09
  0.0000     53.1  1.66677E-01  0.000E+00  2.5235E+02  3.5363E+04  4.1929E+00  3.2660E+01  3.6544E+00  5.5748E+02  7.4918E-09
  0.0000     61.4  1.63631E-01  0.000E+00  2.5449E+02  3.5532E+04  4.1929E+00  3.2660E+01  4.3297E+00  5.9267E+02  7.0443E-09
  0.0000     69.0  1.60897E-01  0.000E+00  2.5664E+02  3.5700E+04  4.1929E+00  3.2660E+01  5.1457E+00  6.5471E+02  6.6804E-09
  0.0000     74.4  1.62307E-01  0.000E+00  2.5879E+02  3.5869E+04  4.1929E+00  3.2660E+01  6.0753E+00  7.2240E+02  6.3490E-09
  0.0000     77.8  1.70368E-01  0.000E+00  2.6093E+02  3.6038E+04  4.1929E+00  3.2660E+01  7.0562E+00  7.7374E+02  5.9857E-09
  0.0000     79.2  1.82243E-01  0.000E+00  2.6308E+02  3.6206E+04  4.1929E+00  3.2660E+01  8.0177E+00  7.9548E+02  5.5703E-09
  0.0000     78.7  1.88169E-01  0.000E+00  2.6523E+02  3.6375E+04  4.1929E+00  3.2660E+01  8.9150E+00  7.8778E+02  5.1211E-09
  0.0000     76.8  1.79155E-01  0.000E+00  2.6738E+02  3.6543E+04  4.1929E+00  3.2660E+01  9.7550E+00  7.6265E+02  4.6793E-09
  0.0000     73.4  1.58083E-01  0.000E+00  2.6952E+02  3.6712E+04  4.1929E+00  3.2660E+01  1.0579E+01  7.3398E+02  4.2756E-09
  0.0000     69.1  1.31345E-01  0.000E+00  2.7167E+02  3.6881E+04  4.1929E+00  3.2660E+01  1.1430E+01  7.1044E+02  3.9285E-09
  0.0000     65.1  1.05783E-01  0.000E+00  2.7382E+02  3.7049E+04  4.1929E+00  3.2660E+01  1.2339E+01  6.9546E+02  3.6532E-09
  0.0000     63.0  8.22670E-02  0.000E+00  2.7596E+02  3.7218E+04  4.1929E+00  3.2660E+01  1.3340E+01  6.9030E+02  3.4645E-09
  0.0000     64.4  6.52744E-02  0.000E+00  2.7811E+02  3.7386E+04  4.1929E+00  3.2660E+01  1.4469E+01  6.9500E+02  3.3613E-09
  0.0000     70.9  5.65801E-02  0.000E+00  2.8026E+02  3.7555E+04  4.1929E+00  3.2660E+01  1.5748E+01  7.0770E+02  3.3356E-09
  0.0000     83.9  5.61328E-02  0.000E+00  2.8241E+02  3.7724E+04  4.1929E+00  3.2660E+01  1.7192E+01  7.2593E+02  3.3770E-09
  0.0000    104.0  6.30306E-02  0.000E+00  2.8455E+02  3.7892E+04  4.1929E+00  3.2660E+01  1.8800E+01  7.4703E+02  3.4649E-09
  0.0000    127.0  6.43362E-02  0.000E+00  2.8670E+02  3.8061E+04  4.1929E+00  3.2660E+01  2.0605E+01  7.7190E+02  3.5831E-09
  0.0000    147.9  5.02186E-02  0.000E+00  2.8885E+02  3.8229E+04  4.1929E+00  3.2660E+01  2.2722E+01  8.0794E+02  3.7404E-09
  0.0000    161.5  2.01309E-02  0.000E+00  2.9099E+02  3.8398E+04  4.1929E+00  3.2660E+01  2.5318E+01  8.6524E+02  3.9754E-09
  0.0000    162.7  3.00092E-03  0.000E+00  2.9314E+02  3.8567E+04  4.1929E+00  3.2660E+01  2.8356E+01  9.4238E+02  4.2802E-09
  0.0000    146.2  4.74265E-03  0.000E+00  2.9529E+02  3.8735E+04  4.1929E+00  3.2660E+01  3.1408E+01  1.0190E+03  4.6082E-09
  0.0000    111.3  2.56231E-03  0.000E+00  2.9743E+02  3.8904E+04  4.1929E+00  3.2660E+01  3.4029E+01  1.0750E+03  4.9043E-09
  0.0000     74.5  3.41775E-03  0.000E+00  2.9958E+02  3.9072E+04  4.1929E+00  3.2660E+01  3.6285E+01  1.1097E+03  5.2418E-09
  0.0000     56.6  6.54045E-04  0.000E+00  3.0173E+02  3.9241E+04  4.1929E+00  3.2660E+01  3.8947E+01  1.1435E+03  5.8234E-09
  0.0000     78.4  1.82079E-03  0.000E+00  3.0388E+02  3.9410E+04  4.1929E+00  3.2660E+01  4.3149E+01  1.2027E+03  7.0072E-09
  0.0000    160.8  2.45394E-05  0.000E+00  3.0602E+02  3.9578E+04  4.1929E+00  3.2660E+01  4.8719E+01  1.2314E+03  7.9742E-09
  0.0000    324.7  3.74323E-03  0.000E+00  3.0817E+02  3.9747E+04  4.1929E+00  3.2660E+01  5.5708E+01  1.2074E+03  8.1008E-09
  0.0000    590.8  1.69505E-02  0.000E+00  3.1032E+02  3.9915E+04  4.1929E+00  3.2660E+01  6.3282E+01  1.1323E+03  7.9380E-09
  0.0000    980.0  5.43658E-02  0.000E+00  3.1246E+02  4.0084E+04  4.1929E+00  3.2660E+01  6.8354E+01  9.6411E+02  7.2616E-09
  0.0000   1513.1  9.32019E-02  0.000E+00  3.1461E+02  4.0252E+04  4.1929E+00  3.2660E+01  7.2805E+01  7.6632E+02  6.3722E-09
  0.0000   2211.0  2.20759E-01  0.000E+00  3.1676E+02  4.0421E+04  4.1929E+00  3.2660E+01  7.6804E+01  5.6789E+02  5.3929E-09
  0.0000   3094.5  1.93971E+00  0.000E+00  3.1890E+02  4.0590E+04  4.1929E+00  3.2660E+01  7.0568E+01  3.0731E+02  4.1790E-09
  0.0000   4184.4  1.68646E+01  0.000E+00  3.2105E+02  4.0758E+04  4.1929E+00  3.2660E+01  5.1625E+01  0.0000E+00  2.8420E-09
