  0.214752913       2.43936777E-02   0.00000000    
  1.4000    339.1  1.16287E+03  1.559E+04  5.6274E+01  1.3535E+04  1.5712E+00  3.1926E+00  1.0943E+01  2.5404E+04  6.3046E-08
  1.3000    317.7  9.29430E+02  1.559E+04  5.6274E+01  1.3535E+04  1.5712E+00  3.1926E+00  9.7887E+00  2.2732E+04  5.7973E-08
  1.2000    296.4  7.37002E+02  1.559E+04  5.6274E+01  1.3535E+04  1.5712E+00  3.1926E+00  8.7331E+00  2.0346E+04  5.3273E-08
  1.1000    275.4  5.79452E+02  1.559E+04  5.6274E+01  1.3535E+04  1.5712E+00  3.1926E+00  7.7737E+00  1.8224E+04  4.8935E-08
  1.0000    254.7  4.51544E+02  1.559E+04  5.6274E+01  1.3535E+04  1.5712E+00  3.1926E+00  6.9078E+00  1.6345E+04  4.4943E-08
  0.9000    234.3  3.48438E+02  1.559E+04  5.6274E+01  1.3535E+04  1.5712E+00  3.1926E+00  6.1318E+00  1.4689E+04  4.1281E-08
  0.8000    214.3  2.60145E+02  1.559E+04  5.6274E+01  1.3535E+04  1.5712E+00  3.1926E+00  5.4346E+00  1.3219E+04  3.8021E-08
  0.7000    194.7  1.82636E+02  1.559E+04  5.6274E+01  1.3535E+04  1.5712E+00  3.1926E+00  4.7900E+00  1.1871E+04  3.5140E-08
  0.6000    175.7  1.20882E+02  1.559E+04  5.6274E+01  1.3535E+04  1.5712E+00  3.1926E+00  4.1677E+00  1.0579E+04  3.2405E-08
  0.5000    157.3  7.56478E+01  1.559E+04  5.6274E+01  1.3535E+04  1.5712E+00  3.1926E+00  3.5421E+00  9.2937E+03  2.9623E-08
  0.4000    139.5  4.36412E+01  1.559E+04  5.6274E+01  1.3535E+04  1.5712E+00  3.1926E+00  2.8829E+00  7.9622E+03  2.6685E-08
  0.3000    122.4  2.43710E+01  1.559E+04  5.6274E+01  1.3535E+04  1.5712E+00  3.1926E+00  2.1720E+00  6.5621E+03  2.3281E-08
  0.2000    106.0  1.32960E+01  1.559E+04  5.6274E+01  1.3535E+04  1.5712E+00  3.1926E+00  1.4219E+00  5.1347E+03  1.9460E-08
  0.1000     90.5  7.25227E+00  1.559E+04  5.6274E+01  1.3535E+04  1.5712E+00  3.1926E+00  6.7606E-01  3.7714E+03  1.5429E-08
  0.0000     75.8  3.95988E+00  1.559E+04  5.6274E+01  1.3535E+04  1.5712E+00  3.1926E+00  0.0000E+00  2.5869E+03  1.1580E-08
 -0.1000     62.1  2.17350E+00  1.559E+04  5.6274E+01  1.3535E+04  1.5712E+00  3.1926E+00  5.4559E-01  1.6655E+03  8.2619E-09
 -0.2000     49.3  1.18831E+00  1.559E+04  5.6274E+01  1.3535E+04  1.5712E+00  3.1926E+00  9.2889E-01  1.0284E+03  5.6730E-09
 -0.3000     37.6  6.37400E-01  1.559E+04  5.6274E+01  1.3535E+04  1.5712E+00  3.1926E+00  1.1533E+00  6.3828E+02  3.8160E-09
 -0.4000     27.0  3.29474E-01  1.559E+04  5.6274E+01  1.3535E+04  1.5712E+00  3.1926E+00  1.2476E+00  4.2940E+02  2.5671E-09
 -0.5000     17.6  1.50510E-01  1.559E+04  5.6274E+01  1.3535E+04  1.5712E+00  3.1926E+00  1.2465E+00  3.3793E+02  1.7787E-09
 -0.6000      9.3  4.68640E-02  1.559E+04  5.6274E+01  1.3535E+04  1.5712E+00  3.1926E+00  1.1776E+00  3.1661E+02  1.3184E-09
 -0.7000      2.4  1.09997E-02  1.559E+04  5.6274E+01  1.3535E+04  1.5712E+00  3.1926E+00  1.0611E+00  3.3334E+02  1.0842E-09
 -0.8000      3.2  4.13694E-02  1.559E+04  5.6274E+01  1.3535E+04  1.5712E+00  3.1926E+00  9.1043E-01  3.6807E+02  1.0007E-09
 -0.9000      7.5  5.65219E-02  1.559E+04  5.6274E+01  1.3535E+04  1.5712E+00  3.1926E+00  7.2935E-01  4.1041E+02  1.0229E-09
 -1.0000     10.2  6.29826E-02  1.559E+04  5.6274E+01  1.3535E+04  1.5712E+00  3.1926E+00  5.1221E-01  4.5661E+02  1.1248E-09
 -1.1000     11.5  6.37209E-02  1.559E+04  5.6274E+01  1.3535E+04  1.5712E+00  3.1926E+00  2.4687E-01  5.0609E+02  1.2928E-09
 -1.2000     11.2  6.14572E-02  1.559E+04  5.6274E+01  1.3535E+04  1.5712E+00  3.1926E+00  8.4152E-02  5.5961E+02  1.5159E-09
 -1.3000      9.2  5.74181E-02  1.559E+04  5.6274E+01  1.3535E+04  1.5712E+00  3.1926E+00  5.0328E-01  6.1834E+02  1.7874E-09
 -1.4000      5.6  5.22523E-02  1.559E+04  5.6274E+01  1.3535E+04  1.5712E+00  3.1926E+00  1.0366E+00  6.8334E+02  2.1034E-09
 -1.5000      0.2  4.63233E-02  1.559E+04  5.6274E+01  1.3535E+04  1.5712E+00  3.1926E+00  1.7128E+00  7.5534E+02  2.4626E-09
 -1.6000      6.9  4.01934E-02  1.559E+04  5.6274E+01  1.3535E+04  1.5712E+00  3.1926E+00  2.5633E+00  8.3474E+02  2.8599E-09
 -1.7000     16.0  3.44092E-02  1.559E+04  5.6274E+01  1.3535E+04  1.5712E+00  3.1926E+00  3.6232E+00  9.2169E+02  3.2888E-09
 -1.8000     26.9  2.92947E-02  1.559E+04  5.6274E+01  1.3535E+04  1.5712E+00  3.1926E+00  4.9315E+00  1.0162E+03  3.7452E-09
 -1.9000     39.8  2.41679E-02  1.559E+04  5.6274E+01  1.3535E+04  1.5712E+00  3.1926E+00  6.5258E+00  1.1179E+03  4.2344E-09
 -2.0000     54.8  1.87585E-02  1.559E+04  5.6274E+01  1.3535E+04  1.5712E+00  3.1926E+00  8.4355E+00  1.2255E+03  4.7538E-09
 -2.1000     71.9  1.27015E-02  1.559E+04  5.6274E+01  1.3535E+04  1.5712E+00  3.1926E+00  1.0679E+01  1.3368E+03  5.2986E-09
 -2.2000     91.1  5.55682E-03  1.559E+04  5.6274E+01  1.3535E+04  1.5712E+00  3.1926E+00  1.3258E+01  1.4491E+03  5.8624E-09
 -2.3000    112.5  2.26521E-03  1.559E+04  5.6274E+01  1.3535E+04  1.5712E+00  3.1926E+00  1.6161E+01  1.5592E+03  6.4296E-09
 -2.4000    136.2  1.16481E-02  1.559E+04  5.6274E+01  1.3535E+04  1.5712E+00  3.1926E+00  1.9352E+01  1.6635E+03  6.9983E-09
 -2.5000    162.2  2.25708E-02  1.559E+04  5.6274E+01  1.3535E+04  1.5712E+00  3.1926E+00  2.2770E+01  1.7579E+03  7.5562E-09
 -2.6000    190.6  3.59802E-02  1.559E+04  5.6274E+01  1.3535E+04  1.5712E+00  3.1926E+00  2.6312E+01  1.8361E+03  8.1068E-09
 -2.7000    221.5  4.85066E-02  1.559E+04  5.6274E+01  1.3535E+04  1.5712E+00  3.1926E+00  2.9864E+01  1.8926E+03  8.5996E-09
 -2.8000    254.8  5.88777E-02  1.559E+04  5.6274E+01  1.3535E+04  1.5712E+00  3.1926E+00  3.3310E+01  1.9223E+03  9.0254E-09
 -2.9000    290.7  6.57116E-02  1.559E+04  5.6274E+01  1.3535E+04  1.5712E+00  3.1926E+00  3.6551E+01  1.9221E+03  9.3542E-09
 -3.0000    329.3  6.78271E-02  1.559E+04  5.6274E+01  1.3535E+04  1.5712E+00  3.1926E+00  3.9549E+01  1.8921E+03  9.5944E-09
 -3.1000    370.5  6.42022E-02  1.559E+04  5.6274E+01  1.3535E+04  1.5712E+00  3.1926E+00  4.2267E+01  1.8319E+03  9.7363E-09
 -3.2000    414.4  5.56364E-02  1.559E+04  5.6274E+01  1.3535E+04  1.5712E+00  3.1926E+00  4.4743E+01  1.7454E+03  9.7853E-09
 -3.3000    461.1  4.39176E-02  1.559E+04  5.6274E+01  1.3535E+04  1.5712E+00  3.1926E+00  4.7202E+01  1.6449E+03  9.7871E-09
 -3.4000    510.7  3.16652E-02  1.559E+04  5.6274E+01  1.3535E+04  1.5712E+00  3.1926E+00  5.0006E+01  1.5458E+03  9.8070E-09
 -3.5000    563.2  2.08926E-02  1.559E+04  5.6274E+01  1.3535E+04  1.5712E+00  3.1926E+00  5.3394E+01  1.4495E+03  9.8656E-09
 -3.6000    618.7  1.36286E-02  1.559E+04  5.6274E+01  1.3535E+04  1.5712E+00  3.1926E+00  5.6940E+01  1.3188E+03  9.7036E-09
 -3.7000    677.2  9.37040E-03  1.559E+04  5.6274E+01  1.3535E+04  1.5712E+00  3.1926E+00  5.8543E+01  1.0544E+03  8.6548E-09
 -3.8000    738.8  9.57339E-03  1.559E+04  5.6274E+01  1.3535E+04  1.5712E+00  3.1926E+00  5.6917E+01  6.7790E+02  6.1872E-09
 -3.9000    803.5  1.09132E-02  1.559E+04  5.6274E+01  1.3535E+04  1.5712E+00  3.1926E+00  5.1986E+01  3.1324E+02  3.6326E-09
 -4.0000    871.4  1.41794E-02  1.559E+04  5.6274E+01  1.3535E+04  1.5712E+00  3.1926E+00  4.1403E+01  0.0000E+00  1.3899E-09
