  0.221298218       2.75615454E-02   0.00000000    
  1.4000    558.8  3.93855E+02  1.918E+04  6.3684E+01  1.4934E+04  1.3465E+00  8.3870E+00  2.5144E+01  8.7633E+04  2.4903E-07
  1.3000    516.2  3.73604E+02  1.918E+04  6.3684E+01  1.4934E+04  1.3465E+00  8.3870E+00  2.1257E+01  6.8345E+04  1.9543E-07
  1.2000    475.3  3.47964E+02  1.918E+04  6.3684E+01  1.4934E+04  1.3465E+00  8.3870E+00  1.7832E+01  5.4152E+04  1.5608E-07
  1.1000    435.8  3.18117E+02  1.918E+04  6.3684E+01  1.4934E+04  1.3465E+00  8.3870E+00  1.4890E+01  4.3649E+04  1.2689E-07
  1.0000    398.0  2.85406E+02  1.918E+04  6.3684E+01  1.4934E+04  1.3465E+00  8.3870E+00  1.2418E+01  3.5831E+04  1.0501E-07
  0.9000    361.9  2.51098E+02  1.918E+04  6.3684E+01  1.4934E+04  1.3465E+00  8.3870E+00  1.0380E+01  2.9980E+04  8.8438E-08
  0.8000    327.3  2.10930E+02  1.918E+04  6.3684E+01  1.4934E+04  1.3465E+00  8.3870E+00  8.7104E+00  2.5525E+04  7.5904E-08
  0.7000    294.5  1.64271E+02  1.918E+04  6.3684E+01  1.4934E+04  1.3465E+00  8.3870E+00  7.3055E+00  2.1976E+04  6.6263E-08
  0.6000    263.4  1.19544E+02  1.918E+04  6.3684E+01  1.4934E+04  1.3465E+00  8.3870E+00  6.0705E+00  1.8983E+04  5.8358E-08
  0.5000    234.0  8.17695E+01  1.918E+04  6.3684E+01  1.4934E+04  1.3465E+00  8.3870E+00  4.9408E+00  1.6338E+04  5.1479E-08
  0.4000    206.5  5.13088E+01  1.918E+04  6.3684E+01  1.4934E+04  1.3465E+00  8.3870E+00  3.8588E+00  1.3883E+04  4.5248E-08
  0.3000    180.7  3.11395E+01  1.918E+04  6.3684E+01  1.4934E+04  1.3465E+00  8.3870E+00  2.7952E+00  1.1545E+04  3.9060E-08
  0.2000    156.8  1.84518E+01  1.918E+04  6.3684E+01  1.4934E+04  1.3465E+00  8.3870E+00  1.7663E+00  9.3540E+03  3.2943E-08
  0.1000    134.7  1.09171E+01  1.918E+04  6.3684E+01  1.4934E+04  1.3465E+00  8.3870E+00  8.1524E-01  7.3834E+03  2.7061E-08
  0.0000    114.6  6.45510E+00  1.918E+04  6.3684E+01  1.4934E+04  1.3465E+00  8.3870E+00  0.0000E+00  5.7175E+03  2.1746E-08
 -0.1000     96.4  3.82558E+00  1.918E+04  6.3684E+01  1.4934E+04  1.3465E+00  8.3870E+00  6.2830E-01  4.4069E+03  1.7256E-08
 -0.2000     80.2  2.24963E+00  1.918E+04  6.3684E+01  1.4934E+04  1.3465E+00  8.3870E+00  1.0361E+00  3.4562E+03  1.3733E-08
 -0.3000     65.9  1.29319E+00  1.918E+04  6.3684E+01  1.4934E+04  1.3465E+00  8.3870E+00  1.2083E+00  2.8302E+03  1.1178E-08
 -0.4000     53.7  7.18621E-01  1.918E+04  6.3684E+01  1.4934E+04  1.3465E+00  8.3870E+00  1.1465E+00  2.4708E+03  9.4819E-09
 -0.5000     43.6  3.62066E-01  1.918E+04  6.3684E+01  1.4934E+04  1.3465E+00  8.3870E+00  8.5641E-01  2.3166E+03  8.5199E-09
 -0.6000     35.5  1.42231E-01  1.918E+04  6.3684E+01  1.4934E+04  1.3465E+00  8.3870E+00  3.3645E-01  2.3165E+03  8.1597E-09
 -0.7000     29.6  9.68504E-03  1.918E+04  6.3684E+01  1.4934E+04  1.3465E+00  8.3870E+00  4.2045E-01  2.4298E+03  8.2905E-09
 -0.8000     25.8  6.45227E-02  1.918E+04  6.3684E+01  1.4934E+04  1.3465E+00  8.3870E+00  1.4189E+00  2.6226E+03  8.7912E-09
 -0.9000     24.2  1.05418E-01  1.918E+04  6.3684E+01  1.4934E+04  1.3465E+00  8.3870E+00  2.6624E+00  2.8677E+03  9.5738E-09
 -1.0000     24.8  1.26910E-01  1.918E+04  6.3684E+01  1.4934E+04  1.3465E+00  8.3870E+00  4.1613E+00  3.1478E+03  1.0575E-08
 -1.1000     27.6  1.34153E-01  1.918E+04  6.3684E+01  1.4934E+04  1.3465E+00  8.3870E+00  5.9267E+00  3.4514E+03  1.1774E-08
 -1.2000     32.7  1.31810E-01  1.918E+04  6.3684E+01  1.4934E+04  1.3465E+00  8.3870E+00  7.9658E+00  3.7692E+03  1.3111E-08
 -1.3000     40.1  1.22119E-01  1.918E+04  6.3684E+01  1.4934E+04  1.3465E+00  8.3870E+00  1.0282E+01  4.0932E+03  1.4551E-08
 -1.4000     49.9  1.05312E-01  1.918E+04  6.3684E+01  1.4934E+04  1.3465E+00  8.3870E+00  1.2867E+01  4.4151E+03  1.6074E-08
 -1.5000     62.0  8.08626E-02  1.918E+04  6.3684E+01  1.4934E+04  1.3465E+00  8.3870E+00  1.5698E+01  4.7255E+03  1.7664E-08
 -1.6000     76.5  5.21973E-02  1.918E+04  6.3684E+01  1.4934E+04  1.3465E+00  8.3870E+00  1.8743E+01  5.0148E+03  1.9265E-08
 -1.7000     93.4  2.32269E-02  1.918E+04  6.3684E+01  1.4934E+04  1.3465E+00  8.3870E+00  2.1967E+01  5.2754E+03  2.0818E-08
 -1.8000    112.8  3.99059E-03  1.918E+04  6.3684E+01  1.4934E+04  1.3465E+00  8.3870E+00  2.5336E+01  5.5018E+03  2.2283E-08
 -1.9000    134.6  3.01352E-02  1.918E+04  6.3684E+01  1.4934E+04  1.3465E+00  8.3870E+00  2.8809E+01  5.6887E+03  2.3685E-08
 -2.0000    159.0  5.26234E-02  1.918E+04  6.3684E+01  1.4934E+04  1.3465E+00  8.3870E+00  3.2342E+01  5.8305E+03  2.4996E-08
 -2.1000    186.0  6.88052E-02  1.918E+04  6.3684E+01  1.4934E+04  1.3465E+00  8.3870E+00  3.5894E+01  5.9220E+03  2.6185E-08
 -2.2000    215.5  7.85034E-02  1.918E+04  6.3684E+01  1.4934E+04  1.3465E+00  8.3870E+00  3.9448E+01  5.9628E+03  2.7239E-08
 -2.3000    247.6  8.19361E-02  1.918E+04  6.3684E+01  1.4934E+04  1.3465E+00  8.3870E+00  4.3036E+01  5.9606E+03  2.8130E-08
 -2.4000    282.3  7.91702E-02  1.918E+04  6.3684E+01  1.4934E+04  1.3465E+00  8.3870E+00  4.6688E+01  5.9227E+03  2.8915E-08
 -2.5000    319.8  7.20019E-02  1.918E+04  6.3684E+01  1.4934E+04  1.3465E+00  8.3870E+00  5.0451E+01  5.8581E+03  2.9617E-08
 -2.6000    359.9  6.02105E-02  1.918E+04  6.3684E+01  1.4934E+04  1.3465E+00  8.3870E+00  5.4456E+01  5.7821E+03  3.0390E-08
 -2.7000    402.8  4.86121E-02  1.918E+04  6.3684E+01  1.4934E+04  1.3465E+00  8.3870E+00  5.8843E+01  5.7089E+03  3.1150E-08
 -2.8000    448.4  3.79707E-02  1.918E+04  6.3684E+01  1.4934E+04  1.3465E+00  8.3870E+00  6.3700E+01  5.6430E+03  3.1965E-08
 -2.9000    496.8  3.00174E-02  1.918E+04  6.3684E+01  1.4934E+04  1.3465E+00  8.3870E+00  6.9012E+01  5.5725E+03  3.2711E-08
 -3.0000    548.0  2.41269E-02  1.918E+04  6.3684E+01  1.4934E+04  1.3465E+00  8.3870E+00  7.4658E+01  5.4701E+03  3.3292E-08
 -3.1000    602.1  2.00401E-02  1.918E+04  6.3684E+01  1.4934E+04  1.3465E+00  8.3870E+00  8.0432E+01  5.2979E+03  3.3473E-08
 -3.2000    659.1  1.73984E-02  1.918E+04  6.3684E+01  1.4934E+04  1.3465E+00  8.3870E+00  8.6008E+01  5.0079E+03  3.2924E-08
 -3.3000    718.9  1.58672E-02  1.918E+04  6.3684E+01  1.4934E+04  1.3465E+00  8.3870E+00  9.0797E+01  4.5339E+03  3.1158E-08
 -3.4000    781.8  1.48971E-02  1.918E+04  6.3684E+01  1.4934E+04  1.3465E+00  8.3870E+00  9.3589E+01  3.7815E+03  2.7432E-08
 -3.5000    847.6  1.62565E-02  1.918E+04  6.3684E+01  1.4934E+04  1.3465E+00  8.3870E+00  9.4400E+01  2.8922E+03  2.1648E-08
 -3.6000    916.4  1.87389E-02  1.918E+04  6.3684E+01  1.4934E+04  1.3465E+00  8.3870E+00  9.4200E+01  2.1051E+03  1.6278E-08
 -3.7000    988.2  2.17120E-02  1.918E+04  6.3684E+01  1.4934E+04  1.3465E+00  8.3870E+00  9.2703E+01  1.4456E+03  1.1760E-08
 -3.8000   1063.1  2.50406E-02  1.918E+04  6.3684E+01  1.4934E+04  1.3465E+00  8.3870E+00  8.8821E+01  8.8264E+02  7.9008E-09
 -3.9000   1141.1  2.86145E-02  1.918E+04  6.3684E+01  1.4934E+04  1.3465E+00  8.3870E+00  8.0575E+01  3.9237E+02  4.5407E-09
 -4.0000   1222.3  3.80307E-02  1.918E+04  6.3684E+01  1.4934E+04  1.3465E+00  8.3870E+00  6.6353E+01  0.0000E+00  1.7465E-09
