   4.24060822E-02   0.00000000       0.00000000    
  1.4000    742.7  4.30055E+03  2.066E+04  1.2513E+04  3.8851E+05  2.0185E+02  4.0283E+00  9.4790E+00  1.9922E+04  7.5917E-08
  1.3000    560.4  2.18202E+03  2.066E+04  9.5912E+03  3.2201E+05  1.5484E+02  4.0188E+00  7.3216E+00  1.5863E+04  6.2588E-08
  1.2000    411.0  1.09100E+03  2.066E+04  7.1652E+03  2.6359E+05  1.1587E+02  4.0093E+00  5.4129E+00  1.2158E+04  4.9429E-08
  1.1000    291.5  5.39787E+02  2.066E+04  5.1889E+03  2.1273E+05  8.4184E+01  3.9999E+00  3.8244E+00  9.0091E+03  3.7356E-08
  1.0000    198.6  2.63972E+02  2.066E+04  3.6168E+03  1.6893E+05  5.9033E+01  3.9904E+00  2.5885E+00  6.5288E+03  2.7086E-08
  0.9000    128.9  1.26964E+02  2.066E+04  2.4031E+03  1.3167E+05  3.9664E+01  3.9809E+00  1.7014E+00  4.7312E+03  1.9023E-08
  0.8000     79.3  5.80723E+01  2.066E+04  1.5021E+03  1.0043E+05  2.5327E+01  3.9715E+00  1.1205E+00  3.5320E+03  1.3248E-08
  0.7000     46.4  2.44280E+01  2.066E+04  8.6814E+02  7.4709E+04  1.5267E+01  3.9620E+00  7.7469E-01  2.7811E+03  9.4735E-09
  0.6000     27.1  9.85184E+00  2.066E+04  4.5552E+02  5.3988E+04  8.7345E+00  3.9525E+00  5.9030E-01  2.3269E+03  7.2288E-09
  0.5000     18.1  4.41539E+00  2.066E+04  2.1856E+02  3.7755E+04  4.9762E+00  3.9431E+00  5.0172E-01  2.0419E+03  6.0617E-09
  0.4000     16.0  2.60123E+00  2.066E+04  1.1156E+02  2.5496E+04  3.2403E+00  3.9336E+00  4.4884E-01  1.8162E+03  5.5351E-09
  0.3000     17.7  2.00103E+00  2.066E+04  8.8838E+01  1.6699E+04  2.7750E+00  3.9241E+00  3.8211E-01  1.5701E+03  5.1856E-09
  0.2000     19.9  1.58431E+00  2.066E+04  1.0470E+02  1.0849E+04  2.8281E+00  3.9147E+00  2.7554E-01  1.2748E+03  4.6825E-09
  0.1000     20.1  1.14468E+00  2.066E+04  1.2119E+02  7.4351E+03  2.7833E+00  3.9052E+00  1.3844E-01  9.5916E+02  3.8977E-09
  0.0000     18.3  7.66100E-01  2.066E+04  1.3131E+02  5.9426E+03  2.5657E+00  3.8957E+00  0.0000E+00  6.7475E+02  3.0082E-09
 -0.1000     15.6  4.88462E-01  2.066E+04  1.3576E+02  5.8590E+03  2.2364E+00  3.8863E+00  1.1710E-01  4.5195E+02  2.1923E-09
 -0.2000     12.7  3.01668E-01  2.066E+04  1.3529E+02  6.6709E+03  1.8562E+00  3.8768E+00  2.0380E-01  2.9457E+02  1.5474E-09
 -0.3000     10.7  1.89032E-01  2.066E+04  1.3060E+02  7.8653E+03  1.4859E+00  3.8673E+00  2.6215E-01  1.8984E+02  1.1023E-09
 -0.4000     10.2  1.34814E-01  2.066E+04  1.2243E+02  8.9291E+03  1.1864E+00  3.8579E+00  3.0107E-01  1.1888E+02  8.4452E-10
 -0.5000     12.0  1.14076E-01  2.066E+04  1.1153E+02  9.4542E+03  1.0043E+00  3.8484E+00  3.2759E-01  6.6578E+01  7.4414E-10
 -0.6000     15.4  1.03542E-01  2.066E+04  9.8804E+01  9.4532E+03  9.2897E-01  3.8389E+00  3.3713E-01  2.8734E+01  7.4280E-10
 -0.7000     19.7  9.54738E-02  2.066E+04  8.5197E+01  9.0438E+03  9.3539E-01  3.8295E+00  3.1763E-01  7.3203E+00  8.0047E-10
 -0.8000     23.9  9.14278E-02  2.066E+04  7.1644E+01  8.3438E+03  9.9863E-01  3.8200E+00  2.6663E-01  4.7656E-01  8.7090E-10
 -0.9000     27.2  8.81639E-02  2.066E+04  5.9085E+01  7.4708E+03  1.0937E+00  3.8105E+00  1.9629E-01  2.8633E+00  9.0145E-10
 -1.0000     28.7  8.16770E-02  2.066E+04  4.8458E+01  6.5428E+03  1.1958E+00  3.8011E+00  1.2129E-01  5.6562E+00  8.5419E-10
 -1.1000     27.9  7.02677E-02  2.066E+04  4.0441E+01  5.6772E+03  1.2842E+00  3.7916E+00  5.0934E-02  9.8203E+00  7.2914E-10
 -1.2000     25.1  5.62382E-02  2.066E+04  3.4668E+01  4.9918E+03  1.3566E+00  3.7821E+00  1.1841E-02  1.3746E+01  5.6571E-10
 -1.3000     21.3  4.22409E-02  2.066E+04  3.0511E+01  4.6045E+03  1.4147E+00  3.7727E+00  6.7169E-02  1.5998E+01  4.0478E-10
 -1.4000     17.1  3.01622E-02  2.066E+04  2.7344E+01  4.6007E+03  1.4607E+00  3.7632E+00  1.1372E-01  1.6734E+01  2.6967E-10
 -1.5000     13.4  2.10322E-02  2.066E+04  2.4539E+01  4.9374E+03  1.4963E+00  3.7537E+00  1.4926E-01  1.6893E+01  1.6922E-10
 -1.6000     10.8  1.52669E-02  2.066E+04  2.1468E+01  5.5393E+03  1.5235E+00  3.7443E+00  1.7325E-01  1.7182E+01  1.0508E-10
 -1.7000     10.0  1.27244E-02  2.066E+04  1.7860E+01  6.3314E+03  1.5445E+00  3.7348E+00  1.8813E-01  1.7875E+01  7.4742E-11
 -1.8000     10.9  1.24457E-02  2.066E+04  1.4863E+01  7.2383E+03  1.5617E+00  3.7253E+00  1.9727E-01  1.9062E+01  6.7551E-11
 -1.9000     13.3  1.35997E-02  2.066E+04  1.3981E+01  8.1849E+03  1.5780E+00  3.7159E+00  2.0255E-01  2.0928E+01  7.3694E-11
 -2.0000     17.0  1.55483E-02  2.066E+04  1.6717E+01  9.0959E+03  1.5961E+00  3.7064E+00  2.0325E-01  2.3747E+01  8.4938E-11
 -2.1000     21.7  1.77615E-02  2.066E+04  2.4574E+01  9.8962E+03  1.6188E+00  3.6969E+00  1.9836E-01  2.7576E+01  9.5202E-11
 -2.2000     27.3  1.97624E-02  2.066E+04  3.9057E+01  1.0510E+04  1.6488E+00  3.6875E+00  1.9150E-01  3.1847E+01  1.0167E-10
 -2.3000     33.5  2.10200E-02  2.066E+04  6.0779E+01  1.0898E+04  1.6904E+00  3.6780E+00  1.9748E-01  3.5118E+01  1.0521E-10
 -2.4000     39.6  2.12210E-02  2.066E+04  8.6797E+01  1.1158E+04  1.7533E+00  3.6685E+00  2.3868E-01  3.5901E+01  1.0849E-10
 -2.5000     45.2  2.05495E-02  2.066E+04  1.1328E+02  1.1421E+04  1.8490E+00  3.6591E+00  3.3160E-01  3.3780E+01  1.1203E-10
 -2.6000     49.4  1.95520E-02  2.066E+04  1.3639E+02  1.1822E+04  1.9887E+00  3.6496E+00  4.7491E-01  2.9648E+01  1.1409E-10
 -2.7000     51.8  1.83569E-02  2.066E+04  1.5230E+02  1.2493E+04  2.1838E+00  3.6401E+00  6.4999E-01  2.4994E+01  1.1019E-10
 -2.8000     51.6  1.63266E-02  2.066E+04  1.5718E+02  1.3566E+04  2.4456E+00  3.6307E+00  8.3701E-01  2.0727E+01  9.9535E-11
 -2.9000     48.7  1.31856E-02  2.066E+04  1.4915E+02  1.5175E+04  2.7901E+00  3.6212E+00  1.0299E+00  1.6796E+01  8.4399E-11
 -3.0000     44.1  9.91768E-03  2.066E+04  1.3421E+02  1.7452E+04  3.2525E+00  3.6117E+00  1.2309E+00  1.2901E+01  7.0564E-11
 -3.1000     39.5  7.52947E-03  2.066E+04  1.2028E+02  2.0529E+04  3.8728E+00  3.6023E+00  1.4319E+00  9.2659E+00  6.0726E-11
 -3.2000     36.3  6.20387E-03  2.066E+04  1.1533E+02  2.4541E+04  4.6908E+00  3.5928E+00  1.6157E+00  6.4119E+00  5.5236E-11
 -3.3000     36.1  5.75218E-03  2.066E+04  1.2729E+02  2.9619E+04  5.7465E+00  3.5833E+00  1.7701E+00  4.6272E+00  5.4301E-11
 -3.4000     40.5  6.04248E-03  2.066E+04  1.6411E+02  3.5895E+04  7.0797E+00  3.5739E+00  1.8929E+00  3.9451E+00  5.8257E-11
 -3.5000     50.9  7.05003E-03  2.066E+04  2.3373E+02  4.3504E+04  8.7304E+00  3.5644E+00  1.9801E+00  4.4365E+00  6.6692E-11
 -3.6000     68.9  8.63232E-03  2.066E+04  3.4411E+02  5.2578E+04  1.0738E+01  3.5549E+00  2.0285E+00  6.1375E+00  7.7834E-11
 -3.7000     96.1  1.05679E-02  2.066E+04  5.0318E+02  6.3249E+04  1.3144E+01  3.5454E+00  2.0665E+00  8.5731E+00  9.1068E-11
 -3.8000    134.0  1.23134E-02  2.066E+04  7.1890E+02  7.5650E+04  1.5986E+01  3.5360E+00  2.2207E+00  1.0223E+01  1.0880E-10
 -3.9000    184.0  1.27808E-02  2.066E+04  9.9920E+02  8.9914E+04  1.9306E+01  3.5265E+00  2.8181E+00  8.2922E+00  1.3740E-10
 -4.0000    247.9  1.18586E-02  2.066E+04  1.3520E+03  1.0617E+05  2.3143E+01  3.5170E+00  4.4202E+00  0.0000E+00  1.7996E-10
