   0.00000000       2.43936777E-02   0.00000000    
  0.0000    861.6  1.40564E+04  0.000E+00  4.4286E+02  8.2969E+04  1.0299E+01  1.8460E+01  1.6972E+01  3.7712E+04  7.8001E-08
  0.0000    810.0  1.07802E+04  0.000E+00  4.4286E+02  8.2969E+04  1.0299E+01  1.8460E+01  1.6567E+01  3.7093E+04  8.1173E-08
  0.0000    758.6  7.71483E+03  0.000E+00  4.4286E+02  8.2969E+04  1.0299E+01  1.8460E+01  1.6047E+01  3.6267E+04  8.3885E-08
  0.0000    707.6  5.25186E+03  0.000E+00  4.4286E+02  8.2969E+04  1.0299E+01  1.8460E+01  1.5414E+01  3.5212E+04  8.5987E-08
  0.0000    657.2  3.44466E+03  0.000E+00  4.4286E+02  8.2969E+04  1.0299E+01  1.8460E+01  1.4684E+01  3.3924E+04  8.7346E-08
  0.0000    607.4  2.19613E+03  0.000E+00  4.4286E+02  8.2969E+04  1.0299E+01  1.8460E+01  1.3874E+01  3.2408E+04  8.7849E-08
  0.0000    558.5  1.34392E+03  0.000E+00  4.4286E+02  8.2969E+04  1.0299E+01  1.8460E+01  1.2989E+01  3.0657E+04  8.7632E-08
  0.0000    510.6  7.70765E+02  0.000E+00  4.4286E+02  8.2969E+04  1.0299E+01  1.8460E+01  1.2000E+01  2.8603E+04  8.6750E-08
  0.0000    463.7  4.14149E+02  0.000E+00  4.4286E+02  8.2969E+04  1.0299E+01  1.8460E+01  1.0837E+01  2.6106E+04  8.4650E-08
  0.0000    418.2  2.08854E+02  0.000E+00  4.4286E+02  8.2969E+04  1.0299E+01  1.8460E+01  9.4019E+00  2.2973E+04  8.0523E-08
  0.0000    374.0  9.60738E+01  0.000E+00  4.4286E+02  8.2969E+04  1.0299E+01  1.8460E+01  7.5485E+00  1.8937E+04  7.3506E-08
  0.0000    331.4  4.22904E+01  0.000E+00  4.4286E+02  8.2969E+04  1.0299E+01  1.8460E+01  5.2175E+00  1.3937E+04  6.2246E-08
  0.0000    290.4  1.79207E+01  0.000E+00  4.4286E+02  8.2969E+04  1.0299E+01  1.8460E+01  2.7198E+00  8.6457E+03  4.7895E-08
  0.0000    251.3  7.54327E+00  0.000E+00  4.4286E+02  8.2969E+04  1.0299E+01  1.8460E+01  8.0169E-01  4.4346E+03  3.4163E-08
  0.0000    214.1  3.38895E+00  0.000E+00  4.4286E+02  8.2969E+04  1.0299E+01  1.8460E+01  0.0000E+00  2.1563E+03  2.4440E-08
  0.0000    179.0  1.81587E+00  0.000E+00  4.4286E+02  8.2969E+04  1.0299E+01  1.8460E+01  7.6830E-02  1.3384E+03  1.8508E-08
  0.0000    146.2  1.13459E+00  0.000E+00  4.4286E+02  8.2969E+04  1.0299E+01  1.8460E+01  4.9031E-01  1.1145E+03  1.4506E-08
  0.0000    115.8  7.48830E-01  0.000E+00  4.4286E+02  8.2969E+04  1.0299E+01  1.8460E+01  9.3752E-01  1.0421E+03  1.1364E-08
  0.0000     87.9  4.83677E-01  0.000E+00  4.4286E+02  8.2969E+04  1.0299E+01  1.8460E+01  1.3416E+00  1.0073E+03  8.7981E-09
  0.0000     62.6  2.87462E-01  0.000E+00  4.4286E+02  8.2969E+04  1.0299E+01  1.8460E+01  1.7152E+00  1.0028E+03  6.8213E-09
  0.0000     40.2  1.41198E-01  0.000E+00  4.4286E+02  8.2969E+04  1.0299E+01  1.8460E+01  2.0901E+00  1.0344E+03  5.4221E-09
  0.0000     20.7  3.40858E-02  0.000E+00  4.4286E+02  8.2969E+04  1.0299E+01  1.8460E+01  2.4964E+00  1.1018E+03  4.5461E-09
  0.0000      4.4  4.29609E-02  0.000E+00  4.4286E+02  8.2969E+04  1.0299E+01  1.8460E+01  2.9629E+00  1.2006E+03  4.1021E-09
  0.0000      8.8  9.66403E-02  0.000E+00  4.4286E+02  8.2969E+04  1.0299E+01  1.8460E+01  3.5174E+00  1.3241E+03  4.0085E-09
  0.0000     18.5  1.32616E-01  0.000E+00  4.4286E+02  8.2969E+04  1.0299E+01  1.8460E+01  4.1873E+00  1.4654E+03  4.1826E-09
  0.0000     24.8  1.54944E-01  0.000E+00  4.4286E+02  8.2969E+04  1.0299E+01  1.8460E+01  5.0053E+00  1.6199E+03  4.5626E-09
  0.0000     27.4  1.68746E-01  0.000E+00  4.4286E+02  8.2969E+04  1.0299E+01  1.8460E+01  6.0154E+00  1.7865E+03  5.0914E-09
  0.0000     26.2  1.77751E-01  0.000E+00  4.4286E+02  8.2969E+04  1.0299E+01  1.8460E+01  7.2773E+00  1.9669E+03  5.7360E-09
  0.0000     21.0  1.83991E-01  0.000E+00  4.4286E+02  8.2969E+04  1.0299E+01  1.8460E+01  8.8673E+00  2.1646E+03  6.4824E-09
  0.0000     11.7  1.87868E-01  0.000E+00  4.4286E+02  8.2969E+04  1.0299E+01  1.8460E+01  1.0872E+01  2.3824E+03  7.3258E-09
  0.0000      1.7  1.90038E-01  0.000E+00  4.4286E+02  8.2969E+04  1.0299E+01  1.8460E+01  1.3380E+01  2.6212E+03  8.2499E-09
  0.0000     19.6  1.90072E-01  0.000E+00  4.4286E+02  8.2969E+04  1.0299E+01  1.8460E+01  1.6475E+01  2.8789E+03  9.2313E-09
  0.0000     41.9  1.85765E-01  0.000E+00  4.4286E+02  8.2969E+04  1.0299E+01  1.8460E+01  2.0212E+01  3.1495E+03  1.0246E-08
  0.0000     68.9  1.75945E-01  0.000E+00  4.4286E+02  8.2969E+04  1.0299E+01  1.8460E+01  2.4616E+01  3.4259E+03  1.1295E-08
  0.0000    100.7  1.63649E-01  0.000E+00  4.4286E+02  8.2969E+04  1.0299E+01  1.8460E+01  2.9697E+01  3.7035E+03  1.2377E-08
  0.0000    137.4  1.53939E-01  0.000E+00  4.4286E+02  8.2969E+04  1.0299E+01  1.8460E+01  3.5486E+01  3.9829E+03  1.3508E-08
  0.0000    179.2  1.51677E-01  0.000E+00  4.4286E+02  8.2969E+04  1.0299E+01  1.8460E+01  4.2046E+01  4.2696E+03  1.4726E-08
  0.0000    226.2  1.56518E-01  0.000E+00  4.4286E+02  8.2969E+04  1.0299E+01  1.8460E+01  4.9454E+01  4.5697E+03  1.6058E-08
  0.0000    278.6  1.65479E-01  0.000E+00  4.4286E+02  8.2969E+04  1.0299E+01  1.8460E+01  5.7774E+01  4.8876E+03  1.7567E-08
  0.0000    336.5  1.66224E-01  0.000E+00  4.4286E+02  8.2969E+04  1.0299E+01  1.8460E+01  6.6998E+01  5.2223E+03  1.9292E-08
  0.0000    400.0  1.39126E-01  0.000E+00  4.4286E+02  8.2969E+04  1.0299E+01  1.8460E+01  7.6942E+01  5.5610E+03  2.1299E-08
  0.0000    469.3  7.50878E-02  0.000E+00  4.4286E+02  8.2969E+04  1.0299E+01  1.8460E+01  8.7183E+01  5.8784E+03  2.3510E-08
  0.0000    544.5  1.71998E-02  0.000E+00  4.4286E+02  8.2969E+04  1.0299E+01  1.8460E+01  9.7134E+01  6.1412E+03  2.5924E-08
  0.0000    625.8  9.86723E-02  0.000E+00  4.4286E+02  8.2969E+04  1.0299E+01  1.8460E+01  1.0624E+02  6.3170E+03  2.8484E-08
  0.0000    713.3  1.29915E-01  0.000E+00  4.4286E+02  8.2969E+04  1.0299E+01  1.8460E+01  1.1423E+02  6.3827E+03  3.1255E-08
  0.0000    807.2  1.03131E-01  0.000E+00  4.4286E+02  8.2969E+04  1.0299E+01  1.8460E+01  1.2146E+02  6.3493E+03  3.4456E-08
  0.0000    907.5  5.68700E-02  0.000E+00  4.4286E+02  8.2969E+04  1.0299E+01  1.8460E+01  1.2863E+02  6.1893E+03  3.8189E-08
  0.0000   1014.4  3.22150E-02  0.000E+00  4.4286E+02  8.2969E+04  1.0299E+01  1.8460E+01  1.3335E+02  5.4097E+03  3.8436E-08
  0.0000   1128.2  4.20026E-02  0.000E+00  4.4286E+02  8.2969E+04  1.0299E+01  1.8460E+01  1.3492E+02  4.2001E+03  3.0430E-08
  0.0000   1248.8  5.31936E-02  0.000E+00  4.4286E+02  8.2969E+04  1.0299E+01  1.8460E+01  1.3515E+02  3.1795E+03  2.3685E-08
  0.0000   1376.5  6.43265E-02  0.000E+00  4.4286E+02  8.2969E+04  1.0299E+01  1.8460E+01  1.3385E+02  2.3176E+03  1.7993E-08
  0.0000   1511.4  7.35248E-02  0.000E+00  4.4286E+02  8.2969E+04  1.0299E+01  1.8460E+01  1.3084E+02  1.5902E+03  1.3181E-08
  0.0000   1653.7  7.94423E-02  0.000E+00  4.4286E+02  8.2969E+04  1.0299E+01  1.8460E+01  1.2581E+02  9.7590E+02  9.0939E-09
  0.0000   1803.4  8.10650E-02  0.000E+00  4.4286E+02  8.2969E+04  1.0299E+01  1.8460E+01  1.1769E+02  4.5429E+02  5.5833E-09
  0.0000   1960.7  7.88250E-02  0.000E+00  4.4286E+02  8.2969E+04  1.0299E+01  1.8460E+01  1.0244E+02  0.0000E+00  2.4757E-09
