  0.233368039       1.56912804E-02   0.00000000    
  1.4000     41.0  1.38333E+02  1.834E+04  6.4616E+01  1.6760E+04  2.2608E+00  3.0385E+00  3.6819E-01  6.4646E+03  1.2074E-08
  1.3000     41.8  1.27176E+02  1.834E+04  6.4616E+01  1.6760E+04  2.2608E+00  3.0385E+00  3.9215E-01  6.2973E+03  1.2023E-08
  1.2000     42.5  1.15792E+02  1.834E+04  6.4616E+01  1.6760E+04  2.2608E+00  3.0385E+00  4.1172E-01  6.1352E+03  1.1980E-08
  1.1000     43.2  1.04429E+02  1.834E+04  6.4616E+01  1.6760E+04  2.2608E+00  3.0385E+00  4.2789E-01  5.9785E+03  1.1947E-08
  1.0000     43.9  9.33088E+01  1.834E+04  6.4616E+01  1.6760E+04  2.2608E+00  3.0385E+00  4.4154E-01  5.8273E+03  1.1923E-08
  0.9000     44.6  8.26079E+01  1.834E+04  6.4616E+01  1.6760E+04  2.2608E+00  3.0385E+00  4.5197E-01  5.6807E+03  1.1908E-08
  0.8000     45.4  7.11776E+01  1.834E+04  6.4616E+01  1.6760E+04  2.2608E+00  3.0385E+00  4.5918E-01  5.5365E+03  1.1930E-08
  0.7000     46.1  5.83241E+01  1.834E+04  6.4616E+01  1.6760E+04  2.2608E+00  3.0385E+00  4.6288E-01  5.3891E+03  1.2013E-08
  0.6000     46.8  4.54931E+01  1.834E+04  6.4616E+01  1.6760E+04  2.2608E+00  3.0385E+00  4.6175E-01  5.2310E+03  1.2131E-08
  0.5000     47.5  3.38423E+01  1.834E+04  6.4616E+01  1.6760E+04  2.2608E+00  3.0385E+00  4.5280E-01  5.0533E+03  1.2252E-08
  0.4000     48.2  2.35075E+01  1.834E+04  6.4616E+01  1.6760E+04  2.2608E+00  3.0385E+00  4.2994E-01  4.8423E+03  1.2364E-08
  0.3000     49.0  1.59042E+01  1.834E+04  6.4616E+01  1.6760E+04  2.2608E+00  3.0385E+00  3.8391E-01  4.5818E+03  1.2346E-08
  0.2000     49.7  1.05898E+01  1.834E+04  6.4616E+01  1.6760E+04  2.2608E+00  3.0385E+00  3.0340E-01  4.2588E+03  1.2130E-08
  0.1000     50.4  7.10443E+00  1.834E+04  6.4616E+01  1.6760E+04  2.2608E+00  3.0385E+00  1.7767E-01  3.8665E+03  1.1648E-08
  0.0000     51.1  4.83171E+00  1.834E+04  6.4616E+01  1.6760E+04  2.2608E+00  3.0385E+00  0.0000E+00  3.4096E+03  1.0884E-08
 -0.1000     51.8  3.35875E+00  1.834E+04  6.4616E+01  1.6760E+04  2.2608E+00  3.0385E+00  2.2969E-01  2.9055E+03  9.8648E-09
 -0.2000     52.6  2.38290E+00  1.834E+04  6.4616E+01  1.6760E+04  2.2608E+00  3.0385E+00  5.0364E-01  2.3813E+03  8.6650E-09
 -0.3000     53.3  1.71920E+00  1.834E+04  6.4616E+01  1.6760E+04  2.2608E+00  3.0385E+00  8.0752E-01  1.8679E+03  7.3792E-09
 -0.4000     54.0  1.27087E+00  1.834E+04  6.4616E+01  1.6760E+04  2.2608E+00  3.0385E+00  1.1241E+00  1.3929E+03  6.0958E-09
 -0.5000     54.7  9.45225E-01  1.834E+04  6.4616E+01  1.6760E+04  2.2608E+00  3.0385E+00  1.4343E+00  9.7659E+02  4.9032E-09
 -0.6000     55.4  7.00712E-01  1.834E+04  6.4616E+01  1.6760E+04  2.2608E+00  3.0385E+00  1.7158E+00  6.3212E+02  3.8598E-09
 -0.7000     56.2  5.12338E-01  1.834E+04  6.4616E+01  1.6760E+04  2.2608E+00  3.0385E+00  1.9409E+00  3.6752E+02  3.0078E-09
 -0.8000     56.9  3.82862E-01  1.834E+04  6.4616E+01  1.6760E+04  2.2608E+00  3.0385E+00  2.0921E+00  1.8032E+02  2.3465E-09
 -0.9000     57.6  2.94742E-01  1.834E+04  6.4616E+01  1.6760E+04  2.2608E+00  3.0385E+00  2.1710E+00  5.6449E+01  1.8523E-09
 -1.0000     58.3  2.34613E-01  1.834E+04  6.4616E+01  1.6760E+04  2.2608E+00  3.0385E+00  2.1889E+00  2.1129E+01  1.4874E-09
 -1.1000     59.0  1.89064E-01  1.834E+04  6.4616E+01  1.6760E+04  2.2608E+00  3.0385E+00  2.1548E+00  6.5801E+01  1.2253E-09
 -1.2000     59.8  1.57448E-01  1.834E+04  6.4616E+01  1.6760E+04  2.2608E+00  3.0385E+00  2.0789E+00  8.8270E+01  1.0326E-09
 -1.3000     60.5  1.34506E-01  1.834E+04  6.4616E+01  1.6760E+04  2.2608E+00  3.0385E+00  1.9761E+00  9.8104E+01  8.8335E-10
 -1.4000     61.2  1.16471E-01  1.834E+04  6.4616E+01  1.6760E+04  2.2608E+00  3.0385E+00  1.8564E+00  1.0101E+02  7.6342E-10
 -1.5000     61.9  1.01581E-01  1.834E+04  6.4616E+01  1.6760E+04  2.2608E+00  3.0385E+00  1.7251E+00  9.9924E+01  6.6565E-10
 -1.6000     62.6  8.94399E-02  1.834E+04  6.4616E+01  1.6760E+04  2.2608E+00  3.0385E+00  1.5861E+00  9.6668E+01  5.8227E-10
 -1.7000     63.3  7.93576E-02  1.834E+04  6.4616E+01  1.6760E+04  2.2608E+00  3.0385E+00  1.4430E+00  9.2484E+01  5.0773E-10
 -1.8000     64.1  7.06669E-02  1.834E+04  6.4616E+01  1.6760E+04  2.2608E+00  3.0385E+00  1.2969E+00  8.7828E+01  4.4064E-10
 -1.9000     64.8  6.29312E-02  1.834E+04  6.4616E+01  1.6760E+04  2.2608E+00  3.0385E+00  1.1473E+00  8.2844E+01  3.8268E-10
 -2.0000     65.5  5.60467E-02  1.834E+04  6.4616E+01  1.6760E+04  2.2608E+00  3.0385E+00  9.9435E-01  7.7689E+01  3.3262E-10
 -2.1000     66.2  4.99220E-02  1.834E+04  6.4616E+01  1.6760E+04  2.2608E+00  3.0385E+00  8.3820E-01  7.2498E+01  2.8932E-10
 -2.2000     66.9  4.44741E-02  1.834E+04  6.4616E+01  1.6760E+04  2.2608E+00  3.0385E+00  6.7889E-01  6.7375E+01  2.5179E-10
 -2.3000     67.7  3.95907E-02  1.834E+04  6.4616E+01  1.6760E+04  2.2608E+00  3.0385E+00  5.1547E-01  6.2308E+01  2.1881E-10
 -2.4000     68.4  3.52151E-02  1.834E+04  6.4616E+01  1.6760E+04  2.2608E+00  3.0385E+00  3.4631E-01  5.7261E+01  1.9080E-10
 -2.5000     69.1  3.12951E-02  1.834E+04  6.4616E+01  1.6760E+04  2.2608E+00  3.0385E+00  1.7059E-01  5.2269E+01  1.6716E-10
 -2.6000     69.8  2.78810E-02  1.834E+04  6.4616E+01  1.6760E+04  2.2608E+00  3.0385E+00  9.7656E-03  4.7525E+01  1.4780E-10
 -2.7000     70.5  2.48176E-02  1.834E+04  6.4616E+01  1.6760E+04  2.2608E+00  3.0385E+00  1.9308E-01  4.3141E+01  1.3033E-10
 -2.8000     71.3  2.20920E-02  1.834E+04  6.4616E+01  1.6760E+04  2.2608E+00  3.0385E+00  3.8052E-01  3.9053E+01  1.1513E-10
 -2.9000     72.0  1.96097E-02  1.834E+04  6.4616E+01  1.6760E+04  2.2608E+00  3.0385E+00  5.7401E-01  3.5196E+01  1.0174E-10
 -3.0000     72.7  1.73849E-02  1.834E+04  6.4616E+01  1.6760E+04  2.2608E+00  3.0385E+00  7.7621E-01  3.1492E+01  9.0553E-11
 -3.1000     73.4  1.53896E-02  1.834E+04  6.4616E+01  1.6760E+04  2.2608E+00  3.0385E+00  9.8880E-01  2.7939E+01  8.1312E-11
 -3.2000     74.1  1.35985E-02  1.834E+04  6.4616E+01  1.6760E+04  2.2608E+00  3.0385E+00  1.2141E+00  2.4527E+01  7.3800E-11
 -3.3000     74.9  1.19883E-02  1.834E+04  6.4616E+01  1.6760E+04  2.2608E+00  3.0385E+00  1.4545E+00  2.1247E+01  6.7833E-11
 -3.4000     75.6  1.05381E-02  1.834E+04  6.4616E+01  1.6760E+04  2.2608E+00  3.0385E+00  1.7138E+00  1.8085E+01  6.3261E-11
 -3.5000     76.3  9.27451E-03  1.834E+04  6.4616E+01  1.6760E+04  2.2608E+00  3.0385E+00  1.9933E+00  1.5075E+01  5.9988E-11
 -3.6000     77.0  8.09703E-03  1.834E+04  6.4616E+01  1.6760E+04  2.2608E+00  3.0385E+00  2.2979E+00  1.2200E+01  5.7499E-11
 -3.7000     77.7  6.98866E-03  1.834E+04  6.4616E+01  1.6760E+04  2.2608E+00  3.0385E+00  2.6409E+00  9.3462E+00  5.6086E-11
 -3.8000     78.5  5.93624E-03  1.834E+04  6.4616E+01  1.6760E+04  2.2608E+00  3.0385E+00  3.0411E+00  6.4083E+00  5.6017E-11
 -3.9000     79.2  4.96107E-03  1.834E+04  6.4616E+01  1.6760E+04  2.2608E+00  3.0385E+00  3.5214E+00  3.3232E+00  5.7570E-11
 -4.0000     79.9  3.98989E-03  1.834E+04  6.4616E+01  1.6760E+04  2.2608E+00  3.0385E+00  4.1188E+00  0.0000E+00  6.0659E-11
