   0.00000000       2.75615454E-02   0.00000000    
  0.0000    672.7  9.28038E+03  0.000E+00  4.5674E+02  8.0377E+04  9.3482E+00  4.7694E+01  1.5184E+01  3.6413E+04  7.5244E-08
  0.0000    633.4  6.77293E+03  0.000E+00  4.5674E+02  8.0377E+04  9.3482E+00  4.7694E+01  1.4735E+01  3.5648E+04  7.7879E-08
  0.0000    594.4  4.70362E+03  0.000E+00  4.5674E+02  8.0377E+04  9.3482E+00  4.7694E+01  1.4187E+01  3.4667E+04  7.9970E-08
  0.0000    556.0  3.15369E+03  0.000E+00  4.5674E+02  8.0377E+04  9.3482E+00  4.7694E+01  1.3551E+01  3.3468E+04  8.1394E-08
  0.0000    518.0  2.06180E+03  0.000E+00  4.5674E+02  8.0377E+04  9.3482E+00  4.7694E+01  1.2847E+01  3.2059E+04  8.2054E-08
  0.0000    480.6  1.32386E+03  0.000E+00  4.5674E+02  8.0377E+04  9.3482E+00  4.7694E+01  1.2089E+01  3.0457E+04  8.1873E-08
  0.0000    444.0  8.22606E+02  0.000E+00  4.5674E+02  8.0377E+04  9.3482E+00  4.7694E+01  1.1275E+01  2.8656E+04  8.1004E-08
  0.0000    408.2  4.82448E+02  0.000E+00  4.5674E+02  8.0377E+04  9.3482E+00  4.7694E+01  1.0374E+01  2.6590E+04  7.9500E-08
  0.0000    373.3  2.67214E+02  0.000E+00  4.5674E+02  8.0377E+04  9.3482E+00  4.7694E+01  9.3238E+00  2.4138E+04  7.6872E-08
  0.0000    339.3  1.40297E+02  0.000E+00  4.5674E+02  8.0377E+04  9.3482E+00  4.7694E+01  8.0442E+00  2.1149E+04  7.2451E-08
  0.0000    306.5  6.79137E+01  0.000E+00  4.5674E+02  8.0377E+04  9.3482E+00  4.7694E+01  6.4335E+00  1.7444E+04  6.5648E-08
  0.0000    274.8  3.19273E+01  0.000E+00  4.5674E+02  8.0377E+04  9.3482E+00  4.7694E+01  4.4783E+00  1.3055E+04  5.5578E-08
  0.0000    244.4  1.47290E+01  0.000E+00  4.5674E+02  8.0377E+04  9.3482E+00  4.7694E+01  2.4382E+00  8.5589E+03  4.3388E-08
  0.0000    215.3  6.90597E+00  0.000E+00  4.5674E+02  8.0377E+04  9.3482E+00  4.7694E+01  8.2393E-01  4.9204E+03  3.1764E-08
  0.0000    187.7  3.43991E+00  0.000E+00  4.5674E+02  8.0377E+04  9.3482E+00  4.7694E+01  0.0000E+00  2.7142E+03  2.3058E-08
  0.0000    161.7  1.93011E+00  0.000E+00  4.5674E+02  8.0377E+04  9.3482E+00  4.7694E+01  1.2532E-01  1.6952E+03  1.7373E-08
  0.0000    137.2  1.20833E+00  0.000E+00  4.5674E+02  8.0377E+04  9.3482E+00  4.7694E+01  1.3488E-01  1.3114E+03  1.3638E-08
  0.0000    114.5  8.01269E-01  0.000E+00  4.5674E+02  8.0377E+04  9.3482E+00  4.7694E+01  5.5686E-01  1.1992E+03  1.1010E-08
  0.0000     93.7  5.37037E-01  0.000E+00  4.5674E+02  8.0377E+04  9.3482E+00  4.7694E+01  1.0460E+00  1.2017E+03  9.0835E-09
  0.0000     74.7  3.46355E-01  0.000E+00  4.5674E+02  8.0377E+04  9.3482E+00  4.7694E+01  1.5806E+00  1.2624E+03  7.7145E-09
  0.0000     57.7  2.03314E-01  0.000E+00  4.5674E+02  8.0377E+04  9.3482E+00  4.7694E+01  2.1704E+00  1.3610E+03  6.8104E-09
  0.0000     42.9  9.40886E-02  0.000E+00  4.5674E+02  8.0377E+04  9.3482E+00  4.7694E+01  2.8380E+00  1.4885E+03  6.2988E-09
  0.0000     30.2  1.08843E-02  0.000E+00  4.5674E+02  8.0377E+04  9.3482E+00  4.7694E+01  3.6150E+00  1.6397E+03  6.0950E-09
  0.0000     19.8  5.39160E-02  0.000E+00  4.5674E+02  8.0377E+04  9.3482E+00  4.7694E+01  4.5421E+00  1.8120E+03  6.1438E-09
  0.0000     11.7  1.06188E-01  0.000E+00  4.5674E+02  8.0377E+04  9.3482E+00  4.7694E+01  5.6725E+00  2.0047E+03  6.3993E-09
  0.0000      6.2  1.49745E-01  0.000E+00  4.5674E+02  8.0377E+04  9.3482E+00  4.7694E+01  7.0725E+00  2.2188E+03  6.8390E-09
  0.0000      3.1  1.87239E-01  0.000E+00  4.5674E+02  8.0377E+04  9.3482E+00  4.7694E+01  8.8163E+00  2.4544E+03  7.4173E-09
  0.0000      2.8  2.19272E-01  0.000E+00  4.5674E+02  8.0377E+04  9.3482E+00  4.7694E+01  1.0969E+01  2.7074E+03  8.0960E-09
  0.0000      5.2  2.43632E-01  0.000E+00  4.5674E+02  8.0377E+04  9.3482E+00  4.7694E+01  1.3570E+01  2.9698E+03  8.8396E-09
  0.0000     10.4  2.57046E-01  0.000E+00  4.5674E+02  8.0377E+04  9.3482E+00  4.7694E+01  1.6625E+01  3.2315E+03  9.6166E-09
  0.0000     18.5  2.58037E-01  0.000E+00  4.5674E+02  8.0377E+04  9.3482E+00  4.7694E+01  2.0105E+01  3.4825E+03  1.0386E-08
  0.0000     29.7  2.45347E-01  0.000E+00  4.5674E+02  8.0377E+04  9.3482E+00  4.7694E+01  2.3940E+01  3.7134E+03  1.1109E-08
  0.0000     43.9  2.17918E-01  0.000E+00  4.5674E+02  8.0377E+04  9.3482E+00  4.7694E+01  2.8023E+01  3.9165E+03  1.1766E-08
  0.0000     61.4  1.79299E-01  0.000E+00  4.5674E+02  8.0377E+04  9.3482E+00  4.7694E+01  3.2274E+01  4.0908E+03  1.2383E-08
  0.0000     82.1  1.38127E-01  0.000E+00  4.5674E+02  8.0377E+04  9.3482E+00  4.7694E+01  3.6676E+01  4.2417E+03  1.2986E-08
  0.0000    106.3  1.06276E-01  0.000E+00  4.5674E+02  8.0377E+04  9.3482E+00  4.7694E+01  4.1279E+01  4.3787E+03  1.3613E-08
  0.0000    133.9  9.63448E-02  0.000E+00  4.5674E+02  8.0377E+04  9.3482E+00  4.7694E+01  4.6211E+01  4.5152E+03  1.4318E-08
  0.0000    165.1  1.12933E-01  0.000E+00  4.5674E+02  8.0377E+04  9.3482E+00  4.7694E+01  5.1661E+01  4.6676E+03  1.5154E-08
  0.0000    199.9  1.56843E-01  0.000E+00  4.5674E+02  8.0377E+04  9.3482E+00  4.7694E+01  5.7867E+01  4.8549E+03  1.6219E-08
  0.0000    238.5  2.06169E-01  0.000E+00  4.5674E+02  8.0377E+04  9.3482E+00  4.7694E+01  6.5004E+01  5.0906E+03  1.7602E-08
  0.0000    280.9  2.18274E-01  0.000E+00  4.5674E+02  8.0377E+04  9.3482E+00  4.7694E+01  7.2912E+01  5.3653E+03  1.9384E-08
  0.0000    327.3  1.58749E-01  0.000E+00  4.5674E+02  8.0377E+04  9.3482E+00  4.7694E+01  8.0936E+01  5.6395E+03  2.1469E-08
  0.0000    377.7  4.41150E-02  0.000E+00  4.5674E+02  8.0377E+04  9.3482E+00  4.7694E+01  8.8264E+01  5.8645E+03  2.3825E-08
  0.0000    432.3  6.03947E-02  0.000E+00  4.5674E+02  8.0377E+04  9.3482E+00  4.7694E+01  9.4454E+01  6.0070E+03  2.6422E-08
  0.0000    491.0  8.73501E-02  0.000E+00  4.5674E+02  8.0377E+04  9.3482E+00  4.7694E+01  9.9635E+01  6.0532E+03  2.9402E-08
  0.0000    554.1  4.47931E-02  0.000E+00  4.5674E+02  8.0377E+04  9.3482E+00  4.7694E+01  1.0484E+02  6.0402E+03  3.3180E-08
  0.0000    621.5  1.30987E-02  0.000E+00  4.5674E+02  8.0377E+04  9.3482E+00  4.7694E+01  1.1081E+02  5.8780E+03  3.7693E-08
  0.0000    693.5  1.15003E-02  0.000E+00  4.5674E+02  8.0377E+04  9.3482E+00  4.7694E+01  1.1439E+02  5.0851E+03  3.6243E-08
  0.0000    770.0  1.34421E-02  0.000E+00  4.5674E+02  8.0377E+04  9.3482E+00  4.7694E+01  1.1534E+02  3.9228E+03  2.8496E-08
  0.0000    851.2  1.61474E-02  0.000E+00  4.5674E+02  8.0377E+04  9.3482E+00  4.7694E+01  1.1625E+02  2.9755E+03  2.2118E-08
  0.0000    937.2  1.97752E-02  0.000E+00  4.5674E+02  8.0377E+04  9.3482E+00  4.7694E+01  1.1653E+02  2.1895E+03  1.6791E-08
  0.0000   1028.0  2.43159E-02  0.000E+00  4.5674E+02  8.0377E+04  9.3482E+00  4.7694E+01  1.1537E+02  1.5249E+03  1.2276E-08
  0.0000   1123.8  2.95382E-02  0.000E+00  4.5674E+02  8.0377E+04  9.3482E+00  4.7694E+01  1.1170E+02  9.5325E+02  8.3976E-09
  0.0000   1224.6  3.49578E-02  0.000E+00  4.5674E+02  8.0377E+04  9.3482E+00  4.7694E+01  1.0372E+02  4.5260E+02  5.0102E-09
  0.0000   1330.6  3.98952E-02  0.000E+00  4.5674E+02  8.0377E+04  9.3482E+00  4.7694E+01  8.6697E+01  0.0000E+00  1.9592E-09
