 --------------------------------------------------------------------------------                                        
  it  DE     s/n      chi**2    Mac1   Mac2   mic1   mic2   fill2 Ic1/Ic2 stray 
   0       7.13E+00  3.085E+03
   1  -3.  2.02E+01  5.099E+02  1.500  0.000  0.300  0.000  0.000 -1.000   0.000
   2  -4.  2.88E+01  2.457E+02  2.250  0.000  0.450  0.000  0.000 -1.000   0.000
   3  -5.  4.29E+01  1.436E+02  1.600  0.000  0.675  0.000  0.000 -1.000   0.000
   4  -5.  5.77E+01  6.255E+01  1.043  0.000  1.012  0.000  0.000 -1.000   0.000
   5  -6.  8.78E+01  4.426E+01  1.068  0.000  1.310  0.000  0.000 -1.000   0.000
   6  -6.  8.91E+01  4.401E+01  1.058  0.000  1.358  0.000  0.000 -1.000   0.000
   7  -6.  8.96E+01  4.401E+01  1.067  0.000  1.361  0.000  0.000 -1.000   0.000
   8  -7.  8.97E+01  4.401E+01  1.066  0.000  1.365  0.000  0.000 -1.000   0.000
   9  -7.  8.97E+01  4.401E+01  1.067  0.000  1.365  0.000  0.000 -1.000   0.000
  10  -7.  8.97E+01  4.401E+01  1.067  0.000  1.365  0.000  0.000 -1.000   0.000
  it  DE     s/n      chi**2    Mac1   Mac2   mic1   mic2   fill2 Ic1/Ic2 stray 
   0       8.97E+01  7.658E+01
   1  -3.  8.01E+01  6.678E+01  1.007  0.000  1.608  0.000  0.000 -1.000   0.000
   2  -4.  8.07E+01  6.659E+01  1.019  0.000  1.591  0.000  0.000 -1.000   0.000
   3  -5.  8.05E+01  6.659E+01  1.023  0.000  1.594  0.000  0.000 -1.000   0.000
   4  -5.  8.05E+01  6.659E+01  1.022  0.000  1.595  0.000  0.000 -1.000   0.000
   5  -6.  8.05E+01  6.659E+01  1.022  0.000  1.594  0.000  0.000 -1.000   0.000
   6  -6.  8.05E+01  6.659E+01  1.022  0.000  1.595  0.000  0.000 -1.000   0.000
   7  -6.  8.05E+01  6.659E+01  1.022  0.000  1.595  0.000  0.000 -1.000   0.000
   8  -1.  8.05E+01  6.659E+01  1.022  0.000  1.595  0.000  0.000 -1.000   0.000
   9  -1.  8.05E+01  6.659E+01  1.022  0.000  1.595  0.000  0.000 -1.000   0.000
  it  DE     s/n      chi**2    Mac1   Mac2   mic1   mic2   fill2 Ic1/Ic2 stray 
   0       8.05E+01  4.811E+02
   1  -3.  6.71E+01  4.532E+02  0.955  0.000  1.918  0.000  0.000 -1.000   0.000
   2  -4.  6.78E+01  4.511E+02  1.076  0.000  1.822  0.000  0.000 -1.000   0.000
   3  -5.  6.72E+01  4.510E+02  1.053  0.000  1.838  0.000  0.000 -1.000   0.000
   4  -5.  6.73E+01  4.510E+02  1.059  0.000  1.830  0.000  0.000 -1.000   0.000
   5  -6.  6.72E+01  4.510E+02  1.058  0.000  1.831  0.000  0.000 -1.000   0.000
   6  -1.  6.72E+01  4.510E+02  1.058  0.000  1.831  0.000  0.000 -1.000   0.000
   7   2.  6.72E+01  4.510E+02  1.058  0.000  1.831  0.000  0.000 -1.000   0.000
  it  DE     s/n      chi**2    Mac1   Mac2   mic1   mic2   fill2 Ic1/Ic2 stray 
   0       6.72E+01  4.520E+02
   1  -1.  6.75E+01  4.513E+02  1.064  0.000  1.834  0.000  0.000 -1.000   0.000
   2  -2.  6.96E+01  4.453E+02  1.143  0.000  1.832  0.000  0.000 -1.000   0.000
   3  -1.  6.97E+01  4.424E+02  1.139  0.000  1.833  0.000  0.000 -1.000   0.000
   4  -2.  6.99E+01  4.444E+02  1.140  0.000  1.837  0.000  0.000 -1.000   0.000
   5  -1.  7.01E+01  4.427E+02  1.147  0.000  1.838  0.000  0.000 -1.000   0.000
   6  -1.  7.02E+01  4.440E+02  1.154  0.000  1.841  0.000  0.000 -1.000   0.000
   7  -1.  7.08E+01  4.411E+02  1.164  0.000  1.831  0.000  0.000 -1.000   0.000
   8  -1.  7.08E+01  4.413E+02  1.171  0.000  1.833  0.000  0.000 -1.000   0.000
   9  -1.  7.10E+01  4.414E+02  1.179  0.000  1.831  0.000  0.000 -1.000   0.000
  10  -1.  7.16E+01  4.394E+02  1.187  0.000  1.820  0.000  0.000 -1.000   0.000
  11  -1.  7.17E+01  4.385E+02  1.195  0.000  1.818  0.000  0.000 -1.000   0.000
  12  -1.  7.19E+01  4.375E+02  1.202  0.000  1.817  0.000  0.000 -1.000   0.000
  13  -1.  7.20E+01  4.356E+02  1.210  0.000  1.814  0.000  0.000 -1.000   0.000
  14  -1.  7.21E+01  4.357E+02  1.216  0.000  1.816  0.000  0.000 -1.000   0.000
  15  -1.  7.34E+01  4.308E+02  1.221  0.000  1.814  0.000  0.000 -1.000   0.000
  16  -1.  7.31E+01  4.330E+02  1.223  0.000  1.807  0.000  0.000 -1.000   0.000
  17  -1.  7.39E+01  4.315E+02  1.229  0.000  1.778  0.000  0.000 -1.000   0.000
  18  -1.  7.38E+01  4.315E+02  1.232  0.000  1.766  0.000  0.000 -1.000   0.000
 --------------------------------------------------------------------------------                                        
  it  DE     s/n      chi**2    Mac1   Mac2   mic1   mic2   fill2 Ic1/Ic2 stray 
   0       7.95E+00  2.269E+03
   1  -3.  2.25E+01  4.245E+02  1.500  1.500  0.327  0.327  0.445 -1.000   0.000
   2  -4.  3.76E+01  2.221E+02  2.250  2.250  0.491  0.491  0.616 -1.000   0.000
   3  -1.  4.29E+01  1.621E+02  2.157  2.157  0.736  0.736  0.594 -1.000   0.000
   4  -2.  4.27E+01  8.314E+01  1.198  1.198  1.104  1.104  0.600 -1.000   0.000
   5  -1.  9.78E+01  3.313E+01  1.069  1.069  1.605  1.605  0.561 -1.000   0.000
   6  -2.  1.21E+02  3.034E+01  1.115  1.115  1.634  1.634  0.519 -1.000   0.000
   7  -1.  1.26E+02  3.000E+01  1.097  1.097  1.657  1.657  0.513 -1.000   0.000
   8  -2.  1.26E+02  2.959E+01  1.103  1.103  1.680  1.680  0.493 -1.000   0.000
   9  -1.  1.28E+02  2.946E+01  1.099  1.099  1.685  1.685  0.489 -1.000   0.000
  10  -2.  1.28E+02  2.913E+01  1.105  1.105  1.698  1.698  0.468 -1.000   0.000
  11  -1.  1.29E+02  2.906E+01  1.102  1.102  1.701  1.701  0.465 -1.000   0.000
  12  -2.  1.30E+02  2.882E+01  1.108  1.108  1.710  1.710  0.445 -1.000   0.000
  13  -1.  1.31E+02  2.879E+01  1.106  1.106  1.713  1.713  0.443 -1.000   0.000
  14  -2.  1.32E+02  2.864E+01  1.110  1.110  1.717  1.717  0.426 -1.000   0.000
  15  -3.  1.31E+02  2.861E+01  1.104  1.104  1.704  1.704  0.384 -1.000   0.000
  16  -4.  1.38E+02  2.841E+01  1.109  1.109  1.685  1.685  0.376 -1.000   0.000
  17  -5.  1.38E+02  2.840E+01  1.102  1.102  1.682  1.682  0.368 -1.000   0.000
  it  DE     s/n      chi**2    Mac1   Mac2   mic1   mic2   fill2 Ic1/Ic2 stray 
   0       1.39E+02  4.730E+01
  18  -5.  1.39E+02  2.840E+01  1.105  1.105  1.676  1.676  0.367 -1.000   0.000
   1  -1.  1.36E+02  4.534E+01  1.102  1.102  1.745  1.745  0.363 -1.000   0.000
   2  -2.  1.34E+02  4.455E+01  1.050  1.050  1.701  1.701  0.344 -1.000   0.000
   3  -1.  1.36E+02  4.375E+01  1.046  1.046  1.674  1.674  0.339 -1.000   0.000
   4  -2.  1.33E+02  4.318E+01  1.039  1.039  1.630  1.630  0.307 -1.000   0.000
   5  -1.  1.37E+02  4.252E+01  1.033  1.033  1.624  1.624  0.303 -1.000   0.000
   6  -2.  1.36E+02  4.171E+01  1.037  1.037  1.597  1.597  0.280 -1.000   0.000
   7  -1.  1.37E+02  4.104E+01  1.051  1.051  1.585  1.585  0.277 -1.000   0.000
   8  -2.  1.36E+02  4.030E+01  1.047  1.047  1.598  1.598  0.264 -1.000   0.000
   9  -1.  1.36E+02  4.005E+01  1.037  1.037  1.605  1.605  0.264 -1.000   0.000
  10  -2.  1.34E+02  3.986E+01  1.023  1.023  1.621  1.621  0.260 -1.000   0.000
  11  -3.  1.30E+02  3.981E+01  1.014  1.014  1.632  1.632  0.246 -1.000   0.000
  12  -2.  1.31E+02  3.979E+01  1.012  1.012  1.625  1.625  0.246 -1.000   0.000
  13  -1.  1.31E+02  3.978E+01  1.015  1.015  1.624  1.624  0.247 -1.000   0.000
  14  -2.  1.31E+02  3.978E+01  1.014  1.014  1.623  1.623  0.247 -1.000   0.000
  15  -1.  1.31E+02  3.975E+01  1.015  1.015  1.623  1.623  0.248 -1.000   0.000
  16  -2.  1.31E+02  3.975E+01  1.014  1.014  1.624  1.624  0.247 -1.000   0.000
  it  DE     s/n      chi**2    Mac1   Mac2   mic1   mic2   fill2 Ic1/Ic2 stray 
   0       1.32E+02  2.905E+02
  17  -3.  1.32E+02  3.974E+01  1.013  1.013  1.624  1.624  0.246 -1.000   0.000
   1  -1.  1.33E+02  2.853E+02  1.106  1.106  1.632  1.632  0.250 -1.000   0.000
   2  -2.  1.30E+02  2.843E+02  1.162  1.162  1.669  1.669  0.284 -1.000   0.000
   3  -1.  1.32E+02  2.820E+02  1.150  1.150  1.666  1.666  0.285 -1.000   0.000
   4  -2.  1.28E+02  2.817E+02  1.180  1.180  1.679  1.679  0.304 -1.000   0.000
   5  -1.  1.28E+02  2.810E+02  1.170  1.170  1.677  1.677  0.304 -1.000   0.000
   6  -1.  1.28E+02  2.809E+02  1.172  1.172  1.676  1.676  0.306 -1.000   0.000
   7  -1.  1.28E+02  2.809E+02  1.174  1.174  1.676  1.676  0.307 -1.000   0.000
   8  -1.  1.28E+02  2.808E+02  1.176  1.176  1.676  1.676  0.309 -1.000   0.000
   9  -1.  1.27E+02  2.808E+02  1.177  1.177  1.676  1.676  0.310 -1.000   0.000
  10  -1.  1.27E+02  2.808E+02  1.178  1.178  1.676  1.676  0.312 -1.000   0.000
  11  -1.  1.27E+02  2.807E+02  1.179  1.179  1.676  1.676  0.313 -1.000   0.000
  12  -1.  1.27E+02  2.807E+02  1.180  1.180  1.676  1.676  0.314 -1.000   0.000
  13  -1.  1.27E+02  2.807E+02  1.181  1.181  1.676  1.676  0.316 -1.000   0.000
  14  -1.  1.27E+02  2.806E+02  1.182  1.182  1.676  1.676  0.317 -1.000   0.000
  15  -1.  1.27E+02  2.806E+02  1.183  1.183  1.677  1.677  0.318 -1.000   0.000
  it  DE     s/n      chi**2    Mac1   Mac2   mic1   mic2   fill2 Ic1/Ic2 stray 
   0       1.27E+02  2.806E+02
  16  -1.  1.27E+02  2.806E+02  1.184  1.184  1.677  1.677  0.319 -1.000   0.000
   1  -3.  1.30E+02  2.802E+02  1.164  1.164  1.729  1.729  0.345 -1.000   0.000
   2  -2.  1.30E+02  2.669E+02  1.211  1.211  1.762  1.762  0.350 -1.000   0.000
   3  -1.  1.31E+02  2.639E+02  1.204  1.204  1.768  1.768  0.349 -1.000   0.000
   4  -2.  1.37E+02  2.613E+02  1.207  1.207  1.763  1.763  0.365 -1.000   0.000
   5  -1.  1.40E+02  2.554E+02  1.216  1.216  1.756  1.756  0.367 -1.000   0.000
   6  -1.  1.41E+02  2.492E+02  1.227  1.227  1.750  1.750  0.365 -1.000   0.000
   7  -2.  1.40E+02  2.528E+02  1.247  1.247  1.752  1.752  0.366 -1.000   0.000
   8   0.  1.44E+02  2.435E+02  1.251  1.251  1.739  1.739  0.367 -1.000   0.000
   9  -1.  1.47E+02  2.313E+02  1.272  1.272  1.705  1.705  0.363 -1.000   0.000
  10  -1.  1.47E+02  2.276E+02  1.297  1.297  1.654  1.654  0.357 -1.000   0.000
  11   0.  1.53E+02  2.147E+02  1.306  1.306  1.625  1.625  0.358 -1.000   0.000
  12   0.  1.49E+02  2.086E+02  1.314  1.314  1.594  1.594  0.358 -1.000   0.000
  13   0.  1.49E+02  2.054E+02  1.324  1.324  1.576  1.576  0.357 -1.000   0.000
  14   0.  1.50E+02  2.050E+02  1.333  1.333  1.565  1.565  0.356 -1.000   0.000
  15   0.  1.48E+02  1.980E+02  1.344  1.344  1.550  1.550  0.356 -1.000   0.000
  16   0.  1.50E+02  1.955E+02  1.353  1.353  1.538  1.538  0.356 -1.000   0.000
  17   0.  1.50E+02  1.893E+02  1.363  1.363  1.525  1.525  0.356 -1.000   0.000
  18   0.  1.53E+02  1.879E+02  1.371  1.371  1.513  1.513  0.355 -1.000   0.000
  19   0.  1.50E+02  1.800E+02  1.372  1.372  1.492  1.492  0.356 -1.000   0.000
  20   0.  1.58E+02  1.768E+02  1.378  1.378  1.472  1.472  0.356 -1.000   0.000
  21   0.  1.65E+02  1.739E+02  1.385  1.385  1.452  1.452  0.357 -1.000   0.000
  22   0.  1.69E+02  1.690E+02  1.392  1.392  1.432  1.432  0.357 -1.000   0.000
  23   0.  1.72E+02  1.663E+02  1.399  1.399  1.412  1.412  0.358 -1.000   0.000
  24  -1.  1.69E+02  1.516E+02  1.421  1.421  1.262  1.262  0.364 -1.000   0.000
  25  -1.  1.54E+02  1.487E+02  1.446  1.446  1.131  1.131  0.368 -1.000   0.000
  26  -1.  1.32E+02  1.377E+02  1.470  1.470  0.849  0.849  0.367 -1.000   0.000
  27  -1.  1.32E+02  1.106E+02  1.448  1.448  0.467  0.467  0.372 -1.000   0.000
  28  -1.  1.21E+02  1.057E+02  1.481  1.481  0.233  0.233  0.377 -1.000   0.000
  29  -1.  1.18E+02  1.043E+02  1.512  1.512  0.117  0.117  0.382 -1.000   0.000
