   1.47830009       0.00000000       1.48828316    
  1.4000     53.3  3.85891E+01  1.704E+07  3.7987E+02  1.4016E+05  8.8851E+00  4.3587E+01  4.2253E+00  2.5959E+04  6.4490E-08
  1.3000     56.5  3.41141E+01  1.704E+07  3.7987E+02  1.4016E+05  8.8851E+00  4.3587E+01  4.1033E+00  2.4660E+04  6.2973E-08
  1.2000     59.6  2.97821E+01  1.704E+07  3.7987E+02  1.4016E+05  8.8851E+00  4.3587E+01  4.0203E+00  2.3288E+04  6.1213E-08
  1.1000     62.8  2.56797E+01  1.704E+07  3.7987E+02  1.4016E+05  8.8851E+00  4.3587E+01  3.9787E+00  2.1846E+04  5.9202E-08
  1.0000     66.0  2.18651E+01  1.704E+07  3.7987E+02  1.4016E+05  8.8851E+00  4.3587E+01  3.9805E+00  2.0337E+04  5.6938E-08
  0.9000     69.2  1.83769E+01  1.704E+07  3.7987E+02  1.4016E+05  8.8851E+00  4.3587E+01  4.0264E+00  1.8772E+04  5.4426E-08
  0.8000     72.4  1.46951E+01  1.704E+07  3.7987E+02  1.4016E+05  8.8851E+00  4.3587E+01  4.1153E+00  1.7148E+04  5.1829E-08
  0.7000     75.6  1.06408E+01  1.704E+07  3.7987E+02  1.4016E+05  8.8851E+00  4.3587E+01  4.2377E+00  1.5452E+04  4.9248E-08
  0.6000     78.8  6.91596E+00  1.704E+07  3.7987E+02  1.4016E+05  8.8851E+00  4.3587E+01  4.3505E+00  1.3748E+04  4.6671E-08
  0.5000     81.9  3.95428E+00  1.704E+07  3.7987E+02  1.4016E+05  8.8851E+00  4.3587E+01  4.3329E+00  1.2300E+04  4.4643E-08
  0.4000     85.1  1.86614E+00  1.704E+07  3.7987E+02  1.4016E+05  8.8851E+00  4.3587E+01  3.9688E+00  1.1568E+04  4.4593E-08
  0.3000     88.3  9.60056E-01  1.704E+07  3.7987E+02  1.4016E+05  8.8851E+00  4.3587E+01  3.1692E+00  1.1690E+04  4.6841E-08
  0.2000     91.5  7.33544E-01  1.704E+07  3.7987E+02  1.4016E+05  8.8851E+00  4.3587E+01  2.1127E+00  1.2225E+04  5.0356E-08
  0.1000     94.7  7.18089E-01  1.704E+07  3.7987E+02  1.4016E+05  8.8851E+00  4.3587E+01  1.0206E+00  1.2686E+04  5.3588E-08
  0.0000     97.9  7.12330E-01  1.704E+07  3.7987E+02  1.4016E+05  8.8851E+00  4.3587E+01  0.0000E+00  1.2867E+04  5.5759E-08
 -0.1000    101.0  6.73265E-01  1.704E+07  3.7987E+02  1.4016E+05  8.8851E+00  4.3587E+01  9.2479E-01  1.2748E+04  5.6612E-08
 -0.2000    104.2  6.11249E-01  1.704E+07  3.7987E+02  1.4016E+05  8.8851E+00  4.3587E+01  1.7614E+00  1.2376E+04  5.6235E-08
 -0.3000    107.4  5.41892E-01  1.704E+07  3.7987E+02  1.4016E+05  8.8851E+00  4.3587E+01  2.5259E+00  1.1816E+04  5.4842E-08
 -0.4000    110.6  4.76710E-01  1.704E+07  3.7987E+02  1.4016E+05  8.8851E+00  4.3587E+01  3.2361E+00  1.1134E+04  5.2633E-08
 -0.5000    113.8  4.17158E-01  1.704E+07  3.7987E+02  1.4016E+05  8.8851E+00  4.3587E+01  3.9060E+00  1.0383E+04  4.9951E-08
 -0.6000    117.0  3.62666E-01  1.704E+07  3.7987E+02  1.4016E+05  8.8851E+00  4.3587E+01  4.5423E+00  9.5929E+03  4.6976E-08
 -0.7000    120.1  3.11417E-01  1.704E+07  3.7987E+02  1.4016E+05  8.8851E+00  4.3587E+01  5.1479E+00  8.7792E+03  4.3829E-08
 -0.8000    123.3  2.67655E-01  1.704E+07  3.7987E+02  1.4016E+05  8.8851E+00  4.3587E+01  5.7214E+00  7.9540E+03  4.0425E-08
 -0.9000    126.5  2.33288E-01  1.704E+07  3.7987E+02  1.4016E+05  8.8851E+00  4.3587E+01  6.2706E+00  7.1428E+03  3.6892E-08
 -1.0000    129.7  2.06183E-01  1.704E+07  3.7987E+02  1.4016E+05  8.8851E+00  4.3587E+01  6.8067E+00  6.3706E+03  3.3364E-08
 -1.1000    132.9  1.82251E-01  1.704E+07  3.7987E+02  1.4016E+05  8.8851E+00  4.3587E+01  7.3414E+00  5.6489E+03  3.0018E-08
 -1.2000    136.1  1.63107E-01  1.704E+07  3.7987E+02  1.4016E+05  8.8851E+00  4.3587E+01  7.8756E+00  4.9799E+03  2.6780E-08
 -1.3000    139.3  1.48822E-01  1.704E+07  3.7987E+02  1.4016E+05  8.8851E+00  4.3587E+01  8.3980E+00  4.3639E+03  2.3692E-08
 -1.4000    142.4  1.37045E-01  1.704E+07  3.7987E+02  1.4016E+05  8.8851E+00  4.3587E+01  8.9033E+00  3.8022E+03  2.0825E-08
 -1.5000    145.6  1.26006E-01  1.704E+07  3.7987E+02  1.4016E+05  8.8851E+00  4.3587E+01  9.3836E+00  3.2905E+03  1.8202E-08
 -1.6000    148.8  1.16905E-01  1.704E+07  3.7987E+02  1.4016E+05  8.8851E+00  4.3587E+01  9.8286E+00  2.8244E+03  1.5778E-08
 -1.7000    152.0  1.10532E-01  1.704E+07  3.7987E+02  1.4016E+05  8.8851E+00  4.3587E+01  1.0229E+01  2.4039E+03  1.3543E-08
 -1.8000    155.2  1.06278E-01  1.704E+07  3.7987E+02  1.4016E+05  8.8851E+00  4.3587E+01  1.0580E+01  2.0312E+03  1.1525E-08
 -1.9000    158.4  1.01779E-01  1.704E+07  3.7987E+02  1.4016E+05  8.8851E+00  4.3587E+01  1.0882E+01  1.7053E+03  9.7656E-09
 -2.0000    161.5  9.70702E-02  1.704E+07  3.7987E+02  1.4016E+05  8.8851E+00  4.3587E+01  1.1134E+01  1.4216E+03  8.2382E-09
 -2.1000    164.7  9.21888E-02  1.704E+07  3.7987E+02  1.4016E+05  8.8851E+00  4.3587E+01  1.1336E+01  1.1761E+03  6.9173E-09
 -2.2000    167.9  8.71709E-02  1.704E+07  3.7987E+02  1.4016E+05  8.8851E+00  4.3587E+01  1.1492E+01  9.6485E+02  5.7798E-09
 -2.3000    171.1  8.22437E-02  1.704E+07  3.7987E+02  1.4016E+05  8.8851E+00  4.3587E+01  1.1583E+01  7.8283E+02  4.7920E-09
 -2.4000    174.3  7.75070E-02  1.704E+07  3.7987E+02  1.4016E+05  8.8851E+00  4.3587E+01  1.1620E+01  6.2784E+02  3.9508E-09
 -2.5000    177.5  7.26044E-02  1.704E+07  3.7987E+02  1.4016E+05  8.8851E+00  4.3587E+01  1.1634E+01  4.9898E+02  3.2465E-09
 -2.6000    180.6  6.72070E-02  1.704E+07  3.7987E+02  1.4016E+05  8.8851E+00  4.3587E+01  1.1614E+01  3.9087E+02  2.6614E-09
 -2.7000    183.8  6.21644E-02  1.704E+07  3.7987E+02  1.4016E+05  8.8851E+00  4.3587E+01  1.1551E+01  2.9962E+02  2.1587E-09
 -2.8000    187.0  5.72384E-02  1.704E+07  3.7987E+02  1.4016E+05  8.8851E+00  4.3587E+01  1.1457E+01  2.2381E+02  1.7359E-09
 -2.9000    190.2  5.24965E-02  1.704E+07  3.7987E+02  1.4016E+05  8.8851E+00  4.3587E+01  1.1351E+01  1.6191E+02  1.3816E-09
 -3.0000    193.4  4.78269E-02  1.704E+07  3.7987E+02  1.4016E+05  8.8851E+00  4.3587E+01  1.1252E+01  1.1250E+02  1.0914E-09
 -3.1000    196.6  4.32767E-02  1.704E+07  3.7987E+02  1.4016E+05  8.8851E+00  4.3587E+01  1.1171E+01  7.3581E+01  8.5519E-10
 -3.2000    199.8  3.88706E-02  1.704E+07  3.7987E+02  1.4016E+05  8.8851E+00  4.3587E+01  1.1118E+01  4.3429E+01  6.6396E-10
 -3.3000    202.9  3.46305E-02  1.704E+07  3.7987E+02  1.4016E+05  8.8851E+00  4.3587E+01  1.1105E+01  2.0545E+01  5.1011E-10
 -3.4000    206.1  3.05668E-02  1.704E+07  3.7987E+02  1.4016E+05  8.8851E+00  4.3587E+01  1.1143E+01  3.6654E+00  3.8718E-10
 -3.5000    209.3  2.68131E-02  1.704E+07  3.7987E+02  1.4016E+05  8.8851E+00  4.3587E+01  1.1287E+01  7.6226E+00  2.9301E-10
 -3.6000    212.5  2.30161E-02  1.704E+07  3.7987E+02  1.4016E+05  8.8851E+00  4.3587E+01  1.1577E+01  1.4092E+01  2.2176E-10
 -3.7000    215.7  1.92433E-02  1.704E+07  3.7987E+02  1.4016E+05  8.8851E+00  4.3587E+01  1.2060E+01  1.6709E+01  1.6903E-10
 -3.8000    218.9  1.54402E-02  1.704E+07  3.7987E+02  1.4016E+05  8.8851E+00  4.3587E+01  1.2881E+01  1.5457E+01  1.3404E-10
 -3.9000    222.0  1.16362E-02  1.704E+07  3.7987E+02  1.4016E+05  8.8851E+00  4.3587E+01  1.4318E+01  1.0195E+01  1.1657E-10
 -4.0000    225.2  7.60635E-03  1.704E+07  3.7987E+02  1.4016E+05  8.8851E+00  4.3587E+01  1.7113E+01  0.0000E+00  1.1782E-10
