   1.01944542       0.00000000       1.03786850    
  1.4000    110.4  9.57247E+01  7.423E+02  8.0971E+02  2.9868E+05  1.6564E+01  1.4951E+01  2.0899E+00  2.7694E+04  7.8404E-08
  1.3000    106.0  7.48049E+01  7.423E+02  7.5932E+02  2.8119E+05  1.6647E+01  1.4951E+01  1.7069E+00  2.4427E+04  7.1235E-08
  1.2000    101.3  5.77868E+01  7.423E+02  7.1140E+02  2.6447E+05  1.6730E+01  1.4951E+01  1.3086E+00  2.1365E+04  6.4308E-08
  1.1000     96.5  4.41057E+01  7.423E+02  6.6593E+02  2.4851E+05  1.6813E+01  1.4951E+01  8.9772E-01  1.8500E+04  5.7623E-08
  1.0000     91.6  3.32384E+01  7.423E+02  6.2293E+02  2.3332E+05  1.6896E+01  1.4951E+01  4.7787E-01  1.5832E+04  5.1192E-08
  0.9000     86.6  2.47095E+01  7.423E+02  5.8239E+02  2.1890E+05  1.6979E+01  1.4951E+01  5.4214E-02  1.3364E+04  4.5042E-08
  0.8000     81.6  1.74577E+01  7.423E+02  5.4431E+02  2.0525E+05  1.7062E+01  1.4951E+01  3.6950E-01  1.1082E+04  3.9306E-08
  0.7000     76.6  1.11695E+01  7.423E+02  5.0869E+02  1.9236E+05  1.7145E+01  1.4951E+01  7.8593E-01  8.9595E+03  3.4009E-08
  0.6000     71.6  6.42521E+00  7.423E+02  4.7554E+02  1.8024E+05  1.7228E+01  1.4951E+01  1.1567E+00  7.0604E+03  2.9149E-08
  0.5000     66.8  3.28483E+00  7.423E+02  4.4484E+02  1.6889E+05  1.7311E+01  1.4951E+01  1.3827E+00  5.6131E+03  2.5247E-08
  0.4000     62.0  1.46457E+00  7.423E+02  4.1661E+02  1.5830E+05  1.7394E+01  1.4951E+01  1.3365E+00  4.8875E+03  2.3233E-08
  0.3000     57.5  7.75602E-01  7.423E+02  3.9084E+02  1.4849E+05  1.7477E+01  1.4951E+01  1.0342E+00  4.7899E+03  2.2898E-08
  0.2000     53.1  5.67074E-01  7.423E+02  3.6753E+02  1.3943E+05  1.7560E+01  1.4951E+01  6.4329E-01  4.8977E+03  2.3203E-08
  0.1000     49.0  4.74134E-01  7.423E+02  3.4668E+02  1.3115E+05  1.7642E+01  1.4951E+01  2.8791E-01  4.9271E+03  2.3247E-08
  0.0000     45.2  3.91080E-01  7.423E+02  3.2829E+02  1.2363E+05  1.7725E+01  1.4951E+01  0.0000E+00  4.8168E+03  2.2779E-08
 -0.1000     41.7  3.09178E-01  7.423E+02  3.1237E+02  1.1688E+05  1.7808E+01  1.4951E+01  2.3098E-01  4.5977E+03  2.1847E-08
 -0.2000     38.7  2.37298E-01  7.423E+02  2.9891E+02  1.1090E+05  1.7891E+01  1.4951E+01  4.2588E-01  4.3188E+03  2.0623E-08
 -0.3000     36.0  1.79739E-01  7.423E+02  2.8791E+02  1.0568E+05  1.7974E+01  1.4951E+01  6.0418E-01  4.0205E+03  1.9278E-08
 -0.4000     33.7  1.36823E-01  7.423E+02  2.7937E+02  1.0123E+05  1.8057E+01  1.4951E+01  7.8194E-01  3.7319E+03  1.7928E-08
 -0.5000     32.0  1.04892E-01  7.423E+02  2.7329E+02  9.7552E+04  1.8140E+01  1.4951E+01  9.7082E-01  3.4686E+03  1.6694E-08
 -0.6000     30.8  8.10738E-02  7.423E+02  2.6967E+02  9.4637E+04  1.8223E+01  1.4951E+01  1.1785E+00  3.2338E+03  1.5613E-08
 -0.7000     30.2  6.18110E-02  7.423E+02  2.6852E+02  9.2489E+04  1.8306E+01  1.4951E+01  1.4050E+00  3.0181E+03  1.4668E-08
 -0.8000     30.2  5.05108E-02  7.423E+02  2.6982E+02  9.1109E+04  1.8389E+01  1.4951E+01  1.6630E+00  2.8255E+03  1.3823E-08
 -0.9000     30.9  4.20712E-02  7.423E+02  2.7359E+02  9.0495E+04  1.8472E+01  1.4951E+01  1.9643E+00  2.6603E+03  1.3094E-08
 -1.0000     32.2  3.67224E-02  7.423E+02  2.7982E+02  9.0648E+04  1.8555E+01  1.4951E+01  2.3062E+00  2.5123E+03  1.2438E-08
 -1.1000     34.3  3.28114E-02  7.423E+02  2.8851E+02  9.1569E+04  1.8638E+01  1.4951E+01  2.6926E+00  2.3764E+03  1.1866E-08
 -1.2000     37.2  3.07886E-02  7.423E+02  2.9967E+02  9.3256E+04  1.8720E+01  1.4951E+01  3.1265E+00  2.2480E+03  1.1312E-08
 -1.3000     40.9  3.03064E-02  7.423E+02  3.1328E+02  9.5711E+04  1.8803E+01  1.4951E+01  3.6073E+00  2.1237E+03  1.0760E-08
 -1.4000     45.5  3.07268E-02  7.423E+02  3.2936E+02  9.8933E+04  1.8886E+01  1.4951E+01  4.1321E+00  2.0005E+03  1.0209E-08
 -1.5000     50.9  3.15084E-02  7.423E+02  3.4790E+02  1.0292E+05  1.8969E+01  1.4951E+01  4.6982E+00  1.8752E+03  9.6560E-09
 -1.6000     57.3  3.29511E-02  7.423E+02  3.6890E+02  1.0768E+05  1.9052E+01  1.4951E+01  5.2998E+00  1.7456E+03  9.0717E-09
 -1.7000     64.7  3.54642E-02  7.423E+02  3.9236E+02  1.1320E+05  1.9135E+01  1.4951E+01  5.9240E+00  1.6109E+03  8.4383E-09
 -1.8000     73.1  3.90647E-02  7.423E+02  4.1828E+02  1.1949E+05  1.9218E+01  1.4951E+01  6.5509E+00  1.4720E+03  7.7651E-09
 -1.9000     82.6  4.28278E-02  7.423E+02  4.4667E+02  1.2655E+05  1.9301E+01  1.4951E+01  7.1607E+00  1.3304E+03  7.0874E-09
 -2.0000     93.1  4.66859E-02  7.423E+02  4.7752E+02  1.3437E+05  1.9384E+01  1.4951E+01  7.7344E+00  1.1875E+03  6.4095E-09
 -2.1000    104.8  5.05458E-02  7.423E+02  5.1082E+02  1.4296E+05  1.9467E+01  1.4951E+01  8.2526E+00  1.0450E+03  5.7383E-09
 -2.2000    117.7  5.42960E-02  7.423E+02  5.4659E+02  1.5232E+05  1.9550E+01  1.4951E+01  8.6959E+00  9.0501E+02  5.0822E-09
 -2.3000    131.9  5.82219E-02  7.423E+02  5.8482E+02  1.6245E+05  1.9633E+01  1.4951E+01  9.0529E+00  7.7053E+02  4.4466E-09
 -2.4000    147.3  6.17502E-02  7.423E+02  6.2552E+02  1.7334E+05  1.9716E+01  1.4951E+01  9.3212E+00  6.4472E+02  3.8538E-09
 -2.5000    163.9  6.45139E-02  7.423E+02  6.6867E+02  1.8500E+05  1.9798E+01  1.4951E+01  9.4713E+00  5.2714E+02  3.3023E-09
 -2.6000    182.0  6.65284E-02  7.423E+02  7.1429E+02  1.9742E+05  1.9881E+01  1.4951E+01  9.4781E+00  4.1697E+02  2.7974E-09
 -2.7000    201.4  6.82014E-02  7.423E+02  7.6237E+02  2.1062E+05  1.9964E+01  1.4951E+01  9.3562E+00  3.1627E+02  2.3292E-09
 -2.8000    222.3  6.91659E-02  7.423E+02  8.1291E+02  2.2458E+05  2.0047E+01  1.4951E+01  9.1205E+00  2.2659E+02  1.9096E-09
 -2.9000    244.6  6.94117E-02  7.423E+02  8.6591E+02  2.3931E+05  2.0130E+01  1.4951E+01  8.8028E+00  1.4904E+02  1.5395E-09
 -3.0000    268.4  6.87183E-02  7.423E+02  9.2137E+02  2.5480E+05  2.0213E+01  1.4951E+01  8.4489E+00  8.4340E+01  1.2250E-09
 -3.1000    293.8  6.70788E-02  7.423E+02  9.7930E+02  2.7106E+05  2.0296E+01  1.4951E+01  8.1016E+00  3.1999E+01  9.6288E-10
 -3.2000    320.8  6.45021E-02  7.423E+02  1.0397E+03  2.8809E+05  2.0379E+01  1.4951E+01  7.8132E+00  8.6519E+00  7.4931E-10
 -3.3000    349.4  6.10076E-02  7.423E+02  1.1025E+03  3.0589E+05  2.0462E+01  1.4951E+01  7.6506E+00  3.8339E+01  5.8019E-10
 -3.4000    379.6  5.66208E-02  7.423E+02  1.1678E+03  3.2445E+05  2.0545E+01  1.4951E+01  7.7031E+00  5.7752E+01  4.5138E-10
 -3.5000    411.6  5.16860E-02  7.423E+02  1.2356E+03  3.4378E+05  2.0628E+01  1.4951E+01  8.1222E+00  6.7036E+01  3.6226E-10
 -3.6000    445.3  4.58356E-02  7.423E+02  1.3058E+03  3.6388E+05  2.0711E+01  1.4951E+01  9.0947E+00  6.6734E+01  3.0678E-10
 -3.7000    480.8  3.95649E-02  7.423E+02  1.3785E+03  3.8474E+05  2.0794E+01  1.4951E+01  1.0883E+01  5.7695E+01  2.8044E-10
 -3.8000    518.2  3.36932E-02  7.423E+02  1.4537E+03  4.0637E+05  2.0876E+01  1.4951E+01  1.3879E+01  4.0897E+01  2.7819E-10
 -3.9000    557.4  2.93841E-02  7.423E+02  1.5313E+03  4.2877E+05  2.0959E+01  1.4951E+01  1.8497E+01  1.9371E+01  2.8831E-10
 -4.0000    598.5  2.83548E-02  7.423E+02  1.6114E+03  4.5194E+05  2.1042E+01  1.4951E+01  2.4802E+01  0.0000E+00  2.8368E-10
