   1.14273691       0.00000000       1.17326927    
  1.4000    121.0  1.09968E+02  9.759E+05  4.2898E+02  1.5351E+05  9.8803E+00  2.2572E+01  2.4244E+00  2.9216E+04  8.2387E-08
  1.3000    115.8  8.59317E+01  9.759E+05  4.3768E+02  1.5606E+05  1.0044E+01  2.2572E+01  2.0043E+00  2.5777E+04  7.4835E-08
  1.2000    110.5  6.64043E+01  9.759E+05  4.4639E+02  1.5861E+05  1.0207E+01  2.2572E+01  1.5703E+00  2.2564E+04  6.7568E-08
  1.1000    105.0  5.07135E+01  9.759E+05  4.5509E+02  1.6115E+05  1.0371E+01  2.2572E+01  1.1250E+00  1.9567E+04  6.0581E-08
  1.0000     99.5  3.82532E+01  9.759E+05  4.6379E+02  1.6370E+05  1.0535E+01  2.2572E+01  6.7173E-01  1.6780E+04  5.3878E-08
  0.9000     93.9  2.84785E+01  9.759E+05  4.7249E+02  1.6624E+05  1.0698E+01  2.2572E+01  2.1501E-01  1.4203E+04  4.7475E-08
  0.8000     88.3  2.01768E+01  9.759E+05  4.8119E+02  1.6879E+05  1.0862E+01  2.2572E+01  2.4273E-01  1.1814E+04  4.1500E-08
  0.7000     82.7  1.29767E+01  9.759E+05  4.8989E+02  1.7133E+05  1.1025E+01  2.2572E+01  6.9831E-01  9.5760E+03  3.5947E-08
  0.6000     77.2  7.53500E+00  9.759E+05  4.9859E+02  1.7388E+05  1.1189E+01  2.2572E+01  1.1201E+00  7.5301E+03  3.0746E-08
  0.5000     71.9  3.90440E+00  9.759E+05  5.0729E+02  1.7642E+05  1.1352E+01  2.2572E+01  1.4125E+00  5.8947E+03  2.6366E-08
  0.4000     66.7  1.74078E+00  9.759E+05  5.1599E+02  1.7897E+05  1.1516E+01  2.2572E+01  1.4273E+00  4.9862E+03  2.3832E-08
  0.3000     61.7  8.75360E-01  9.759E+05  5.2469E+02  1.8151E+05  1.1679E+01  2.2572E+01  1.1448E+00  4.7922E+03  2.3161E-08
  0.2000     57.0  6.05774E-01  9.759E+05  5.3340E+02  1.8406E+05  1.1843E+01  2.2572E+01  7.3014E-01  4.8957E+03  2.3381E-08
  0.1000     52.6  4.98878E-01  9.759E+05  5.4210E+02  1.8660E+05  1.2007E+01  2.2572E+01  3.3250E-01  4.9589E+03  2.3468E-08
  0.0000     48.5  4.14199E-01  9.759E+05  5.5080E+02  1.8915E+05  1.2170E+01  2.2572E+01  0.0000E+00  4.8872E+03  2.3084E-08
 -0.1000     44.8  3.31786E-01  9.759E+05  5.5950E+02  1.9169E+05  1.2334E+01  2.2572E+01  2.7279E-01  4.7016E+03  2.2241E-08
 -0.2000     41.6  2.58240E-01  9.759E+05  5.6820E+02  1.9424E+05  1.2497E+01  2.2572E+01  5.0605E-01  4.4486E+03  2.1098E-08
 -0.3000     38.8  1.98251E-01  9.759E+05  5.7690E+02  1.9678E+05  1.2661E+01  2.2572E+01  7.2003E-01  4.1694E+03  1.9821E-08
 -0.4000     36.5  1.52781E-01  9.759E+05  5.8560E+02  1.9933E+05  1.2824E+01  2.2572E+01  9.3197E-01  3.8939E+03  1.8525E-08
 -0.5000     34.7  1.18597E-01  9.759E+05  5.9430E+02  2.0187E+05  1.2988E+01  2.2572E+01  1.1545E+00  3.6388E+03  1.7331E-08
 -0.6000     33.6  9.29240E-02  9.759E+05  6.0300E+02  2.0442E+05  1.3151E+01  2.2572E+01  1.3958E+00  3.4078E+03  1.6279E-08
 -0.7000     33.1  7.33030E-02  9.759E+05  6.1170E+02  2.0696E+05  1.3315E+01  2.2572E+01  1.6624E+00  3.1983E+03  1.5375E-08
 -0.8000     33.2  5.85389E-02  9.759E+05  6.2041E+02  2.0951E+05  1.3478E+01  2.2572E+01  1.9540E+00  3.0020E+03  1.4531E-08
 -0.9000     34.1  5.04488E-02  9.759E+05  6.2911E+02  2.1205E+05  1.3642E+01  2.2572E+01  2.2829E+00  2.8235E+03  1.3764E-08
 -1.0000     35.8  4.45669E-02  9.759E+05  6.3781E+02  2.1460E+05  1.3806E+01  2.2572E+01  2.6595E+00  2.6660E+03  1.3081E-08
 -1.1000     38.2  4.02864E-02  9.759E+05  6.4651E+02  2.1714E+05  1.3969E+01  2.2572E+01  3.0802E+00  2.5182E+03  1.2471E-08
 -1.2000     41.5  3.81079E-02  9.759E+05  6.5521E+02  2.1969E+05  1.4133E+01  2.2572E+01  3.5470E+00  2.3757E+03  1.1868E-08
 -1.3000     45.7  3.76523E-02  9.759E+05  6.6391E+02  2.2223E+05  1.4296E+01  2.2572E+01  4.0579E+00  2.2358E+03  1.1256E-08
 -1.4000     50.8  3.82267E-02  9.759E+05  6.7261E+02  2.2478E+05  1.4460E+01  2.2572E+01  4.6085E+00  2.0956E+03  1.0639E-08
 -1.5000     56.9  3.92022E-02  9.759E+05  6.8131E+02  2.2732E+05  1.4623E+01  2.2572E+01  5.1930E+00  1.9523E+03  1.0015E-08
 -1.6000     64.1  4.09340E-02  9.759E+05  6.9001E+02  2.2987E+05  1.4787E+01  2.2572E+01  5.8025E+00  1.8038E+03  9.3546E-09
 -1.7000     72.3  4.38486E-02  9.759E+05  6.9872E+02  2.3241E+05  1.4950E+01  2.2572E+01  6.4211E+00  1.6501E+03  8.6437E-09
 -1.8000     81.5  4.79380E-02  9.759E+05  7.0742E+02  2.3496E+05  1.5114E+01  2.2572E+01  7.0284E+00  1.4933E+03  7.8976E-09
 -1.9000     92.0  5.21682E-02  9.759E+05  7.1612E+02  2.3750E+05  1.5278E+01  2.2572E+01  7.6045E+00  1.3355E+03  7.1552E-09
 -2.0000    103.6  5.64349E-02  9.759E+05  7.2482E+02  2.4005E+05  1.5441E+01  2.2572E+01  8.1303E+00  1.1786E+03  6.4222E-09
 -2.1000    116.5  6.06249E-02  9.759E+05  7.3352E+02  2.4259E+05  1.5605E+01  2.2572E+01  8.5872E+00  1.0245E+03  5.7061E-09
 -2.2000    130.6  6.46155E-02  9.759E+05  7.4222E+02  2.4514E+05  1.5768E+01  2.2572E+01  8.9577E+00  8.7519E+02  5.0150E-09
 -2.3000    146.0  6.86592E-02  9.759E+05  7.5092E+02  2.4769E+05  1.5932E+01  2.2572E+01  9.2356E+00  7.3391E+02  4.3548E-09
 -2.4000    162.8  7.19164E-02  9.759E+05  7.5962E+02  2.5023E+05  1.6095E+01  2.2572E+01  9.3925E+00  6.0124E+02  3.7377E-09
 -2.5000    181.0  7.48705E-02  9.759E+05  7.6832E+02  2.5278E+05  1.6259E+01  2.2572E+01  9.4268E+00  4.7868E+02  3.1693E-09
 -2.6000    200.7  7.66446E-02  9.759E+05  7.7702E+02  2.5532E+05  1.6422E+01  2.2572E+01  9.3465E+00  3.6754E+02  2.6629E-09
 -2.7000    221.8  7.79174E-02  9.759E+05  7.8573E+02  2.5787E+05  1.6586E+01  2.2572E+01  9.1464E+00  2.6733E+02  2.1987E-09
 -2.8000    244.5  7.83648E-02  9.759E+05  7.9443E+02  2.6041E+05  1.6750E+01  2.2572E+01  8.8491E+00  1.7944E+02  1.7877E-09
 -2.9000    268.7  7.79351E-02  9.759E+05  8.0313E+02  2.6296E+05  1.6913E+01  2.2572E+01  8.4940E+00  1.0477E+02  1.4297E-09
 -3.0000    294.6  7.64676E-02  9.759E+05  8.1183E+02  2.6550E+05  1.7077E+01  2.2572E+01  8.1351E+00  4.3844E+01  1.1299E-09
 -3.1000    322.1  7.39657E-02  9.759E+05  8.2053E+02  2.6805E+05  1.7240E+01  2.2572E+01  7.8225E+00  4.0242E+00  8.8424E-10
 -3.2000    351.3  7.04510E-02  9.759E+05  8.2923E+02  2.7059E+05  1.7404E+01  2.2572E+01  7.6192E+00  3.9620E+01  6.8836E-10
 -3.3000    382.2  6.60209E-02  9.759E+05  8.3793E+02  2.7314E+05  1.7567E+01  2.2572E+01  7.6548E+00  6.2645E+01  5.4203E-10
 -3.4000    415.0  6.05339E-02  9.759E+05  8.4663E+02  2.7568E+05  1.7731E+01  2.2572E+01  8.0564E+00  7.3803E+01  4.4104E-10
 -3.5000    449.5  5.45820E-02  9.759E+05  8.5533E+02  2.7823E+05  1.7894E+01  2.2572E+01  8.9219E+00  7.5267E+01  3.7678E-10
 -3.6000    486.0  4.81304E-02  9.759E+05  8.6403E+02  2.8077E+05  1.8058E+01  2.2572E+01  1.0453E+01  6.7897E+01  3.4205E-10
 -3.7000    524.3  4.19156E-02  9.759E+05  8.7274E+02  2.8332E+05  1.8221E+01  2.2572E+01  1.2948E+01  5.2468E+01  3.3288E-10
 -3.8000    564.6  3.72136E-02  9.759E+05  8.8144E+02  2.8586E+05  1.8385E+01  2.2572E+01  1.6684E+01  3.1607E+01  3.3871E-10
 -3.9000    606.9  3.53537E-02  9.759E+05  8.9014E+02  2.8841E+05  1.8549E+01  2.2572E+01  2.1699E+01  1.0817E+01  3.4017E-10
 -4.0000    651.2  3.84465E-02  9.759E+05  8.9884E+02  2.9095E+05  1.8712E+01  2.2572E+01  2.7024E+01  0.0000E+00  3.0118E-10
