 --------------------------------------------------------------------------------                                        
  it  DE     s/n      chi**2    Mac1   Mac2   mic1   mic2   fill2 Ic1/Ic2 stray 
   0       5.26E+00  1.048E+04
   1  -3.  5.33E+01  8.945E+02  2.401  0.000  0.300  0.000  0.000 -1.000  39.130
   2  -2.  5.53E+01  7.187E+02  3.602  0.000  0.450  0.000  0.000 -1.000  24.324
   3  -3.  6.04E+01  6.357E+02  5.403  0.000  0.225  0.000  0.000 -1.000  29.088
   4  -4.  6.27E+01  6.018E+02  6.467  0.000  0.338  0.000  0.000 -1.000  33.329
   5  -3.  6.35E+01  5.999E+02  5.939  0.000  0.506  0.000  0.000 -1.000  35.788
   6   0.  6.35E+01  5.996E+02  5.925  0.000  0.759  0.000  0.000 -1.000  35.729
   7   0.  6.35E+01  5.993E+02  5.931  0.000  1.139  0.000  0.000 -1.000  35.683
   8   0.  6.34E+01  5.991E+02  5.949  0.000  1.647  0.000  0.000 -1.000  35.651
   9   0.  6.33E+01  5.990E+02  5.996  0.000  1.785  0.000  0.000 -1.000  35.655
  10   0.  6.33E+01  5.989E+02  6.037  0.000  1.886  0.000  0.000 -1.000  35.665
  11   0.  6.33E+01  5.989E+02  6.071  0.000  1.967  0.000  0.000 -1.000  35.676
  12   0.  6.33E+01  5.988E+02  6.100  0.000  2.037  0.000  0.000 -1.000  35.689
  13  -1.  6.33E+01  5.988E+02  6.200  0.000  2.342  0.000  0.000 -1.000  35.840
  14  -1.  6.33E+01  5.987E+02  6.210  0.000  2.504  0.000  0.000 -1.000  36.018
  15  -2.  6.36E+01  5.986E+02  6.069  0.000  2.992  0.000  0.000 -1.000  37.061
  16  -3.  6.40E+01  5.982E+02  5.937  0.000  3.627  0.000  0.000 -1.000  38.330
  17  -2.  6.40E+01  5.980E+02  6.052  0.000  3.781  0.000  0.000 -1.000  38.290
  it  DE     s/n      chi**2    Mac1   Mac2   mic1   mic2   fill2 Ic1/Ic2 stray 
   0       6.41E+01  5.695E+03
  18  -2.  6.41E+01  5.979E+02  5.962  0.000  4.014  0.000  0.000 -1.000  38.460
   1  -1.  6.33E+01  5.685E+03  6.436  0.000  4.120  0.000  0.000 -1.000  37.030
   2  -2.  6.19E+01  5.677E+03  7.110  0.000  3.376  0.000  0.000 -1.000  33.479
   3  -1.  6.15E+01  5.672E+03  7.078  0.000  3.394  0.000  0.000 -1.000  33.052
   4  -2.  6.12E+01  5.666E+03  6.984  0.000  3.214  0.000  0.000 -1.000  33.186
   5  -1.  6.13E+01  5.666E+03  6.947  0.000  3.114  0.000  0.000 -1.000  33.184
   6  -2.  6.12E+01  5.665E+03  6.895  0.000  2.946  0.000  0.000 -1.000  33.070
   7  -3.  6.07E+01  5.664E+03  6.679  0.000  2.989  0.000  0.000 -1.000  33.387
   8  -2.  6.07E+01  5.663E+03  6.610  0.000  2.702  0.000  0.000 -1.000  32.683
   9  -1.  6.07E+01  5.663E+03  6.618  0.000  2.751  0.000  0.000 -1.000  32.729
  10  -2.  6.07E+01  5.662E+03  6.610  0.000  2.648  0.000  0.000 -1.000  32.682
  11  -1.  6.08E+01  5.662E+03  6.561  0.000  2.659  0.000  0.000 -1.000  32.781
  12  -2.  6.09E+01  5.662E+03  6.380  0.000  2.963  0.000  0.000 -1.000  33.451
  13  -1.  6.08E+01  5.662E+03  6.405  0.000  2.918  0.000  0.000 -1.000  33.390
  14  -2.  6.08E+01  5.662E+03  6.528  0.000  2.510  0.000  0.000 -1.000  33.065
  15  -1.  6.08E+01  5.661E+03  6.491  0.000  2.564  0.000  0.000 -1.000  33.145
 --------------------------------------------------------------------------------                                        
  it  DE     s/n      chi**2    Mac1   Mac2   mic1   mic2   fill2 Ic1/Ic2 stray 
   0       7.71E+00  5.093E+03
   1  -3.  8.90E+01  3.478E+02  2.201  0.000  0.846  0.000  0.000 -1.000  39.130
   2  -4.  1.02E+02  2.463E+02  3.302  0.000  0.423  0.000  0.000 -1.000  24.324
   3  -5.  1.43E+02  1.306E+02  4.953  0.000  0.634  0.000  0.000 -1.000  31.589
   4  -5.  1.96E+02  7.271E+01  7.429  0.000  0.317  0.000  0.000 -1.000  26.004
   5  -6.  2.05E+02  6.990E+01  7.733  0.000  0.476  0.000  0.000 -1.000  27.279
   6  -6.  2.04E+02  6.959E+01  7.551  0.000  0.238  0.000  0.000 -1.000  26.616
   7  -0.  2.05E+02  6.924E+01  7.427  0.000  0.119  0.000  0.000 -1.000  26.515
   8  -0.  2.05E+02  6.924E+01  7.393  0.000  0.059  0.000  0.000 -1.000  26.443
   9   1.  2.05E+02  6.923E+01  7.395  0.000  0.030  0.000  0.000 -1.000  26.444
  10  -0.  2.05E+02  6.918E+01  7.427  0.000  0.045  0.000  0.000 -1.000  26.479
  11  -0.  2.05E+02  6.917E+01  7.443  0.000  0.067  0.000  0.000 -1.000  26.480
  12   1.  2.05E+02  6.917E+01  7.442  0.000  0.033  0.000  0.000 -1.000  26.474
  13   1.  2.05E+02  6.916E+01  7.442  0.000  0.017  0.000  0.000 -1.000  26.472
  14  -0.  2.05E+02  6.915E+01  7.451  0.000  0.025  0.000  0.000 -1.000  26.463
  15  -1.  2.05E+02  6.909E+01  7.469  0.000  0.038  0.000  0.000 -1.000  26.372
  16  -2.  2.06E+02  6.899E+01  7.492  0.000  0.056  0.000  0.000 -1.000  26.522
  it  DE     s/n      chi**2    Mac1   Mac2   mic1   mic2   fill2 Ic1/Ic2 stray 
   0       2.07E+02  2.089E+02
  17  -1.  2.07E+02  6.897E+01  7.478  0.000  0.028  0.000  0.000 -1.000  26.485
   1  -1.  2.06E+02  2.080E+02  7.506  0.000  0.014  0.000  0.000 -1.000  26.645
   2  -2.  2.00E+02  2.064E+02  7.424  0.000  0.007  0.000  0.000 -1.000  28.702
   3  -3.  2.01E+02  2.037E+02  7.312  0.000  0.011  0.000  0.000 -1.000  30.363
   4  -1.  2.01E+02  2.021E+02  7.327  0.000  0.005  0.000  0.000 -1.000  30.262
   5  -1.  2.02E+02  2.017E+02  7.312  0.000  0.003  0.000  0.000 -1.000  30.129
   6  -1.  2.02E+02  2.014E+02  7.316  0.000  0.002  0.000  0.000 -1.000  30.088
   7  -1.  2.02E+02  2.014E+02  7.313  0.000  0.002  0.000  0.000 -1.000  30.081
   8  -1.  2.02E+02  2.013E+02  7.311  0.000  0.003  0.000  0.000 -1.000  30.087
   9  -1.  2.02E+02  2.012E+02  7.309  0.000  0.003  0.000  0.000 -1.000  30.092
  10   0.  2.02E+02  2.012E+02  7.308  0.000  0.002  0.000  0.000 -1.000  30.087
  11   0.  2.02E+02  2.012E+02  7.307  0.000  0.003  0.000  0.000 -1.000  30.087
  12   0.  2.02E+02  2.012E+02  7.306  0.000  0.002  0.000  0.000 -1.000  30.088
  13   0.  2.02E+02  2.012E+02  7.306  0.000  0.002  0.000  0.000 -1.000  30.090
  14   0.  2.02E+02  2.012E+02  7.305  0.000  0.002  0.000  0.000 -1.000  30.093
  15   0.  2.02E+02  2.012E+02  7.305  0.000  0.004  0.000  0.000 -1.000  30.095
 --------------------------------------------------------------------------------                                        
  it  DE     s/n      chi**2    Mac1   Mac2   mic1   mic2   fill2 Ic1/Ic2 stray 
   0       7.71E+00  5.109E+03
   1  -3.  8.55E+01  3.707E+02  2.208  0.000  0.802  0.000  0.000 -1.000  39.130
   2  -4.  1.10E+02  2.260E+02  3.312  0.000  0.551  0.000  0.000 -1.000  25.780
   3  -5.  1.44E+02  1.235E+02  4.967  0.000  0.827  0.000  0.000 -1.000  29.934
   4  -5.  1.98E+02  7.155E+01  7.451  0.000  0.413  0.000  0.000 -1.000  25.195
   5  -6.  2.01E+02  6.796E+01  7.568  0.000  0.620  0.000  0.000 -1.000  27.154
   6  -1.  2.07E+02  6.742E+01  7.379  0.000  0.310  0.000  0.000 -1.000  26.794
   7  -2.  2.05E+02  6.739E+01  7.283  0.000  0.155  0.000  0.000 -1.000  26.814
   8   0.  2.06E+02  6.723E+01  7.307  0.000  0.078  0.000  0.000 -1.000  26.869
   9   0.  2.06E+02  6.718E+01  7.317  0.000  0.039  0.000  0.000 -1.000  26.890
  10   1.  2.06E+02  6.716E+01  7.326  0.000  0.058  0.000  0.000 -1.000  26.907
  11   0.  2.06E+02  6.714E+01  7.332  0.000  0.029  0.000  0.000 -1.000  26.917
  12   0.  2.06E+02  6.705E+01  7.390  0.000  0.044  0.000  0.000 -1.000  27.019
  13   1.  2.06E+02  6.705E+01  7.390  0.000  0.022  0.000  0.000 -1.000  27.019
  14   3.  2.06E+02  6.705E+01  7.390  0.000  0.021  0.000  0.000 -1.000  27.019
  it  DE     s/n      chi**2    Mac1   Mac2   mic1   mic2   fill2 Ic1/Ic2 stray 
   0       2.06E+02  2.084E+02
  15   3.  2.06E+02  6.705E+01  7.390  0.000  0.020  0.000  0.000 -1.000  27.019
   1  -1.  2.02E+02  2.062E+02  7.476  0.000  0.010  0.000  0.000 -1.000  26.663
   2  -2.  1.94E+02  2.054E+02  7.452  0.000  0.015  0.000  0.000 -1.000  28.443
   3  -3.  1.95E+02  2.033E+02  7.297  0.000  0.022  0.000  0.000 -1.000  30.051
   4  -1.  1.96E+02  2.011E+02  7.313  0.000  0.011  0.000  0.000 -1.000  29.898
   5  -1.  1.97E+02  2.005E+02  7.304  0.000  0.006  0.000  0.000 -1.000  29.755
   6  -1.  1.97E+02  2.002E+02  7.312  0.000  0.003  0.000  0.000 -1.000  29.715
   7  -1.  1.97E+02  2.000E+02  7.304  0.000  0.003  0.000  0.000 -1.000  29.701
   8  -1.  1.97E+02  2.000E+02  7.303  0.000  0.005  0.000  0.000 -1.000  29.697
   9  -1.  1.97E+02  1.999E+02  7.297  0.000  0.003  0.000  0.000 -1.000  29.710
  10  -1.  1.97E+02  1.999E+02  7.298  0.000  0.002  0.000  0.000 -1.000  29.712
  11  -2.  1.97E+02  1.999E+02  7.295  0.000  0.002  0.000  0.000 -1.000  29.746
  12   0.  1.97E+02  1.999E+02  7.294  0.000  0.001  0.000  0.000 -1.000  29.746
  13   0.  1.97E+02  1.998E+02  7.293  0.000  0.001  0.000  0.000 -1.000  29.746
  14   0.  1.97E+02  1.998E+02  7.293  0.000  0.001  0.000  0.000 -1.000  29.748
  it  DE     s/n      chi**2    Mac1   Mac2   mic1   mic2   fill2 Ic1/Ic2 stray 
   0       1.97E+02  2.033E+02
  15   0.  1.97E+02  1.998E+02  7.293  0.000  0.001  0.000  0.000 -1.000  29.750
   1   0.  1.97E+02  2.026E+02  7.268  0.000  0.002  0.000  0.000 -1.000  29.762
   2   0.  1.96E+02  2.020E+02  7.242  0.000  0.003  0.000  0.000 -1.000  29.782
   3   0.  1.97E+02  2.015E+02  7.216  0.000  0.002  0.000  0.000 -1.000  29.781
   4   0.  1.96E+02  2.012E+02  7.197  0.000  0.001  0.000  0.000 -1.000  29.842
   5   0.  1.97E+02  2.008E+02  7.177  0.000  0.001  0.000  0.000 -1.000  29.884
   6   0.  1.96E+02  2.005E+02  7.160  0.000  0.001  0.000  0.000 -1.000  29.943
   7   0.  1.97E+02  2.002E+02  7.142  0.000  0.000  0.000  0.000 -1.000  30.001
   8   0.  1.96E+02  2.000E+02  7.126  0.000  0.000  0.000  0.000 -1.000  30.064
   9  -1.  1.94E+02  1.980E+02  6.997  0.000  0.000  0.000  0.000 -1.000  30.657
  10   0.  1.95E+02  1.969E+02  6.970  0.000  0.000  0.000  0.000 -1.000  30.743
  11   0.  1.96E+02  1.969E+02  6.955  0.000  0.000  0.000  0.000 -1.000  30.809
  12   0.  1.95E+02  1.953E+02  6.931  0.000  0.000  0.000  0.000 -1.000  30.907
  13   0.  1.96E+02  1.949E+02  6.912  0.000  0.000  0.000  0.000 -1.000  30.950
  14   0.  1.95E+02  1.944E+02  6.893  0.000  0.000  0.000  0.000 -1.000  31.036
  15   0.  1.95E+02  1.941E+02  6.871  0.000  0.000  0.000  0.000 -1.000  31.075
  16   0.  1.95E+02  1.939E+02  6.851  0.000  0.000  0.000  0.000 -1.000  31.139
  17   0.  1.95E+02  1.936E+02  6.830  0.000  0.000  0.000  0.000 -1.000  31.185
  18   0.  1.94E+02  1.934E+02  6.810  0.000  0.000  0.000  0.000 -1.000  31.244
  19   0.  1.94E+02  1.932E+02  6.791  0.000  0.000  0.000  0.000 -1.000  31.295
  20   0.  1.94E+02  1.929E+02  6.772  0.000  0.000  0.000  0.000 -1.000  31.351
  21   0.  1.94E+02  1.927E+02  6.754  0.000  0.000  0.000  0.000 -1.000  31.402
 --------------------------------------------------------------------------------                                        
  it  DE     s/n      chi**2    Mac1   Mac2   mic1   mic2   fill2 Ic1/Ic2 stray 
   0       7.71E+00  4.134E+03
   1  -3.  7.98E+01  6.765E+01  1.821  0.000  0.587  0.000  0.000 -1.000  39.130
   2  -4.  8.98E+01  5.570E+01  2.731  0.000  0.293  0.000  0.000 -1.000  24.324
   3  -5.  1.20E+02  3.323E+01  4.096  0.000  0.147  0.000  0.000 -1.000  27.969
   4  -5.  1.80E+02  1.801E+01  6.144  0.000  0.073  0.000  0.000 -1.000  31.292
   5  -6.  2.08E+02  1.527E+01  7.463  0.000  0.037  0.000  0.000 -1.000  28.231
   6  -6.  2.08E+02  1.508E+01  7.315  0.000  0.055  0.000  0.000 -1.000  28.206
   7  -1.  2.08E+02  1.505E+01  6.943  0.000  0.027  0.000  0.000 -1.000  28.237
   8  -2.  2.09E+02  1.498E+01  7.050  0.000  0.014  0.000  0.000 -1.000  28.674
   9  -2.  2.09E+02  1.497E+01  7.059  0.000  0.021  0.000  0.000 -1.000  28.718
  10  -2.  2.08E+02  1.497E+01  7.054  0.000  0.010  0.000  0.000 -1.000  28.705
  11  -2.  2.08E+02  1.496E+01  7.045  0.000  0.005  0.000  0.000 -1.000  28.709
  12  -2.  2.08E+02  1.496E+01  7.032  0.000  0.008  0.000  0.000 -1.000  28.725
  13  -2.  2.08E+02  1.496E+01  7.019  0.000  0.004  0.000  0.000 -1.000  28.745
  14  -3.  2.08E+02  1.496E+01  6.998  0.000  0.006  0.000  0.000 -1.000  28.790
  15  -3.  2.08E+02  1.496E+01  6.990  0.000  0.009  0.000  0.000 -1.000  28.813
  it  DE     s/n      chi**2    Mac1   Mac2   mic1   mic2   fill2 Ic1/Ic2 stray 
   0       2.08E+02  1.141E+02
  16  -4.  2.08E+02  1.496E+01  6.983  0.000  0.013  0.000  0.000 -1.000  28.831
   1  -1.  2.07E+02  1.134E+02  7.063  0.000  0.007  0.000  0.000 -1.000  28.630
   2  -2.  2.07E+02  1.132E+02  7.151  0.000  0.010  0.000  0.000 -1.000  28.202
   3   0.  2.08E+02  1.130E+02  7.163  0.000  0.005  0.000  0.000 -1.000  28.230
   4  -1.  2.08E+02  1.130E+02  7.178  0.000  0.007  0.000  0.000 -1.000  28.256
   5   0.  2.08E+02  1.130E+02  7.181  0.000  0.004  0.000  0.000 -1.000  28.253
   6  -1.  2.08E+02  1.130E+02  7.190  0.000  0.002  0.000  0.000 -1.000  28.217
   7   0.  2.08E+02  1.130E+02  7.191  0.000  0.001  0.000  0.000 -1.000  28.213
   8  -1.  2.08E+02  1.130E+02  7.197  0.000  0.000  0.000  0.000 -1.000  28.180
   9  -1.  2.08E+02  1.130E+02  7.202  0.000  0.000  0.000  0.000 -1.000  28.152
  10  -1.  2.08E+02  1.130E+02  7.205  0.000  0.000  0.000  0.000 -1.000  28.125
  11   0.  2.08E+02  1.130E+02  7.206  0.000  0.000  0.000  0.000 -1.000  28.122
  12   0.  2.08E+02  1.129E+02  7.206  0.000  0.000  0.000  0.000 -1.000  28.119
  13  -1.  2.08E+02  1.129E+02  7.209  0.000  0.001  0.000  0.000 -1.000  28.096
  14  -2.  2.08E+02  1.129E+02  7.215  0.000  0.001  0.000  0.000 -1.000  28.039
  it  DE     s/n      chi**2    Mac1   Mac2   mic1   mic2   fill2 Ic1/Ic2 stray 
   0       2.08E+02  1.111E+03
  15   0.  2.08E+02  1.129E+02  7.215  0.000  0.001  0.000  0.000 -1.000  28.036
   1   0.  2.06E+02  1.095E+03  7.244  0.000  0.000  0.000  0.000 -1.000  27.950
   2   0.  2.05E+02  1.082E+03  7.220  0.000  0.000  0.000  0.000 -1.000  27.821
   3   0.  2.04E+02  1.067E+03  7.167  0.000  0.000  0.000  0.000 -1.000  27.637
   4   0.  2.05E+02  1.060E+03  7.101  0.000  0.000  0.000  0.000 -1.000  27.447
   5   1.  2.04E+02  1.055E+03  7.085  0.000  0.000  0.000  0.000 -1.000  27.391
   6   1.  2.04E+02  1.053E+03  7.070  0.000  0.000  0.000  0.000 -1.000  27.346
   7   0.  2.03E+02  1.043E+03  7.003  0.000  0.000  0.000  0.000 -1.000  27.215
   8   0.  2.03E+02  1.039E+03  6.952  0.000  0.000  0.000  0.000 -1.000  27.122
   9   1.  2.03E+02  1.030E+03  6.940  0.000  0.000  0.000  0.000 -1.000  27.083
  10   1.  2.03E+02  1.028E+03  6.929  0.000  0.000  0.000  0.000 -1.000  27.056
  11   1.  2.03E+02  1.027E+03  6.919  0.000  0.000  0.000  0.000 -1.000  27.035
  12   1.  2.04E+02  1.026E+03  6.910  0.000  0.000  0.000  0.000 -1.000  27.019
  13   1.  2.04E+02  1.025E+03  6.902  0.000  0.000  0.000  0.000 -1.000  27.006
  14   1.  2.05E+02  1.023E+03  6.894  0.000  0.000  0.000  0.000 -1.000  26.992
  15   1.  2.05E+02  1.022E+03  6.885  0.000  0.000  0.000  0.000 -1.000  26.970
  16   0.  2.04E+02  1.013E+03  6.840  0.000  0.000  0.000  0.000 -1.000  26.947
  17   0.  2.03E+02  1.009E+03  6.795  0.000  0.000  0.000  0.000 -1.000  26.907
  18   1.  2.03E+02  1.006E+03  6.784  0.000  0.000  0.000  0.000 -1.000  26.886
  19   1.  2.03E+02  1.004E+03  6.775  0.000  0.000  0.000  0.000 -1.000  26.870
  20   0.  2.01E+02  1.000E+03  6.722  0.000  0.000  0.000  0.000 -1.000  26.883
  21   1.  2.01E+02  9.981E+02  6.710  0.000  0.000  0.000  0.000 -1.000  26.862
  22   1.  1.98E+02  9.964E+02  6.699  0.000  0.000  0.000  0.000 -1.000  26.849
 --------------------------------------------------------------------------------                                        
  it  DE     s/n      chi**2    Mac1   Mac2   mic1   mic2   fill2 Ic1/Ic2 stray 
   0       7.71E+00  4.224E+03
   1  -3.  7.98E+01  1.569E+02  1.821  0.000  0.587  0.000  0.000 -1.000  39.130
   2  -2.  9.85E+01  1.362E+02  2.731  0.000  0.293  0.000  0.000 -1.000  36.710
   3  -1.  1.16E+02  1.244E+02  4.096  0.000  0.440  0.000  0.000 -1.000  36.720
   4  -2.  1.72E+02  1.086E+02  6.144  0.000  0.660  0.000  0.000 -1.000  35.219
   5   0.  1.82E+02  1.072E+02  6.058  0.000  0.990  0.000  0.000 -1.000  35.175
   6   0.  1.90E+02  1.064E+02  5.985  0.000  1.485  0.000  0.000 -1.000  35.146
   7   0.  1.97E+02  1.057E+02  5.961  0.000  2.227  0.000  0.000 -1.000  35.146
   8   1.  1.98E+02  1.056E+02  5.954  0.000  2.314  0.000  0.000 -1.000  35.148
   9   1.  1.99E+02  1.056E+02  5.950  0.000  2.393  0.000  0.000 -1.000  35.150
  10   2.  1.99E+02  1.056E+02  5.950  0.000  2.401  0.000  0.000 -1.000  35.150
  11   2.  1.99E+02  1.056E+02  5.950  0.000  2.409  0.000  0.000 -1.000  35.150
  12   1.  1.99E+02  1.055E+02  5.950  0.000  2.483  0.000  0.000 -1.000  35.152
  13   0.  2.03E+02  1.053E+02  6.036  0.000  2.920  0.000  0.000 -1.000  35.159
  14   0.  2.04E+02  1.052E+02  6.138  0.000  3.213  0.000  0.000 -1.000  35.154
  15   0.  2.05E+02  1.051E+02  6.230  0.000  3.429  0.000  0.000 -1.000  35.144
  16   0.  2.05E+02  1.051E+02  6.289  0.000  3.543  0.000  0.000 -1.000  35.128
  17   3.  2.03E+02  1.047E+02  6.289  0.000  3.544  0.000  0.000 -1.000  35.128
  18   2.  2.03E+02  1.047E+02  6.275  0.000  3.532  0.000  0.000 -1.000  35.128
  it  DE     s/n      chi**2    Mac1   Mac2   mic1   mic2   fill2 Ic1/Ic2 stray 
   0       2.03E+02  1.221E+02
  19   2.  2.03E+02  1.046E+02  6.262  0.000  3.521  0.000  0.000 -1.000  35.129
   1   0.  2.04E+02  1.208E+02  6.254  0.000  3.532  0.000  0.000 -1.000  35.012
   2   0.  2.04E+02  1.199E+02  6.290  0.000  3.510  0.000  0.000 -1.000  34.881
   3   0.  2.04E+02  1.191E+02  6.333  0.000  3.452  0.000  0.000 -1.000  34.732
   4   0.  2.05E+02  1.182E+02  6.370  0.000  3.370  0.000  0.000 -1.000  34.568
   5   0.  2.05E+02  1.177E+02  6.400  0.000  3.273  0.000  0.000 -1.000  34.393
   6   0.  2.05E+02  1.173E+02  6.409  0.000  3.129  0.000  0.000 -1.000  34.209
   7   0.  2.05E+02  1.171E+02  6.408  0.000  2.970  0.000  0.000 -1.000  34.019
   8   0.  2.05E+02  1.168E+02  6.401  0.000  2.806  0.000  0.000 -1.000  33.828
   9   0.  2.06E+02  1.166E+02  6.393  0.000  2.641  0.000  0.000 -1.000  33.635
  10   0.  2.06E+02  1.163E+02  6.385  0.000  2.472  0.000  0.000 -1.000  33.441
  11   0.  2.06E+02  1.160E+02  6.376  0.000  2.288  0.000  0.000 -1.000  33.242
  12   0.  2.06E+02  1.156E+02  6.365  0.000  2.070  0.000  0.000 -1.000  33.028
  13   0.  2.06E+02  1.149E+02  6.348  0.000  1.775  0.000  0.000 -1.000  32.783
  14   0.  2.06E+02  1.133E+02  6.316  0.000  1.305  0.000  0.000 -1.000  32.473
  15   0.  2.05E+02  1.103E+02  6.258  0.000  0.653  0.000  0.000 -1.000  32.086
  16   0.  2.07E+02  1.088E+02  6.211  0.000  0.326  0.000  0.000 -1.000  31.712
  17   0.  2.08E+02  1.082E+02  6.195  0.000  0.163  0.000  0.000 -1.000  31.415
  18   0.  2.08E+02  1.081E+02  6.203  0.000  0.082  0.000  0.000 -1.000  31.198
  it  DE     s/n      chi**2    Mac1   Mac2   mic1   mic2   fill2 Ic1/Ic2 stray 
   0       2.09E+02  1.048E+03
  19   0.  2.09E+02  1.081E+02  6.213  0.000  0.041  0.000  0.000 -1.000  31.022
   1   0.  2.06E+02  9.839E+02  6.224  0.000  0.020  0.000  0.000 -1.000  30.929
   2   0.  2.03E+02  9.723E+02  6.298  0.000  0.010  0.000  0.000 -1.000  30.895
   3  -1.  2.04E+02  9.717E+02  6.481  0.000  0.015  0.000  0.000 -1.000  30.341
   4   1.  2.04E+02  9.656E+02  6.486  0.000  0.008  0.000  0.000 -1.000  30.338
   5   0.  2.04E+02  9.680E+02  6.516  0.000  0.011  0.000  0.000 -1.000  30.290
   6   0.  2.04E+02  9.648E+02  6.543  0.000  0.017  0.000  0.000 -1.000  30.220
   7   0.  2.04E+02  9.647E+02  6.571  0.000  0.026  0.000  0.000 -1.000  30.177
   8   0.  2.04E+02  9.647E+02  6.586  0.000  0.013  0.000  0.000 -1.000  30.076
   9   0.  2.04E+02  9.646E+02  6.602  0.000  0.006  0.000  0.000 -1.000  30.012
  10   0.  2.04E+02  9.646E+02  6.616  0.000  0.003  0.000  0.000 -1.000  29.959
 --------------------------------------------------------------------------------                                        
  it  DE     s/n      chi**2    Mac1   Mac2   mic1   mic2   fill2 Ic1/Ic2 stray 
   0       7.71E+00  4.224E+03
   1  -3.  7.98E+01  1.569E+02  1.821  0.000  0.587  0.000  0.000 -1.000  39.130
   2  -2.  9.85E+01  1.362E+02  2.731  0.000  0.293  0.000  0.000 -1.000  36.710
   3  -1.  1.16E+02  1.244E+02  4.096  0.000  0.440  0.000  0.000 -1.000  36.720
   4  -2.  1.72E+02  1.086E+02  6.144  0.000  0.660  0.000  0.000 -1.000  35.219
   5   0.  1.82E+02  1.072E+02  6.058  0.000  0.990  0.000  0.000 -1.000  35.175
   6   0.  1.90E+02  1.064E+02  5.985  0.000  1.485  0.000  0.000 -1.000  35.146
   7   0.  1.97E+02  1.057E+02  5.961  0.000  2.227  0.000  0.000 -1.000  35.146
   8   1.  1.98E+02  1.056E+02  5.954  0.000  2.314  0.000  0.000 -1.000  35.148
   9   1.  1.99E+02  1.056E+02  5.950  0.000  2.393  0.000  0.000 -1.000  35.150
  10   2.  1.99E+02  1.056E+02  5.950  0.000  2.401  0.000  0.000 -1.000  35.150
  11   2.  1.99E+02  1.056E+02  5.950  0.000  2.409  0.000  0.000 -1.000  35.150
  12   1.  1.99E+02  1.055E+02  5.950  0.000  2.483  0.000  0.000 -1.000  35.152
  13   0.  2.03E+02  1.053E+02  6.036  0.000  2.920  0.000  0.000 -1.000  35.159
  14   0.  2.04E+02  1.052E+02  6.138  0.000  3.213  0.000  0.000 -1.000  35.154
  15   0.  2.05E+02  1.051E+02  6.230  0.000  3.429  0.000  0.000 -1.000  35.144
  16   0.  2.05E+02  1.051E+02  6.289  0.000  3.543  0.000  0.000 -1.000  35.128
  17   3.  2.03E+02  1.047E+02  6.289  0.000  3.544  0.000  0.000 -1.000  35.128
  18   2.  2.03E+02  1.047E+02  6.275  0.000  3.532  0.000  0.000 -1.000  35.128
  it  DE     s/n      chi**2    Mac1   Mac2   mic1   mic2   fill2 Ic1/Ic2 stray 
   0       2.03E+02  1.221E+02
  19   2.  2.03E+02  1.046E+02  6.262  0.000  3.521  0.000  0.000 -1.000  35.129
   1   0.  2.04E+02  1.208E+02  6.254  0.000  3.532  0.000  0.000 -1.000  35.012
   2   0.  2.04E+02  1.199E+02  6.290  0.000  3.510  0.000  0.000 -1.000  34.881
   3   0.  2.04E+02  1.191E+02  6.333  0.000  3.452  0.000  0.000 -1.000  34.732
   4   0.  2.05E+02  1.182E+02  6.370  0.000  3.370  0.000  0.000 -1.000  34.568
   5   0.  2.05E+02  1.177E+02  6.400  0.000  3.273  0.000  0.000 -1.000  34.393
   6   0.  2.05E+02  1.173E+02  6.409  0.000  3.129  0.000  0.000 -1.000  34.209
   7   0.  2.05E+02  1.171E+02  6.408  0.000  2.970  0.000  0.000 -1.000  34.019
   8   0.  2.05E+02  1.168E+02  6.401  0.000  2.806  0.000  0.000 -1.000  33.828
   9   0.  2.06E+02  1.166E+02  6.393  0.000  2.641  0.000  0.000 -1.000  33.635
  10   0.  2.06E+02  1.163E+02  6.385  0.000  2.472  0.000  0.000 -1.000  33.441
  11   0.  2.06E+02  1.160E+02  6.376  0.000  2.288  0.000  0.000 -1.000  33.242
  12   0.  2.06E+02  1.156E+02  6.365  0.000  2.070  0.000  0.000 -1.000  33.028
  13   0.  2.06E+02  1.149E+02  6.348  0.000  1.775  0.000  0.000 -1.000  32.783
  14   0.  2.06E+02  1.133E+02  6.316  0.000  1.305  0.000  0.000 -1.000  32.473
  15   0.  2.05E+02  1.103E+02  6.258  0.000  0.653  0.000  0.000 -1.000  32.086
  16   0.  2.07E+02  1.088E+02  6.211  0.000  0.326  0.000  0.000 -1.000  31.712
  17   0.  2.08E+02  1.082E+02  6.195  0.000  0.163  0.000  0.000 -1.000  31.415
  18   0.  2.08E+02  1.081E+02  6.203  0.000  0.082  0.000  0.000 -1.000  31.198
  it  DE     s/n      chi**2    Mac1   Mac2   mic1   mic2   fill2 Ic1/Ic2 stray 
   0       2.09E+02  1.064E+03
  19   0.  2.09E+02  1.081E+02  6.213  0.000  0.041  0.000  0.000 -1.000  31.022
   1   0.  1.97E+02  1.038E+03  6.307  0.000  0.020  0.000  0.000 -1.000  31.271
   2   1.  1.98E+02  1.006E+03  6.284  0.000  0.010  0.000  0.000 -1.000  31.146
   3   1.  1.99E+02  9.824E+02  6.268  0.000  0.005  0.000  0.000 -1.000  31.067
   4   0.  1.89E+02  9.419E+02  6.235  0.000  0.008  0.000  0.000 -1.000  30.887
   5   1.  1.89E+02  9.336E+02  6.226  0.000  0.011  0.000  0.000 -1.000  30.881
   6   1.  1.89E+02  9.270E+02  6.216  0.000  0.017  0.000  0.000 -1.000  30.864
   7   0.  1.93E+02  8.953E+02  6.157  0.000  0.026  0.000  0.000 -1.000  30.721
   8   0.  1.89E+02  8.661E+02  6.067  0.000  0.013  0.000  0.000 -1.000  30.418
   9   0.  1.97E+02  8.419E+02  5.987  0.000  0.006  0.000  0.000 -1.000  30.192
  10   0.  1.95E+02  8.279E+02  5.918  0.000  0.010  0.000  0.000 -1.000  29.873
  11   0.  1.97E+02  8.168E+02  5.834  0.000  0.005  0.000  0.000 -1.000  29.543
  12   1.  1.94E+02  8.023E+02  5.816  0.000  0.007  0.000  0.000 -1.000  29.462
  13   1.  1.93E+02  7.968E+02  5.799  0.000  0.011  0.000  0.000 -1.000  29.382
  14   0.  1.86E+02  7.842E+02  5.710  0.000  0.016  0.000  0.000 -1.000  28.938
  15   1.  1.85E+02  7.770E+02  5.693  0.000  0.008  0.000  0.000 -1.000  28.855
  16   1.  1.83E+02  7.737E+02  5.678  0.000  0.012  0.000  0.000 -1.000  28.783
  17   0.  1.84E+02  7.626E+02  5.618  0.000  0.018  0.000  0.000 -1.000  28.393
  18   0.  1.86E+02  7.512E+02  5.559  0.000  0.028  0.000  0.000 -1.000  27.927
  19   2.  1.85E+02  7.509E+02  5.558  0.000  0.041  0.000  0.000 -1.000  27.916
 --------------------------------------------------------------------------------                                        
  it  DE     s/n      chi**2    Mac1   Mac2   mic1   mic2   fill2 Ic1/Ic2 stray 
   0       7.69E+00  5.456E+03
   1  -3.  7.40E+01  2.406E+02  1.855  0.000  0.689  0.000  0.000 -1.000  39.130
   2  -4.  7.21E+01  2.007E+02  2.783  0.000  0.345  0.000  0.000 -1.000  25.204
   3  -5.  1.05E+02  1.613E+02  4.175  0.000  0.172  0.000  0.000 -1.000  28.182
   4  -5.  1.61E+02  1.399E+02  6.262  0.000  0.258  0.000  0.000 -1.000  32.474
   5  -1.  1.85E+02  1.335E+02  6.749  0.000  0.388  0.000  0.000 -1.000  32.153
   6  -1.  1.87E+02  1.317E+02  6.583  0.000  0.194  0.000  0.000 -1.000  31.272
   7  -1.  1.89E+02  1.266E+02  5.918  0.000  0.097  0.000  0.000 -1.000  31.226
   8   0.  1.92E+02  1.229E+02  5.786  0.000  0.048  0.000  0.000 -1.000  31.232
   9   0.  1.90E+02  1.222E+02  5.592  0.000  0.024  0.000  0.000 -1.000  31.219
  10  -1.  1.84E+02  1.210E+02  5.137  0.000  0.036  0.000  0.000 -1.000  31.426
  11  -1.  1.81E+02  1.205E+02  4.877  0.000  0.055  0.000  0.000 -1.000  31.792
  12   0.  1.80E+02  1.201E+02  4.812  0.000  0.027  0.000  0.000 -1.000  31.783
  13  -1.  1.78E+02  1.197E+02  4.629  0.000  0.041  0.000  0.000 -1.000  32.233
  14   0.  1.77E+02  1.195E+02  4.595  0.000  0.020  0.000  0.000 -1.000  32.251
  15  -1.  1.76E+02  1.192E+02  4.452  0.000  0.031  0.000  0.000 -1.000  32.670
  16  -1.  1.75E+02  1.189E+02  4.347  0.000  0.015  0.000  0.000 -1.000  33.040
  17  -1.  1.74E+02  1.187E+02  4.263  0.000  0.008  0.000  0.000 -1.000  33.380
  18  -1.  1.74E+02  1.185E+02  4.207  0.000  0.004  0.000  0.000 -1.000  33.759
  19  -1.  1.74E+02  1.183E+02  4.160  0.000  0.006  0.000  0.000 -1.000  34.094
  it  DE     s/n      chi**2    Mac1   Mac2   mic1   mic2   fill2 Ic1/Ic2 stray 
   0       1.73E+02  1.715E+02
  20  -1.  1.73E+02  1.182E+02  4.101  0.000  0.009  0.000  0.000 -1.000  34.397
   1  -3.  1.85E+02  1.549E+02  5.642  0.000  0.013  0.000  0.000 -1.000  36.925
   2  -2.  1.76E+02  1.481E+02  5.343  0.000  0.006  0.000  0.000 -1.000  35.531
   3  -1.  1.78E+02  1.471E+02  5.278  0.000  0.010  0.000  0.000 -1.000  36.815
   4   0.  1.84E+02  1.412E+02  5.223  0.000  0.015  0.000  0.000 -1.000  36.890
   5   0.  1.82E+02  1.402E+02  5.220  0.000  0.007  0.000  0.000 -1.000  36.824
   6   0.  1.86E+02  1.385E+02  5.214  0.000  0.011  0.000  0.000 -1.000  36.838
   7   1.  1.86E+02  1.368E+02  5.213  0.000  0.005  0.000  0.000 -1.000  36.829
   8   1.  1.85E+02  1.363E+02  5.213  0.000  0.008  0.000  0.000 -1.000  36.819
   9   0.  1.84E+02  1.362E+02  5.222  0.000  0.004  0.000  0.000 -1.000  36.735
  10   1.  1.85E+02  1.359E+02  5.224  0.000  0.002  0.000  0.000 -1.000  36.727
  11   1.  1.85E+02  1.357E+02  5.226  0.000  0.001  0.000  0.000 -1.000  36.719
  12   1.  1.85E+02  1.355E+02  5.229  0.000  0.002  0.000  0.000 -1.000  36.711
  13   1.  1.86E+02  1.354E+02  5.231  0.000  0.002  0.000  0.000 -1.000  36.702
  14   1.  1.86E+02  1.354E+02  5.234  0.000  0.003  0.000  0.000 -1.000  36.693
  15   1.  1.86E+02  1.353E+02  5.237  0.000  0.002  0.000  0.000 -1.000  36.683
  16   1.  1.86E+02  1.352E+02  5.240  0.000  0.001  0.000  0.000 -1.000  36.674
  17   1.  1.86E+02  1.352E+02  5.244  0.000  0.001  0.000  0.000 -1.000  36.665
  it  DE     s/n      chi**2    Mac1   Mac2   mic1   mic2   fill2 Ic1/Ic2 stray 
   0       1.86E+02  1.312E+03
  18   1.  1.86E+02  1.351E+02  5.247  0.000  0.001  0.000  0.000 -1.000  36.655
   1  -1.  1.71E+02  1.310E+03  5.350  0.000  0.000  0.000  0.000 -1.000  37.383
   2   0.  1.74E+02  1.234E+03  5.325  0.000  0.001  0.000  0.000 -1.000  37.607
   3  -1.  1.63E+02  1.196E+03  5.229  0.000  0.000  0.000  0.000 -1.000  37.932
   4   1.  1.65E+02  1.138E+03  5.223  0.000  0.000  0.000  0.000 -1.000  37.948
   5   0.  1.65E+02  1.056E+03  5.187  0.000  0.000  0.000  0.000 -1.000  37.647
   6   0.  1.69E+02  1.044E+03  5.078  0.000  0.000  0.000  0.000 -1.000  37.116
   7   0.  1.64E+02  1.031E+03  5.056  0.000  0.000  0.000  0.000 -1.000  36.837
   8   1.  1.62E+02  1.008E+03  5.037  0.000  0.000  0.000  0.000 -1.000  36.778
   9   1.  1.61E+02  9.939E+02  5.022  0.000  0.000  0.000  0.000 -1.000  36.718
  10   0.  1.63E+02  9.925E+02  4.974  0.000  0.000  0.000  0.000 -1.000  36.273
  11   0.  1.60E+02  9.893E+02  4.972  0.000  0.000  0.000  0.000 -1.000  35.990
  12   1.  1.58E+02  9.718E+02  4.963  0.000  0.000  0.000  0.000 -1.000  35.949
  13   1.  1.57E+02  9.613E+02  4.955  0.000  0.000  0.000  0.000 -1.000  35.902
  14   1.  1.56E+02  9.564E+02  4.948  0.000  0.000  0.000  0.000 -1.000  35.855
  15   1.  1.56E+02  9.538E+02  4.943  0.000  0.000  0.000  0.000 -1.000  35.811
  16   1.  1.56E+02  9.520E+02  4.938  0.000  0.000  0.000  0.000 -1.000  35.771
  17   1.  1.56E+02  9.506E+02  4.934  0.000  0.000  0.000  0.000 -1.000  35.733
  18   1.  1.56E+02  9.492E+02  4.930  0.000  0.000  0.000  0.000 -1.000  35.698
  19   0.  1.59E+02  9.373E+02  4.924  0.000  0.000  0.000  0.000 -1.000  35.397
  20   0.  1.58E+02  9.273E+02  4.932  0.000  0.000  0.000  0.000 -1.000  35.095
  21   0.  1.59E+02  9.195E+02  4.941  0.000  0.000  0.000  0.000 -1.000  34.774
  22   0.  1.55E+02  9.138E+02  4.960  0.000  0.000  0.000  0.000 -1.000  34.474
  23   0.  1.61E+02  9.124E+02  4.979  0.000  0.000  0.000  0.000 -1.000  34.152
 --------------------------------------------------------------------------------                                        
  it  DE     s/n      chi**2    Mac1   Mac2   mic1   mic2   fill2 Ic1/Ic2 stray 
   0       7.69E+00  5.342E+03
   1  -3.  7.40E+01  9.620E+01  1.855  0.000  0.689  0.000  0.000 -1.000  39.130
   2  -4.  8.61E+01  6.584E+01  2.783  0.000  0.345  0.000  0.000 -1.000  24.324
   3  -5.  1.16E+02  4.112E+01  4.175  0.000  0.172  0.000  0.000 -1.000  31.758
   4  -5.  1.76E+02  2.347E+01  6.262  0.000  0.086  0.000  0.000 -1.000  30.113
   5   0.  1.82E+02  2.243E+01  6.438  0.000  0.129  0.000  0.000 -1.000  30.107
   6  -1.  1.92E+02  2.083E+01  6.809  0.000  0.194  0.000  0.000 -1.000  30.021
   7  -1.  1.96E+02  2.038E+01  6.589  0.000  0.097  0.000  0.000 -1.000  29.930
   8  -1.  1.96E+02  2.036E+01  6.585  0.000  0.048  0.000  0.000 -1.000  29.846
   9  -1.  1.96E+02  2.034E+01  6.659  0.000  0.024  0.000  0.000 -1.000  29.778
  10  -1.  1.96E+02  2.032E+01  6.730  0.000  0.012  0.000  0.000 -1.000  29.710
  11  -1.  1.96E+02  2.032E+01  6.768  0.000  0.018  0.000  0.000 -1.000  29.630
  12  -2.  1.96E+02  2.030E+01  6.870  0.000  0.009  0.000  0.000 -1.000  29.073
  13  -2.  1.96E+02  2.029E+01  6.939  0.000  0.005  0.000  0.000 -1.000  28.715
  14  -3.  1.96E+02  2.029E+01  7.059  0.000  0.007  0.000  0.000 -1.000  28.062
  15  -4.  1.96E+02  2.028E+01  7.114  0.000  0.010  0.000  0.000 -1.000  27.906
  it  DE     s/n      chi**2    Mac1   Mac2   mic1   mic2   fill2 Ic1/Ic2 stray 
   0       1.96E+02  2.047E+01
  16  -2.  1.96E+02  2.028E+01  7.129  0.000  0.005  0.000  0.000 -1.000  27.874
   1  -1.  1.96E+02  2.046E+01  7.173  0.000  0.003  0.000  0.000 -1.000  27.818
   2   0.  1.98E+02  1.979E+01  7.110  0.000  0.004  0.000  0.000 -1.000  27.834
   3   0.  1.98E+02  1.970E+01  7.092  0.000  0.002  0.000  0.000 -1.000  27.839
   4   0.  1.98E+02  1.966E+01  7.086  0.000  0.001  0.000  0.000 -1.000  27.846
   5   0.  1.98E+02  1.966E+01  7.081  0.000  0.001  0.000  0.000 -1.000  27.854
   6   1.  1.98E+02  1.964E+01  7.081  0.000  0.001  0.000  0.000 -1.000  27.856
   7   1.  1.98E+02  1.963E+01  7.081  0.000  0.001  0.000  0.000 -1.000  27.858
   8   1.  1.98E+02  1.963E+01  7.081  0.000  0.000  0.000  0.000 -1.000  27.859
   9   1.  1.98E+02  1.963E+01  7.081  0.000  0.000  0.000  0.000 -1.000  27.861
  10   1.  1.98E+02  1.963E+01  7.081  0.000  0.000  0.000  0.000 -1.000  27.862
  11   1.  1.98E+02  1.962E+01  7.081  0.000  0.000  0.000  0.000 -1.000  27.863
  12   1.  1.98E+02  1.962E+01  7.081  0.000  0.000  0.000  0.000 -1.000  27.864
  13   1.  1.98E+02  1.962E+01  7.081  0.000  0.000  0.000  0.000 -1.000  27.865
  14   1.  1.98E+02  1.962E+01  7.082  0.000  0.000  0.000  0.000 -1.000  27.865
  it  DE     s/n      chi**2    Mac1   Mac2   mic1   mic2   fill2 Ic1/Ic2 stray 
   0       1.98E+02  2.007E+01
  15   1.  1.98E+02  1.962E+01  7.082  0.000  0.000  0.000  0.000 -1.000  27.866
   1   0.  1.98E+02  1.987E+01  7.071  0.000  0.001  0.000  0.000 -1.000  27.897
   2   0.  2.00E+02  1.913E+01  6.971  0.000  0.001  0.000  0.000 -1.000  27.880
   3   0.  2.02E+02  1.875E+01  6.912  0.000  0.000  0.000  0.000 -1.000  27.899
   4   0.  2.01E+02  1.842E+01  6.833  0.000  0.000  0.000  0.000 -1.000  27.926
   5   1.  2.01E+02  1.830E+01  6.816  0.000  0.000  0.000  0.000 -1.000  27.923
   6   1.  2.02E+02  1.823E+01  6.800  0.000  0.000  0.000  0.000 -1.000  27.922
   7   0.  2.02E+02  1.798E+01  6.707  0.000  0.000  0.000  0.000 -1.000  27.925
   8  -1.  2.00E+02  1.752E+01  6.482  0.000  0.000  0.000  0.000 -1.000  27.721
   9   0.  2.02E+02  1.719E+01  6.290  0.000  0.000  0.000  0.000 -1.000  27.640
  10  -1.  2.01E+02  1.711E+01  5.940  0.000  0.000  0.000  0.000 -1.000  27.213
  11   1.  2.01E+02  1.693E+01  5.927  0.000  0.000  0.000  0.000 -1.000  27.201
  12   1.  2.01E+02  1.685E+01  5.915  0.000  0.000  0.000  0.000 -1.000  27.193
  13   1.  2.01E+02  1.681E+01  5.905  0.000  0.000  0.000  0.000 -1.000  27.186
  14   1.  2.02E+02  1.677E+01  5.895  0.000  0.000  0.000  0.000 -1.000  27.180
  15   1.  2.02E+02  1.674E+01  5.886  0.000  0.000  0.000  0.000 -1.000  27.176
  16   1.  2.02E+02  1.671E+01  5.877  0.000  0.000  0.000  0.000 -1.000  27.173
  17   1.  2.02E+02  1.668E+01  5.868  0.000  0.000  0.000  0.000 -1.000  27.170
  18   0.  2.01E+02  1.658E+01  5.815  0.000  0.000  0.000  0.000 -1.000  27.144
  19   0.  2.01E+02  1.653E+01  5.771  0.000  0.000  0.000  0.000 -1.000  27.121
  20  -1.  1.99E+02  1.651E+01  5.729  0.000  0.000  0.000  0.000 -1.000  26.819
  21  -1.  2.00E+02  1.632E+01  5.781  0.000  0.000  0.000  0.000 -1.000  26.499
  22   0.  2.00E+02  1.607E+01  5.748  0.000  0.000  0.000  0.000 -1.000  26.465
  23   0.  2.00E+02  1.599E+01  5.737  0.000  0.000  0.000  0.000 -1.000  26.446
  24   0.  2.00E+02  1.596E+01  5.727  0.000  0.000  0.000  0.000 -1.000  26.434
 --------------------------------------------------------------------------------                                        
  it  DE     s/n      chi**2    Mac1   Mac2   mic1   mic2   fill2 Ic1/Ic2 stray 
   0       7.69E+00  5.342E+03
   1  -3.  7.40E+01  9.620E+01  1.855  0.000  0.689  0.000  0.000 -1.000  39.130
   2  -4.  8.61E+01  6.584E+01  2.783  0.000  0.345  0.000  0.000 -1.000  24.324
   3  -5.  1.16E+02  4.112E+01  4.175  0.000  0.172  0.000  0.000 -1.000  31.758
   4  -5.  1.76E+02  2.347E+01  6.262  0.000  0.086  0.000  0.000 -1.000  30.113
   5   0.  1.82E+02  2.243E+01  6.438  0.000  0.129  0.000  0.000 -1.000  30.107
   6  -1.  1.92E+02  2.083E+01  6.809  0.000  0.194  0.000  0.000 -1.000  30.021
   7  -1.  1.96E+02  2.038E+01  6.589  0.000  0.097  0.000  0.000 -1.000  29.930
   8  -1.  1.96E+02  2.036E+01  6.585  0.000  0.048  0.000  0.000 -1.000  29.846
   9  -1.  1.96E+02  2.034E+01  6.659  0.000  0.024  0.000  0.000 -1.000  29.778
  10  -1.  1.96E+02  2.032E+01  6.730  0.000  0.012  0.000  0.000 -1.000  29.710
  11  -1.  1.96E+02  2.032E+01  6.768  0.000  0.018  0.000  0.000 -1.000  29.630
  12  -2.  1.96E+02  2.030E+01  6.870  0.000  0.009  0.000  0.000 -1.000  29.073
  13  -2.  1.96E+02  2.029E+01  6.939  0.000  0.005  0.000  0.000 -1.000  28.715
  14  -3.  1.96E+02  2.029E+01  7.059  0.000  0.007  0.000  0.000 -1.000  28.062
  15  -4.  1.96E+02  2.028E+01  7.114  0.000  0.010  0.000  0.000 -1.000  27.906
  it  DE     s/n      chi**2    Mac1   Mac2   mic1   mic2   fill2 Ic1/Ic2 stray 
   0       1.96E+02  2.047E+01
  16  -2.  1.96E+02  2.028E+01  7.129  0.000  0.005  0.000  0.000 -1.000  27.874
   1  -1.  1.96E+02  2.046E+01  7.173  0.000  0.003  0.000  0.000 -1.000  27.818
   2   0.  1.98E+02  1.979E+01  7.110  0.000  0.004  0.000  0.000 -1.000  27.834
   3   0.  1.98E+02  1.970E+01  7.092  0.000  0.002  0.000  0.000 -1.000  27.839
   4   0.  1.98E+02  1.966E+01  7.086  0.000  0.001  0.000  0.000 -1.000  27.846
   5   0.  1.98E+02  1.966E+01  7.081  0.000  0.001  0.000  0.000 -1.000  27.854
   6   1.  1.98E+02  1.964E+01  7.081  0.000  0.001  0.000  0.000 -1.000  27.856
   7   1.  1.98E+02  1.963E+01  7.081  0.000  0.001  0.000  0.000 -1.000  27.858
   8   1.  1.98E+02  1.963E+01  7.081  0.000  0.000  0.000  0.000 -1.000  27.859
   9   1.  1.98E+02  1.963E+01  7.081  0.000  0.000  0.000  0.000 -1.000  27.861
  10   1.  1.98E+02  1.963E+01  7.081  0.000  0.000  0.000  0.000 -1.000  27.862
  11   1.  1.98E+02  1.962E+01  7.081  0.000  0.000  0.000  0.000 -1.000  27.863
  12   1.  1.98E+02  1.962E+01  7.081  0.000  0.000  0.000  0.000 -1.000  27.864
  13   1.  1.98E+02  1.962E+01  7.081  0.000  0.000  0.000  0.000 -1.000  27.865
  14   1.  1.98E+02  1.962E+01  7.082  0.000  0.000  0.000  0.000 -1.000  27.865
  it  DE     s/n      chi**2    Mac1   Mac2   mic1   mic2   fill2 Ic1/Ic2 stray 
   0       1.98E+02  2.007E+01
  15   1.  1.98E+02  1.962E+01  7.082  0.000  0.000  0.000  0.000 -1.000  27.866
   1   0.  1.98E+02  1.987E+01  7.071  0.000  0.001  0.000  0.000 -1.000  27.897
   2   0.  2.00E+02  1.913E+01  6.971  0.000  0.001  0.000  0.000 -1.000  27.880
   3   0.  2.02E+02  1.875E+01  6.912  0.000  0.000  0.000  0.000 -1.000  27.899
   4   0.  2.01E+02  1.842E+01  6.833  0.000  0.000  0.000  0.000 -1.000  27.926
   5   1.  2.01E+02  1.830E+01  6.816  0.000  0.000  0.000  0.000 -1.000  27.923
   6   1.  2.02E+02  1.823E+01  6.800  0.000  0.000  0.000  0.000 -1.000  27.922
   7   0.  2.02E+02  1.798E+01  6.707  0.000  0.000  0.000  0.000 -1.000  27.925
   8  -1.  2.00E+02  1.752E+01  6.482  0.000  0.000  0.000  0.000 -1.000  27.721
   9   0.  2.02E+02  1.719E+01  6.290  0.000  0.000  0.000  0.000 -1.000  27.640
  10  -1.  2.01E+02  1.711E+01  5.940  0.000  0.000  0.000  0.000 -1.000  27.213
  11   1.  2.01E+02  1.693E+01  5.927  0.000  0.000  0.000  0.000 -1.000  27.201
  12   1.  2.01E+02  1.685E+01  5.915  0.000  0.000  0.000  0.000 -1.000  27.193
  13   1.  2.01E+02  1.681E+01  5.905  0.000  0.000  0.000  0.000 -1.000  27.186
  14   1.  2.02E+02  1.677E+01  5.895  0.000  0.000  0.000  0.000 -1.000  27.180
  15   1.  2.02E+02  1.674E+01  5.886  0.000  0.000  0.000  0.000 -1.000  27.176
  16   1.  2.02E+02  1.671E+01  5.877  0.000  0.000  0.000  0.000 -1.000  27.173
  17   1.  2.02E+02  1.668E+01  5.868  0.000  0.000  0.000  0.000 -1.000  27.170
  18   0.  2.01E+02  1.658E+01  5.815  0.000  0.000  0.000  0.000 -1.000  27.144
  19   0.  2.01E+02  1.653E+01  5.771  0.000  0.000  0.000  0.000 -1.000  27.121
  20  -1.  1.99E+02  1.651E+01  5.729  0.000  0.000  0.000  0.000 -1.000  26.819
  21  -1.  2.00E+02  1.632E+01  5.781  0.000  0.000  0.000  0.000 -1.000  26.499
  22   0.  2.00E+02  1.607E+01  5.748  0.000  0.000  0.000  0.000 -1.000  26.465
  23   0.  2.00E+02  1.599E+01  5.737  0.000  0.000  0.000  0.000 -1.000  26.446
  24   0.  2.00E+02  1.596E+01  5.727  0.000  0.000  0.000  0.000 -1.000  26.434
 --------------------------------------------------------------------------------                                        
  it  DE     s/n      chi**2    Mac1   Mac2   mic1   mic2   fill2 Ic1/Ic2 stray 
   0       7.69E+00  5.342E+03
   1  -3.  7.40E+01  9.620E+01  1.855  0.000  0.689  0.000  0.000 -1.000  39.130
   2  -4.  8.61E+01  6.584E+01  2.783  0.000  0.345  0.000  0.000 -1.000  24.324
   3  -5.  1.16E+02  4.112E+01  4.175  0.000  0.172  0.000  0.000 -1.000  31.758
   4  -5.  1.76E+02  2.347E+01  6.262  0.000  0.086  0.000  0.000 -1.000  30.113
   5   0.  1.82E+02  2.243E+01  6.438  0.000  0.129  0.000  0.000 -1.000  30.107
   6  -1.  1.92E+02  2.083E+01  6.809  0.000  0.194  0.000  0.000 -1.000  30.021
   7  -1.  1.96E+02  2.038E+01  6.589  0.000  0.097  0.000  0.000 -1.000  29.930
   8  -1.  1.96E+02  2.036E+01  6.585  0.000  0.048  0.000  0.000 -1.000  29.846
   9  -1.  1.96E+02  2.034E+01  6.659  0.000  0.024  0.000  0.000 -1.000  29.778
  10  -1.  1.96E+02  2.032E+01  6.730  0.000  0.012  0.000  0.000 -1.000  29.710
  11  -1.  1.96E+02  2.032E+01  6.768  0.000  0.018  0.000  0.000 -1.000  29.630
  12  -2.  1.96E+02  2.030E+01  6.870  0.000  0.009  0.000  0.000 -1.000  29.073
  13  -2.  1.96E+02  2.029E+01  6.939  0.000  0.005  0.000  0.000 -1.000  28.715
  14  -3.  1.96E+02  2.029E+01  7.059  0.000  0.007  0.000  0.000 -1.000  28.062
  15  -4.  1.96E+02  2.028E+01  7.114  0.000  0.010  0.000  0.000 -1.000  27.906
  it  DE     s/n      chi**2    Mac1   Mac2   mic1   mic2   fill2 Ic1/Ic2 stray 
   0       1.96E+02  2.047E+01
  16  -2.  1.96E+02  2.028E+01  7.129  0.000  0.005  0.000  0.000 -1.000  27.874
   1  -1.  1.96E+02  2.046E+01  7.173  0.000  0.003  0.000  0.000 -1.000  27.818
   2   0.  1.98E+02  1.979E+01  7.110  0.000  0.004  0.000  0.000 -1.000  27.834
   3   0.  1.98E+02  1.970E+01  7.092  0.000  0.002  0.000  0.000 -1.000  27.839
   4   0.  1.98E+02  1.966E+01  7.086  0.000  0.001  0.000  0.000 -1.000  27.846
   5   0.  1.98E+02  1.966E+01  7.081  0.000  0.001  0.000  0.000 -1.000  27.854
   6   1.  1.98E+02  1.964E+01  7.081  0.000  0.001  0.000  0.000 -1.000  27.856
   7   1.  1.98E+02  1.963E+01  7.081  0.000  0.001  0.000  0.000 -1.000  27.858
   8   1.  1.98E+02  1.963E+01  7.081  0.000  0.000  0.000  0.000 -1.000  27.859
   9   1.  1.98E+02  1.963E+01  7.081  0.000  0.000  0.000  0.000 -1.000  27.861
  10   1.  1.98E+02  1.963E+01  7.081  0.000  0.000  0.000  0.000 -1.000  27.862
  11   1.  1.98E+02  1.962E+01  7.081  0.000  0.000  0.000  0.000 -1.000  27.863
  12   1.  1.98E+02  1.962E+01  7.081  0.000  0.000  0.000  0.000 -1.000  27.864
  13   1.  1.98E+02  1.962E+01  7.081  0.000  0.000  0.000  0.000 -1.000  27.865
  14   1.  1.98E+02  1.962E+01  7.082  0.000  0.000  0.000  0.000 -1.000  27.865
  it  DE     s/n      chi**2    Mac1   Mac2   mic1   mic2   fill2 Ic1/Ic2 stray 
   0       1.98E+02  1.959E+01
  15   1.  1.98E+02  1.962E+01  7.082  0.000  0.000  0.000  0.000 -1.000  27.866
   1  -3.  1.98E+02  1.937E+01  7.229  0.000  0.000  0.000  0.000 -1.000  27.724
   2  -4.  1.97E+02  1.838E+01  6.416  0.000  0.000  0.000  0.000 -1.000  31.227
   3   0.  1.98E+02  1.825E+01  6.417  0.000  0.000  0.000  0.000 -1.000  31.220
   4  -1.  1.98E+02  1.814E+01  6.453  0.000  0.000  0.000  0.000 -1.000  30.941
   5  -1.  1.98E+02  1.824E+01  6.484  0.000  0.000  0.000  0.000 -1.000  30.681
   6   0.  1.99E+02  1.817E+01  6.485  0.000  0.000  0.000  0.000 -1.000  30.655
   7   0.  1.99E+02  1.814E+01  6.480  0.000  0.000  0.000  0.000 -1.000  30.631
   8   1.  1.99E+02  1.814E+01  6.481  0.000  0.000  0.000  0.000 -1.000  30.629
   9   1.  1.99E+02  1.814E+01  6.481  0.000  0.000  0.000  0.000 -1.000  30.627
  10   0.  1.99E+02  1.813E+01  6.487  0.000  0.000  0.000  0.000 -1.000  30.604
  11  -1.  1.99E+02  1.811E+01  6.529  0.000  0.000  0.000  0.000 -1.000  30.405
  12   0.  1.99E+02  1.807E+01  6.535  0.000  0.000  0.000  0.000 -1.000  30.384
  13  -1.  1.99E+02  1.803E+01  6.575  0.000  0.000  0.000  0.000 -1.000  30.211
  14  -2.  1.99E+02  1.818E+01  6.732  0.000  0.000  0.000  0.000 -1.000  29.368
  15   0.  1.99E+02  1.807E+01  6.740  0.000  0.000  0.000  0.000 -1.000  29.360
  16  -1.  1.99E+02  1.806E+01  6.745  0.000  0.000  0.000  0.000 -1.000  29.331
  17  -1.  1.99E+02  1.799E+01  6.771  0.000  0.000  0.000  0.000 -1.000  29.274
 --------------------------------------------------------------------------------                                        
 --------------------------------------------------------------------------------                                        
 --------------------------------------------------------------------------------                                        
  it  DE     s/n      chi**2    Mac1   Mac2   mic1   mic2   fill2 Ic1/Ic2 stray 
   0       9.59E+00  4.183E+03
   1  -3.  6.33E+01  1.366E+02  0.375  0.000  0.300  0.000  0.000 -1.000  39.130
   2  -4.  6.32E+01  1.285E+02  0.562  0.000  0.450  0.000  0.000 -1.000  49.091
   3  -5.  7.75E+01  8.703E+01  0.844  0.000  0.225  0.000  0.000 -1.000  37.167
   4  -5.  9.62E+01  5.889E+01  1.266  0.000  0.296  0.000  0.000 -1.000  34.790
   5  -6.  1.06E+02  4.911E+01  1.898  0.000  0.148  0.000  0.000 -1.000  31.147
   6  -6.  1.28E+02  3.485E+01  2.848  0.000  0.074  0.000  0.000 -1.000  34.972
   7  -4.  1.61E+02  2.434E+01  4.271  0.000  0.037  0.000  0.000 -1.000  32.550
   8  -5.  1.92E+02  2.104E+01  5.814  0.000  0.019  0.000  0.000 -1.000  28.053
   9  -5.  1.94E+02  2.071E+01  6.082  0.000  0.028  0.000  0.000 -1.000  27.072
  10  -5.  1.95E+02  2.055E+01  6.402  0.000  0.014  0.000  0.000 -1.000  25.833
  11  -5.  1.96E+02  2.049E+01  6.638  0.000  0.021  0.000  0.000 -1.000  25.045
  12  -6.  1.96E+02  2.046E+01  6.799  0.000  0.010  0.000  0.000 -1.000  24.384
  13  -6.  1.96E+02  2.046E+01  6.905  0.000  0.005  0.000  0.000 -1.000  23.968
  14  -6.  1.96E+02  2.046E+01  6.972  0.000  0.003  0.000  0.000 -1.000  23.696
  15  -2.  1.96E+02  2.044E+01  7.000  0.000  0.003  0.000  0.000 -1.000  23.588
  16  -2.  1.96E+02  2.044E+01  7.034  0.000  0.002  0.000  0.000 -1.000  23.492
  it  DE     s/n      chi**2    Mac1   Mac2   mic1   mic2   fill2 Ic1/Ic2 stray 
   0       1.95E+02  2.066E+01
  17  -2.  1.95E+02  2.043E+01  7.060  0.000  0.001  0.000  0.000 -1.000  23.413
   1  -1.  1.96E+02  2.041E+01  7.074  0.000  0.002  0.000  0.000 -1.000  23.458
   2   0.  1.96E+02  2.038E+01  7.062  0.000  0.001  0.000  0.000 -1.000  23.464
   3   0.  1.96E+02  2.036E+01  7.054  0.000  0.001  0.000  0.000 -1.000  23.471
   4   0.  1.96E+02  2.033E+01  7.049  0.000  0.002  0.000  0.000 -1.000  23.478
   5   0.  1.96E+02  2.030E+01  7.044  0.000  0.002  0.000  0.000 -1.000  23.485
   6   0.  1.96E+02  2.027E+01  7.040  0.000  0.002  0.000  0.000 -1.000  23.492
   7   0.  1.96E+02  2.024E+01  7.036  0.000  0.001  0.000  0.000 -1.000  23.499
   8   0.  1.96E+02  2.023E+01  7.033  0.000  0.001  0.000  0.000 -1.000  23.506
   9   0.  1.96E+02  2.022E+01  7.026  0.000  0.000  0.000  0.000 -1.000  23.514
  10   0.  1.96E+02  2.022E+01  7.018  0.000  0.000  0.000  0.000 -1.000  23.524
  11   0.  1.97E+02  2.022E+01  7.009  0.000  0.000  0.000  0.000 -1.000  23.535
  12   0.  1.97E+02  2.021E+01  7.001  0.000  0.000  0.000  0.000 -1.000  23.546
  13   0.  1.97E+02  2.021E+01  6.994  0.000  0.000  0.000  0.000 -1.000  23.559
  14   0.  1.97E+02  2.021E+01  6.988  0.000  0.000  0.000  0.000 -1.000  23.572
  15   0.  1.97E+02  2.021E+01  6.983  0.000  0.000  0.000  0.000 -1.000  23.585
  16   0.  1.97E+02  2.020E+01  6.979  0.000  0.000  0.000  0.000 -1.000  23.599
  it  DE     s/n      chi**2    Mac1   Mac2   mic1   mic2   fill2 Ic1/Ic2 stray 
   0       1.97E+02  2.031E+01
  17   0.  1.97E+02  2.020E+01  6.975  0.000  0.000  0.000  0.000 -1.000  23.614
   1  -1.  1.98E+02  1.951E+01  7.005  0.000  0.000  0.000  0.000 -1.000  23.514
   2  -2.  1.98E+02  1.912E+01  6.786  0.000  0.000  0.000  0.000 -1.000  24.128
   3  -1.  1.97E+02  1.904E+01  6.804  0.000  0.000  0.000  0.000 -1.000  23.999
   4  -1.  1.98E+02  1.924E+01  6.804  0.000  0.000  0.000  0.000 -1.000  24.143
   5   1.  1.98E+02  1.920E+01  6.806  0.000  0.000  0.000  0.000 -1.000  24.137
   6   0.  1.98E+02  1.914E+01  6.818  0.000  0.000  0.000  0.000 -1.000  24.139
   7   1.  1.98E+02  1.898E+01  6.819  0.000  0.000  0.000  0.000 -1.000  24.140
   8   0.  1.98E+02  1.897E+01  6.820  0.000  0.000  0.000  0.000 -1.000  24.140
   9   1.  1.98E+02  1.895E+01  6.820  0.000  0.000  0.000  0.000 -1.000  24.140
  10   0.  1.98E+02  1.892E+01  6.826  0.000  0.000  0.000  0.000 -1.000  24.138
  11   0.  1.98E+02  1.881E+01  6.826  0.000  0.000  0.000  0.000 -1.000  24.136
  12   0.  1.98E+02  1.887E+01  6.828  0.000  0.000  0.000  0.000 -1.000  24.133
  13   0.  1.98E+02  1.891E+01  6.831  0.000  0.000  0.000  0.000 -1.000  24.129
  14   0.  1.98E+02  1.883E+01  6.835  0.000  0.000  0.000  0.000 -1.000  24.126
  15   0.  1.98E+02  1.889E+01  6.836  0.000  0.000  0.000  0.000 -1.000  24.122
  16   1.  1.98E+02  1.889E+01  6.836  0.000  0.000  0.000  0.000 -1.000  24.121
 --------------------------------------------------------------------------------                                        
  it  DE     s/n      chi**2    Mac1   Mac2   mic1   mic2   fill2 Ic1/Ic2 stray 
   0       9.59E+00  4.183E+03
   1  -3.  6.33E+01  1.366E+02  0.375  0.000  0.300  0.000  0.000 -1.000  39.130
   2  -4.  6.32E+01  1.285E+02  0.562  0.000  0.450  0.000  0.000 -1.000  49.091
   3  -5.  7.75E+01  8.703E+01  0.844  0.000  0.225  0.000  0.000 -1.000  37.167
   4  -5.  9.62E+01  5.889E+01  1.266  0.000  0.296  0.000  0.000 -1.000  34.790
   5  -6.  1.06E+02  4.911E+01  1.898  0.000  0.148  0.000  0.000 -1.000  31.147
   6  -6.  1.28E+02  3.485E+01  2.848  0.000  0.074  0.000  0.000 -1.000  34.972
   7  -4.  1.61E+02  2.434E+01  4.271  0.000  0.037  0.000  0.000 -1.000  32.550
   8  -5.  1.92E+02  2.104E+01  5.814  0.000  0.019  0.000  0.000 -1.000  28.053
   9  -5.  1.94E+02  2.071E+01  6.082  0.000  0.028  0.000  0.000 -1.000  27.072
  10  -5.  1.95E+02  2.055E+01  6.402  0.000  0.014  0.000  0.000 -1.000  25.833
  11  -5.  1.96E+02  2.049E+01  6.638  0.000  0.021  0.000  0.000 -1.000  25.045
  12  -6.  1.96E+02  2.046E+01  6.799  0.000  0.010  0.000  0.000 -1.000  24.384
  13  -6.  1.96E+02  2.046E+01  6.905  0.000  0.005  0.000  0.000 -1.000  23.968
  14  -6.  1.96E+02  2.046E+01  6.972  0.000  0.003  0.000  0.000 -1.000  23.696
  15  -2.  1.96E+02  2.044E+01  7.000  0.000  0.003  0.000  0.000 -1.000  23.588
  16  -2.  1.96E+02  2.044E+01  7.034  0.000  0.002  0.000  0.000 -1.000  23.492
  it  DE     s/n      chi**2    Mac1   Mac2   mic1   mic2   fill2 Ic1/Ic2 stray 
   0       1.95E+02  2.066E+01
  17  -2.  1.95E+02  2.043E+01  7.060  0.000  0.001  0.000  0.000 -1.000  23.413
   1  -1.  1.96E+02  2.041E+01  7.074  0.000  0.002  0.000  0.000 -1.000  23.458
   2   0.  1.96E+02  2.038E+01  7.062  0.000  0.001  0.000  0.000 -1.000  23.464
   3   0.  1.96E+02  2.036E+01  7.054  0.000  0.001  0.000  0.000 -1.000  23.471
   4   0.  1.96E+02  2.033E+01  7.049  0.000  0.002  0.000  0.000 -1.000  23.478
   5   0.  1.96E+02  2.030E+01  7.044  0.000  0.002  0.000  0.000 -1.000  23.485
   6   0.  1.96E+02  2.027E+01  7.040  0.000  0.002  0.000  0.000 -1.000  23.492
   7   0.  1.96E+02  2.024E+01  7.036  0.000  0.001  0.000  0.000 -1.000  23.499
   8   0.  1.96E+02  2.023E+01  7.033  0.000  0.001  0.000  0.000 -1.000  23.506
   9   0.  1.96E+02  2.022E+01  7.026  0.000  0.000  0.000  0.000 -1.000  23.514
  10   0.  1.96E+02  2.022E+01  7.018  0.000  0.000  0.000  0.000 -1.000  23.524
  11   0.  1.97E+02  2.022E+01  7.009  0.000  0.000  0.000  0.000 -1.000  23.535
  12   0.  1.97E+02  2.021E+01  7.001  0.000  0.000  0.000  0.000 -1.000  23.546
  13   0.  1.97E+02  2.021E+01  6.994  0.000  0.000  0.000  0.000 -1.000  23.559
  14   0.  1.97E+02  2.021E+01  6.988  0.000  0.000  0.000  0.000 -1.000  23.572
  15   0.  1.97E+02  2.021E+01  6.983  0.000  0.000  0.000  0.000 -1.000  23.585
  16   0.  1.97E+02  2.020E+01  6.979  0.000  0.000  0.000  0.000 -1.000  23.599
  it  DE     s/n      chi**2    Mac1   Mac2   mic1   mic2   fill2 Ic1/Ic2 stray 
   0       1.97E+02  2.016E+01
  17   0.  1.97E+02  2.020E+01  6.975  0.000  0.000  0.000  0.000 -1.000  23.614
   1   0.  1.97E+02  1.999E+01  6.965  0.000  0.000  0.000  0.000 -1.000  23.618
   2   0.  1.97E+02  2.003E+01  6.965  0.000  0.000  0.000  0.000 -1.000  23.619
   3   0.  1.97E+02  2.002E+01  6.974  0.000  0.000  0.000  0.000 -1.000  23.617
   4   0.  1.97E+02  2.001E+01  6.982  0.000  0.000  0.000  0.000 -1.000  23.614
   5   0.  1.97E+02  2.001E+01  6.987  0.000  0.000  0.000  0.000 -1.000  23.611
   6   0.  1.97E+02  2.001E+01  6.991  0.000  0.000  0.000  0.000 -1.000  23.608
   7   0.  1.97E+02  2.000E+01  6.993  0.000  0.000  0.000  0.000 -1.000  23.605
   8   0.  1.97E+02  1.997E+01  6.995  0.000  0.000  0.000  0.000 -1.000  23.602
   9  -1.  1.97E+02  1.999E+01  7.002  0.000  0.000  0.000  0.000 -1.000  23.566
  10   0.  1.97E+02  2.006E+01  7.005  0.000  0.000  0.000  0.000 -1.000  23.564
  11  -1.  1.97E+02  2.005E+01  7.015  0.000  0.000  0.000  0.000 -1.000  23.531
  12  -1.  1.97E+02  1.989E+01  7.022  0.000  0.000  0.000  0.000 -1.000  23.506
  13  -1.  1.97E+02  1.993E+01  7.026  0.000  0.000  0.000  0.000 -1.000  23.486
  14  -1.  1.97E+02  1.985E+01  7.029  0.000  0.000  0.000  0.000 -1.000  23.466
  15  -1.  1.97E+02  1.996E+01  7.032  0.000  0.000  0.000  0.000 -1.000  23.448
 --------------------------------------------------------------------------------                                        
  it  DE     s/n      chi**2    Mac1   Mac2   mic1   mic2   fill2 Ic1/Ic2 stray 
   0       9.59E+00  4.183E+03
   1  -3.  6.33E+01  1.366E+02  0.375  0.000  0.300  0.000  0.000 -1.000  39.130
   2  -4.  6.32E+01  1.285E+02  0.562  0.000  0.450  0.000  0.000 -1.000  49.091
   3  -5.  7.75E+01  8.703E+01  0.844  0.000  0.225  0.000  0.000 -1.000  37.167
   4  -5.  9.62E+01  5.889E+01  1.266  0.000  0.296  0.000  0.000 -1.000  34.790
   5  -6.  1.06E+02  4.911E+01  1.898  0.000  0.148  0.000  0.000 -1.000  31.147
   6  -6.  1.28E+02  3.485E+01  2.848  0.000  0.074  0.000  0.000 -1.000  34.972
   7  -4.  1.61E+02  2.434E+01  4.271  0.000  0.037  0.000  0.000 -1.000  32.550
   8  -5.  1.92E+02  2.104E+01  5.814  0.000  0.019  0.000  0.000 -1.000  28.053
   9  -5.  1.94E+02  2.071E+01  6.082  0.000  0.028  0.000  0.000 -1.000  27.072
  10  -5.  1.95E+02  2.055E+01  6.402  0.000  0.014  0.000  0.000 -1.000  25.833
  11  -5.  1.96E+02  2.049E+01  6.638  0.000  0.021  0.000  0.000 -1.000  25.045
  12  -6.  1.96E+02  2.046E+01  6.799  0.000  0.010  0.000  0.000 -1.000  24.384
  13  -6.  1.96E+02  2.046E+01  6.905  0.000  0.005  0.000  0.000 -1.000  23.968
  14  -6.  1.96E+02  2.046E+01  6.972  0.000  0.003  0.000  0.000 -1.000  23.696
  15  -2.  1.96E+02  2.044E+01  7.000  0.000  0.003  0.000  0.000 -1.000  23.588
  16  -2.  1.96E+02  2.044E+01  7.034  0.000  0.002  0.000  0.000 -1.000  23.492
  it  DE     s/n      chi**2    Mac1   Mac2   mic1   mic2   fill2 Ic1/Ic2 stray 
   0       1.95E+02  2.066E+01
  17  -2.  1.95E+02  2.043E+01  7.060  0.000  0.001  0.000  0.000 -1.000  23.413
   1  -1.  1.96E+02  2.041E+01  7.080  0.000  0.002  0.000  0.000 -1.000  23.429
   2   0.  1.96E+02  2.038E+01  7.071  0.000  0.002  0.000  0.000 -1.000  23.435
   3   0.  1.96E+02  2.035E+01  7.066  0.000  0.004  0.000  0.000 -1.000  23.442
   4   0.  1.96E+02  2.032E+01  7.061  0.000  0.002  0.000  0.000 -1.000  23.450
   5   0.  1.96E+02  2.030E+01  7.058  0.000  0.001  0.000  0.000 -1.000  23.457
   6   0.  1.96E+02  2.027E+01  7.054  0.000  0.001  0.000  0.000 -1.000  23.464
   7   0.  1.96E+02  2.024E+01  7.050  0.000  0.001  0.000  0.000 -1.000  23.471
   8   0.  1.96E+02  2.022E+01  7.047  0.000  0.002  0.000  0.000 -1.000  23.478
   9   0.  1.96E+02  2.022E+01  7.040  0.000  0.001  0.000  0.000 -1.000  23.487
  10   0.  1.96E+02  2.021E+01  7.032  0.000  0.001  0.000  0.000 -1.000  23.496
  11   0.  1.96E+02  2.021E+01  7.023  0.000  0.001  0.000  0.000 -1.000  23.507
  12   0.  1.97E+02  2.021E+01  7.015  0.000  0.001  0.000  0.000 -1.000  23.519
  13   0.  1.97E+02  2.021E+01  7.008  0.000  0.000  0.000  0.000 -1.000  23.531
  14   0.  1.97E+02  2.021E+01  7.002  0.000  0.000  0.000  0.000 -1.000  23.544
  15   0.  1.97E+02  2.020E+01  6.996  0.000  0.000  0.000  0.000 -1.000  23.557
  16   0.  1.97E+02  2.020E+01  6.992  0.000  0.000  0.000  0.000 -1.000  23.571
  it  DE     s/n      chi**2    Mac1   Mac2   mic1   mic2   fill2 Ic1/Ic2 stray 
   0       1.97E+02  2.016E+01
  17   0.  1.97E+02  2.020E+01  6.987  0.000  0.000  0.000  0.000 -1.000  23.585
   1   0.  1.97E+02  1.998E+01  6.977  0.000  0.000  0.000  0.000 -1.000  23.590
   2   0.  1.97E+02  2.003E+01  6.978  0.000  0.000  0.000  0.000 -1.000  23.591
   3   0.  1.97E+02  2.001E+01  6.986  0.000  0.000  0.000  0.000 -1.000  23.589
   4   0.  1.97E+02  2.001E+01  6.994  0.000  0.000  0.000  0.000 -1.000  23.586
   5   0.  1.97E+02  2.001E+01  6.999  0.000  0.000  0.000  0.000 -1.000  23.583
   6   0.  1.97E+02  2.000E+01  7.003  0.000  0.000  0.000  0.000 -1.000  23.580
   7   0.  1.97E+02  1.996E+01  7.005  0.000  0.000  0.000  0.000 -1.000  23.577
   8   0.  1.97E+02  2.000E+01  7.007  0.000  0.000  0.000  0.000 -1.000  23.574
   9  -1.  1.97E+02  1.999E+01  7.014  0.000  0.000  0.000  0.000 -1.000  23.544
  10  -1.  1.98E+02  1.999E+01  7.024  0.000  0.000  0.000  0.000 -1.000  23.510
  11  -2.  1.97E+02  1.984E+01  7.021  0.000  0.000  0.000  0.000 -1.000  23.357
  12  -1.  1.96E+02  2.006E+01  7.025  0.000  0.000  0.000  0.000 -1.000  23.341
  13  -1.  1.97E+02  1.985E+01  7.042  0.000  0.000  0.000  0.000 -1.000  23.349
  14  -1.  1.97E+02  1.982E+01  7.059  0.000  0.000  0.000  0.000 -1.000  23.342
  15  -1.  1.97E+02  1.996E+01  7.058  0.000  0.000  0.000  0.000 -1.000  23.339
  16   0.  1.97E+02  1.988E+01  7.060  0.000  0.000  0.000  0.000 -1.000  23.337
  17   0.  1.97E+02  1.988E+01  7.060  0.000  0.000  0.000  0.000 -1.000  23.336
 --------------------------------------------------------------------------------                                        
  it  DE     s/n      chi**2    Mac1   Mac2   mic1   mic2   fill2 Ic1/Ic2 stray 
   0       2.07E+01  7.981E+02
   1  -3.  6.73E+01  8.938E+01  1.500  0.000  1.308  0.000  0.000 -1.000  39.130
   2  -2.  1.42E+02  3.150E+01  2.250  0.000  0.709  0.000  0.000 -1.000  37.585
   3  -3.  1.72E+02  2.461E+01  3.375  0.000  0.354  0.000  0.000 -1.000  36.779
   4  -2.  1.88E+02  2.186E+01  5.062  0.000  0.177  0.000  0.000 -1.000  33.135
   5  -3.  1.96E+02  2.040E+01  6.426  0.000  0.266  0.000  0.000 -1.000  30.840
   6  -1.  1.96E+02  2.038E+01  6.204  0.000  0.133  0.000  0.000 -1.000  30.702
   7   0.  1.97E+02  2.037E+01  6.229  0.000  0.066  0.000  0.000 -1.000  30.704
   8   0.  1.97E+02  2.036E+01  6.247  0.000  0.033  0.000  0.000 -1.000  30.701
   9  -1.  1.97E+02  2.035E+01  6.326  0.000  0.017  0.000  0.000 -1.000  30.655
  10  -2.  1.97E+02  2.034E+01  6.392  0.000  0.008  0.000  0.000 -1.000  30.432
  11  -3.  1.97E+02  2.034E+01  6.471  0.000  0.004  0.000  0.000 -1.000  30.136
  12  -4.  1.97E+02  2.034E+01  6.511  0.000  0.006  0.000  0.000 -1.000  29.992
  13  -5.  1.97E+02  2.033E+01  6.536  0.000  0.009  0.000  0.000 -1.000  29.904
  14  -5.  1.97E+02  2.033E+01  6.551  0.000  0.005  0.000  0.000 -1.000  29.852
  it  DE     s/n      chi**2    Mac1   Mac2   mic1   mic2   fill2 Ic1/Ic2 stray 
   0       1.97E+02  2.056E+01
  15  -6.  1.97E+02  2.033E+01  6.561  0.000  0.007  0.000  0.000 -1.000  29.818
   1  -1.  1.98E+02  2.013E+01  6.576  0.000  0.011  0.000  0.000 -1.000  29.800
   2   0.  1.98E+02  1.998E+01  6.562  0.000  0.016  0.000  0.000 -1.000  29.797
   3   0.  1.98E+02  1.991E+01  6.550  0.000  0.008  0.000  0.000 -1.000  29.796
   4   0.  1.98E+02  1.988E+01  6.541  0.000  0.012  0.000  0.000 -1.000  29.797
   5   0.  1.98E+02  1.987E+01  6.527  0.000  0.006  0.000  0.000 -1.000  29.800
   6   1.  1.98E+02  1.987E+01  6.525  0.000  0.009  0.000  0.000 -1.000  29.802
   7   1.  1.98E+02  1.987E+01  6.523  0.000  0.004  0.000  0.000 -1.000  29.803
   8   1.  1.98E+02  1.987E+01  6.521  0.000  0.002  0.000  0.000 -1.000  29.804
   9   1.  1.98E+02  1.986E+01  6.520  0.000  0.002  0.000  0.000 -1.000  29.805
  10   1.  1.98E+02  1.986E+01  6.518  0.000  0.002  0.000  0.000 -1.000  29.805
  11   1.  1.98E+02  1.986E+01  6.517  0.000  0.002  0.000  0.000 -1.000  29.806
  12   1.  1.98E+02  1.986E+01  6.516  0.000  0.002  0.000  0.000 -1.000  29.807
  13   1.  1.98E+02  1.986E+01  6.515  0.000  0.002  0.000  0.000 -1.000  29.808
  14   1.  1.98E+02  1.986E+01  6.514  0.000  0.003  0.000  0.000 -1.000  29.808
  it  DE     s/n      chi**2    Mac1   Mac2   mic1   mic2   fill2 Ic1/Ic2 stray 
   0       1.98E+02  1.972E+01
  15   1.  1.98E+02  1.986E+01  6.513  0.000  0.004  0.000  0.000 -1.000  29.809
   1  -3.  1.98E+02  1.959E+01  6.516  0.000  0.002  0.000  0.000 -1.000  29.695
   2  -4.  1.98E+02  1.972E+01  6.558  0.000  0.003  0.000  0.000 -1.000  29.595
   3   0.  1.98E+02  1.971E+01  6.565  0.000  0.002  0.000  0.000 -1.000  29.592
   4   0.  1.98E+02  1.967E+01  6.562  0.000  0.001  0.000  0.000 -1.000  29.590
   5   0.  1.98E+02  1.966E+01  6.564  0.000  0.001  0.000  0.000 -1.000  29.589
   6   0.  1.98E+02  1.966E+01  6.566  0.000  0.001  0.000  0.000 -1.000  29.588
   7   0.  1.98E+02  1.966E+01  6.568  0.000  0.001  0.000  0.000 -1.000  29.586
   8   0.  1.98E+02  1.966E+01  6.570  0.000  0.000  0.000  0.000 -1.000  29.585
   9   0.  1.98E+02  1.966E+01  6.571  0.000  0.001  0.000  0.000 -1.000  29.583
  10  -1.  1.98E+02  1.959E+01  6.576  0.000  0.001  0.000  0.000 -1.000  29.568
  11  -1.  1.98E+02  1.959E+01  6.580  0.000  0.001  0.000  0.000 -1.000  29.553
  12  -2.  1.98E+02  1.966E+01  6.596  0.000  0.001  0.000  0.000 -1.000  29.468
  13   0.  1.98E+02  1.966E+01  6.597  0.000  0.001  0.000  0.000 -1.000  29.467
