   1.56777430       0.00000000       1.44993782    
  1.2000     50.3  6.09735E+01  2.336E+07  3.8379E+02  1.4150E+05  9.5903E+00  5.3842E+01  5.8730E+00  2.2027E+04  5.0266E-08
  1.1000     54.7  4.67147E+01  2.336E+07  3.8379E+02  1.4150E+05  9.5903E+00  5.3842E+01  5.7876E+00  2.1537E+04  5.2041E-08
  1.0000     59.1  3.36808E+01  2.336E+07  3.8379E+02  1.4150E+05  9.5903E+00  5.3842E+01  5.7261E+00  2.0860E+04  5.3557E-08
  0.9000     63.5  2.31256E+01  2.336E+07  3.8379E+02  1.4150E+05  9.5903E+00  5.3842E+01  5.6988E+00  1.9936E+04  5.4523E-08
  0.8000     67.9  1.53389E+01  2.336E+07  3.8379E+02  1.4150E+05  9.5903E+00  5.3842E+01  5.7112E+00  1.8726E+04  5.4638E-08
  0.7000     72.3  9.21766E+00  2.336E+07  3.8379E+02  1.4150E+05  9.5903E+00  5.3842E+01  5.7415E+00  1.7263E+04  5.4118E-08
  0.6000     76.7  5.15443E+00  2.336E+07  3.8379E+02  1.4150E+05  9.5903E+00  5.3842E+01  5.6954E+00  1.5791E+04  5.3145E-08
  0.5000     81.1  2.54622E+00  2.336E+07  3.8379E+02  1.4150E+05  9.5903E+00  5.3842E+01  5.3798E+00  1.4828E+04  5.3180E-08
  0.4000     85.5  1.22100E+00  2.336E+07  3.8379E+02  1.4150E+05  9.5903E+00  5.3842E+01  4.6452E+00  1.4742E+04  5.5346E-08
  0.3000     89.9  7.57238E-01  2.336E+07  3.8379E+02  1.4150E+05  9.5903E+00  5.3842E+01  3.5637E+00  1.5318E+04  5.9368E-08
  0.2000     94.3  6.85321E-01  2.336E+07  3.8379E+02  1.4150E+05  9.5903E+00  5.3842E+01  2.3393E+00  1.6051E+04  6.3946E-08
  0.1000     98.7  7.16962E-01  2.336E+07  3.8379E+02  1.4150E+05  9.5903E+00  5.3842E+01  1.1277E+00  1.6597E+04  6.8000E-08
  0.0000    103.1  7.33522E-01  2.336E+07  3.8379E+02  1.4150E+05  9.5903E+00  5.3842E+01  0.0000E+00  1.6825E+04  7.0959E-08
 -0.1000    107.5  7.05882E-01  2.336E+07  3.8379E+02  1.4150E+05  9.5903E+00  5.3842E+01  1.0353E+00  1.6749E+04  7.2322E-08
 -0.2000    111.9  6.54384E-01  2.336E+07  3.8379E+02  1.4150E+05  9.5903E+00  5.3842E+01  1.9876E+00  1.6427E+04  7.2691E-08
 -0.3000    116.3  5.92074E-01  2.336E+07  3.8379E+02  1.4150E+05  9.5903E+00  5.3842E+01  2.8645E+00  1.5910E+04  7.1966E-08
 -0.4000    120.8  5.21367E-01  2.336E+07  3.8379E+02  1.4150E+05  9.5903E+00  5.3842E+01  3.6737E+00  1.5240E+04  7.0639E-08
 -0.5000    125.2  4.52170E-01  2.336E+07  3.8379E+02  1.4150E+05  9.5903E+00  5.3842E+01  4.4206E+00  1.4451E+04  6.8587E-08
 -0.6000    129.6  3.89412E-01  2.336E+07  3.8379E+02  1.4150E+05  9.5903E+00  5.3842E+01  5.1170E+00  1.3589E+04  6.5965E-08
 -0.7000    134.0  3.27827E-01  2.336E+07  3.8379E+02  1.4150E+05  9.5903E+00  5.3842E+01  5.7690E+00  1.2682E+04  6.3061E-08
 -0.8000    138.4  2.77644E-01  2.336E+07  3.8379E+02  1.4150E+05  9.5903E+00  5.3842E+01  6.3881E+00  1.1761E+04  5.9799E-08
 -0.9000    142.8  2.32579E-01  2.336E+07  3.8379E+02  1.4150E+05  9.5903E+00  5.3842E+01  6.9977E+00  1.0863E+04  5.6524E-08
 -1.0000    147.2  1.96070E-01  2.336E+07  3.8379E+02  1.4150E+05  9.5903E+00  5.3842E+01  7.6089E+00  1.0006E+04  5.3147E-08
 -1.1000    151.6  1.62911E-01  2.336E+07  3.8379E+02  1.4150E+05  9.5903E+00  5.3842E+01  8.2280E+00  9.2028E+03  4.9923E-08
 -1.2000    156.0  1.33247E-01  2.336E+07  3.8379E+02  1.4150E+05  9.5903E+00  5.3842E+01  8.8702E+00  8.4575E+03  4.6881E-08
 -1.3000    160.4  1.07177E-01  2.336E+07  3.8379E+02  1.4150E+05  9.5903E+00  5.3842E+01  9.5530E+00  7.7747E+03  4.4041E-08
 -1.4000    164.8  8.47353E-02  2.336E+07  3.8379E+02  1.4150E+05  9.5903E+00  5.3842E+01  1.0293E+01  7.1549E+03  4.1412E-08
 -1.5000    169.2  6.79329E-02  2.336E+07  3.8379E+02  1.4150E+05  9.5903E+00  5.3842E+01  1.1099E+01  6.5961E+03  3.8882E-08
 -1.6000    173.6  5.44695E-02  2.336E+07  3.8379E+02  1.4150E+05  9.5903E+00  5.3842E+01  1.1971E+01  6.0933E+03  3.6524E-08
 -1.7000    178.0  4.38012E-02  2.336E+07  3.8379E+02  1.4150E+05  9.5903E+00  5.3842E+01  1.2908E+01  5.6381E+03  3.4313E-08
 -1.8000    182.4  3.54261E-02  2.336E+07  3.8379E+02  1.4150E+05  9.5903E+00  5.3842E+01  1.3901E+01  5.2212E+03  3.2220E-08
 -1.9000    186.8  2.88874E-02  2.336E+07  3.8379E+02  1.4150E+05  9.5903E+00  5.3842E+01  1.4939E+01  4.8333E+03  3.0213E-08
 -2.0000    191.2  2.38126E-02  2.336E+07  3.8379E+02  1.4150E+05  9.5903E+00  5.3842E+01  1.6007E+01  4.4669E+03  2.8263E-08
 -2.1000    195.6  1.98755E-02  2.336E+07  3.8379E+02  1.4150E+05  9.5903E+00  5.3842E+01  1.7087E+01  4.1159E+03  2.6348E-08
 -2.2000    200.0  1.68054E-02  2.336E+07  3.8379E+02  1.4150E+05  9.5903E+00  5.3842E+01  1.8162E+01  3.7764E+03  2.4456E-08
 -2.3000    204.4  1.43987E-02  2.336E+07  3.8379E+02  1.4150E+05  9.5903E+00  5.3842E+01  1.9216E+01  3.4467E+03  2.2580E-08
 -2.4000    208.8  1.24908E-02  2.336E+07  3.8379E+02  1.4150E+05  9.5903E+00  5.3842E+01  2.0233E+01  3.1264E+03  2.0725E-08
 -2.5000    213.2  1.09585E-02  2.336E+07  3.8379E+02  1.4150E+05  9.5903E+00  5.3842E+01  2.1202E+01  2.8167E+03  1.8900E-08
 -2.6000    217.6  9.58396E-03  2.336E+07  3.8379E+02  1.4150E+05  9.5903E+00  5.3842E+01  2.2069E+01  2.5093E+03  1.7130E-08
 -2.7000    222.0  8.48161E-03  2.336E+07  3.8379E+02  1.4150E+05  9.5903E+00  5.3842E+01  2.2741E+01  2.1918E+03  1.5296E-08
 -2.8000    226.4  7.62734E-03  2.336E+07  3.8379E+02  1.4150E+05  9.5903E+00  5.3842E+01  2.3124E+01  1.8594E+03  1.3350E-08
 -2.9000    230.8  6.98455E-03  2.336E+07  3.8379E+02  1.4150E+05  9.5903E+00  5.3842E+01  2.3125E+01  1.5149E+03  1.1280E-08
 -3.0000    235.2  6.69917E-03  2.336E+07  3.8379E+02  1.4150E+05  9.5903E+00  5.3842E+01  2.2955E+01  1.2028E+03  9.1957E-09
 -3.1000    239.6  6.41727E-03  2.336E+07  3.8379E+02  1.4150E+05  9.5903E+00  5.3842E+01  2.2868E+01  9.5657E+02  7.5221E-09
 -3.2000    244.0  6.13837E-03  2.336E+07  3.8379E+02  1.4150E+05  9.5903E+00  5.3842E+01  2.2869E+01  7.6270E+02  6.1779E-09
 -3.3000    248.4  5.86335E-03  2.336E+07  3.8379E+02  1.4150E+05  9.5903E+00  5.3842E+01  2.2961E+01  6.1025E+02  5.0968E-09
 -3.4000    252.9  5.59398E-03  2.336E+07  3.8379E+02  1.4150E+05  9.5903E+00  5.3842E+01  2.3144E+01  4.9041E+02  4.2257E-09
 -3.5000    257.3  5.33261E-03  2.336E+07  3.8379E+02  1.4150E+05  9.5903E+00  5.3842E+01  2.3413E+01  3.9609E+02  3.5215E-09
 -3.6000    261.7  5.08174E-03  2.336E+07  3.8379E+02  1.4150E+05  9.5903E+00  5.3842E+01  2.3761E+01  3.2161E+02  2.9496E-09
 -3.7000    266.1  4.84395E-03  2.336E+07  3.8379E+02  1.4150E+05  9.5903E+00  5.3842E+01  2.4176E+01  2.6245E+02  2.4823E-09
 -3.8000    270.5  4.62165E-03  2.336E+07  3.8379E+02  1.4150E+05  9.5903E+00  5.3842E+01  2.4641E+01  2.1502E+02  2.0974E-09
 -3.9000    274.9  4.41708E-03  2.336E+07  3.8379E+02  1.4150E+05  9.5903E+00  5.3842E+01  2.5134E+01  1.7650E+02  1.7774E-09
 -4.0000    279.3  4.23211E-03  2.336E+07  3.8379E+02  1.4150E+05  9.5903E+00  5.3842E+01  2.5628E+01  1.4469E+02  1.5084E-09
 -4.1000    283.7  4.06819E-03  2.336E+07  3.8379E+02  1.4150E+05  9.5903E+00  5.3842E+01  2.6092E+01  1.1792E+02  1.2797E-09
 -4.2000    288.1  3.92639E-03  2.336E+07  3.8379E+02  1.4150E+05  9.5903E+00  5.3842E+01  2.6491E+01  9.4917E+01  1.0830E-09
 -4.3000    292.5  3.80731E-03  2.336E+07  3.8379E+02  1.4150E+05  9.5903E+00  5.3842E+01  2.6789E+01  7.4763E+01  9.1197E-10
 -4.4000    296.9  3.71117E-03  2.336E+07  3.8379E+02  1.4150E+05  9.5903E+00  5.3842E+01  2.6950E+01  5.6796E+01  7.6190E-10
 -4.5000    301.3  3.63768E-03  2.336E+07  3.8379E+02  1.4150E+05  9.5903E+00  5.3842E+01  2.6943E+01  4.0569E+01  6.2933E-10
 -4.6000    305.7  3.58626E-03  2.336E+07  3.8379E+02  1.4150E+05  9.5903E+00  5.3842E+01  2.6744E+01  2.5795E+01  5.1177E-10
 -4.7000    310.1  3.55601E-03  2.336E+07  3.8379E+02  1.4150E+05  9.5903E+00  5.3842E+01  2.6342E+01  1.2302E+01  4.0742E-10
 -4.8000    314.5  3.54572E-03  2.336E+07  3.8379E+02  1.4150E+05  9.5903E+00  5.3842E+01  2.5740E+01  0.0000E+00  3.1500E-10
