   1.07148743       0.00000000       1.01761246    
  1.2000    102.0  1.73314E+02  2.237E+06  3.4058E+02  9.4146E+05  8.6085E+00  2.6884E+01  1.2207E+00  1.2395E+04  3.7852E-08
  1.1000     84.8  9.42560E+01  2.237E+06  3.5510E+02  7.9678E+05  8.8840E+00  2.6884E+01  1.4746E+00  1.1208E+04  3.4944E-08
  1.0000     69.9  4.87640E+01  2.237E+06  3.6962E+02  6.6812E+05  9.1596E+00  2.6884E+01  1.7134E+00  1.0029E+04  3.2006E-08
  0.9000     57.2  2.42015E+01  2.237E+06  3.8414E+02  5.5470E+05  9.4351E+00  2.6884E+01  1.9358E+00  8.8591E+03  2.8984E-08
  0.8000     46.6  1.16649E+01  2.237E+06  3.9867E+02  4.5575E+05  9.7106E+00  2.6884E+01  2.1301E+00  7.7377E+03  2.5932E-08
  0.7000     38.0  5.11607E+00  2.237E+06  4.1319E+02  3.7049E+05  9.9861E+00  2.6884E+01  2.2693E+00  6.7374E+03  2.3202E-08
  0.6000     31.2  2.07793E+00  2.237E+06  4.2771E+02  2.9814E+05  1.0262E+01  2.6884E+01  2.3023E+00  5.9937E+03  2.1052E-08
  0.5000     26.1  7.08477E-01  2.237E+06  4.4224E+02  2.3794E+05  1.0537E+01  2.6884E+01  2.1669E+00  5.6632E+03  2.0074E-08
  0.4000     22.5  1.86615E-01  2.237E+06  4.5676E+02  1.8909E+05  1.0813E+01  2.6884E+01  1.8546E+00  5.7438E+03  2.0401E-08
  0.3000     20.5  3.59440E-02  2.237E+06  4.7128E+02  1.5083E+05  1.1088E+01  2.6884E+01  1.4292E+00  6.0513E+03  2.1649E-08
  0.2000     19.8  1.82877E-02  2.237E+06  4.8580E+02  1.2238E+05  1.1364E+01  2.6884E+01  9.6003E-01  6.4031E+03  2.3314E-08
  0.1000     20.2  4.04024E-02  2.237E+06  5.0033E+02  1.0297E+05  1.1639E+01  2.6884E+01  4.8060E-01  6.7127E+03  2.5095E-08
  0.0000     21.8  6.88629E-02  2.237E+06  5.1485E+02  9.1812E+04  1.1915E+01  2.6884E+01  0.0000E+00  6.9506E+03  2.6826E-08
 -0.1000     24.3  8.93650E-02  2.237E+06  5.2937E+02  8.8137E+04  1.2190E+01  2.6884E+01  4.8256E-01  7.1128E+03  2.8272E-08
 -0.2000     27.7  1.05550E-01  2.237E+06  5.4390E+02  9.1169E+04  1.2466E+01  2.6884E+01  9.6748E-01  7.1994E+03  2.9545E-08
 -0.3000     31.8  1.16163E-01  2.237E+06  5.5842E+02  1.0013E+05  1.2741E+01  2.6884E+01  1.4519E+00  7.2092E+03  3.0496E-08
 -0.4000     36.5  1.20970E-01  2.237E+06  5.7294E+02  1.1424E+05  1.3017E+01  2.6884E+01  1.9320E+00  7.1418E+03  3.1221E-08
 -0.5000     41.6  1.20903E-01  2.237E+06  5.8746E+02  1.3274E+05  1.3292E+01  2.6884E+01  2.4037E+00  6.9980E+03  3.1590E-08
 -0.6000     47.1  1.17590E-01  2.237E+06  6.0199E+02  1.5483E+05  1.3568E+01  2.6884E+01  2.8641E+00  6.7865E+03  3.1591E-08
 -0.7000     52.7  1.08980E-01  2.237E+06  6.1651E+02  1.7975E+05  1.3843E+01  2.6884E+01  3.3069E+00  6.5118E+03  3.1293E-08
 -0.8000     58.5  1.02112E-01  2.237E+06  6.3103E+02  2.0672E+05  1.4119E+01  2.6884E+01  3.7376E+00  6.1927E+03  3.0652E-08
 -0.9000     64.2  9.17113E-02  2.237E+06  6.4556E+02  2.3497E+05  1.4394E+01  2.6884E+01  4.1628E+00  5.8488E+03  2.9823E-08
 -1.0000     69.8  8.23048E-02  2.237E+06  6.6008E+02  2.6371E+05  1.4670E+01  2.6884E+01  4.5805E+00  5.4886E+03  2.8739E-08
 -1.1000     75.1  7.18552E-02  2.237E+06  6.7460E+02  2.9217E+05  1.4945E+01  2.6884E+01  4.9958E+00  5.1262E+03  2.7557E-08
 -1.2000     80.0  6.09416E-02  2.237E+06  6.8912E+02  3.1958E+05  1.5221E+01  2.6884E+01  5.4178E+00  4.7718E+03  2.6320E-08
 -1.3000     84.3  5.01432E-02  2.237E+06  7.0365E+02  3.4515E+05  1.5496E+01  2.6884E+01  5.8584E+00  4.4346E+03  2.5067E-08
 -1.4000     88.0  3.99608E-02  2.237E+06  7.1817E+02  3.6812E+05  1.5772E+01  2.6884E+01  6.3299E+00  4.1207E+03  2.3827E-08
 -1.5000     90.9  3.18491E-02  2.237E+06  7.3269E+02  3.8771E+05  1.6048E+01  2.6884E+01  6.8410E+00  3.8342E+03  2.2560E-08
 -1.6000     92.9  2.49238E-02  2.237E+06  7.4722E+02  4.0314E+05  1.6323E+01  2.6884E+01  7.3976E+00  3.5769E+03  2.1332E-08
 -1.7000     93.8  1.91201E-02  2.237E+06  7.6174E+02  4.1364E+05  1.6599E+01  2.6884E+01  8.0056E+00  3.3479E+03  2.0152E-08
 -1.8000     93.6  1.43049E-02  2.237E+06  7.7626E+02  4.1842E+05  1.6874E+01  2.6884E+01  8.6709E+00  3.1454E+03  1.9028E-08
 -1.9000     92.3  1.03620E-02  2.237E+06  7.9079E+02  4.1750E+05  1.7150E+01  2.6884E+01  9.4005E+00  2.9676E+03  1.7969E-08
 -2.0000     90.3  7.27197E-03  2.237E+06  8.0531E+02  4.1402E+05  1.7425E+01  2.6884E+01  1.0203E+01  2.8118E+03  1.6998E-08
 -2.1000     88.3  4.94884E-03  2.237E+06  8.1983E+02  4.1191E+05  1.7701E+01  2.6884E+01  1.1088E+01  2.6752E+03  1.6129E-08
 -2.2000     87.0  3.27534E-03  2.237E+06  8.3435E+02  4.1510E+05  1.7976E+01  2.6884E+01  1.2066E+01  2.5540E+03  1.5366E-08
 -2.3000     87.0  2.13681E-03  2.237E+06  8.4888E+02  4.2752E+05  1.8252E+01  2.6884E+01  1.3146E+01  2.4445E+03  1.4701E-08
 -2.4000     89.0  1.43266E-03  2.237E+06  8.6340E+02  4.5310E+05  1.8527E+01  2.6884E+01  1.4340E+01  2.3428E+03  1.4120E-08
 -2.5000     93.7  1.07889E-03  2.237E+06  8.7792E+02  4.9576E+05  1.8803E+01  2.6884E+01  1.5654E+01  2.2451E+03  1.3601E-08
 -2.6000    101.6  1.03463E-03  2.237E+06  8.9245E+02  5.5943E+05  1.9078E+01  2.6884E+01  1.7070E+01  2.1415E+03  1.3136E-08
 -2.7000    113.5  1.24921E-03  2.237E+06  9.0697E+02  6.4805E+05  1.9354E+01  2.6884E+01  1.8542E+01  2.0198E+03  1.2615E-08
 -2.8000    129.9  1.65696E-03  2.237E+06  9.2149E+02  7.6553E+05  1.9629E+01  2.6884E+01  2.0015E+01  1.8716E+03  1.1967E-08
 -2.9000    151.6  2.19521E-03  2.237E+06  9.3601E+02  9.1582E+05  1.9905E+01  2.6884E+01  2.1421E+01  1.6937E+03  1.1136E-08
 -3.0000    179.2  2.83069E-03  2.237E+06  9.5054E+02  1.1028E+06  2.0180E+01  2.6884E+01  2.2911E+01  1.5174E+03  1.0129E-08
 -3.1000    213.3  3.60282E-03  2.237E+06  9.6506E+02  1.3305E+06  2.0456E+01  2.6884E+01  2.4722E+01  1.3721E+03  9.3039E-09
 -3.2000    254.6  4.55604E-03  2.237E+06  9.7958E+02  1.6028E+06  2.0731E+01  2.6884E+01  2.6964E+01  1.2547E+03  8.6304E-09
 -3.3000    303.8  5.78423E-03  2.237E+06  9.9411E+02  1.9235E+06  2.1007E+01  2.6884E+01  2.9740E+01  1.1603E+03  8.0743E-09
 -3.4000    361.4  7.45860E-03  2.237E+06  1.0086E+03  2.2967E+06  2.1282E+01  2.6884E+01  3.3080E+01  1.0813E+03  7.5905E-09
 -3.5000    428.3  9.84065E-03  2.237E+06  1.0232E+03  2.7263E+06  2.1558E+01  2.6884E+01  3.6868E+01  1.0081E+03  7.1275E-09
 -3.6000    504.9  1.32658E-02  2.237E+06  1.0377E+03  3.2162E+06  2.1833E+01  2.6884E+01  4.0791E+01  9.3059E+02  6.6382E-09
 -3.7000    592.0  1.80542E-02  2.237E+06  1.0522E+03  3.7703E+06  2.2109E+01  2.6884E+01  4.4398E+01  8.4251E+02  6.0976E-09
 -3.8000    690.2  2.44374E-02  2.237E+06  1.0667E+03  4.3926E+06  2.2384E+01  2.6884E+01  4.7257E+01  7.4307E+02  5.5088E-09
 -3.9000    800.2  3.23569E-02  2.237E+06  1.0812E+03  5.0870E+06  2.2660E+01  2.6884E+01  4.9115E+01  6.3649E+02  4.8982E-09
 -4.0000    922.6  4.12262E-02  2.237E+06  1.0958E+03  5.8573E+06  2.2936E+01  2.6884E+01  4.9983E+01  5.2931E+02  4.3002E-09
 -4.1000   1058.0  4.99851E-02  2.237E+06  1.1103E+03  6.7076E+06  2.3211E+01  2.6884E+01  5.0087E+01  4.2787E+02  3.7439E-09
 -4.2000   1207.2  5.73459E-02  2.237E+06  1.1248E+03  7.6418E+06  2.3487E+01  2.6884E+01  4.9750E+01  3.3658E+02  3.2482E-09
 -4.3000   1370.8  6.23101E-02  2.237E+06  1.1393E+03  8.6638E+06  2.3762E+01  2.6884E+01  4.9366E+01  2.5829E+02  2.8227E-09
 -4.4000   1549.4  6.50133E-02  2.237E+06  1.1539E+03  9.7775E+06  2.4038E+01  2.6884E+01  4.9337E+01  1.9434E+02  2.4695E-09
 -4.5000   1743.6  7.06736E-02  2.237E+06  1.1684E+03  1.0987E+07  2.4313E+01  2.6884E+01  4.9680E+01  1.4257E+02  2.1773E-09
 -4.6000   1954.2  9.26635E-02  2.237E+06  1.1829E+03  1.2296E+07  2.4589E+01  2.6884E+01  4.9586E+01  9.6295E+01  1.9218E-09
 -4.7000   2181.8  1.51914E-01  2.237E+06  1.1974E+03  1.3708E+07  2.4864E+01  2.6884E+01  4.7924E+01  4.8995E+01  1.6819E-09
 -4.8000   2427.0  2.84644E-01  2.237E+06  1.2119E+03  1.5228E+07  2.5140E+01  2.6884E+01  4.4427E+01  0.0000E+00  1.4574E-09
