   1.18095684       0.00000000       1.10926247    
  1.2000    112.3  1.90171E+02  1.062E+07  3.7211E+02  1.3523E+05  9.1561E+00  2.6076E+01  1.4180E+00  1.3741E+04  4.2297E-08
  1.1000     93.4  1.03256E+02  1.062E+07  3.8793E+02  1.4043E+05  9.4574E+00  2.6076E+01  1.6951E+00  1.2429E+04  3.9100E-08
  1.0000     77.0  5.33251E+01  1.062E+07  4.0374E+02  1.4562E+05  9.7588E+00  2.6076E+01  1.9556E+00  1.1125E+04  3.5863E-08
  0.9000     63.0  2.64167E+01  1.062E+07  4.1956E+02  1.5081E+05  1.0060E+01  2.6076E+01  2.1977E+00  9.8298E+03  3.2527E-08
  0.8000     51.4  1.27051E+01  1.062E+07  4.3537E+02  1.5600E+05  1.0361E+01  2.6076E+01  2.4080E+00  8.5883E+03  2.9151E-08
  0.7000     41.8  5.55490E+00  1.062E+07  4.5119E+02  1.6120E+05  1.0663E+01  2.6076E+01  2.5557E+00  7.4839E+03  2.6137E-08
  0.6000     34.3  2.24434E+00  1.062E+07  4.6700E+02  1.6639E+05  1.0964E+01  2.6076E+01  2.5829E+00  6.6700E+03  2.3776E-08
  0.5000     28.7  7.58011E-01  1.062E+07  4.8282E+02  1.7158E+05  1.1265E+01  2.6076E+01  2.4215E+00  6.3195E+03  2.2730E-08
  0.4000     24.9  1.96703E-01  1.062E+07  4.9863E+02  1.7677E+05  1.1567E+01  2.6076E+01  2.0654E+00  6.4224E+03  2.3127E-08
  0.3000     22.6  3.76072E-02  1.062E+07  5.1444E+02  1.8197E+05  1.1868E+01  2.6076E+01  1.5879E+00  6.7691E+03  2.4525E-08
  0.2000     21.8  2.09742E-02  1.062E+07  5.3026E+02  1.8716E+05  1.2170E+01  2.6076E+01  1.0652E+00  7.1588E+03  2.6371E-08
  0.1000     22.4  4.62332E-02  1.062E+07  5.4607E+02  1.9235E+05  1.2471E+01  2.6076E+01  5.3284E-01  7.4990E+03  2.8335E-08
  0.0000     24.1  7.74755E-02  1.062E+07  5.6189E+02  1.9754E+05  1.2772E+01  2.6076E+01  0.0000E+00  7.7583E+03  3.0237E-08
 -0.1000     26.9  9.96342E-02  1.062E+07  5.7770E+02  2.0273E+05  1.3074E+01  2.6076E+01  5.3467E-01  7.9332E+03  3.1818E-08
 -0.2000     30.6  1.16866E-01  1.062E+07  5.9352E+02  2.0793E+05  1.3375E+01  2.6076E+01  1.0718E+00  8.0241E+03  3.3203E-08
 -0.3000     35.2  1.28007E-01  1.062E+07  6.0933E+02  2.1312E+05  1.3676E+01  2.6076E+01  1.6083E+00  8.0299E+03  3.4230E-08
 -0.4000     40.3  1.32776E-01  1.062E+07  6.2515E+02  2.1831E+05  1.3978E+01  2.6076E+01  2.1402E+00  7.9504E+03  3.5004E-08
 -0.5000     46.0  1.32308E-01  1.062E+07  6.4096E+02  2.2350E+05  1.4279E+01  2.6076E+01  2.6633E+00  7.7865E+03  3.5384E-08
 -0.6000     52.0  1.28389E-01  1.062E+07  6.5677E+02  2.2870E+05  1.4580E+01  2.6076E+01  3.1744E+00  7.5486E+03  3.5357E-08
 -0.7000     58.3  1.18860E-01  1.062E+07  6.7259E+02  2.3389E+05  1.4882E+01  2.6076E+01  3.6676E+00  7.2423E+03  3.5005E-08
 -0.8000     64.6  1.11091E-01  1.062E+07  6.8840E+02  2.3908E+05  1.5183E+01  2.6076E+01  4.1486E+00  6.8879E+03  3.4277E-08
 -0.9000     70.9  9.96475E-02  1.062E+07  7.0422E+02  2.4427E+05  1.5484E+01  2.6076E+01  4.6242E+00  6.5065E+03  3.3342E-08
 -1.0000     77.1  8.93553E-02  1.062E+07  7.2003E+02  2.4946E+05  1.5786E+01  2.6076E+01  5.0928E+00  6.1082E+03  3.2129E-08
 -1.1000     82.9  7.79314E-02  1.062E+07  7.3585E+02  2.5466E+05  1.6087E+01  2.6076E+01  5.5600E+00  5.7082E+03  3.0814E-08
 -1.2000     88.3  6.60303E-02  1.062E+07  7.5166E+02  2.5985E+05  1.6388E+01  2.6076E+01  6.0363E+00  5.3180E+03  2.9442E-08
 -1.3000     93.1  5.42819E-02  1.062E+07  7.6748E+02  2.6504E+05  1.6690E+01  2.6076E+01  6.5341E+00  4.9470E+03  2.8053E-08
 -1.4000     97.1  4.32253E-02  1.062E+07  7.8329E+02  2.7023E+05  1.6991E+01  2.6076E+01  7.0667E+00  4.6017E+03  2.6683E-08
 -1.5000    100.3  3.44205E-02  1.062E+07  7.9910E+02  2.7543E+05  1.7292E+01  2.6076E+01  7.6432E+00  4.2863E+03  2.5280E-08
 -1.6000    102.5  2.69159E-02  1.062E+07  8.1492E+02  2.8062E+05  1.7594E+01  2.6076E+01  8.2694E+00  4.0023E+03  2.3917E-08
 -1.7000    103.5  2.06271E-02  1.062E+07  8.3073E+02  2.8581E+05  1.7895E+01  2.6076E+01  8.9512E+00  3.7486E+03  2.2606E-08
 -1.8000    103.3  1.54167E-02  1.062E+07  8.4655E+02  2.9100E+05  1.8196E+01  2.6076E+01  9.6943E+00  3.5232E+03  2.1351E-08
 -1.9000    101.8  1.11547E-02  1.062E+07  8.6236E+02  2.9619E+05  1.8498E+01  2.6076E+01  1.0506E+01  3.3239E+03  2.0163E-08
 -2.0000     99.6  7.81629E-03  1.062E+07  8.7818E+02  3.0139E+05  1.8799E+01  2.6076E+01  1.1396E+01  3.1482E+03  1.9068E-08
 -2.1000     97.4  5.31158E-03  1.062E+07  8.9399E+02  3.0658E+05  1.9101E+01  2.6076E+01  1.2373E+01  2.9927E+03  1.8082E-08
 -2.2000     96.0  3.51165E-03  1.062E+07  9.0981E+02  3.1177E+05  1.9402E+01  2.6076E+01  1.3450E+01  2.8537E+03  1.7209E-08
 -2.3000     96.0  2.29144E-03  1.062E+07  9.2562E+02  3.1696E+05  1.9703E+01  2.6076E+01  1.4637E+01  2.7272E+03  1.6443E-08
 -2.4000     98.2  1.54140E-03  1.062E+07  9.4144E+02  3.2216E+05  2.0005E+01  2.6076E+01  1.5946E+01  2.6092E+03  1.5766E-08
 -2.5000    103.3  1.17125E-03  1.062E+07  9.5725E+02  3.2735E+05  2.0306E+01  2.6076E+01  1.7384E+01  2.4953E+03  1.5158E-08
 -2.6000    112.0  1.13998E-03  1.062E+07  9.7306E+02  3.3254E+05  2.0607E+01  2.6076E+01  1.8932E+01  2.3752E+03  1.4608E-08
 -2.7000    125.1  1.38795E-03  1.062E+07  9.8888E+02  3.3773E+05  2.0909E+01  2.6076E+01  2.0539E+01  2.2349E+03  1.3995E-08
 -2.8000    143.2  1.84412E-03  1.062E+07  1.0047E+03  3.4293E+05  2.1210E+01  2.6076E+01  2.2144E+01  2.0656E+03  1.3241E-08
 -2.9000    167.1  2.44079E-03  1.062E+07  1.0205E+03  3.4812E+05  2.1511E+01  2.6076E+01  2.3678E+01  1.8643E+03  1.2286E-08
 -3.0000    197.6  3.14757E-03  1.062E+07  1.0363E+03  3.5331E+05  2.1813E+01  2.6076E+01  2.5312E+01  1.6662E+03  1.1145E-08
 -3.1000    235.2  4.01765E-03  1.062E+07  1.0521E+03  3.5850E+05  2.2114E+01  2.6076E+01  2.7315E+01  1.5040E+03  1.0213E-08
 -3.2000    280.8  5.11546E-03  1.062E+07  1.0680E+03  3.6369E+05  2.2415E+01  2.6076E+01  2.9811E+01  1.3734E+03  9.4524E-09
 -3.3000    335.0  6.57031E-03  1.062E+07  1.0838E+03  3.6889E+05  2.2717E+01  2.6076E+01  3.2901E+01  1.2682E+03  8.8215E-09
 -3.4000    398.6  8.61574E-03  1.062E+07  1.0996E+03  3.7408E+05  2.3018E+01  2.6076E+01  3.6582E+01  1.1786E+03  8.2637E-09
 -3.5000    472.3  1.15875E-02  1.062E+07  1.1154E+03  3.7927E+05  2.3319E+01  2.6076E+01  4.0665E+01  1.0930E+03  7.7191E-09
 -3.6000    556.8  1.58913E-02  1.062E+07  1.1312E+03  3.8446E+05  2.3621E+01  2.6076E+01  4.4749E+01  1.0007E+03  7.1388E-09
 -3.7000    652.9  2.18686E-02  1.062E+07  1.1470E+03  3.8966E+05  2.3922E+01  2.6076E+01  4.8336E+01  8.9674E+02  6.5058E-09
 -3.8000    761.2  2.96691E-02  1.062E+07  1.1628E+03  3.9485E+05  2.4223E+01  2.6076E+01  5.1034E+01  7.8250E+02  5.8342E-09
 -3.9000    882.5  3.89438E-02  1.062E+07  1.1787E+03  4.0004E+05  2.4525E+01  2.6076E+01  5.2705E+01  6.6418E+02  5.1590E-09
 -4.0000   1017.4  4.86520E-02  1.062E+07  1.1945E+03  4.0523E+05  2.4826E+01  2.6076E+01  5.3498E+01  5.4930E+02  4.5171E-09
 -4.1000   1166.8  5.73163E-02  1.062E+07  1.2103E+03  4.1042E+05  2.5127E+01  2.6076E+01  5.3719E+01  4.4384E+02  3.9345E-09
 -4.2000   1331.4  6.36132E-02  1.062E+07  1.2261E+03  4.1562E+05  2.5429E+01  2.6076E+01  5.3806E+01  3.5206E+02  3.4274E-09
 -4.3000   1511.7  6.68528E-02  1.062E+07  1.2419E+03  4.2081E+05  2.5730E+01  2.6076E+01  5.4251E+01  2.7648E+02  3.0020E-09
 -4.4000   1708.7  7.07151E-02  1.062E+07  1.2577E+03  4.2600E+05  2.6031E+01  2.6076E+01  5.5280E+01  2.1608E+02  2.6509E-09
 -4.5000   1922.9  8.80302E-02  1.062E+07  1.2735E+03  4.3119E+05  2.6333E+01  2.6076E+01  5.6204E+01  1.6407E+02  2.3477E-09
 -4.6000   2155.2  1.40484E-01  1.062E+07  1.2894E+03  4.3639E+05  2.6634E+01  2.6076E+01  5.5575E+01  1.1145E+02  2.0631E-09
 -4.7000   2406.2  2.64242E-01  1.062E+07  1.3052E+03  4.4158E+05  2.6936E+01  2.6076E+01  5.2684E+01  5.5582E+01  1.7910E-09
 -4.8000   2676.6  5.33116E-01  1.062E+07  1.3210E+03  4.4677E+05  2.7237E+01  2.6076E+01  4.8063E+01  0.0000E+00  1.5438E-09
