   1.49677801       0.00000000       1.58611870    
  1.2000     43.6  2.64390E+01  4.179E+06  4.0117E+02  1.3982E+05  1.0088E+01  5.1471E+01  1.0441E+01  2.9115E+04  6.7515E-08
  1.1000     47.2  2.22759E+01  4.179E+06  4.0117E+02  1.3982E+05  1.0088E+01  5.1471E+01  1.0150E+01  2.8657E+04  6.8994E-08
  1.0000     50.8  1.79599E+01  4.179E+06  4.0117E+02  1.3982E+05  1.0088E+01  5.1471E+01  9.8607E+00  2.8085E+04  7.0275E-08
  0.9000     54.5  1.38573E+01  4.179E+06  4.0117E+02  1.3982E+05  1.0088E+01  5.1471E+01  9.5693E+00  2.7389E+04  7.1303E-08
  0.8000     58.1  1.01867E+01  4.179E+06  4.0117E+02  1.3982E+05  1.0088E+01  5.1471E+01  9.2632E+00  2.6577E+04  7.2058E-08
  0.7000     61.7  7.05799E+00  4.179E+06  4.0117E+02  1.3982E+05  1.0088E+01  5.1471E+01  8.9147E+00  2.5695E+04  7.2610E-08
  0.6000     65.3  4.52390E+00  4.179E+06  4.0117E+02  1.3982E+05  1.0088E+01  5.1471E+01  8.4669E+00  2.4867E+04  7.3205E-08
  0.5000     69.0  2.52046E+00  4.179E+06  4.0117E+02  1.3982E+05  1.0088E+01  5.1471E+01  7.8170E+00  2.4321E+04  7.4499E-08
  0.4000     72.6  1.09818E+00  4.179E+06  4.0117E+02  1.3982E+05  1.0088E+01  5.1471E+01  6.8369E+00  2.4337E+04  7.7257E-08
  0.3000     76.2  2.48148E-01  4.179E+06  4.0117E+02  1.3982E+05  1.0088E+01  5.1471E+01  5.4603E+00  2.5041E+04  8.2009E-08
  0.2000     79.9  1.11340E-01  4.179E+06  4.0117E+02  1.3982E+05  1.0088E+01  5.1471E+01  3.7555E+00  2.6265E+04  8.8597E-08
  0.1000     83.5  1.45733E-01  4.179E+06  4.0117E+02  1.3982E+05  1.0088E+01  5.1471E+01  1.8848E+00  2.7673E+04  9.6032E-08
  0.0000     87.1  2.45705E-02  4.179E+06  4.0117E+02  1.3982E+05  1.0088E+01  5.1471E+01  0.0000E+00  2.8982E+04  1.0374E-07
 -0.1000     90.8  1.21267E-01  4.179E+06  4.0117E+02  1.3982E+05  1.0088E+01  5.1471E+01  1.8144E+00  3.0052E+04  1.1100E-07
 -0.2000     94.4  2.27636E-01  4.179E+06  4.0117E+02  1.3982E+05  1.0088E+01  5.1471E+01  3.5333E+00  3.0848E+04  1.1755E-07
 -0.3000     98.0  2.80660E-01  4.179E+06  4.0117E+02  1.3982E+05  1.0088E+01  5.1471E+01  5.1646E+00  3.1380E+04  1.2361E-07
 -0.4000    101.7  2.77368E-01  4.179E+06  4.0117E+02  1.3982E+05  1.0088E+01  5.1471E+01  6.7363E+00  3.1688E+04  1.2877E-07
 -0.5000    105.3  2.39062E-01  4.179E+06  4.0117E+02  1.3982E+05  1.0088E+01  5.1471E+01  8.2895E+00  3.1826E+04  1.3356E-07
 -0.6000    108.9  1.84501E-01  4.179E+06  4.0117E+02  1.3982E+05  1.0088E+01  5.1471E+01  9.8706E+00  3.1850E+04  1.3776E-07
 -0.7000    112.6  1.27345E-01  4.179E+06  4.0117E+02  1.3982E+05  1.0088E+01  5.1471E+01  1.1524E+01  3.1825E+04  1.4156E-07
 -0.8000    116.2  7.57612E-02  4.179E+06  4.0117E+02  1.3982E+05  1.0088E+01  5.1471E+01  1.3299E+01  3.1808E+04  1.4556E-07
 -0.9000    119.8  3.41433E-02  4.179E+06  4.0117E+02  1.3982E+05  1.0088E+01  5.1471E+01  1.5230E+01  3.1839E+04  1.4941E-07
 -1.0000    123.4  1.73259E-03  4.179E+06  4.0117E+02  1.3982E+05  1.0088E+01  5.1471E+01  1.7325E+01  3.1918E+04  1.5360E-07
 -1.1000    127.1  1.91797E-02  4.179E+06  4.0117E+02  1.3982E+05  1.0088E+01  5.1471E+01  1.9573E+01  3.2018E+04  1.5766E-07
 -1.2000    130.7  3.06441E-02  4.179E+06  4.0117E+02  1.3982E+05  1.0088E+01  5.1471E+01  2.1929E+01  3.2088E+04  1.6131E-07
 -1.3000    134.3  3.51339E-02  4.179E+06  4.0117E+02  1.3982E+05  1.0088E+01  5.1471E+01  2.4341E+01  3.2062E+04  1.6470E-07
 -1.4000    138.0  3.48061E-02  4.179E+06  4.0117E+02  1.3982E+05  1.0088E+01  5.1471E+01  2.6758E+01  3.1885E+04  1.6703E-07
 -1.5000    141.6  3.14393E-02  4.179E+06  4.0117E+02  1.3982E+05  1.0088E+01  5.1471E+01  2.9140E+01  3.1522E+04  1.6850E-07
 -1.6000    145.2  2.69773E-02  4.179E+06  4.0117E+02  1.3982E+05  1.0088E+01  5.1471E+01  3.1459E+01  3.0952E+04  1.6864E-07
 -1.7000    148.9  2.23563E-02  4.179E+06  4.0117E+02  1.3982E+05  1.0088E+01  5.1471E+01  3.3705E+01  3.0184E+04  1.6744E-07
 -1.8000    152.5  1.73542E-02  4.179E+06  4.0117E+02  1.3982E+05  1.0088E+01  5.1471E+01  3.5866E+01  2.9219E+04  1.6514E-07
 -1.9000    156.1  1.28775E-02  4.179E+06  4.0117E+02  1.3982E+05  1.0088E+01  5.1471E+01  3.7931E+01  2.8059E+04  1.6135E-07
 -2.0000    159.8  8.57601E-03  4.179E+06  4.0117E+02  1.3982E+05  1.0088E+01  5.1471E+01  3.9886E+01  2.6708E+04  1.5633E-07
 -2.1000    163.4  4.91733E-03  4.179E+06  4.0117E+02  1.3982E+05  1.0088E+01  5.1471E+01  4.1710E+01  2.5167E+04  1.4986E-07
 -2.2000    167.0  1.94359E-03  4.179E+06  4.0117E+02  1.3982E+05  1.0088E+01  5.1471E+01  4.3383E+01  2.3449E+04  1.4198E-07
 -2.3000    170.7  5.86264E-04  4.179E+06  4.0117E+02  1.3982E+05  1.0088E+01  5.1471E+01  4.4869E+01  2.1556E+04  1.3281E-07
 -2.4000    174.3  2.40788E-03  4.179E+06  4.0117E+02  1.3982E+05  1.0088E+01  5.1471E+01  4.6126E+01  1.9492E+04  1.2216E-07
 -2.5000    177.9  3.74224E-03  4.179E+06  4.0117E+02  1.3982E+05  1.0088E+01  5.1471E+01  4.7097E+01  1.7268E+04  1.1019E-07
 -2.6000    181.5  4.55908E-03  4.179E+06  4.0117E+02  1.3982E+05  1.0088E+01  5.1471E+01  4.7694E+01  1.4895E+04  9.6822E-08
 -2.7000    185.2  4.95448E-03  4.179E+06  4.0117E+02  1.3982E+05  1.0088E+01  5.1471E+01  4.7797E+01  1.2402E+04  8.2200E-08
 -2.8000    188.8  4.71860E-03  4.179E+06  4.0117E+02  1.3982E+05  1.0088E+01  5.1471E+01  4.7422E+01  9.9808E+03  6.6968E-08
 -2.9000    192.4  4.16977E-03  4.179E+06  4.0117E+02  1.3982E+05  1.0088E+01  5.1471E+01  4.6818E+01  7.9145E+03  5.3393E-08
 -3.0000    196.1  3.67552E-03  4.179E+06  4.0117E+02  1.3982E+05  1.0088E+01  5.1471E+01  4.6146E+01  6.2666E+03  4.2539E-08
 -3.1000    199.7  3.23753E-03  4.179E+06  4.0117E+02  1.3982E+05  1.0088E+01  5.1471E+01  4.5421E+01  4.9546E+03  3.3871E-08
 -3.2000    203.3  2.85575E-03  4.179E+06  4.0117E+02  1.3982E+05  1.0088E+01  5.1471E+01  4.4656E+01  3.9114E+03  2.6955E-08
 -3.3000    207.0  2.52840E-03  4.179E+06  4.0117E+02  1.3982E+05  1.0088E+01  5.1471E+01  4.3862E+01  3.0830E+03  2.1440E-08
 -3.4000    210.6  2.25214E-03  4.179E+06  4.0117E+02  1.3982E+05  1.0088E+01  5.1471E+01  4.3050E+01  2.4258E+03  1.7045E-08
 -3.5000    214.2  2.02245E-03  4.179E+06  4.0117E+02  1.3982E+05  1.0088E+01  5.1471E+01  4.2226E+01  1.9046E+03  1.3542E-08
 -3.6000    217.9  1.83398E-03  4.179E+06  4.0117E+02  1.3982E+05  1.0088E+01  5.1471E+01  4.1392E+01  1.4916E+03  1.0750E-08
 -3.7000    221.5  1.68097E-03  4.179E+06  4.0117E+02  1.3982E+05  1.0088E+01  5.1471E+01  4.0550E+01  1.1643E+03  8.5229E-09
 -3.8000    225.1  1.55762E-03  4.179E+06  4.0117E+02  1.3982E+05  1.0088E+01  5.1471E+01  3.9698E+01  9.0483E+02  6.7456E-09
 -3.9000    228.8  1.45841E-03  4.179E+06  4.0117E+02  1.3982E+05  1.0088E+01  5.1471E+01  3.8830E+01  6.9914E+02  5.3259E-09
 -4.0000    232.4  1.37842E-03  4.179E+06  4.0117E+02  1.3982E+05  1.0088E+01  5.1471E+01  3.7938E+01  5.3594E+02  4.1902E-09
 -4.1000    236.0  1.31334E-03  4.179E+06  4.0117E+02  1.3982E+05  1.0088E+01  5.1471E+01  3.7011E+01  4.0636E+02  3.2806E-09
 -4.2000    239.6  1.25968E-03  4.179E+06  4.0117E+02  1.3982E+05  1.0088E+01  5.1471E+01  3.6035E+01  3.0333E+02  2.5507E-09
 -4.3000    243.3  1.21469E-03  4.179E+06  4.0117E+02  1.3982E+05  1.0088E+01  5.1471E+01  3.4992E+01  2.2129E+02  1.9638E-09
 -4.4000    246.9  1.17631E-03  4.179E+06  4.0117E+02  1.3982E+05  1.0088E+01  5.1471E+01  3.3863E+01  1.5581E+02  1.4909E-09
 -4.5000    250.5  1.14315E-03  4.179E+06  4.0117E+02  1.3982E+05  1.0088E+01  5.1471E+01  3.2625E+01  1.0342E+02  1.1088E-09
 -4.6000    254.2  1.11429E-03  4.179E+06  4.0117E+02  1.3982E+05  1.0088E+01  5.1471E+01  3.1258E+01  6.1362E+01  7.9923E-10
 -4.7000    257.8  1.08923E-03  4.179E+06  4.0117E+02  1.3982E+05  1.0088E+01  5.1471E+01  2.9741E+01  2.7456E+01  5.4753E-10
 -4.8000    261.4  1.06775E-03  4.179E+06  4.0117E+02  1.3982E+05  1.0088E+01  5.1471E+01  2.8059E+01  0.0000E+00  3.4222E-10
