   1.13885117       0.00000000       1.21721268    
  1.2000    103.5  1.05667E+02  5.433E+05  3.8625E+02  1.3741E+05  9.2660E+00  2.6205E+01  5.5706E+00  2.1136E+04  5.8969E-08
  1.1000     86.0  6.16094E+01  5.433E+05  4.0246E+02  1.4279E+05  9.5898E+00  2.6205E+01  5.7838E+00  1.9487E+04  5.4665E-08
  1.0000     70.8  3.46160E+01  5.433E+05  4.1868E+02  1.4818E+05  9.9137E+00  2.6205E+01  5.9307E+00  1.8043E+04  5.0865E-08
  0.9000     57.9  1.86171E+01  5.433E+05  4.3490E+02  1.5357E+05  1.0238E+01  2.6205E+01  6.0030E+00  1.6810E+04  4.7615E-08
  0.8000     47.0  9.45551E+00  5.433E+05  4.5111E+02  1.5896E+05  1.0561E+01  2.6205E+01  5.9848E+00  1.5806E+04  4.5011E-08
  0.7000     38.1  4.40361E+00  5.433E+05  4.6733E+02  1.6435E+05  1.0885E+01  2.6205E+01  5.8496E+00  1.5071E+04  4.3203E-08
  0.6000     31.1  1.72884E+00  5.433E+05  4.8355E+02  1.6973E+05  1.1209E+01  2.6205E+01  5.5590E+00  1.4665E+04  4.2401E-08
  0.5000     25.8  3.51059E-01  5.433E+05  4.9976E+02  1.7512E+05  1.1533E+01  2.6205E+01  5.0664E+00  1.4659E+04  4.2908E-08
  0.4000     22.1  3.08407E-01  5.433E+05  5.1598E+02  1.8051E+05  1.1857E+01  2.6205E+01  4.3409E+00  1.5078E+04  4.4869E-08
  0.3000     19.8  5.75766E-01  5.433E+05  5.3220E+02  1.8590E+05  1.2181E+01  2.6205E+01  3.4020E+00  1.5846E+04  4.8186E-08
  0.2000     18.9  6.25391E-01  5.433E+05  5.4841E+02  1.9129E+05  1.2504E+01  2.6205E+01  2.3187E+00  1.6804E+04  5.2531E-08
  0.1000     19.2  5.65606E-01  5.433E+05  5.6463E+02  1.9667E+05  1.2828E+01  2.6205E+01  1.1675E+00  1.7799E+04  5.7390E-08
  0.0000     20.6  4.48145E-01  5.433E+05  5.8085E+02  2.0206E+05  1.3152E+01  2.6205E+01  0.0000E+00  1.8737E+04  6.2594E-08
 -0.1000     23.0  3.20377E-01  5.433E+05  5.9706E+02  2.0745E+05  1.3476E+01  2.6205E+01  1.1620E+00  1.9580E+04  6.7840E-08
 -0.2000     26.3  2.07215E-01  5.433E+05  6.1328E+02  2.1284E+05  1.3800E+01  2.6205E+01  2.3162E+00  2.0317E+04  7.3013E-08
 -0.3000     30.2  1.15446E-01  5.433E+05  6.2950E+02  2.1823E+05  1.4124E+01  2.6205E+01  3.4710E+00  2.0949E+04  7.8218E-08
 -0.4000     34.8  5.67763E-02  5.433E+05  6.4571E+02  2.2361E+05  1.4448E+01  2.6205E+01  4.6397E+00  2.1483E+04  8.3170E-08
 -0.5000     39.8  2.25582E-02  5.433E+05  6.6193E+02  2.2900E+05  1.4771E+01  2.6205E+01  5.8403E+00  2.1933E+04  8.8100E-08
 -0.6000     45.2  8.75330E-03  5.433E+05  6.7815E+02  2.3439E+05  1.5095E+01  2.6205E+01  7.0931E+00  2.2316E+04  9.2801E-08
 -0.7000     50.8  7.32386E-03  5.433E+05  6.9436E+02  2.3978E+05  1.5419E+01  2.6205E+01  8.4171E+00  2.2655E+04  9.7297E-08
 -0.8000     56.5  1.32798E-02  5.433E+05  7.1058E+02  2.4517E+05  1.5743E+01  2.6205E+01  9.8323E+00  2.2972E+04  1.0188E-07
 -0.9000     62.1  2.13990E-02  5.433E+05  7.2679E+02  2.5055E+05  1.6067E+01  2.6205E+01  1.1350E+01  2.3281E+04  1.0626E-07
 -1.0000     67.7  2.97170E-02  5.433E+05  7.4301E+02  2.5594E+05  1.6391E+01  2.6205E+01  1.2973E+01  2.3584E+04  1.1074E-07
 -1.1000     72.9  3.55452E-02  5.433E+05  7.5923E+02  2.6133E+05  1.6715E+01  2.6205E+01  1.4688E+01  2.3868E+04  1.1498E-07
 -1.2000     77.8  3.83578E-02  5.433E+05  7.7544E+02  2.6672E+05  1.7038E+01  2.6205E+01  1.6466E+01  2.4105E+04  1.1881E-07
 -1.3000     82.1  3.82579E-02  5.433E+05  7.9166E+02  2.7211E+05  1.7362E+01  2.6205E+01  1.8271E+01  2.4259E+04  1.2236E-07
 -1.4000     85.8  3.61037E-02  5.433E+05  8.0788E+02  2.7749E+05  1.7686E+01  2.6205E+01  2.0071E+01  2.4301E+04  1.2511E-07
 -1.5000     88.7  3.24410E-02  5.433E+05  8.2409E+02  2.8288E+05  1.8010E+01  2.6205E+01  2.1843E+01  2.4212E+04  1.2725E-07
 -1.6000     90.7  2.85119E-02  5.433E+05  8.4031E+02  2.8827E+05  1.8334E+01  2.6205E+01  2.3576E+01  2.3987E+04  1.2847E-07
 -1.7000     91.7  2.48363E-02  5.433E+05  8.5653E+02  2.9366E+05  1.8658E+01  2.6205E+01  2.5276E+01  2.3640E+04  1.2881E-07
 -1.8000     91.6  2.11427E-02  5.433E+05  8.7274E+02  2.9905E+05  1.8981E+01  2.6205E+01  2.6959E+01  2.3180E+04  1.2852E-07
 -1.9000     90.3  1.79589E-02  5.433E+05  8.8896E+02  3.0443E+05  1.9305E+01  2.6205E+01  2.8648E+01  2.2622E+04  1.2739E-07
 -2.0000     88.3  1.48403E-02  5.433E+05  9.0518E+02  3.0982E+05  1.9629E+01  2.6205E+01  3.0376E+01  2.1974E+04  1.2570E-07
 -2.1000     86.4  1.20830E-02  5.433E+05  9.2139E+02  3.1521E+05  1.9953E+01  2.6205E+01  3.2175E+01  2.1236E+04  1.2335E-07
 -2.2000     85.1  9.64551E-03  5.433E+05  9.3761E+02  3.2060E+05  2.0277E+01  2.6205E+01  3.4082E+01  2.0409E+04  1.2035E-07
 -2.3000     85.0  7.32182E-03  5.433E+05  9.5383E+02  3.2599E+05  2.0601E+01  2.6205E+01  3.6135E+01  1.9477E+04  1.1674E-07
 -2.4000     86.9  5.34721E-03  5.433E+05  9.7004E+02  3.3137E+05  2.0925E+01  2.6205E+01  3.8373E+01  1.8416E+04  1.1221E-07
 -2.5000     91.3  3.55343E-03  5.433E+05  9.8626E+02  3.3676E+05  2.1248E+01  2.6205E+01  4.0828E+01  1.7196E+04  1.0666E-07
 -2.6000     98.8  2.01273E-03  5.433E+05  1.0025E+03  3.4215E+05  2.1572E+01  2.6205E+01  4.3523E+01  1.5776E+04  9.9681E-08
 -2.7000    110.2  7.17601E-04  5.433E+05  1.0187E+03  3.4754E+05  2.1896E+01  2.6205E+01  4.6454E+01  1.4117E+04  9.0929E-08
 -2.8000    125.9  2.65837E-05  5.433E+05  1.0349E+03  3.5293E+05  2.2220E+01  2.6205E+01  4.9531E+01  1.2314E+04  8.0248E-08
 -2.9000    146.8  3.08869E-04  5.433E+05  1.0511E+03  3.5831E+05  2.2544E+01  2.6205E+01  5.2590E+01  1.0582E+04  6.9307E-08
 -3.0000    173.3  6.98481E-04  5.433E+05  1.0673E+03  3.6370E+05  2.2868E+01  2.6205E+01  5.5469E+01  9.0173E+03  5.9442E-08
 -3.1000    206.1  1.11419E-03  5.433E+05  1.0836E+03  3.6909E+05  2.3191E+01  2.6205E+01  5.8032E+01  7.6102E+03  5.0570E-08
 -3.2000    246.0  1.55991E-03  5.433E+05  1.0998E+03  3.7448E+05  2.3515E+01  2.6205E+01  6.0176E+01  6.3563E+03  4.2657E-08
 -3.3000    293.4  2.07016E-03  5.433E+05  1.1160E+03  3.7987E+05  2.3839E+01  2.6205E+01  6.1844E+01  5.2526E+03  3.5678E-08
 -3.4000    349.0  2.64140E-03  5.433E+05  1.1322E+03  3.8525E+05  2.4163E+01  2.6205E+01  6.3097E+01  4.3030E+03  2.9625E-08
 -3.5000    413.5  3.33114E-03  5.433E+05  1.1484E+03  3.9064E+05  2.4487E+01  2.6205E+01  6.4121E+01  3.5080E+03  2.4543E-08
 -3.6000    487.5  4.15129E-03  5.433E+05  1.1646E+03  3.9603E+05  2.4811E+01  2.6205E+01  6.5184E+01  2.8545E+03  2.0345E-08
 -3.7000    571.7  5.19274E-03  5.433E+05  1.1809E+03  4.0142E+05  2.5135E+01  2.6205E+01  6.6565E+01  2.3251E+03  1.6914E-08
 -3.8000    666.6  6.70091E-03  5.433E+05  1.1971E+03  4.0681E+05  2.5458E+01  2.6205E+01  6.8372E+01  1.8976E+03  1.4109E-08
 -3.9000    772.9  9.13500E-03  5.433E+05  1.2133E+03  4.1219E+05  2.5782E+01  2.6205E+01  7.0343E+01  1.5464E+03  1.1780E-08
 -4.0000    891.2  1.30922E-02  5.433E+05  1.2295E+03  4.1758E+05  2.6106E+01  2.6205E+01  7.1840E+01  1.2476E+03  9.7951E-09
 -4.1000   1022.2  1.90779E-02  5.433E+05  1.2457E+03  4.2297E+05  2.6430E+01  2.6205E+01  7.2190E+01  9.8580E+02  8.0728E-09
 -4.2000   1166.4  2.72062E-02  5.433E+05  1.2619E+03  4.2836E+05  2.6754E+01  2.6205E+01  7.1078E+01  7.5505E+02  6.5772E-09
 -4.3000   1324.6  3.70038E-02  5.433E+05  1.2782E+03  4.3375E+05  2.7078E+01  2.6205E+01  6.8705E+01  5.5629E+02  5.2968E-09
 -4.4000   1497.4  4.65379E-02  5.433E+05  1.2944E+03  4.3913E+05  2.7402E+01  2.6205E+01  6.5543E+01  3.9059E+02  4.2417E-09
 -4.5000   1685.4  5.40581E-02  5.433E+05  1.3106E+03  4.4452E+05  2.7725E+01  2.6205E+01  6.2116E+01  2.5618E+02  3.3904E-09
 -4.6000   1889.2  5.87202E-02  5.433E+05  1.3268E+03  4.4991E+05  2.8049E+01  2.6205E+01  5.8911E+01  1.5027E+02  2.7169E-09
 -4.7000   2109.4  6.59738E-02  5.433E+05  1.3430E+03  4.5530E+05  2.8373E+01  2.6205E+01  5.6035E+01  6.7759E+01  2.1881E-09
 -4.8000   2346.8  9.40004E-02  5.433E+05  1.3592E+03  4.6069E+05  2.8697E+01  2.6205E+01  5.2775E+01  0.0000E+00  1.7623E-09
