  0.958230972       0.00000000       1.03082275    
  1.2000     86.9  8.82573E+01  3.806E+04  2.8371E+03  1.1019E+06  8.0702E+00  2.5428E+01  4.7834E+00  1.7892E+04  4.9777E-08
  1.1000     72.2  5.15302E+01  3.806E+04  2.3316E+03  9.0614E+05  8.3485E+00  2.5428E+01  4.9600E+00  1.6508E+04  4.6164E-08
  1.0000     59.5  2.89880E+01  3.806E+04  1.8870E+03  7.3383E+05  8.6267E+00  2.5428E+01  5.0801E+00  1.5298E+04  4.2983E-08
  0.9000     48.6  1.56071E+01  3.806E+04  1.5004E+03  5.8378E+05  8.9050E+00  2.5428E+01  5.1368E+00  1.4267E+04  4.0272E-08
  0.8000     39.5  7.93048E+00  3.806E+04  1.1685E+03  4.5482E+05  9.1832E+00  2.5428E+01  5.1168E+00  1.3430E+04  3.8109E-08
  0.7000     32.0  3.69151E+00  3.806E+04  8.8843E+02  3.4577E+05  9.4615E+00  2.5428E+01  4.9978E+00  1.2820E+04  3.6619E-08
  0.6000     26.1  1.44438E+00  3.806E+04  6.5703E+02  2.5546E+05  9.7397E+00  2.5428E+01  4.7477E+00  1.2485E+04  3.5976E-08
  0.5000     21.7  2.85255E-01  3.806E+04  4.7125E+02  1.8270E+05  1.0018E+01  2.5428E+01  4.3269E+00  1.2485E+04  3.6431E-08
  0.4000     18.5  2.70790E-01  3.806E+04  3.2803E+02  1.2632E+05  1.0296E+01  2.5428E+01  3.7086E+00  1.2843E+04  3.8110E-08
  0.3000     16.6  4.97467E-01  3.806E+04  2.2430E+02  8.5160E+04  1.0574E+01  2.5428E+01  2.9083E+00  1.3498E+04  4.0936E-08
  0.2000     15.9  5.40390E-01  3.806E+04  1.5698E+02  5.8029E+04  1.0853E+01  2.5428E+01  1.9834E+00  1.4315E+04  4.4638E-08
  0.1000     16.1  4.90224E-01  3.806E+04  1.2303E+02  4.3755E+04  1.1131E+01  2.5428E+01  9.9917E-01  1.5166E+04  4.8782E-08
  0.0000     17.3  3.90446E-01  3.806E+04  1.1936E+02  4.1163E+04  1.1409E+01  2.5428E+01  0.0000E+00  1.5970E+04  5.3222E-08
 -0.1000     19.3  2.81320E-01  3.806E+04  1.4291E+02  4.9078E+04  1.1687E+01  2.5428E+01  9.9495E-01  1.6694E+04  5.7703E-08
 -0.2000     22.0  1.84155E-01  3.806E+04  1.9062E+02  6.6325E+04  1.1966E+01  2.5428E+01  1.9835E+00  1.7329E+04  6.2125E-08
 -0.3000     25.3  1.04825E-01  3.806E+04  2.5941E+02  9.1728E+04  1.2244E+01  2.5428E+01  2.9728E+00  1.7874E+04  6.6579E-08
 -0.4000     29.1  5.37570E-02  3.806E+04  3.4623E+02  1.2411E+05  1.2522E+01  2.5428E+01  3.9743E+00  1.8338E+04  7.0823E-08
 -0.5000     33.3  2.35684E-02  3.806E+04  4.4800E+02  1.6230E+05  1.2800E+01  2.5428E+01  5.0035E+00  1.8731E+04  7.5057E-08
 -0.6000     37.8  1.09906E-02  3.806E+04  5.6166E+02  2.0512E+05  1.3079E+01  2.5428E+01  6.0782E+00  1.9068E+04  7.9102E-08
 -0.7000     42.5  9.16731E-03  3.806E+04  6.8413E+02  2.5139E+05  1.3357E+01  2.5428E+01  7.2146E+00  1.9369E+04  8.2984E-08
 -0.8000     47.3  1.37486E-02  3.806E+04  8.1236E+02  2.9995E+05  1.3635E+01  2.5428E+01  8.4301E+00  1.9652E+04  8.6950E-08
 -0.9000     52.0  2.03462E-02  3.806E+04  9.4327E+02  3.4960E+05  1.3913E+01  2.5428E+01  9.7348E+00  1.9930E+04  9.0751E-08
 -1.0000     56.7  2.71919E-02  3.806E+04  1.0738E+03  3.9919E+05  1.4192E+01  2.5428E+01  1.1130E+01  2.0204E+04  9.4645E-08
 -1.1000     61.1  3.19885E-02  3.806E+04  1.2009E+03  4.4753E+05  1.4470E+01  2.5428E+01  1.2606E+01  2.0462E+04  9.8342E-08
 -1.2000     65.1  3.42634E-02  3.806E+04  1.3215E+03  4.9344E+05  1.4748E+01  2.5428E+01  1.4137E+01  2.0680E+04  1.0170E-07
 -1.3000     68.8  3.40461E-02  3.806E+04  1.4325E+03  5.3576E+05  1.5027E+01  2.5428E+01  1.5692E+01  2.0829E+04  1.0483E-07
 -1.4000     71.9  3.20843E-02  3.806E+04  1.5308E+03  5.7331E+05  1.5305E+01  2.5428E+01  1.7244E+01  2.0882E+04  1.0728E-07
 -1.5000     74.3  2.88291E-02  3.806E+04  1.6134E+03  6.0490E+05  1.5583E+01  2.5428E+01  1.8772E+01  2.0823E+04  1.0921E-07
 -1.6000     76.0  2.53771E-02  3.806E+04  1.6773E+03  6.2938E+05  1.5861E+01  2.5428E+01  2.0269E+01  2.0648E+04  1.1036E-07
 -1.7000     76.8  2.21538E-02  3.806E+04  1.7193E+03  6.4555E+05  1.6139E+01  2.5428E+01  2.1741E+01  2.0369E+04  1.1077E-07
 -1.8000     76.7  1.89199E-02  3.806E+04  1.7363E+03  6.5225E+05  1.6418E+01  2.5428E+01  2.3200E+01  1.9996E+04  1.1065E-07
 -1.9000     75.6  1.61369E-02  3.806E+04  1.7280E+03  6.4930E+05  1.6696E+01  2.5428E+01  2.4670E+01  1.9539E+04  1.0981E-07
 -2.0000     74.0  1.33948E-02  3.806E+04  1.7044E+03  6.4057E+05  1.6974E+01  2.5428E+01  2.6177E+01  1.9006E+04  1.0851E-07
 -2.1000     72.4  1.09666E-02  3.806E+04  1.6781E+03  6.3093E+05  1.7253E+01  2.5428E+01  2.7749E+01  1.8398E+04  1.0665E-07
 -2.2000     71.3  8.81894E-03  3.806E+04  1.6617E+03  6.2523E+05  1.7531E+01  2.5428E+01  2.9420E+01  1.7716E+04  1.0425E-07
 -2.3000     71.2  6.75945E-03  3.806E+04  1.6680E+03  6.2835E+05  1.7809E+01  2.5428E+01  3.1222E+01  1.6945E+04  1.0136E-07
 -2.4000     72.8  5.00451E-03  3.806E+04  1.7094E+03  6.4514E+05  1.8087E+01  2.5428E+01  3.3193E+01  1.6066E+04  9.7691E-08
 -2.5000     76.5  3.40878E-03  3.806E+04  1.7988E+03  6.8049E+05  1.8366E+01  2.5428E+01  3.5367E+01  1.5050E+04  9.3158E-08
 -2.6000     82.8  2.03819E-03  3.806E+04  1.9487E+03  7.3925E+05  1.8644E+01  2.5428E+01  3.7773E+01  1.3862E+04  8.7408E-08
 -2.7000     92.3  8.87858E-04  3.806E+04  2.1718E+03  8.2628E+05  1.8922E+01  2.5428E+01  4.0425E+01  1.2468E+04  8.0131E-08
 -2.8000    105.5  2.73759E-04  3.806E+04  2.4807E+03  9.4646E+05  1.9200E+01  2.5428E+01  4.3260E+01  1.0942E+04  7.1147E-08
 -2.9000    123.0  2.78391E-05  3.806E+04  2.8880E+03  1.1047E+06  1.9479E+01  2.5428E+01  4.6129E+01  9.4659E+03  6.1850E-08
 -3.0000    145.2  3.79808E-04  3.806E+04  3.4065E+03  1.3057E+06  1.9757E+01  2.5428E+01  4.8880E+01  8.1204E+03  5.3389E-08
 -3.1000    172.8  7.52330E-04  3.806E+04  4.0487E+03  1.5545E+06  2.0035E+01  2.5428E+01  5.1382E+01  6.8981E+03  4.5702E-08
 -3.2000    206.2  1.13388E-03  3.806E+04  4.8274E+03  1.8560E+06  2.0313E+01  2.5428E+01  5.3527E+01  5.7971E+03  3.8771E-08
 -3.3000    245.9  1.54072E-03  3.806E+04  5.7551E+03  2.2149E+06  2.0591E+01  2.5428E+01  5.5236E+01  4.8173E+03  3.2590E-08
 -3.4000    292.6  1.96911E-03  3.806E+04  6.8445E+03  2.6361E+06  2.0870E+01  2.5428E+01  5.6518E+01  3.9647E+03  2.7167E-08
 -3.5000    346.6  2.49434E-03  3.806E+04  8.1082E+03  3.1245E+06  2.1148E+01  2.5428E+01  5.7464E+01  3.2413E+03  2.2558E-08
 -3.6000    408.7  3.11670E-03  3.806E+04  9.5589E+03  3.6851E+06  2.1426E+01  2.5428E+01  5.8231E+01  2.6374E+03  1.8701E-08
 -3.7000    479.2  3.84356E-03  3.806E+04  1.1209E+04  4.3225E+06  2.1705E+01  2.5428E+01  5.9052E+01  2.1417E+03  1.5516E-08
 -3.8000    558.8  4.75264E-03  3.806E+04  1.3072E+04  5.0418E+06  2.1983E+01  2.5428E+01  6.0149E+01  1.7400E+03  1.2910E-08
 -3.9000    647.8  6.03849E-03  3.806E+04  1.5159E+04  5.8477E+06  2.2261E+01  2.5428E+01  6.1579E+01  1.4151E+03  1.0774E-08
 -4.0000    747.0  8.05346E-03  3.806E+04  1.7485E+04  6.7452E+06  2.2539E+01  2.5428E+01  6.3085E+01  1.1471E+03  8.9937E-09
 -4.1000    856.8  1.12522E-02  3.806E+04  2.0060E+04  7.7391E+06  2.2818E+01  2.5428E+01  6.4099E+01  9.1795E+02  7.4698E-09
 -4.2000    977.8  1.60569E-02  3.806E+04  2.2898E+04  8.8342E+06  2.3096E+01  2.5428E+01  6.4019E+01  7.1594E+02  6.1394E-09
 -4.3000   1110.4  2.28853E-02  3.806E+04  2.6012E+04  1.0036E+07  2.3374E+01  2.5428E+01  6.2588E+01  5.3801E+02  4.9766E-09
 -4.4000   1255.2  3.11863E-02  3.806E+04  2.9414E+04  1.1348E+07  2.3652E+01  2.5428E+01  5.9963E+01  3.8479E+02  3.9942E-09
 -4.5000   1412.8  3.97654E-02  3.806E+04  3.3116E+04  1.2776E+07  2.3931E+01  2.5428E+01  5.6526E+01  2.5591E+02  3.1816E-09
 -4.6000   1583.6  4.71552E-02  3.806E+04  3.7132E+04  1.4325E+07  2.4209E+01  2.5428E+01  5.2710E+01  1.5021E+02  2.5237E-09
 -4.7000   1768.2  5.22827E-02  3.806E+04  4.1474E+04  1.5999E+07  2.4487E+01  2.5428E+01  4.8928E+01  6.5812E+01  2.0019E-09
 -4.8000   1967.1  5.66198E-02  3.806E+04  4.6155E+04  1.7804E+07  2.4765E+01  2.5428E+01  4.5465E+01  0.0000E+00  1.5952E-09
